04/13/2016 02:18:08 [ 7] DEBUG  PlayerConnection              : Using Local Settings.
04/13/2016 02:18:09 [ 7] DEBUG  PlayerConnection              : Starting Application. 
04/13/2016 02:18:09 [ 7] DEBUG  PlayerConnection              : Initializing Subsystem
04/13/2016 02:18:09 [ 7] DEBUG  PlayerProcess                 : Initializeing Player Subsystem.
04/13/2016 02:18:09 [ 7] DEBUG  PlayerConnection              : Initializing Player
04/13/2016 02:18:09 [ 7] DEBUG  PlayerProcess                 : Initializing Player Details.
04/13/2016 02:18:09 [ 7] INFO   BackgroundThread              : Starting 
04/13/2016 02:18:09 [10] INFO   BackgroundThread              : Starting 
04/13/2016 02:18:09 [10] DEBUG  PlayerProcess                 : In Process Login function.
04/13/2016 02:18:09 [10] DEBUG  ConversationFactory           : Creating Conversation of type LoginConversation
04/13/2016 02:18:09 [10] DEBUG  Dispatcher                    : Adding Conversation Player.Conversation.LoginConversation, 0.1
04/13/2016 02:18:09 [10] DEBUG  Dispatcher                    :       New Queue ID: 0.1
04/13/2016 02:18:09 [10] INFO   BackgroundThread              : Starting 
04/13/2016 02:18:11 [12] DEBUG  LoginConversation             : Creating login request. 
04/13/2016 02:18:11 [12] DEBUG  InitiatedConversation         : LoginConversation, ConversationID: 0.1: Conversation Id  for Initiated conversation: 0.1
04/13/2016 02:18:11 [12] DEBUG  Conversation                  : LoginConversation, ConversationID: 0.1: Setting Message IDs
04/13/2016 02:18:11 [12] DEBUG  Conversation                  : LoginConversation, ConversationID: 0.1: Conversation is initiating send.
04/13/2016 02:18:11 [12] DEBUG  PostMan                       : Sending UDP (Messages.RequestMessages.LoginRequest, MessageID: 0.1, ConversationID: 0.1)
Endpoint: 127.0.0.1:12000
JSON: {"__type":"LoginRequest:#Messages.RequestMessages","ConvId":{"Pid":0,"Seq":1},"MsgId":{"Pid":0,"Seq":1},"Identity":{"ANumber":"A00000001","Alias":"The Instructor","FirstName":"The","LastName":"Instructor"},"ProcessLabel":"The Instructor","ProcessType":3,"PublicKey":null}
04/13/2016 02:18:11 [12] DEBUG  PostMan                       : Message Delivered
04/13/2016 02:18:11 [11] DEBUG  PostMan                       : Received UDP (Messages.ReplyMessages.LoginReply, MessageID: 1.1964, ConversationID: 0.1)
JSON: {"__type":"LoginReply:#Messages.ReplyMessages","ConvId":{"Pid":0,"Seq":1},"MsgId":{"Pid":1,"Seq":1964},"Note":"Logged in","Success":true,"PennyBankEndPoint":{"Host":"127.0.0.1","Port":12003},"PennyBankPublicKey":null,"ProcessInfo":{"EndPoint":{"Host":"127.0.0.1","Port":10000},"Label":"The Instructor","ProcessId":20,"Status":3,"Type":3},"ProxyEndPoint":{"Host":"127.0.0.1","Port":12002}}
04/13/2016 02:18:11 [12] DEBUG  Conversation                  : LoginConversation, ConversationID: 0.1: Send succeeded.
04/13/2016 02:18:11 [13] INFO   ispatcher+<>c__DisplayClass7_0: New Message Received: (Messages.ReplyMessages.LoginReply)
04/13/2016 02:18:11 [13] INFO   ispatcher+<>c__DisplayClass7_0: MessageId: 1.1964ConversationId: 0.1
04/13/2016 02:18:11 [13] DEBUG  Dispatcher                    : Successsfully queued a new message of type LoginReply, for conversation: 0.1
04/13/2016 02:18:11 [12] DEBUG  Conversation                  : LoginConversation, ConversationID: 0.1: Message available!
04/13/2016 02:18:11 [12] DEBUG  Conversation                  : LoginConversation, ConversationID: 0.1: Message available!
04/13/2016 02:18:11 [12] DEBUG  Conversation                  : LoginConversation, ConversationID: 0.1: Received Message is valid
04/13/2016 02:18:11 [12] DEBUG  Conversation                  : Received a Message of type: LoginReply
04/13/2016 02:18:11 [12] DEBUG  LoginConversation             : Proxy endpoint is 127.0.0.1:12003
04/13/2016 02:18:11 [12] INFO   Conversation                  : Conversation Succeeded
04/13/2016 02:18:11 [12] INFO   Conversation                  : Conversation Succeeded
04/13/2016 02:18:11 [10] DEBUG  PlayerProcess                 : In Process GetGameList function.
04/13/2016 02:18:11 [10] DEBUG  ConversationFactory           : Creating Conversation of type GameListConversation
04/13/2016 02:18:11 [10] DEBUG  Dispatcher                    : Adding Conversation Player.Conversation.GameListConversation, 20.2
04/13/2016 02:18:11 [10] DEBUG  Dispatcher                    :       New Queue ID: 20.2
04/13/2016 02:18:11 [10] INFO   BackgroundThread              : Starting 
04/13/2016 02:18:12 [11] DEBUG  PostMan                       : Received UDP (Messages.RequestMessages.AliveRequest, MessageID: 1.1968, ConversationID: 1.1968)
JSON: {"__type":"AliveRequest:#Messages.RequestMessages","ConvId":{"Pid":1,"Seq":1968},"MsgId":{"Pid":1,"Seq":1968}}
04/13/2016 02:18:12 [13] INFO   ispatcher+<>c__DisplayClass7_0: New Message Received: (Messages.RequestMessages.AliveRequest)
04/13/2016 02:18:12 [13] INFO   ispatcher+<>c__DisplayClass7_0: MessageId: 1.1968ConversationId: 1.1968
04/13/2016 02:18:12 [13] DEBUG  Dispatcher                    : Conversation  with id= 1.1968 does not exist, trying to create new conversation.
04/13/2016 02:18:12 [13] DEBUG  ConversationFactory           : Creating Conversation of type AliveConversation
04/13/2016 02:18:12 [13] DEBUG  Dispatcher                    : Adding Conversation Player.Conversation.AliveConversation, 1.1968
04/13/2016 02:18:12 [13] DEBUG  Dispatcher                    :       New Queue ID: 1.1968
04/13/2016 02:18:12 [13] DEBUG  Dispatcher                    : Successsfully queued a new message of type AliveRequest, for conversation: 1.1968
04/13/2016 02:18:12 [13] INFO   BackgroundThread              : Starting 
04/13/2016 02:18:12 [15] DEBUG  Conversation                  : AliveConversation, ConversationID: 1.1968: Message available!
04/13/2016 02:18:12 [15] DEBUG  Conversation                  : AliveConversation, ConversationID: 1.1968: Message available!
04/13/2016 02:18:12 [15] DEBUG  Conversation                  : AliveConversation, ConversationID: 1.1968: Message available!
04/13/2016 02:18:12 [15] DEBUG  Conversation                  : AliveConversation, ConversationID: 1.1968: Received Message is valid
04/13/2016 02:18:12 [15] DEBUG  Conversation                  : Received a Message of type: AliveRequest
04/13/2016 02:18:12 [15] DEBUG  AliveConversation             : Creating Alive Response
04/13/2016 02:18:12 [15] DEBUG  ResponseConversation          : AliveConversation, ConversationID: 1.1968: Conversation Id  for Response conversation: 1.1968
04/13/2016 02:18:12 [15] DEBUG  Conversation                  : AliveConversation, ConversationID: 1.1968: Setting Message IDs
04/13/2016 02:18:12 [15] DEBUG  Conversation                  : AliveConversation, ConversationID: 1.1968: Conversation is initiating send.
04/13/2016 02:18:12 [15] DEBUG  PostMan                       : Sending UDP (Messages.ReplyMessages.Reply, MessageID: 20.3, ConversationID: 1.1968)
Endpoint: 127.0.0.1:12000
JSON: {"__type":"Reply:#Messages.ReplyMessages","ConvId":{"Pid":1,"Seq":1968},"MsgId":{"Pid":20,"Seq":3},"Note":"I'm Alive","Success":true}
04/13/2016 02:18:12 [15] DEBUG  PostMan                       : Message Delivered
04/13/2016 02:18:12 [15] DEBUG  Conversation                  : AliveConversation, ConversationID: 1.1968: Send succeeded.
04/13/2016 02:18:14 [12] DEBUG  GameListConversation          : Queuing game list request. 
04/13/2016 02:18:14 [12] DEBUG  InitiatedConversation         : GameListConversation, ConversationID: 20.2: Conversation Id  for Initiated conversation: 20.2
04/13/2016 02:18:14 [12] DEBUG  Conversation                  : GameListConversation, ConversationID: 20.2: Setting Message IDs
04/13/2016 02:18:14 [12] DEBUG  Conversation                  : GameListConversation, ConversationID: 20.2: Conversation is initiating send.
04/13/2016 02:18:14 [12] DEBUG  PostMan                       : Sending UDP (Messages.RequestMessages.GameListRequest, MessageID: 20.2, ConversationID: 20.2)
Endpoint: 127.0.0.1:12000
JSON: {"__type":"GameListRequest:#Messages.RequestMessages","ConvId":{"Pid":20,"Seq":2},"MsgId":{"Pid":20,"Seq":2},"StatusFilter":4}
04/13/2016 02:18:14 [12] DEBUG  PostMan                       : Message Delivered
04/13/2016 02:18:14 [12] DEBUG  Conversation                  : GameListConversation, ConversationID: 20.2: Send succeeded.
04/13/2016 02:18:14 [11] DEBUG  PostMan                       : Received UDP (Messages.ReplyMessages.GameListReply, MessageID: 1.1969, ConversationID: 20.2)
JSON: {"__type":"GameListReply:#Messages.ReplyMessages","ConvId":{"Pid":20,"Seq":2},"MsgId":{"Pid":1,"Seq":1969},"Note":null,"Success":true,"GameInfo":[{"CurrentProcesses":[{"HasUmbrellaRaised":false,"HitPoints":0,"LifePoints":100,"ProcessId":18,"Type":4},{"HasUmbrellaRaised":false,"HitPoints":0,"LifePoints":100,"ProcessId":19,"Type":5}],"GameId":17,"GameManagerId":13,"Label":"GM49276's 2nd Game","MaxPlayers":3,"MinPlayers":3,"StartingPlayers":[],"Status":4,"Winners":null}]}
04/13/2016 02:18:14 [13] INFO   ispatcher+<>c__DisplayClass7_0: New Message Received: (Messages.ReplyMessages.GameListReply)
04/13/2016 02:18:14 [13] INFO   ispatcher+<>c__DisplayClass7_0: MessageId: 1.1969ConversationId: 20.2
04/13/2016 02:18:14 [13] DEBUG  Dispatcher                    : Successsfully queued a new message of type GameListReply, for conversation: 20.2
04/13/2016 02:18:14 [12] DEBUG  Conversation                  : GameListConversation, ConversationID: 20.2: Message available!
04/13/2016 02:18:14 [12] DEBUG  Conversation                  : GameListConversation, ConversationID: 20.2: Message available!
04/13/2016 02:18:14 [12] DEBUG  Conversation                  : GameListConversation, ConversationID: 20.2: Received Message is valid
04/13/2016 02:18:14 [12] DEBUG  Conversation                  : Received a Message of type: GameListReply
04/13/2016 02:18:14 [12] INFO   Conversation                  : Conversation Succeeded
04/13/2016 02:18:14 [12] INFO   Conversation                  : Conversation Succeeded
04/13/2016 02:18:14 [10] DEBUG  PlayerProcess                 : In Process JoinGame function.
04/13/2016 02:18:14 [10] DEBUG  ConversationFactory           : Creating Conversation of type JoinGameConversation
04/13/2016 02:18:14 [10] DEBUG  Dispatcher                    : Adding Conversation Player.Conversation.JoinGameConversation, 20.4
04/13/2016 02:18:14 [10] DEBUG  Dispatcher                    :       New Queue ID: 20.4
04/13/2016 02:18:14 [10] INFO   BackgroundThread              : Starting 
04/13/2016 02:18:16 [13] DEBUG  JoinGameConversation          : Queuing join game request. 
04/13/2016 02:18:16 [13] DEBUG  JoinGameConversation          : Requesting GameId: 17
04/13/2016 02:18:16 [13] DEBUG  Conversation                  : JoinGameConversation, ConversationID: 20.4: Message is routing message
04/13/2016 02:18:16 [13] DEBUG  InitiatedConversation         : JoinGameConversation, ConversationID: 20.4: Conversation Id  for Initiated conversation: 20.4
04/13/2016 02:18:16 [13] DEBUG  Conversation                  : JoinGameConversation, ConversationID: 20.4: Setting Message IDs
04/13/2016 02:18:16 [13] DEBUG  Conversation                  : JoinGameConversation, ConversationID: 20.4: Conversation is initiating send.
04/13/2016 02:18:16 [13] DEBUG  PostMan                       : Sending UDP (Messages.Routing, MessageID: 20.4, ConversationID: 20.4)
Endpoint: 127.0.0.1:12002
JSON: {"__type":"Routing:#Messages","ConvId":{"Pid":20,"Seq":4},"MsgId":{"Pid":20,"Seq":4},"InnerMessage":{"__type":"JoinGameRequest:#Messages.RequestMessages","ConvId":{"Pid":20,"Seq":4},"MsgId":{"Pid":20,"Seq":4},"GameId":17,"Process":{"EndPoint":{"Host":"127.0.0.1","Port":10000},"Label":"The Instructor","ProcessId":20,"Status":4,"Type":3}},"ToProcessIds":[13]}
04/13/2016 02:18:16 [13] DEBUG  PostMan                       : Message Delivered
04/13/2016 02:18:16 [13] DEBUG  Conversation                  : JoinGameConversation, ConversationID: 20.4: Send succeeded.
04/13/2016 02:18:16 [11] DEBUG  PostMan                       : Received UDP (Messages.Routing, MessageID: 13.1111, ConversationID: 20.4)
JSON: {"__type":"Routing:#Messages","ConvId":{"Pid":20,"Seq":4},"MsgId":{"Pid":13,"Seq":1111},"InnerMessage":{"__type":"JoinGameReply:#Messages.ReplyMessages","ConvId":{"Pid":20,"Seq":4},"MsgId":{"Pid":13,"Seq":1111},"Note":null,"Success":true,"GameId":17,"InitialLifePoints":100},"ToProcessIds":[20]}
04/13/2016 02:18:17 [12] INFO   ispatcher+<>c__DisplayClass7_0: New Message Received: (Messages.Routing)
04/13/2016 02:18:17 [12] INFO   ispatcher+<>c__DisplayClass7_0: MessageId: 13.1111ConversationId: 20.4
04/13/2016 02:18:17 [12] DEBUG  Dispatcher                    : Successsfully queued a new message of type Routing, for conversation: 20.4
04/13/2016 02:18:17 [13] DEBUG  Conversation                  : JoinGameConversation, ConversationID: 20.4: Message available!
04/13/2016 02:18:17 [13] DEBUG  Conversation                  : JoinGameConversation, ConversationID: 20.4: Message available!
04/13/2016 02:18:17 [13] DEBUG  Conversation                  : JoinGameConversation, ConversationID: 20.4: Received Message is valid
04/13/2016 02:18:17 [13] DEBUG  Conversation                  : Received a Message of type: Routing
04/13/2016 02:18:17 [13] INFO   Conversation                  : Conversation Succeeded
04/13/2016 02:18:17 [13] INFO   Conversation                  : Conversation Succeeded
04/13/2016 02:18:17 [11] DEBUG  PostMan                       : Received UDP (Messages.RequestMessages.AllowanceDeliveryRequest, MessageID: 1.1972, ConversationID: 1.1972)
JSON: {"__type":"AllowanceDeliveryRequest:#Messages.RequestMessages","ConvId":{"Pid":1,"Seq":1972},"MsgId":{"Pid":1,"Seq":1972},"NumberOfPennies":400,"PortNumber":12999}
04/13/2016 02:18:17 [12] INFO   ispatcher+<>c__DisplayClass7_0: New Message Received: (Messages.RequestMessages.AllowanceDeliveryRequest)
04/13/2016 02:18:17 [12] INFO   ispatcher+<>c__DisplayClass7_0: MessageId: 1.1972ConversationId: 1.1972
04/13/2016 02:18:17 [12] DEBUG  Dispatcher                    : Conversation  with id= 1.1972 does not exist, trying to create new conversation.
04/13/2016 02:18:17 [12] DEBUG  ConversationFactory           : Creating Conversation of type AllowanceDeliveryConversation
04/13/2016 02:18:17 [12] DEBUG  Dispatcher                    : Adding Conversation Player.Conversation.AllowanceDeliveryConversation, 1.1972
04/13/2016 02:18:17 [12] DEBUG  Dispatcher                    :       New Queue ID: 1.1972
04/13/2016 02:18:17 [12] DEBUG  Dispatcher                    : Successsfully queued a new message of type AllowanceDeliveryRequest, for conversation: 1.1972
04/13/2016 02:18:17 [12] INFO   BackgroundThread              : Starting 
04/13/2016 02:18:17 [14] DEBUG  Conversation                  : AllowanceDeliveryConversation, ConversationID: 1.1972: Message available!
04/13/2016 02:18:17 [14] DEBUG  Conversation                  : AllowanceDeliveryConversation, ConversationID: 1.1972: Message available!
04/13/2016 02:18:18 [14] DEBUG  Conversation                  : AllowanceDeliveryConversation, ConversationID: 1.1972: Message available!
04/13/2016 02:18:18 [14] DEBUG  Conversation                  : AllowanceDeliveryConversation, ConversationID: 1.1972: Received Message is valid
04/13/2016 02:18:18 [14] DEBUG  Conversation                  : Received a Message of type: AllowanceDeliveryRequest
04/13/2016 02:18:18 [14] DEBUG  AllowanceDeliveryConversation : Received Allowance Delivery Request. 
04/13/2016 02:18:18 [14] DEBUG  TCPSocket                     : Destination Endpoint is: 127.0.0.1:12999
04/13/2016 02:18:18 [14] DEBUG  TCPSocket                     : Opening Remote TCP Connection
04/13/2016 02:18:18 [14] DEBUG  TCPSocket                     : TCP Socket connected to 127.0.0.1:12999
04/13/2016 02:18:18 [14] INFO   ersation+<>c__DisplayClass12_0: IN TCP RECEIVE!!!!
04/13/2016 02:18:18 [14] DEBUG  NetworkStreamExtensions       : In ReadStreamMessage, with stream.ReadTimeout=10000
04/13/2016 02:18:18 [14] DEBUG  NetworkStreamExtensions       : Try to read 4 length bytes, with stream.CanRead=True and stream.ReadTimeout=10000
04/13/2016 02:18:18 [14] DEBUG  NetworkStreamExtensions       : Length bytes read = 4
04/13/2016 02:18:18 [14] DEBUG  NetworkStreamExtensions       : Incoming message will be 35 bytes
04/13/2016 02:18:18 [14] DEBUG  NetworkStreamExtensions       : Try to read 35 length bytes, with stream.CanRead=True and stream.ReadTimeout=10000
04/13/2016 02:18:18 [14] DEBUG  NetworkStreamExtensions       : Message bytes read = 35
04/13/2016 02:18:18 [14] DEBUG  NetworkStreamExtensions       : In ReadStreamMessage, with stream.ReadTimeout=10000
04/13/2016 02:18:18 [14] DEBUG  NetworkStreamExtensions       : Try to read 4 length bytes, with stream.CanRead=True and stream.ReadTimeout=10000
04/13/2016 02:18:18 [14] DEBUG  NetworkStreamExtensions       : Length bytes read = 4
04/13/2016 02:18:18 [14] DEBUG  NetworkStreamExtensions       : Incoming message will be 35 bytes
04/13/2016 02:18:18 [14] DEBUG  NetworkStreamExtensions       : Try to read 35 length bytes, with stream.CanRead=True and stream.ReadTimeout=10000
04/13/2016 02:18:18 [14] DEBUG  NetworkStreamExtensions       : Message bytes read = 35
04/13/2016 02:18:18 [14] DEBUG  NetworkStreamExtensions       : In ReadStreamMessage, with stream.ReadTimeout=10000
04/13/2016 02:18:18 [14] DEBUG  NetworkStreamExtensions       : Try to read 4 length bytes, with stream.CanRead=True and stream.ReadTimeout=10000
04/13/2016 02:18:18 [14] DEBUG  NetworkStreamExtensions       : Length bytes read = 4
04/13/2016 02:18:18 [14] DEBUG  NetworkStreamExtensions       : Incoming message will be 35 bytes
04/13/2016 02:18:18 [14] DEBUG  NetworkStreamExtensions       : Try to read 35 length bytes, with stream.CanRead=True and stream.ReadTimeout=10000
04/13/2016 02:18:18 [14] DEBUG  NetworkStreamExtensions       : Message bytes read = 35
04/13/2016 02:18:18 [14] DEBUG  NetworkStreamExtensions       : In ReadStreamMessage, with stream.ReadTimeout=10000
04/13/2016 02:18:18 [14] DEBUG  NetworkStreamExtensions       : Try to read 4 length bytes, with stream.CanRead=True and stream.ReadTimeout=10000
04/13/2016 02:18:18 [14] DEBUG  NetworkStreamExtensions       : Length bytes read = 4
04/13/2016 02:18:18 [14] DEBUG  NetworkStreamExtensions       : Incoming message will be 35 bytes
04/13/2016 02:18:18 [14] DEBUG  NetworkStreamExtensions       : Try to read 35 length bytes, with stream.CanRead=True and stream.ReadTimeout=10000
04/13/2016 02:18:18 [14] DEBUG  NetworkStreamExtensions       : Message bytes read = 35
04/13/2016 02:18:18 [14] DEBUG  NetworkStreamExtensions       : In ReadStreamMessage, with stream.ReadTimeout=10000
04/13/2016 02:18:18 [14] DEBUG  NetworkStreamExtensions       : Try to read 4 length bytes, with stream.CanRead=True and stream.ReadTimeout=10000
04/13/2016 02:18:18 [14] DEBUG  NetworkStreamExtensions       : Length bytes read = 4
04/13/2016 02:18:18 [14] DEBUG  NetworkStreamExtensions       : Incoming message will be 35 bytes
04/13/2016 02:18:18 [14] DEBUG  NetworkStreamExtensions       : Try to read 35 length bytes, with stream.CanRead=True and stream.ReadTimeout=10000
04/13/2016 02:18:18 [14] DEBUG  NetworkStreamExtensions       : Message bytes read = 35
04/13/2016 02:18:18 [14] DEBUG  NetworkStreamExtensions       : In ReadStreamMessage, with stream.ReadTimeout=10000
04/13/2016 02:18:18 [14] DEBUG  NetworkStreamExtensions       : Try to read 4 length bytes, with stream.CanRead=True and stream.ReadTimeout=10000
04/13/2016 02:18:18 [14] DEBUG  NetworkStreamExtensions       : Length bytes read = 4
04/13/2016 02:18:18 [14] DEBUG  NetworkStreamExtensions       : Incoming message will be 35 bytes
04/13/2016 02:18:18 [14] DEBUG  NetworkStreamExtensions       : Try to read 35 length bytes, with stream.CanRead=True and stream.ReadTimeout=10000
04/13/2016 02:18:18 [14] DEBUG  NetworkStreamExtensions       : Message bytes read = 35
04/13/2016 02:18:18 [14] DEBUG  NetworkStreamExtensions       : In ReadStreamMessage, with stream.ReadTimeout=10000
04/13/2016 02:18:18 [14] DEBUG  NetworkStreamExtensions       : Try to read 4 length bytes, with stream.CanRead=True and stream.ReadTimeout=10000
04/13/2016 02:18:18 [14] DEBUG  NetworkStreamExtensions       : Length bytes read = 4
04/13/2016 02:18:18 [14] DEBUG  NetworkStreamExtensions       : Incoming message will be 35 bytes
04/13/2016 02:18:18 [14] DEBUG  NetworkStreamExtensions       : Try to read 35 length bytes, with stream.CanRead=True and stream.ReadTimeout=10000
04/13/2016 02:18:19 [14] DEBUG  NetworkStreamExtensions       : Message bytes read = 35
04/13/2016 02:18:19 [14] DEBUG  NetworkStreamExtensions       : In ReadStreamMessage, with stream.ReadTimeout=10000
04/13/2016 02:18:19 [14] DEBUG  NetworkStreamExtensions       : Try to read 4 length bytes, with stream.CanRead=True and stream.ReadTimeout=10000
04/13/2016 02:18:19 [14] DEBUG  NetworkStreamExtensions       : Length bytes read = 4
04/13/2016 02:18:19 [14] DEBUG  NetworkStreamExtensions       : Incoming message will be 35 bytes
04/13/2016 02:18:19 [14] DEBUG  NetworkStreamExtensions       : Try to read 35 length bytes, with stream.CanRead=True and stream.ReadTimeout=10000
04/13/2016 02:18:19 [14] DEBUG  NetworkStreamExtensions       : Message bytes read = 35
04/13/2016 02:18:19 [14] DEBUG  NetworkStreamExtensions       : In ReadStreamMessage, with stream.ReadTimeout=10000
04/13/2016 02:18:19 [14] DEBUG  NetworkStreamExtensions       : Try to read 4 length bytes, with stream.CanRead=True and stream.ReadTimeout=10000
04/13/2016 02:18:19 [14] DEBUG  NetworkStreamExtensions       : Length bytes read = 4
04/13/2016 02:18:19 [14] DEBUG  NetworkStreamExtensions       : Incoming message will be 35 bytes
04/13/2016 02:18:19 [14] DEBUG  NetworkStreamExtensions       : Try to read 35 length bytes, with stream.CanRead=True and stream.ReadTimeout=10000
04/13/2016 02:18:19 [14] DEBUG  NetworkStreamExtensions       : Message bytes read = 35
04/13/2016 02:18:19 [14] DEBUG  NetworkStreamExtensions       : In ReadStreamMessage, with stream.ReadTimeout=10000
04/13/2016 02:18:19 [14] DEBUG  NetworkStreamExtensions       : Try to read 4 length bytes, with stream.CanRead=True and stream.ReadTimeout=10000
04/13/2016 02:18:19 [14] DEBUG  NetworkStreamExtensions       : Length bytes read = 4
04/13/2016 02:18:19 [14] DEBUG  NetworkStreamExtensions       : Incoming message will be 35 bytes
04/13/2016 02:18:19 [14] DEBUG  NetworkStreamExtensions       : Try to read 35 length bytes, with stream.CanRead=True and stream.ReadTimeout=10000
04/13/2016 02:18:19 [14] DEBUG  NetworkStreamExtensions       : Message bytes read = 35
04/13/2016 02:18:19 [14] DEBUG  NetworkStreamExtensions       : In ReadStreamMessage, with stream.ReadTimeout=10000
04/13/2016 02:18:19 [14] DEBUG  NetworkStreamExtensions       : Try to read 4 length bytes, with stream.CanRead=True and stream.ReadTimeout=10000
04/13/2016 02:18:19 [14] DEBUG  NetworkStreamExtensions       : Length bytes read = 4
04/13/2016 02:18:19 [14] DEBUG  NetworkStreamExtensions       : Incoming message will be 35 bytes
04/13/2016 02:18:19 [14] DEBUG  NetworkStreamExtensions       : Try to read 35 length bytes, with stream.CanRead=True and stream.ReadTimeout=10000
04/13/2016 02:18:19 [14] DEBUG  NetworkStreamExtensions       : Message bytes read = 35
04/13/2016 02:18:19 [14] DEBUG  NetworkStreamExtensions       : In ReadStreamMessage, with stream.ReadTimeout=10000
04/13/2016 02:18:19 [14] DEBUG  NetworkStreamExtensions       : Try to read 4 length bytes, with stream.CanRead=True and stream.ReadTimeout=10000
04/13/2016 02:18:19 [14] DEBUG  NetworkStreamExtensions       : Length bytes read = 4
04/13/2016 02:18:19 [14] DEBUG  NetworkStreamExtensions       : Incoming message will be 35 bytes
04/13/2016 02:18:19 [14] DEBUG  NetworkStreamExtensions       : Try to read 35 length bytes, with stream.CanRead=True and stream.ReadTimeout=10000
04/13/2016 02:18:19 [14] DEBUG  NetworkStreamExtensions       : Message bytes read = 35
04/13/2016 02:18:19 [14] DEBUG  NetworkStreamExtensions       : In ReadStreamMessage, with stream.ReadTimeout=10000
04/13/2016 02:18:19 [14] DEBUG  NetworkStreamExtensions       : Try to read 4 length bytes, with stream.CanRead=True and stream.ReadTimeout=10000
04/13/2016 02:18:19 [14] DEBUG  NetworkStreamExtensions       : Length bytes read = 4
04/13/2016 02:18:19 [14] DEBUG  NetworkStreamExtensions       : Incoming message will be 35 bytes
04/13/2016 02:18:19 [14] DEBUG  NetworkStreamExtensions       : Try to read 35 length bytes, with stream.CanRead=True and stream.ReadTimeout=10000
04/13/2016 02:18:19 [14] DEBUG  NetworkStreamExtensions       : Message bytes read = 35
04/13/2016 02:18:19 [14] DEBUG  NetworkStreamExtensions       : In ReadStreamMessage, with stream.ReadTimeout=10000
04/13/2016 02:18:19 [14] DEBUG  NetworkStreamExtensions       : Try to read 4 length bytes, with stream.CanRead=True and stream.ReadTimeout=10000
04/13/2016 02:18:19 [14] DEBUG  NetworkStreamExtensions       : Length bytes read = 4
04/13/2016 02:18:19 [14] DEBUG  NetworkStreamExtensions       : Incoming message will be 35 bytes
04/13/2016 02:18:19 [14] DEBUG  NetworkStreamExtensions       : Try to read 35 length bytes, with stream.CanRead=True and stream.ReadTimeout=10000
04/13/2016 02:18:19 [14] DEBUG  NetworkStreamExtensions       : Message bytes read = 35
04/13/2016 02:18:19 [14] DEBUG  NetworkStreamExtensions       : In ReadStreamMessage, with stream.ReadTimeout=10000
04/13/2016 02:18:19 [14] DEBUG  NetworkStreamExtensions       : Try to read 4 length bytes, with stream.CanRead=True and stream.ReadTimeout=10000
04/13/2016 02:18:19 [14] DEBUG  NetworkStreamExtensions       : Length bytes read = 4
04/13/2016 02:18:19 [14] DEBUG  NetworkStreamExtensions       : Incoming message will be 35 bytes
04/13/2016 02:18:19 [14] DEBUG  NetworkStreamExtensions       : Try to read 35 length bytes, with stream.CanRead=True and stream.ReadTimeout=10000
04/13/2016 02:18:19 [14] DEBUG  NetworkStreamExtensions       : Message bytes read = 35
04/13/2016 02:18:20 [14] DEBUG  NetworkStreamExtensions       : In ReadStreamMessage, with stream.ReadTimeout=10000
04/13/2016 02:18:20 [14] DEBUG  NetworkStreamExtensions       : Try to read 4 length bytes, with stream.CanRead=True and stream.ReadTimeout=10000
04/13/2016 02:18:20 [14] DEBUG  NetworkStreamExtensions       : Length bytes read = 4
04/13/2016 02:18:20 [14] DEBUG  NetworkStreamExtensions       : Incoming message will be 35 bytes
04/13/2016 02:18:20 [14] DEBUG  NetworkStreamExtensions       : Try to read 35 length bytes, with stream.CanRead=True and stream.ReadTimeout=10000
04/13/2016 02:18:20 [14] DEBUG  NetworkStreamExtensions       : Message bytes read = 35
04/13/2016 02:18:20 [14] DEBUG  NetworkStreamExtensions       : In ReadStreamMessage, with stream.ReadTimeout=10000
04/13/2016 02:18:20 [14] DEBUG  NetworkStreamExtensions       : Try to read 4 length bytes, with stream.CanRead=True and stream.ReadTimeout=10000
04/13/2016 02:18:20 [14] DEBUG  NetworkStreamExtensions       : Length bytes read = 4
04/13/2016 02:18:20 [14] DEBUG  NetworkStreamExtensions       : Incoming message will be 35 bytes
04/13/2016 02:18:20 [14] DEBUG  NetworkStreamExtensions       : Try to read 35 length bytes, with stream.CanRead=True and stream.ReadTimeout=10000
04/13/2016 02:18:20 [14] DEBUG  NetworkStreamExtensions       : Message bytes read = 35
04/13/2016 02:18:20 [14] DEBUG  NetworkStreamExtensions       : In ReadStreamMessage, with stream.ReadTimeout=10000
04/13/2016 02:18:20 [14] DEBUG  NetworkStreamExtensions       : Try to read 4 length bytes, with stream.CanRead=True and stream.ReadTimeout=10000
04/13/2016 02:18:20 [14] DEBUG  NetworkStreamExtensions       : Length bytes read = 4
04/13/2016 02:18:20 [14] DEBUG  NetworkStreamExtensions       : Incoming message will be 35 bytes
04/13/2016 02:18:20 [14] DEBUG  NetworkStreamExtensions       : Try to read 35 length bytes, with stream.CanRead=True and stream.ReadTimeout=10000
04/13/2016 02:18:20 [14] DEBUG  NetworkStreamExtensions       : Message bytes read = 35
04/13/2016 02:18:20 [14] DEBUG  NetworkStreamExtensions       : In ReadStreamMessage, with stream.ReadTimeout=10000
04/13/2016 02:18:20 [14] DEBUG  NetworkStreamExtensions       : Try to read 4 length bytes, with stream.CanRead=True and stream.ReadTimeout=10000
04/13/2016 02:18:20 [14] DEBUG  NetworkStreamExtensions       : Length bytes read = 4
04/13/2016 02:18:20 [14] DEBUG  NetworkStreamExtensions       : Incoming message will be 35 bytes
04/13/2016 02:18:20 [14] DEBUG  NetworkStreamExtensions       : Try to read 35 length bytes, with stream.CanRead=True and stream.ReadTimeout=10000
04/13/2016 02:18:20 [14] DEBUG  NetworkStreamExtensions       : Message bytes read = 35
04/13/2016 02:18:20 [14] DEBUG  NetworkStreamExtensions       : In ReadStreamMessage, with stream.ReadTimeout=10000
04/13/2016 02:18:20 [14] DEBUG  NetworkStreamExtensions       : Try to read 4 length bytes, with stream.CanRead=True and stream.ReadTimeout=10000
04/13/2016 02:18:20 [14] DEBUG  NetworkStreamExtensions       : Length bytes read = 4
04/13/2016 02:18:20 [14] DEBUG  NetworkStreamExtensions       : Incoming message will be 35 bytes
04/13/2016 02:18:20 [14] DEBUG  NetworkStreamExtensions       : Try to read 35 length bytes, with stream.CanRead=True and stream.ReadTimeout=10000
04/13/2016 02:18:20 [14] DEBUG  NetworkStreamExtensions       : Message bytes read = 35
04/13/2016 02:18:20 [14] DEBUG  NetworkStreamExtensions       : In ReadStreamMessage, with stream.ReadTimeout=10000
04/13/2016 02:18:20 [14] DEBUG  NetworkStreamExtensions       : Try to read 4 length bytes, with stream.CanRead=True and stream.ReadTimeout=10000
04/13/2016 02:18:20 [14] DEBUG  NetworkStreamExtensions       : Length bytes read = 4
04/13/2016 02:18:20 [14] DEBUG  NetworkStreamExtensions       : Incoming message will be 35 bytes
04/13/2016 02:18:20 [14] DEBUG  NetworkStreamExtensions       : Try to read 35 length bytes, with stream.CanRead=True and stream.ReadTimeout=10000
04/13/2016 02:18:20 [14] DEBUG  NetworkStreamExtensions       : Message bytes read = 35
04/13/2016 02:18:20 [14] DEBUG  NetworkStreamExtensions       : In ReadStreamMessage, with stream.ReadTimeout=10000
04/13/2016 02:18:20 [14] DEBUG  NetworkStreamExtensions       : Try to read 4 length bytes, with stream.CanRead=True and stream.ReadTimeout=10000
04/13/2016 02:18:20 [14] DEBUG  NetworkStreamExtensions       : Length bytes read = 4
04/13/2016 02:18:20 [14] DEBUG  NetworkStreamExtensions       : Incoming message will be 35 bytes
04/13/2016 02:18:20 [14] DEBUG  NetworkStreamExtensions       : Try to read 35 length bytes, with stream.CanRead=True and stream.ReadTimeout=10000
04/13/2016 02:18:20 [14] DEBUG  NetworkStreamExtensions       : Message bytes read = 35
04/13/2016 02:18:20 [14] DEBUG  NetworkStreamExtensions       : In ReadStreamMessage, with stream.ReadTimeout=10000
04/13/2016 02:18:20 [14] DEBUG  NetworkStreamExtensions       : Try to read 4 length bytes, with stream.CanRead=True and stream.ReadTimeout=10000
04/13/2016 02:18:20 [14] DEBUG  NetworkStreamExtensions       : Length bytes read = 4
04/13/2016 02:18:20 [14] DEBUG  NetworkStreamExtensions       : Incoming message will be 35 bytes
04/13/2016 02:18:20 [14] DEBUG  NetworkStreamExtensions       : Try to read 35 length bytes, with stream.CanRead=True and stream.ReadTimeout=10000
04/13/2016 02:18:20 [14] DEBUG  NetworkStreamExtensions       : Message bytes read = 35
04/13/2016 02:18:20 [14] DEBUG  NetworkStreamExtensions       : In ReadStreamMessage, with stream.ReadTimeout=10000
04/13/2016 02:18:21 [14] DEBUG  NetworkStreamExtensions       : Try to read 4 length bytes, with stream.CanRead=True and stream.ReadTimeout=10000
04/13/2016 02:18:21 [14] DEBUG  NetworkStreamExtensions       : Length bytes read = 4
04/13/2016 02:18:21 [14] DEBUG  NetworkStreamExtensions       : Incoming message will be 35 bytes
04/13/2016 02:18:21 [14] DEBUG  NetworkStreamExtensions       : Try to read 35 length bytes, with stream.CanRead=True and stream.ReadTimeout=10000
04/13/2016 02:18:21 [14] DEBUG  NetworkStreamExtensions       : Message bytes read = 35
04/13/2016 02:18:21 [14] DEBUG  NetworkStreamExtensions       : In ReadStreamMessage, with stream.ReadTimeout=10000
04/13/2016 02:18:21 [14] DEBUG  NetworkStreamExtensions       : Try to read 4 length bytes, with stream.CanRead=True and stream.ReadTimeout=10000
04/13/2016 02:18:21 [14] DEBUG  NetworkStreamExtensions       : Length bytes read = 4
04/13/2016 02:18:21 [14] DEBUG  NetworkStreamExtensions       : Incoming message will be 35 bytes
04/13/2016 02:18:21 [14] DEBUG  NetworkStreamExtensions       : Try to read 35 length bytes, with stream.CanRead=True and stream.ReadTimeout=10000
04/13/2016 02:18:21 [14] DEBUG  NetworkStreamExtensions       : Message bytes read = 35
04/13/2016 02:18:21 [14] DEBUG  NetworkStreamExtensions       : In ReadStreamMessage, with stream.ReadTimeout=10000
04/13/2016 02:18:21 [14] DEBUG  NetworkStreamExtensions       : Try to read 4 length bytes, with stream.CanRead=True and stream.ReadTimeout=10000
04/13/2016 02:18:21 [14] DEBUG  NetworkStreamExtensions       : Length bytes read = 4
04/13/2016 02:18:21 [14] DEBUG  NetworkStreamExtensions       : Incoming message will be 35 bytes
04/13/2016 02:18:21 [14] DEBUG  NetworkStreamExtensions       : Try to read 35 length bytes, with stream.CanRead=True and stream.ReadTimeout=10000
04/13/2016 02:18:21 [14] DEBUG  NetworkStreamExtensions       : Message bytes read = 35
04/13/2016 02:18:21 [14] DEBUG  NetworkStreamExtensions       : In ReadStreamMessage, with stream.ReadTimeout=10000
04/13/2016 02:18:21 [14] DEBUG  NetworkStreamExtensions       : Try to read 4 length bytes, with stream.CanRead=True and stream.ReadTimeout=10000
04/13/2016 02:18:21 [14] DEBUG  NetworkStreamExtensions       : Length bytes read = 4
04/13/2016 02:18:21 [14] DEBUG  NetworkStreamExtensions       : Incoming message will be 35 bytes
04/13/2016 02:18:21 [14] DEBUG  NetworkStreamExtensions       : Try to read 35 length bytes, with stream.CanRead=True and stream.ReadTimeout=10000
04/13/2016 02:18:21 [14] DEBUG  NetworkStreamExtensions       : Message bytes read = 35
04/13/2016 02:18:21 [14] DEBUG  NetworkStreamExtensions       : In ReadStreamMessage, with stream.ReadTimeout=10000
04/13/2016 02:18:21 [14] DEBUG  NetworkStreamExtensions       : Try to read 4 length bytes, with stream.CanRead=True and stream.ReadTimeout=10000
04/13/2016 02:18:21 [14] DEBUG  NetworkStreamExtensions       : Length bytes read = 4
04/13/2016 02:18:21 [14] DEBUG  NetworkStreamExtensions       : Incoming message will be 35 bytes
04/13/2016 02:18:21 [14] DEBUG  NetworkStreamExtensions       : Try to read 35 length bytes, with stream.CanRead=True and stream.ReadTimeout=10000
04/13/2016 02:18:21 [14] DEBUG  NetworkStreamExtensions       : Message bytes read = 35
04/13/2016 02:18:21 [14] DEBUG  NetworkStreamExtensions       : In ReadStreamMessage, with stream.ReadTimeout=10000
04/13/2016 02:18:21 [14] DEBUG  NetworkStreamExtensions       : Try to read 4 length bytes, with stream.CanRead=True and stream.ReadTimeout=10000
04/13/2016 02:18:21 [14] DEBUG  NetworkStreamExtensions       : Length bytes read = 4
04/13/2016 02:18:21 [14] DEBUG  NetworkStreamExtensions       : Incoming message will be 35 bytes
04/13/2016 02:18:21 [14] DEBUG  NetworkStreamExtensions       : Try to read 35 length bytes, with stream.CanRead=True and stream.ReadTimeout=10000
04/13/2016 02:18:21 [14] DEBUG  NetworkStreamExtensions       : Message bytes read = 35
04/13/2016 02:18:21 [14] DEBUG  NetworkStreamExtensions       : In ReadStreamMessage, with stream.ReadTimeout=10000
04/13/2016 02:18:21 [14] DEBUG  NetworkStreamExtensions       : Try to read 4 length bytes, with stream.CanRead=True and stream.ReadTimeout=10000
04/13/2016 02:18:21 [14] DEBUG  NetworkStreamExtensions       : Length bytes read = 4
04/13/2016 02:18:21 [14] DEBUG  NetworkStreamExtensions       : Incoming message will be 35 bytes
04/13/2016 02:18:21 [14] DEBUG  NetworkStreamExtensions       : Try to read 35 length bytes, with stream.CanRead=True and stream.ReadTimeout=10000
04/13/2016 02:18:21 [14] DEBUG  NetworkStreamExtensions       : Message bytes read = 35
04/13/2016 02:18:21 [14] DEBUG  NetworkStreamExtensions       : In ReadStreamMessage, with stream.ReadTimeout=10000
04/13/2016 02:18:21 [14] DEBUG  NetworkStreamExtensions       : Try to read 4 length bytes, with stream.CanRead=True and stream.ReadTimeout=10000
04/13/2016 02:18:21 [14] DEBUG  NetworkStreamExtensions       : Length bytes read = 4
04/13/2016 02:18:21 [14] DEBUG  NetworkStreamExtensions       : Incoming message will be 35 bytes
04/13/2016 02:18:21 [14] DEBUG  NetworkStreamExtensions       : Try to read 35 length bytes, with stream.CanRead=True and stream.ReadTimeout=10000
04/13/2016 02:18:21 [14] DEBUG  NetworkStreamExtensions       : Message bytes read = 35
04/13/2016 02:18:21 [14] DEBUG  NetworkStreamExtensions       : In ReadStreamMessage, with stream.ReadTimeout=10000
04/13/2016 02:18:21 [14] DEBUG  NetworkStreamExtensions       : Try to read 4 length bytes, with stream.CanRead=True and stream.ReadTimeout=10000
04/13/2016 02:18:22 [14] DEBUG  NetworkStreamExtensions       : Length bytes read = 4
04/13/2016 02:18:22 [14] DEBUG  NetworkStreamExtensions       : Incoming message will be 35 bytes
04/13/2016 02:18:22 [14] DEBUG  NetworkStreamExtensions       : Try to read 35 length bytes, with stream.CanRead=True and stream.ReadTimeout=10000
04/13/2016 02:18:22 [14] DEBUG  NetworkStreamExtensions       : Message bytes read = 35
04/13/2016 02:18:22 [14] DEBUG  NetworkStreamExtensions       : In ReadStreamMessage, with stream.ReadTimeout=10000
04/13/2016 02:18:22 [14] DEBUG  NetworkStreamExtensions       : Try to read 4 length bytes, with stream.CanRead=True and stream.ReadTimeout=10000
04/13/2016 02:18:22 [14] DEBUG  NetworkStreamExtensions       : Length bytes read = 4
04/13/2016 02:18:22 [14] DEBUG  NetworkStreamExtensions       : Incoming message will be 35 bytes
04/13/2016 02:18:22 [14] DEBUG  NetworkStreamExtensions       : Try to read 35 length bytes, with stream.CanRead=True and stream.ReadTimeout=10000
04/13/2016 02:18:22 [14] DEBUG  NetworkStreamExtensions       : Message bytes read = 35
04/13/2016 02:18:22 [14] DEBUG  NetworkStreamExtensions       : In ReadStreamMessage, with stream.ReadTimeout=10000
04/13/2016 02:18:22 [14] DEBUG  NetworkStreamExtensions       : Try to read 4 length bytes, with stream.CanRead=True and stream.ReadTimeout=10000
04/13/2016 02:18:22 [14] DEBUG  NetworkStreamExtensions       : Length bytes read = 4
04/13/2016 02:18:22 [14] DEBUG  NetworkStreamExtensions       : Incoming message will be 35 bytes
04/13/2016 02:18:22 [14] DEBUG  NetworkStreamExtensions       : Try to read 35 length bytes, with stream.CanRead=True and stream.ReadTimeout=10000
04/13/2016 02:18:22 [14] DEBUG  NetworkStreamExtensions       : Message bytes read = 35
04/13/2016 02:18:22 [14] DEBUG  NetworkStreamExtensions       : In ReadStreamMessage, with stream.ReadTimeout=10000
04/13/2016 02:18:22 [14] DEBUG  NetworkStreamExtensions       : Try to read 4 length bytes, with stream.CanRead=True and stream.ReadTimeout=10000
04/13/2016 02:18:22 [14] DEBUG  NetworkStreamExtensions       : Length bytes read = 4
04/13/2016 02:18:22 [14] DEBUG  NetworkStreamExtensions       : Incoming message will be 35 bytes
04/13/2016 02:18:22 [14] DEBUG  NetworkStreamExtensions       : Try to read 35 length bytes, with stream.CanRead=True and stream.ReadTimeout=10000
04/13/2016 02:18:22 [14] DEBUG  NetworkStreamExtensions       : Message bytes read = 35
04/13/2016 02:18:22 [14] DEBUG  NetworkStreamExtensions       : In ReadStreamMessage, with stream.ReadTimeout=10000
04/13/2016 02:18:22 [14] DEBUG  NetworkStreamExtensions       : Try to read 4 length bytes, with stream.CanRead=True and stream.ReadTimeout=10000
04/13/2016 02:18:22 [14] DEBUG  NetworkStreamExtensions       : Length bytes read = 4
04/13/2016 02:18:22 [14] DEBUG  NetworkStreamExtensions       : Incoming message will be 35 bytes
04/13/2016 02:18:22 [14] DEBUG  NetworkStreamExtensions       : Try to read 35 length bytes, with stream.CanRead=True and stream.ReadTimeout=10000
04/13/2016 02:18:22 [14] DEBUG  NetworkStreamExtensions       : Message bytes read = 35
04/13/2016 02:18:22 [14] DEBUG  NetworkStreamExtensions       : In ReadStreamMessage, with stream.ReadTimeout=10000
04/13/2016 02:18:22 [14] DEBUG  NetworkStreamExtensions       : Try to read 4 length bytes, with stream.CanRead=True and stream.ReadTimeout=10000
04/13/2016 02:18:22 [14] DEBUG  NetworkStreamExtensions       : Length bytes read = 4
04/13/2016 02:18:22 [14] DEBUG  NetworkStreamExtensions       : Incoming message will be 35 bytes
04/13/2016 02:18:22 [14] DEBUG  NetworkStreamExtensions       : Try to read 35 length bytes, with stream.CanRead=True and stream.ReadTimeout=10000
04/13/2016 02:18:22 [14] DEBUG  NetworkStreamExtensions       : Message bytes read = 35
04/13/2016 02:18:22 [14] DEBUG  NetworkStreamExtensions       : In ReadStreamMessage, with stream.ReadTimeout=10000
04/13/2016 02:18:22 [14] DEBUG  NetworkStreamExtensions       : Try to read 4 length bytes, with stream.CanRead=True and stream.ReadTimeout=10000
04/13/2016 02:18:22 [14] DEBUG  NetworkStreamExtensions       : Length bytes read = 4
04/13/2016 02:18:22 [14] DEBUG  NetworkStreamExtensions       : Incoming message will be 35 bytes
04/13/2016 02:18:22 [14] DEBUG  NetworkStreamExtensions       : Try to read 35 length bytes, with stream.CanRead=True and stream.ReadTimeout=10000
04/13/2016 02:18:22 [14] DEBUG  NetworkStreamExtensions       : Message bytes read = 35
04/13/2016 02:18:22 [14] DEBUG  NetworkStreamExtensions       : In ReadStreamMessage, with stream.ReadTimeout=10000
04/13/2016 02:18:22 [14] DEBUG  NetworkStreamExtensions       : Try to read 4 length bytes, with stream.CanRead=True and stream.ReadTimeout=10000
04/13/2016 02:18:22 [14] DEBUG  NetworkStreamExtensions       : Length bytes read = 4
04/13/2016 02:18:22 [14] DEBUG  NetworkStreamExtensions       : Incoming message will be 35 bytes
04/13/2016 02:18:22 [14] DEBUG  NetworkStreamExtensions       : Try to read 35 length bytes, with stream.CanRead=True and stream.ReadTimeout=10000
04/13/2016 02:18:22 [14] DEBUG  NetworkStreamExtensions       : Message bytes read = 35
04/13/2016 02:18:22 [14] DEBUG  NetworkStreamExtensions       : In ReadStreamMessage, with stream.ReadTimeout=10000
04/13/2016 02:18:22 [14] DEBUG  NetworkStreamExtensions       : Try to read 4 length bytes, with stream.CanRead=True and stream.ReadTimeout=10000
04/13/2016 02:18:22 [14] DEBUG  NetworkStreamExtensions       : Length bytes read = 4
04/13/2016 02:18:23 [14] DEBUG  NetworkStreamExtensions       : Incoming message will be 35 bytes
04/13/2016 02:18:23 [14] DEBUG  NetworkStreamExtensions       : Try to read 35 length bytes, with stream.CanRead=True and stream.ReadTimeout=10000
04/13/2016 02:18:23 [14] DEBUG  NetworkStreamExtensions       : Message bytes read = 35
04/13/2016 02:18:23 [14] DEBUG  NetworkStreamExtensions       : In ReadStreamMessage, with stream.ReadTimeout=10000
04/13/2016 02:18:23 [14] DEBUG  NetworkStreamExtensions       : Try to read 4 length bytes, with stream.CanRead=True and stream.ReadTimeout=10000
04/13/2016 02:18:23 [14] DEBUG  NetworkStreamExtensions       : Length bytes read = 4
04/13/2016 02:18:23 [14] DEBUG  NetworkStreamExtensions       : Incoming message will be 35 bytes
04/13/2016 02:18:23 [14] DEBUG  NetworkStreamExtensions       : Try to read 35 length bytes, with stream.CanRead=True and stream.ReadTimeout=10000
04/13/2016 02:18:23 [14] DEBUG  NetworkStreamExtensions       : Message bytes read = 35
04/13/2016 02:18:23 [14] DEBUG  NetworkStreamExtensions       : In ReadStreamMessage, with stream.ReadTimeout=10000
04/13/2016 02:18:23 [14] DEBUG  NetworkStreamExtensions       : Try to read 4 length bytes, with stream.CanRead=True and stream.ReadTimeout=10000
04/13/2016 02:18:23 [14] DEBUG  NetworkStreamExtensions       : Length bytes read = 4
04/13/2016 02:18:23 [14] DEBUG  NetworkStreamExtensions       : Incoming message will be 35 bytes
04/13/2016 02:18:23 [14] DEBUG  NetworkStreamExtensions       : Try to read 35 length bytes, with stream.CanRead=True and stream.ReadTimeout=10000
04/13/2016 02:18:23 [14] DEBUG  NetworkStreamExtensions       : Message bytes read = 35
04/13/2016 02:18:23 [14] DEBUG  NetworkStreamExtensions       : In ReadStreamMessage, with stream.ReadTimeout=10000
04/13/2016 02:18:23 [14] DEBUG  NetworkStreamExtensions       : Try to read 4 length bytes, with stream.CanRead=True and stream.ReadTimeout=10000
04/13/2016 02:18:23 [14] DEBUG  NetworkStreamExtensions       : Length bytes read = 4
04/13/2016 02:18:23 [14] DEBUG  NetworkStreamExtensions       : Incoming message will be 35 bytes
04/13/2016 02:18:23 [14] DEBUG  NetworkStreamExtensions       : Try to read 35 length bytes, with stream.CanRead=True and stream.ReadTimeout=10000
04/13/2016 02:18:23 [14] DEBUG  NetworkStreamExtensions       : Message bytes read = 35
04/13/2016 02:18:23 [14] DEBUG  NetworkStreamExtensions       : In ReadStreamMessage, with stream.ReadTimeout=10000
04/13/2016 02:18:23 [14] DEBUG  NetworkStreamExtensions       : Try to read 4 length bytes, with stream.CanRead=True and stream.ReadTimeout=10000
04/13/2016 02:18:23 [14] DEBUG  NetworkStreamExtensions       : Length bytes read = 4
04/13/2016 02:18:23 [14] DEBUG  NetworkStreamExtensions       : Incoming message will be 35 bytes
04/13/2016 02:18:23 [14] DEBUG  NetworkStreamExtensions       : Try to read 35 length bytes, with stream.CanRead=True and stream.ReadTimeout=10000
04/13/2016 02:18:23 [14] DEBUG  NetworkStreamExtensions       : Message bytes read = 35
04/13/2016 02:18:23 [14] DEBUG  NetworkStreamExtensions       : In ReadStreamMessage, with stream.ReadTimeout=10000
04/13/2016 02:18:23 [14] DEBUG  NetworkStreamExtensions       : Try to read 4 length bytes, with stream.CanRead=True and stream.ReadTimeout=10000
04/13/2016 02:18:23 [14] DEBUG  NetworkStreamExtensions       : Length bytes read = 4
04/13/2016 02:18:23 [14] DEBUG  NetworkStreamExtensions       : Incoming message will be 35 bytes
04/13/2016 02:18:23 [14] DEBUG  NetworkStreamExtensions       : Try to read 35 length bytes, with stream.CanRead=True and stream.ReadTimeout=10000
04/13/2016 02:18:23 [14] DEBUG  NetworkStreamExtensions       : Message bytes read = 35
04/13/2016 02:18:23 [14] DEBUG  NetworkStreamExtensions       : In ReadStreamMessage, with stream.ReadTimeout=10000
04/13/2016 02:18:23 [14] DEBUG  NetworkStreamExtensions       : Try to read 4 length bytes, with stream.CanRead=True and stream.ReadTimeout=10000
04/13/2016 02:18:23 [14] DEBUG  NetworkStreamExtensions       : Length bytes read = 4
04/13/2016 02:18:23 [14] DEBUG  NetworkStreamExtensions       : Incoming message will be 35 bytes
04/13/2016 02:18:23 [14] DEBUG  NetworkStreamExtensions       : Try to read 35 length bytes, with stream.CanRead=True and stream.ReadTimeout=10000
04/13/2016 02:18:23 [14] DEBUG  NetworkStreamExtensions       : Message bytes read = 35
04/13/2016 02:18:23 [14] DEBUG  NetworkStreamExtensions       : In ReadStreamMessage, with stream.ReadTimeout=10000
04/13/2016 02:18:23 [14] DEBUG  NetworkStreamExtensions       : Try to read 4 length bytes, with stream.CanRead=True and stream.ReadTimeout=10000
04/13/2016 02:18:23 [14] DEBUG  NetworkStreamExtensions       : Length bytes read = 4
04/13/2016 02:18:23 [14] DEBUG  NetworkStreamExtensions       : Incoming message will be 35 bytes
04/13/2016 02:18:23 [14] DEBUG  NetworkStreamExtensions       : Try to read 35 length bytes, with stream.CanRead=True and stream.ReadTimeout=10000
04/13/2016 02:18:23 [14] DEBUG  NetworkStreamExtensions       : Message bytes read = 35
04/13/2016 02:18:23 [14] DEBUG  NetworkStreamExtensions       : In ReadStreamMessage, with stream.ReadTimeout=10000
04/13/2016 02:18:23 [14] DEBUG  NetworkStreamExtensions       : Try to read 4 length bytes, with stream.CanRead=True and stream.ReadTimeout=10000
04/13/2016 02:18:23 [14] DEBUG  NetworkStreamExtensions       : Length bytes read = 4
04/13/2016 02:18:23 [14] DEBUG  NetworkStreamExtensions       : Incoming message will be 35 bytes
04/13/2016 02:18:24 [14] DEBUG  NetworkStreamExtensions       : Try to read 35 length bytes, with stream.CanRead=True and stream.ReadTimeout=10000
04/13/2016 02:18:24 [14] DEBUG  NetworkStreamExtensions       : Message bytes read = 35
04/13/2016 02:18:24 [14] DEBUG  NetworkStreamExtensions       : In ReadStreamMessage, with stream.ReadTimeout=10000
04/13/2016 02:18:24 [14] DEBUG  NetworkStreamExtensions       : Try to read 4 length bytes, with stream.CanRead=True and stream.ReadTimeout=10000
04/13/2016 02:18:24 [14] DEBUG  NetworkStreamExtensions       : Length bytes read = 4
04/13/2016 02:18:24 [14] DEBUG  NetworkStreamExtensions       : Incoming message will be 35 bytes
04/13/2016 02:18:24 [14] DEBUG  NetworkStreamExtensions       : Try to read 35 length bytes, with stream.CanRead=True and stream.ReadTimeout=10000
04/13/2016 02:18:24 [14] DEBUG  NetworkStreamExtensions       : Message bytes read = 35
04/13/2016 02:18:24 [14] DEBUG  NetworkStreamExtensions       : In ReadStreamMessage, with stream.ReadTimeout=10000
04/13/2016 02:18:24 [14] DEBUG  NetworkStreamExtensions       : Try to read 4 length bytes, with stream.CanRead=True and stream.ReadTimeout=10000
04/13/2016 02:18:24 [14] DEBUG  NetworkStreamExtensions       : Length bytes read = 4
04/13/2016 02:18:24 [14] DEBUG  NetworkStreamExtensions       : Incoming message will be 35 bytes
04/13/2016 02:18:24 [14] DEBUG  NetworkStreamExtensions       : Try to read 35 length bytes, with stream.CanRead=True and stream.ReadTimeout=10000
04/13/2016 02:18:24 [14] DEBUG  NetworkStreamExtensions       : Message bytes read = 35
04/13/2016 02:18:24 [14] DEBUG  NetworkStreamExtensions       : In ReadStreamMessage, with stream.ReadTimeout=10000
04/13/2016 02:18:24 [14] DEBUG  NetworkStreamExtensions       : Try to read 4 length bytes, with stream.CanRead=True and stream.ReadTimeout=10000
04/13/2016 02:18:24 [14] DEBUG  NetworkStreamExtensions       : Length bytes read = 4
04/13/2016 02:18:24 [14] DEBUG  NetworkStreamExtensions       : Incoming message will be 35 bytes
04/13/2016 02:18:24 [14] DEBUG  NetworkStreamExtensions       : Try to read 35 length bytes, with stream.CanRead=True and stream.ReadTimeout=10000
04/13/2016 02:18:24 [14] DEBUG  NetworkStreamExtensions       : Message bytes read = 35
04/13/2016 02:18:24 [14] DEBUG  NetworkStreamExtensions       : In ReadStreamMessage, with stream.ReadTimeout=10000
04/13/2016 02:18:24 [14] DEBUG  NetworkStreamExtensions       : Try to read 4 length bytes, with stream.CanRead=True and stream.ReadTimeout=10000
04/13/2016 02:18:24 [14] DEBUG  NetworkStreamExtensions       : Length bytes read = 4
04/13/2016 02:18:24 [14] DEBUG  NetworkStreamExtensions       : Incoming message will be 35 bytes
04/13/2016 02:18:24 [14] DEBUG  NetworkStreamExtensions       : Try to read 35 length bytes, with stream.CanRead=True and stream.ReadTimeout=10000
04/13/2016 02:18:24 [14] DEBUG  NetworkStreamExtensions       : Message bytes read = 35
04/13/2016 02:18:24 [14] DEBUG  NetworkStreamExtensions       : In ReadStreamMessage, with stream.ReadTimeout=10000
04/13/2016 02:18:24 [14] DEBUG  NetworkStreamExtensions       : Try to read 4 length bytes, with stream.CanRead=True and stream.ReadTimeout=10000
04/13/2016 02:18:24 [14] DEBUG  NetworkStreamExtensions       : Length bytes read = 4
04/13/2016 02:18:24 [14] DEBUG  NetworkStreamExtensions       : Incoming message will be 35 bytes
04/13/2016 02:18:24 [14] DEBUG  NetworkStreamExtensions       : Try to read 35 length bytes, with stream.CanRead=True and stream.ReadTimeout=10000
04/13/2016 02:18:24 [14] DEBUG  NetworkStreamExtensions       : Message bytes read = 35
04/13/2016 02:18:24 [14] DEBUG  NetworkStreamExtensions       : In ReadStreamMessage, with stream.ReadTimeout=10000
04/13/2016 02:18:24 [14] DEBUG  NetworkStreamExtensions       : Try to read 4 length bytes, with stream.CanRead=True and stream.ReadTimeout=10000
04/13/2016 02:18:24 [14] DEBUG  NetworkStreamExtensions       : Length bytes read = 4
04/13/2016 02:18:24 [14] DEBUG  NetworkStreamExtensions       : Incoming message will be 35 bytes
04/13/2016 02:18:24 [14] DEBUG  NetworkStreamExtensions       : Try to read 35 length bytes, with stream.CanRead=True and stream.ReadTimeout=10000
04/13/2016 02:18:24 [14] DEBUG  NetworkStreamExtensions       : Message bytes read = 35
04/13/2016 02:18:24 [14] DEBUG  NetworkStreamExtensions       : In ReadStreamMessage, with stream.ReadTimeout=10000
04/13/2016 02:18:24 [14] DEBUG  NetworkStreamExtensions       : Try to read 4 length bytes, with stream.CanRead=True and stream.ReadTimeout=10000
04/13/2016 02:18:24 [14] DEBUG  NetworkStreamExtensions       : Length bytes read = 4
04/13/2016 02:18:24 [14] DEBUG  NetworkStreamExtensions       : Incoming message will be 35 bytes
04/13/2016 02:18:24 [14] DEBUG  NetworkStreamExtensions       : Try to read 35 length bytes, with stream.CanRead=True and stream.ReadTimeout=10000
04/13/2016 02:18:24 [14] DEBUG  NetworkStreamExtensions       : Message bytes read = 35
04/13/2016 02:18:24 [14] DEBUG  NetworkStreamExtensions       : In ReadStreamMessage, with stream.ReadTimeout=10000
04/13/2016 02:18:24 [14] DEBUG  NetworkStreamExtensions       : Try to read 4 length bytes, with stream.CanRead=True and stream.ReadTimeout=10000
04/13/2016 02:18:24 [14] DEBUG  NetworkStreamExtensions       : Length bytes read = 4
04/13/2016 02:18:24 [14] DEBUG  NetworkStreamExtensions       : Incoming message will be 35 bytes
04/13/2016 02:18:24 [14] DEBUG  NetworkStreamExtensions       : Try to read 35 length bytes, with stream.CanRead=True and stream.ReadTimeout=10000
04/13/2016 02:18:25 [14] DEBUG  NetworkStreamExtensions       : Message bytes read = 35
04/13/2016 02:18:25 [14] DEBUG  NetworkStreamExtensions       : In ReadStreamMessage, with stream.ReadTimeout=10000
04/13/2016 02:18:25 [14] DEBUG  NetworkStreamExtensions       : Try to read 4 length bytes, with stream.CanRead=True and stream.ReadTimeout=10000
04/13/2016 02:18:25 [14] DEBUG  NetworkStreamExtensions       : Length bytes read = 4
04/13/2016 02:18:25 [14] DEBUG  NetworkStreamExtensions       : Incoming message will be 35 bytes
04/13/2016 02:18:25 [14] DEBUG  NetworkStreamExtensions       : Try to read 35 length bytes, with stream.CanRead=True and stream.ReadTimeout=10000
04/13/2016 02:18:25 [14] DEBUG  NetworkStreamExtensions       : Message bytes read = 35
04/13/2016 02:18:25 [14] DEBUG  NetworkStreamExtensions       : In ReadStreamMessage, with stream.ReadTimeout=10000
