04/13/2016 05:41:29 [ 7] DEBUG  PlayerConnection              : Using Local Settings.
04/13/2016 05:41:29 [ 7] DEBUG  PlayerConnection              : Starting Application. 
04/13/2016 05:41:29 [ 7] DEBUG  PlayerConnection              : Initializing Subsystem
04/13/2016 05:41:29 [ 7] DEBUG  PlayerProcess                 : Initializeing Player Subsystem.
04/13/2016 05:41:29 [ 7] DEBUG  PlayerConnection              : Initializing Player
04/13/2016 05:41:29 [ 7] DEBUG  PlayerProcess                 : Initializing Player Details.
04/13/2016 05:41:29 [ 7] INFO   BackgroundThread              : Starting 
04/13/2016 05:41:29 [10] INFO   BackgroundThread              : Starting 
04/13/2016 05:41:29 [10] DEBUG  PlayerProcess                 : In Process Login function.
04/13/2016 05:41:29 [10] DEBUG  ConversationFactory           : Creating Conversation of type LoginConversation
04/13/2016 05:41:29 [10] DEBUG  Dispatcher                    : Adding Conversation Player.Conversation.LoginConversation, 0.1
04/13/2016 05:41:29 [10] DEBUG  Dispatcher                    :       New Queue ID: 0.1
04/13/2016 05:41:29 [10] INFO   BackgroundThread              : Starting 
04/13/2016 05:41:31 [12] DEBUG  LoginConversation             : Creating login request. 
04/13/2016 05:41:31 [12] DEBUG  InitiatedConversation         : LoginConversation, ConversationID: 0.1: Conversation Id  for Initiated conversation: 0.1
04/13/2016 05:41:31 [12] DEBUG  Conversation                  : LoginConversation, ConversationID: 0.1: Setting Message IDs
04/13/2016 05:41:31 [12] DEBUG  Conversation                  : LoginConversation, ConversationID: 0.1: Conversation is initiating send.
04/13/2016 05:41:31 [12] DEBUG  PostMan                       : Sending UDP (Messages.RequestMessages.LoginRequest, MessageID: 0.1, ConversationID: 0.1)
Endpoint: 127.0.0.1:12000
JSON: {"__type":"LoginRequest:#Messages.RequestMessages","ConvId":{"Pid":0,"Seq":1},"MsgId":{"Pid":0,"Seq":1},"Identity":{"ANumber":"A00000001","Alias":"The Instructor","FirstName":"The","LastName":"Instructor"},"ProcessLabel":"The Instructor","ProcessType":3,"PublicKey":null}
04/13/2016 05:41:31 [12] DEBUG  PostMan                       : Message Delivered
04/13/2016 05:41:31 [11] DEBUG  PostMan                       : Received UDP (Messages.ReplyMessages.LoginReply, MessageID: 1.291, ConversationID: 0.1)
JSON: {"__type":"LoginReply:#Messages.ReplyMessages","ConvId":{"Pid":0,"Seq":1},"MsgId":{"Pid":1,"Seq":291},"Note":"Logged in","Success":true,"PennyBankEndPoint":{"Host":"127.0.0.1","Port":12003},"PennyBankPublicKey":null,"ProcessInfo":{"EndPoint":{"Host":"127.0.0.1","Port":10000},"Label":"The Instructor","ProcessId":9,"Status":3,"Type":3},"ProxyEndPoint":{"Host":"127.0.0.1","Port":12002}}
04/13/2016 05:41:31 [12] DEBUG  Conversation                  : LoginConversation, ConversationID: 0.1: Send succeeded.
04/13/2016 05:41:32 [13] INFO   ispatcher+<>c__DisplayClass7_0: New Message Received: (Messages.ReplyMessages.LoginReply)
04/13/2016 05:41:32 [13] INFO   ispatcher+<>c__DisplayClass7_0: MessageId: 1.291ConversationId: 0.1
04/13/2016 05:41:32 [13] DEBUG  Dispatcher                    : Successsfully queued a new message of type LoginReply, for conversation: 0.1
04/13/2016 05:41:32 [12] DEBUG  Conversation                  : LoginConversation, ConversationID: 0.1: Message available!
04/13/2016 05:41:32 [12] DEBUG  Conversation                  : LoginConversation, ConversationID: 0.1: Message available!
04/13/2016 05:41:32 [12] DEBUG  Conversation                  : LoginConversation, ConversationID: 0.1: Received Message is valid
04/13/2016 05:41:32 [12] DEBUG  Conversation                  : Received a Message of type: LoginReply
04/13/2016 05:41:32 [12] DEBUG  LoginConversation             : Proxy endpoint is 127.0.0.1:12003
04/13/2016 05:41:32 [12] INFO   Conversation                  : Conversation Succeeded
04/13/2016 05:41:32 [12] INFO   Conversation                  : Conversation Succeeded
04/13/2016 05:41:32 [10] DEBUG  PlayerProcess                 : In Process GetGameList function.
04/13/2016 05:41:32 [10] DEBUG  ConversationFactory           : Creating Conversation of type GameListConversation
04/13/2016 05:41:32 [10] DEBUG  Dispatcher                    : Adding Conversation Player.Conversation.GameListConversation, 9.2
04/13/2016 05:41:32 [10] DEBUG  Dispatcher                    :       New Queue ID: 9.2
04/13/2016 05:41:32 [10] INFO   BackgroundThread              : Starting 
04/13/2016 05:41:34 [12] DEBUG  GameListConversation          : Queuing game list request. 
04/13/2016 05:41:34 [12] DEBUG  InitiatedConversation         : GameListConversation, ConversationID: 9.2: Conversation Id  for Initiated conversation: 9.2
04/13/2016 05:41:34 [12] DEBUG  Conversation                  : GameListConversation, ConversationID: 9.2: Setting Message IDs
04/13/2016 05:41:34 [12] DEBUG  Conversation                  : GameListConversation, ConversationID: 9.2: Conversation is initiating send.
04/13/2016 05:41:34 [12] DEBUG  PostMan                       : Sending UDP (Messages.RequestMessages.GameListRequest, MessageID: 9.2, ConversationID: 9.2)
Endpoint: 127.0.0.1:12000
JSON: {"__type":"GameListRequest:#Messages.RequestMessages","ConvId":{"Pid":9,"Seq":2},"MsgId":{"Pid":9,"Seq":2},"StatusFilter":4}
04/13/2016 05:41:34 [12] DEBUG  PostMan                       : Message Delivered
04/13/2016 05:41:34 [12] DEBUG  Conversation                  : GameListConversation, ConversationID: 9.2: Send succeeded.
04/13/2016 05:41:34 [11] DEBUG  PostMan                       : Received UDP (Messages.ReplyMessages.GameListReply, MessageID: 1.292, ConversationID: 9.2)
JSON: {"__type":"GameListReply:#Messages.ReplyMessages","ConvId":{"Pid":9,"Seq":2},"MsgId":{"Pid":1,"Seq":292},"Note":null,"Success":true,"GameInfo":[]}
04/13/2016 05:41:34 [13] INFO   ispatcher+<>c__DisplayClass7_0: New Message Received: (Messages.ReplyMessages.GameListReply)
04/13/2016 05:41:34 [13] INFO   ispatcher+<>c__DisplayClass7_0: MessageId: 1.292ConversationId: 9.2
04/13/2016 05:41:34 [13] DEBUG  Dispatcher                    : Successsfully queued a new message of type GameListReply, for conversation: 9.2
04/13/2016 05:41:34 [12] DEBUG  Conversation                  : GameListConversation, ConversationID: 9.2: Message available!
04/13/2016 05:41:34 [12] DEBUG  Conversation                  : GameListConversation, ConversationID: 9.2: Message available!
04/13/2016 05:41:34 [12] DEBUG  Conversation                  : GameListConversation, ConversationID: 9.2: Received Message is valid
04/13/2016 05:41:34 [12] DEBUG  Conversation                  : Received a Message of type: GameListReply
04/13/2016 05:41:34 [12] ERROR  Conversation                  : GameListConversation, ConversationID: 9.2: No games are available. 
04/13/2016 05:41:34 [12] ERROR  Conversation                  : GameListConversation, ConversationID: 9.2: Conversation Failed
04/13/2016 05:41:35 [12] ERROR  Conversation                  : GameListConversation, ConversationID: 9.2: Conversation Ending
04/13/2016 05:41:35 [12] INFO   Conversation                  : Conversation Failed
04/13/2016 05:41:35 [12] INFO   BackgroundThread              : Stopping 
04/13/2016 05:41:35 [12] DEBUG  BackgroundThread              : Leaving Stop
04/13/2016 05:41:35 [12] ERROR  Conversation                  : GameListConversation, ConversationID: 9.2: Conversation Failed
04/13/2016 05:41:35 [12] ERROR  Conversation                  : GameListConversation, ConversationID: 9.2: Conversation Ending
04/13/2016 05:41:35 [12] INFO   Conversation                  : Conversation Failed
04/13/2016 05:41:35 [12] INFO   BackgroundThread              : Stopping 
04/13/2016 05:41:35 [12] DEBUG  BackgroundThread              : Leaving Stop
04/13/2016 05:41:35 [10] DEBUG  PlayerProcess                 : In Process GetGameList function.
04/13/2016 05:41:35 [10] DEBUG  ConversationFactory           : Creating Conversation of type GameListConversation
04/13/2016 05:41:35 [10] DEBUG  Dispatcher                    : Adding Conversation Player.Conversation.GameListConversation, 9.3
04/13/2016 05:41:35 [10] DEBUG  Dispatcher                    :       New Queue ID: 9.3
04/13/2016 05:41:35 [10] INFO   BackgroundThread              : Starting 
04/13/2016 05:41:37 [13] DEBUG  GameListConversation          : Queuing game list request. 
04/13/2016 05:41:37 [13] DEBUG  InitiatedConversation         : GameListConversation, ConversationID: 9.3: Conversation Id  for Initiated conversation: 9.3
04/13/2016 05:41:37 [13] DEBUG  Conversation                  : GameListConversation, ConversationID: 9.3: Setting Message IDs
04/13/2016 05:41:37 [13] DEBUG  Conversation                  : GameListConversation, ConversationID: 9.3: Conversation is initiating send.
04/13/2016 05:41:37 [13] DEBUG  PostMan                       : Sending UDP (Messages.RequestMessages.GameListRequest, MessageID: 9.3, ConversationID: 9.3)
Endpoint: 127.0.0.1:12000
JSON: {"__type":"GameListRequest:#Messages.RequestMessages","ConvId":{"Pid":9,"Seq":3},"MsgId":{"Pid":9,"Seq":3},"StatusFilter":4}
04/13/2016 05:41:37 [13] DEBUG  PostMan                       : Message Delivered
04/13/2016 05:41:37 [11] DEBUG  PostMan                       : Received UDP (Messages.ReplyMessages.GameListReply, MessageID: 1.293, ConversationID: 9.3)
JSON: {"__type":"GameListReply:#Messages.ReplyMessages","ConvId":{"Pid":9,"Seq":3},"MsgId":{"Pid":1,"Seq":293},"Note":null,"Success":true,"GameInfo":[]}
04/13/2016 05:41:37 [13] DEBUG  Conversation                  : GameListConversation, ConversationID: 9.3: Send succeeded.
04/13/2016 05:41:37 [15] INFO   ispatcher+<>c__DisplayClass7_0: New Message Received: (Messages.ReplyMessages.GameListReply)
04/13/2016 05:41:37 [15] INFO   ispatcher+<>c__DisplayClass7_0: MessageId: 1.293ConversationId: 9.3
04/13/2016 05:41:37 [15] DEBUG  Dispatcher                    : Successsfully queued a new message of type GameListReply, for conversation: 9.3
04/13/2016 05:41:37 [13] DEBUG  Conversation                  : GameListConversation, ConversationID: 9.3: Message available!
04/13/2016 05:41:37 [13] DEBUG  Conversation                  : GameListConversation, ConversationID: 9.3: Message available!
04/13/2016 05:41:37 [13] DEBUG  Conversation                  : GameListConversation, ConversationID: 9.3: Received Message is valid
04/13/2016 05:41:37 [13] DEBUG  Conversation                  : Received a Message of type: GameListReply
04/13/2016 05:41:37 [13] ERROR  Conversation                  : GameListConversation, ConversationID: 9.3: No games are available. 
04/13/2016 05:41:37 [13] ERROR  Conversation                  : GameListConversation, ConversationID: 9.3: Conversation Failed
04/13/2016 05:41:37 [13] ERROR  Conversation                  : GameListConversation, ConversationID: 9.3: Conversation Ending
04/13/2016 05:41:37 [13] INFO   Conversation                  : Conversation Failed
04/13/2016 05:41:37 [13] INFO   BackgroundThread              : Stopping 
04/13/2016 05:41:37 [13] DEBUG  BackgroundThread              : Leaving Stop
04/13/2016 05:41:37 [13] ERROR  Conversation                  : GameListConversation, ConversationID: 9.3: Conversation Failed
04/13/2016 05:41:37 [13] ERROR  Conversation                  : GameListConversation, ConversationID: 9.3: Conversation Ending
04/13/2016 05:41:37 [13] INFO   Conversation                  : Conversation Failed
04/13/2016 05:41:37 [13] INFO   BackgroundThread              : Stopping 
04/13/2016 05:41:37 [13] DEBUG  BackgroundThread              : Leaving Stop
04/13/2016 05:41:38 [10] DEBUG  PlayerProcess                 : In Process GetGameList function.
04/13/2016 05:41:38 [10] DEBUG  ConversationFactory           : Creating Conversation of type GameListConversation
04/13/2016 05:41:38 [10] DEBUG  Dispatcher                    : Adding Conversation Player.Conversation.GameListConversation, 9.4
04/13/2016 05:41:38 [10] DEBUG  Dispatcher                    :       New Queue ID: 9.4
04/13/2016 05:41:38 [10] INFO   BackgroundThread              : Starting 
04/13/2016 05:41:40 [16] DEBUG  GameListConversation          : Queuing game list request. 
04/13/2016 05:41:40 [16] DEBUG  InitiatedConversation         : GameListConversation, ConversationID: 9.4: Conversation Id  for Initiated conversation: 9.4
04/13/2016 05:41:40 [16] DEBUG  Conversation                  : GameListConversation, ConversationID: 9.4: Setting Message IDs
04/13/2016 05:41:40 [16] DEBUG  Conversation                  : GameListConversation, ConversationID: 9.4: Conversation is initiating send.
04/13/2016 05:41:40 [16] DEBUG  PostMan                       : Sending UDP (Messages.RequestMessages.GameListRequest, MessageID: 9.4, ConversationID: 9.4)
Endpoint: 127.0.0.1:12000
JSON: {"__type":"GameListRequest:#Messages.RequestMessages","ConvId":{"Pid":9,"Seq":4},"MsgId":{"Pid":9,"Seq":4},"StatusFilter":4}
04/13/2016 05:41:40 [16] DEBUG  PostMan                       : Message Delivered
04/13/2016 05:41:40 [11] DEBUG  PostMan                       : Received UDP (Messages.ReplyMessages.GameListReply, MessageID: 1.294, ConversationID: 9.4)
JSON: {"__type":"GameListReply:#Messages.ReplyMessages","ConvId":{"Pid":9,"Seq":4},"MsgId":{"Pid":1,"Seq":294},"Note":null,"Success":true,"GameInfo":[]}
04/13/2016 05:41:40 [16] DEBUG  Conversation                  : GameListConversation, ConversationID: 9.4: Send succeeded.
04/13/2016 05:41:40 [12] INFO   ispatcher+<>c__DisplayClass7_0: New Message Received: (Messages.ReplyMessages.GameListReply)
04/13/2016 05:41:40 [12] INFO   ispatcher+<>c__DisplayClass7_0: MessageId: 1.294ConversationId: 9.4
04/13/2016 05:41:40 [12] DEBUG  Dispatcher                    : Successsfully queued a new message of type GameListReply, for conversation: 9.4
04/13/2016 05:41:40 [16] DEBUG  Conversation                  : GameListConversation, ConversationID: 9.4: Message available!
04/13/2016 05:41:40 [16] DEBUG  Conversation                  : GameListConversation, ConversationID: 9.4: Message available!
04/13/2016 05:41:40 [16] DEBUG  Conversation                  : GameListConversation, ConversationID: 9.4: Received Message is valid
04/13/2016 05:41:40 [16] DEBUG  Conversation                  : Received a Message of type: GameListReply
04/13/2016 05:41:40 [16] ERROR  Conversation                  : GameListConversation, ConversationID: 9.4: No games are available. 
04/13/2016 05:41:40 [16] ERROR  Conversation                  : GameListConversation, ConversationID: 9.4: Conversation Failed
04/13/2016 05:41:40 [16] ERROR  Conversation                  : GameListConversation, ConversationID: 9.4: Conversation Ending
04/13/2016 05:41:40 [16] INFO   Conversation                  : Conversation Failed
04/13/2016 05:41:40 [16] INFO   BackgroundThread              : Stopping 
04/13/2016 05:41:40 [16] DEBUG  BackgroundThread              : Leaving Stop
04/13/2016 05:41:40 [16] ERROR  Conversation                  : GameListConversation, ConversationID: 9.4: Conversation Failed
04/13/2016 05:41:40 [16] ERROR  Conversation                  : GameListConversation, ConversationID: 9.4: Conversation Ending
04/13/2016 05:41:40 [16] INFO   Conversation                  : Conversation Failed
04/13/2016 05:41:40 [16] INFO   BackgroundThread              : Stopping 
04/13/2016 05:41:40 [16] DEBUG  BackgroundThread              : Leaving Stop
04/13/2016 05:41:40 [10] DEBUG  PlayerProcess                 : In Process GetGameList function.
04/13/2016 05:41:40 [10] DEBUG  ConversationFactory           : Creating Conversation of type GameListConversation
04/13/2016 05:41:40 [10] DEBUG  Dispatcher                    : Adding Conversation Player.Conversation.GameListConversation, 9.5
04/13/2016 05:41:40 [10] DEBUG  Dispatcher                    :       New Queue ID: 9.5
04/13/2016 05:41:40 [10] INFO   BackgroundThread              : Starting 
04/13/2016 05:41:43 [14] DEBUG  GameListConversation          : Queuing game list request. 
04/13/2016 05:41:43 [14] DEBUG  InitiatedConversation         : GameListConversation, ConversationID: 9.5: Conversation Id  for Initiated conversation: 9.5
04/13/2016 05:41:43 [14] DEBUG  Conversation                  : GameListConversation, ConversationID: 9.5: Setting Message IDs
04/13/2016 05:41:43 [14] DEBUG  Conversation                  : GameListConversation, ConversationID: 9.5: Conversation is initiating send.
04/13/2016 05:41:43 [14] DEBUG  PostMan                       : Sending UDP (Messages.RequestMessages.GameListRequest, MessageID: 9.5, ConversationID: 9.5)
Endpoint: 127.0.0.1:12000
JSON: {"__type":"GameListRequest:#Messages.RequestMessages","ConvId":{"Pid":9,"Seq":5},"MsgId":{"Pid":9,"Seq":5},"StatusFilter":4}
04/13/2016 05:41:43 [14] DEBUG  PostMan                       : Message Delivered
04/13/2016 05:41:43 [11] DEBUG  PostMan                       : Received UDP (Messages.ReplyMessages.GameListReply, MessageID: 1.295, ConversationID: 9.5)
JSON: {"__type":"GameListReply:#Messages.ReplyMessages","ConvId":{"Pid":9,"Seq":5},"MsgId":{"Pid":1,"Seq":295},"Note":null,"Success":true,"GameInfo":[]}
04/13/2016 05:41:43 [14] DEBUG  Conversation                  : GameListConversation, ConversationID: 9.5: Send succeeded.
04/13/2016 05:41:43 [12] INFO   ispatcher+<>c__DisplayClass7_0: New Message Received: (Messages.ReplyMessages.GameListReply)
04/13/2016 05:41:43 [12] INFO   ispatcher+<>c__DisplayClass7_0: MessageId: 1.295ConversationId: 9.5
04/13/2016 05:41:43 [12] DEBUG  Dispatcher                    : Successsfully queued a new message of type GameListReply, for conversation: 9.5
04/13/2016 05:41:43 [14] DEBUG  Conversation                  : GameListConversation, ConversationID: 9.5: Message available!
04/13/2016 05:41:43 [14] DEBUG  Conversation                  : GameListConversation, ConversationID: 9.5: Message available!
04/13/2016 05:41:43 [14] DEBUG  Conversation                  : GameListConversation, ConversationID: 9.5: Received Message is valid
04/13/2016 05:41:43 [14] DEBUG  Conversation                  : Received a Message of type: GameListReply
04/13/2016 05:41:43 [14] ERROR  Conversation                  : GameListConversation, ConversationID: 9.5: No games are available. 
04/13/2016 05:41:43 [14] ERROR  Conversation                  : GameListConversation, ConversationID: 9.5: Conversation Failed
04/13/2016 05:41:43 [14] ERROR  Conversation                  : GameListConversation, ConversationID: 9.5: Conversation Ending
04/13/2016 05:41:43 [14] INFO   Conversation                  : Conversation Failed
04/13/2016 05:41:43 [14] INFO   BackgroundThread              : Stopping 
04/13/2016 05:41:43 [14] DEBUG  BackgroundThread              : Leaving Stop
04/13/2016 05:41:43 [14] ERROR  Conversation                  : GameListConversation, ConversationID: 9.5: Conversation Failed
04/13/2016 05:41:43 [14] ERROR  Conversation                  : GameListConversation, ConversationID: 9.5: Conversation Ending
04/13/2016 05:41:43 [14] INFO   Conversation                  : Conversation Failed
04/13/2016 05:41:43 [14] INFO   BackgroundThread              : Stopping 
04/13/2016 05:41:43 [14] DEBUG  BackgroundThread              : Leaving Stop
04/13/2016 05:41:43 [10] DEBUG  PlayerProcess                 : In Process GetGameList function.
04/13/2016 05:41:43 [10] DEBUG  ConversationFactory           : Creating Conversation of type GameListConversation
04/13/2016 05:41:43 [10] DEBUG  Dispatcher                    : Adding Conversation Player.Conversation.GameListConversation, 9.6
04/13/2016 05:41:43 [10] DEBUG  Dispatcher                    :       New Queue ID: 9.6
04/13/2016 05:41:43 [10] INFO   BackgroundThread              : Starting 
04/13/2016 05:41:46 [13] DEBUG  GameListConversation          : Queuing game list request. 
04/13/2016 05:41:46 [13] DEBUG  InitiatedConversation         : GameListConversation, ConversationID: 9.6: Conversation Id  for Initiated conversation: 9.6
04/13/2016 05:41:46 [13] DEBUG  Conversation                  : GameListConversation, ConversationID: 9.6: Setting Message IDs
04/13/2016 05:41:46 [13] DEBUG  Conversation                  : GameListConversation, ConversationID: 9.6: Conversation is initiating send.
04/13/2016 05:41:46 [13] DEBUG  PostMan                       : Sending UDP (Messages.RequestMessages.GameListRequest, MessageID: 9.6, ConversationID: 9.6)
Endpoint: 127.0.0.1:12000
JSON: {"__type":"GameListRequest:#Messages.RequestMessages","ConvId":{"Pid":9,"Seq":6},"MsgId":{"Pid":9,"Seq":6},"StatusFilter":4}
04/13/2016 05:41:46 [13] DEBUG  PostMan                       : Message Delivered
04/13/2016 05:41:46 [11] DEBUG  PostMan                       : Received UDP (Messages.ReplyMessages.GameListReply, MessageID: 1.296, ConversationID: 9.6)
JSON: {"__type":"GameListReply:#Messages.ReplyMessages","ConvId":{"Pid":9,"Seq":6},"MsgId":{"Pid":1,"Seq":296},"Note":null,"Success":true,"GameInfo":[]}
04/13/2016 05:41:46 [13] DEBUG  Conversation                  : GameListConversation, ConversationID: 9.6: Send succeeded.
04/13/2016 05:41:46 [12] INFO   ispatcher+<>c__DisplayClass7_0: New Message Received: (Messages.ReplyMessages.GameListReply)
04/13/2016 05:41:46 [12] INFO   ispatcher+<>c__DisplayClass7_0: MessageId: 1.296ConversationId: 9.6
04/13/2016 05:41:46 [12] DEBUG  Dispatcher                    : Successsfully queued a new message of type GameListReply, for conversation: 9.6
04/13/2016 05:41:46 [13] DEBUG  Conversation                  : GameListConversation, ConversationID: 9.6: Message available!
04/13/2016 05:41:46 [13] DEBUG  Conversation                  : GameListConversation, ConversationID: 9.6: Message available!
04/13/2016 05:41:46 [13] DEBUG  Conversation                  : GameListConversation, ConversationID: 9.6: Received Message is valid
04/13/2016 05:41:46 [13] DEBUG  Conversation                  : Received a Message of type: GameListReply
04/13/2016 05:41:46 [13] ERROR  Conversation                  : GameListConversation, ConversationID: 9.6: No games are available. 
04/13/2016 05:41:46 [13] ERROR  Conversation                  : GameListConversation, ConversationID: 9.6: Conversation Failed
04/13/2016 05:41:46 [13] ERROR  Conversation                  : GameListConversation, ConversationID: 9.6: Conversation Ending
04/13/2016 05:41:46 [13] INFO   Conversation                  : Conversation Failed
04/13/2016 05:41:46 [13] INFO   BackgroundThread              : Stopping 
04/13/2016 05:41:46 [13] DEBUG  BackgroundThread              : Leaving Stop
04/13/2016 05:41:46 [13] ERROR  Conversation                  : GameListConversation, ConversationID: 9.6: Conversation Failed
04/13/2016 05:41:46 [13] ERROR  Conversation                  : GameListConversation, ConversationID: 9.6: Conversation Ending
04/13/2016 05:41:46 [10] DEBUG  PlayerProcess                 : In Process GetGameList function.
04/13/2016 05:41:46 [13] INFO   Conversation                  : Conversation Failed
04/13/2016 05:41:46 [13] INFO   BackgroundThread              : Stopping 
04/13/2016 05:41:46 [13] DEBUG  BackgroundThread              : Leaving Stop
04/13/2016 05:41:46 [10] DEBUG  ConversationFactory           : Creating Conversation of type GameListConversation
04/13/2016 05:41:46 [10] DEBUG  Dispatcher                    : Adding Conversation Player.Conversation.GameListConversation, 9.7
04/13/2016 05:41:46 [10] DEBUG  Dispatcher                    :       New Queue ID: 9.7
04/13/2016 05:41:46 [10] INFO   BackgroundThread              : Starting 
04/13/2016 05:41:48 [17] DEBUG  GameListConversation          : Queuing game list request. 
04/13/2016 05:41:48 [17] DEBUG  InitiatedConversation         : GameListConversation, ConversationID: 9.7: Conversation Id  for Initiated conversation: 9.7
04/13/2016 05:41:48 [17] DEBUG  Conversation                  : GameListConversation, ConversationID: 9.7: Setting Message IDs
04/13/2016 05:41:48 [17] DEBUG  Conversation                  : GameListConversation, ConversationID: 9.7: Conversation is initiating send.
04/13/2016 05:41:48 [17] DEBUG  PostMan                       : Sending UDP (Messages.RequestMessages.GameListRequest, MessageID: 9.7, ConversationID: 9.7)
Endpoint: 127.0.0.1:12000
JSON: {"__type":"GameListRequest:#Messages.RequestMessages","ConvId":{"Pid":9,"Seq":7},"MsgId":{"Pid":9,"Seq":7},"StatusFilter":4}
04/13/2016 05:41:48 [17] DEBUG  PostMan                       : Message Delivered
04/13/2016 05:41:48 [11] DEBUG  PostMan                       : Received UDP (Messages.ReplyMessages.GameListReply, MessageID: 1.297, ConversationID: 9.7)
JSON: {"__type":"GameListReply:#Messages.ReplyMessages","ConvId":{"Pid":9,"Seq":7},"MsgId":{"Pid":1,"Seq":297},"Note":null,"Success":true,"GameInfo":[]}
04/13/2016 05:41:48 [17] DEBUG  Conversation                  : GameListConversation, ConversationID: 9.7: Send succeeded.
04/13/2016 05:41:48 [12] INFO   ispatcher+<>c__DisplayClass7_0: New Message Received: (Messages.ReplyMessages.GameListReply)
04/13/2016 05:41:48 [12] INFO   ispatcher+<>c__DisplayClass7_0: MessageId: 1.297ConversationId: 9.7
04/13/2016 05:41:48 [12] DEBUG  Dispatcher                    : Successsfully queued a new message of type GameListReply, for conversation: 9.7
04/13/2016 05:41:49 [17] DEBUG  Conversation                  : GameListConversation, ConversationID: 9.7: Message available!
04/13/2016 05:41:49 [17] DEBUG  Conversation                  : GameListConversation, ConversationID: 9.7: Message available!
04/13/2016 05:41:49 [17] DEBUG  Conversation                  : GameListConversation, ConversationID: 9.7: Received Message is valid
04/13/2016 05:41:49 [17] DEBUG  Conversation                  : Received a Message of type: GameListReply
04/13/2016 05:41:49 [17] ERROR  Conversation                  : GameListConversation, ConversationID: 9.7: No games are available. 
04/13/2016 05:41:49 [17] ERROR  Conversation                  : GameListConversation, ConversationID: 9.7: Conversation Failed
04/13/2016 05:41:49 [17] ERROR  Conversation                  : GameListConversation, ConversationID: 9.7: Conversation Ending
04/13/2016 05:41:49 [17] INFO   Conversation                  : Conversation Failed
04/13/2016 05:41:49 [17] INFO   BackgroundThread              : Stopping 
04/13/2016 05:41:49 [17] DEBUG  BackgroundThread              : Leaving Stop
04/13/2016 05:41:49 [17] ERROR  Conversation                  : GameListConversation, ConversationID: 9.7: Conversation Failed
04/13/2016 05:41:49 [17] ERROR  Conversation                  : GameListConversation, ConversationID: 9.7: Conversation Ending
04/13/2016 05:41:49 [17] INFO   Conversation                  : Conversation Failed
04/13/2016 05:41:49 [17] INFO   BackgroundThread              : Stopping 
04/13/2016 05:41:49 [17] DEBUG  BackgroundThread              : Leaving Stop
04/13/2016 05:41:49 [10] DEBUG  PlayerProcess                 : In Process GetGameList function.
04/13/2016 05:41:49 [10] DEBUG  ConversationFactory           : Creating Conversation of type GameListConversation
04/13/2016 05:41:49 [10] DEBUG  Dispatcher                    : Adding Conversation Player.Conversation.GameListConversation, 9.8
04/13/2016 05:41:49 [10] DEBUG  Dispatcher                    :       New Queue ID: 9.8
04/13/2016 05:41:49 [10] INFO   BackgroundThread              : Starting 
04/13/2016 05:41:51 [16] DEBUG  GameListConversation          : Queuing game list request. 
04/13/2016 05:41:51 [16] DEBUG  InitiatedConversation         : GameListConversation, ConversationID: 9.8: Conversation Id  for Initiated conversation: 9.8
04/13/2016 05:41:51 [16] DEBUG  Conversation                  : GameListConversation, ConversationID: 9.8: Setting Message IDs
04/13/2016 05:41:51 [16] DEBUG  Conversation                  : GameListConversation, ConversationID: 9.8: Conversation is initiating send.
04/13/2016 05:41:51 [16] DEBUG  PostMan                       : Sending UDP (Messages.RequestMessages.GameListRequest, MessageID: 9.8, ConversationID: 9.8)
Endpoint: 127.0.0.1:12000
JSON: {"__type":"GameListRequest:#Messages.RequestMessages","ConvId":{"Pid":9,"Seq":8},"MsgId":{"Pid":9,"Seq":8},"StatusFilter":4}
04/13/2016 05:41:51 [16] DEBUG  PostMan                       : Message Delivered
04/13/2016 05:41:51 [11] DEBUG  PostMan                       : Received UDP (Messages.ReplyMessages.GameListReply, MessageID: 1.298, ConversationID: 9.8)
JSON: {"__type":"GameListReply:#Messages.ReplyMessages","ConvId":{"Pid":9,"Seq":8},"MsgId":{"Pid":1,"Seq":298},"Note":null,"Success":true,"GameInfo":[]}
04/13/2016 05:41:51 [16] DEBUG  Conversation                  : GameListConversation, ConversationID: 9.8: Send succeeded.
04/13/2016 05:41:51 [12] INFO   ispatcher+<>c__DisplayClass7_0: New Message Received: (Messages.ReplyMessages.GameListReply)
04/13/2016 05:41:51 [12] INFO   ispatcher+<>c__DisplayClass7_0: MessageId: 1.298ConversationId: 9.8
04/13/2016 05:41:51 [12] DEBUG  Dispatcher                    : Successsfully queued a new message of type GameListReply, for conversation: 9.8
04/13/2016 05:41:51 [16] DEBUG  Conversation                  : GameListConversation, ConversationID: 9.8: Message available!
04/13/2016 05:41:51 [16] DEBUG  Conversation                  : GameListConversation, ConversationID: 9.8: Message available!
04/13/2016 05:41:51 [16] DEBUG  Conversation                  : GameListConversation, ConversationID: 9.8: Received Message is valid
04/13/2016 05:41:51 [16] DEBUG  Conversation                  : Received a Message of type: GameListReply
04/13/2016 05:41:51 [16] ERROR  Conversation                  : GameListConversation, ConversationID: 9.8: No games are available. 
04/13/2016 05:41:51 [16] ERROR  Conversation                  : GameListConversation, ConversationID: 9.8: Conversation Failed
04/13/2016 05:41:52 [16] ERROR  Conversation                  : GameListConversation, ConversationID: 9.8: Conversation Ending
04/13/2016 05:41:52 [16] INFO   Conversation                  : Conversation Failed
04/13/2016 05:41:52 [16] INFO   BackgroundThread              : Stopping 
04/13/2016 05:41:52 [16] DEBUG  BackgroundThread              : Leaving Stop
04/13/2016 05:41:52 [16] ERROR  Conversation                  : GameListConversation, ConversationID: 9.8: Conversation Failed
04/13/2016 05:41:52 [16] ERROR  Conversation                  : GameListConversation, ConversationID: 9.8: Conversation Ending
04/13/2016 05:41:52 [16] INFO   Conversation                  : Conversation Failed
04/13/2016 05:41:52 [16] INFO   BackgroundThread              : Stopping 
04/13/2016 05:41:52 [16] DEBUG  BackgroundThread              : Leaving Stop
04/13/2016 05:41:52 [10] DEBUG  PlayerProcess                 : In Process GetGameList function.
04/13/2016 05:41:52 [10] DEBUG  ConversationFactory           : Creating Conversation of type GameListConversation
04/13/2016 05:41:52 [10] DEBUG  Dispatcher                    : Adding Conversation Player.Conversation.GameListConversation, 9.9
04/13/2016 05:41:52 [10] DEBUG  Dispatcher                    :       New Queue ID: 9.9
04/13/2016 05:41:52 [10] INFO   BackgroundThread              : Starting 
04/13/2016 05:41:53 [11] DEBUG  PostMan                       : Received UDP (Messages.RequestMessages.ShutdownRequest, MessageID: 1.299, ConversationID: 1.299)
JSON: {"__type":"ShutdownRequest:#Messages.RequestMessages","ConvId":{"Pid":1,"Seq":299},"MsgId":{"Pid":1,"Seq":299}}
04/13/2016 05:41:53 [12] INFO   ispatcher+<>c__DisplayClass7_0: New Message Received: (Messages.RequestMessages.ShutdownRequest)
04/13/2016 05:41:53 [12] INFO   ispatcher+<>c__DisplayClass7_0: MessageId: 1.299ConversationId: 1.299
04/13/2016 05:41:53 [12] DEBUG  Dispatcher                    : Conversation  with id= 1.299 does not exist, trying to create new conversation.
04/13/2016 05:41:53 [12] ERROR  ConversationFactory           : Factory does not have a mapping for type: Messages.RequestMessages.ShutdownRequest
04/13/2016 05:41:53 [12] ERROR  Dispatcher                    : New conversation returned from factory is Null!
04/13/2016 05:41:53 [12] ERROR  Dispatcher                    : An error was encountered while creating a new conversation queue
04/13/2016 05:41:54 [13] DEBUG  GameListConversation          : Queuing game list request. 
04/13/2016 05:41:54 [13] DEBUG  InitiatedConversation         : GameListConversation, ConversationID: 9.9: Conversation Id  for Initiated conversation: 9.9
04/13/2016 05:41:54 [13] DEBUG  Conversation                  : GameListConversation, ConversationID: 9.9: Setting Message IDs
04/13/2016 05:41:54 [13] DEBUG  Conversation                  : GameListConversation, ConversationID: 9.9: Conversation is initiating send.
04/13/2016 05:41:54 [13] DEBUG  PostMan                       : Sending UDP (Messages.RequestMessages.GameListRequest, MessageID: 9.9, ConversationID: 9.9)
Endpoint: 127.0.0.1:12000
JSON: {"__type":"GameListRequest:#Messages.RequestMessages","ConvId":{"Pid":9,"Seq":9},"MsgId":{"Pid":9,"Seq":9},"StatusFilter":4}
04/13/2016 05:41:54 [13] DEBUG  PostMan                       : Message Delivered
04/13/2016 05:41:54 [13] DEBUG  Conversation                  : GameListConversation, ConversationID: 9.9: Send succeeded.
04/13/2016 05:42:00 [13] DEBUG  GameListConversation          : Queuing game list request. 
04/13/2016 05:42:00 [13] DEBUG  InitiatedConversation         : GameListConversation, ConversationID: 9.9: Conversation Id  for Initiated conversation: 9.9
04/13/2016 05:42:00 [13] DEBUG  Conversation                  : GameListConversation, ConversationID: 9.9: Setting Message IDs
04/13/2016 05:42:00 [13] DEBUG  Conversation                  : GameListConversation, ConversationID: 9.9: Conversation is initiating send.
04/13/2016 05:42:00 [13] DEBUG  PostMan                       : Sending UDP (Messages.RequestMessages.GameListRequest, MessageID: 9.9, ConversationID: 9.9)
Endpoint: 127.0.0.1:12000
JSON: {"__type":"GameListRequest:#Messages.RequestMessages","ConvId":{"Pid":9,"Seq":9},"MsgId":{"Pid":9,"Seq":9},"StatusFilter":4}
04/13/2016 05:42:00 [13] DEBUG  PostMan                       : Message Delivered
04/13/2016 05:42:00 [13] DEBUG  Conversation                  : GameListConversation, ConversationID: 9.9: Send succeeded.
04/13/2016 05:42:07 [13] DEBUG  GameListConversation          : Queuing game list request. 
04/13/2016 05:42:07 [13] DEBUG  InitiatedConversation         : GameListConversation, ConversationID: 9.9: Conversation Id  for Initiated conversation: 9.9
04/13/2016 05:42:07 [13] DEBUG  Conversation                  : GameListConversation, ConversationID: 9.9: Setting Message IDs
04/13/2016 05:42:07 [13] DEBUG  Conversation                  : GameListConversation, ConversationID: 9.9: Conversation is initiating send.
04/13/2016 05:42:07 [13] DEBUG  PostMan                       : Sending UDP (Messages.RequestMessages.GameListRequest, MessageID: 9.9, ConversationID: 9.9)
Endpoint: 127.0.0.1:12000
JSON: {"__type":"GameListRequest:#Messages.RequestMessages","ConvId":{"Pid":9,"Seq":9},"MsgId":{"Pid":9,"Seq":9},"StatusFilter":4}
04/13/2016 05:42:07 [13] DEBUG  PostMan                       : Message Delivered
04/13/2016 05:42:07 [13] DEBUG  Conversation                  : GameListConversation, ConversationID: 9.9: Send succeeded.
04/13/2016 05:42:11 [13] ERROR  Conversation                  : GameListConversation, ConversationID: 9.9: Conversation Failed
04/13/2016 05:42:11 [13] ERROR  Conversation                  : GameListConversation, ConversationID: 9.9: Conversation Ending
04/13/2016 05:42:11 [13] INFO   Conversation                  : Conversation Failed
04/13/2016 05:42:11 [13] INFO   BackgroundThread              : Stopping 
04/13/2016 05:42:11 [13] DEBUG  BackgroundThread              : Leaving Stop
04/13/2016 05:42:11 [10] DEBUG  PlayerProcess                 : In Process GetGameList function.
04/13/2016 05:42:11 [10] DEBUG  ConversationFactory           : Creating Conversation of type GameListConversation
04/13/2016 05:42:11 [10] DEBUG  Dispatcher                    : Adding Conversation Player.Conversation.GameListConversation, 9.10
04/13/2016 05:42:11 [10] DEBUG  Dispatcher                    :       New Queue ID: 9.10
04/13/2016 05:42:11 [10] INFO   BackgroundThread              : Starting 
04/13/2016 05:42:13 [14] DEBUG  GameListConversation          : Queuing game list request. 
04/13/2016 05:42:13 [14] DEBUG  InitiatedConversation         : GameListConversation, ConversationID: 9.10: Conversation Id  for Initiated conversation: 9.10
04/13/2016 05:42:13 [14] DEBUG  Conversation                  : GameListConversation, ConversationID: 9.10: Setting Message IDs
04/13/2016 05:42:13 [14] DEBUG  Conversation                  : GameListConversation, ConversationID: 9.10: Conversation is initiating send.
04/13/2016 05:42:13 [14] DEBUG  PostMan                       : Sending UDP (Messages.RequestMessages.GameListRequest, MessageID: 9.10, ConversationID: 9.10)
Endpoint: 127.0.0.1:12000
JSON: {"__type":"GameListRequest:#Messages.RequestMessages","ConvId":{"Pid":9,"Seq":10},"MsgId":{"Pid":9,"Seq":10},"StatusFilter":4}
04/13/2016 05:42:13 [14] DEBUG  PostMan                       : Message Delivered
04/13/2016 05:42:13 [14] DEBUG  Conversation                  : GameListConversation, ConversationID: 9.10: Send succeeded.
04/13/2016 05:42:20 [14] DEBUG  GameListConversation          : Queuing game list request. 
04/13/2016 05:42:20 [14] DEBUG  InitiatedConversation         : GameListConversation, ConversationID: 9.10: Conversation Id  for Initiated conversation: 9.10
04/13/2016 05:42:20 [14] DEBUG  Conversation                  : GameListConversation, ConversationID: 9.10: Setting Message IDs
04/13/2016 05:42:20 [14] DEBUG  Conversation                  : GameListConversation, ConversationID: 9.10: Conversation is initiating send.
04/13/2016 05:42:20 [14] DEBUG  PostMan                       : Sending UDP (Messages.RequestMessages.GameListRequest, MessageID: 9.10, ConversationID: 9.10)
Endpoint: 127.0.0.1:12000
JSON: {"__type":"GameListRequest:#Messages.RequestMessages","ConvId":{"Pid":9,"Seq":10},"MsgId":{"Pid":9,"Seq":10},"StatusFilter":4}
04/13/2016 05:42:20 [14] DEBUG  PostMan                       : Message Delivered
04/13/2016 05:42:20 [14] DEBUG  Conversation                  : GameListConversation, ConversationID: 9.10: Send succeeded.
