04/13/2016 02:52:29 [ 7] DEBUG  PlayerConnection              : Using Local Settings.
04/13/2016 02:52:29 [ 7] DEBUG  PlayerConnection              : Starting Application. 
04/13/2016 02:52:29 [ 7] DEBUG  PlayerConnection              : Initializing Subsystem
04/13/2016 02:52:29 [ 7] DEBUG  PlayerProcess                 : Initializeing Player Subsystem.
04/13/2016 02:52:29 [ 7] DEBUG  PlayerConnection              : Initializing Player
04/13/2016 02:52:29 [ 7] DEBUG  PlayerProcess                 : Initializing Player Details.
04/13/2016 02:52:30 [ 7] INFO   BackgroundThread              : Starting 
04/13/2016 02:52:30 [13] INFO   BackgroundThread              : Starting 
04/13/2016 02:52:30 [13] DEBUG  PlayerProcess                 : In Process Login function.
04/13/2016 02:52:30 [13] DEBUG  ConversationFactory           : Creating Conversation of type LoginConversation
04/13/2016 02:52:30 [13] DEBUG  Dispatcher                    : Adding Conversation Player.Conversation.LoginConversation, 0.1
04/13/2016 02:52:30 [13] DEBUG  Dispatcher                    :       New Queue ID: 0.1
04/13/2016 02:52:30 [13] INFO   BackgroundThread              : Starting 
04/13/2016 02:52:32 [10] DEBUG  LoginConversation             : Creating login request. 
04/13/2016 02:52:32 [10] DEBUG  InitiatedConversation         : LoginConversation, ConversationID: 0.1: Conversation Id  for Initiated conversation: 0.1
04/13/2016 02:52:32 [10] DEBUG  Conversation                  : LoginConversation, ConversationID: 0.1: Setting Message IDs
04/13/2016 02:52:32 [10] DEBUG  Conversation                  : LoginConversation, ConversationID: 0.1: Conversation is initiating send.
04/13/2016 02:52:32 [10] DEBUG  PostMan                       : Sending UDP (Messages.RequestMessages.LoginRequest, MessageID: 0.1, ConversationID: 0.1)
Endpoint: 127.0.0.1:12000
JSON: {"__type":"LoginRequest:#Messages.RequestMessages","ConvId":{"Pid":0,"Seq":1},"MsgId":{"Pid":0,"Seq":1},"Identity":{"ANumber":"A00000001","Alias":"The Instructor","FirstName":"The","LastName":"Instructor"},"ProcessLabel":"The Instructor","ProcessType":3,"PublicKey":null}
04/13/2016 02:52:32 [10] DEBUG  PostMan                       : Message Delivered
04/13/2016 02:52:32 [ 9] DEBUG  PostMan                       : Received UDP (Messages.ReplyMessages.LoginReply, MessageID: 1.2161, ConversationID: 0.1)
JSON: {"__type":"LoginReply:#Messages.ReplyMessages","ConvId":{"Pid":0,"Seq":1},"MsgId":{"Pid":1,"Seq":2161},"Note":"Logged in","Success":true,"PennyBankEndPoint":{"Host":"127.0.0.1","Port":12003},"PennyBankPublicKey":null,"ProcessInfo":{"EndPoint":{"Host":"127.0.0.1","Port":10000},"Label":"The Instructor","ProcessId":28,"Status":3,"Type":3},"ProxyEndPoint":{"Host":"127.0.0.1","Port":12002}}
04/13/2016 02:52:32 [10] DEBUG  Conversation                  : LoginConversation, ConversationID: 0.1: Send succeeded.
04/13/2016 02:52:32 [11] INFO   ispatcher+<>c__DisplayClass7_0: New Message Received: (Messages.ReplyMessages.LoginReply)
04/13/2016 02:52:32 [11] INFO   ispatcher+<>c__DisplayClass7_0: MessageId: 1.2161ConversationId: 0.1
04/13/2016 02:52:32 [11] DEBUG  Dispatcher                    : Successsfully queued a new message of type LoginReply, for conversation: 0.1
04/13/2016 02:52:32 [10] DEBUG  Conversation                  : LoginConversation, ConversationID: 0.1: Message available!
04/13/2016 02:52:32 [10] DEBUG  Conversation                  : LoginConversation, ConversationID: 0.1: Message available!
04/13/2016 02:52:32 [10] DEBUG  Conversation                  : LoginConversation, ConversationID: 0.1: Received Message is valid
04/13/2016 02:52:32 [10] DEBUG  Conversation                  : Received a Message of type: LoginReply
04/13/2016 02:52:32 [10] DEBUG  LoginConversation             : Proxy endpoint is 127.0.0.1:12003
04/13/2016 02:52:32 [10] INFO   Conversation                  : Conversation Succeeded
04/13/2016 02:52:32 [10] INFO   Conversation                  : Conversation Succeeded
04/13/2016 02:52:32 [13] DEBUG  PlayerProcess                 : In Process GetGameList function.
04/13/2016 02:52:32 [13] DEBUG  ConversationFactory           : Creating Conversation of type GameListConversation
04/13/2016 02:52:32 [13] DEBUG  Dispatcher                    : Adding Conversation Player.Conversation.GameListConversation, 28.2
04/13/2016 02:52:32 [13] DEBUG  Dispatcher                    :       New Queue ID: 28.2
04/13/2016 02:52:32 [13] INFO   BackgroundThread              : Starting 
04/13/2016 02:52:35 [15] DEBUG  GameListConversation          : Queuing game list request. 
04/13/2016 02:52:35 [15] DEBUG  InitiatedConversation         : GameListConversation, ConversationID: 28.2: Conversation Id  for Initiated conversation: 28.2
04/13/2016 02:52:35 [15] DEBUG  Conversation                  : GameListConversation, ConversationID: 28.2: Setting Message IDs
04/13/2016 02:52:35 [15] DEBUG  Conversation                  : GameListConversation, ConversationID: 28.2: Conversation is initiating send.
04/13/2016 02:52:35 [15] DEBUG  PostMan                       : Sending UDP (Messages.RequestMessages.GameListRequest, MessageID: 28.2, ConversationID: 28.2)
Endpoint: 127.0.0.1:12000
JSON: {"__type":"GameListRequest:#Messages.RequestMessages","ConvId":{"Pid":28,"Seq":2},"MsgId":{"Pid":28,"Seq":2},"StatusFilter":4}
04/13/2016 02:52:35 [15] DEBUG  PostMan                       : Message Delivered
04/13/2016 02:52:35 [15] DEBUG  Conversation                  : GameListConversation, ConversationID: 28.2: Send succeeded.
04/13/2016 02:52:35 [ 9] DEBUG  PostMan                       : Received UDP (Messages.ReplyMessages.GameListReply, MessageID: 1.2162, ConversationID: 28.2)
JSON: {"__type":"GameListReply:#Messages.ReplyMessages","ConvId":{"Pid":28,"Seq":2},"MsgId":{"Pid":1,"Seq":2162},"Note":null,"Success":true,"GameInfo":[]}
04/13/2016 02:52:35 [10] INFO   ispatcher+<>c__DisplayClass7_0: New Message Received: (Messages.ReplyMessages.GameListReply)
04/13/2016 02:52:35 [10] INFO   ispatcher+<>c__DisplayClass7_0: MessageId: 1.2162ConversationId: 28.2
04/13/2016 02:52:35 [10] DEBUG  Dispatcher                    : Successsfully queued a new message of type GameListReply, for conversation: 28.2
04/13/2016 02:52:35 [15] DEBUG  Conversation                  : GameListConversation, ConversationID: 28.2: Message available!
04/13/2016 02:52:35 [15] DEBUG  Conversation                  : GameListConversation, ConversationID: 28.2: Message available!
04/13/2016 02:52:35 [15] DEBUG  Conversation                  : GameListConversation, ConversationID: 28.2: Received Message is valid
04/13/2016 02:52:35 [15] DEBUG  Conversation                  : Received a Message of type: GameListReply
04/13/2016 02:52:35 [15] ERROR  Conversation                  : GameListConversation, ConversationID: 28.2: No games are available. 
04/13/2016 02:52:35 [15] ERROR  Conversation                  : GameListConversation, ConversationID: 28.2: Conversation Failed
04/13/2016 02:52:35 [15] ERROR  Conversation                  : GameListConversation, ConversationID: 28.2: Conversation Ending
04/13/2016 02:52:35 [15] INFO   Conversation                  : Conversation Failed
04/13/2016 02:52:35 [15] INFO   BackgroundThread              : Stopping 
04/13/2016 02:52:35 [15] DEBUG  BackgroundThread              : Leaving Stop
04/13/2016 02:52:35 [15] ERROR  Conversation                  : GameListConversation, ConversationID: 28.2: Conversation Failed
04/13/2016 02:52:35 [15] ERROR  Conversation                  : GameListConversation, ConversationID: 28.2: Conversation Ending
04/13/2016 02:52:35 [13] DEBUG  PlayerProcess                 : In Process GetGameList function.
04/13/2016 02:52:35 [15] INFO   Conversation                  : Conversation Failed
04/13/2016 02:52:35 [15] INFO   BackgroundThread              : Stopping 
04/13/2016 02:52:35 [15] DEBUG  BackgroundThread              : Leaving Stop
04/13/2016 02:52:35 [13] DEBUG  ConversationFactory           : Creating Conversation of type GameListConversation
04/13/2016 02:52:35 [13] DEBUG  Dispatcher                    : Adding Conversation Player.Conversation.GameListConversation, 28.3
04/13/2016 02:52:35 [13] DEBUG  Dispatcher                    :       New Queue ID: 28.3
04/13/2016 02:52:35 [13] INFO   BackgroundThread              : Starting 
04/13/2016 02:52:37 [12] DEBUG  GameListConversation          : Queuing game list request. 
04/13/2016 02:52:37 [12] DEBUG  InitiatedConversation         : GameListConversation, ConversationID: 28.3: Conversation Id  for Initiated conversation: 28.3
04/13/2016 02:52:37 [12] DEBUG  Conversation                  : GameListConversation, ConversationID: 28.3: Setting Message IDs
04/13/2016 02:52:37 [12] DEBUG  Conversation                  : GameListConversation, ConversationID: 28.3: Conversation is initiating send.
04/13/2016 02:52:37 [12] DEBUG  PostMan                       : Sending UDP (Messages.RequestMessages.GameListRequest, MessageID: 28.3, ConversationID: 28.3)
Endpoint: 127.0.0.1:12000
JSON: {"__type":"GameListRequest:#Messages.RequestMessages","ConvId":{"Pid":28,"Seq":3},"MsgId":{"Pid":28,"Seq":3},"StatusFilter":4}
04/13/2016 02:52:37 [12] DEBUG  PostMan                       : Message Delivered
04/13/2016 02:52:37 [ 9] DEBUG  PostMan                       : Received UDP (Messages.ReplyMessages.GameListReply, MessageID: 1.2163, ConversationID: 28.3)
JSON: {"__type":"GameListReply:#Messages.ReplyMessages","ConvId":{"Pid":28,"Seq":3},"MsgId":{"Pid":1,"Seq":2163},"Note":null,"Success":true,"GameInfo":[]}
04/13/2016 02:52:37 [12] DEBUG  Conversation                  : GameListConversation, ConversationID: 28.3: Send succeeded.
04/13/2016 02:52:37 [14] INFO   ispatcher+<>c__DisplayClass7_0: New Message Received: (Messages.ReplyMessages.GameListReply)
04/13/2016 02:52:38 [14] INFO   ispatcher+<>c__DisplayClass7_0: MessageId: 1.2163ConversationId: 28.3
04/13/2016 02:52:38 [14] DEBUG  Dispatcher                    : Successsfully queued a new message of type GameListReply, for conversation: 28.3
04/13/2016 02:52:38 [12] DEBUG  Conversation                  : GameListConversation, ConversationID: 28.3: Message available!
04/13/2016 02:52:38 [12] DEBUG  Conversation                  : GameListConversation, ConversationID: 28.3: Message available!
04/13/2016 02:52:38 [12] DEBUG  Conversation                  : GameListConversation, ConversationID: 28.3: Received Message is valid
04/13/2016 02:52:38 [12] DEBUG  Conversation                  : Received a Message of type: GameListReply
04/13/2016 02:52:38 [12] ERROR  Conversation                  : GameListConversation, ConversationID: 28.3: No games are available. 
04/13/2016 02:52:38 [12] ERROR  Conversation                  : GameListConversation, ConversationID: 28.3: Conversation Failed
04/13/2016 02:52:38 [12] ERROR  Conversation                  : GameListConversation, ConversationID: 28.3: Conversation Ending
04/13/2016 02:52:38 [12] INFO   Conversation                  : Conversation Failed
04/13/2016 02:52:38 [12] INFO   BackgroundThread              : Stopping 
04/13/2016 02:52:38 [12] DEBUG  BackgroundThread              : Leaving Stop
04/13/2016 02:52:38 [12] ERROR  Conversation                  : GameListConversation, ConversationID: 28.3: Conversation Failed
04/13/2016 02:52:38 [12] ERROR  Conversation                  : GameListConversation, ConversationID: 28.3: Conversation Ending
04/13/2016 02:52:38 [12] INFO   Conversation                  : Conversation Failed
04/13/2016 02:52:38 [12] INFO   BackgroundThread              : Stopping 
04/13/2016 02:52:38 [12] DEBUG  BackgroundThread              : Leaving Stop
04/13/2016 02:52:38 [13] DEBUG  PlayerProcess                 : In Process GetGameList function.
04/13/2016 02:52:38 [13] DEBUG  ConversationFactory           : Creating Conversation of type GameListConversation
04/13/2016 02:52:38 [13] DEBUG  Dispatcher                    : Adding Conversation Player.Conversation.GameListConversation, 28.4
04/13/2016 02:52:38 [13] DEBUG  Dispatcher                    :       New Queue ID: 28.4
04/13/2016 02:52:38 [13] INFO   BackgroundThread              : Starting 
04/13/2016 02:52:39 [ 9] DEBUG  PostMan                       : Received UDP (Messages.RequestMessages.AliveRequest, MessageID: 1.2160, ConversationID: 1.2160)
JSON: {"__type":"AliveRequest:#Messages.RequestMessages","ConvId":{"Pid":1,"Seq":2160},"MsgId":{"Pid":1,"Seq":2160}}
04/13/2016 02:52:39 [10] INFO   ispatcher+<>c__DisplayClass7_0: New Message Received: (Messages.RequestMessages.AliveRequest)
04/13/2016 02:52:39 [10] INFO   ispatcher+<>c__DisplayClass7_0: MessageId: 1.2160ConversationId: 1.2160
04/13/2016 02:52:39 [10] DEBUG  Dispatcher                    : Conversation  with id= 1.2160 does not exist, trying to create new conversation.
04/13/2016 02:52:39 [10] DEBUG  ConversationFactory           : Creating Conversation of type AliveConversation
04/13/2016 02:52:39 [10] DEBUG  Dispatcher                    : Adding Conversation Player.Conversation.AliveConversation, 1.2160
04/13/2016 02:52:39 [10] DEBUG  Dispatcher                    :       New Queue ID: 1.2160
04/13/2016 02:52:39 [10] DEBUG  Dispatcher                    : Successsfully queued a new message of type AliveRequest, for conversation: 1.2160
04/13/2016 02:52:39 [10] INFO   BackgroundThread              : Starting 
04/13/2016 02:52:39 [12] DEBUG  Conversation                  : AliveConversation, ConversationID: 1.2160: Message available!
04/13/2016 02:52:39 [12] DEBUG  Conversation                  : AliveConversation, ConversationID: 1.2160: Message available!
04/13/2016 02:52:39 [12] DEBUG  Conversation                  : AliveConversation, ConversationID: 1.2160: Message available!
04/13/2016 02:52:39 [12] DEBUG  Conversation                  : AliveConversation, ConversationID: 1.2160: Received Message is valid
04/13/2016 02:52:39 [12] DEBUG  Conversation                  : Received a Message of type: AliveRequest
04/13/2016 02:52:39 [12] DEBUG  AliveConversation             : Creating Alive Response
04/13/2016 02:52:39 [12] DEBUG  ResponseConversation          : AliveConversation, ConversationID: 1.2160: Conversation Id  for Response conversation: 1.2160
04/13/2016 02:52:39 [12] DEBUG  Conversation                  : AliveConversation, ConversationID: 1.2160: Setting Message IDs
04/13/2016 02:52:39 [12] DEBUG  Conversation                  : AliveConversation, ConversationID: 1.2160: Conversation is initiating send.
04/13/2016 02:52:39 [12] DEBUG  PostMan                       : Sending UDP (Messages.ReplyMessages.Reply, MessageID: 28.5, ConversationID: 1.2160)
Endpoint: 127.0.0.1:12000
JSON: {"__type":"Reply:#Messages.ReplyMessages","ConvId":{"Pid":1,"Seq":2160},"MsgId":{"Pid":28,"Seq":5},"Note":"I'm Alive","Success":true}
04/13/2016 02:52:39 [12] DEBUG  PostMan                       : Message Delivered
04/13/2016 02:52:39 [12] DEBUG  Conversation                  : AliveConversation, ConversationID: 1.2160: Send succeeded.
04/13/2016 02:52:40 [16] DEBUG  GameListConversation          : Queuing game list request. 
04/13/2016 02:52:40 [16] DEBUG  InitiatedConversation         : GameListConversation, ConversationID: 28.4: Conversation Id  for Initiated conversation: 28.4
04/13/2016 02:52:40 [16] DEBUG  Conversation                  : GameListConversation, ConversationID: 28.4: Setting Message IDs
04/13/2016 02:52:40 [16] DEBUG  Conversation                  : GameListConversation, ConversationID: 28.4: Conversation is initiating send.
04/13/2016 02:52:40 [16] DEBUG  PostMan                       : Sending UDP (Messages.RequestMessages.GameListRequest, MessageID: 28.4, ConversationID: 28.4)
Endpoint: 127.0.0.1:12000
JSON: {"__type":"GameListRequest:#Messages.RequestMessages","ConvId":{"Pid":28,"Seq":4},"MsgId":{"Pid":28,"Seq":4},"StatusFilter":4}
04/13/2016 02:52:40 [16] DEBUG  PostMan                       : Message Delivered
04/13/2016 02:52:40 [ 9] DEBUG  PostMan                       : Received UDP (Messages.ReplyMessages.GameListReply, MessageID: 1.2164, ConversationID: 28.4)
JSON: {"__type":"GameListReply:#Messages.ReplyMessages","ConvId":{"Pid":28,"Seq":4},"MsgId":{"Pid":1,"Seq":2164},"Note":null,"Success":true,"GameInfo":[]}
04/13/2016 02:52:40 [16] DEBUG  Conversation                  : GameListConversation, ConversationID: 28.4: Send succeeded.
04/13/2016 02:52:40 [10] INFO   ispatcher+<>c__DisplayClass7_0: New Message Received: (Messages.ReplyMessages.GameListReply)
04/13/2016 02:52:40 [10] INFO   ispatcher+<>c__DisplayClass7_0: MessageId: 1.2164ConversationId: 28.4
04/13/2016 02:52:40 [10] DEBUG  Dispatcher                    : Successsfully queued a new message of type GameListReply, for conversation: 28.4
04/13/2016 02:52:40 [16] DEBUG  Conversation                  : GameListConversation, ConversationID: 28.4: Message available!
04/13/2016 02:52:40 [16] DEBUG  Conversation                  : GameListConversation, ConversationID: 28.4: Message available!
04/13/2016 02:52:40 [16] DEBUG  Conversation                  : GameListConversation, ConversationID: 28.4: Received Message is valid
04/13/2016 02:52:40 [16] DEBUG  Conversation                  : Received a Message of type: GameListReply
04/13/2016 02:52:40 [16] ERROR  Conversation                  : GameListConversation, ConversationID: 28.4: No games are available. 
04/13/2016 02:52:40 [16] ERROR  Conversation                  : GameListConversation, ConversationID: 28.4: Conversation Failed
04/13/2016 02:52:40 [16] ERROR  Conversation                  : GameListConversation, ConversationID: 28.4: Conversation Ending
04/13/2016 02:52:41 [16] INFO   Conversation                  : Conversation Failed
04/13/2016 02:52:41 [16] INFO   BackgroundThread              : Stopping 
04/13/2016 02:52:41 [16] DEBUG  BackgroundThread              : Leaving Stop
04/13/2016 02:52:41 [16] ERROR  Conversation                  : GameListConversation, ConversationID: 28.4: Conversation Failed
04/13/2016 02:52:41 [16] ERROR  Conversation                  : GameListConversation, ConversationID: 28.4: Conversation Ending
04/13/2016 02:52:41 [16] INFO   Conversation                  : Conversation Failed
04/13/2016 02:52:41 [16] INFO   BackgroundThread              : Stopping 
04/13/2016 02:52:41 [16] DEBUG  BackgroundThread              : Leaving Stop
04/13/2016 02:52:41 [13] DEBUG  PlayerProcess                 : In Process GetGameList function.
04/13/2016 02:52:41 [13] DEBUG  ConversationFactory           : Creating Conversation of type GameListConversation
04/13/2016 02:52:41 [13] DEBUG  Dispatcher                    : Adding Conversation Player.Conversation.GameListConversation, 28.6
04/13/2016 02:52:41 [13] DEBUG  Dispatcher                    :       New Queue ID: 28.6
04/13/2016 02:52:41 [13] INFO   BackgroundThread              : Starting 
04/13/2016 02:52:43 [14] DEBUG  GameListConversation          : Queuing game list request. 
04/13/2016 02:52:43 [14] DEBUG  InitiatedConversation         : GameListConversation, ConversationID: 28.6: Conversation Id  for Initiated conversation: 28.6
04/13/2016 02:52:43 [14] DEBUG  Conversation                  : GameListConversation, ConversationID: 28.6: Setting Message IDs
04/13/2016 02:52:43 [14] DEBUG  Conversation                  : GameListConversation, ConversationID: 28.6: Conversation is initiating send.
04/13/2016 02:52:43 [14] DEBUG  PostMan                       : Sending UDP (Messages.RequestMessages.GameListRequest, MessageID: 28.6, ConversationID: 28.6)
Endpoint: 127.0.0.1:12000
JSON: {"__type":"GameListRequest:#Messages.RequestMessages","ConvId":{"Pid":28,"Seq":6},"MsgId":{"Pid":28,"Seq":6},"StatusFilter":4}
04/13/2016 02:52:43 [14] DEBUG  PostMan                       : Message Delivered
04/13/2016 02:52:43 [ 9] DEBUG  PostMan                       : Received UDP (Messages.ReplyMessages.GameListReply, MessageID: 1.2165, ConversationID: 28.6)
JSON: {"__type":"GameListReply:#Messages.ReplyMessages","ConvId":{"Pid":28,"Seq":6},"MsgId":{"Pid":1,"Seq":2165},"Note":null,"Success":true,"GameInfo":[]}
04/13/2016 02:52:43 [14] DEBUG  Conversation                  : GameListConversation, ConversationID: 28.6: Send succeeded.
04/13/2016 02:52:43 [15] INFO   ispatcher+<>c__DisplayClass7_0: New Message Received: (Messages.ReplyMessages.GameListReply)
04/13/2016 02:52:43 [15] INFO   ispatcher+<>c__DisplayClass7_0: MessageId: 1.2165ConversationId: 28.6
04/13/2016 02:52:43 [15] DEBUG  Dispatcher                    : Successsfully queued a new message of type GameListReply, for conversation: 28.6
04/13/2016 02:52:43 [14] DEBUG  Conversation                  : GameListConversation, ConversationID: 28.6: Message available!
04/13/2016 02:52:43 [14] DEBUG  Conversation                  : GameListConversation, ConversationID: 28.6: Message available!
04/13/2016 02:52:43 [14] DEBUG  Conversation                  : GameListConversation, ConversationID: 28.6: Received Message is valid
04/13/2016 02:52:43 [14] DEBUG  Conversation                  : Received a Message of type: GameListReply
04/13/2016 02:52:43 [14] ERROR  Conversation                  : GameListConversation, ConversationID: 28.6: No games are available. 
04/13/2016 02:52:43 [14] ERROR  Conversation                  : GameListConversation, ConversationID: 28.6: Conversation Failed
04/13/2016 02:52:43 [14] ERROR  Conversation                  : GameListConversation, ConversationID: 28.6: Conversation Ending
04/13/2016 02:52:43 [14] INFO   Conversation                  : Conversation Failed
04/13/2016 02:52:43 [14] INFO   BackgroundThread              : Stopping 
04/13/2016 02:52:43 [14] DEBUG  BackgroundThread              : Leaving Stop
04/13/2016 02:52:43 [14] ERROR  Conversation                  : GameListConversation, ConversationID: 28.6: Conversation Failed
04/13/2016 02:52:43 [14] ERROR  Conversation                  : GameListConversation, ConversationID: 28.6: Conversation Ending
04/13/2016 02:52:43 [14] INFO   Conversation                  : Conversation Failed
04/13/2016 02:52:43 [14] INFO   BackgroundThread              : Stopping 
04/13/2016 02:52:43 [14] DEBUG  BackgroundThread              : Leaving Stop
04/13/2016 02:52:44 [13] DEBUG  PlayerProcess                 : In Process GetGameList function.
04/13/2016 02:52:44 [13] DEBUG  ConversationFactory           : Creating Conversation of type GameListConversation
04/13/2016 02:52:44 [13] DEBUG  Dispatcher                    : Adding Conversation Player.Conversation.GameListConversation, 28.7
04/13/2016 02:52:44 [13] DEBUG  Dispatcher                    :       New Queue ID: 28.7
04/13/2016 02:52:44 [13] INFO   BackgroundThread              : Starting 
