04/13/2016 05:45:16 [ 9] DEBUG  PlayerConnection              : Using Local Settings.
04/13/2016 05:45:16 [ 9] DEBUG  PlayerConnection              : Starting Application. 
04/13/2016 05:45:16 [ 9] DEBUG  PlayerConnection              : Initializing Subsystem
04/13/2016 05:45:16 [ 9] DEBUG  PlayerProcess                 : Initializeing Player Subsystem.
04/13/2016 05:45:16 [ 9] DEBUG  PlayerConnection              : Initializing Player
04/13/2016 05:45:16 [ 9] DEBUG  PlayerProcess                 : Initializing Player Details.
04/13/2016 05:45:16 [ 9] INFO   BackgroundThread              : Starting 
04/13/2016 05:45:16 [ 6] INFO   BackgroundThread              : Starting 
04/13/2016 05:45:17 [ 6] DEBUG  PlayerProcess                 : In Process Login function.
04/13/2016 05:45:17 [ 6] DEBUG  ConversationFactory           : Creating Conversation of type LoginConversation
04/13/2016 05:45:17 [ 6] DEBUG  Dispatcher                    : Adding Conversation Player.Conversation.LoginConversation, 0.1
04/13/2016 05:45:17 [ 6] DEBUG  Dispatcher                    :       New Queue ID: 0.1
04/13/2016 05:45:17 [ 6] INFO   BackgroundThread              : Starting 
04/13/2016 05:45:19 [13] DEBUG  LoginConversation             : Creating login request. 
04/13/2016 05:45:19 [13] DEBUG  InitiatedConversation         : LoginConversation, ConversationID: 0.1: Conversation Id  for Initiated conversation: 0.1
04/13/2016 05:45:19 [13] DEBUG  Conversation                  : LoginConversation, ConversationID: 0.1: Setting Message IDs
04/13/2016 05:45:19 [13] DEBUG  Conversation                  : LoginConversation, ConversationID: 0.1: Conversation is initiating send.
04/13/2016 05:45:19 [13] DEBUG  PostMan                       : Sending UDP (Messages.RequestMessages.LoginRequest, MessageID: 0.1, ConversationID: 0.1)
Endpoint: 127.0.0.1:12000
JSON: {"__type":"LoginRequest:#Messages.RequestMessages","ConvId":{"Pid":0,"Seq":1},"MsgId":{"Pid":0,"Seq":1},"Identity":{"ANumber":"A00000001","Alias":"The Instructor","FirstName":"The","LastName":"Instructor"},"ProcessLabel":"The Instructor","ProcessType":3,"PublicKey":null}
04/13/2016 05:45:19 [13] DEBUG  PostMan                       : Message Delivered
04/13/2016 05:45:19 [12] DEBUG  PostMan                       : Received UDP (Messages.ReplyMessages.LoginReply, MessageID: 1.10, ConversationID: 0.1)
JSON: {"__type":"LoginReply:#Messages.ReplyMessages","ConvId":{"Pid":0,"Seq":1},"MsgId":{"Pid":1,"Seq":10},"Note":"Logged in","Success":true,"PennyBankEndPoint":{"Host":"127.0.0.1","Port":12003},"PennyBankPublicKey":null,"ProcessInfo":{"EndPoint":{"Host":"127.0.0.1","Port":10000},"Label":"The Instructor","ProcessId":7,"Status":3,"Type":3},"ProxyEndPoint":{"Host":"127.0.0.1","Port":12002}}
04/13/2016 05:45:19 [13] DEBUG  Conversation                  : LoginConversation, ConversationID: 0.1: Send succeeded.
04/13/2016 05:45:19 [14] INFO   ispatcher+<>c__DisplayClass7_0: New Message Received: (Messages.ReplyMessages.LoginReply)
04/13/2016 05:45:19 [14] INFO   ispatcher+<>c__DisplayClass7_0: MessageId: 1.10ConversationId: 0.1
04/13/2016 05:45:19 [14] DEBUG  Dispatcher                    : Successsfully queued a new message of type LoginReply, for conversation: 0.1
04/13/2016 05:45:19 [13] DEBUG  Conversation                  : LoginConversation, ConversationID: 0.1: Message available!
04/13/2016 05:45:19 [13] DEBUG  Conversation                  : LoginConversation, ConversationID: 0.1: Message available!
04/13/2016 05:45:19 [13] DEBUG  Conversation                  : LoginConversation, ConversationID: 0.1: Received Message is valid
04/13/2016 05:45:19 [13] DEBUG  Conversation                  : Received a Message of type: LoginReply
04/13/2016 05:45:19 [13] DEBUG  LoginConversation             : Proxy endpoint is 127.0.0.1:12003
04/13/2016 05:45:19 [13] INFO   Conversation                  : Conversation Succeeded
04/13/2016 05:45:19 [13] INFO   Conversation                  : Conversation Succeeded
04/13/2016 05:45:19 [ 6] DEBUG  PlayerProcess                 : In Process GetGameList function.
04/13/2016 05:45:19 [ 6] DEBUG  ConversationFactory           : Creating Conversation of type GameListConversation
04/13/2016 05:45:19 [ 6] DEBUG  Dispatcher                    : Adding Conversation Player.Conversation.GameListConversation, 7.2
04/13/2016 05:45:19 [ 6] DEBUG  Dispatcher                    :       New Queue ID: 7.2
04/13/2016 05:45:19 [ 6] INFO   BackgroundThread              : Starting 
04/13/2016 05:45:22 [16] DEBUG  GameListConversation          : Queuing game list request. 
04/13/2016 05:45:22 [16] DEBUG  InitiatedConversation         : GameListConversation, ConversationID: 7.2: Conversation Id  for Initiated conversation: 7.2
04/13/2016 05:45:22 [16] DEBUG  Conversation                  : GameListConversation, ConversationID: 7.2: Setting Message IDs
04/13/2016 05:45:22 [16] DEBUG  Conversation                  : GameListConversation, ConversationID: 7.2: Conversation is initiating send.
04/13/2016 05:45:22 [16] DEBUG  PostMan                       : Sending UDP (Messages.RequestMessages.GameListRequest, MessageID: 7.2, ConversationID: 7.2)
Endpoint: 127.0.0.1:12000
JSON: {"__type":"GameListRequest:#Messages.RequestMessages","ConvId":{"Pid":7,"Seq":2},"MsgId":{"Pid":7,"Seq":2},"StatusFilter":4}
04/13/2016 05:45:22 [16] DEBUG  PostMan                       : Message Delivered
04/13/2016 05:45:22 [16] DEBUG  Conversation                  : GameListConversation, ConversationID: 7.2: Send succeeded.
04/13/2016 05:45:22 [12] DEBUG  PostMan                       : Received UDP (Messages.ReplyMessages.GameListReply, MessageID: 1.11, ConversationID: 7.2)
JSON: {"__type":"GameListReply:#Messages.ReplyMessages","ConvId":{"Pid":7,"Seq":2},"MsgId":{"Pid":1,"Seq":11},"Note":null,"Success":true,"GameInfo":[{"CurrentProcesses":[{"HasUmbrellaRaised":false,"HitPoints":0,"LifePoints":100,"ProcessId":5,"Type":5},{"HasUmbrellaRaised":false,"HitPoints":0,"LifePoints":100,"ProcessId":4,"Type":5},{"HasUmbrellaRaised":false,"HitPoints":0,"LifePoints":100,"ProcessId":6,"Type":4}],"GameId":3,"GameManagerId":2,"Label":"GM54107's 1st Game","MaxPlayers":4,"MinPlayers":2,"StartingPlayers":[],"Status":4,"Winners":null}]}
04/13/2016 05:45:22 [15] INFO   ispatcher+<>c__DisplayClass7_0: New Message Received: (Messages.ReplyMessages.GameListReply)
04/13/2016 05:45:22 [15] INFO   ispatcher+<>c__DisplayClass7_0: MessageId: 1.11ConversationId: 7.2
04/13/2016 05:45:22 [15] DEBUG  Dispatcher                    : Successsfully queued a new message of type GameListReply, for conversation: 7.2
04/13/2016 05:45:22 [16] DEBUG  Conversation                  : GameListConversation, ConversationID: 7.2: Message available!
04/13/2016 05:45:22 [16] DEBUG  Conversation                  : GameListConversation, ConversationID: 7.2: Message available!
04/13/2016 05:45:22 [16] DEBUG  Conversation                  : GameListConversation, ConversationID: 7.2: Received Message is valid
04/13/2016 05:45:22 [16] DEBUG  Conversation                  : Received a Message of type: GameListReply
04/13/2016 05:45:22 [16] INFO   Conversation                  : Conversation Succeeded
04/13/2016 05:45:22 [16] INFO   Conversation                  : Conversation Succeeded
04/13/2016 05:45:22 [ 6] DEBUG  PlayerProcess                 : In Process JoinGame function.
04/13/2016 05:45:22 [ 6] DEBUG  ConversationFactory           : Creating Conversation of type JoinGameConversation
04/13/2016 05:45:22 [ 6] DEBUG  Dispatcher                    : Adding Conversation Player.Conversation.JoinGameConversation, 7.3
04/13/2016 05:45:22 [ 6] DEBUG  Dispatcher                    :       New Queue ID: 7.3
04/13/2016 05:45:22 [ 6] INFO   BackgroundThread              : Starting 
04/13/2016 05:45:24 [13] DEBUG  JoinGameConversation          : Queuing join game request. 
04/13/2016 05:45:24 [13] DEBUG  JoinGameConversation          : Requesting GameId: 3
04/13/2016 05:45:24 [13] DEBUG  Conversation                  : JoinGameConversation, ConversationID: 7.3: Message is routing message
04/13/2016 05:45:24 [13] DEBUG  InitiatedConversation         : JoinGameConversation, ConversationID: 7.3: Conversation Id  for Initiated conversation: 7.3
04/13/2016 05:45:24 [13] DEBUG  Conversation                  : JoinGameConversation, ConversationID: 7.3: Setting Message IDs
04/13/2016 05:45:24 [13] DEBUG  Conversation                  : JoinGameConversation, ConversationID: 7.3: Conversation is initiating send.
04/13/2016 05:45:24 [13] DEBUG  PostMan                       : Sending UDP (Messages.Routing, MessageID: 7.3, ConversationID: 7.3)
Endpoint: 127.0.0.1:12002
JSON: {"__type":"Routing:#Messages","ConvId":{"Pid":7,"Seq":3},"MsgId":{"Pid":7,"Seq":3},"InnerMessage":{"__type":"JoinGameRequest:#Messages.RequestMessages","ConvId":{"Pid":7,"Seq":3},"MsgId":{"Pid":7,"Seq":3},"GameId":3,"Process":{"EndPoint":{"Host":"127.0.0.1","Port":10000},"Label":"The Instructor","ProcessId":7,"Status":4,"Type":3}},"ToProcessIds":[2]}
04/13/2016 05:45:24 [13] DEBUG  PostMan                       : Message Delivered
04/13/2016 05:45:24 [13] DEBUG  Conversation                  : JoinGameConversation, ConversationID: 7.3: Send succeeded.
04/13/2016 05:45:24 [12] DEBUG  PostMan                       : Received UDP (Messages.Routing, MessageID: 2.18, ConversationID: 7.3)
JSON: {"__type":"Routing:#Messages","ConvId":{"Pid":7,"Seq":3},"MsgId":{"Pid":2,"Seq":18},"InnerMessage":{"__type":"JoinGameReply:#Messages.ReplyMessages","ConvId":{"Pid":7,"Seq":3},"MsgId":{"Pid":2,"Seq":18},"Note":null,"Success":true,"GameId":3,"InitialLifePoints":100},"ToProcessIds":[7]}
04/13/2016 05:45:25 [16] INFO   ispatcher+<>c__DisplayClass7_0: New Message Received: (Messages.Routing)
04/13/2016 05:45:25 [16] INFO   ispatcher+<>c__DisplayClass7_0: MessageId: 2.18ConversationId: 7.3
04/13/2016 05:45:25 [16] DEBUG  Dispatcher                    : Successsfully queued a new message of type Routing, for conversation: 7.3
04/13/2016 05:45:25 [13] DEBUG  Conversation                  : JoinGameConversation, ConversationID: 7.3: Message available!
04/13/2016 05:45:25 [13] DEBUG  Conversation                  : JoinGameConversation, ConversationID: 7.3: Message available!
04/13/2016 05:45:25 [13] DEBUG  Conversation                  : JoinGameConversation, ConversationID: 7.3: Received Message is valid
04/13/2016 05:45:25 [13] DEBUG  Conversation                  : Received a Message of type: Routing
04/13/2016 05:45:25 [13] INFO   Conversation                  : Conversation Succeeded
04/13/2016 05:45:25 [13] INFO   Conversation                  : Conversation Succeeded
04/13/2016 05:45:35 [12] DEBUG  PostMan                       : Received UDP (Messages.RequestMessages.AllowanceDeliveryRequest, MessageID: 1.14, ConversationID: 1.14)
JSON: {"__type":"AllowanceDeliveryRequest:#Messages.RequestMessages","ConvId":{"Pid":1,"Seq":14},"MsgId":{"Pid":1,"Seq":14},"NumberOfPennies":400,"PortNumber":12999}
04/13/2016 05:45:35 [13] INFO   ispatcher+<>c__DisplayClass7_0: New Message Received: (Messages.RequestMessages.AllowanceDeliveryRequest)
04/13/2016 05:45:35 [13] INFO   ispatcher+<>c__DisplayClass7_0: MessageId: 1.14ConversationId: 1.14
04/13/2016 05:45:35 [13] DEBUG  Dispatcher                    : Conversation  with id= 1.14 does not exist, trying to create new conversation.
04/13/2016 05:45:35 [13] DEBUG  ConversationFactory           : Creating Conversation of type AllowanceDeliveryConversation
04/13/2016 05:45:35 [13] DEBUG  Dispatcher                    : Adding Conversation Player.Conversation.AllowanceDeliveryConversation, 1.14
04/13/2016 05:45:35 [13] DEBUG  Dispatcher                    :       New Queue ID: 1.14
04/13/2016 05:45:35 [13] DEBUG  Dispatcher                    : Successsfully queued a new message of type AllowanceDeliveryRequest, for conversation: 1.14
04/13/2016 05:45:35 [13] INFO   BackgroundThread              : Starting 
04/13/2016 05:45:35 [15] DEBUG  Conversation                  : AllowanceDeliveryConversation, ConversationID: 1.14: Message available!
04/13/2016 05:45:35 [15] DEBUG  Conversation                  : AllowanceDeliveryConversation, ConversationID: 1.14: Message available!
04/13/2016 05:45:35 [15] DEBUG  Conversation                  : AllowanceDeliveryConversation, ConversationID: 1.14: Message available!
04/13/2016 05:45:35 [15] DEBUG  Conversation                  : AllowanceDeliveryConversation, ConversationID: 1.14: Received Message is valid
04/13/2016 05:45:35 [15] DEBUG  Conversation                  : Received a Message of type: AllowanceDeliveryRequest
04/13/2016 05:45:35 [15] DEBUG  AllowanceDeliveryConversation : Received Allowance Delivery Request. 
04/13/2016 05:45:35 [15] DEBUG  TCPSocket                     : Destination Endpoint is: 127.0.0.1:12999
04/13/2016 05:45:35 [15] DEBUG  TCPSocket                     : Opening Remote TCP Connection
04/13/2016 05:45:35 [15] DEBUG  TCPSocket                     : TCP Socket connected to 127.0.0.1:12999
04/13/2016 05:45:35 [15] INFO   ersation+<>c__DisplayClass12_0: IN TCP RECEIVE!!!!
04/13/2016 05:45:35 [15] DEBUG  NetworkStreamExtensions       : In ReadStreamMessage, with stream.ReadTimeout=10000
04/13/2016 05:45:35 [15] DEBUG  NetworkStreamExtensions       : Try to read 4 length bytes, with stream.CanRead=True and stream.ReadTimeout=10000
04/13/2016 05:45:36 [12] DEBUG  PostMan                       : Received UDP (Messages.RequestMessages.AliveRequest, MessageID: 1.19, ConversationID: 1.19)
JSON: {"__type":"AliveRequest:#Messages.RequestMessages","ConvId":{"Pid":1,"Seq":19},"MsgId":{"Pid":1,"Seq":19}}
04/13/2016 05:45:36 [13] INFO   ispatcher+<>c__DisplayClass7_0: New Message Received: (Messages.RequestMessages.AliveRequest)
04/13/2016 05:45:36 [13] INFO   ispatcher+<>c__DisplayClass7_0: MessageId: 1.19ConversationId: 1.19
04/13/2016 05:45:36 [13] DEBUG  Dispatcher                    : Conversation  with id= 1.19 does not exist, trying to create new conversation.
04/13/2016 05:45:36 [13] DEBUG  ConversationFactory           : Creating Conversation of type AliveConversation
04/13/2016 05:45:36 [13] DEBUG  Dispatcher                    : Adding Conversation Player.Conversation.AliveConversation, 1.19
04/13/2016 05:45:36 [13] DEBUG  Dispatcher                    :       New Queue ID: 1.19
04/13/2016 05:45:36 [13] DEBUG  Dispatcher                    : Successsfully queued a new message of type AliveRequest, for conversation: 1.19
04/13/2016 05:45:36 [13] INFO   BackgroundThread              : Starting 
04/13/2016 05:45:36 [16] DEBUG  Conversation                  : AliveConversation, ConversationID: 1.19: Message available!
04/13/2016 05:45:36 [16] DEBUG  Conversation                  : AliveConversation, ConversationID: 1.19: Message available!
04/13/2016 05:45:36 [16] DEBUG  Conversation                  : AliveConversation, ConversationID: 1.19: Message available!
04/13/2016 05:45:36 [16] DEBUG  Conversation                  : AliveConversation, ConversationID: 1.19: Received Message is valid
04/13/2016 05:45:36 [16] DEBUG  Conversation                  : Received a Message of type: AliveRequest
04/13/2016 05:45:36 [16] DEBUG  AliveConversation             : Creating Alive Response
04/13/2016 05:45:36 [16] DEBUG  ResponseConversation          : AliveConversation, ConversationID: 1.19: Conversation Id  for Response conversation: 1.19
04/13/2016 05:45:36 [16] DEBUG  Conversation                  : AliveConversation, ConversationID: 1.19: Setting Message IDs
04/13/2016 05:45:36 [16] DEBUG  Conversation                  : AliveConversation, ConversationID: 1.19: Conversation is initiating send.
04/13/2016 05:45:36 [16] DEBUG  PostMan                       : Sending UDP (Messages.ReplyMessages.Reply, MessageID: 7.4, ConversationID: 1.19)
Endpoint: 127.0.0.1:12000
JSON: {"__type":"Reply:#Messages.ReplyMessages","ConvId":{"Pid":1,"Seq":19},"MsgId":{"Pid":7,"Seq":4},"Note":"I'm Alive","Success":true}
04/13/2016 05:45:36 [16] DEBUG  PostMan                       : Message Delivered
04/13/2016 05:45:36 [16] DEBUG  Conversation                  : AliveConversation, ConversationID: 1.19: Send succeeded.
04/13/2016 05:45:45 [12] DEBUG  PostMan                       : Received UDP (Messages.RequestMessages.AllowanceDeliveryRequest, MessageID: 1.14, ConversationID: 1.14)
JSON: {"__type":"AllowanceDeliveryRequest:#Messages.RequestMessages","ConvId":{"Pid":1,"Seq":14},"MsgId":{"Pid":1,"Seq":14},"NumberOfPennies":400,"PortNumber":12999}
04/13/2016 05:45:45 [13] INFO   ispatcher+<>c__DisplayClass7_0: New Message Received: (Messages.RequestMessages.AllowanceDeliveryRequest)
04/13/2016 05:45:45 [13] INFO   ispatcher+<>c__DisplayClass7_0: MessageId: 1.14ConversationId: 1.14
04/13/2016 05:45:45 [13] DEBUG  Dispatcher                    : Successsfully queued a new message of type AllowanceDeliveryRequest, for conversation: 1.14
04/13/2016 05:45:45 [15] DEBUG  NetworkStreamExtensions       : Length bytes read = 0
04/13/2016 05:45:45 [15] DEBUG  NetworkStreamExtensions       : In ReadStreamMessage, with stream.ReadTimeout=10000
04/13/2016 05:45:45 [15] DEBUG  NetworkStreamExtensions       : Try to read 4 length bytes, with stream.CanRead=True and stream.ReadTimeout=10000
04/13/2016 05:45:55 [15] DEBUG  NetworkStreamExtensions       : Length bytes read = 0
04/13/2016 05:45:55 [15] DEBUG  NetworkStreamExtensions       : In ReadStreamMessage, with stream.ReadTimeout=10000
04/13/2016 05:45:55 [15] DEBUG  NetworkStreamExtensions       : Try to read 4 length bytes, with stream.CanRead=True and stream.ReadTimeout=10000
04/13/2016 05:46:05 [15] DEBUG  NetworkStreamExtensions       : Length bytes read = 0
04/13/2016 05:46:05 [15] DEBUG  NetworkStreamExtensions       : In ReadStreamMessage, with stream.ReadTimeout=10000
04/13/2016 05:46:05 [15] DEBUG  NetworkStreamExtensions       : Try to read 4 length bytes, with stream.CanRead=True and stream.ReadTimeout=10000
04/13/2016 05:46:06 [12] DEBUG  PostMan                       : Received UDP (Messages.RequestMessages.ShutdownRequest, MessageID: 1.20, ConversationID: 1.20)
JSON: {"__type":"ShutdownRequest:#Messages.RequestMessages","ConvId":{"Pid":1,"Seq":20},"MsgId":{"Pid":1,"Seq":20}}
04/13/2016 05:46:06 [13] INFO   ispatcher+<>c__DisplayClass7_0: New Message Received: (Messages.RequestMessages.ShutdownRequest)
04/13/2016 05:46:06 [13] INFO   ispatcher+<>c__DisplayClass7_0: MessageId: 1.20ConversationId: 1.20
04/13/2016 05:46:06 [13] DEBUG  Dispatcher                    : Conversation  with id= 1.20 does not exist, trying to create new conversation.
04/13/2016 05:46:06 [13] ERROR  ConversationFactory           : Factory does not have a mapping for type: Messages.RequestMessages.ShutdownRequest
04/13/2016 05:46:06 [13] ERROR  Dispatcher                    : New conversation returned from factory is Null!
04/13/2016 05:46:06 [13] ERROR  Dispatcher                    : An error was encountered while creating a new conversation queue
04/13/2016 05:46:07 [12] DEBUG  PostMan                       : Received UDP (Messages.RequestMessages.ShutdownRequest, MessageID: 1.22, ConversationID: 1.22)
JSON: {"__type":"ShutdownRequest:#Messages.RequestMessages","ConvId":{"Pid":1,"Seq":22},"MsgId":{"Pid":1,"Seq":22}}
04/13/2016 05:46:07 [13] INFO   ispatcher+<>c__DisplayClass7_0: New Message Received: (Messages.RequestMessages.ShutdownRequest)
04/13/2016 05:46:07 [13] INFO   ispatcher+<>c__DisplayClass7_0: MessageId: 1.22ConversationId: 1.22
04/13/2016 05:46:07 [13] DEBUG  Dispatcher                    : Conversation  with id= 1.22 does not exist, trying to create new conversation.
04/13/2016 05:46:07 [13] ERROR  ConversationFactory           : Factory does not have a mapping for type: Messages.RequestMessages.ShutdownRequest
04/13/2016 05:46:07 [13] ERROR  Dispatcher                    : New conversation returned from factory is Null!
04/13/2016 05:46:07 [13] ERROR  Dispatcher                    : An error was encountered while creating a new conversation queue
04/13/2016 05:46:08 [12] DEBUG  PostMan                       : Received UDP (Messages.RequestMessages.ShutdownRequest, MessageID: 1.28, ConversationID: 1.28)
JSON: {"__type":"ShutdownRequest:#Messages.RequestMessages","ConvId":{"Pid":1,"Seq":28},"MsgId":{"Pid":1,"Seq":28}}
04/13/2016 05:46:08 [14] INFO   ispatcher+<>c__DisplayClass7_0: New Message Received: (Messages.RequestMessages.ShutdownRequest)
04/13/2016 05:46:08 [14] INFO   ispatcher+<>c__DisplayClass7_0: MessageId: 1.28ConversationId: 1.28
04/13/2016 05:46:08 [14] DEBUG  Dispatcher                    : Conversation  with id= 1.28 does not exist, trying to create new conversation.
04/13/2016 05:46:08 [14] ERROR  ConversationFactory           : Factory does not have a mapping for type: Messages.RequestMessages.ShutdownRequest
04/13/2016 05:46:08 [14] ERROR  Dispatcher                    : New conversation returned from factory is Null!
04/13/2016 05:46:08 [14] ERROR  Dispatcher                    : An error was encountered while creating a new conversation queue
04/13/2016 05:46:15 [15] DEBUG  NetworkStreamExtensions       : Length bytes read = 0
04/13/2016 05:46:15 [15] DEBUG  NetworkStreamExtensions       : In ReadStreamMessage, with stream.ReadTimeout=10000
04/13/2016 05:46:15 [15] DEBUG  NetworkStreamExtensions       : Try to read 4 length bytes, with stream.CanRead=True and stream.ReadTimeout=10000
