04/09/2016 05:12:58 [ 8] DEBUG  PlayerConnection              : Using Local Settings.
04/09/2016 05:12:58 [ 8] DEBUG  PlayerConnection              : Starting Application. 
04/09/2016 05:12:58 [ 8] DEBUG  PlayerProcess                 : Initializeing Player Subsystem.
04/09/2016 05:12:58 [ 8] DEBUG  PlayerProcess                 : Initializing Player Details.
04/09/2016 05:12:58 [ 8] INFO   BackgroundThread              : Starting 
04/09/2016 05:12:58 [12] INFO   BackgroundThread              : Starting 
04/09/2016 05:12:58 [12] DEBUG  PlayerProcess                 : In Process Login function.
04/09/2016 05:12:58 [12] DEBUG  Dispatcher                    : Adding Conversation Player.Conversation.LoginConversation, 0.1
04/09/2016 05:12:58 [12] DEBUG  Dispatcher                    :       New Queue ID: 0.1
04/09/2016 05:12:58 [12] INFO   BackgroundThread              : Starting 
04/09/2016 05:12:58 [10] DEBUG  LoginConversation             : Creating login request. 
04/09/2016 05:12:58 [10] DEBUG  InitiatedConversation         : Conversation Id  for initiated conversation: 0.1
04/09/2016 05:12:58 [10] DEBUG  PostMan                       : Sending UDP (Messages.RequestMessages.LoginRequest, MessageID: 0.1, ConversationID: 0.1)
JSON: {"__type":"LoginRequest:#Messages.RequestMessages","ConvId":{"Pid":0,"Seq":1},"MsgId":{"Pid":0,"Seq":1},"Identity":{"ANumber":"A00000001","Alias":"The Instructor","FirstName":"The","LastName":"Instructor"},"ProcessLabel":"The Instructor","ProcessType":3,"PublicKey":null}
04/09/2016 05:12:58 [10] DEBUG  PostMan                       : Message Delivered
04/09/2016 05:12:58 [14] DEBUG  PostMan                       : Received UDP (Messages.ReplyMessages.LoginReply, MessageID: 1.40, ConversationID: 0.1)
JSON: {"__type":"LoginReply:#Messages.ReplyMessages","ConvId":{"Pid":0,"Seq":1},"MsgId":{"Pid":1,"Seq":40},"Note":"Logged in","Success":true,"PennyBankEndPoint":{"Host":"127.0.0.1","Port":12003},"PennyBankPublicKey":null,"ProcessInfo":{"EndPoint":{"Host":"127.0.0.1","Port":10000},"Label":"The Instructor","ProcessId":7,"Status":3,"Type":3},"ProxyEndPoint":{"Host":"127.0.0.1","Port":12002}}
04/09/2016 05:12:58 [14] INFO   Dispatcher                    : New Message Received: (Messages.ReplyMessages.LoginReply)
04/09/2016 05:12:58 [14] INFO   Dispatcher                    : MessageId: 1.40ConversationId: 0.1
04/09/2016 05:13:03 [10] DEBUG  LoginConversation             : Received a login reply message.
04/09/2016 05:13:03 [10] INFO   BackgroundThread              : Stopping 
04/09/2016 05:13:03 [10] DEBUG  BackgroundThread              : Leaving Stop
04/09/2016 05:13:03 [12] DEBUG  PlayerProcess                 : In Process GetGameList function.
04/09/2016 05:13:03 [12] DEBUG  Dispatcher                    : Adding Conversation Player.Conversation.GameListConversation, 7.2
04/09/2016 05:13:03 [12] DEBUG  Dispatcher                    :       New Queue ID: 7.2
04/09/2016 05:13:03 [12] INFO   BackgroundThread              : Starting 
04/09/2016 05:13:03 [13] DEBUG  GameListConversation          : Queuing game list request. 
04/09/2016 05:13:03 [13] DEBUG  InitiatedConversation         : Conversation Id  for initiated conversation: 7.2
04/09/2016 05:13:03 [13] DEBUG  PostMan                       : Sending UDP (Messages.RequestMessages.GameListRequest, MessageID: 7.2, ConversationID: 7.2)
JSON: {"__type":"GameListRequest:#Messages.RequestMessages","ConvId":{"Pid":7,"Seq":2},"MsgId":{"Pid":7,"Seq":2},"StatusFilter":4}
04/09/2016 05:13:03 [13] DEBUG  PostMan                       : Message Delivered
04/09/2016 05:13:03 [14] DEBUG  PostMan                       : Received UDP (Messages.ReplyMessages.GameListReply, MessageID: 1.41, ConversationID: 7.2)
JSON: {"__type":"GameListReply:#Messages.ReplyMessages","ConvId":{"Pid":7,"Seq":2},"MsgId":{"Pid":1,"Seq":41},"Note":null,"Success":true,"GameInfo":[{"CurrentProcesses":[{"HasUmbrellaRaised":false,"HitPoints":0,"LifePoints":100,"ProcessId":4,"Type":4},{"HasUmbrellaRaised":false,"HitPoints":0,"LifePoints":100,"ProcessId":5,"Type":5},{"HasUmbrellaRaised":false,"HitPoints":0,"LifePoints":100,"ProcessId":6,"Type":3}],"GameId":3,"GameManagerId":2,"Label":"GM49056's 1st Game","MaxPlayers":3,"MinPlayers":2,"StartingPlayers":[],"Status":4,"Winners":null}]}
04/09/2016 05:13:03 [14] INFO   Dispatcher                    : New Message Received: (Messages.ReplyMessages.GameListReply)
04/09/2016 05:13:03 [14] INFO   Dispatcher                    : MessageId: 1.41ConversationId: 7.2
04/09/2016 05:13:08 [13] DEBUG  GameListConversation          : Received a game list reply message.
04/09/2016 05:13:08 [13] INFO   BackgroundThread              : Stopping 
04/09/2016 05:13:08 [13] DEBUG  BackgroundThread              : Leaving Stop
04/09/2016 05:13:08 [12] DEBUG  PlayerProcess                 : Life points is null, game needs to be started.
04/09/2016 05:13:08 [12] DEBUG  Dispatcher                    : Adding Conversation Player.Conversation.JoinGameConversation, 7.3
04/09/2016 05:13:08 [12] DEBUG  Dispatcher                    :       New Queue ID: 7.3
04/09/2016 05:13:08 [12] INFO   BackgroundThread              : Starting 
04/09/2016 05:13:08 [15] DEBUG  JoinGameConversation          : Queuing join game request. 
04/09/2016 05:13:08 [15] DEBUG  JoinGameConversation          : Requesting GameId: 3
04/09/2016 05:13:08 [15] DEBUG  InitiatedConversation         : Conversation Id  for initiated conversation: 7.3
04/09/2016 05:13:08 [15] DEBUG  PostMan                       : Sending UDP (Messages.Routing, MessageID: 7.3, ConversationID: 7.3)
JSON: {"__type":"Routing:#Messages","ConvId":{"Pid":7,"Seq":3},"MsgId":{"Pid":7,"Seq":3},"InnerMessage":{"__type":"JoinGameRequest:#Messages.RequestMessages","ConvId":{"Pid":7,"Seq":3},"MsgId":{"Pid":7,"Seq":3},"GameId":3,"Process":{"EndPoint":{"Host":"127.0.0.1","Port":10000},"Label":"The Instructor","ProcessId":7,"Status":4,"Type":3}},"ToProcessIds":[2]}
04/09/2016 05:13:09 [12] DEBUG  PlayerProcess                 : No games available, setting status to 'Registered'
04/09/2016 05:13:09 [15] DEBUG  PostMan                       : Message Delivered
04/09/2016 05:13:09 [14] DEBUG  PostMan                       : Received UDP (Messages.Routing, MessageID: 2.34, ConversationID: 7.3)
JSON: {"__type":"Routing:#Messages","ConvId":{"Pid":7,"Seq":3},"MsgId":{"Pid":2,"Seq":34},"InnerMessage":{"__type":"JoinGameReply:#Messages.ReplyMessages","ConvId":{"Pid":7,"Seq":3},"MsgId":{"Pid":2,"Seq":34},"Note":null,"Success":true,"GameId":3,"InitialLifePoints":100},"ToProcessIds":[7]}
04/09/2016 05:13:09 [14] INFO   Dispatcher                    : New Message Received: (Messages.Routing)
04/09/2016 05:13:09 [14] INFO   Dispatcher                    : MessageId: 2.34ConversationId: 7.3
04/09/2016 05:13:09 [14] DEBUG  PostMan                       : Received UDP (Messages.Routing, MessageID: 2.37, ConversationID: 2.37)
JSON: {"__type":"Routing:#Messages","ConvId":{"Pid":2,"Seq":37},"MsgId":{"Pid":2,"Seq":37},"InnerMessage":{"__type":"GameStatusNotification:#Messages.RequestMessages","ConvId":{"Pid":2,"Seq":37},"MsgId":{"Pid":2,"Seq":37},"Game":{"CurrentProcesses":[{"HasUmbrellaRaised":false,"HitPoints":0,"LifePoints":100,"ProcessId":4,"Type":4},{"HasUmbrellaRaised":false,"HitPoints":0,"LifePoints":100,"ProcessId":5,"Type":5},{"HasUmbrellaRaised":false,"HitPoints":0,"LifePoints":100,"ProcessId":6,"Type":3},{"HasUmbrellaRaised":false,"HitPoints":0,"LifePoints":100,"ProcessId":7,"Type":3}],"GameId":3,"GameManagerId":2,"Label":"GM49056's 1st Game","MaxPlayers":3,"MinPlayers":2,"StartingPlayers":[],"Status":8,"Winners":null}},"ToProcessIds":[4,5,6,7]}
04/09/2016 05:13:09 [12] DEBUG  PlayerProcess                 : In Process GetGameList function.
04/09/2016 05:13:09 [14] INFO   Dispatcher                    : New Message Received: (Messages.Routing)
04/09/2016 05:13:09 [14] INFO   Dispatcher                    : MessageId: 2.37ConversationId: 2.37
04/09/2016 05:13:09 [14] DEBUG  Dispatcher                    : Conversation  with id= 2.37 does not exist, trying to create new conversation.
04/09/2016 05:13:09 [12] DEBUG  Dispatcher                    : Adding Conversation Player.Conversation.GameListConversation, 7.4
04/09/2016 05:13:09 [14] DEBUG  Dispatcher                    : Adding Conversation Player.Conversation.GameStatusConversation, 2.37
04/09/2016 05:13:09 [14] DEBUG  Dispatcher                    :       New Queue ID: 2.37
04/09/2016 05:13:09 [14] INFO   BackgroundThread              : Starting 
04/09/2016 05:13:09 [10] DEBUG  GameStatusConversation        : Received Game Status Message
04/09/2016 05:13:09 [12] DEBUG  Dispatcher                    :       New Queue ID: 7.4
04/09/2016 05:13:09 [12] INFO   BackgroundThread              : Starting 
04/09/2016 05:13:09 [13] DEBUG  GameListConversation          : Queuing game list request. 
04/09/2016 05:13:09 [13] DEBUG  InitiatedConversation         : Conversation Id  for initiated conversation: 7.4
04/09/2016 05:13:09 [13] DEBUG  PostMan                       : Sending UDP (Messages.RequestMessages.GameListRequest, MessageID: 7.4, ConversationID: 7.4)
JSON: {"__type":"GameListRequest:#Messages.RequestMessages","ConvId":{"Pid":7,"Seq":4},"MsgId":{"Pid":7,"Seq":4},"StatusFilter":4}
04/09/2016 05:13:09 [13] DEBUG  PostMan                       : Message Delivered
04/09/2016 05:13:09 [14] DEBUG  PostMan                       : Received UDP (Messages.ReplyMessages.GameListReply, MessageID: 1.44, ConversationID: 7.4)
JSON: {"__type":"GameListReply:#Messages.ReplyMessages","ConvId":{"Pid":7,"Seq":4},"MsgId":{"Pid":1,"Seq":44},"Note":null,"Success":true,"GameInfo":[{"CurrentProcesses":[{"HasUmbrellaRaised":false,"HitPoints":0,"LifePoints":100,"ProcessId":4,"Type":4},{"HasUmbrellaRaised":false,"HitPoints":0,"LifePoints":100,"ProcessId":5,"Type":5},{"HasUmbrellaRaised":false,"HitPoints":0,"LifePoints":100,"ProcessId":6,"Type":3},{"HasUmbrellaRaised":false,"HitPoints":0,"LifePoints":100,"ProcessId":7,"Type":3}],"GameId":3,"GameManagerId":2,"Label":"GM49056's 1st Game","MaxPlayers":3,"MinPlayers":2,"StartingPlayers":[],"Status":4,"Winners":null}]}
04/09/2016 05:13:09 [14] INFO   Dispatcher                    : New Message Received: (Messages.ReplyMessages.GameListReply)
04/09/2016 05:13:09 [14] INFO   Dispatcher                    : MessageId: 1.44ConversationId: 7.4
04/09/2016 05:13:09 [14] DEBUG  PostMan                       : Received UDP (Messages.RequestMessages.AllowanceDeliveryRequest, MessageID: 1.45, ConversationID: 1.45)
JSON: {"__type":"AllowanceDeliveryRequest:#Messages.RequestMessages","ConvId":{"Pid":1,"Seq":45},"MsgId":{"Pid":1,"Seq":45},"NumberOfPennies":400,"PortNumber":12997}
04/09/2016 05:13:09 [14] INFO   Dispatcher                    : New Message Received: (Messages.RequestMessages.AllowanceDeliveryRequest)
04/09/2016 05:13:09 [14] INFO   Dispatcher                    : MessageId: 1.45ConversationId: 1.45
04/09/2016 05:13:09 [14] DEBUG  Dispatcher                    : Conversation  with id= 1.45 does not exist, trying to create new conversation.
04/09/2016 05:13:09 [14] DEBUG  Dispatcher                    : Adding Conversation Player.Conversation.AllowanceDeliveryConversation, 1.45
04/09/2016 05:13:09 [14] DEBUG  Dispatcher                    :       New Queue ID: 1.45
04/09/2016 05:13:10 [14] INFO   BackgroundThread              : Starting 
04/09/2016 05:13:10 [11] DEBUG  AllowanceDeliveryConversation : Received Allowance Delivery Request. 
04/09/2016 05:13:10 [11] DEBUG  TCPSocket                     : Destination Endpoint is: 127.0.0.1:12997
04/09/2016 05:13:10 [11] INFO   BackgroundThread              : Starting 
04/09/2016 05:13:10 [11] DEBUG  TCPSocket                     : Opening Remote TCP Connection
04/09/2016 05:13:10 [11] DEBUG  TCPSocket                     : TCP Socket connected to 127.0.0.1:12997
04/09/2016 05:13:10 [11] DEBUG  TCPSocket                     : Reading a message, assuming the size of the message is contained in the first 4 bits
04/09/2016 05:13:10 [11] DEBUG  TCPSocket                     : Reading bytes in TCP Reader
04/09/2016 05:13:10 [11] DEBUG  TCPSocket                     : TCP Message (string):    "
04/09/2016 05:13:10 [11] DEBUG  TCPSocket                     : TCP Message (int): 34
04/09/2016 05:13:10 [11] DEBUG  TCPSocket                     : Message Size is: 34
04/09/2016 05:13:10 [11] DEBUG  TCPSocket                     : Reading bytes in TCP Reader
04/09/2016 05:13:10 [11] DEBUG  TCPSocket                     : System.Net.Sockets.SocketException (0x80004005): An existing connection was forcibly closed by the remote host
   at System.Net.Sockets.Socket.Receive(Byte[] buffer, Int32 offset, Int32 size, SocketFlags socketFlags)
   at System.Net.Sockets.Socket.Receive(Byte[] buffer, Int32 size, SocketFlags socketFlags)
   at CommunicationLayer.TCPSocket.Read(Socket handler, Int32 numBytes) in D:\Drive\School\CS5200\LocalGame\CommunicationLayer\TCPSocket.cs:line 106
   at CommunicationLayer.TCPSocket.ReadMessageFromSize(Socket handler) in D:\Drive\School\CS5200\LocalGame\CommunicationLayer\TCPSocket.cs:line 122
   at Player.Conversation.AllowanceDeliveryConversation.<OpenTCPStream>b__6_0(Socket handler) in D:\Drive\School\CS5200\LocalGame\Player\Conversation\AllowanceDeliveryConversation.cs:line 37
   at CommunicationLayer.TCPSocket.EstablishConnection(PublicEndPoint ep, Action`1 afterConnect) in D:\Drive\School\CS5200\LocalGame\CommunicationLayer\TCPSocket.cs:line 53
04/09/2016 05:13:10 [11] INFO   BackgroundThread              : Stopping 
04/09/2016 05:13:10 [11] DEBUG  BackgroundThread              : Leaving Stop
04/09/2016 05:13:14 [14] DEBUG  PostMan                       : Received UDP (Messages.RequestMessages.AliveRequest, MessageID: 1.49, ConversationID: 1.49)
JSON: {"__type":"AliveRequest:#Messages.RequestMessages","ConvId":{"Pid":1,"Seq":49},"MsgId":{"Pid":1,"Seq":49}}
04/09/2016 05:13:14 [14] INFO   Dispatcher                    : New Message Received: (Messages.RequestMessages.AliveRequest)
04/09/2016 05:13:14 [14] INFO   Dispatcher                    : MessageId: 1.49ConversationId: 1.49
04/09/2016 05:13:14 [14] DEBUG  Dispatcher                    : Conversation  with id= 1.49 does not exist, trying to create new conversation.
04/09/2016 05:13:14 [15] DEBUG  JoinGameConversation          : Received a game join message.
04/09/2016 05:13:14 [14] DEBUG  Dispatcher                    : Adding Conversation Player.Conversation.AliveConversation, 1.49
04/09/2016 05:13:14 [15] INFO   BackgroundThread              : Stopping 
04/09/2016 05:13:14 [14] DEBUG  Dispatcher                    :       New Queue ID: 1.49
04/09/2016 05:13:14 [15] DEBUG  BackgroundThread              : Leaving Stop
04/09/2016 05:13:14 [14] INFO   BackgroundThread              : Starting 
04/09/2016 05:13:14 [10] DEBUG  AliveConversation             : Creating Alive Response
04/09/2016 05:13:14 [10] DEBUG  ResponseConversation          : Conversation Id  for Response conversation: 1.49
04/09/2016 05:13:14 [10] DEBUG  PostMan                       : Sending UDP (Messages.ReplyMessages.Reply, MessageID: 7.5, ConversationID: 1.49)
JSON: {"__type":"Reply:#Messages.ReplyMessages","ConvId":{"Pid":1,"Seq":49},"MsgId":{"Pid":7,"Seq":5},"Note":"I'm Alive","Success":true}
04/09/2016 05:13:14 [10] DEBUG  PostMan                       : Message Delivered
04/09/2016 05:13:14 [13] DEBUG  GameListConversation          : Received a game list reply message.
04/09/2016 05:13:14 [13] INFO   BackgroundThread              : Stopping 
04/09/2016 05:13:14 [13] DEBUG  BackgroundThread              : Leaving Stop
04/09/2016 05:13:19 [14] DEBUG  PostMan                       : Received UDP (Messages.Routing, MessageID: 2.38, ConversationID: 2.38)
JSON: {"__type":"Routing:#Messages","ConvId":{"Pid":2,"Seq":38},"MsgId":{"Pid":2,"Seq":38},"InnerMessage":{"__type":"ReadyToStart:#Messages.RequestMessages","ConvId":{"Pid":2,"Seq":38},"MsgId":{"Pid":2,"Seq":38},"GameId":3},"ToProcessIds":[6,7]}
04/09/2016 05:13:19 [14] INFO   Dispatcher                    : New Message Received: (Messages.Routing)
04/09/2016 05:13:19 [14] INFO   Dispatcher                    : MessageId: 2.38ConversationId: 2.38
04/09/2016 05:13:19 [14] DEBUG  Dispatcher                    : Conversation  with id= 2.38 does not exist, trying to create new conversation.
04/09/2016 05:13:19 [14] DEBUG  Dispatcher                    : Adding Conversation Player.Conversation.GameStartConversation, 2.38
04/09/2016 05:13:19 [14] DEBUG  Dispatcher                    :       New Queue ID: 2.38
04/09/2016 05:13:19 [14] INFO   BackgroundThread              : Starting 
04/09/2016 05:13:19 [10] DEBUG  GameStartConversation         : Responding to Game Start Request
04/09/2016 05:13:19 [10] DEBUG  ResponseConversation          : Conversation Id  for Response conversation: 2.38
04/09/2016 05:13:19 [10] DEBUG  PostMan                       : Sending UDP (Messages.Routing, MessageID: 7.6, ConversationID: 2.38)
JSON: {"__type":"Routing:#Messages","ConvId":{"Pid":2,"Seq":38},"MsgId":{"Pid":7,"Seq":6},"InnerMessage":{"__type":"Reply:#Messages.ReplyMessages","ConvId":{"Pid":2,"Seq":38},"MsgId":{"Pid":7,"Seq":6},"Note":"Ready","Success":true},"ToProcessIds":[3]}
04/09/2016 05:13:19 [10] DEBUG  PostMan                       : Message Delivered
04/09/2016 05:13:19 [14] DEBUG  PostMan                       : Received UDP (Messages.RequestMessages.AllowanceDeliveryRequest, MessageID: 1.45, ConversationID: 1.45)
JSON: {"__type":"AllowanceDeliveryRequest:#Messages.RequestMessages","ConvId":{"Pid":1,"Seq":45},"MsgId":{"Pid":1,"Seq":45},"NumberOfPennies":400,"PortNumber":12997}
04/09/2016 05:13:19 [14] INFO   Dispatcher                    : New Message Received: (Messages.RequestMessages.AllowanceDeliveryRequest)
04/09/2016 05:13:19 [14] INFO   Dispatcher                    : MessageId: 1.45ConversationId: 1.45
04/09/2016 05:13:29 [14] DEBUG  PostMan                       : Received UDP (Messages.Routing, MessageID: 2.38, ConversationID: 2.38)
JSON: {"__type":"Routing:#Messages","ConvId":{"Pid":2,"Seq":38},"MsgId":{"Pid":2,"Seq":38},"InnerMessage":{"__type":"ReadyToStart:#Messages.RequestMessages","ConvId":{"Pid":2,"Seq":38},"MsgId":{"Pid":2,"Seq":38},"GameId":3},"ToProcessIds":[6,7]}
04/09/2016 05:13:29 [14] INFO   Dispatcher                    : New Message Received: (Messages.Routing)
04/09/2016 05:13:29 [14] INFO   Dispatcher                    : MessageId: 2.38ConversationId: 2.38
04/09/2016 05:13:29 [14] DEBUG  PostMan                       : Received UDP (Messages.RequestMessages.AllowanceDeliveryRequest, MessageID: 1.45, ConversationID: 1.45)
JSON: {"__type":"AllowanceDeliveryRequest:#Messages.RequestMessages","ConvId":{"Pid":1,"Seq":45},"MsgId":{"Pid":1,"Seq":45},"NumberOfPennies":400,"PortNumber":12997}
04/09/2016 05:13:29 [14] INFO   Dispatcher                    : New Message Received: (Messages.RequestMessages.AllowanceDeliveryRequest)
04/09/2016 05:13:29 [14] INFO   Dispatcher                    : MessageId: 1.45ConversationId: 1.45
