04/13/2016 02:16:02 [17] ERROR  Conversation                  : GameListConversation, ConversationID: 32.332: Conversation Failed
04/13/2016 02:16:02 [17] ERROR  Conversation                  : GameListConversation, ConversationID: 32.332: Conversation Ending
04/13/2016 02:16:02 [17] INFO   Conversation                  : Conversation Failed
04/13/2016 02:16:02 [17] INFO   BackgroundThread              : Stopping 
04/13/2016 02:16:02 [17] DEBUG  BackgroundThread              : Leaving Stop
04/13/2016 02:16:02 [ 7] DEBUG  PlayerProcess                 : In Process GetGameList function.
04/13/2016 02:16:02 [ 7] DEBUG  ConversationFactory           : Creating Conversation of type GameListConversation
04/13/2016 02:16:02 [ 7] DEBUG  Dispatcher                    : Adding Conversation Player.Conversation.GameListConversation, 32.333
04/13/2016 02:16:02 [ 7] DEBUG  Dispatcher                    :       New Queue ID: 32.333
04/13/2016 02:16:02 [ 7] INFO   BackgroundThread              : Starting 
04/13/2016 02:16:04 [21] DEBUG  GameListConversation          : Queuing game list request. 
04/13/2016 02:16:04 [21] DEBUG  InitiatedConversation         : GameListConversation, ConversationID: 32.333: Conversation Id  for Initiated conversation: 32.333
04/13/2016 02:16:04 [21] DEBUG  Conversation                  : GameListConversation, ConversationID: 32.333: Setting Message IDs
04/13/2016 02:16:04 [21] DEBUG  Conversation                  : GameListConversation, ConversationID: 32.333: Conversation is initiating send.
04/13/2016 02:16:04 [21] DEBUG  PostMan                       : Sending UDP (Messages.RequestMessages.GameListRequest, MessageID: 32.333, ConversationID: 32.333)
Endpoint: 127.0.0.1:12000
JSON: {"__type":"GameListRequest:#Messages.RequestMessages","ConvId":{"Pid":32,"Seq":333},"MsgId":{"Pid":32,"Seq":333},"StatusFilter":4}
04/13/2016 02:16:04 [21] DEBUG  PostMan                       : Message Delivered
04/13/2016 02:16:04 [21] DEBUG  Conversation                  : GameListConversation, ConversationID: 32.333: Send succeeded.
04/13/2016 02:16:11 [21] DEBUG  GameListConversation          : Queuing game list request. 
04/13/2016 02:16:11 [21] DEBUG  InitiatedConversation         : GameListConversation, ConversationID: 32.333: Conversation Id  for Initiated conversation: 32.333
04/13/2016 02:16:11 [21] DEBUG  Conversation                  : GameListConversation, ConversationID: 32.333: Setting Message IDs
04/13/2016 02:16:11 [21] DEBUG  Conversation                  : GameListConversation, ConversationID: 32.333: Conversation is initiating send.
04/13/2016 02:16:11 [21] DEBUG  PostMan                       : Sending UDP (Messages.RequestMessages.GameListRequest, MessageID: 32.333, ConversationID: 32.333)
Endpoint: 127.0.0.1:12000
JSON: {"__type":"GameListRequest:#Messages.RequestMessages","ConvId":{"Pid":32,"Seq":333},"MsgId":{"Pid":32,"Seq":333},"StatusFilter":4}
04/13/2016 02:16:11 [21] DEBUG  PostMan                       : Message Delivered
04/13/2016 02:16:11 [21] DEBUG  Conversation                  : GameListConversation, ConversationID: 32.333: Send succeeded.
04/13/2016 02:16:17 [21] DEBUG  GameListConversation          : Queuing game list request. 
04/13/2016 02:16:17 [21] DEBUG  InitiatedConversation         : GameListConversation, ConversationID: 32.333: Conversation Id  for Initiated conversation: 32.333
04/13/2016 02:16:17 [21] DEBUG  Conversation                  : GameListConversation, ConversationID: 32.333: Setting Message IDs
04/13/2016 02:16:17 [21] DEBUG  Conversation                  : GameListConversation, ConversationID: 32.333: Conversation is initiating send.
04/13/2016 02:16:17 [21] DEBUG  PostMan                       : Sending UDP (Messages.RequestMessages.GameListRequest, MessageID: 32.333, ConversationID: 32.333)
Endpoint: 127.0.0.1:12000
JSON: {"__type":"GameListRequest:#Messages.RequestMessages","ConvId":{"Pid":32,"Seq":333},"MsgId":{"Pid":32,"Seq":333},"StatusFilter":4}
04/13/2016 02:16:17 [21] DEBUG  PostMan                       : Message Delivered
04/13/2016 02:16:17 [21] DEBUG  Conversation                  : GameListConversation, ConversationID: 32.333: Send succeeded.
04/13/2016 02:16:21 [21] ERROR  Conversation                  : GameListConversation, ConversationID: 32.333: Conversation Failed
04/13/2016 02:16:21 [21] ERROR  Conversation                  : GameListConversation, ConversationID: 32.333: Conversation Ending
04/13/2016 02:16:21 [21] INFO   Conversation                  : Conversation Failed
04/13/2016 02:16:21 [21] INFO   BackgroundThread              : Stopping 
04/13/2016 02:16:21 [21] DEBUG  BackgroundThread              : Leaving Stop
04/13/2016 02:16:21 [ 7] DEBUG  PlayerProcess                 : In Process GetGameList function.
04/13/2016 02:16:21 [ 7] DEBUG  ConversationFactory           : Creating Conversation of type GameListConversation
04/13/2016 02:16:21 [ 7] DEBUG  Dispatcher                    : Adding Conversation Player.Conversation.GameListConversation, 32.334
04/13/2016 02:16:21 [ 7] DEBUG  Dispatcher                    :       New Queue ID: 32.334
04/13/2016 02:16:21 [ 7] INFO   BackgroundThread              : Starting 
04/13/2016 02:16:24 [17] DEBUG  GameListConversation          : Queuing game list request. 
04/13/2016 02:16:24 [17] DEBUG  InitiatedConversation         : GameListConversation, ConversationID: 32.334: Conversation Id  for Initiated conversation: 32.334
04/13/2016 02:16:24 [17] DEBUG  Conversation                  : GameListConversation, ConversationID: 32.334: Setting Message IDs
04/13/2016 02:16:24 [17] DEBUG  Conversation                  : GameListConversation, ConversationID: 32.334: Conversation is initiating send.
04/13/2016 02:16:24 [17] DEBUG  PostMan                       : Sending UDP (Messages.RequestMessages.GameListRequest, MessageID: 32.334, ConversationID: 32.334)
Endpoint: 127.0.0.1:12000
JSON: {"__type":"GameListRequest:#Messages.RequestMessages","ConvId":{"Pid":32,"Seq":334},"MsgId":{"Pid":32,"Seq":334},"StatusFilter":4}
04/13/2016 02:16:24 [17] DEBUG  PostMan                       : Message Delivered
04/13/2016 02:16:24 [17] DEBUG  Conversation                  : GameListConversation, ConversationID: 32.334: Send succeeded.
04/13/2016 02:16:30 [17] DEBUG  GameListConversation          : Queuing game list request. 
04/13/2016 02:16:30 [17] DEBUG  InitiatedConversation         : GameListConversation, ConversationID: 32.334: Conversation Id  for Initiated conversation: 32.334
04/13/2016 02:16:30 [17] DEBUG  Conversation                  : GameListConversation, ConversationID: 32.334: Setting Message IDs
04/13/2016 02:16:30 [17] DEBUG  Conversation                  : GameListConversation, ConversationID: 32.334: Conversation is initiating send.
04/13/2016 02:16:30 [17] DEBUG  PostMan                       : Sending UDP (Messages.RequestMessages.GameListRequest, MessageID: 32.334, ConversationID: 32.334)
Endpoint: 127.0.0.1:12000
JSON: {"__type":"GameListRequest:#Messages.RequestMessages","ConvId":{"Pid":32,"Seq":334},"MsgId":{"Pid":32,"Seq":334},"StatusFilter":4}
04/13/2016 02:16:30 [17] DEBUG  PostMan                       : Message Delivered
04/13/2016 02:16:30 [17] DEBUG  Conversation                  : GameListConversation, ConversationID: 32.334: Send succeeded.
04/13/2016 02:16:36 [17] DEBUG  GameListConversation          : Queuing game list request. 
04/13/2016 02:16:36 [17] DEBUG  InitiatedConversation         : GameListConversation, ConversationID: 32.334: Conversation Id  for Initiated conversation: 32.334
04/13/2016 02:16:36 [17] DEBUG  Conversation                  : GameListConversation, ConversationID: 32.334: Setting Message IDs
04/13/2016 02:16:36 [17] DEBUG  Conversation                  : GameListConversation, ConversationID: 32.334: Conversation is initiating send.
04/13/2016 02:16:36 [17] DEBUG  PostMan                       : Sending UDP (Messages.RequestMessages.GameListRequest, MessageID: 32.334, ConversationID: 32.334)
Endpoint: 127.0.0.1:12000
JSON: {"__type":"GameListRequest:#Messages.RequestMessages","ConvId":{"Pid":32,"Seq":334},"MsgId":{"Pid":32,"Seq":334},"StatusFilter":4}
04/13/2016 02:16:36 [17] DEBUG  PostMan                       : Message Delivered
04/13/2016 02:16:36 [17] DEBUG  Conversation                  : GameListConversation, ConversationID: 32.334: Send succeeded.
04/13/2016 02:16:40 [17] ERROR  Conversation                  : GameListConversation, ConversationID: 32.334: Conversation Failed
04/13/2016 02:16:40 [17] ERROR  Conversation                  : GameListConversation, ConversationID: 32.334: Conversation Ending
04/13/2016 02:16:40 [17] INFO   Conversation                  : Conversation Failed
04/13/2016 02:16:40 [17] INFO   BackgroundThread              : Stopping 
04/13/2016 02:16:40 [17] DEBUG  BackgroundThread              : Leaving Stop
04/13/2016 02:16:41 [ 7] DEBUG  PlayerProcess                 : In Process GetGameList function.
04/13/2016 02:16:41 [ 7] DEBUG  ConversationFactory           : Creating Conversation of type GameListConversation
04/13/2016 02:16:41 [ 7] DEBUG  Dispatcher                    : Adding Conversation Player.Conversation.GameListConversation, 32.335
04/13/2016 02:16:41 [ 7] DEBUG  Dispatcher                    :       New Queue ID: 32.335
04/13/2016 02:16:41 [ 7] INFO   BackgroundThread              : Starting 
04/13/2016 02:16:43 [21] DEBUG  GameListConversation          : Queuing game list request. 
04/13/2016 02:16:43 [21] DEBUG  InitiatedConversation         : GameListConversation, ConversationID: 32.335: Conversation Id  for Initiated conversation: 32.335
04/13/2016 02:16:43 [21] DEBUG  Conversation                  : GameListConversation, ConversationID: 32.335: Setting Message IDs
04/13/2016 02:16:43 [21] DEBUG  Conversation                  : GameListConversation, ConversationID: 32.335: Conversation is initiating send.
04/13/2016 02:16:43 [21] DEBUG  PostMan                       : Sending UDP (Messages.RequestMessages.GameListRequest, MessageID: 32.335, ConversationID: 32.335)
Endpoint: 127.0.0.1:12000
JSON: {"__type":"GameListRequest:#Messages.RequestMessages","ConvId":{"Pid":32,"Seq":335},"MsgId":{"Pid":32,"Seq":335},"StatusFilter":4}
04/13/2016 02:16:43 [21] DEBUG  PostMan                       : Message Delivered
04/13/2016 02:16:43 [21] DEBUG  Conversation                  : GameListConversation, ConversationID: 32.335: Send succeeded.
