04/13/2016 05:46:47 [ 9] DEBUG  PlayerConnection              : Using Local Settings.
04/13/2016 05:46:47 [ 9] DEBUG  PlayerConnection              : Starting Application. 
04/13/2016 05:46:47 [ 9] DEBUG  PlayerConnection              : Initializing Subsystem
04/13/2016 05:46:47 [ 9] DEBUG  PlayerProcess                 : Initializeing Player Subsystem.
04/13/2016 05:46:47 [ 9] DEBUG  PlayerConnection              : Initializing Player
04/13/2016 05:46:47 [ 9] DEBUG  PlayerProcess                 : Initializing Player Details.
04/13/2016 05:46:47 [ 9] INFO   BackgroundThread              : Starting 
04/13/2016 05:46:47 [13] INFO   BackgroundThread              : Starting 
04/13/2016 05:46:48 [13] DEBUG  PlayerProcess                 : In Process Login function.
04/13/2016 05:46:48 [13] DEBUG  ConversationFactory           : Creating Conversation of type LoginConversation
04/13/2016 05:46:48 [13] DEBUG  Dispatcher                    : Adding Conversation Player.Conversation.LoginConversation, 0.1
04/13/2016 05:46:48 [13] DEBUG  Dispatcher                    :       New Queue ID: 0.1
04/13/2016 05:46:48 [13] INFO   BackgroundThread              : Starting 
04/13/2016 05:46:50 [14] DEBUG  LoginConversation             : Creating login request. 
04/13/2016 05:46:50 [14] DEBUG  InitiatedConversation         : LoginConversation, ConversationID: 0.1: Conversation Id  for Initiated conversation: 0.1
04/13/2016 05:46:50 [14] DEBUG  Conversation                  : LoginConversation, ConversationID: 0.1: Setting Message IDs
04/13/2016 05:46:50 [14] DEBUG  Conversation                  : LoginConversation, ConversationID: 0.1: Conversation is initiating send.
04/13/2016 05:46:50 [14] DEBUG  PostMan                       : Sending UDP (Messages.RequestMessages.LoginRequest, MessageID: 0.1, ConversationID: 0.1)
Endpoint: 127.0.0.1:12000
JSON: {"__type":"LoginRequest:#Messages.RequestMessages","ConvId":{"Pid":0,"Seq":1},"MsgId":{"Pid":0,"Seq":1},"Identity":{"ANumber":"A00000001","Alias":"The Instructor","FirstName":"The","LastName":"Instructor"},"ProcessLabel":"The Instructor","ProcessType":3,"PublicKey":null}
04/13/2016 05:46:50 [14] DEBUG  PostMan                       : Message Delivered
04/13/2016 05:46:50 [14] DEBUG  Conversation                  : LoginConversation, ConversationID: 0.1: Send succeeded.
04/13/2016 05:46:56 [14] DEBUG  LoginConversation             : Creating login request. 
04/13/2016 05:46:56 [14] DEBUG  InitiatedConversation         : LoginConversation, ConversationID: 0.1: Conversation Id  for Initiated conversation: 0.1
04/13/2016 05:46:56 [14] DEBUG  Conversation                  : LoginConversation, ConversationID: 0.1: Setting Message IDs
04/13/2016 05:46:56 [14] DEBUG  Conversation                  : LoginConversation, ConversationID: 0.1: Conversation is initiating send.
04/13/2016 05:46:56 [14] DEBUG  PostMan                       : Sending UDP (Messages.RequestMessages.LoginRequest, MessageID: 0.1, ConversationID: 0.1)
Endpoint: 127.0.0.1:12000
JSON: {"__type":"LoginRequest:#Messages.RequestMessages","ConvId":{"Pid":0,"Seq":1},"MsgId":{"Pid":0,"Seq":1},"Identity":{"ANumber":"A00000001","Alias":"The Instructor","FirstName":"The","LastName":"Instructor"},"ProcessLabel":"The Instructor","ProcessType":3,"PublicKey":null}
04/13/2016 05:46:56 [14] DEBUG  PostMan                       : Message Delivered
04/13/2016 05:46:56 [14] DEBUG  Conversation                  : LoginConversation, ConversationID: 0.1: Send succeeded.
04/13/2016 05:47:02 [14] DEBUG  LoginConversation             : Creating login request. 
04/13/2016 05:47:02 [14] DEBUG  InitiatedConversation         : LoginConversation, ConversationID: 0.1: Conversation Id  for Initiated conversation: 0.1
04/13/2016 05:47:02 [14] DEBUG  Conversation                  : LoginConversation, ConversationID: 0.1: Setting Message IDs
04/13/2016 05:47:02 [14] DEBUG  Conversation                  : LoginConversation, ConversationID: 0.1: Conversation is initiating send.
04/13/2016 05:47:02 [14] DEBUG  PostMan                       : Sending UDP (Messages.RequestMessages.LoginRequest, MessageID: 0.1, ConversationID: 0.1)
Endpoint: 127.0.0.1:12000
JSON: {"__type":"LoginRequest:#Messages.RequestMessages","ConvId":{"Pid":0,"Seq":1},"MsgId":{"Pid":0,"Seq":1},"Identity":{"ANumber":"A00000001","Alias":"The Instructor","FirstName":"The","LastName":"Instructor"},"ProcessLabel":"The Instructor","ProcessType":3,"PublicKey":null}
04/13/2016 05:47:02 [14] DEBUG  PostMan                       : Message Delivered
04/13/2016 05:47:02 [14] DEBUG  Conversation                  : LoginConversation, ConversationID: 0.1: Send succeeded.
04/13/2016 05:47:07 [14] ERROR  Conversation                  : LoginConversation, ConversationID: 0.1: Conversation Failed
04/13/2016 05:47:07 [14] ERROR  Conversation                  : LoginConversation, ConversationID: 0.1: Conversation Ending
04/13/2016 05:47:07 [14] INFO   Conversation                  : Conversation Failed
04/13/2016 05:47:07 [14] INFO   BackgroundThread              : Stopping 
04/13/2016 05:47:07 [14] DEBUG  BackgroundThread              : Leaving Stop
04/13/2016 05:47:07 [13] DEBUG  PlayerProcess                 : In Process Login function.
04/13/2016 05:47:07 [13] DEBUG  ConversationFactory           : Creating Conversation of type LoginConversation
04/13/2016 05:47:07 [13] DEBUG  Dispatcher                    : Adding Conversation Player.Conversation.LoginConversation, 0.2
04/13/2016 05:47:07 [13] DEBUG  Dispatcher                    :       New Queue ID: 0.2
04/13/2016 05:47:07 [13] INFO   BackgroundThread              : Starting 
04/13/2016 05:47:09 [15] DEBUG  LoginConversation             : Creating login request. 
04/13/2016 05:47:09 [15] DEBUG  InitiatedConversation         : LoginConversation, ConversationID: 0.2: Conversation Id  for Initiated conversation: 0.2
04/13/2016 05:47:09 [15] DEBUG  Conversation                  : LoginConversation, ConversationID: 0.2: Setting Message IDs
04/13/2016 05:47:09 [15] DEBUG  Conversation                  : LoginConversation, ConversationID: 0.2: Conversation is initiating send.
04/13/2016 05:47:09 [15] DEBUG  PostMan                       : Sending UDP (Messages.RequestMessages.LoginRequest, MessageID: 0.2, ConversationID: 0.2)
Endpoint: 127.0.0.1:12000
JSON: {"__type":"LoginRequest:#Messages.RequestMessages","ConvId":{"Pid":0,"Seq":2},"MsgId":{"Pid":0,"Seq":2},"Identity":{"ANumber":"A00000001","Alias":"The Instructor","FirstName":"The","LastName":"Instructor"},"ProcessLabel":"The Instructor","ProcessType":3,"PublicKey":null}
04/13/2016 05:47:09 [15] DEBUG  PostMan                       : Message Delivered
04/13/2016 05:47:09 [15] DEBUG  Conversation                  : LoginConversation, ConversationID: 0.2: Send succeeded.
04/13/2016 05:47:15 [15] DEBUG  LoginConversation             : Creating login request. 
04/13/2016 05:47:15 [15] DEBUG  InitiatedConversation         : LoginConversation, ConversationID: 0.2: Conversation Id  for Initiated conversation: 0.2
04/13/2016 05:47:16 [15] DEBUG  Conversation                  : LoginConversation, ConversationID: 0.2: Setting Message IDs
04/13/2016 05:47:16 [15] DEBUG  Conversation                  : LoginConversation, ConversationID: 0.2: Conversation is initiating send.
04/13/2016 05:47:16 [15] DEBUG  PostMan                       : Sending UDP (Messages.RequestMessages.LoginRequest, MessageID: 0.2, ConversationID: 0.2)
Endpoint: 127.0.0.1:12000
JSON: {"__type":"LoginRequest:#Messages.RequestMessages","ConvId":{"Pid":0,"Seq":2},"MsgId":{"Pid":0,"Seq":2},"Identity":{"ANumber":"A00000001","Alias":"The Instructor","FirstName":"The","LastName":"Instructor"},"ProcessLabel":"The Instructor","ProcessType":3,"PublicKey":null}
04/13/2016 05:47:16 [15] DEBUG  PostMan                       : Message Delivered
04/13/2016 05:47:16 [15] DEBUG  Conversation                  : LoginConversation, ConversationID: 0.2: Send succeeded.
04/13/2016 05:47:22 [15] DEBUG  LoginConversation             : Creating login request. 
04/13/2016 05:47:22 [15] DEBUG  InitiatedConversation         : LoginConversation, ConversationID: 0.2: Conversation Id  for Initiated conversation: 0.2
04/13/2016 05:47:22 [15] DEBUG  Conversation                  : LoginConversation, ConversationID: 0.2: Setting Message IDs
04/13/2016 05:47:22 [15] DEBUG  Conversation                  : LoginConversation, ConversationID: 0.2: Conversation is initiating send.
04/13/2016 05:47:22 [15] DEBUG  PostMan                       : Sending UDP (Messages.RequestMessages.LoginRequest, MessageID: 0.2, ConversationID: 0.2)
Endpoint: 127.0.0.1:12000
JSON: {"__type":"LoginRequest:#Messages.RequestMessages","ConvId":{"Pid":0,"Seq":2},"MsgId":{"Pid":0,"Seq":2},"Identity":{"ANumber":"A00000001","Alias":"The Instructor","FirstName":"The","LastName":"Instructor"},"ProcessLabel":"The Instructor","ProcessType":3,"PublicKey":null}
04/13/2016 05:47:22 [15] DEBUG  PostMan                       : Message Delivered
04/13/2016 05:47:22 [15] DEBUG  Conversation                  : LoginConversation, ConversationID: 0.2: Send succeeded.
04/13/2016 05:47:26 [15] ERROR  Conversation                  : LoginConversation, ConversationID: 0.2: Conversation Failed
04/13/2016 05:47:26 [15] ERROR  Conversation                  : LoginConversation, ConversationID: 0.2: Conversation Ending
04/13/2016 05:47:26 [15] INFO   Conversation                  : Conversation Failed
04/13/2016 05:47:26 [15] INFO   BackgroundThread              : Stopping 
04/13/2016 05:47:26 [15] DEBUG  BackgroundThread              : Leaving Stop
04/13/2016 05:47:26 [13] DEBUG  PlayerProcess                 : In Process Login function.
04/13/2016 05:47:26 [13] DEBUG  ConversationFactory           : Creating Conversation of type LoginConversation
04/13/2016 05:47:26 [13] DEBUG  Dispatcher                    : Adding Conversation Player.Conversation.LoginConversation, 0.3
04/13/2016 05:47:26 [13] DEBUG  Dispatcher                    :       New Queue ID: 0.3
04/13/2016 05:47:26 [13] INFO   BackgroundThread              : Starting 
04/13/2016 05:47:28 [16] DEBUG  LoginConversation             : Creating login request. 
04/13/2016 05:47:28 [16] DEBUG  InitiatedConversation         : LoginConversation, ConversationID: 0.3: Conversation Id  for Initiated conversation: 0.3
04/13/2016 05:47:29 [16] DEBUG  Conversation                  : LoginConversation, ConversationID: 0.3: Setting Message IDs
04/13/2016 05:47:29 [16] DEBUG  Conversation                  : LoginConversation, ConversationID: 0.3: Conversation is initiating send.
04/13/2016 05:47:29 [16] DEBUG  PostMan                       : Sending UDP (Messages.RequestMessages.LoginRequest, MessageID: 0.3, ConversationID: 0.3)
Endpoint: 127.0.0.1:12000
JSON: {"__type":"LoginRequest:#Messages.RequestMessages","ConvId":{"Pid":0,"Seq":3},"MsgId":{"Pid":0,"Seq":3},"Identity":{"ANumber":"A00000001","Alias":"The Instructor","FirstName":"The","LastName":"Instructor"},"ProcessLabel":"The Instructor","ProcessType":3,"PublicKey":null}
04/13/2016 05:47:29 [16] DEBUG  PostMan                       : Message Delivered
04/13/2016 05:47:29 [16] DEBUG  Conversation                  : LoginConversation, ConversationID: 0.3: Send succeeded.
04/13/2016 05:47:35 [16] DEBUG  LoginConversation             : Creating login request. 
04/13/2016 05:47:35 [16] DEBUG  InitiatedConversation         : LoginConversation, ConversationID: 0.3: Conversation Id  for Initiated conversation: 0.3
04/13/2016 05:47:35 [16] DEBUG  Conversation                  : LoginConversation, ConversationID: 0.3: Setting Message IDs
04/13/2016 05:47:35 [16] DEBUG  Conversation                  : LoginConversation, ConversationID: 0.3: Conversation is initiating send.
04/13/2016 05:47:35 [16] DEBUG  PostMan                       : Sending UDP (Messages.RequestMessages.LoginRequest, MessageID: 0.3, ConversationID: 0.3)
Endpoint: 127.0.0.1:12000
JSON: {"__type":"LoginRequest:#Messages.RequestMessages","ConvId":{"Pid":0,"Seq":3},"MsgId":{"Pid":0,"Seq":3},"Identity":{"ANumber":"A00000001","Alias":"The Instructor","FirstName":"The","LastName":"Instructor"},"ProcessLabel":"The Instructor","ProcessType":3,"PublicKey":null}
04/13/2016 05:47:35 [16] DEBUG  PostMan                       : Message Delivered
04/13/2016 05:47:35 [16] DEBUG  Conversation                  : LoginConversation, ConversationID: 0.3: Send succeeded.
