04/08/2016 12:22:17 [ 9] DEBUG  PlayerConnection              : Using Local Settings.
04/08/2016 12:22:17 [ 9] DEBUG  PlayerConnection              : Starting Application. 
04/08/2016 12:22:17 [ 9] DEBUG  PlayerProcess                 : Initializeing Player Subsystem.
04/08/2016 12:22:17 [ 9] DEBUG  PostMan                       : Port is: 10000
04/08/2016 12:22:17 [ 9] DEBUG  PlayerProcess                 : Initializing Player Details.
04/08/2016 12:22:17 [ 9] INFO   BackgroundThread              : Starting 
04/08/2016 12:22:17 [15] INFO   BackgroundThread              : Starting 
04/08/2016 12:22:17 [15] DEBUG  PlayerProcess                 : In Process Login function.
04/08/2016 12:22:17 [15] DEBUG  Dispatcher                    : Adding Conversation Player.Conversation.LoginConversation, 0.1
04/08/2016 12:22:17 [15] DEBUG  Dispatcher                    :       New Queue ID: 0.1
04/08/2016 12:22:17 [15] INFO   BackgroundThread              : Starting 
04/08/2016 12:22:17 [13] DEBUG  LoginConversation             : Creating login request. 
04/08/2016 12:22:17 [13] DEBUG  InitiatedConversation         : Conversation Id  for initiated conversation: 0.1
04/08/2016 12:22:17 [13] DEBUG  PostMan                       : Sending UDP (Messages.RequestMessages.LoginRequest)
04/08/2016 12:22:17 [13] DEBUG  PostMan                       : MessageId: 0.1ConversationId: 0.1
04/08/2016 12:22:17 [13] DEBUG  PostMan                       : Message Delivered
04/08/2016 12:22:23 [13] ERROR  LoginConversation             : Login reply was null or LoginReply.Success was false
04/08/2016 12:22:23 [13] INFO   BackgroundThread              : Stopping 
04/08/2016 12:22:23 [13] DEBUG  BackgroundThread              : Leaving Stop
04/08/2016 12:22:23 [15] DEBUG  PlayerProcess                 : In Process Login function.
04/08/2016 12:22:23 [15] DEBUG  Dispatcher                    : Adding Conversation Player.Conversation.LoginConversation, 0.2
04/08/2016 12:22:23 [15] DEBUG  Dispatcher                    :       New Queue ID: 0.2
04/08/2016 12:22:23 [15] INFO   BackgroundThread              : Starting 
04/08/2016 12:22:23 [12] DEBUG  LoginConversation             : Creating login request. 
04/08/2016 12:22:23 [12] DEBUG  InitiatedConversation         : Conversation Id  for initiated conversation: 0.2
04/08/2016 12:22:23 [12] DEBUG  PostMan                       : Sending UDP (Messages.RequestMessages.LoginRequest)
04/08/2016 12:22:23 [12] DEBUG  PostMan                       : MessageId: 0.2ConversationId: 0.2
04/08/2016 12:22:23 [12] DEBUG  PostMan                       : Message Delivered
04/08/2016 12:22:29 [12] ERROR  LoginConversation             : Login reply was null or LoginReply.Success was false
04/08/2016 12:22:29 [12] INFO   BackgroundThread              : Stopping 
04/08/2016 12:22:29 [12] DEBUG  BackgroundThread              : Leaving Stop
04/08/2016 12:22:29 [15] DEBUG  PlayerProcess                 : In Process Login function.
04/08/2016 12:22:29 [15] DEBUG  Dispatcher                    : Adding Conversation Player.Conversation.LoginConversation, 0.3
04/08/2016 12:22:29 [15] DEBUG  Dispatcher                    :       New Queue ID: 0.3
04/08/2016 12:22:29 [15] INFO   BackgroundThread              : Starting 
04/08/2016 12:22:29 [12] DEBUG  LoginConversation             : Creating login request. 
04/08/2016 12:22:29 [12] DEBUG  InitiatedConversation         : Conversation Id  for initiated conversation: 0.3
04/08/2016 12:22:29 [12] DEBUG  PostMan                       : Sending UDP (Messages.RequestMessages.LoginRequest)
04/08/2016 12:22:29 [12] DEBUG  PostMan                       : MessageId: 0.3ConversationId: 0.3
04/08/2016 12:22:29 [12] DEBUG  PostMan                       : Message Delivered
04/08/2016 12:22:35 [12] ERROR  LoginConversation             : Login reply was null or LoginReply.Success was false
04/08/2016 12:22:35 [12] INFO   BackgroundThread              : Stopping 
04/08/2016 12:22:35 [12] DEBUG  BackgroundThread              : Leaving Stop
04/08/2016 12:22:35 [15] DEBUG  PlayerProcess                 : In Process Login function.
04/08/2016 12:22:35 [15] DEBUG  Dispatcher                    : Adding Conversation Player.Conversation.LoginConversation, 0.4
04/08/2016 12:22:35 [15] DEBUG  Dispatcher                    :       New Queue ID: 0.4
04/08/2016 12:22:35 [15] INFO   BackgroundThread              : Starting 
04/08/2016 12:22:35 [12] DEBUG  LoginConversation             : Creating login request. 
04/08/2016 12:22:35 [12] DEBUG  InitiatedConversation         : Conversation Id  for initiated conversation: 0.4
04/08/2016 12:22:35 [12] DEBUG  PostMan                       : Sending UDP (Messages.RequestMessages.LoginRequest)
04/08/2016 12:22:35 [12] DEBUG  PostMan                       : MessageId: 0.4ConversationId: 0.4
04/08/2016 12:22:35 [12] DEBUG  PostMan                       : Message Delivered
04/08/2016 12:22:41 [12] ERROR  LoginConversation             : Login reply was null or LoginReply.Success was false
04/08/2016 12:22:41 [12] INFO   BackgroundThread              : Stopping 
04/08/2016 12:22:41 [12] DEBUG  BackgroundThread              : Leaving Stop
04/08/2016 12:22:42 [15] DEBUG  PlayerProcess                 : In Process Login function.
04/08/2016 12:22:42 [15] DEBUG  Dispatcher                    : Adding Conversation Player.Conversation.LoginConversation, 0.5
04/08/2016 12:22:42 [15] DEBUG  Dispatcher                    :       New Queue ID: 0.5
04/08/2016 12:22:42 [15] INFO   BackgroundThread              : Starting 
04/08/2016 12:22:42 [12] DEBUG  LoginConversation             : Creating login request. 
04/08/2016 12:22:42 [12] DEBUG  InitiatedConversation         : Conversation Id  for initiated conversation: 0.5
04/08/2016 12:22:42 [12] DEBUG  PostMan                       : Sending UDP (Messages.RequestMessages.LoginRequest)
04/08/2016 12:22:42 [12] DEBUG  PostMan                       : MessageId: 0.5ConversationId: 0.5
04/08/2016 12:22:42 [12] DEBUG  PostMan                       : Message Delivered
04/08/2016 12:22:42 [ 6] DEBUG  PostMan                       : Message Received!
04/08/2016 12:22:42 [ 6] DEBUG  PostMan                       : Raw Message: 
04/08/2016 12:22:42 [ 6] DEBUG  PostMan                       : {"__type":"LoginReply:#Messages.ReplyMessages","ConvId":{"Pid":0,"Seq":5},"MsgId":{"Pid":1,"Seq":10},"Note":"Logged in","Success":true,"PennyBankEndPoint":{"Host":"127.0.0.1","Port":12003},"PennyBankPublicKey":null,"ProcessInfo":{"EndPoint":{"Host":"127.0.0.1","Port":10000},"Label":"The Instructor","ProcessId":7,"Status":3,"Type":3},"ProxyEndPoint":{"Host":"127.0.0.1","Port":12002}}
04/08/2016 12:22:42 [ 6] DEBUG  PostMan                       : Message ID: 1.10, ConversationId: 0.5
04/08/2016 12:22:42 [ 6] DEBUG  Dispatcher                    : Received (Messages.ReplyMessages.LoginReply)
04/08/2016 12:22:42 [ 6] DEBUG  Dispatcher                    : MessageId: 1.10ConversationId: 0.5
04/08/2016 12:22:47 [12] DEBUG  LoginConversation             : Received a login reply message.
04/08/2016 12:22:47 [12] INFO   BackgroundThread              : Stopping 
04/08/2016 12:22:47 [12] DEBUG  BackgroundThread              : Leaving Stop
04/08/2016 12:22:47 [15] DEBUG  PlayerProcess                 : In Process GetGameList function.
04/08/2016 12:22:47 [15] DEBUG  Dispatcher                    : Adding Conversation Player.Conversation.GameListConversation, 7.6
04/08/2016 12:22:47 [15] DEBUG  Dispatcher                    :       New Queue ID: 7.6
04/08/2016 12:22:47 [15] INFO   BackgroundThread              : Starting 
04/08/2016 12:22:47 [14] DEBUG  GameListConversation          : Queuing game list request. 
04/08/2016 12:22:47 [14] DEBUG  InitiatedConversation         : Conversation Id  for initiated conversation: 7.6
04/08/2016 12:22:47 [14] DEBUG  PostMan                       : Sending UDP (Messages.RequestMessages.GameListRequest)
04/08/2016 12:22:47 [14] DEBUG  PostMan                       : MessageId: 7.6ConversationId: 7.6
04/08/2016 12:22:47 [14] DEBUG  PostMan                       : Message Delivered
04/08/2016 12:22:47 [ 6] DEBUG  PostMan                       : Message Received!
04/08/2016 12:22:47 [ 6] DEBUG  PostMan                       : Raw Message: 
04/08/2016 12:22:47 [ 6] DEBUG  PostMan                       : {"__type":"GameListReply:#Messages.ReplyMessages","ConvId":{"Pid":7,"Seq":6},"MsgId":{"Pid":1,"Seq":11},"Note":null,"Success":true,"GameInfo":[{"CurrentProcesses":[{"HasUmbrellaRaised":false,"HitPoints":0,"LifePoints":100,"ProcessId":4,"Type":4},{"HasUmbrellaRaised":false,"HitPoints":0,"LifePoints":100,"ProcessId":5,"Type":5},{"HasUmbrellaRaised":false,"HitPoints":0,"LifePoints":100,"ProcessId":6,"Type":5}],"GameId":3,"GameManagerId":2,"Label":"GM10278's 1st Game","MaxPlayers":4,"MinPlayers":3,"StartingPlayers":[],"Status":4,"Winners":null}]}
04/08/2016 12:22:47 [ 6] DEBUG  PostMan                       : Message ID: 1.11, ConversationId: 7.6
04/08/2016 12:22:47 [ 6] DEBUG  Dispatcher                    : Received (Messages.ReplyMessages.GameListReply)
04/08/2016 12:22:47 [ 6] DEBUG  Dispatcher                    : MessageId: 1.11ConversationId: 7.6
04/08/2016 12:22:52 [14] DEBUG  GameListConversation          : Received a game list reply message.
04/08/2016 12:22:52 [14] INFO   BackgroundThread              : Stopping 
04/08/2016 12:22:52 [14] DEBUG  BackgroundThread              : Leaving Stop
04/08/2016 12:22:52 [15] DEBUG  PlayerProcess                 : Life points is null, game needs to be started.
04/08/2016 12:22:52 [15] DEBUG  Dispatcher                    : Adding Conversation Player.Conversation.JoinGameConversation, 7.7
04/08/2016 12:22:52 [15] DEBUG  Dispatcher                    :       New Queue ID: 7.7
04/08/2016 12:22:52 [15] INFO   BackgroundThread              : Starting 
04/08/2016 12:22:52 [12] DEBUG  JoinGameConversation          : Queuing join game request. 
04/08/2016 12:22:52 [12] DEBUG  JoinGameConversation          : Requesting GameId: 3
04/08/2016 12:22:52 [12] DEBUG  InitiatedConversation         : Conversation Id  for initiated conversation: 7.7
04/08/2016 12:22:52 [12] DEBUG  PostMan                       : Sending UDP (Messages.Routing)
04/08/2016 12:22:52 [12] DEBUG  PostMan                       : MessageId: 7.7ConversationId: 7.7
04/08/2016 12:22:52 [12] DEBUG  PostMan                       : Message Delivered
04/08/2016 12:22:52 [ 6] DEBUG  PostMan                       : Message Received!
04/08/2016 12:22:52 [ 6] DEBUG  PostMan                       : Raw Message: 
04/08/2016 12:22:52 [ 6] DEBUG  PostMan                       : {"__type":"Routing:#Messages","ConvId":{"Pid":7,"Seq":7},"MsgId":{"Pid":2,"Seq":18},"InnerMessage":{"__type":"JoinGameReply:#Messages.ReplyMessages","ConvId":{"Pid":7,"Seq":7},"MsgId":{"Pid":2,"Seq":18},"Note":null,"Success":true,"GameId":3,"InitialLifePoints":100},"ToProcessIds":[7]}
04/08/2016 12:22:52 [15] DEBUG  PlayerProcess                 : No games available, setting status to 'Registered'
04/08/2016 12:22:52 [ 6] DEBUG  PostMan                       : Message ID: 2.18, ConversationId: 7.7
04/08/2016 12:22:52 [ 6] DEBUG  Dispatcher                    : Received (Messages.Routing)
04/08/2016 12:22:52 [ 6] DEBUG  Dispatcher                    : MessageId: 2.18ConversationId: 7.7
04/08/2016 12:22:52 [15] DEBUG  PlayerProcess                 : In Process GetGameList function.
04/08/2016 12:22:52 [15] DEBUG  Dispatcher                    : Adding Conversation Player.Conversation.GameListConversation, 7.8
04/08/2016 12:22:52 [15] DEBUG  Dispatcher                    :       New Queue ID: 7.8
04/08/2016 12:22:52 [15] INFO   BackgroundThread              : Starting 
04/08/2016 12:22:52 [11] DEBUG  GameListConversation          : Queuing game list request. 
04/08/2016 12:22:52 [11] DEBUG  InitiatedConversation         : Conversation Id  for initiated conversation: 7.8
04/08/2016 12:22:52 [11] DEBUG  PostMan                       : Sending UDP (Messages.RequestMessages.GameListRequest)
04/08/2016 12:22:52 [11] DEBUG  PostMan                       : MessageId: 7.8ConversationId: 7.8
04/08/2016 12:22:52 [11] DEBUG  PostMan                       : Message Delivered
04/08/2016 12:22:52 [ 6] DEBUG  PostMan                       : Message Received!
04/08/2016 12:22:52 [ 6] DEBUG  PostMan                       : Raw Message: 
04/08/2016 12:22:52 [ 6] DEBUG  PostMan                       : {"__type":"GameListReply:#Messages.ReplyMessages","ConvId":{"Pid":7,"Seq":8},"MsgId":{"Pid":1,"Seq":14},"Note":null,"Success":true,"GameInfo":[{"CurrentProcesses":[{"HasUmbrellaRaised":false,"HitPoints":0,"LifePoints":100,"ProcessId":4,"Type":4},{"HasUmbrellaRaised":false,"HitPoints":0,"LifePoints":100,"ProcessId":5,"Type":5},{"HasUmbrellaRaised":false,"HitPoints":0,"LifePoints":100,"ProcessId":6,"Type":5},{"HasUmbrellaRaised":false,"HitPoints":0,"LifePoints":100,"ProcessId":7,"Type":3}],"GameId":3,"GameManagerId":2,"Label":"GM10278's 1st Game","MaxPlayers":4,"MinPlayers":3,"StartingPlayers":[],"Status":4,"Winners":null}]}
04/08/2016 12:22:52 [ 6] DEBUG  PostMan                       : Message ID: 1.14, ConversationId: 7.8
04/08/2016 12:22:52 [ 6] DEBUG  Dispatcher                    : Received (Messages.ReplyMessages.GameListReply)
04/08/2016 12:22:52 [ 6] DEBUG  Dispatcher                    : MessageId: 1.14ConversationId: 7.8
04/08/2016 12:22:53 [ 6] DEBUG  PostMan                       : Message Received!
04/08/2016 12:22:53 [ 6] DEBUG  PostMan                       : Raw Message: 
04/08/2016 12:22:53 [ 6] DEBUG  PostMan                       : {"__type":"AllowanceDeliveryRequest:#Messages.RequestMessages","ConvId":{"Pid":1,"Seq":15},"MsgId":{"Pid":1,"Seq":15},"NumberOfPennies":400,"PortNumber":12999}
04/08/2016 12:22:53 [ 6] DEBUG  PostMan                       : Message ID: 1.15, ConversationId: 1.15
04/08/2016 12:22:53 [ 6] DEBUG  Dispatcher                    : Received (Messages.RequestMessages.AllowanceDeliveryRequest)
04/08/2016 12:22:53 [ 6] DEBUG  Dispatcher                    : MessageId: 1.15ConversationId: 1.15
04/08/2016 12:22:53 [ 6] DEBUG  Dispatcher                    : Conversation  with id= 1.15 does not exist, trying to create new conversation.
04/08/2016 12:22:53 [ 6] DEBUG  Dispatcher                    : Adding Conversation Player.Conversation.AllowanceDeliveryConversation, 1.15
04/08/2016 12:22:53 [ 6] DEBUG  Dispatcher                    :       New Queue ID: 1.15
04/08/2016 12:22:53 [ 6] INFO   BackgroundThread              : Starting 
04/08/2016 12:22:53 [14] DEBUG  AllowanceDeliveryConversation : Received Allowance Delivery Request. 
04/08/2016 12:22:53 [14] DEBUG  AllowanceDeliveryConversation : Creating Reply to Allowance Delivery request. 
04/08/2016 12:22:53 [14] DEBUG  ResponseConversation          : Conversation Id  for Response conversation: 1.15
04/08/2016 12:22:53 [14] DEBUG  PostMan                       : Sending UDP (Messages.ReplyMessages.Reply)
04/08/2016 12:22:53 [14] DEBUG  PostMan                       : MessageId: 1.15ConversationId: 7.9
04/08/2016 12:22:53 [14] DEBUG  PostMan                       : Message Delivered
04/08/2016 12:22:53 [14] DEBUG  TCPSocket                     : Destination Endpoint is: 127.0.0.1:12999
04/08/2016 12:22:53 [14] INFO   BackgroundThread              : Starting 
04/08/2016 12:22:53 [14] DEBUG  TCPSocket                     : Opening Remote TCP Connection
04/08/2016 12:22:53 [14] DEBUG  TCPSocket                     : TCP Socket connected to 127.0.0.1:12999
04/08/2016 12:22:53 [14] DEBUG  TCPSocket                     : Reading bytes in TCP Reader
04/08/2016 12:22:53 [14] DEBUG  TCPSocket                     : TCP Message:     
04/08/2016 12:22:53 [14] DEBUG  AllowanceDeliveryConversation : Message Size 32
04/08/2016 12:22:53 [14] DEBUG  TCPSocket                     : Reading bytes in TCP Reader
04/08/2016 12:22:53 [14] DEBUG  TCPSocket                     : TCP Message: {"DigitalSignature":null,"Id":1}
04/08/2016 12:23:07 [11] DEBUG  GameListConversation          : Received a game list reply message.
04/08/2016 12:23:07 [12] DEBUG  JoinGameConversation          : Received a game join message.
04/08/2016 12:23:07 [11] INFO   BackgroundThread              : Stopping 
04/08/2016 12:23:07 [12] INFO   BackgroundThread              : Stopping 
04/08/2016 12:23:07 [11] DEBUG  BackgroundThread              : Leaving Stop
04/08/2016 12:23:07 [12] DEBUG  BackgroundThread              : Leaving Stop
04/08/2016 12:23:07 [14] DEBUG  TCPSocket                     : Reading bytes in TCP Reader
04/08/2016 12:23:07 [14] DEBUG  TCPSocket                     : System.Net.Sockets.SocketException (0x80004005): An existing connection was forcibly closed by the remote host
   at System.Net.Sockets.Socket.Receive(Byte[] buffer, Int32 offset, Int32 size, SocketFlags socketFlags)
   at System.Net.Sockets.Socket.Receive(Byte[] buffer, Int32 size, SocketFlags socketFlags)
   at CommunicationLayer.TCPSocket.Read(Socket handler, Int32 numBytes) in D:\Drive\School\CS5200\LocalGame\CommunicationLayer\TCPSocket.cs:line 97
   at Player.Conversation.AllowanceDeliveryConversation.<OpenTCPStream>b__7_0(Socket handler, TCPSocket socket) in D:\Drive\School\CS5200\LocalGame\Player\Conversation\AllowanceDeliveryConversation.cs:line 41
   at CommunicationLayer.TCPSocket.EstablishConnection(PublicEndPoint ep, Action`2 afterConnect) in D:\Drive\School\CS5200\LocalGame\CommunicationLayer\TCPSocket.cs:line 63
04/08/2016 12:23:13 [ 6] DEBUG  PostMan                       : Message Received!
04/08/2016 12:23:13 [ 6] DEBUG  PostMan                       : Raw Message: 
04/08/2016 12:23:13 [ 6] DEBUG  PostMan                       : {"__type":"AllowanceDeliveryRequest:#Messages.RequestMessages","ConvId":{"Pid":1,"Seq":15},"MsgId":{"Pid":1,"Seq":15},"NumberOfPennies":400,"PortNumber":12999}
04/08/2016 12:23:13 [ 6] DEBUG  PostMan                       : Message ID: 1.15, ConversationId: 1.15
04/08/2016 12:23:13 [ 6] DEBUG  Dispatcher                    : Received (Messages.RequestMessages.AllowanceDeliveryRequest)
04/08/2016 12:23:13 [ 6] DEBUG  Dispatcher                    : MessageId: 1.15ConversationId: 1.15
04/08/2016 12:23:16 [ 6] DEBUG  PostMan                       : Message Received!
04/08/2016 12:23:16 [ 6] DEBUG  PostMan                       : Raw Message: 
04/08/2016 12:23:16 [ 6] DEBUG  PostMan                       : {"__type":"AliveRequest:#Messages.RequestMessages","ConvId":{"Pid":1,"Seq":20},"MsgId":{"Pid":1,"Seq":20}}
04/08/2016 12:23:16 [ 6] DEBUG  PostMan                       : Message ID: 1.20, ConversationId: 1.20
04/08/2016 12:23:16 [ 6] DEBUG  Dispatcher                    : Received (Messages.RequestMessages.AliveRequest)
04/08/2016 12:23:16 [ 6] DEBUG  Dispatcher                    : MessageId: 1.20ConversationId: 1.20
04/08/2016 12:23:16 [ 6] DEBUG  Dispatcher                    : Conversation  with id= 1.20 does not exist, trying to create new conversation.
04/08/2016 12:23:16 [ 6] DEBUG  Dispatcher                    : Adding Conversation Player.Conversation.AliveConversation, 1.20
04/08/2016 12:23:16 [ 6] DEBUG  Dispatcher                    :       New Queue ID: 1.20
04/08/2016 12:23:16 [ 6] INFO   BackgroundThread              : Starting 
04/08/2016 12:23:16 [12] ERROR  ResponseConversation          : Unable to retrieve received message. 
04/08/2016 12:23:26 [ 6] DEBUG  PostMan                       : Message Received!
04/08/2016 12:23:26 [ 6] DEBUG  PostMan                       : Raw Message: 
04/08/2016 12:23:26 [ 6] DEBUG  PostMan                       : {"__type":"AliveRequest:#Messages.RequestMessages","ConvId":{"Pid":1,"Seq":20},"MsgId":{"Pid":1,"Seq":20}}
04/08/2016 12:23:26 [ 6] DEBUG  PostMan                       : Message ID: 1.20, ConversationId: 1.20
04/08/2016 12:23:26 [ 6] DEBUG  Dispatcher                    : Received (Messages.RequestMessages.AliveRequest)
04/08/2016 12:23:26 [ 6] DEBUG  Dispatcher                    : MessageId: 1.20ConversationId: 1.20
04/08/2016 12:23:37 [ 6] DEBUG  PostMan                       : Message Received!
04/08/2016 12:23:37 [ 6] DEBUG  PostMan                       : Raw Message: 
04/08/2016 12:23:37 [ 6] DEBUG  PostMan                       : {"__type":"AliveRequest:#Messages.RequestMessages","ConvId":{"Pid":1,"Seq":25},"MsgId":{"Pid":1,"Seq":25}}
04/08/2016 12:23:37 [ 6] DEBUG  PostMan                       : Message ID: 1.25, ConversationId: 1.25
04/08/2016 12:23:37 [ 6] DEBUG  Dispatcher                    : Received (Messages.RequestMessages.AliveRequest)
04/08/2016 12:23:37 [ 6] DEBUG  Dispatcher                    : MessageId: 1.25ConversationId: 1.25
04/08/2016 12:23:37 [ 6] DEBUG  Dispatcher                    : Conversation  with id= 1.25 does not exist, trying to create new conversation.
04/08/2016 12:23:37 [ 6] DEBUG  Dispatcher                    : Adding Conversation Player.Conversation.AliveConversation, 1.25
04/08/2016 12:23:37 [ 6] DEBUG  Dispatcher                    :       New Queue ID: 1.25
04/08/2016 12:23:37 [ 6] INFO   BackgroundThread              : Starting 
04/08/2016 12:23:37 [12] ERROR  ResponseConversation          : Unable to retrieve received message. 
04/08/2016 12:23:47 [ 6] DEBUG  PostMan                       : Message Received!
04/08/2016 12:23:47 [ 6] DEBUG  PostMan                       : Raw Message: 
04/08/2016 12:23:47 [ 6] DEBUG  PostMan                       : {"__type":"AliveRequest:#Messages.RequestMessages","ConvId":{"Pid":1,"Seq":25},"MsgId":{"Pid":1,"Seq":25}}
04/08/2016 12:23:47 [ 6] DEBUG  PostMan                       : Message ID: 1.25, ConversationId: 1.25
04/08/2016 12:23:47 [ 6] DEBUG  Dispatcher                    : Received (Messages.RequestMessages.AliveRequest)
04/08/2016 12:23:47 [ 6] DEBUG  Dispatcher                    : MessageId: 1.25ConversationId: 1.25
04/08/2016 12:23:57 [ 6] DEBUG  PostMan                       : Message Received!
04/08/2016 12:23:57 [ 6] DEBUG  PostMan                       : Raw Message: 
04/08/2016 12:23:57 [ 6] DEBUG  PostMan                       : {"__type":"AliveRequest:#Messages.RequestMessages","ConvId":{"Pid":1,"Seq":25},"MsgId":{"Pid":1,"Seq":25}}
04/08/2016 12:23:57 [ 6] DEBUG  PostMan                       : Message ID: 1.25, ConversationId: 1.25
04/08/2016 12:23:57 [ 6] DEBUG  Dispatcher                    : Received (Messages.RequestMessages.AliveRequest)
04/08/2016 12:23:57 [ 6] DEBUG  Dispatcher                    : MessageId: 1.25ConversationId: 1.25
04/08/2016 12:24:08 [ 6] DEBUG  PostMan                       : Message Received!
04/08/2016 12:24:08 [ 6] DEBUG  PostMan                       : Raw Message: 
04/08/2016 12:24:08 [ 6] DEBUG  PostMan                       : {"__type":"DeadProcessNotification:#Messages.RequestMessages","ConvId":{"Pid":1,"Seq":28},"MsgId":{"Pid":1,"Seq":28},"ProcessId":7}
04/08/2016 12:24:08 [ 6] DEBUG  PostMan                       : Message ID: 1.28, ConversationId: 1.28
04/08/2016 12:24:08 [ 6] DEBUG  Dispatcher                    : Received (Messages.RequestMessages.DeadProcessNotification)
04/08/2016 12:24:08 [ 6] DEBUG  Dispatcher                    : MessageId: 1.28ConversationId: 1.28
04/08/2016 12:24:08 [ 6] DEBUG  Dispatcher                    : Conversation  with id= 1.28 does not exist, trying to create new conversation.
04/08/2016 12:24:08 [ 6] ERROR  Dispatcher                    : New conversation returned from factory is Null!
