04/09/2016 09:32:42 [ 8] DEBUG  PlayerConnection              : Using Local Settings.
04/09/2016 09:32:42 [ 8] DEBUG  PlayerConnection              : Starting Application. 
04/09/2016 09:32:42 [ 8] DEBUG  PlayerProcess                 : Initializeing Player Subsystem.
04/09/2016 09:32:42 [ 8] DEBUG  PlayerProcess                 : Initializing Player Details.
04/09/2016 09:32:42 [ 8] INFO   BackgroundThread              : Starting 
04/09/2016 09:32:42 [10] INFO   BackgroundThread              : Starting 
04/09/2016 09:32:42 [10] DEBUG  PlayerProcess                 : In Process Login function.
04/09/2016 09:32:42 [10] DEBUG  Dispatcher                    : Adding Conversation Player.Conversation.LoginConversation, 0.1
04/09/2016 09:32:42 [10] DEBUG  Dispatcher                    :       New Queue ID: 0.1
04/09/2016 09:32:42 [10] DEBUG  LoginConversation             : Creating login request. 
04/09/2016 09:32:42 [10] DEBUG  InitiatedConversation         : LoginConversation: Conversation Id  for initiated conversation: 0.1
04/09/2016 09:32:42 [10] DEBUG  Conversation                  : LoginConversation: Setting Message IDs
04/09/2016 09:32:42 [10] DEBUG  Conversation                  : LoginConversation: Message has IDs
04/09/2016 09:32:42 [10] DEBUG  Conversation                  : LoginConversation: Message is valid
04/09/2016 09:32:42 [10] DEBUG  Conversation                  : LoginConversation: Envelope is valid
04/09/2016 09:32:42 [10] DEBUG  Conversation                  : LoginConversation: Conversation is initiating send.
04/09/2016 09:32:42 [10] DEBUG  PostMan                       : Sending UDP (Messages.RequestMessages.LoginRequest, MessageID: 0.1, ConversationID: 0.1)
JSON: {"__type":"LoginRequest:#Messages.RequestMessages","ConvId":{"Pid":0,"Seq":1},"MsgId":{"Pid":0,"Seq":1},"Identity":{"ANumber":"A00000001","Alias":"The Instructor","FirstName":"The","LastName":"Instructor"},"ProcessLabel":"The Instructor","ProcessType":3,"PublicKey":null}
04/09/2016 09:32:42 [10] DEBUG  PostMan                       : Message Delivered
04/09/2016 09:32:42 [10] DEBUG  Conversation                  : LoginConversation: Send succeeded.
04/09/2016 09:32:42 [12] DEBUG  PostMan                       : Received UDP (Messages.ReplyMessages.LoginReply, MessageID: 1.8, ConversationID: 0.1)
JSON: {"__type":"LoginReply:#Messages.ReplyMessages","ConvId":{"Pid":0,"Seq":1},"MsgId":{"Pid":1,"Seq":8},"Note":"Logged in","Success":true,"PennyBankEndPoint":{"Host":"127.0.0.1","Port":12003},"PennyBankPublicKey":null,"ProcessInfo":{"EndPoint":{"Host":"127.0.0.1","Port":10000},"Label":"The Instructor","ProcessId":6,"Status":3,"Type":3},"ProxyEndPoint":{"Host":"127.0.0.1","Port":12002}}
04/09/2016 09:32:42 [10] INFO   BackgroundThread              : Starting 
04/09/2016 09:32:42 [12] INFO   Dispatcher                    : New Message Received: (Messages.ReplyMessages.LoginReply)
04/09/2016 09:32:42 [12] INFO   Dispatcher                    : MessageId: 1.8ConversationId: 0.1
04/09/2016 09:32:43 [11] DEBUG  Conversation                  : LoginConversation: Message available!
04/09/2016 09:32:43 [11] DEBUG  Conversation                  : LoginConversation: Message has IDs
04/09/2016 09:32:43 [11] DEBUG  Conversation                  : LoginConversation: Message is valid
04/09/2016 09:32:43 [11] DEBUG  Conversation                  : LoginConversation: Envelope is valid
04/09/2016 09:32:43 [11] DEBUG  Conversation                  : LoginConversation: Received Message is valid
