04/12/2016 12:08:40 [10] DEBUG  PlayerConnection              : Using Local Settings.
04/12/2016 12:08:40 [10] DEBUG  PlayerConnection              : Starting Application. 
04/12/2016 12:08:40 [10] DEBUG  PlayerConnection              : Initializing Subsystem
04/12/2016 12:08:40 [10] DEBUG  PlayerProcess                 : Initializeing Player Subsystem.
04/12/2016 12:08:40 [10] DEBUG  PlayerConnection              : Initializing Player
04/12/2016 12:08:40 [10] DEBUG  PlayerProcess                 : Initializing Player Details.
04/12/2016 12:08:40 [10] INFO   BackgroundThread              : Starting 
04/12/2016 12:08:41 [13] INFO   BackgroundThread              : Starting 
04/12/2016 12:08:41 [13] DEBUG  PlayerProcess                 : ------------- At top of Player process loop -------------
04/12/2016 12:08:41 [13] DEBUG  PlayerProcess                 : In Process Login function.
04/12/2016 12:08:41 [13] DEBUG  ConversationFactory           : Creating Conversation of type LoginConversation
04/12/2016 12:08:41 [13] DEBUG  Dispatcher                    : Adding Conversation Player.Conversation.LoginConversation, 0.1
04/12/2016 12:08:41 [13] DEBUG  Dispatcher                    :       New Queue ID: 0.1
04/12/2016 12:08:41 [13] INFO   BackgroundThread              : Starting 
04/12/2016 12:08:42 [12] DEBUG  LoginConversation             : Creating login request. 
04/12/2016 12:08:42 [12] DEBUG  InitiatedConversation         : LoginConversation, ConversationID: 0.1: Conversation Id  for Initiated conversation: 0.1
04/12/2016 12:08:42 [12] DEBUG  Conversation                  : LoginConversation, ConversationID: 0.1: Setting Message IDs
04/12/2016 12:08:42 [12] DEBUG  Conversation                  : LoginConversation, ConversationID: 0.1: Message has IDs
04/12/2016 12:08:42 [12] DEBUG  Conversation                  : LoginConversation, ConversationID: 0.1: Message is valid
04/12/2016 12:08:42 [12] DEBUG  Conversation                  : LoginConversation, ConversationID: 0.1: Envelope is valid
04/12/2016 12:08:42 [12] DEBUG  Conversation                  : LoginConversation, ConversationID: 0.1: Conversation is initiating send.
04/12/2016 12:08:42 [12] DEBUG  PostMan                       : Sending UDP (Messages.RequestMessages.LoginRequest, MessageID: 0.1, ConversationID: 0.1)
Endpoint: 127.0.0.1:12000
JSON: {"__type":"LoginRequest:#Messages.RequestMessages","ConvId":{"Pid":0,"Seq":1},"MsgId":{"Pid":0,"Seq":1},"Identity":{"ANumber":"A00000001","Alias":"The Instructor","FirstName":"The","LastName":"Instructor"},"ProcessLabel":"The Instructor","ProcessType":3,"PublicKey":null}
04/12/2016 12:08:42 [12] DEBUG  PostMan                       : Message Delivered
04/12/2016 12:08:42 [12] DEBUG  Conversation                  : LoginConversation, ConversationID: 0.1: Send succeeded.
04/12/2016 12:08:47 [12] DEBUG  LoginConversation             : Creating login request. 
04/12/2016 12:08:47 [12] DEBUG  InitiatedConversation         : LoginConversation, ConversationID: 0.1: Conversation Id  for Initiated conversation: 0.1
04/12/2016 12:08:47 [12] DEBUG  Conversation                  : LoginConversation, ConversationID: 0.1: Setting Message IDs
04/12/2016 12:08:47 [12] DEBUG  Conversation                  : LoginConversation, ConversationID: 0.1: Message has IDs
04/12/2016 12:08:47 [12] DEBUG  Conversation                  : LoginConversation, ConversationID: 0.1: Message is valid
04/12/2016 12:08:47 [12] DEBUG  Conversation                  : LoginConversation, ConversationID: 0.1: Envelope is valid
04/12/2016 12:08:47 [12] DEBUG  Conversation                  : LoginConversation, ConversationID: 0.1: Conversation is initiating send.
04/12/2016 12:08:47 [12] DEBUG  PostMan                       : Sending UDP (Messages.RequestMessages.LoginRequest, MessageID: 0.1, ConversationID: 0.1)
Endpoint: 127.0.0.1:12000
JSON: {"__type":"LoginRequest:#Messages.RequestMessages","ConvId":{"Pid":0,"Seq":1},"MsgId":{"Pid":0,"Seq":1},"Identity":{"ANumber":"A00000001","Alias":"The Instructor","FirstName":"The","LastName":"Instructor"},"ProcessLabel":"The Instructor","ProcessType":3,"PublicKey":null}
04/12/2016 12:08:47 [12] DEBUG  PostMan                       : Message Delivered
04/12/2016 12:08:47 [12] DEBUG  Conversation                  : LoginConversation, ConversationID: 0.1: Send succeeded.
04/12/2016 12:08:53 [12] DEBUG  LoginConversation             : Creating login request. 
04/12/2016 12:08:53 [12] DEBUG  InitiatedConversation         : LoginConversation, ConversationID: 0.1: Conversation Id  for Initiated conversation: 0.1
04/12/2016 12:08:53 [12] DEBUG  Conversation                  : LoginConversation, ConversationID: 0.1: Setting Message IDs
04/12/2016 12:08:53 [12] DEBUG  Conversation                  : LoginConversation, ConversationID: 0.1: Message has IDs
04/12/2016 12:08:53 [12] DEBUG  Conversation                  : LoginConversation, ConversationID: 0.1: Message is valid
04/12/2016 12:08:53 [12] DEBUG  Conversation                  : LoginConversation, ConversationID: 0.1: Envelope is valid
04/12/2016 12:08:53 [12] DEBUG  Conversation                  : LoginConversation, ConversationID: 0.1: Conversation is initiating send.
04/12/2016 12:08:53 [12] DEBUG  PostMan                       : Sending UDP (Messages.RequestMessages.LoginRequest, MessageID: 0.1, ConversationID: 0.1)
Endpoint: 127.0.0.1:12000
JSON: {"__type":"LoginRequest:#Messages.RequestMessages","ConvId":{"Pid":0,"Seq":1},"MsgId":{"Pid":0,"Seq":1},"Identity":{"ANumber":"A00000001","Alias":"The Instructor","FirstName":"The","LastName":"Instructor"},"ProcessLabel":"The Instructor","ProcessType":3,"PublicKey":null}
04/12/2016 12:08:53 [12] DEBUG  PostMan                       : Message Delivered
04/12/2016 12:08:53 [12] DEBUG  Conversation                  : LoginConversation, ConversationID: 0.1: Send succeeded.
04/12/2016 12:08:53 [ 6] DEBUG  PostMan                       : Received UDP (Messages.ReplyMessages.LoginReply, MessageID: 1.1, ConversationID: 0.1)
JSON: {"__type":"LoginReply:#Messages.ReplyMessages","ConvId":{"Pid":0,"Seq":1},"MsgId":{"Pid":1,"Seq":1},"Note":"Logged in","Success":true,"PennyBankEndPoint":{"Host":"127.0.0.1","Port":12003},"PennyBankPublicKey":null,"ProcessInfo":{"EndPoint":{"Host":"127.0.0.1","Port":10000},"Label":"The Instructor","ProcessId":2,"Status":3,"Type":3},"ProxyEndPoint":{"Host":"127.0.0.1","Port":12002}}
04/12/2016 12:08:53 [19] INFO   ispatcher+<>c__DisplayClass7_0: New Message Received: (Messages.ReplyMessages.LoginReply)
04/12/2016 12:08:53 [19] INFO   ispatcher+<>c__DisplayClass7_0: MessageId: 1.1ConversationId: 0.1
04/12/2016 12:08:53 [19] DEBUG  Dispatcher                    : Successsfully queued a new message of type LoginReply, for conversation: 0.1
04/12/2016 12:08:53 [12] DEBUG  Conversation                  : LoginConversation, ConversationID: 0.1: Message available!
04/12/2016 12:08:53 [12] DEBUG  Conversation                  : LoginConversation, ConversationID: 0.1: Message available!
04/12/2016 12:08:53 [12] DEBUG  Conversation                  : LoginConversation, ConversationID: 0.1: Message has IDs
04/12/2016 12:08:53 [12] DEBUG  Conversation                  : LoginConversation, ConversationID: 0.1: Message is valid
04/12/2016 12:08:53 [12] DEBUG  Conversation                  : LoginConversation, ConversationID: 0.1: Envelope is valid
04/12/2016 12:08:53 [12] DEBUG  Conversation                  : LoginConversation, ConversationID: 0.1: Received Message is valid
04/12/2016 12:08:53 [12] DEBUG  LoginConversation             : Received a login reply message.
04/12/2016 12:08:53 [12] DEBUG  LoginConversation             : Proxy endpoint is 127.0.0.1:12003
04/12/2016 12:08:53 [12] INFO   Conversation                  : Conversation Succeeded
04/12/2016 12:08:54 [12] INFO   Conversation                  : Conversation Succeeded
04/12/2016 12:08:54 [13] DEBUG  PlayerProcess                 : ------------- At top of Player process loop -------------
04/12/2016 12:08:54 [13] DEBUG  PlayerProcess                 : In Process GetGameList function.
04/12/2016 12:08:54 [13] DEBUG  ConversationFactory           : Creating Conversation of type GameListConversation
04/12/2016 12:08:54 [13] DEBUG  Dispatcher                    : Adding Conversation Player.Conversation.GameListConversation, 2.2
04/12/2016 12:08:54 [13] DEBUG  Dispatcher                    :       New Queue ID: 2.2
04/12/2016 12:08:54 [13] INFO   BackgroundThread              : Starting 
04/12/2016 12:08:55 [16] DEBUG  GameListConversation          : Queuing game list request. 
04/12/2016 12:08:55 [16] DEBUG  InitiatedConversation         : GameListConversation, ConversationID: 2.2: Conversation Id  for Initiated conversation: 2.2
04/12/2016 12:08:55 [16] DEBUG  Conversation                  : GameListConversation, ConversationID: 2.2: Setting Message IDs
04/12/2016 12:08:55 [16] DEBUG  Conversation                  : GameListConversation, ConversationID: 2.2: Message has IDs
04/12/2016 12:08:55 [16] DEBUG  Conversation                  : GameListConversation, ConversationID: 2.2: Message is valid
04/12/2016 12:08:55 [16] DEBUG  Conversation                  : GameListConversation, ConversationID: 2.2: Envelope is valid
04/12/2016 12:08:55 [16] DEBUG  Conversation                  : GameListConversation, ConversationID: 2.2: Conversation is initiating send.
04/12/2016 12:08:55 [16] DEBUG  PostMan                       : Sending UDP (Messages.RequestMessages.GameListRequest, MessageID: 2.2, ConversationID: 2.2)
Endpoint: 127.0.0.1:12000
JSON: {"__type":"GameListRequest:#Messages.RequestMessages","ConvId":{"Pid":2,"Seq":2},"MsgId":{"Pid":2,"Seq":2},"StatusFilter":4}
04/12/2016 12:08:55 [16] DEBUG  PostMan                       : Message Delivered
04/12/2016 12:08:55 [16] DEBUG  Conversation                  : GameListConversation, ConversationID: 2.2: Send succeeded.
04/12/2016 12:08:55 [ 6] DEBUG  PostMan                       : Received UDP (Messages.ReplyMessages.GameListReply, MessageID: 1.2, ConversationID: 2.2)
JSON: {"__type":"GameListReply:#Messages.ReplyMessages","ConvId":{"Pid":2,"Seq":2},"MsgId":{"Pid":1,"Seq":2},"Note":null,"Success":true,"GameInfo":[]}
04/12/2016 12:08:55 [15] INFO   ispatcher+<>c__DisplayClass7_0: New Message Received: (Messages.ReplyMessages.GameListReply)
04/12/2016 12:08:55 [15] INFO   ispatcher+<>c__DisplayClass7_0: MessageId: 1.2ConversationId: 2.2
04/12/2016 12:08:55 [15] DEBUG  Dispatcher                    : Successsfully queued a new message of type GameListReply, for conversation: 2.2
04/12/2016 12:08:55 [16] DEBUG  Conversation                  : GameListConversation, ConversationID: 2.2: Message available!
04/12/2016 12:08:55 [16] DEBUG  Conversation                  : GameListConversation, ConversationID: 2.2: Message available!
04/12/2016 12:08:55 [16] DEBUG  Conversation                  : GameListConversation, ConversationID: 2.2: Message has IDs
04/12/2016 12:08:55 [16] DEBUG  Conversation                  : GameListConversation, ConversationID: 2.2: Message is valid
04/12/2016 12:08:55 [16] DEBUG  Conversation                  : GameListConversation, ConversationID: 2.2: Envelope is valid
04/12/2016 12:08:55 [16] DEBUG  Conversation                  : GameListConversation, ConversationID: 2.2: Received Message is valid
04/12/2016 12:08:55 [16] DEBUG  GameListConversation          : Received a game list reply message.
04/12/2016 12:08:55 [16] ERROR  Conversation                  : GameListConversation, ConversationID: 2.2: Either the message received was null, or no games are available. 
04/12/2016 12:08:55 [16] ERROR  Conversation                  : GameListConversation, ConversationID: 2.2: Conversation Failed
04/12/2016 12:08:55 [16] ERROR  Conversation                  : GameListConversation, ConversationID: 2.2: Conversation Ending
04/12/2016 12:08:55 [16] INFO   Conversation                  : Conversation Failed
04/12/2016 12:08:55 [16] INFO   BackgroundThread              : Stopping 
04/12/2016 12:08:55 [16] DEBUG  BackgroundThread              : Leaving Stop
04/12/2016 12:08:55 [13] DEBUG  PlayerProcess                 : ------------- At top of Player process loop -------------
04/12/2016 12:08:55 [16] ERROR  Conversation                  : GameListConversation, ConversationID: 2.2: Conversation Failed
04/12/2016 12:08:55 [16] ERROR  Conversation                  : GameListConversation, ConversationID: 2.2: Conversation Ending
04/12/2016 12:08:55 [16] INFO   Conversation                  : Conversation Failed
04/12/2016 12:08:55 [13] DEBUG  PlayerProcess                 : In Process GetGameList function.
04/12/2016 12:08:55 [13] DEBUG  ConversationFactory           : Creating Conversation of type GameListConversation
04/12/2016 12:08:55 [13] DEBUG  Dispatcher                    : Adding Conversation Player.Conversation.GameListConversation, 2.3
04/12/2016 12:08:55 [13] DEBUG  Dispatcher                    :       New Queue ID: 2.3
04/12/2016 12:08:55 [13] INFO   BackgroundThread              : Starting 
04/12/2016 12:08:55 [16] INFO   BackgroundThread              : Stopping 
04/12/2016 12:08:55 [16] DEBUG  BackgroundThread              : Leaving Stop
04/12/2016 12:08:57 [12] DEBUG  GameListConversation          : Queuing game list request. 
04/12/2016 12:08:57 [12] DEBUG  InitiatedConversation         : GameListConversation, ConversationID: 2.3: Conversation Id  for Initiated conversation: 2.3
04/12/2016 12:08:57 [12] DEBUG  Conversation                  : GameListConversation, ConversationID: 2.3: Setting Message IDs
04/12/2016 12:08:57 [12] DEBUG  Conversation                  : GameListConversation, ConversationID: 2.3: Message has IDs
04/12/2016 12:08:57 [12] DEBUG  Conversation                  : GameListConversation, ConversationID: 2.3: Message is valid
04/12/2016 12:08:57 [12] DEBUG  Conversation                  : GameListConversation, ConversationID: 2.3: Envelope is valid
04/12/2016 12:08:57 [12] DEBUG  Conversation                  : GameListConversation, ConversationID: 2.3: Conversation is initiating send.
04/12/2016 12:08:57 [12] DEBUG  PostMan                       : Sending UDP (Messages.RequestMessages.GameListRequest, MessageID: 2.3, ConversationID: 2.3)
Endpoint: 127.0.0.1:12000
JSON: {"__type":"GameListRequest:#Messages.RequestMessages","ConvId":{"Pid":2,"Seq":3},"MsgId":{"Pid":2,"Seq":3},"StatusFilter":4}
04/12/2016 12:08:57 [12] DEBUG  PostMan                       : Message Delivered
04/12/2016 12:08:57 [ 6] DEBUG  PostMan                       : Received UDP (Messages.ReplyMessages.GameListReply, MessageID: 1.3, ConversationID: 2.3)
JSON: {"__type":"GameListReply:#Messages.ReplyMessages","ConvId":{"Pid":2,"Seq":3},"MsgId":{"Pid":1,"Seq":3},"Note":null,"Success":true,"GameInfo":[]}
04/12/2016 12:08:57 [12] DEBUG  Conversation                  : GameListConversation, ConversationID: 2.3: Send succeeded.
04/12/2016 12:08:57 [14] INFO   ispatcher+<>c__DisplayClass7_0: New Message Received: (Messages.ReplyMessages.GameListReply)
04/12/2016 12:08:57 [14] INFO   ispatcher+<>c__DisplayClass7_0: MessageId: 1.3ConversationId: 2.3
04/12/2016 12:08:57 [14] DEBUG  Dispatcher                    : Successsfully queued a new message of type GameListReply, for conversation: 2.3
04/12/2016 12:08:57 [12] DEBUG  Conversation                  : GameListConversation, ConversationID: 2.3: Message available!
04/12/2016 12:08:57 [12] DEBUG  Conversation                  : GameListConversation, ConversationID: 2.3: Message available!
04/12/2016 12:08:57 [12] DEBUG  Conversation                  : GameListConversation, ConversationID: 2.3: Message has IDs
04/12/2016 12:08:57 [12] DEBUG  Conversation                  : GameListConversation, ConversationID: 2.3: Message is valid
04/12/2016 12:08:57 [12] DEBUG  Conversation                  : GameListConversation, ConversationID: 2.3: Envelope is valid
04/12/2016 12:08:57 [12] DEBUG  Conversation                  : GameListConversation, ConversationID: 2.3: Received Message is valid
04/12/2016 12:08:57 [12] DEBUG  GameListConversation          : Received a game list reply message.
04/12/2016 12:08:57 [12] ERROR  Conversation                  : GameListConversation, ConversationID: 2.3: Either the message received was null, or no games are available. 
04/12/2016 12:08:57 [12] ERROR  Conversation                  : GameListConversation, ConversationID: 2.3: Conversation Failed
04/12/2016 12:08:57 [12] ERROR  Conversation                  : GameListConversation, ConversationID: 2.3: Conversation Ending
04/12/2016 12:08:57 [12] INFO   Conversation                  : Conversation Failed
04/12/2016 12:08:57 [12] INFO   BackgroundThread              : Stopping 
04/12/2016 12:08:57 [12] DEBUG  BackgroundThread              : Leaving Stop
04/12/2016 12:08:57 [12] ERROR  Conversation                  : GameListConversation, ConversationID: 2.3: Conversation Failed
04/12/2016 12:08:57 [12] ERROR  Conversation                  : GameListConversation, ConversationID: 2.3: Conversation Ending
04/12/2016 12:08:57 [12] INFO   Conversation                  : Conversation Failed
04/12/2016 12:08:57 [13] DEBUG  PlayerProcess                 : ------------- At top of Player process loop -------------
04/12/2016 12:08:57 [12] INFO   BackgroundThread              : Stopping 
04/12/2016 12:08:57 [12] DEBUG  BackgroundThread              : Leaving Stop
04/12/2016 12:08:57 [13] DEBUG  PlayerProcess                 : In Process GetGameList function.
04/12/2016 12:08:57 [13] DEBUG  ConversationFactory           : Creating Conversation of type GameListConversation
04/12/2016 12:08:57 [13] DEBUG  Dispatcher                    : Adding Conversation Player.Conversation.GameListConversation, 2.4
04/12/2016 12:08:57 [13] DEBUG  Dispatcher                    :       New Queue ID: 2.4
04/12/2016 12:08:57 [13] INFO   BackgroundThread              : Starting 
04/12/2016 12:08:58 [19] DEBUG  GameListConversation          : Queuing game list request. 
04/12/2016 12:08:58 [19] DEBUG  InitiatedConversation         : GameListConversation, ConversationID: 2.4: Conversation Id  for Initiated conversation: 2.4
04/12/2016 12:08:58 [19] DEBUG  Conversation                  : GameListConversation, ConversationID: 2.4: Setting Message IDs
04/12/2016 12:08:58 [19] DEBUG  Conversation                  : GameListConversation, ConversationID: 2.4: Message has IDs
04/12/2016 12:08:58 [19] DEBUG  Conversation                  : GameListConversation, ConversationID: 2.4: Message is valid
04/12/2016 12:08:58 [19] DEBUG  Conversation                  : GameListConversation, ConversationID: 2.4: Envelope is valid
04/12/2016 12:08:58 [19] DEBUG  Conversation                  : GameListConversation, ConversationID: 2.4: Conversation is initiating send.
04/12/2016 12:08:58 [19] DEBUG  PostMan                       : Sending UDP (Messages.RequestMessages.GameListRequest, MessageID: 2.4, ConversationID: 2.4)
Endpoint: 127.0.0.1:12000
JSON: {"__type":"GameListRequest:#Messages.RequestMessages","ConvId":{"Pid":2,"Seq":4},"MsgId":{"Pid":2,"Seq":4},"StatusFilter":4}
04/12/2016 12:08:58 [19] DEBUG  PostMan                       : Message Delivered
04/12/2016 12:08:58 [19] DEBUG  Conversation                  : GameListConversation, ConversationID: 2.4: Send succeeded.
04/12/2016 12:08:58 [ 6] DEBUG  PostMan                       : Received UDP (Messages.ReplyMessages.GameListReply, MessageID: 1.9, ConversationID: 2.4)
JSON: {"__type":"GameListReply:#Messages.ReplyMessages","ConvId":{"Pid":2,"Seq":4},"MsgId":{"Pid":1,"Seq":9},"Note":null,"Success":true,"GameInfo":[{"CurrentProcesses":[],"GameId":4,"GameManagerId":3,"Label":"GM56506's 1st Game","MaxPlayers":5,"MinPlayers":2,"StartingPlayers":[],"Status":4,"Winners":null}]}
04/12/2016 12:08:59 [16] INFO   ispatcher+<>c__DisplayClass7_0: New Message Received: (Messages.ReplyMessages.GameListReply)
04/12/2016 12:08:59 [16] INFO   ispatcher+<>c__DisplayClass7_0: MessageId: 1.9ConversationId: 2.4
04/12/2016 12:08:59 [16] DEBUG  Dispatcher                    : Successsfully queued a new message of type GameListReply, for conversation: 2.4
04/12/2016 12:08:59 [19] DEBUG  Conversation                  : GameListConversation, ConversationID: 2.4: Message available!
04/12/2016 12:08:59 [19] DEBUG  Conversation                  : GameListConversation, ConversationID: 2.4: Message available!
04/12/2016 12:08:59 [19] DEBUG  Conversation                  : GameListConversation, ConversationID: 2.4: Message has IDs
04/12/2016 12:08:59 [19] DEBUG  Conversation                  : GameListConversation, ConversationID: 2.4: Message is valid
04/12/2016 12:08:59 [19] DEBUG  Conversation                  : GameListConversation, ConversationID: 2.4: Envelope is valid
04/12/2016 12:08:59 [19] DEBUG  Conversation                  : GameListConversation, ConversationID: 2.4: Received Message is valid
04/12/2016 12:08:59 [19] DEBUG  GameListConversation          : Received a game list reply message.
04/12/2016 12:08:59 [19] INFO   Conversation                  : Conversation Succeeded
04/12/2016 12:08:59 [19] INFO   Conversation                  : Conversation Succeeded
04/12/2016 12:08:59 [13] DEBUG  PlayerProcess                 : ------------- At top of Player process loop -------------
04/12/2016 12:08:59 [13] DEBUG  PlayerProcess                 : In Process JoinGame function.
04/12/2016 12:08:59 [13] DEBUG  ConversationFactory           : Creating Conversation of type JoinGameConversation
04/12/2016 12:08:59 [13] DEBUG  Dispatcher                    : Adding Conversation Player.Conversation.JoinGameConversation, 2.5
04/12/2016 12:08:59 [13] DEBUG  Dispatcher                    :       New Queue ID: 2.5
04/12/2016 12:08:59 [13] INFO   BackgroundThread              : Starting 
04/12/2016 12:09:08 [15] DEBUG  JoinGameConversation          : Queuing join game request. 
04/12/2016 12:09:08 [15] DEBUG  JoinGameConversation          : Requesting GameId: 4
04/12/2016 12:09:08 [15] ERROR  Conversation                  : JoinGameConversation, ConversationID: 2.5: No games available
04/12/2016 12:09:08 [15] ERROR  Conversation                  : JoinGameConversation, ConversationID: 2.5: Conversation Failed
04/12/2016 12:09:08 [15] ERROR  Conversation                  : JoinGameConversation, ConversationID: 2.5: Conversation Ending
04/12/2016 12:09:08 [15] INFO   Conversation                  : Conversation Failed
04/12/2016 12:09:08 [15] INFO   BackgroundThread              : Stopping 
04/12/2016 12:09:08 [15] DEBUG  BackgroundThread              : Leaving Stop
04/12/2016 12:09:08 [15] ERROR  Conversation                  : JoinGameConversation, ConversationID: 2.5: Conversation Failed
04/12/2016 12:09:08 [15] ERROR  Conversation                  : JoinGameConversation, ConversationID: 2.5: Conversation Ending
04/12/2016 12:09:08 [15] INFO   Conversation                  : Conversation Failed
04/12/2016 12:09:08 [15] INFO   BackgroundThread              : Stopping 
04/12/2016 12:09:08 [15] DEBUG  BackgroundThread              : Leaving Stop
04/12/2016 12:09:08 [13] DEBUG  PlayerProcess                 : ------------- At top of Player process loop -------------
04/12/2016 12:09:08 [13] DEBUG  PlayerProcess                 : In Process JoinGame function.
04/12/2016 12:09:08 [13] DEBUG  ConversationFactory           : Creating Conversation of type JoinGameConversation
04/12/2016 12:09:08 [13] DEBUG  Dispatcher                    : Adding Conversation Player.Conversation.JoinGameConversation, 2.6
04/12/2016 12:09:08 [13] DEBUG  Dispatcher                    :       New Queue ID: 2.6
04/12/2016 12:09:08 [13] INFO   BackgroundThread              : Starting 
04/12/2016 12:09:09 [12] ERROR  Conversation                  : JoinGameConversation, ConversationID: 2.6: No games available
04/12/2016 12:09:09 [12] ERROR  Conversation                  : JoinGameConversation, ConversationID: 2.6: Conversation Failed
04/12/2016 12:09:09 [12] ERROR  Conversation                  : JoinGameConversation, ConversationID: 2.6: Conversation Ending
04/12/2016 12:09:09 [12] INFO   Conversation                  : Conversation Failed
04/12/2016 12:09:09 [12] INFO   BackgroundThread              : Stopping 
04/12/2016 12:09:09 [12] DEBUG  BackgroundThread              : Leaving Stop
04/12/2016 12:09:09 [12] ERROR  Conversation                  : JoinGameConversation, ConversationID: 2.6: Conversation Failed
04/12/2016 12:09:09 [12] ERROR  Conversation                  : JoinGameConversation, ConversationID: 2.6: Conversation Ending
04/12/2016 12:09:09 [12] INFO   Conversation                  : Conversation Failed
04/12/2016 12:09:09 [12] INFO   BackgroundThread              : Stopping 
04/12/2016 12:09:09 [12] DEBUG  BackgroundThread              : Leaving Stop
04/12/2016 12:09:09 [13] DEBUG  PlayerProcess                 : ------------- At top of Player process loop -------------
04/12/2016 12:09:09 [13] DEBUG  PlayerProcess                 : In Process JoinGame function.
04/12/2016 12:09:09 [13] DEBUG  ConversationFactory           : Creating Conversation of type JoinGameConversation
04/12/2016 12:09:09 [13] DEBUG  Dispatcher                    : Adding Conversation Player.Conversation.JoinGameConversation, 2.7
04/12/2016 12:09:09 [13] DEBUG  Dispatcher                    :       New Queue ID: 2.7
04/12/2016 12:09:09 [13] INFO   BackgroundThread              : Starting 
04/12/2016 12:09:11 [15] ERROR  Conversation                  : JoinGameConversation, ConversationID: 2.7: No games available
04/12/2016 12:09:11 [15] ERROR  Conversation                  : JoinGameConversation, ConversationID: 2.7: Conversation Failed
04/12/2016 12:09:11 [15] ERROR  Conversation                  : JoinGameConversation, ConversationID: 2.7: Conversation Ending
04/12/2016 12:09:11 [15] INFO   Conversation                  : Conversation Failed
04/12/2016 12:09:11 [15] INFO   BackgroundThread              : Stopping 
04/12/2016 12:09:11 [15] DEBUG  BackgroundThread              : Leaving Stop
04/12/2016 12:09:11 [15] ERROR  Conversation                  : JoinGameConversation, ConversationID: 2.7: Conversation Failed
04/12/2016 12:09:11 [15] ERROR  Conversation                  : JoinGameConversation, ConversationID: 2.7: Conversation Ending
04/12/2016 12:09:11 [15] INFO   Conversation                  : Conversation Failed
04/12/2016 12:09:11 [15] INFO   BackgroundThread              : Stopping 
04/12/2016 12:09:11 [15] DEBUG  BackgroundThread              : Leaving Stop
04/12/2016 12:09:11 [13] DEBUG  PlayerProcess                 : ------------- At top of Player process loop -------------
04/12/2016 12:09:11 [13] DEBUG  PlayerProcess                 : In Process JoinGame function.
04/12/2016 12:09:11 [13] DEBUG  ConversationFactory           : Creating Conversation of type JoinGameConversation
04/12/2016 12:09:11 [13] DEBUG  Dispatcher                    : Adding Conversation Player.Conversation.JoinGameConversation, 2.8
04/12/2016 12:09:11 [13] DEBUG  Dispatcher                    :       New Queue ID: 2.8
04/12/2016 12:09:11 [13] INFO   BackgroundThread              : Starting 
04/12/2016 12:09:12 [19] ERROR  Conversation                  : JoinGameConversation, ConversationID: 2.8: No games available
04/12/2016 12:09:12 [19] ERROR  Conversation                  : JoinGameConversation, ConversationID: 2.8: Conversation Failed
04/12/2016 12:09:12 [19] ERROR  Conversation                  : JoinGameConversation, ConversationID: 2.8: Conversation Ending
04/12/2016 12:09:12 [19] INFO   Conversation                  : Conversation Failed
04/12/2016 12:09:12 [19] INFO   BackgroundThread              : Stopping 
04/12/2016 12:09:12 [19] DEBUG  BackgroundThread              : Leaving Stop
04/12/2016 12:09:12 [19] ERROR  Conversation                  : JoinGameConversation, ConversationID: 2.8: Conversation Failed
04/12/2016 12:09:12 [19] ERROR  Conversation                  : JoinGameConversation, ConversationID: 2.8: Conversation Ending
04/12/2016 12:09:12 [19] INFO   Conversation                  : Conversation Failed
04/12/2016 12:09:12 [19] INFO   BackgroundThread              : Stopping 
04/12/2016 12:09:12 [19] DEBUG  BackgroundThread              : Leaving Stop
04/12/2016 12:09:12 [13] DEBUG  PlayerProcess                 : ------------- At top of Player process loop -------------
04/12/2016 12:09:12 [13] DEBUG  PlayerProcess                 : In Process JoinGame function.
04/12/2016 12:09:12 [13] DEBUG  ConversationFactory           : Creating Conversation of type JoinGameConversation
04/12/2016 12:09:12 [13] DEBUG  Dispatcher                    : Adding Conversation Player.Conversation.JoinGameConversation, 2.9
04/12/2016 12:09:12 [13] DEBUG  Dispatcher                    :       New Queue ID: 2.9
04/12/2016 12:09:12 [13] INFO   BackgroundThread              : Starting 
04/12/2016 12:09:13 [14] ERROR  Conversation                  : JoinGameConversation, ConversationID: 2.9: No games available
04/12/2016 12:09:13 [14] ERROR  Conversation                  : JoinGameConversation, ConversationID: 2.9: Conversation Failed
04/12/2016 12:09:13 [14] ERROR  Conversation                  : JoinGameConversation, ConversationID: 2.9: Conversation Ending
04/12/2016 12:09:13 [14] INFO   Conversation                  : Conversation Failed
04/12/2016 12:09:13 [14] INFO   BackgroundThread              : Stopping 
04/12/2016 12:09:13 [14] DEBUG  BackgroundThread              : Leaving Stop
04/12/2016 12:09:13 [14] ERROR  Conversation                  : JoinGameConversation, ConversationID: 2.9: Conversation Failed
04/12/2016 12:09:13 [14] ERROR  Conversation                  : JoinGameConversation, ConversationID: 2.9: Conversation Ending
04/12/2016 12:09:13 [14] INFO   Conversation                  : Conversation Failed
04/12/2016 12:09:13 [14] INFO   BackgroundThread              : Stopping 
04/12/2016 12:09:13 [14] DEBUG  BackgroundThread              : Leaving Stop
04/12/2016 12:09:14 [13] DEBUG  PlayerProcess                 : ------------- At top of Player process loop -------------
04/12/2016 12:09:14 [13] DEBUG  PlayerProcess                 : In Process JoinGame function.
04/12/2016 12:09:14 [13] DEBUG  ConversationFactory           : Creating Conversation of type JoinGameConversation
04/12/2016 12:09:14 [13] DEBUG  Dispatcher                    : Adding Conversation Player.Conversation.JoinGameConversation, 2.10
04/12/2016 12:09:14 [13] DEBUG  Dispatcher                    :       New Queue ID: 2.10
04/12/2016 12:09:14 [13] INFO   BackgroundThread              : Starting 
04/12/2016 12:09:15 [19] ERROR  Conversation                  : JoinGameConversation, ConversationID: 2.10: No games available
04/12/2016 12:09:15 [19] ERROR  Conversation                  : JoinGameConversation, ConversationID: 2.10: Conversation Failed
04/12/2016 12:09:15 [19] ERROR  Conversation                  : JoinGameConversation, ConversationID: 2.10: Conversation Ending
04/12/2016 12:09:15 [19] INFO   Conversation                  : Conversation Failed
04/12/2016 12:09:15 [19] INFO   BackgroundThread              : Stopping 
04/12/2016 12:09:15 [19] DEBUG  BackgroundThread              : Leaving Stop
04/12/2016 12:09:15 [19] ERROR  Conversation                  : JoinGameConversation, ConversationID: 2.10: Conversation Failed
04/12/2016 12:09:15 [19] ERROR  Conversation                  : JoinGameConversation, ConversationID: 2.10: Conversation Ending
04/12/2016 12:09:15 [19] INFO   Conversation                  : Conversation Failed
04/12/2016 12:09:15 [19] INFO   BackgroundThread              : Stopping 
04/12/2016 12:09:15 [19] DEBUG  BackgroundThread              : Leaving Stop
04/12/2016 12:09:15 [13] DEBUG  PlayerProcess                 : ------------- At top of Player process loop -------------
04/12/2016 12:09:15 [13] DEBUG  PlayerProcess                 : In Process JoinGame function.
04/12/2016 12:09:15 [13] DEBUG  ConversationFactory           : Creating Conversation of type JoinGameConversation
04/12/2016 12:09:15 [13] DEBUG  Dispatcher                    : Adding Conversation Player.Conversation.JoinGameConversation, 2.11
04/12/2016 12:09:15 [13] DEBUG  Dispatcher                    :       New Queue ID: 2.11
04/12/2016 12:09:15 [13] INFO   BackgroundThread              : Starting 
04/12/2016 12:09:16 [14] ERROR  Conversation                  : JoinGameConversation, ConversationID: 2.11: No games available
04/12/2016 12:09:16 [14] ERROR  Conversation                  : JoinGameConversation, ConversationID: 2.11: Conversation Failed
04/12/2016 12:09:16 [14] ERROR  Conversation                  : JoinGameConversation, ConversationID: 2.11: Conversation Ending
04/12/2016 12:09:16 [14] INFO   Conversation                  : Conversation Failed
04/12/2016 12:09:16 [14] INFO   BackgroundThread              : Stopping 
04/12/2016 12:09:16 [14] DEBUG  BackgroundThread              : Leaving Stop
04/12/2016 12:09:16 [14] ERROR  Conversation                  : JoinGameConversation, ConversationID: 2.11: Conversation Failed
04/12/2016 12:09:16 [14] ERROR  Conversation                  : JoinGameConversation, ConversationID: 2.11: Conversation Ending
04/12/2016 12:09:16 [14] INFO   Conversation                  : Conversation Failed
04/12/2016 12:09:16 [14] INFO   BackgroundThread              : Stopping 
04/12/2016 12:09:16 [14] DEBUG  BackgroundThread              : Leaving Stop
04/12/2016 12:09:16 [13] DEBUG  PlayerProcess                 : ------------- At top of Player process loop -------------
04/12/2016 12:09:16 [13] DEBUG  PlayerProcess                 : In Process JoinGame function.
04/12/2016 12:09:16 [13] DEBUG  ConversationFactory           : Creating Conversation of type JoinGameConversation
04/12/2016 12:09:16 [13] DEBUG  Dispatcher                    : Adding Conversation Player.Conversation.JoinGameConversation, 2.12
04/12/2016 12:09:16 [13] DEBUG  Dispatcher                    :       New Queue ID: 2.12
04/12/2016 12:09:16 [13] INFO   BackgroundThread              : Starting 
04/12/2016 12:09:17 [15] ERROR  Conversation                  : JoinGameConversation, ConversationID: 2.12: No games available
04/12/2016 12:09:17 [15] ERROR  Conversation                  : JoinGameConversation, ConversationID: 2.12: Conversation Failed
04/12/2016 12:09:17 [15] ERROR  Conversation                  : JoinGameConversation, ConversationID: 2.12: Conversation Ending
04/12/2016 12:09:17 [15] INFO   Conversation                  : Conversation Failed
04/12/2016 12:09:17 [15] INFO   BackgroundThread              : Stopping 
04/12/2016 12:09:17 [15] DEBUG  BackgroundThread              : Leaving Stop
04/12/2016 12:09:18 [15] ERROR  Conversation                  : JoinGameConversation, ConversationID: 2.12: Conversation Failed
04/12/2016 12:09:18 [15] ERROR  Conversation                  : JoinGameConversation, ConversationID: 2.12: Conversation Ending
04/12/2016 12:09:18 [15] INFO   Conversation                  : Conversation Failed
04/12/2016 12:09:18 [15] INFO   BackgroundThread              : Stopping 
04/12/2016 12:09:18 [15] DEBUG  BackgroundThread              : Leaving Stop
04/12/2016 12:09:18 [13] DEBUG  PlayerProcess                 : ------------- At top of Player process loop -------------
04/12/2016 12:09:18 [13] DEBUG  PlayerProcess                 : In Process JoinGame function.
04/12/2016 12:09:18 [13] DEBUG  ConversationFactory           : Creating Conversation of type JoinGameConversation
04/12/2016 12:09:18 [13] DEBUG  Dispatcher                    : Adding Conversation Player.Conversation.JoinGameConversation, 2.13
04/12/2016 12:09:18 [13] DEBUG  Dispatcher                    :       New Queue ID: 2.13
04/12/2016 12:09:18 [13] INFO   BackgroundThread              : Starting 
04/12/2016 12:09:19 [ 6] DEBUG  PostMan                       : Received UDP (Messages.RequestMessages.AliveRequest, MessageID: 1.12, ConversationID: 1.12)
JSON: {"__type":"AliveRequest:#Messages.RequestMessages","ConvId":{"Pid":1,"Seq":12},"MsgId":{"Pid":1,"Seq":12}}
04/12/2016 12:09:19 [12] INFO   ispatcher+<>c__DisplayClass7_0: New Message Received: (Messages.RequestMessages.AliveRequest)
04/12/2016 12:09:19 [12] INFO   ispatcher+<>c__DisplayClass7_0: MessageId: 1.12ConversationId: 1.12
04/12/2016 12:09:19 [12] DEBUG  Dispatcher                    : Conversation  with id= 1.12 does not exist, trying to create new conversation.
04/12/2016 12:09:19 [12] DEBUG  ConversationFactory           : Creating Conversation of type AliveConversation
04/12/2016 12:09:19 [12] DEBUG  Dispatcher                    : Adding Conversation Player.Conversation.AliveConversation, 1.12
04/12/2016 12:09:19 [12] DEBUG  Dispatcher                    :       New Queue ID: 1.12
04/12/2016 12:09:19 [12] DEBUG  Dispatcher                    : Successsfully queued a new message of type AliveRequest, for conversation: 1.12
04/12/2016 12:09:19 [12] INFO   BackgroundThread              : Starting 
04/12/2016 12:09:19 [16] DEBUG  Conversation                  : AliveConversation, ConversationID: 1.12: Message available!
04/12/2016 12:09:19 [16] DEBUG  Conversation                  : AliveConversation, ConversationID: 1.12: Message available!
04/12/2016 12:09:19 [16] DEBUG  Conversation                  : AliveConversation, ConversationID: 1.12: Message available!
04/12/2016 12:09:19 [16] DEBUG  Conversation                  : AliveConversation, ConversationID: 1.12: Message has IDs
04/12/2016 12:09:19 [16] DEBUG  Conversation                  : AliveConversation, ConversationID: 1.12: Message is valid
04/12/2016 12:09:19 [16] DEBUG  Conversation                  : AliveConversation, ConversationID: 1.12: Envelope is valid
04/12/2016 12:09:19 [16] DEBUG  Conversation                  : AliveConversation, ConversationID: 1.12: Received Message is valid
04/12/2016 12:09:19 [16] DEBUG  AliveConversation             : Creating Alive Response
04/12/2016 12:09:19 [16] DEBUG  ResponseConversation          : AliveConversation, ConversationID: 1.12: Conversation Id  for Response conversation: 1.12
04/12/2016 12:09:19 [16] DEBUG  Conversation                  : AliveConversation, ConversationID: 1.12: Setting Message IDs
04/12/2016 12:09:19 [16] DEBUG  Conversation                  : AliveConversation, ConversationID: 1.12: Message has IDs
04/12/2016 12:09:19 [16] DEBUG  Conversation                  : AliveConversation, ConversationID: 1.12: Message is valid
04/12/2016 12:09:19 [15] ERROR  Conversation                  : JoinGameConversation, ConversationID: 2.13: No games available
04/12/2016 12:09:19 [16] DEBUG  Conversation                  : AliveConversation, ConversationID: 1.12: Envelope is valid
04/12/2016 12:09:19 [16] DEBUG  Conversation                  : AliveConversation, ConversationID: 1.12: Conversation is initiating send.
04/12/2016 12:09:19 [16] DEBUG  PostMan                       : Sending UDP (Messages.ReplyMessages.Reply, MessageID: 2.14, ConversationID: 1.12)
Endpoint: 127.0.0.1:12000
JSON: {"__type":"Reply:#Messages.ReplyMessages","ConvId":{"Pid":1,"Seq":12},"MsgId":{"Pid":2,"Seq":14},"Note":"I'm Alive","Success":true}
04/12/2016 12:09:19 [15] ERROR  Conversation                  : JoinGameConversation, ConversationID: 2.13: Conversation Failed
04/12/2016 12:09:19 [15] ERROR  Conversation                  : JoinGameConversation, ConversationID: 2.13: Conversation Ending
04/12/2016 12:09:19 [16] DEBUG  PostMan                       : Message Delivered
04/12/2016 12:09:19 [15] INFO   Conversation                  : Conversation Failed
04/12/2016 12:09:19 [13] DEBUG  PlayerProcess                 : ------------- At top of Player process loop -------------
04/12/2016 12:09:19 [16] DEBUG  Conversation                  : AliveConversation, ConversationID: 1.12: Send succeeded.
04/12/2016 12:09:19 [13] DEBUG  PlayerProcess                 : In Process JoinGame function.
04/12/2016 12:09:19 [13] DEBUG  ConversationFactory           : Creating Conversation of type JoinGameConversation
04/12/2016 12:09:19 [15] INFO   BackgroundThread              : Stopping 
04/12/2016 12:09:19 [15] DEBUG  BackgroundThread              : Leaving Stop
04/12/2016 12:09:19 [15] ERROR  Conversation                  : JoinGameConversation, ConversationID: 2.13: Conversation Failed
04/12/2016 12:09:19 [15] ERROR  Conversation                  : JoinGameConversation, ConversationID: 2.13: Conversation Ending
04/12/2016 12:09:19 [15] INFO   Conversation                  : Conversation Failed
04/12/2016 12:09:19 [15] INFO   BackgroundThread              : Stopping 
04/12/2016 12:09:19 [15] DEBUG  BackgroundThread              : Leaving Stop
04/12/2016 12:09:19 [13] DEBUG  Dispatcher                    : Adding Conversation Player.Conversation.JoinGameConversation, 2.15
04/12/2016 12:09:19 [13] DEBUG  Dispatcher                    :       New Queue ID: 2.15
04/12/2016 12:09:19 [13] INFO   BackgroundThread              : Starting 
04/12/2016 12:09:20 [20] ERROR  Conversation                  : JoinGameConversation, ConversationID: 2.15: No games available
04/12/2016 12:09:20 [20] ERROR  Conversation                  : JoinGameConversation, ConversationID: 2.15: Conversation Failed
04/12/2016 12:09:20 [20] ERROR  Conversation                  : JoinGameConversation, ConversationID: 2.15: Conversation Ending
04/12/2016 12:09:20 [20] INFO   Conversation                  : Conversation Failed
04/12/2016 12:09:20 [20] INFO   BackgroundThread              : Stopping 
04/12/2016 12:09:20 [20] DEBUG  BackgroundThread              : Leaving Stop
04/12/2016 12:09:20 [20] ERROR  Conversation                  : JoinGameConversation, ConversationID: 2.15: Conversation Failed
04/12/2016 12:09:21 [20] ERROR  Conversation                  : JoinGameConversation, ConversationID: 2.15: Conversation Ending
04/12/2016 12:09:21 [20] INFO   Conversation                  : Conversation Failed
04/12/2016 12:09:21 [20] INFO   BackgroundThread              : Stopping 
04/12/2016 12:09:21 [20] DEBUG  BackgroundThread              : Leaving Stop
04/12/2016 12:09:21 [13] DEBUG  PlayerProcess                 : ------------- At top of Player process loop -------------
04/12/2016 12:09:21 [13] DEBUG  PlayerProcess                 : In Process JoinGame function.
04/12/2016 12:09:21 [13] DEBUG  ConversationFactory           : Creating Conversation of type JoinGameConversation
04/12/2016 12:09:21 [13] DEBUG  Dispatcher                    : Adding Conversation Player.Conversation.JoinGameConversation, 2.16
04/12/2016 12:09:21 [13] DEBUG  Dispatcher                    :       New Queue ID: 2.16
04/12/2016 12:09:21 [13] INFO   BackgroundThread              : Starting 
04/12/2016 12:09:22 [12] ERROR  Conversation                  : JoinGameConversation, ConversationID: 2.16: No games available
04/12/2016 12:09:22 [12] ERROR  Conversation                  : JoinGameConversation, ConversationID: 2.16: Conversation Failed
04/12/2016 12:09:22 [12] ERROR  Conversation                  : JoinGameConversation, ConversationID: 2.16: Conversation Ending
04/12/2016 12:09:22 [12] INFO   Conversation                  : Conversation Failed
04/12/2016 12:09:22 [12] INFO   BackgroundThread              : Stopping 
04/12/2016 12:09:22 [12] DEBUG  BackgroundThread              : Leaving Stop
04/12/2016 12:09:22 [12] ERROR  Conversation                  : JoinGameConversation, ConversationID: 2.16: Conversation Failed
04/12/2016 12:09:22 [12] ERROR  Conversation                  : JoinGameConversation, ConversationID: 2.16: Conversation Ending
04/12/2016 12:09:22 [12] INFO   Conversation                  : Conversation Failed
04/12/2016 12:09:22 [12] INFO   BackgroundThread              : Stopping 
04/12/2016 12:09:22 [12] DEBUG  BackgroundThread              : Leaving Stop
04/12/2016 12:09:22 [13] DEBUG  PlayerProcess                 : ------------- At top of Player process loop -------------
04/12/2016 12:09:22 [13] DEBUG  PlayerProcess                 : In Process JoinGame function.
04/12/2016 12:09:22 [13] DEBUG  ConversationFactory           : Creating Conversation of type JoinGameConversation
04/12/2016 12:09:22 [13] DEBUG  Dispatcher                    : Adding Conversation Player.Conversation.JoinGameConversation, 2.17
04/12/2016 12:09:22 [13] DEBUG  Dispatcher                    :       New Queue ID: 2.17
04/12/2016 12:09:22 [13] INFO   BackgroundThread              : Starting 
04/12/2016 12:09:23 [15] ERROR  Conversation                  : JoinGameConversation, ConversationID: 2.17: No games available
04/12/2016 12:09:23 [15] ERROR  Conversation                  : JoinGameConversation, ConversationID: 2.17: Conversation Failed
04/12/2016 12:09:23 [15] ERROR  Conversation                  : JoinGameConversation, ConversationID: 2.17: Conversation Ending
04/12/2016 12:09:23 [15] INFO   Conversation                  : Conversation Failed
04/12/2016 12:09:23 [15] INFO   BackgroundThread              : Stopping 
04/12/2016 12:09:23 [15] DEBUG  BackgroundThread              : Leaving Stop
04/12/2016 12:09:23 [15] ERROR  Conversation                  : JoinGameConversation, ConversationID: 2.17: Conversation Failed
04/12/2016 12:09:23 [15] ERROR  Conversation                  : JoinGameConversation, ConversationID: 2.17: Conversation Ending
04/12/2016 12:09:23 [15] INFO   Conversation                  : Conversation Failed
04/12/2016 12:09:23 [15] INFO   BackgroundThread              : Stopping 
04/12/2016 12:09:23 [15] DEBUG  BackgroundThread              : Leaving Stop
04/12/2016 12:09:23 [13] DEBUG  PlayerProcess                 : ------------- At top of Player process loop -------------
04/12/2016 12:09:23 [13] DEBUG  PlayerProcess                 : In Process JoinGame function.
04/12/2016 12:09:23 [13] DEBUG  ConversationFactory           : Creating Conversation of type JoinGameConversation
04/12/2016 12:09:23 [13] DEBUG  Dispatcher                    : Adding Conversation Player.Conversation.JoinGameConversation, 2.18
04/12/2016 12:09:23 [13] DEBUG  Dispatcher                    :       New Queue ID: 2.18
04/12/2016 12:09:23 [13] INFO   BackgroundThread              : Starting 
04/12/2016 12:09:25 [20] ERROR  Conversation                  : JoinGameConversation, ConversationID: 2.18: No games available
04/12/2016 12:09:25 [20] ERROR  Conversation                  : JoinGameConversation, ConversationID: 2.18: Conversation Failed
04/12/2016 12:09:25 [20] ERROR  Conversation                  : JoinGameConversation, ConversationID: 2.18: Conversation Ending
04/12/2016 12:09:25 [20] INFO   Conversation                  : Conversation Failed
04/12/2016 12:09:25 [20] INFO   BackgroundThread              : Stopping 
04/12/2016 12:09:25 [20] DEBUG  BackgroundThread              : Leaving Stop
04/12/2016 12:09:25 [20] ERROR  Conversation                  : JoinGameConversation, ConversationID: 2.18: Conversation Failed
04/12/2016 12:09:25 [20] ERROR  Conversation                  : JoinGameConversation, ConversationID: 2.18: Conversation Ending
04/12/2016 12:09:25 [20] INFO   Conversation                  : Conversation Failed
04/12/2016 12:09:25 [20] INFO   BackgroundThread              : Stopping 
04/12/2016 12:09:25 [20] DEBUG  BackgroundThread              : Leaving Stop
04/12/2016 12:09:25 [13] DEBUG  PlayerProcess                 : ------------- At top of Player process loop -------------
04/12/2016 12:09:25 [13] DEBUG  PlayerProcess                 : In Process JoinGame function.
04/12/2016 12:09:25 [13] DEBUG  ConversationFactory           : Creating Conversation of type JoinGameConversation
04/12/2016 12:09:25 [13] DEBUG  Dispatcher                    : Adding Conversation Player.Conversation.JoinGameConversation, 2.19
04/12/2016 12:09:25 [13] DEBUG  Dispatcher                    :       New Queue ID: 2.19
04/12/2016 12:09:25 [13] INFO   BackgroundThread              : Starting 
04/12/2016 12:09:26 [12] ERROR  Conversation                  : JoinGameConversation, ConversationID: 2.19: No games available
04/12/2016 12:09:26 [12] ERROR  Conversation                  : JoinGameConversation, ConversationID: 2.19: Conversation Failed
04/12/2016 12:09:26 [12] ERROR  Conversation                  : JoinGameConversation, ConversationID: 2.19: Conversation Ending
04/12/2016 12:09:26 [12] INFO   Conversation                  : Conversation Failed
04/12/2016 12:09:26 [12] INFO   BackgroundThread              : Stopping 
04/12/2016 12:09:26 [12] DEBUG  BackgroundThread              : Leaving Stop
04/12/2016 12:09:26 [12] ERROR  Conversation                  : JoinGameConversation, ConversationID: 2.19: Conversation Failed
04/12/2016 12:09:26 [12] ERROR  Conversation                  : JoinGameConversation, ConversationID: 2.19: Conversation Ending
04/12/2016 12:09:26 [12] INFO   Conversation                  : Conversation Failed
04/12/2016 12:09:26 [12] INFO   BackgroundThread              : Stopping 
04/12/2016 12:09:26 [12] DEBUG  BackgroundThread              : Leaving Stop
04/12/2016 12:09:26 [13] DEBUG  PlayerProcess                 : ------------- At top of Player process loop -------------
04/12/2016 12:09:26 [13] DEBUG  PlayerProcess                 : In Process JoinGame function.
04/12/2016 12:09:26 [13] DEBUG  ConversationFactory           : Creating Conversation of type JoinGameConversation
04/12/2016 12:09:26 [13] DEBUG  Dispatcher                    : Adding Conversation Player.Conversation.JoinGameConversation, 2.20
04/12/2016 12:09:26 [13] DEBUG  Dispatcher                    :       New Queue ID: 2.20
04/12/2016 12:09:26 [13] INFO   BackgroundThread              : Starting 
04/12/2016 12:09:27 [14] ERROR  Conversation                  : JoinGameConversation, ConversationID: 2.20: No games available
04/12/2016 12:09:27 [14] ERROR  Conversation                  : JoinGameConversation, ConversationID: 2.20: Conversation Failed
04/12/2016 12:09:27 [14] ERROR  Conversation                  : JoinGameConversation, ConversationID: 2.20: Conversation Ending
04/12/2016 12:09:27 [14] INFO   Conversation                  : Conversation Failed
04/12/2016 12:09:27 [14] INFO   BackgroundThread              : Stopping 
04/12/2016 12:09:27 [14] DEBUG  BackgroundThread              : Leaving Stop
04/12/2016 12:09:27 [14] ERROR  Conversation                  : JoinGameConversation, ConversationID: 2.20: Conversation Failed
04/12/2016 12:09:27 [14] ERROR  Conversation                  : JoinGameConversation, ConversationID: 2.20: Conversation Ending
04/12/2016 12:09:27 [14] INFO   Conversation                  : Conversation Failed
04/12/2016 12:09:27 [14] INFO   BackgroundThread              : Stopping 
04/12/2016 12:09:27 [14] DEBUG  BackgroundThread              : Leaving Stop
04/12/2016 12:09:27 [13] DEBUG  PlayerProcess                 : ------------- At top of Player process loop -------------
04/12/2016 12:09:27 [13] DEBUG  PlayerProcess                 : In Process JoinGame function.
04/12/2016 12:09:27 [13] DEBUG  ConversationFactory           : Creating Conversation of type JoinGameConversation
04/12/2016 12:09:28 [13] DEBUG  Dispatcher                    : Adding Conversation Player.Conversation.JoinGameConversation, 2.21
04/12/2016 12:09:28 [13] DEBUG  Dispatcher                    :       New Queue ID: 2.21
04/12/2016 12:09:28 [13] INFO   BackgroundThread              : Starting 
04/12/2016 12:09:29 [15] ERROR  Conversation                  : JoinGameConversation, ConversationID: 2.21: No games available
04/12/2016 12:09:29 [15] ERROR  Conversation                  : JoinGameConversation, ConversationID: 2.21: Conversation Failed
04/12/2016 12:09:29 [15] ERROR  Conversation                  : JoinGameConversation, ConversationID: 2.21: Conversation Ending
04/12/2016 12:09:29 [15] INFO   Conversation                  : Conversation Failed
04/12/2016 12:09:29 [15] INFO   BackgroundThread              : Stopping 
04/12/2016 12:09:29 [15] DEBUG  BackgroundThread              : Leaving Stop
04/12/2016 12:09:29 [15] ERROR  Conversation                  : JoinGameConversation, ConversationID: 2.21: Conversation Failed
04/12/2016 12:09:29 [15] ERROR  Conversation                  : JoinGameConversation, ConversationID: 2.21: Conversation Ending
04/12/2016 12:09:29 [15] INFO   Conversation                  : Conversation Failed
04/12/2016 12:09:29 [15] INFO   BackgroundThread              : Stopping 
04/12/2016 12:09:29 [15] DEBUG  BackgroundThread              : Leaving Stop
04/12/2016 12:09:29 [13] DEBUG  PlayerProcess                 : ------------- At top of Player process loop -------------
04/12/2016 12:09:29 [13] DEBUG  PlayerProcess                 : In Process JoinGame function.
04/12/2016 12:09:29 [13] DEBUG  ConversationFactory           : Creating Conversation of type JoinGameConversation
04/12/2016 12:09:29 [13] DEBUG  Dispatcher                    : Adding Conversation Player.Conversation.JoinGameConversation, 2.22
04/12/2016 12:09:29 [13] DEBUG  Dispatcher                    :       New Queue ID: 2.22
04/12/2016 12:09:29 [13] INFO   BackgroundThread              : Starting 
04/12/2016 12:09:30 [12] ERROR  Conversation                  : JoinGameConversation, ConversationID: 2.22: No games available
04/12/2016 12:09:30 [12] ERROR  Conversation                  : JoinGameConversation, ConversationID: 2.22: Conversation Failed
04/12/2016 12:09:30 [12] ERROR  Conversation                  : JoinGameConversation, ConversationID: 2.22: Conversation Ending
04/12/2016 12:09:30 [12] INFO   Conversation                  : Conversation Failed
04/12/2016 12:09:30 [12] INFO   BackgroundThread              : Stopping 
04/12/2016 12:09:30 [12] DEBUG  BackgroundThread              : Leaving Stop
04/12/2016 12:09:30 [12] ERROR  Conversation                  : JoinGameConversation, ConversationID: 2.22: Conversation Failed
04/12/2016 12:09:30 [12] ERROR  Conversation                  : JoinGameConversation, ConversationID: 2.22: Conversation Ending
04/12/2016 12:09:30 [12] INFO   Conversation                  : Conversation Failed
04/12/2016 12:09:30 [12] INFO   BackgroundThread              : Stopping 
04/12/2016 12:09:30 [12] DEBUG  BackgroundThread              : Leaving Stop
04/12/2016 12:09:30 [13] DEBUG  PlayerProcess                 : ------------- At top of Player process loop -------------
04/12/2016 12:09:30 [13] DEBUG  PlayerProcess                 : In Process JoinGame function.
04/12/2016 12:09:30 [13] DEBUG  ConversationFactory           : Creating Conversation of type JoinGameConversation
04/12/2016 12:09:30 [13] DEBUG  Dispatcher                    : Adding Conversation Player.Conversation.JoinGameConversation, 2.23
04/12/2016 12:09:30 [13] DEBUG  Dispatcher                    :       New Queue ID: 2.23
04/12/2016 12:09:30 [13] INFO   BackgroundThread              : Starting 
04/12/2016 12:09:31 [15] ERROR  Conversation                  : JoinGameConversation, ConversationID: 2.23: No games available
04/12/2016 12:09:31 [15] ERROR  Conversation                  : JoinGameConversation, ConversationID: 2.23: Conversation Failed
04/12/2016 12:09:31 [15] ERROR  Conversation                  : JoinGameConversation, ConversationID: 2.23: Conversation Ending
04/12/2016 12:09:31 [15] INFO   Conversation                  : Conversation Failed
04/12/2016 12:09:31 [15] INFO   BackgroundThread              : Stopping 
04/12/2016 12:09:31 [15] DEBUG  BackgroundThread              : Leaving Stop
04/12/2016 12:09:31 [15] ERROR  Conversation                  : JoinGameConversation, ConversationID: 2.23: Conversation Failed
04/12/2016 12:09:31 [15] ERROR  Conversation                  : JoinGameConversation, ConversationID: 2.23: Conversation Ending
04/12/2016 12:09:31 [15] INFO   Conversation                  : Conversation Failed
04/12/2016 12:09:32 [15] INFO   BackgroundThread              : Stopping 
04/12/2016 12:09:32 [15] DEBUG  BackgroundThread              : Leaving Stop
04/12/2016 12:09:32 [13] DEBUG  PlayerProcess                 : ------------- At top of Player process loop -------------
04/12/2016 12:09:32 [13] DEBUG  PlayerProcess                 : In Process JoinGame function.
04/12/2016 12:09:32 [13] DEBUG  ConversationFactory           : Creating Conversation of type JoinGameConversation
04/12/2016 12:09:32 [13] DEBUG  Dispatcher                    : Adding Conversation Player.Conversation.JoinGameConversation, 2.24
04/12/2016 12:09:32 [13] DEBUG  Dispatcher                    :       New Queue ID: 2.24
04/12/2016 12:09:32 [13] INFO   BackgroundThread              : Starting 
04/12/2016 12:09:33 [14] ERROR  Conversation                  : JoinGameConversation, ConversationID: 2.24: No games available
04/12/2016 12:09:33 [14] ERROR  Conversation                  : JoinGameConversation, ConversationID: 2.24: Conversation Failed
04/12/2016 12:09:33 [14] ERROR  Conversation                  : JoinGameConversation, ConversationID: 2.24: Conversation Ending
04/12/2016 12:09:33 [14] INFO   Conversation                  : Conversation Failed
04/12/2016 12:09:33 [14] INFO   BackgroundThread              : Stopping 
04/12/2016 12:09:33 [14] DEBUG  BackgroundThread              : Leaving Stop
04/12/2016 12:09:33 [14] ERROR  Conversation                  : JoinGameConversation, ConversationID: 2.24: Conversation Failed
04/12/2016 12:09:33 [14] ERROR  Conversation                  : JoinGameConversation, ConversationID: 2.24: Conversation Ending
04/12/2016 12:09:33 [14] INFO   Conversation                  : Conversation Failed
04/12/2016 12:09:33 [14] INFO   BackgroundThread              : Stopping 
04/12/2016 12:09:33 [14] DEBUG  BackgroundThread              : Leaving Stop
