04/09/2016 09:33:46 [ 8] DEBUG  PlayerConnection              : Using Local Settings.
04/09/2016 09:33:46 [ 8] DEBUG  PlayerConnection              : Starting Application. 
04/09/2016 09:33:46 [ 8] DEBUG  PlayerProcess                 : Initializeing Player Subsystem.
04/09/2016 09:33:46 [ 8] DEBUG  PlayerProcess                 : Initializing Player Details.
04/09/2016 09:33:46 [ 8] INFO   BackgroundThread              : Starting 
04/09/2016 09:33:46 [10] INFO   BackgroundThread              : Starting 
04/09/2016 09:33:46 [10] DEBUG  PlayerProcess                 : In Process Login function.
04/09/2016 09:33:46 [10] DEBUG  Dispatcher                    : Adding Conversation Player.Conversation.LoginConversation, 0.1
04/09/2016 09:33:46 [10] DEBUG  Dispatcher                    :       New Queue ID: 0.1
04/09/2016 09:33:46 [10] DEBUG  LoginConversation             : Creating login request. 
04/09/2016 09:33:46 [10] DEBUG  InitiatedConversation         : LoginConversation: Conversation Id  for initiated conversation: 0.1
04/09/2016 09:33:46 [10] DEBUG  Conversation                  : LoginConversation: Setting Message IDs
04/09/2016 09:33:46 [10] DEBUG  Conversation                  : LoginConversation: Message has IDs
04/09/2016 09:33:46 [10] DEBUG  Conversation                  : LoginConversation: Message is valid
04/09/2016 09:33:46 [10] DEBUG  Conversation                  : LoginConversation: Envelope is valid
04/09/2016 09:33:46 [10] DEBUG  Conversation                  : LoginConversation: Conversation is initiating send.
04/09/2016 09:33:46 [10] DEBUG  PostMan                       : Sending UDP (Messages.RequestMessages.LoginRequest, MessageID: 0.1, ConversationID: 0.1)
JSON: {"__type":"LoginRequest:#Messages.RequestMessages","ConvId":{"Pid":0,"Seq":1},"MsgId":{"Pid":0,"Seq":1},"Identity":{"ANumber":"A00000001","Alias":"The Instructor","FirstName":"The","LastName":"Instructor"},"ProcessLabel":"The Instructor","ProcessType":3,"PublicKey":null}
04/09/2016 09:33:46 [10] DEBUG  PostMan                       : Message Delivered
04/09/2016 09:33:46 [10] DEBUG  Conversation                  : LoginConversation: Send succeeded.
04/09/2016 09:33:46 [10] INFO   BackgroundThread              : Starting 
04/09/2016 09:33:46 [12] DEBUG  PostMan                       : Received UDP (Messages.ReplyMessages.LoginReply, MessageID: 1.1, ConversationID: 0.1)
JSON: {"__type":"LoginReply:#Messages.ReplyMessages","ConvId":{"Pid":0,"Seq":1},"MsgId":{"Pid":1,"Seq":1},"Note":"Logged in","Success":true,"PennyBankEndPoint":{"Host":"127.0.0.1","Port":12003},"PennyBankPublicKey":null,"ProcessInfo":{"EndPoint":{"Host":"127.0.0.1","Port":10000},"Label":"The Instructor","ProcessId":2,"Status":3,"Type":3},"ProxyEndPoint":{"Host":"127.0.0.1","Port":12002}}
04/09/2016 09:33:47 [12] INFO   Dispatcher                    : New Message Received: (Messages.ReplyMessages.LoginReply)
04/09/2016 09:33:47 [12] INFO   Dispatcher                    : MessageId: 1.1ConversationId: 0.1
04/09/2016 09:33:47 [11] DEBUG  Conversation                  : LoginConversation: Message available!
04/09/2016 09:33:47 [11] DEBUG  Conversation                  : LoginConversation: Message has IDs
04/09/2016 09:33:47 [11] DEBUG  Conversation                  : LoginConversation: Message is valid
04/09/2016 09:33:47 [11] DEBUG  Conversation                  : LoginConversation: Envelope is valid
04/09/2016 09:33:47 [11] DEBUG  Conversation                  : LoginConversation: Received Message is valid
04/09/2016 09:33:47 [11] DEBUG  LoginConversation             : Received a login reply message.
04/09/2016 09:33:48 [10] DEBUG  PlayerProcess                 : In Process GetGameList function.
04/09/2016 09:33:48 [10] DEBUG  Dispatcher                    : Adding Conversation Player.Conversation.GameListConversation, 2.2
04/09/2016 09:33:48 [10] DEBUG  Dispatcher                    :       New Queue ID: 2.2
04/09/2016 09:33:48 [10] DEBUG  GameListConversation          : Queuing game list request. 
04/09/2016 09:33:48 [10] DEBUG  InitiatedConversation         : GameListConversation: Conversation Id  for initiated conversation: 2.2
04/09/2016 09:33:48 [10] DEBUG  Conversation                  : GameListConversation: Setting Message IDs
04/09/2016 09:33:48 [10] DEBUG  Conversation                  : GameListConversation: Message has IDs
04/09/2016 09:33:48 [10] DEBUG  Conversation                  : GameListConversation: Message is valid
04/09/2016 09:33:48 [10] DEBUG  Conversation                  : GameListConversation: Envelope is valid
04/09/2016 09:33:48 [10] DEBUG  Conversation                  : GameListConversation: Conversation is initiating send.
04/09/2016 09:33:48 [10] DEBUG  PostMan                       : Sending UDP (Messages.RequestMessages.GameListRequest, MessageID: 2.2, ConversationID: 2.2)
JSON: {"__type":"GameListRequest:#Messages.RequestMessages","ConvId":{"Pid":2,"Seq":2},"MsgId":{"Pid":2,"Seq":2},"StatusFilter":4}
04/09/2016 09:33:48 [10] DEBUG  PostMan                       : Message Delivered
04/09/2016 09:33:48 [10] DEBUG  Conversation                  : GameListConversation: Send succeeded.
04/09/2016 09:33:48 [10] INFO   BackgroundThread              : Starting 
04/09/2016 09:33:48 [12] DEBUG  PostMan                       : Received UDP (Messages.ReplyMessages.GameListReply, MessageID: 1.2, ConversationID: 2.2)
JSON: {"__type":"GameListReply:#Messages.ReplyMessages","ConvId":{"Pid":2,"Seq":2},"MsgId":{"Pid":1,"Seq":2},"Note":null,"Success":true,"GameInfo":[]}
04/09/2016 09:33:48 [12] INFO   Dispatcher                    : New Message Received: (Messages.ReplyMessages.GameListReply)
04/09/2016 09:33:48 [12] INFO   Dispatcher                    : MessageId: 1.2ConversationId: 2.2
04/09/2016 09:33:49 [14] DEBUG  Conversation                  : GameListConversation: Message available!
04/09/2016 09:33:49 [14] DEBUG  Conversation                  : GameListConversation: Message has IDs
04/09/2016 09:33:49 [14] DEBUG  Conversation                  : GameListConversation: Message is valid
04/09/2016 09:33:49 [14] DEBUG  Conversation                  : GameListConversation: Envelope is valid
04/09/2016 09:33:49 [14] DEBUG  Conversation                  : GameListConversation: Received Message is valid
04/09/2016 09:33:49 [14] DEBUG  GameListConversation          : Received a game list reply message.
04/09/2016 09:33:49 [14] ERROR  GameListConversation          : Either the message received was null, or no games are available. 
04/09/2016 09:33:49 [10] DEBUG  PlayerProcess                 : In Process GetGameList function.
04/09/2016 09:33:49 [10] DEBUG  Dispatcher                    : Adding Conversation Player.Conversation.GameListConversation, 2.3
04/09/2016 09:33:49 [10] DEBUG  Dispatcher                    :       New Queue ID: 2.3
04/09/2016 09:33:49 [10] DEBUG  GameListConversation          : Queuing game list request. 
04/09/2016 09:33:49 [10] DEBUG  InitiatedConversation         : GameListConversation: Conversation Id  for initiated conversation: 2.3
04/09/2016 09:33:49 [10] DEBUG  Conversation                  : GameListConversation: Setting Message IDs
04/09/2016 09:33:49 [10] DEBUG  Conversation                  : GameListConversation: Message has IDs
04/09/2016 09:33:49 [10] DEBUG  Conversation                  : GameListConversation: Message is valid
04/09/2016 09:33:49 [10] DEBUG  Conversation                  : GameListConversation: Envelope is valid
04/09/2016 09:33:49 [10] DEBUG  Conversation                  : GameListConversation: Conversation is initiating send.
04/09/2016 09:33:49 [10] DEBUG  PostMan                       : Sending UDP (Messages.RequestMessages.GameListRequest, MessageID: 2.3, ConversationID: 2.3)
JSON: {"__type":"GameListRequest:#Messages.RequestMessages","ConvId":{"Pid":2,"Seq":3},"MsgId":{"Pid":2,"Seq":3},"StatusFilter":4}
04/09/2016 09:33:49 [10] DEBUG  PostMan                       : Message Delivered
04/09/2016 09:33:49 [10] DEBUG  Conversation                  : GameListConversation: Send succeeded.
04/09/2016 09:33:49 [10] INFO   BackgroundThread              : Starting 
04/09/2016 09:33:49 [12] DEBUG  PostMan                       : Received UDP (Messages.ReplyMessages.GameListReply, MessageID: 1.8, ConversationID: 2.3)
JSON: {"__type":"GameListReply:#Messages.ReplyMessages","ConvId":{"Pid":2,"Seq":3},"MsgId":{"Pid":1,"Seq":8},"Note":null,"Success":true,"GameInfo":[{"CurrentProcesses":[],"GameId":4,"GameManagerId":3,"Label":"GM73182's 1st Game","MaxPlayers":5,"MinPlayers":3,"StartingPlayers":[],"Status":4,"Winners":null}]}
04/09/2016 09:33:49 [12] INFO   Dispatcher                    : New Message Received: (Messages.ReplyMessages.GameListReply)
04/09/2016 09:33:49 [12] INFO   Dispatcher                    : MessageId: 1.8ConversationId: 2.3
04/09/2016 09:33:50 [11] DEBUG  Conversation                  : GameListConversation: Message available!
04/09/2016 09:33:50 [11] DEBUG  Conversation                  : GameListConversation: Message has IDs
04/09/2016 09:33:50 [11] DEBUG  Conversation                  : GameListConversation: Message is valid
04/09/2016 09:33:50 [11] DEBUG  Conversation                  : GameListConversation: Envelope is valid
04/09/2016 09:33:50 [11] DEBUG  Conversation                  : GameListConversation: Received Message is valid
04/09/2016 09:33:50 [11] DEBUG  GameListConversation          : Received a game list reply message.
04/09/2016 09:33:50 [10] DEBUG  PlayerProcess                 : Life points is null, game needs to be started.
04/09/2016 09:33:50 [10] DEBUG  Dispatcher                    : Adding Conversation Player.Conversation.JoinGameConversation, 2.4
04/09/2016 09:33:50 [10] DEBUG  Dispatcher                    :       New Queue ID: 2.4
04/09/2016 09:33:50 [10] DEBUG  JoinGameConversation          : Queuing join game request. 
04/09/2016 09:33:50 [10] DEBUG  JoinGameConversation          : Requesting GameId: 4
04/09/2016 09:33:50 [10] DEBUG  InitiatedConversation         : JoinGameConversation: Conversation Id  for initiated conversation: 2.4
04/09/2016 09:33:50 [10] DEBUG  Conversation                  : JoinGameConversation: Setting Message IDs
04/09/2016 09:33:50 [10] DEBUG  Conversation                  : JoinGameConversation: Message has IDs
04/09/2016 09:33:50 [10] DEBUG  Conversation                  : JoinGameConversation: Message is valid
04/09/2016 09:33:50 [10] DEBUG  Conversation                  : JoinGameConversation: Envelope is valid
04/09/2016 09:33:50 [10] DEBUG  Conversation                  : JoinGameConversation: Conversation is initiating send.
04/09/2016 09:33:50 [10] DEBUG  PostMan                       : Sending UDP (Messages.Routing, MessageID: 2.4, ConversationID: 2.4)
JSON: {"__type":"Routing:#Messages","ConvId":{"Pid":2,"Seq":4},"MsgId":{"Pid":2,"Seq":4},"InnerMessage":{"__type":"JoinGameRequest:#Messages.RequestMessages","ConvId":{"Pid":2,"Seq":4},"MsgId":{"Pid":2,"Seq":4},"GameId":4,"Process":{"EndPoint":{"Host":"127.0.0.1","Port":10000},"Label":"The Instructor","ProcessId":2,"Status":4,"Type":3}},"ToProcessIds":[3]}
04/09/2016 09:33:50 [10] DEBUG  PostMan                       : Message Delivered
04/09/2016 09:33:50 [10] DEBUG  Conversation                  : JoinGameConversation: Send succeeded.
04/09/2016 09:33:50 [10] INFO   BackgroundThread              : Starting 
04/09/2016 09:33:50 [12] DEBUG  PostMan                       : Received UDP (Messages.Routing, MessageID: 3.15, ConversationID: 2.4)
JSON: {"__type":"Routing:#Messages","ConvId":{"Pid":2,"Seq":4},"MsgId":{"Pid":3,"Seq":15},"InnerMessage":{"__type":"JoinGameReply:#Messages.ReplyMessages","ConvId":{"Pid":2,"Seq":4},"MsgId":{"Pid":3,"Seq":15},"Note":null,"Success":true,"GameId":4,"InitialLifePoints":100},"ToProcessIds":[2]}
04/09/2016 09:33:50 [10] DEBUG  PlayerProcess                 : No games available, setting status to 'Registered'
04/09/2016 09:33:50 [12] INFO   Dispatcher                    : New Message Received: (Messages.Routing)
04/09/2016 09:33:50 [12] INFO   Dispatcher                    : MessageId: 3.15ConversationId: 2.4
04/09/2016 09:33:51 [10] DEBUG  PlayerProcess                 : In Process GetGameList function.
04/09/2016 09:33:51 [10] DEBUG  Dispatcher                    : Adding Conversation Player.Conversation.GameListConversation, 2.5
04/09/2016 09:33:51 [10] DEBUG  Dispatcher                    :       New Queue ID: 2.5
04/09/2016 09:33:51 [10] DEBUG  GameListConversation          : Queuing game list request. 
04/09/2016 09:33:51 [10] DEBUG  InitiatedConversation         : GameListConversation: Conversation Id  for initiated conversation: 2.5
04/09/2016 09:33:51 [10] DEBUG  Conversation                  : GameListConversation: Setting Message IDs
04/09/2016 09:33:51 [10] DEBUG  Conversation                  : GameListConversation: Message has IDs
04/09/2016 09:33:51 [10] DEBUG  Conversation                  : GameListConversation: Message is valid
04/09/2016 09:33:51 [10] DEBUG  Conversation                  : GameListConversation: Envelope is valid
04/09/2016 09:33:51 [10] DEBUG  Conversation                  : GameListConversation: Conversation is initiating send.
04/09/2016 09:33:51 [10] DEBUG  PostMan                       : Sending UDP (Messages.RequestMessages.GameListRequest, MessageID: 2.5, ConversationID: 2.5)
JSON: {"__type":"GameListRequest:#Messages.RequestMessages","ConvId":{"Pid":2,"Seq":5},"MsgId":{"Pid":2,"Seq":5},"StatusFilter":4}
04/09/2016 09:33:51 [10] DEBUG  PostMan                       : Message Delivered
04/09/2016 09:33:51 [12] DEBUG  PostMan                       : Received UDP (Messages.ReplyMessages.GameListReply, MessageID: 1.14, ConversationID: 2.5)
JSON: {"__type":"GameListReply:#Messages.ReplyMessages","ConvId":{"Pid":2,"Seq":5},"MsgId":{"Pid":1,"Seq":14},"Note":null,"Success":true,"GameInfo":[{"CurrentProcesses":[{"HasUmbrellaRaised":false,"HitPoints":0,"LifePoints":100,"ProcessId":6,"Type":4},{"HasUmbrellaRaised":false,"HitPoints":0,"LifePoints":100,"ProcessId":5,"Type":5},{"HasUmbrellaRaised":false,"HitPoints":0,"LifePoints":100,"ProcessId":2,"Type":3}],"GameId":4,"GameManagerId":3,"Label":"GM73182's 1st Game","MaxPlayers":5,"MinPlayers":3,"StartingPlayers":[],"Status":4,"Winners":null}]}
04/09/2016 09:33:51 [10] DEBUG  Conversation                  : GameListConversation: Send succeeded.
04/09/2016 09:33:51 [12] INFO   Dispatcher                    : New Message Received: (Messages.ReplyMessages.GameListReply)
04/09/2016 09:33:51 [12] INFO   Dispatcher                    : MessageId: 1.14ConversationId: 2.5
04/09/2016 09:33:51 [10] INFO   BackgroundThread              : Starting 
04/09/2016 09:33:51 [ 9] DEBUG  Conversation                  : JoinGameConversation: Message available!
04/09/2016 09:33:51 [ 9] DEBUG  Conversation                  : JoinGameConversation: Message has IDs
04/09/2016 09:33:51 [ 9] DEBUG  Conversation                  : JoinGameConversation: Message is valid
04/09/2016 09:33:51 [ 9] DEBUG  Conversation                  : JoinGameConversation: Envelope is valid
04/09/2016 09:33:51 [ 9] DEBUG  Conversation                  : JoinGameConversation: Received Message is valid
04/09/2016 09:33:51 [ 9] DEBUG  JoinGameConversation          : Received a game join message.
04/09/2016 09:33:52 [15] DEBUG  Conversation                  : GameListConversation: Message available!
04/09/2016 09:33:52 [15] DEBUG  Conversation                  : GameListConversation: Message has IDs
04/09/2016 09:33:52 [15] DEBUG  Conversation                  : GameListConversation: Message is valid
04/09/2016 09:33:52 [15] DEBUG  Conversation                  : GameListConversation: Envelope is valid
04/09/2016 09:33:52 [15] DEBUG  Conversation                  : GameListConversation: Received Message is valid
04/09/2016 09:33:52 [15] DEBUG  GameListConversation          : Received a game list reply message.
04/09/2016 09:34:00 [12] DEBUG  PostMan                       : Received UDP (Messages.RequestMessages.AllowanceDeliveryRequest, MessageID: 1.13, ConversationID: 1.13)
JSON: {"__type":"AllowanceDeliveryRequest:#Messages.RequestMessages","ConvId":{"Pid":1,"Seq":13},"MsgId":{"Pid":1,"Seq":13},"NumberOfPennies":400,"PortNumber":12999}
04/09/2016 09:34:00 [12] INFO   Dispatcher                    : New Message Received: (Messages.RequestMessages.AllowanceDeliveryRequest)
04/09/2016 09:34:00 [12] INFO   Dispatcher                    : MessageId: 1.13ConversationId: 1.13
04/09/2016 09:34:00 [12] DEBUG  Dispatcher                    : Conversation  with id= 1.13 does not exist, trying to create new conversation.
04/09/2016 09:34:00 [12] DEBUG  Dispatcher                    : Adding Conversation Player.Conversation.AllowanceDeliveryConversation, 1.13
04/09/2016 09:34:00 [12] DEBUG  Dispatcher                    :       New Queue ID: 1.13
04/09/2016 09:34:00 [12] DEBUG  Conversation                  : AllowanceDeliveryConversation: No message available
04/09/2016 09:34:00 [12] ERROR  Conversation                  : AllowanceDeliveryConversation: Conversation Start Failed. 
04/09/2016 09:34:10 [12] DEBUG  PostMan                       : Received UDP (Messages.RequestMessages.AllowanceDeliveryRequest, MessageID: 1.13, ConversationID: 1.13)
JSON: {"__type":"AllowanceDeliveryRequest:#Messages.RequestMessages","ConvId":{"Pid":1,"Seq":13},"MsgId":{"Pid":1,"Seq":13},"NumberOfPennies":400,"PortNumber":12999}
04/09/2016 09:34:10 [12] INFO   Dispatcher                    : New Message Received: (Messages.RequestMessages.AllowanceDeliveryRequest)
04/09/2016 09:34:10 [12] INFO   Dispatcher                    : MessageId: 1.13ConversationId: 1.13
04/09/2016 09:34:11 [12] DEBUG  PostMan                       : Received UDP (Messages.RequestMessages.AliveRequest, MessageID: 1.15, ConversationID: 1.15)
JSON: {"__type":"AliveRequest:#Messages.RequestMessages","ConvId":{"Pid":1,"Seq":15},"MsgId":{"Pid":1,"Seq":15}}
04/09/2016 09:34:11 [12] INFO   Dispatcher                    : New Message Received: (Messages.RequestMessages.AliveRequest)
04/09/2016 09:34:11 [12] INFO   Dispatcher                    : MessageId: 1.15ConversationId: 1.15
04/09/2016 09:34:11 [12] DEBUG  Dispatcher                    : Conversation  with id= 1.15 does not exist, trying to create new conversation.
04/09/2016 09:34:11 [12] DEBUG  Dispatcher                    : Adding Conversation Player.Conversation.AliveConversation, 1.15
04/09/2016 09:34:11 [12] DEBUG  Dispatcher                    :       New Queue ID: 1.15
04/09/2016 09:34:11 [12] DEBUG  Conversation                  : AliveConversation: No message available
04/09/2016 09:34:11 [12] ERROR  Conversation                  : AliveConversation: Conversation Start Failed. 
04/09/2016 09:34:21 [12] DEBUG  PostMan                       : Received UDP (Messages.RequestMessages.AliveRequest, MessageID: 1.15, ConversationID: 1.15)
JSON: {"__type":"AliveRequest:#Messages.RequestMessages","ConvId":{"Pid":1,"Seq":15},"MsgId":{"Pid":1,"Seq":15}}
04/09/2016 09:34:21 [12] INFO   Dispatcher                    : New Message Received: (Messages.RequestMessages.AliveRequest)
04/09/2016 09:34:21 [12] INFO   Dispatcher                    : MessageId: 1.15ConversationId: 1.15
04/09/2016 09:34:31 [12] DEBUG  PostMan                       : Received UDP (Messages.RequestMessages.AliveRequest, MessageID: 1.15, ConversationID: 1.15)
JSON: {"__type":"AliveRequest:#Messages.RequestMessages","ConvId":{"Pid":1,"Seq":15},"MsgId":{"Pid":1,"Seq":15}}
04/09/2016 09:34:31 [12] INFO   Dispatcher                    : New Message Received: (Messages.RequestMessages.AliveRequest)
04/09/2016 09:34:31 [12] INFO   Dispatcher                    : MessageId: 1.15ConversationId: 1.15
04/09/2016 09:34:42 [12] DEBUG  PostMan                       : Received UDP (Messages.RequestMessages.AliveRequest, MessageID: 1.19, ConversationID: 1.19)
JSON: {"__type":"AliveRequest:#Messages.RequestMessages","ConvId":{"Pid":1,"Seq":19},"MsgId":{"Pid":1,"Seq":19}}
04/09/2016 09:34:42 [12] INFO   Dispatcher                    : New Message Received: (Messages.RequestMessages.AliveRequest)
04/09/2016 09:34:42 [12] INFO   Dispatcher                    : MessageId: 1.19ConversationId: 1.19
04/09/2016 09:34:42 [12] DEBUG  Dispatcher                    : Conversation  with id= 1.19 does not exist, trying to create new conversation.
04/09/2016 09:34:42 [12] DEBUG  Dispatcher                    : Adding Conversation Player.Conversation.AliveConversation, 1.19
04/09/2016 09:34:42 [12] DEBUG  Dispatcher                    :       New Queue ID: 1.19
04/09/2016 09:34:42 [12] DEBUG  Conversation                  : AliveConversation: No message available
04/09/2016 09:34:42 [12] ERROR  Conversation                  : AliveConversation: Conversation Start Failed. 
04/09/2016 09:34:52 [12] DEBUG  PostMan                       : Received UDP (Messages.RequestMessages.AliveRequest, MessageID: 1.19, ConversationID: 1.19)
JSON: {"__type":"AliveRequest:#Messages.RequestMessages","ConvId":{"Pid":1,"Seq":19},"MsgId":{"Pid":1,"Seq":19}}
04/09/2016 09:34:52 [12] INFO   Dispatcher                    : New Message Received: (Messages.RequestMessages.AliveRequest)
04/09/2016 09:34:52 [12] INFO   Dispatcher                    : MessageId: 1.19ConversationId: 1.19
04/09/2016 09:35:02 [12] DEBUG  PostMan                       : Received UDP (Messages.RequestMessages.AliveRequest, MessageID: 1.19, ConversationID: 1.19)
JSON: {"__type":"AliveRequest:#Messages.RequestMessages","ConvId":{"Pid":1,"Seq":19},"MsgId":{"Pid":1,"Seq":19}}
04/09/2016 09:35:02 [12] INFO   Dispatcher                    : New Message Received: (Messages.RequestMessages.AliveRequest)
04/09/2016 09:35:02 [12] INFO   Dispatcher                    : MessageId: 1.19ConversationId: 1.19
