04/13/2016 06:26:03 [ 7] DEBUG  PlayerConnection              : Using Local Settings.
04/13/2016 06:26:03 [ 7] DEBUG  PlayerConnection              : Starting Application. 
04/13/2016 06:26:03 [ 7] DEBUG  PlayerConnection              : Initializing Subsystem
04/13/2016 06:26:03 [ 7] DEBUG  PlayerProcess                 : Initializeing Player Subsystem.
04/13/2016 06:26:03 [ 7] DEBUG  PlayerConnection              : Initializing Player
04/13/2016 06:26:03 [ 7] DEBUG  PlayerProcess                 : Initializing Player Details.
04/13/2016 06:26:03 [ 7] INFO   BackgroundThread              : Starting 
04/13/2016 06:26:03 [10] INFO   BackgroundThread              : Starting 
04/13/2016 06:26:03 [10] DEBUG  PlayerProcess                 : In Process Login function.
04/13/2016 06:26:03 [10] DEBUG  ConversationFactory           : Creating Conversation of type LoginConversation
04/13/2016 06:26:03 [10] DEBUG  Dispatcher                    : Adding Conversation Player.Conversation.LoginConversation, 0.1
04/13/2016 06:26:03 [10] DEBUG  Dispatcher                    :       New Queue ID: 0.1
04/13/2016 06:26:03 [10] INFO   BackgroundThread              : Starting 
04/13/2016 06:26:05 [12] DEBUG  LoginConversation             : Creating login request. 
04/13/2016 06:26:05 [12] DEBUG  InitiatedConversation         : LoginConversation, ConversationID: 0.1: Conversation Id  for Initiated conversation: 0.1
04/13/2016 06:26:05 [12] DEBUG  Conversation                  : LoginConversation, ConversationID: 0.1: Setting Message IDs
04/13/2016 06:26:05 [12] DEBUG  Conversation                  : LoginConversation, ConversationID: 0.1: Conversation is initiating send.
04/13/2016 06:26:06 [12] DEBUG  PostMan                       : Sending UDP (Messages.RequestMessages.LoginRequest, MessageID: 0.1, ConversationID: 0.1)
Endpoint: 127.0.0.1:12000
JSON: {"__type":"LoginRequest:#Messages.RequestMessages","ConvId":{"Pid":0,"Seq":1},"MsgId":{"Pid":0,"Seq":1},"Identity":{"ANumber":"A00000001","Alias":"The Instructor","FirstName":"The","LastName":"Instructor"},"ProcessLabel":"The Instructor","ProcessType":3,"PublicKey":null}
04/13/2016 06:26:06 [12] DEBUG  PostMan                       : Message Delivered
04/13/2016 06:26:06 [11] DEBUG  PostMan                       : Received UDP (Messages.ReplyMessages.LoginReply, MessageID: 1.143, ConversationID: 0.1)
JSON: {"__type":"LoginReply:#Messages.ReplyMessages","ConvId":{"Pid":0,"Seq":1},"MsgId":{"Pid":1,"Seq":143},"Note":"Logged in","Success":true,"PennyBankEndPoint":{"Host":"127.0.0.1","Port":12003},"PennyBankPublicKey":null,"ProcessInfo":{"EndPoint":{"Host":"127.0.0.1","Port":10000},"Label":"The Instructor","ProcessId":10,"Status":3,"Type":3},"ProxyEndPoint":{"Host":"127.0.0.1","Port":12002}}
04/13/2016 06:26:06 [12] DEBUG  Conversation                  : LoginConversation, ConversationID: 0.1: Send succeeded.
04/13/2016 06:26:06 [13] INFO   ispatcher+<>c__DisplayClass7_0: New Message Received: (Messages.ReplyMessages.LoginReply)
04/13/2016 06:26:06 [13] INFO   ispatcher+<>c__DisplayClass7_0: MessageId: 1.143ConversationId: 0.1
04/13/2016 06:26:06 [13] DEBUG  Dispatcher                    : Successsfully queued a new message of type LoginReply, for conversation: 0.1
04/13/2016 06:26:06 [12] DEBUG  Conversation                  : LoginConversation, ConversationID: 0.1: Message available!
04/13/2016 06:26:06 [12] DEBUG  Conversation                  : LoginConversation, ConversationID: 0.1: Message available!
04/13/2016 06:26:06 [12] DEBUG  Conversation                  : LoginConversation, ConversationID: 0.1: Received Message is valid
04/13/2016 06:26:06 [12] DEBUG  Conversation                  : Received a Message of type: LoginReply
04/13/2016 06:26:06 [12] DEBUG  LoginConversation             : Proxy endpoint is 127.0.0.1:12003
04/13/2016 06:26:06 [12] INFO   Conversation                  : Conversation Succeeded
04/13/2016 06:26:06 [12] INFO   Conversation                  : Conversation Succeeded
04/13/2016 06:26:06 [10] DEBUG  PlayerProcess                 : In Process GetGameList function.
04/13/2016 06:26:06 [10] DEBUG  ConversationFactory           : Creating Conversation of type GameListConversation
04/13/2016 06:26:06 [10] DEBUG  Dispatcher                    : Adding Conversation Player.Conversation.GameListConversation, 10.2
04/13/2016 06:26:06 [10] DEBUG  Dispatcher                    :       New Queue ID: 10.2
04/13/2016 06:26:06 [10] INFO   BackgroundThread              : Starting 
04/13/2016 06:26:08 [16] DEBUG  GameListConversation          : Queuing game list request. 
04/13/2016 06:26:08 [16] DEBUG  InitiatedConversation         : GameListConversation, ConversationID: 10.2: Conversation Id  for Initiated conversation: 10.2
04/13/2016 06:26:08 [16] DEBUG  Conversation                  : GameListConversation, ConversationID: 10.2: Setting Message IDs
04/13/2016 06:26:08 [16] DEBUG  Conversation                  : GameListConversation, ConversationID: 10.2: Conversation is initiating send.
04/13/2016 06:26:08 [16] DEBUG  PostMan                       : Sending UDP (Messages.RequestMessages.GameListRequest, MessageID: 10.2, ConversationID: 10.2)
Endpoint: 127.0.0.1:12000
JSON: {"__type":"GameListRequest:#Messages.RequestMessages","ConvId":{"Pid":10,"Seq":2},"MsgId":{"Pid":10,"Seq":2},"StatusFilter":4}
04/13/2016 06:26:08 [16] DEBUG  PostMan                       : Message Delivered
04/13/2016 06:26:08 [16] DEBUG  Conversation                  : GameListConversation, ConversationID: 10.2: Send succeeded.
04/13/2016 06:26:08 [11] DEBUG  PostMan                       : Received UDP (Messages.ReplyMessages.GameListReply, MessageID: 1.144, ConversationID: 10.2)
JSON: {"__type":"GameListReply:#Messages.ReplyMessages","ConvId":{"Pid":10,"Seq":2},"MsgId":{"Pid":1,"Seq":144},"Note":null,"Success":true,"GameInfo":[]}
04/13/2016 06:26:08 [12] INFO   ispatcher+<>c__DisplayClass7_0: New Message Received: (Messages.ReplyMessages.GameListReply)
04/13/2016 06:26:09 [12] INFO   ispatcher+<>c__DisplayClass7_0: MessageId: 1.144ConversationId: 10.2
04/13/2016 06:26:09 [12] DEBUG  Dispatcher                    : Successsfully queued a new message of type GameListReply, for conversation: 10.2
04/13/2016 06:26:09 [16] DEBUG  Conversation                  : GameListConversation, ConversationID: 10.2: Message available!
04/13/2016 06:26:09 [16] DEBUG  Conversation                  : GameListConversation, ConversationID: 10.2: Message available!
04/13/2016 06:26:09 [16] DEBUG  Conversation                  : GameListConversation, ConversationID: 10.2: Received Message is valid
04/13/2016 06:26:09 [16] DEBUG  Conversation                  : Received a Message of type: GameListReply
04/13/2016 06:26:09 [16] ERROR  Conversation                  : GameListConversation, ConversationID: 10.2: No games are available. 
04/13/2016 06:26:09 [16] ERROR  Conversation                  : GameListConversation, ConversationID: 10.2: Conversation Failed
04/13/2016 06:26:09 [16] ERROR  Conversation                  : GameListConversation, ConversationID: 10.2: Conversation Ending
04/13/2016 06:26:09 [16] INFO   Conversation                  : Conversation Failed
04/13/2016 06:26:09 [16] INFO   BackgroundThread              : Stopping 
04/13/2016 06:26:09 [16] DEBUG  BackgroundThread              : Leaving Stop
04/13/2016 06:26:09 [16] ERROR  Conversation                  : GameListConversation, ConversationID: 10.2: Conversation Failed
04/13/2016 06:26:09 [16] ERROR  Conversation                  : GameListConversation, ConversationID: 10.2: Conversation Ending
04/13/2016 06:26:09 [16] INFO   Conversation                  : Conversation Failed
04/13/2016 06:26:09 [16] INFO   BackgroundThread              : Stopping 
04/13/2016 06:26:09 [16] DEBUG  BackgroundThread              : Leaving Stop
04/13/2016 06:26:09 [10] DEBUG  PlayerProcess                 : In Process GetGameList function.
04/13/2016 06:26:09 [10] DEBUG  ConversationFactory           : Creating Conversation of type GameListConversation
04/13/2016 06:26:09 [10] DEBUG  Dispatcher                    : Adding Conversation Player.Conversation.GameListConversation, 10.3
04/13/2016 06:26:09 [10] DEBUG  Dispatcher                    :       New Queue ID: 10.3
04/13/2016 06:26:09 [10] INFO   BackgroundThread              : Starting 
04/13/2016 06:26:11 [11] DEBUG  PostMan                       : Received UDP (Messages.RequestMessages.AliveRequest, MessageID: 1.146, ConversationID: 1.146)
JSON: {"__type":"AliveRequest:#Messages.RequestMessages","ConvId":{"Pid":1,"Seq":146},"MsgId":{"Pid":1,"Seq":146}}
04/13/2016 06:26:11 [12] INFO   ispatcher+<>c__DisplayClass7_0: New Message Received: (Messages.RequestMessages.AliveRequest)
04/13/2016 06:26:11 [12] INFO   ispatcher+<>c__DisplayClass7_0: MessageId: 1.146ConversationId: 1.146
04/13/2016 06:26:11 [12] DEBUG  Dispatcher                    : Conversation  with id= 1.146 does not exist, trying to create new conversation.
04/13/2016 06:26:11 [12] DEBUG  ConversationFactory           : Creating Conversation of type AliveConversation
04/13/2016 06:26:11 [12] DEBUG  Dispatcher                    : Adding Conversation Player.Conversation.AliveConversation, 1.146
04/13/2016 06:26:11 [12] DEBUG  Dispatcher                    :       New Queue ID: 1.146
04/13/2016 06:26:11 [12] DEBUG  Dispatcher                    : Successsfully queued a new message of type AliveRequest, for conversation: 1.146
04/13/2016 06:26:11 [12] INFO   BackgroundThread              : Starting 
04/13/2016 06:26:11 [15] DEBUG  Conversation                  : AliveConversation, ConversationID: 1.146: Message available!
04/13/2016 06:26:11 [15] DEBUG  Conversation                  : AliveConversation, ConversationID: 1.146: Message available!
04/13/2016 06:26:11 [15] DEBUG  Conversation                  : AliveConversation, ConversationID: 1.146: Message available!
04/13/2016 06:26:11 [15] DEBUG  Conversation                  : AliveConversation, ConversationID: 1.146: Received Message is valid
04/13/2016 06:26:11 [15] DEBUG  Conversation                  : Received a Message of type: AliveRequest
04/13/2016 06:26:11 [15] DEBUG  AliveConversation             : Creating Alive Response
04/13/2016 06:26:11 [15] DEBUG  ResponseConversation          : AliveConversation, ConversationID: 1.146: Conversation Id  for Response conversation: 1.146
04/13/2016 06:26:11 [15] DEBUG  Conversation                  : AliveConversation, ConversationID: 1.146: Setting Message IDs
04/13/2016 06:26:11 [15] DEBUG  Conversation                  : AliveConversation, ConversationID: 1.146: Conversation is initiating send.
04/13/2016 06:26:11 [15] DEBUG  PostMan                       : Sending UDP (Messages.ReplyMessages.Reply, MessageID: 10.4, ConversationID: 1.146)
Endpoint: 127.0.0.1:12000
JSON: {"__type":"Reply:#Messages.ReplyMessages","ConvId":{"Pid":1,"Seq":146},"MsgId":{"Pid":10,"Seq":4},"Note":"I'm Alive","Success":true}
04/13/2016 06:26:11 [13] DEBUG  GameListConversation          : Queuing game list request. 
04/13/2016 06:26:11 [15] DEBUG  PostMan                       : Message Delivered
04/13/2016 06:26:11 [15] DEBUG  Conversation                  : AliveConversation, ConversationID: 1.146: Send succeeded.
04/13/2016 06:26:11 [13] DEBUG  InitiatedConversation         : GameListConversation, ConversationID: 10.3: Conversation Id  for Initiated conversation: 10.3
04/13/2016 06:26:11 [13] DEBUG  Conversation                  : GameListConversation, ConversationID: 10.3: Setting Message IDs
04/13/2016 06:26:11 [13] DEBUG  Conversation                  : GameListConversation, ConversationID: 10.3: Conversation is initiating send.
04/13/2016 06:26:11 [13] DEBUG  PostMan                       : Sending UDP (Messages.RequestMessages.GameListRequest, MessageID: 10.3, ConversationID: 10.3)
Endpoint: 127.0.0.1:12000
JSON: {"__type":"GameListRequest:#Messages.RequestMessages","ConvId":{"Pid":10,"Seq":3},"MsgId":{"Pid":10,"Seq":3},"StatusFilter":4}
04/13/2016 06:26:11 [13] DEBUG  PostMan                       : Message Delivered
04/13/2016 06:26:11 [11] DEBUG  PostMan                       : Received UDP (Messages.ReplyMessages.GameListReply, MessageID: 1.147, ConversationID: 10.3)
JSON: {"__type":"GameListReply:#Messages.ReplyMessages","ConvId":{"Pid":10,"Seq":3},"MsgId":{"Pid":1,"Seq":147},"Note":null,"Success":true,"GameInfo":[]}
04/13/2016 06:26:11 [13] DEBUG  Conversation                  : GameListConversation, ConversationID: 10.3: Send succeeded.
04/13/2016 06:26:11 [14] INFO   ispatcher+<>c__DisplayClass7_0: New Message Received: (Messages.ReplyMessages.GameListReply)
04/13/2016 06:26:11 [14] INFO   ispatcher+<>c__DisplayClass7_0: MessageId: 1.147ConversationId: 10.3
04/13/2016 06:26:11 [14] DEBUG  Dispatcher                    : Successsfully queued a new message of type GameListReply, for conversation: 10.3
04/13/2016 06:26:11 [13] DEBUG  Conversation                  : GameListConversation, ConversationID: 10.3: Message available!
04/13/2016 06:26:11 [13] DEBUG  Conversation                  : GameListConversation, ConversationID: 10.3: Message available!
04/13/2016 06:26:12 [13] DEBUG  Conversation                  : GameListConversation, ConversationID: 10.3: Received Message is valid
04/13/2016 06:26:12 [13] DEBUG  Conversation                  : Received a Message of type: GameListReply
04/13/2016 06:26:12 [13] ERROR  Conversation                  : GameListConversation, ConversationID: 10.3: No games are available. 
04/13/2016 06:26:12 [13] ERROR  Conversation                  : GameListConversation, ConversationID: 10.3: Conversation Failed
04/13/2016 06:26:12 [13] ERROR  Conversation                  : GameListConversation, ConversationID: 10.3: Conversation Ending
04/13/2016 06:26:12 [13] INFO   Conversation                  : Conversation Failed
04/13/2016 06:26:12 [13] INFO   BackgroundThread              : Stopping 
04/13/2016 06:26:12 [13] DEBUG  BackgroundThread              : Leaving Stop
04/13/2016 06:26:12 [13] ERROR  Conversation                  : GameListConversation, ConversationID: 10.3: Conversation Failed
04/13/2016 06:26:12 [13] ERROR  Conversation                  : GameListConversation, ConversationID: 10.3: Conversation Ending
04/13/2016 06:26:12 [10] DEBUG  PlayerProcess                 : In Process GetGameList function.
04/13/2016 06:26:12 [13] INFO   Conversation                  : Conversation Failed
04/13/2016 06:26:12 [13] INFO   BackgroundThread              : Stopping 
04/13/2016 06:26:12 [13] DEBUG  BackgroundThread              : Leaving Stop
04/13/2016 06:26:12 [10] DEBUG  ConversationFactory           : Creating Conversation of type GameListConversation
04/13/2016 06:26:12 [10] DEBUG  Dispatcher                    : Adding Conversation Player.Conversation.GameListConversation, 10.5
04/13/2016 06:26:12 [10] DEBUG  Dispatcher                    :       New Queue ID: 10.5
04/13/2016 06:26:12 [10] INFO   BackgroundThread              : Starting 
04/13/2016 06:26:14 [17] DEBUG  GameListConversation          : Queuing game list request. 
04/13/2016 06:26:14 [17] DEBUG  InitiatedConversation         : GameListConversation, ConversationID: 10.5: Conversation Id  for Initiated conversation: 10.5
04/13/2016 06:26:14 [17] DEBUG  Conversation                  : GameListConversation, ConversationID: 10.5: Setting Message IDs
04/13/2016 06:26:14 [17] DEBUG  Conversation                  : GameListConversation, ConversationID: 10.5: Conversation is initiating send.
04/13/2016 06:26:14 [17] DEBUG  PostMan                       : Sending UDP (Messages.RequestMessages.GameListRequest, MessageID: 10.5, ConversationID: 10.5)
Endpoint: 127.0.0.1:12000
JSON: {"__type":"GameListRequest:#Messages.RequestMessages","ConvId":{"Pid":10,"Seq":5},"MsgId":{"Pid":10,"Seq":5},"StatusFilter":4}
04/13/2016 06:26:14 [17] DEBUG  PostMan                       : Message Delivered
04/13/2016 06:26:14 [11] DEBUG  PostMan                       : Received UDP (Messages.ReplyMessages.GameListReply, MessageID: 1.148, ConversationID: 10.5)
JSON: {"__type":"GameListReply:#Messages.ReplyMessages","ConvId":{"Pid":10,"Seq":5},"MsgId":{"Pid":1,"Seq":148},"Note":null,"Success":true,"GameInfo":[]}
04/13/2016 06:26:14 [17] DEBUG  Conversation                  : GameListConversation, ConversationID: 10.5: Send succeeded.
04/13/2016 06:26:14 [12] INFO   ispatcher+<>c__DisplayClass7_0: New Message Received: (Messages.ReplyMessages.GameListReply)
04/13/2016 06:26:14 [12] INFO   ispatcher+<>c__DisplayClass7_0: MessageId: 1.148ConversationId: 10.5
04/13/2016 06:26:14 [12] DEBUG  Dispatcher                    : Successsfully queued a new message of type GameListReply, for conversation: 10.5
04/13/2016 06:26:14 [17] DEBUG  Conversation                  : GameListConversation, ConversationID: 10.5: Message available!
04/13/2016 06:26:14 [17] DEBUG  Conversation                  : GameListConversation, ConversationID: 10.5: Message available!
04/13/2016 06:26:14 [17] DEBUG  Conversation                  : GameListConversation, ConversationID: 10.5: Received Message is valid
04/13/2016 06:26:14 [17] DEBUG  Conversation                  : Received a Message of type: GameListReply
04/13/2016 06:26:14 [17] ERROR  Conversation                  : GameListConversation, ConversationID: 10.5: No games are available. 
04/13/2016 06:26:14 [17] ERROR  Conversation                  : GameListConversation, ConversationID: 10.5: Conversation Failed
04/13/2016 06:26:14 [17] ERROR  Conversation                  : GameListConversation, ConversationID: 10.5: Conversation Ending
04/13/2016 06:26:14 [17] INFO   Conversation                  : Conversation Failed
04/13/2016 06:26:14 [17] INFO   BackgroundThread              : Stopping 
04/13/2016 06:26:14 [17] DEBUG  BackgroundThread              : Leaving Stop
04/13/2016 06:26:14 [17] ERROR  Conversation                  : GameListConversation, ConversationID: 10.5: Conversation Failed
04/13/2016 06:26:14 [17] ERROR  Conversation                  : GameListConversation, ConversationID: 10.5: Conversation Ending
04/13/2016 06:26:14 [17] INFO   Conversation                  : Conversation Failed
04/13/2016 06:26:14 [10] DEBUG  PlayerProcess                 : In Process GetGameList function.
04/13/2016 06:26:14 [17] INFO   BackgroundThread              : Stopping 
04/13/2016 06:26:14 [17] DEBUG  BackgroundThread              : Leaving Stop
04/13/2016 06:26:14 [10] DEBUG  ConversationFactory           : Creating Conversation of type GameListConversation
04/13/2016 06:26:15 [10] DEBUG  Dispatcher                    : Adding Conversation Player.Conversation.GameListConversation, 10.6
04/13/2016 06:26:15 [10] DEBUG  Dispatcher                    :       New Queue ID: 10.6
04/13/2016 06:26:15 [10] INFO   BackgroundThread              : Starting 
04/13/2016 06:26:17 [14] DEBUG  GameListConversation          : Queuing game list request. 
04/13/2016 06:26:17 [14] DEBUG  InitiatedConversation         : GameListConversation, ConversationID: 10.6: Conversation Id  for Initiated conversation: 10.6
04/13/2016 06:26:17 [14] DEBUG  Conversation                  : GameListConversation, ConversationID: 10.6: Setting Message IDs
04/13/2016 06:26:17 [14] DEBUG  Conversation                  : GameListConversation, ConversationID: 10.6: Conversation is initiating send.
04/13/2016 06:26:17 [14] DEBUG  PostMan                       : Sending UDP (Messages.RequestMessages.GameListRequest, MessageID: 10.6, ConversationID: 10.6)
Endpoint: 127.0.0.1:12000
JSON: {"__type":"GameListRequest:#Messages.RequestMessages","ConvId":{"Pid":10,"Seq":6},"MsgId":{"Pid":10,"Seq":6},"StatusFilter":4}
04/13/2016 06:26:17 [14] DEBUG  PostMan                       : Message Delivered
04/13/2016 06:26:17 [11] DEBUG  PostMan                       : Received UDP (Messages.ReplyMessages.GameListReply, MessageID: 1.149, ConversationID: 10.6)
JSON: {"__type":"GameListReply:#Messages.ReplyMessages","ConvId":{"Pid":10,"Seq":6},"MsgId":{"Pid":1,"Seq":149},"Note":null,"Success":true,"GameInfo":[]}
04/13/2016 06:26:17 [14] DEBUG  Conversation                  : GameListConversation, ConversationID: 10.6: Send succeeded.
04/13/2016 06:26:17 [16] INFO   ispatcher+<>c__DisplayClass7_0: New Message Received: (Messages.ReplyMessages.GameListReply)
04/13/2016 06:26:17 [16] INFO   ispatcher+<>c__DisplayClass7_0: MessageId: 1.149ConversationId: 10.6
04/13/2016 06:26:17 [16] DEBUG  Dispatcher                    : Successsfully queued a new message of type GameListReply, for conversation: 10.6
04/13/2016 06:26:17 [14] DEBUG  Conversation                  : GameListConversation, ConversationID: 10.6: Message available!
04/13/2016 06:26:17 [14] DEBUG  Conversation                  : GameListConversation, ConversationID: 10.6: Message available!
04/13/2016 06:26:17 [14] DEBUG  Conversation                  : GameListConversation, ConversationID: 10.6: Received Message is valid
04/13/2016 06:26:17 [14] DEBUG  Conversation                  : Received a Message of type: GameListReply
04/13/2016 06:26:17 [14] ERROR  Conversation                  : GameListConversation, ConversationID: 10.6: No games are available. 
04/13/2016 06:26:17 [14] ERROR  Conversation                  : GameListConversation, ConversationID: 10.6: Conversation Failed
04/13/2016 06:26:17 [14] ERROR  Conversation                  : GameListConversation, ConversationID: 10.6: Conversation Ending
04/13/2016 06:26:17 [14] INFO   Conversation                  : Conversation Failed
04/13/2016 06:26:17 [14] INFO   BackgroundThread              : Stopping 
04/13/2016 06:26:17 [14] DEBUG  BackgroundThread              : Leaving Stop
04/13/2016 06:26:17 [14] ERROR  Conversation                  : GameListConversation, ConversationID: 10.6: Conversation Failed
04/13/2016 06:26:17 [14] ERROR  Conversation                  : GameListConversation, ConversationID: 10.6: Conversation Ending
04/13/2016 06:26:17 [14] INFO   Conversation                  : Conversation Failed
04/13/2016 06:26:17 [14] INFO   BackgroundThread              : Stopping 
04/13/2016 06:26:17 [14] DEBUG  BackgroundThread              : Leaving Stop
04/13/2016 06:26:17 [10] DEBUG  PlayerProcess                 : In Process GetGameList function.
04/13/2016 06:26:17 [10] DEBUG  ConversationFactory           : Creating Conversation of type GameListConversation
04/13/2016 06:26:17 [10] DEBUG  Dispatcher                    : Adding Conversation Player.Conversation.GameListConversation, 10.7
04/13/2016 06:26:17 [10] DEBUG  Dispatcher                    :       New Queue ID: 10.7
04/13/2016 06:26:17 [10] INFO   BackgroundThread              : Starting 
04/13/2016 06:26:20 [17] DEBUG  GameListConversation          : Queuing game list request. 
04/13/2016 06:26:20 [17] DEBUG  InitiatedConversation         : GameListConversation, ConversationID: 10.7: Conversation Id  for Initiated conversation: 10.7
04/13/2016 06:26:20 [17] DEBUG  Conversation                  : GameListConversation, ConversationID: 10.7: Setting Message IDs
04/13/2016 06:26:20 [17] DEBUG  Conversation                  : GameListConversation, ConversationID: 10.7: Conversation is initiating send.
04/13/2016 06:26:20 [17] DEBUG  PostMan                       : Sending UDP (Messages.RequestMessages.GameListRequest, MessageID: 10.7, ConversationID: 10.7)
Endpoint: 127.0.0.1:12000
JSON: {"__type":"GameListRequest:#Messages.RequestMessages","ConvId":{"Pid":10,"Seq":7},"MsgId":{"Pid":10,"Seq":7},"StatusFilter":4}
04/13/2016 06:26:20 [17] DEBUG  PostMan                       : Message Delivered
04/13/2016 06:26:20 [17] DEBUG  Conversation                  : GameListConversation, ConversationID: 10.7: Send succeeded.
04/13/2016 06:26:20 [11] DEBUG  PostMan                       : Received UDP (Messages.ReplyMessages.GameListReply, MessageID: 1.150, ConversationID: 10.7)
JSON: {"__type":"GameListReply:#Messages.ReplyMessages","ConvId":{"Pid":10,"Seq":7},"MsgId":{"Pid":1,"Seq":150},"Note":null,"Success":true,"GameInfo":[]}
04/13/2016 06:26:20 [12] INFO   ispatcher+<>c__DisplayClass7_0: New Message Received: (Messages.ReplyMessages.GameListReply)
04/13/2016 06:26:20 [12] INFO   ispatcher+<>c__DisplayClass7_0: MessageId: 1.150ConversationId: 10.7
04/13/2016 06:26:20 [12] DEBUG  Dispatcher                    : Successsfully queued a new message of type GameListReply, for conversation: 10.7
04/13/2016 06:26:20 [17] DEBUG  Conversation                  : GameListConversation, ConversationID: 10.7: Message available!
04/13/2016 06:26:20 [17] DEBUG  Conversation                  : GameListConversation, ConversationID: 10.7: Message available!
04/13/2016 06:26:20 [17] DEBUG  Conversation                  : GameListConversation, ConversationID: 10.7: Received Message is valid
04/13/2016 06:26:20 [17] DEBUG  Conversation                  : Received a Message of type: GameListReply
04/13/2016 06:26:20 [17] ERROR  Conversation                  : GameListConversation, ConversationID: 10.7: No games are available. 
04/13/2016 06:26:20 [17] ERROR  Conversation                  : GameListConversation, ConversationID: 10.7: Conversation Failed
04/13/2016 06:26:20 [17] ERROR  Conversation                  : GameListConversation, ConversationID: 10.7: Conversation Ending
04/13/2016 06:26:20 [17] INFO   Conversation                  : Conversation Failed
04/13/2016 06:26:20 [17] INFO   BackgroundThread              : Stopping 
04/13/2016 06:26:20 [17] DEBUG  BackgroundThread              : Leaving Stop
04/13/2016 06:26:20 [17] ERROR  Conversation                  : GameListConversation, ConversationID: 10.7: Conversation Failed
04/13/2016 06:26:20 [17] ERROR  Conversation                  : GameListConversation, ConversationID: 10.7: Conversation Ending
04/13/2016 06:26:20 [17] INFO   Conversation                  : Conversation Failed
04/13/2016 06:26:20 [10] DEBUG  PlayerProcess                 : In Process GetGameList function.
04/13/2016 06:26:20 [17] INFO   BackgroundThread              : Stopping 
04/13/2016 06:26:20 [10] DEBUG  ConversationFactory           : Creating Conversation of type GameListConversation
04/13/2016 06:26:20 [17] DEBUG  BackgroundThread              : Leaving Stop
04/13/2016 06:26:20 [10] DEBUG  Dispatcher                    : Adding Conversation Player.Conversation.GameListConversation, 10.8
04/13/2016 06:26:20 [10] DEBUG  Dispatcher                    :       New Queue ID: 10.8
04/13/2016 06:26:20 [10] INFO   BackgroundThread              : Starting 
04/13/2016 06:26:22 [14] DEBUG  GameListConversation          : Queuing game list request. 
04/13/2016 06:26:22 [14] DEBUG  InitiatedConversation         : GameListConversation, ConversationID: 10.8: Conversation Id  for Initiated conversation: 10.8
04/13/2016 06:26:22 [14] DEBUG  Conversation                  : GameListConversation, ConversationID: 10.8: Setting Message IDs
04/13/2016 06:26:22 [14] DEBUG  Conversation                  : GameListConversation, ConversationID: 10.8: Conversation is initiating send.
04/13/2016 06:26:22 [14] DEBUG  PostMan                       : Sending UDP (Messages.RequestMessages.GameListRequest, MessageID: 10.8, ConversationID: 10.8)
Endpoint: 127.0.0.1:12000
JSON: {"__type":"GameListRequest:#Messages.RequestMessages","ConvId":{"Pid":10,"Seq":8},"MsgId":{"Pid":10,"Seq":8},"StatusFilter":4}
04/13/2016 06:26:22 [14] DEBUG  PostMan                       : Message Delivered
04/13/2016 06:26:22 [11] DEBUG  PostMan                       : Received UDP (Messages.ReplyMessages.GameListReply, MessageID: 1.151, ConversationID: 10.8)
JSON: {"__type":"GameListReply:#Messages.ReplyMessages","ConvId":{"Pid":10,"Seq":8},"MsgId":{"Pid":1,"Seq":151},"Note":null,"Success":true,"GameInfo":[]}
04/13/2016 06:26:22 [14] DEBUG  Conversation                  : GameListConversation, ConversationID: 10.8: Send succeeded.
04/13/2016 06:26:22 [12] INFO   ispatcher+<>c__DisplayClass7_0: New Message Received: (Messages.ReplyMessages.GameListReply)
04/13/2016 06:26:22 [12] INFO   ispatcher+<>c__DisplayClass7_0: MessageId: 1.151ConversationId: 10.8
04/13/2016 06:26:22 [12] DEBUG  Dispatcher                    : Successsfully queued a new message of type GameListReply, for conversation: 10.8
04/13/2016 06:26:22 [14] DEBUG  Conversation                  : GameListConversation, ConversationID: 10.8: Message available!
04/13/2016 06:26:22 [14] DEBUG  Conversation                  : GameListConversation, ConversationID: 10.8: Message available!
04/13/2016 06:26:22 [14] DEBUG  Conversation                  : GameListConversation, ConversationID: 10.8: Received Message is valid
04/13/2016 06:26:22 [14] DEBUG  Conversation                  : Received a Message of type: GameListReply
04/13/2016 06:26:22 [14] ERROR  Conversation                  : GameListConversation, ConversationID: 10.8: No games are available. 
04/13/2016 06:26:22 [14] ERROR  Conversation                  : GameListConversation, ConversationID: 10.8: Conversation Failed
04/13/2016 06:26:22 [14] ERROR  Conversation                  : GameListConversation, ConversationID: 10.8: Conversation Ending
04/13/2016 06:26:22 [14] INFO   Conversation                  : Conversation Failed
04/13/2016 06:26:22 [14] INFO   BackgroundThread              : Stopping 
04/13/2016 06:26:22 [14] DEBUG  BackgroundThread              : Leaving Stop
04/13/2016 06:26:22 [14] ERROR  Conversation                  : GameListConversation, ConversationID: 10.8: Conversation Failed
04/13/2016 06:26:22 [14] ERROR  Conversation                  : GameListConversation, ConversationID: 10.8: Conversation Ending
04/13/2016 06:26:22 [14] INFO   Conversation                  : Conversation Failed
04/13/2016 06:26:23 [14] INFO   BackgroundThread              : Stopping 
04/13/2016 06:26:23 [10] DEBUG  PlayerProcess                 : In Process GetGameList function.
04/13/2016 06:26:23 [14] DEBUG  BackgroundThread              : Leaving Stop
04/13/2016 06:26:23 [10] DEBUG  ConversationFactory           : Creating Conversation of type GameListConversation
04/13/2016 06:26:23 [10] DEBUG  Dispatcher                    : Adding Conversation Player.Conversation.GameListConversation, 10.9
04/13/2016 06:26:23 [10] DEBUG  Dispatcher                    :       New Queue ID: 10.9
04/13/2016 06:26:23 [10] INFO   BackgroundThread              : Starting 
04/13/2016 06:26:25 [16] DEBUG  GameListConversation          : Queuing game list request. 
04/13/2016 06:26:25 [16] DEBUG  InitiatedConversation         : GameListConversation, ConversationID: 10.9: Conversation Id  for Initiated conversation: 10.9
04/13/2016 06:26:25 [16] DEBUG  Conversation                  : GameListConversation, ConversationID: 10.9: Setting Message IDs
04/13/2016 06:26:25 [16] DEBUG  Conversation                  : GameListConversation, ConversationID: 10.9: Conversation is initiating send.
04/13/2016 06:26:25 [16] DEBUG  PostMan                       : Sending UDP (Messages.RequestMessages.GameListRequest, MessageID: 10.9, ConversationID: 10.9)
Endpoint: 127.0.0.1:12000
JSON: {"__type":"GameListRequest:#Messages.RequestMessages","ConvId":{"Pid":10,"Seq":9},"MsgId":{"Pid":10,"Seq":9},"StatusFilter":4}
04/13/2016 06:26:25 [16] DEBUG  PostMan                       : Message Delivered
04/13/2016 06:26:25 [11] DEBUG  PostMan                       : Received UDP (Messages.ReplyMessages.GameListReply, MessageID: 1.152, ConversationID: 10.9)
JSON: {"__type":"GameListReply:#Messages.ReplyMessages","ConvId":{"Pid":10,"Seq":9},"MsgId":{"Pid":1,"Seq":152},"Note":null,"Success":true,"GameInfo":[]}
04/13/2016 06:26:25 [16] DEBUG  Conversation                  : GameListConversation, ConversationID: 10.9: Send succeeded.
04/13/2016 06:26:25 [14] INFO   ispatcher+<>c__DisplayClass7_0: New Message Received: (Messages.ReplyMessages.GameListReply)
04/13/2016 06:26:25 [14] INFO   ispatcher+<>c__DisplayClass7_0: MessageId: 1.152ConversationId: 10.9
04/13/2016 06:26:25 [14] DEBUG  Dispatcher                    : Successsfully queued a new message of type GameListReply, for conversation: 10.9
04/13/2016 06:26:25 [16] DEBUG  Conversation                  : GameListConversation, ConversationID: 10.9: Message available!
04/13/2016 06:26:25 [16] DEBUG  Conversation                  : GameListConversation, ConversationID: 10.9: Message available!
04/13/2016 06:26:25 [16] DEBUG  Conversation                  : GameListConversation, ConversationID: 10.9: Received Message is valid
04/13/2016 06:26:25 [16] DEBUG  Conversation                  : Received a Message of type: GameListReply
04/13/2016 06:26:25 [16] ERROR  Conversation                  : GameListConversation, ConversationID: 10.9: No games are available. 
04/13/2016 06:26:25 [16] ERROR  Conversation                  : GameListConversation, ConversationID: 10.9: Conversation Failed
04/13/2016 06:26:25 [16] ERROR  Conversation                  : GameListConversation, ConversationID: 10.9: Conversation Ending
04/13/2016 06:26:25 [16] INFO   Conversation                  : Conversation Failed
04/13/2016 06:26:25 [16] INFO   BackgroundThread              : Stopping 
04/13/2016 06:26:25 [16] DEBUG  BackgroundThread              : Leaving Stop
04/13/2016 06:26:25 [16] ERROR  Conversation                  : GameListConversation, ConversationID: 10.9: Conversation Failed
04/13/2016 06:26:25 [16] ERROR  Conversation                  : GameListConversation, ConversationID: 10.9: Conversation Ending
04/13/2016 06:26:25 [16] INFO   Conversation                  : Conversation Failed
04/13/2016 06:26:25 [16] INFO   BackgroundThread              : Stopping 
04/13/2016 06:26:25 [16] DEBUG  BackgroundThread              : Leaving Stop
04/13/2016 06:26:25 [10] DEBUG  PlayerProcess                 : In Process GetGameList function.
04/13/2016 06:26:25 [10] DEBUG  ConversationFactory           : Creating Conversation of type GameListConversation
04/13/2016 06:26:25 [10] DEBUG  Dispatcher                    : Adding Conversation Player.Conversation.GameListConversation, 10.10
04/13/2016 06:26:25 [10] DEBUG  Dispatcher                    :       New Queue ID: 10.10
04/13/2016 06:26:25 [10] INFO   BackgroundThread              : Starting 
04/13/2016 06:26:28 [12] DEBUG  GameListConversation          : Queuing game list request. 
04/13/2016 06:26:28 [12] DEBUG  InitiatedConversation         : GameListConversation, ConversationID: 10.10: Conversation Id  for Initiated conversation: 10.10
04/13/2016 06:26:28 [12] DEBUG  Conversation                  : GameListConversation, ConversationID: 10.10: Setting Message IDs
04/13/2016 06:26:28 [12] DEBUG  Conversation                  : GameListConversation, ConversationID: 10.10: Conversation is initiating send.
04/13/2016 06:26:28 [12] DEBUG  PostMan                       : Sending UDP (Messages.RequestMessages.GameListRequest, MessageID: 10.10, ConversationID: 10.10)
Endpoint: 127.0.0.1:12000
JSON: {"__type":"GameListRequest:#Messages.RequestMessages","ConvId":{"Pid":10,"Seq":10},"MsgId":{"Pid":10,"Seq":10},"StatusFilter":4}
04/13/2016 06:26:28 [12] DEBUG  PostMan                       : Message Delivered
04/13/2016 06:26:28 [11] DEBUG  PostMan                       : Received UDP (Messages.ReplyMessages.GameListReply, MessageID: 1.153, ConversationID: 10.10)
JSON: {"__type":"GameListReply:#Messages.ReplyMessages","ConvId":{"Pid":10,"Seq":10},"MsgId":{"Pid":1,"Seq":153},"Note":null,"Success":true,"GameInfo":[]}
04/13/2016 06:26:28 [12] DEBUG  Conversation                  : GameListConversation, ConversationID: 10.10: Send succeeded.
04/13/2016 06:26:28 [13] INFO   ispatcher+<>c__DisplayClass7_0: New Message Received: (Messages.ReplyMessages.GameListReply)
04/13/2016 06:26:28 [13] INFO   ispatcher+<>c__DisplayClass7_0: MessageId: 1.153ConversationId: 10.10
04/13/2016 06:26:28 [13] DEBUG  Dispatcher                    : Successsfully queued a new message of type GameListReply, for conversation: 10.10
04/13/2016 06:26:28 [12] DEBUG  Conversation                  : GameListConversation, ConversationID: 10.10: Message available!
04/13/2016 06:26:28 [12] DEBUG  Conversation                  : GameListConversation, ConversationID: 10.10: Message available!
04/13/2016 06:26:28 [12] DEBUG  Conversation                  : GameListConversation, ConversationID: 10.10: Received Message is valid
04/13/2016 06:26:28 [12] DEBUG  Conversation                  : Received a Message of type: GameListReply
04/13/2016 06:26:28 [12] ERROR  Conversation                  : GameListConversation, ConversationID: 10.10: No games are available. 
04/13/2016 06:26:28 [12] ERROR  Conversation                  : GameListConversation, ConversationID: 10.10: Conversation Failed
04/13/2016 06:26:28 [12] ERROR  Conversation                  : GameListConversation, ConversationID: 10.10: Conversation Ending
04/13/2016 06:26:28 [12] INFO   Conversation                  : Conversation Failed
04/13/2016 06:26:28 [12] INFO   BackgroundThread              : Stopping 
04/13/2016 06:26:28 [12] DEBUG  BackgroundThread              : Leaving Stop
04/13/2016 06:26:28 [12] ERROR  Conversation                  : GameListConversation, ConversationID: 10.10: Conversation Failed
04/13/2016 06:26:28 [12] ERROR  Conversation                  : GameListConversation, ConversationID: 10.10: Conversation Ending
04/13/2016 06:26:28 [12] INFO   Conversation                  : Conversation Failed
04/13/2016 06:26:28 [12] INFO   BackgroundThread              : Stopping 
04/13/2016 06:26:28 [12] DEBUG  BackgroundThread              : Leaving Stop
04/13/2016 06:26:28 [10] DEBUG  PlayerProcess                 : In Process GetGameList function.
04/13/2016 06:26:28 [10] DEBUG  ConversationFactory           : Creating Conversation of type GameListConversation
04/13/2016 06:26:28 [10] DEBUG  Dispatcher                    : Adding Conversation Player.Conversation.GameListConversation, 10.11
04/13/2016 06:26:28 [10] DEBUG  Dispatcher                    :       New Queue ID: 10.11
04/13/2016 06:26:28 [10] INFO   BackgroundThread              : Starting 
04/13/2016 06:26:31 [17] DEBUG  GameListConversation          : Queuing game list request. 
04/13/2016 06:26:31 [17] DEBUG  InitiatedConversation         : GameListConversation, ConversationID: 10.11: Conversation Id  for Initiated conversation: 10.11
04/13/2016 06:26:31 [17] DEBUG  Conversation                  : GameListConversation, ConversationID: 10.11: Setting Message IDs
04/13/2016 06:26:31 [17] DEBUG  Conversation                  : GameListConversation, ConversationID: 10.11: Conversation is initiating send.
04/13/2016 06:26:31 [17] DEBUG  PostMan                       : Sending UDP (Messages.RequestMessages.GameListRequest, MessageID: 10.11, ConversationID: 10.11)
Endpoint: 127.0.0.1:12000
JSON: {"__type":"GameListRequest:#Messages.RequestMessages","ConvId":{"Pid":10,"Seq":11},"MsgId":{"Pid":10,"Seq":11},"StatusFilter":4}
04/13/2016 06:26:31 [17] DEBUG  PostMan                       : Message Delivered
04/13/2016 06:26:31 [11] DEBUG  PostMan                       : Received UDP (Messages.ReplyMessages.GameListReply, MessageID: 1.154, ConversationID: 10.11)
JSON: {"__type":"GameListReply:#Messages.ReplyMessages","ConvId":{"Pid":10,"Seq":11},"MsgId":{"Pid":1,"Seq":154},"Note":null,"Success":true,"GameInfo":[]}
04/13/2016 06:26:31 [17] DEBUG  Conversation                  : GameListConversation, ConversationID: 10.11: Send succeeded.
04/13/2016 06:26:31 [12] INFO   ispatcher+<>c__DisplayClass7_0: New Message Received: (Messages.ReplyMessages.GameListReply)
04/13/2016 06:26:31 [12] INFO   ispatcher+<>c__DisplayClass7_0: MessageId: 1.154ConversationId: 10.11
04/13/2016 06:26:31 [12] DEBUG  Dispatcher                    : Successsfully queued a new message of type GameListReply, for conversation: 10.11
04/13/2016 06:26:31 [17] DEBUG  Conversation                  : GameListConversation, ConversationID: 10.11: Message available!
04/13/2016 06:26:31 [17] DEBUG  Conversation                  : GameListConversation, ConversationID: 10.11: Message available!
04/13/2016 06:26:31 [17] DEBUG  Conversation                  : GameListConversation, ConversationID: 10.11: Received Message is valid
04/13/2016 06:26:31 [17] DEBUG  Conversation                  : Received a Message of type: GameListReply
04/13/2016 06:26:31 [17] ERROR  Conversation                  : GameListConversation, ConversationID: 10.11: No games are available. 
04/13/2016 06:26:31 [17] ERROR  Conversation                  : GameListConversation, ConversationID: 10.11: Conversation Failed
04/13/2016 06:26:31 [17] ERROR  Conversation                  : GameListConversation, ConversationID: 10.11: Conversation Ending
04/13/2016 06:26:31 [17] INFO   Conversation                  : Conversation Failed
04/13/2016 06:26:31 [17] INFO   BackgroundThread              : Stopping 
04/13/2016 06:26:31 [17] DEBUG  BackgroundThread              : Leaving Stop
04/13/2016 06:26:31 [17] ERROR  Conversation                  : GameListConversation, ConversationID: 10.11: Conversation Failed
04/13/2016 06:26:31 [17] ERROR  Conversation                  : GameListConversation, ConversationID: 10.11: Conversation Ending
04/13/2016 06:26:31 [17] INFO   Conversation                  : Conversation Failed
04/13/2016 06:26:31 [17] INFO   BackgroundThread              : Stopping 
04/13/2016 06:26:31 [17] DEBUG  BackgroundThread              : Leaving Stop
04/13/2016 06:26:31 [10] DEBUG  PlayerProcess                 : In Process GetGameList function.
04/13/2016 06:26:31 [10] DEBUG  ConversationFactory           : Creating Conversation of type GameListConversation
04/13/2016 06:26:31 [10] DEBUG  Dispatcher                    : Adding Conversation Player.Conversation.GameListConversation, 10.12
04/13/2016 06:26:31 [10] DEBUG  Dispatcher                    :       New Queue ID: 10.12
04/13/2016 06:26:31 [10] INFO   BackgroundThread              : Starting 
04/13/2016 06:26:33 [12] DEBUG  GameListConversation          : Queuing game list request. 
04/13/2016 06:26:33 [12] DEBUG  InitiatedConversation         : GameListConversation, ConversationID: 10.12: Conversation Id  for Initiated conversation: 10.12
04/13/2016 06:26:33 [12] DEBUG  Conversation                  : GameListConversation, ConversationID: 10.12: Setting Message IDs
04/13/2016 06:26:33 [12] DEBUG  Conversation                  : GameListConversation, ConversationID: 10.12: Conversation is initiating send.
04/13/2016 06:26:33 [12] DEBUG  PostMan                       : Sending UDP (Messages.RequestMessages.GameListRequest, MessageID: 10.12, ConversationID: 10.12)
Endpoint: 127.0.0.1:12000
JSON: {"__type":"GameListRequest:#Messages.RequestMessages","ConvId":{"Pid":10,"Seq":12},"MsgId":{"Pid":10,"Seq":12},"StatusFilter":4}
04/13/2016 06:26:33 [12] DEBUG  PostMan                       : Message Delivered
04/13/2016 06:26:33 [12] DEBUG  Conversation                  : GameListConversation, ConversationID: 10.12: Send succeeded.
04/13/2016 06:26:33 [11] DEBUG  PostMan                       : Received UDP (Messages.ReplyMessages.GameListReply, MessageID: 1.162, ConversationID: 10.12)
JSON: {"__type":"GameListReply:#Messages.ReplyMessages","ConvId":{"Pid":10,"Seq":12},"MsgId":{"Pid":1,"Seq":162},"Note":null,"Success":true,"GameInfo":[]}
04/13/2016 06:26:34 [13] INFO   ispatcher+<>c__DisplayClass7_0: New Message Received: (Messages.ReplyMessages.GameListReply)
04/13/2016 06:26:34 [13] INFO   ispatcher+<>c__DisplayClass7_0: MessageId: 1.162ConversationId: 10.12
04/13/2016 06:26:34 [13] DEBUG  Dispatcher                    : Successsfully queued a new message of type GameListReply, for conversation: 10.12
04/13/2016 06:26:34 [12] DEBUG  Conversation                  : GameListConversation, ConversationID: 10.12: Message available!
04/13/2016 06:26:34 [12] DEBUG  Conversation                  : GameListConversation, ConversationID: 10.12: Message available!
04/13/2016 06:26:34 [12] DEBUG  Conversation                  : GameListConversation, ConversationID: 10.12: Received Message is valid
04/13/2016 06:26:34 [12] DEBUG  Conversation                  : Received a Message of type: GameListReply
04/13/2016 06:26:34 [12] ERROR  Conversation                  : GameListConversation, ConversationID: 10.12: No games are available. 
04/13/2016 06:26:34 [12] ERROR  Conversation                  : GameListConversation, ConversationID: 10.12: Conversation Failed
04/13/2016 06:26:34 [12] ERROR  Conversation                  : GameListConversation, ConversationID: 10.12: Conversation Ending
04/13/2016 06:26:34 [12] INFO   Conversation                  : Conversation Failed
04/13/2016 06:26:34 [12] INFO   BackgroundThread              : Stopping 
04/13/2016 06:26:34 [12] DEBUG  BackgroundThread              : Leaving Stop
04/13/2016 06:26:34 [12] ERROR  Conversation                  : GameListConversation, ConversationID: 10.12: Conversation Failed
04/13/2016 06:26:34 [12] ERROR  Conversation                  : GameListConversation, ConversationID: 10.12: Conversation Ending
04/13/2016 06:26:34 [12] INFO   Conversation                  : Conversation Failed
04/13/2016 06:26:34 [12] INFO   BackgroundThread              : Stopping 
04/13/2016 06:26:34 [12] DEBUG  BackgroundThread              : Leaving Stop
04/13/2016 06:26:34 [10] DEBUG  PlayerProcess                 : In Process GetGameList function.
04/13/2016 06:26:34 [10] DEBUG  ConversationFactory           : Creating Conversation of type GameListConversation
04/13/2016 06:26:34 [10] DEBUG  Dispatcher                    : Adding Conversation Player.Conversation.GameListConversation, 10.13
04/13/2016 06:26:34 [10] DEBUG  Dispatcher                    :       New Queue ID: 10.13
04/13/2016 06:26:34 [10] INFO   BackgroundThread              : Starting 
04/13/2016 06:26:36 [13] DEBUG  GameListConversation          : Queuing game list request. 
04/13/2016 06:26:36 [13] DEBUG  InitiatedConversation         : GameListConversation, ConversationID: 10.13: Conversation Id  for Initiated conversation: 10.13
04/13/2016 06:26:36 [13] DEBUG  Conversation                  : GameListConversation, ConversationID: 10.13: Setting Message IDs
04/13/2016 06:26:36 [13] DEBUG  Conversation                  : GameListConversation, ConversationID: 10.13: Conversation is initiating send.
04/13/2016 06:26:36 [13] DEBUG  PostMan                       : Sending UDP (Messages.RequestMessages.GameListRequest, MessageID: 10.13, ConversationID: 10.13)
Endpoint: 127.0.0.1:12000
JSON: {"__type":"GameListRequest:#Messages.RequestMessages","ConvId":{"Pid":10,"Seq":13},"MsgId":{"Pid":10,"Seq":13},"StatusFilter":4}
04/13/2016 06:26:36 [13] DEBUG  PostMan                       : Message Delivered
04/13/2016 06:26:36 [11] DEBUG  PostMan                       : Received UDP (Messages.ReplyMessages.GameListReply, MessageID: 1.185, ConversationID: 10.13)
JSON: {"__type":"GameListReply:#Messages.ReplyMessages","ConvId":{"Pid":10,"Seq":13},"MsgId":{"Pid":1,"Seq":185},"Note":null,"Success":true,"GameInfo":[]}
04/13/2016 06:26:36 [13] DEBUG  Conversation                  : GameListConversation, ConversationID: 10.13: Send succeeded.
04/13/2016 06:26:36 [12] INFO   ispatcher+<>c__DisplayClass7_0: New Message Received: (Messages.ReplyMessages.GameListReply)
04/13/2016 06:26:36 [12] INFO   ispatcher+<>c__DisplayClass7_0: MessageId: 1.185ConversationId: 10.13
04/13/2016 06:26:36 [12] DEBUG  Dispatcher                    : Successsfully queued a new message of type GameListReply, for conversation: 10.13
04/13/2016 06:26:36 [13] DEBUG  Conversation                  : GameListConversation, ConversationID: 10.13: Message available!
04/13/2016 06:26:36 [13] DEBUG  Conversation                  : GameListConversation, ConversationID: 10.13: Message available!
04/13/2016 06:26:36 [13] DEBUG  Conversation                  : GameListConversation, ConversationID: 10.13: Received Message is valid
04/13/2016 06:26:36 [13] DEBUG  Conversation                  : Received a Message of type: GameListReply
04/13/2016 06:26:36 [13] ERROR  Conversation                  : GameListConversation, ConversationID: 10.13: No games are available. 
04/13/2016 06:26:36 [13] ERROR  Conversation                  : GameListConversation, ConversationID: 10.13: Conversation Failed
04/13/2016 06:26:36 [13] ERROR  Conversation                  : GameListConversation, ConversationID: 10.13: Conversation Ending
04/13/2016 06:26:36 [13] INFO   Conversation                  : Conversation Failed
04/13/2016 06:26:36 [13] INFO   BackgroundThread              : Stopping 
04/13/2016 06:26:36 [13] DEBUG  BackgroundThread              : Leaving Stop
04/13/2016 06:26:36 [13] ERROR  Conversation                  : GameListConversation, ConversationID: 10.13: Conversation Failed
04/13/2016 06:26:36 [13] ERROR  Conversation                  : GameListConversation, ConversationID: 10.13: Conversation Ending
04/13/2016 06:26:36 [13] INFO   Conversation                  : Conversation Failed
04/13/2016 06:26:37 [10] DEBUG  PlayerProcess                 : In Process GetGameList function.
04/13/2016 06:26:37 [13] INFO   BackgroundThread              : Stopping 
04/13/2016 06:26:37 [10] DEBUG  ConversationFactory           : Creating Conversation of type GameListConversation
04/13/2016 06:26:37 [13] DEBUG  BackgroundThread              : Leaving Stop
04/13/2016 06:26:37 [10] DEBUG  Dispatcher                    : Adding Conversation Player.Conversation.GameListConversation, 10.14
04/13/2016 06:26:37 [10] DEBUG  Dispatcher                    :       New Queue ID: 10.14
04/13/2016 06:26:37 [10] INFO   BackgroundThread              : Starting 
04/13/2016 06:26:39 [16] DEBUG  GameListConversation          : Queuing game list request. 
04/13/2016 06:26:39 [16] DEBUG  InitiatedConversation         : GameListConversation, ConversationID: 10.14: Conversation Id  for Initiated conversation: 10.14
04/13/2016 06:26:39 [16] DEBUG  Conversation                  : GameListConversation, ConversationID: 10.14: Setting Message IDs
04/13/2016 06:26:39 [16] DEBUG  Conversation                  : GameListConversation, ConversationID: 10.14: Conversation is initiating send.
04/13/2016 06:26:39 [16] DEBUG  PostMan                       : Sending UDP (Messages.RequestMessages.GameListRequest, MessageID: 10.14, ConversationID: 10.14)
Endpoint: 127.0.0.1:12000
JSON: {"__type":"GameListRequest:#Messages.RequestMessages","ConvId":{"Pid":10,"Seq":14},"MsgId":{"Pid":10,"Seq":14},"StatusFilter":4}
04/13/2016 06:26:39 [16] DEBUG  PostMan                       : Message Delivered
04/13/2016 06:26:39 [11] DEBUG  PostMan                       : Received UDP (Messages.ReplyMessages.GameListReply, MessageID: 1.212, ConversationID: 10.14)
JSON: {"__type":"GameListReply:#Messages.ReplyMessages","ConvId":{"Pid":10,"Seq":14},"MsgId":{"Pid":1,"Seq":212},"Note":null,"Success":true,"GameInfo":[]}
04/13/2016 06:26:39 [16] DEBUG  Conversation                  : GameListConversation, ConversationID: 10.14: Send succeeded.
04/13/2016 06:26:39 [12] INFO   ispatcher+<>c__DisplayClass7_0: New Message Received: (Messages.ReplyMessages.GameListReply)
04/13/2016 06:26:39 [12] INFO   ispatcher+<>c__DisplayClass7_0: MessageId: 1.212ConversationId: 10.14
04/13/2016 06:26:39 [12] DEBUG  Dispatcher                    : Successsfully queued a new message of type GameListReply, for conversation: 10.14
04/13/2016 06:26:39 [16] DEBUG  Conversation                  : GameListConversation, ConversationID: 10.14: Message available!
04/13/2016 06:26:39 [16] DEBUG  Conversation                  : GameListConversation, ConversationID: 10.14: Message available!
04/13/2016 06:26:39 [16] DEBUG  Conversation                  : GameListConversation, ConversationID: 10.14: Received Message is valid
04/13/2016 06:26:39 [16] DEBUG  Conversation                  : Received a Message of type: GameListReply
04/13/2016 06:26:39 [16] ERROR  Conversation                  : GameListConversation, ConversationID: 10.14: No games are available. 
04/13/2016 06:26:39 [16] ERROR  Conversation                  : GameListConversation, ConversationID: 10.14: Conversation Failed
04/13/2016 06:26:39 [16] ERROR  Conversation                  : GameListConversation, ConversationID: 10.14: Conversation Ending
04/13/2016 06:26:39 [16] INFO   Conversation                  : Conversation Failed
04/13/2016 06:26:39 [16] INFO   BackgroundThread              : Stopping 
04/13/2016 06:26:39 [16] DEBUG  BackgroundThread              : Leaving Stop
04/13/2016 06:26:39 [16] ERROR  Conversation                  : GameListConversation, ConversationID: 10.14: Conversation Failed
04/13/2016 06:26:39 [16] ERROR  Conversation                  : GameListConversation, ConversationID: 10.14: Conversation Ending
04/13/2016 06:26:39 [16] INFO   Conversation                  : Conversation Failed
04/13/2016 06:26:39 [16] INFO   BackgroundThread              : Stopping 
04/13/2016 06:26:39 [16] DEBUG  BackgroundThread              : Leaving Stop
04/13/2016 06:26:39 [10] DEBUG  PlayerProcess                 : In Process GetGameList function.
04/13/2016 06:26:39 [10] DEBUG  ConversationFactory           : Creating Conversation of type GameListConversation
04/13/2016 06:26:39 [10] DEBUG  Dispatcher                    : Adding Conversation Player.Conversation.GameListConversation, 10.15
04/13/2016 06:26:39 [10] DEBUG  Dispatcher                    :       New Queue ID: 10.15
04/13/2016 06:26:39 [10] INFO   BackgroundThread              : Starting 
04/13/2016 06:26:42 [14] DEBUG  GameListConversation          : Queuing game list request. 
04/13/2016 06:26:42 [14] DEBUG  InitiatedConversation         : GameListConversation, ConversationID: 10.15: Conversation Id  for Initiated conversation: 10.15
04/13/2016 06:26:42 [14] DEBUG  Conversation                  : GameListConversation, ConversationID: 10.15: Setting Message IDs
04/13/2016 06:26:42 [14] DEBUG  Conversation                  : GameListConversation, ConversationID: 10.15: Conversation is initiating send.
04/13/2016 06:26:42 [14] DEBUG  PostMan                       : Sending UDP (Messages.RequestMessages.GameListRequest, MessageID: 10.15, ConversationID: 10.15)
Endpoint: 127.0.0.1:12000
JSON: {"__type":"GameListRequest:#Messages.RequestMessages","ConvId":{"Pid":10,"Seq":15},"MsgId":{"Pid":10,"Seq":15},"StatusFilter":4}
04/13/2016 06:26:42 [14] DEBUG  PostMan                       : Message Delivered
04/13/2016 06:26:42 [11] DEBUG  PostMan                       : Received UDP (Messages.ReplyMessages.GameListReply, MessageID: 1.240, ConversationID: 10.15)
JSON: {"__type":"GameListReply:#Messages.ReplyMessages","ConvId":{"Pid":10,"Seq":15},"MsgId":{"Pid":1,"Seq":240},"Note":null,"Success":true,"GameInfo":[]}
04/13/2016 06:26:42 [14] DEBUG  Conversation                  : GameListConversation, ConversationID: 10.15: Send succeeded.
04/13/2016 06:26:42 [12] INFO   ispatcher+<>c__DisplayClass7_0: New Message Received: (Messages.ReplyMessages.GameListReply)
04/13/2016 06:26:42 [11] DEBUG  PostMan                       : Received UDP (Messages.RequestMessages.AliveRequest, MessageID: 1.245, ConversationID: 1.245)
JSON: {"__type":"AliveRequest:#Messages.RequestMessages","ConvId":{"Pid":1,"Seq":245},"MsgId":{"Pid":1,"Seq":245}}
04/13/2016 06:26:42 [12] INFO   ispatcher+<>c__DisplayClass7_0: MessageId: 1.240ConversationId: 10.15
04/13/2016 06:26:42 [12] DEBUG  Dispatcher                    : Successsfully queued a new message of type GameListReply, for conversation: 10.15
04/13/2016 06:26:42 [16] INFO   ispatcher+<>c__DisplayClass7_0: New Message Received: (Messages.RequestMessages.AliveRequest)
04/13/2016 06:26:42 [16] INFO   ispatcher+<>c__DisplayClass7_0: MessageId: 1.245ConversationId: 1.245
04/13/2016 06:26:42 [16] DEBUG  Dispatcher                    : Conversation  with id= 1.245 does not exist, trying to create new conversation.
04/13/2016 06:26:42 [16] DEBUG  ConversationFactory           : Creating Conversation of type AliveConversation
04/13/2016 06:26:42 [14] DEBUG  Conversation                  : GameListConversation, ConversationID: 10.15: Message available!
04/13/2016 06:26:42 [16] DEBUG  Dispatcher                    : Adding Conversation Player.Conversation.AliveConversation, 1.245
04/13/2016 06:26:42 [14] DEBUG  Conversation                  : GameListConversation, ConversationID: 10.15: Message available!
04/13/2016 06:26:42 [14] DEBUG  Conversation                  : GameListConversation, ConversationID: 10.15: Received Message is valid
04/13/2016 06:26:42 [14] DEBUG  Conversation                  : Received a Message of type: GameListReply
04/13/2016 06:26:42 [14] ERROR  Conversation                  : GameListConversation, ConversationID: 10.15: No games are available. 
04/13/2016 06:26:42 [14] ERROR  Conversation                  : GameListConversation, ConversationID: 10.15: Conversation Failed
04/13/2016 06:26:42 [14] ERROR  Conversation                  : GameListConversation, ConversationID: 10.15: Conversation Ending
04/13/2016 06:26:42 [14] INFO   Conversation                  : Conversation Failed
04/13/2016 06:26:42 [16] DEBUG  Dispatcher                    :       New Queue ID: 1.245
04/13/2016 06:26:42 [14] INFO   BackgroundThread              : Stopping 
04/13/2016 06:26:42 [10] DEBUG  PlayerProcess                 : In Process GetGameList function.
04/13/2016 06:26:42 [14] DEBUG  BackgroundThread              : Leaving Stop
04/13/2016 06:26:42 [14] ERROR  Conversation                  : GameListConversation, ConversationID: 10.15: Conversation Failed
04/13/2016 06:26:42 [14] ERROR  Conversation                  : GameListConversation, ConversationID: 10.15: Conversation Ending
04/13/2016 06:26:42 [16] DEBUG  Dispatcher                    : Successsfully queued a new message of type AliveRequest, for conversation: 1.245
04/13/2016 06:26:42 [10] DEBUG  ConversationFactory           : Creating Conversation of type GameListConversation
04/13/2016 06:26:42 [14] INFO   Conversation                  : Conversation Failed
04/13/2016 06:26:42 [14] INFO   BackgroundThread              : Stopping 
04/13/2016 06:26:42 [16] INFO   BackgroundThread              : Starting 
04/13/2016 06:26:42 [10] DEBUG  Dispatcher                    : Adding Conversation Player.Conversation.GameListConversation, 10.16
04/13/2016 06:26:42 [14] DEBUG  BackgroundThread              : Leaving Stop
04/13/2016 06:26:43 [13] DEBUG  Conversation                  : AliveConversation, ConversationID: 1.245: Message available!
04/13/2016 06:26:43 [13] DEBUG  Conversation                  : AliveConversation, ConversationID: 1.245: Message available!
04/13/2016 06:26:43 [13] DEBUG  Conversation                  : AliveConversation, ConversationID: 1.245: Message available!
04/13/2016 06:26:43 [13] DEBUG  Conversation                  : AliveConversation, ConversationID: 1.245: Received Message is valid
04/13/2016 06:26:43 [13] DEBUG  Conversation                  : Received a Message of type: AliveRequest
04/13/2016 06:26:43 [10] DEBUG  Dispatcher                    :       New Queue ID: 10.16
04/13/2016 06:26:43 [10] INFO   BackgroundThread              : Starting 
04/13/2016 06:26:43 [13] DEBUG  AliveConversation             : Creating Alive Response
04/13/2016 06:26:43 [13] DEBUG  ResponseConversation          : AliveConversation, ConversationID: 1.245: Conversation Id  for Response conversation: 1.245
04/13/2016 06:26:43 [13] DEBUG  Conversation                  : AliveConversation, ConversationID: 1.245: Setting Message IDs
04/13/2016 06:26:43 [13] DEBUG  Conversation                  : AliveConversation, ConversationID: 1.245: Conversation is initiating send.
04/13/2016 06:26:43 [13] DEBUG  PostMan                       : Sending UDP (Messages.ReplyMessages.Reply, MessageID: 10.17, ConversationID: 1.245)
Endpoint: 127.0.0.1:12000
JSON: {"__type":"Reply:#Messages.ReplyMessages","ConvId":{"Pid":1,"Seq":245},"MsgId":{"Pid":10,"Seq":17},"Note":"I'm Alive","Success":true}
04/13/2016 06:26:43 [13] DEBUG  PostMan                       : Message Delivered
04/13/2016 06:26:43 [13] DEBUG  Conversation                  : AliveConversation, ConversationID: 1.245: Send succeeded.
04/13/2016 06:26:45 [16] DEBUG  GameListConversation          : Queuing game list request. 
04/13/2016 06:26:45 [16] DEBUG  InitiatedConversation         : GameListConversation, ConversationID: 10.16: Conversation Id  for Initiated conversation: 10.16
04/13/2016 06:26:45 [16] DEBUG  Conversation                  : GameListConversation, ConversationID: 10.16: Setting Message IDs
04/13/2016 06:26:45 [16] DEBUG  Conversation                  : GameListConversation, ConversationID: 10.16: Conversation is initiating send.
04/13/2016 06:26:45 [16] DEBUG  PostMan                       : Sending UDP (Messages.RequestMessages.GameListRequest, MessageID: 10.16, ConversationID: 10.16)
Endpoint: 127.0.0.1:12000
JSON: {"__type":"GameListRequest:#Messages.RequestMessages","ConvId":{"Pid":10,"Seq":16},"MsgId":{"Pid":10,"Seq":16},"StatusFilter":4}
04/13/2016 06:26:45 [16] DEBUG  PostMan                       : Message Delivered
04/13/2016 06:26:45 [11] DEBUG  PostMan                       : Received UDP (Messages.ReplyMessages.GameListReply, MessageID: 1.275, ConversationID: 10.16)
JSON: {"__type":"GameListReply:#Messages.ReplyMessages","ConvId":{"Pid":10,"Seq":16},"MsgId":{"Pid":1,"Seq":275},"Note":null,"Success":true,"GameInfo":[]}
04/13/2016 06:26:45 [16] DEBUG  Conversation                  : GameListConversation, ConversationID: 10.16: Send succeeded.
04/13/2016 06:26:45 [12] INFO   ispatcher+<>c__DisplayClass7_0: New Message Received: (Messages.ReplyMessages.GameListReply)
04/13/2016 06:26:45 [12] INFO   ispatcher+<>c__DisplayClass7_0: MessageId: 1.275ConversationId: 10.16
04/13/2016 06:26:45 [12] DEBUG  Dispatcher                    : Successsfully queued a new message of type GameListReply, for conversation: 10.16
04/13/2016 06:26:45 [16] DEBUG  Conversation                  : GameListConversation, ConversationID: 10.16: Message available!
04/13/2016 06:26:45 [16] DEBUG  Conversation                  : GameListConversation, ConversationID: 10.16: Message available!
04/13/2016 06:26:45 [16] DEBUG  Conversation                  : GameListConversation, ConversationID: 10.16: Received Message is valid
04/13/2016 06:26:45 [16] DEBUG  Conversation                  : Received a Message of type: GameListReply
04/13/2016 06:26:45 [16] ERROR  Conversation                  : GameListConversation, ConversationID: 10.16: No games are available. 
04/13/2016 06:26:45 [16] ERROR  Conversation                  : GameListConversation, ConversationID: 10.16: Conversation Failed
04/13/2016 06:26:45 [16] ERROR  Conversation                  : GameListConversation, ConversationID: 10.16: Conversation Ending
04/13/2016 06:26:45 [16] INFO   Conversation                  : Conversation Failed
04/13/2016 06:26:45 [16] INFO   BackgroundThread              : Stopping 
04/13/2016 06:26:45 [16] DEBUG  BackgroundThread              : Leaving Stop
04/13/2016 06:26:45 [16] ERROR  Conversation                  : GameListConversation, ConversationID: 10.16: Conversation Failed
04/13/2016 06:26:45 [16] ERROR  Conversation                  : GameListConversation, ConversationID: 10.16: Conversation Ending
04/13/2016 06:26:45 [16] INFO   Conversation                  : Conversation Failed
04/13/2016 06:26:45 [16] INFO   BackgroundThread              : Stopping 
04/13/2016 06:26:45 [10] DEBUG  PlayerProcess                 : In Process GetGameList function.
04/13/2016 06:26:45 [16] DEBUG  BackgroundThread              : Leaving Stop
04/13/2016 06:26:45 [10] DEBUG  ConversationFactory           : Creating Conversation of type GameListConversation
04/13/2016 06:26:45 [10] DEBUG  Dispatcher                    : Adding Conversation Player.Conversation.GameListConversation, 10.18
04/13/2016 06:26:45 [10] DEBUG  Dispatcher                    :       New Queue ID: 10.18
04/13/2016 06:26:45 [10] INFO   BackgroundThread              : Starting 
04/13/2016 06:26:47 [16] DEBUG  GameListConversation          : Queuing game list request. 
04/13/2016 06:26:47 [16] DEBUG  InitiatedConversation         : GameListConversation, ConversationID: 10.18: Conversation Id  for Initiated conversation: 10.18
04/13/2016 06:26:48 [16] DEBUG  Conversation                  : GameListConversation, ConversationID: 10.18: Setting Message IDs
04/13/2016 06:26:48 [16] DEBUG  Conversation                  : GameListConversation, ConversationID: 10.18: Conversation is initiating send.
04/13/2016 06:26:48 [16] DEBUG  PostMan                       : Sending UDP (Messages.RequestMessages.GameListRequest, MessageID: 10.18, ConversationID: 10.18)
Endpoint: 127.0.0.1:12000
JSON: {"__type":"GameListRequest:#Messages.RequestMessages","ConvId":{"Pid":10,"Seq":18},"MsgId":{"Pid":10,"Seq":18},"StatusFilter":4}
04/13/2016 06:26:48 [16] DEBUG  PostMan                       : Message Delivered
04/13/2016 06:26:48 [11] DEBUG  PostMan                       : Received UDP (Messages.ReplyMessages.GameListReply, MessageID: 1.303, ConversationID: 10.18)
JSON: {"__type":"GameListReply:#Messages.ReplyMessages","ConvId":{"Pid":10,"Seq":18},"MsgId":{"Pid":1,"Seq":303},"Note":null,"Success":true,"GameInfo":[]}
04/13/2016 06:26:48 [16] DEBUG  Conversation                  : GameListConversation, ConversationID: 10.18: Send succeeded.
04/13/2016 06:26:48 [12] INFO   ispatcher+<>c__DisplayClass7_0: New Message Received: (Messages.ReplyMessages.GameListReply)
04/13/2016 06:26:48 [12] INFO   ispatcher+<>c__DisplayClass7_0: MessageId: 1.303ConversationId: 10.18
04/13/2016 06:26:48 [12] DEBUG  Dispatcher                    : Successsfully queued a new message of type GameListReply, for conversation: 10.18
04/13/2016 06:26:48 [16] DEBUG  Conversation                  : GameListConversation, ConversationID: 10.18: Message available!
04/13/2016 06:26:48 [16] DEBUG  Conversation                  : GameListConversation, ConversationID: 10.18: Message available!
04/13/2016 06:26:48 [16] DEBUG  Conversation                  : GameListConversation, ConversationID: 10.18: Received Message is valid
04/13/2016 06:26:48 [16] DEBUG  Conversation                  : Received a Message of type: GameListReply
04/13/2016 06:26:48 [16] ERROR  Conversation                  : GameListConversation, ConversationID: 10.18: No games are available. 
04/13/2016 06:26:48 [16] ERROR  Conversation                  : GameListConversation, ConversationID: 10.18: Conversation Failed
04/13/2016 06:26:48 [16] ERROR  Conversation                  : GameListConversation, ConversationID: 10.18: Conversation Ending
04/13/2016 06:26:48 [16] INFO   Conversation                  : Conversation Failed
04/13/2016 06:26:48 [16] INFO   BackgroundThread              : Stopping 
04/13/2016 06:26:48 [16] DEBUG  BackgroundThread              : Leaving Stop
04/13/2016 06:26:48 [16] ERROR  Conversation                  : GameListConversation, ConversationID: 10.18: Conversation Failed
04/13/2016 06:26:48 [16] ERROR  Conversation                  : GameListConversation, ConversationID: 10.18: Conversation Ending
04/13/2016 06:26:48 [16] INFO   Conversation                  : Conversation Failed
04/13/2016 06:26:48 [16] INFO   BackgroundThread              : Stopping 
04/13/2016 06:26:48 [16] DEBUG  BackgroundThread              : Leaving Stop
04/13/2016 06:26:48 [10] DEBUG  PlayerProcess                 : In Process GetGameList function.
04/13/2016 06:26:48 [10] DEBUG  ConversationFactory           : Creating Conversation of type GameListConversation
04/13/2016 06:26:48 [10] DEBUG  Dispatcher                    : Adding Conversation Player.Conversation.GameListConversation, 10.19
04/13/2016 06:26:48 [10] DEBUG  Dispatcher                    :       New Queue ID: 10.19
04/13/2016 06:26:48 [10] INFO   BackgroundThread              : Starting 
04/13/2016 06:26:50 [14] DEBUG  GameListConversation          : Queuing game list request. 
04/13/2016 06:26:50 [14] DEBUG  InitiatedConversation         : GameListConversation, ConversationID: 10.19: Conversation Id  for Initiated conversation: 10.19
04/13/2016 06:26:50 [14] DEBUG  Conversation                  : GameListConversation, ConversationID: 10.19: Setting Message IDs
04/13/2016 06:26:50 [14] DEBUG  Conversation                  : GameListConversation, ConversationID: 10.19: Conversation is initiating send.
04/13/2016 06:26:50 [14] DEBUG  PostMan                       : Sending UDP (Messages.RequestMessages.GameListRequest, MessageID: 10.19, ConversationID: 10.19)
Endpoint: 127.0.0.1:12000
JSON: {"__type":"GameListRequest:#Messages.RequestMessages","ConvId":{"Pid":10,"Seq":19},"MsgId":{"Pid":10,"Seq":19},"StatusFilter":4}
04/13/2016 06:26:50 [14] DEBUG  PostMan                       : Message Delivered
04/13/2016 06:26:50 [11] DEBUG  PostMan                       : Received UDP (Messages.ReplyMessages.GameListReply, MessageID: 1.332, ConversationID: 10.19)
JSON: {"__type":"GameListReply:#Messages.ReplyMessages","ConvId":{"Pid":10,"Seq":19},"MsgId":{"Pid":1,"Seq":332},"Note":null,"Success":true,"GameInfo":[]}
04/13/2016 06:26:50 [14] DEBUG  Conversation                  : GameListConversation, ConversationID: 10.19: Send succeeded.
04/13/2016 06:26:51 [12] INFO   ispatcher+<>c__DisplayClass7_0: New Message Received: (Messages.ReplyMessages.GameListReply)
04/13/2016 06:26:51 [12] INFO   ispatcher+<>c__DisplayClass7_0: MessageId: 1.332ConversationId: 10.19
04/13/2016 06:26:51 [12] DEBUG  Dispatcher                    : Successsfully queued a new message of type GameListReply, for conversation: 10.19
04/13/2016 06:26:51 [14] DEBUG  Conversation                  : GameListConversation, ConversationID: 10.19: Message available!
04/13/2016 06:26:51 [14] DEBUG  Conversation                  : GameListConversation, ConversationID: 10.19: Message available!
04/13/2016 06:26:51 [14] DEBUG  Conversation                  : GameListConversation, ConversationID: 10.19: Received Message is valid
04/13/2016 06:26:51 [14] DEBUG  Conversation                  : Received a Message of type: GameListReply
04/13/2016 06:26:51 [14] ERROR  Conversation                  : GameListConversation, ConversationID: 10.19: No games are available. 
04/13/2016 06:26:51 [14] ERROR  Conversation                  : GameListConversation, ConversationID: 10.19: Conversation Failed
04/13/2016 06:26:51 [14] ERROR  Conversation                  : GameListConversation, ConversationID: 10.19: Conversation Ending
04/13/2016 06:26:51 [14] INFO   Conversation                  : Conversation Failed
04/13/2016 06:26:51 [14] INFO   BackgroundThread              : Stopping 
04/13/2016 06:26:51 [14] DEBUG  BackgroundThread              : Leaving Stop
04/13/2016 06:26:51 [14] ERROR  Conversation                  : GameListConversation, ConversationID: 10.19: Conversation Failed
04/13/2016 06:26:51 [14] ERROR  Conversation                  : GameListConversation, ConversationID: 10.19: Conversation Ending
04/13/2016 06:26:51 [14] INFO   Conversation                  : Conversation Failed
04/13/2016 06:26:51 [14] INFO   BackgroundThread              : Stopping 
04/13/2016 06:26:51 [14] DEBUG  BackgroundThread              : Leaving Stop
04/13/2016 06:26:51 [10] DEBUG  PlayerProcess                 : In Process GetGameList function.
04/13/2016 06:26:51 [10] DEBUG  ConversationFactory           : Creating Conversation of type GameListConversation
04/13/2016 06:26:51 [10] DEBUG  Dispatcher                    : Adding Conversation Player.Conversation.GameListConversation, 10.20
04/13/2016 06:26:51 [10] DEBUG  Dispatcher                    :       New Queue ID: 10.20
04/13/2016 06:26:51 [10] INFO   BackgroundThread              : Starting 
04/13/2016 06:26:52 [11] DEBUG  PostMan                       : Received UDP (Messages.RequestMessages.ShutdownRequest, MessageID: 1.345, ConversationID: 1.345)
JSON: {"__type":"ShutdownRequest:#Messages.RequestMessages","ConvId":{"Pid":1,"Seq":345},"MsgId":{"Pid":1,"Seq":345}}
04/13/2016 06:26:52 [12] INFO   ispatcher+<>c__DisplayClass7_0: New Message Received: (Messages.RequestMessages.ShutdownRequest)
04/13/2016 06:26:52 [12] INFO   ispatcher+<>c__DisplayClass7_0: MessageId: 1.345ConversationId: 1.345
04/13/2016 06:26:52 [12] DEBUG  Dispatcher                    : Conversation  with id= 1.345 does not exist, trying to create new conversation.
04/13/2016 06:26:52 [12] ERROR  ConversationFactory           : Factory does not have a mapping for type: Messages.RequestMessages.ShutdownRequest
04/13/2016 06:26:52 [12] ERROR  Dispatcher                    : New conversation returned from factory is Null!
04/13/2016 06:26:52 [12] ERROR  Dispatcher                    : An error was encountered while creating a new conversation queue
04/13/2016 06:26:53 [16] DEBUG  GameListConversation          : Queuing game list request. 
04/13/2016 06:26:53 [16] DEBUG  InitiatedConversation         : GameListConversation, ConversationID: 10.20: Conversation Id  for Initiated conversation: 10.20
04/13/2016 06:26:53 [16] DEBUG  Conversation                  : GameListConversation, ConversationID: 10.20: Setting Message IDs
04/13/2016 06:26:53 [16] DEBUG  Conversation                  : GameListConversation, ConversationID: 10.20: Conversation is initiating send.
04/13/2016 06:26:53 [16] DEBUG  PostMan                       : Sending UDP (Messages.RequestMessages.GameListRequest, MessageID: 10.20, ConversationID: 10.20)
Endpoint: 127.0.0.1:12000
JSON: {"__type":"GameListRequest:#Messages.RequestMessages","ConvId":{"Pid":10,"Seq":20},"MsgId":{"Pid":10,"Seq":20},"StatusFilter":4}
04/13/2016 06:26:53 [16] DEBUG  PostMan                       : Message Delivered
04/13/2016 06:26:53 [16] DEBUG  Conversation                  : GameListConversation, ConversationID: 10.20: Send succeeded.
