04/09/2016 03:18:40 [ 7] DEBUG  PlayerConnection              : Using Local Settings.
04/09/2016 03:18:40 [ 7] DEBUG  PlayerConnection              : Starting Application. 
04/09/2016 03:18:40 [ 7] DEBUG  PlayerProcess                 : Initializeing Player Subsystem.
04/09/2016 03:18:40 [ 7] DEBUG  PlayerProcess                 : Initializing Player Details.
04/09/2016 03:18:40 [ 7] INFO   BackgroundThread              : Starting 
04/09/2016 03:18:40 [ 9] INFO   BackgroundThread              : Starting 
04/09/2016 03:18:40 [ 9] DEBUG  PlayerProcess                 : In Process Login function.
04/09/2016 03:18:40 [ 9] DEBUG  Dispatcher                    : Adding Conversation Player.Conversation.LoginConversation, 0.1
04/09/2016 03:18:40 [ 9] DEBUG  Dispatcher                    :       New Queue ID: 0.1
04/09/2016 03:18:40 [ 9] INFO   BackgroundThread              : Starting 
04/09/2016 03:18:40 [10] DEBUG  LoginConversation             : Creating login request. 
04/09/2016 03:18:40 [10] DEBUG  InitiatedConversation         : Conversation Id  for initiated conversation: 0.1
04/09/2016 03:18:40 [10] DEBUG  PostMan                       : Sending UDP (Messages.RequestMessages.LoginRequest)
04/09/2016 03:18:40 [10] DEBUG  PostMan                       : MessageId: 0.1ConversationId: 0.1
04/09/2016 03:18:41 [10] DEBUG  PostMan                       : Message Delivered
04/09/2016 03:18:47 [10] ERROR  LoginConversation             : Login reply was null or LoginReply.Success was false
04/09/2016 03:18:47 [10] INFO   BackgroundThread              : Stopping 
04/09/2016 03:18:47 [10] DEBUG  BackgroundThread              : Leaving Stop
04/09/2016 03:18:47 [ 9] DEBUG  PlayerProcess                 : In Process Login function.
04/09/2016 03:18:47 [ 9] DEBUG  Dispatcher                    : Adding Conversation Player.Conversation.LoginConversation, 0.2
04/09/2016 03:18:47 [ 9] DEBUG  Dispatcher                    :       New Queue ID: 0.2
04/09/2016 03:18:47 [ 9] INFO   BackgroundThread              : Starting 
04/09/2016 03:18:47 [12] DEBUG  LoginConversation             : Creating login request. 
04/09/2016 03:18:47 [12] DEBUG  InitiatedConversation         : Conversation Id  for initiated conversation: 0.2
04/09/2016 03:18:47 [12] DEBUG  PostMan                       : Sending UDP (Messages.RequestMessages.LoginRequest)
04/09/2016 03:18:47 [12] DEBUG  PostMan                       : MessageId: 0.2ConversationId: 0.2
04/09/2016 03:18:47 [12] DEBUG  PostMan                       : Message Delivered
04/09/2016 03:18:53 [12] ERROR  LoginConversation             : Login reply was null or LoginReply.Success was false
04/09/2016 03:18:53 [12] INFO   BackgroundThread              : Stopping 
04/09/2016 03:18:53 [12] DEBUG  BackgroundThread              : Leaving Stop
04/09/2016 03:18:53 [ 9] DEBUG  PlayerProcess                 : In Process Login function.
04/09/2016 03:18:53 [ 9] DEBUG  Dispatcher                    : Adding Conversation Player.Conversation.LoginConversation, 0.3
04/09/2016 03:18:53 [ 9] DEBUG  Dispatcher                    :       New Queue ID: 0.3
04/09/2016 03:18:53 [ 9] INFO   BackgroundThread              : Starting 
04/09/2016 03:18:53 [10] DEBUG  LoginConversation             : Creating login request. 
04/09/2016 03:18:53 [10] DEBUG  InitiatedConversation         : Conversation Id  for initiated conversation: 0.3
04/09/2016 03:18:53 [10] DEBUG  PostMan                       : Sending UDP (Messages.RequestMessages.LoginRequest)
04/09/2016 03:18:53 [10] DEBUG  PostMan                       : MessageId: 0.3ConversationId: 0.3
04/09/2016 03:18:53 [10] DEBUG  PostMan                       : Message Delivered
04/09/2016 03:18:59 [10] ERROR  LoginConversation             : Login reply was null or LoginReply.Success was false
04/09/2016 03:18:59 [10] INFO   BackgroundThread              : Stopping 
04/09/2016 03:18:59 [10] DEBUG  BackgroundThread              : Leaving Stop
04/09/2016 03:18:59 [ 9] DEBUG  PlayerProcess                 : In Process Login function.
04/09/2016 03:18:59 [ 9] DEBUG  Dispatcher                    : Adding Conversation Player.Conversation.LoginConversation, 0.4
04/09/2016 03:18:59 [ 9] DEBUG  Dispatcher                    :       New Queue ID: 0.4
04/09/2016 03:18:59 [ 9] INFO   BackgroundThread              : Starting 
04/09/2016 03:18:59 [10] DEBUG  LoginConversation             : Creating login request. 
04/09/2016 03:18:59 [10] DEBUG  InitiatedConversation         : Conversation Id  for initiated conversation: 0.4
04/09/2016 03:18:59 [10] DEBUG  PostMan                       : Sending UDP (Messages.RequestMessages.LoginRequest)
04/09/2016 03:18:59 [10] DEBUG  PostMan                       : MessageId: 0.4ConversationId: 0.4
04/09/2016 03:18:59 [10] DEBUG  PostMan                       : Message Delivered
04/09/2016 03:19:05 [10] ERROR  LoginConversation             : Login reply was null or LoginReply.Success was false
04/09/2016 03:19:05 [10] INFO   BackgroundThread              : Stopping 
04/09/2016 03:19:05 [10] DEBUG  BackgroundThread              : Leaving Stop
04/09/2016 03:19:05 [ 9] DEBUG  PlayerProcess                 : In Process Login function.
04/09/2016 03:19:05 [ 9] DEBUG  Dispatcher                    : Adding Conversation Player.Conversation.LoginConversation, 0.5
04/09/2016 03:19:05 [ 9] DEBUG  Dispatcher                    :       New Queue ID: 0.5
04/09/2016 03:19:05 [ 9] INFO   BackgroundThread              : Starting 
04/09/2016 03:19:05 [10] DEBUG  LoginConversation             : Creating login request. 
04/09/2016 03:19:05 [10] DEBUG  InitiatedConversation         : Conversation Id  for initiated conversation: 0.5
04/09/2016 03:19:05 [10] DEBUG  PostMan                       : Sending UDP (Messages.RequestMessages.LoginRequest)
04/09/2016 03:19:05 [10] DEBUG  PostMan                       : MessageId: 0.5ConversationId: 0.5
04/09/2016 03:19:05 [10] DEBUG  PostMan                       : Message Delivered
04/09/2016 03:19:11 [10] ERROR  LoginConversation             : Login reply was null or LoginReply.Success was false
04/09/2016 03:19:11 [10] INFO   BackgroundThread              : Stopping 
04/09/2016 03:19:11 [10] DEBUG  BackgroundThread              : Leaving Stop
04/09/2016 03:19:11 [ 9] DEBUG  PlayerProcess                 : In Process Login function.
04/09/2016 03:19:11 [ 9] DEBUG  Dispatcher                    : Adding Conversation Player.Conversation.LoginConversation, 0.6
04/09/2016 03:19:11 [ 9] DEBUG  Dispatcher                    :       New Queue ID: 0.6
04/09/2016 03:19:11 [ 9] INFO   BackgroundThread              : Starting 
04/09/2016 03:19:11 [10] DEBUG  LoginConversation             : Creating login request. 
04/09/2016 03:19:11 [10] DEBUG  InitiatedConversation         : Conversation Id  for initiated conversation: 0.6
04/09/2016 03:19:11 [10] DEBUG  PostMan                       : Sending UDP (Messages.RequestMessages.LoginRequest)
04/09/2016 03:19:11 [10] DEBUG  PostMan                       : MessageId: 0.6ConversationId: 0.6
04/09/2016 03:19:11 [10] DEBUG  PostMan                       : Message Delivered
04/09/2016 03:19:17 [10] ERROR  LoginConversation             : Login reply was null or LoginReply.Success was false
04/09/2016 03:19:17 [10] INFO   BackgroundThread              : Stopping 
04/09/2016 03:19:17 [10] DEBUG  BackgroundThread              : Leaving Stop
04/09/2016 03:19:17 [ 9] DEBUG  PlayerProcess                 : In Process Login function.
04/09/2016 03:19:17 [ 9] DEBUG  Dispatcher                    : Adding Conversation Player.Conversation.LoginConversation, 0.7
04/09/2016 03:19:17 [ 9] DEBUG  Dispatcher                    :       New Queue ID: 0.7
04/09/2016 03:19:17 [ 9] INFO   BackgroundThread              : Starting 
04/09/2016 03:19:17 [10] DEBUG  LoginConversation             : Creating login request. 
04/09/2016 03:19:17 [10] DEBUG  InitiatedConversation         : Conversation Id  for initiated conversation: 0.7
04/09/2016 03:19:17 [10] DEBUG  PostMan                       : Sending UDP (Messages.RequestMessages.LoginRequest)
04/09/2016 03:19:17 [10] DEBUG  PostMan                       : MessageId: 0.7ConversationId: 0.7
04/09/2016 03:19:17 [10] DEBUG  PostMan                       : Message Delivered
04/09/2016 03:19:23 [11] DEBUG  PostMan                       : Message Received! Message ID: 1.45, ConversationId: 1.45
04/09/2016 03:19:23 [11] DEBUG  PostMan                       : JSON: {"__type":"ShutdownRequest:#Messages.RequestMessages","ConvId":{"Pid":1,"Seq":45},"MsgId":{"Pid":1,"Seq":45}}
04/09/2016 03:19:23 [11] INFO   Dispatcher                    : New Message Received: (Messages.RequestMessages.ShutdownRequest)
04/09/2016 03:19:23 [11] INFO   Dispatcher                    : MessageId: 1.45ConversationId: 1.45
04/09/2016 03:19:23 [11] DEBUG  Dispatcher                    : Conversation  with id= 1.45 does not exist, trying to create new conversation.
04/09/2016 03:19:23 [11] ERROR  Dispatcher                    : New conversation returned from factory is Null!
04/09/2016 03:19:23 [10] ERROR  LoginConversation             : Login reply was null or LoginReply.Success was false
04/09/2016 03:19:23 [10] INFO   BackgroundThread              : Stopping 
04/09/2016 03:19:23 [10] DEBUG  BackgroundThread              : Leaving Stop
04/09/2016 03:19:24 [ 9] DEBUG  PlayerProcess                 : In Process Login function.
04/09/2016 03:19:24 [ 9] DEBUG  Dispatcher                    : Adding Conversation Player.Conversation.LoginConversation, 0.8
04/09/2016 03:19:24 [ 9] DEBUG  Dispatcher                    :       New Queue ID: 0.8
04/09/2016 03:19:24 [ 9] INFO   BackgroundThread              : Starting 
04/09/2016 03:19:24 [13] DEBUG  LoginConversation             : Creating login request. 
04/09/2016 03:19:24 [13] DEBUG  InitiatedConversation         : Conversation Id  for initiated conversation: 0.8
04/09/2016 03:19:24 [13] DEBUG  PostMan                       : Sending UDP (Messages.RequestMessages.LoginRequest)
04/09/2016 03:19:24 [13] DEBUG  PostMan                       : MessageId: 0.8ConversationId: 0.8
04/09/2016 03:19:24 [13] DEBUG  PostMan                       : Message Delivered
