04/13/2016 02:25:42 [ 8] DEBUG  PlayerConnection              : Using Local Settings.
04/13/2016 02:25:42 [ 8] DEBUG  PlayerConnection              : Starting Application. 
04/13/2016 02:25:42 [ 8] DEBUG  PlayerConnection              : Initializing Subsystem
04/13/2016 02:25:42 [ 8] DEBUG  PlayerProcess                 : Initializeing Player Subsystem.
04/13/2016 02:25:42 [ 8] DEBUG  PlayerConnection              : Initializing Player
04/13/2016 02:25:42 [ 8] DEBUG  PlayerProcess                 : Initializing Player Details.
04/13/2016 02:25:42 [ 8] INFO   BackgroundThread              : Starting 
04/13/2016 02:25:42 [11] INFO   BackgroundThread              : Starting 
04/13/2016 02:25:42 [11] DEBUG  PlayerProcess                 : In Process Login function.
04/13/2016 02:25:42 [11] DEBUG  ConversationFactory           : Creating Conversation of type LoginConversation
04/13/2016 02:25:42 [11] DEBUG  Dispatcher                    : Adding Conversation Player.Conversation.LoginConversation, 0.1
04/13/2016 02:25:42 [11] DEBUG  Dispatcher                    :       New Queue ID: 0.1
04/13/2016 02:25:42 [11] INFO   BackgroundThread              : Starting 
04/13/2016 02:25:45 [13] DEBUG  LoginConversation             : Creating login request. 
04/13/2016 02:25:45 [13] DEBUG  InitiatedConversation         : LoginConversation, ConversationID: 0.1: Conversation Id  for Initiated conversation: 0.1
04/13/2016 02:25:45 [13] DEBUG  Conversation                  : LoginConversation, ConversationID: 0.1: Setting Message IDs
04/13/2016 02:25:45 [13] DEBUG  Conversation                  : LoginConversation, ConversationID: 0.1: Conversation is initiating send.
04/13/2016 02:25:45 [13] DEBUG  PostMan                       : Sending UDP (Messages.RequestMessages.LoginRequest, MessageID: 0.1, ConversationID: 0.1)
Endpoint: 127.0.0.1:12000
JSON: {"__type":"LoginRequest:#Messages.RequestMessages","ConvId":{"Pid":0,"Seq":1},"MsgId":{"Pid":0,"Seq":1},"Identity":{"ANumber":"A00000001","Alias":"The Instructor","FirstName":"The","LastName":"Instructor"},"ProcessLabel":"The Instructor","ProcessType":3,"PublicKey":null}
04/13/2016 02:25:45 [13] DEBUG  PostMan                       : Message Delivered
04/13/2016 02:25:45 [12] DEBUG  PostMan                       : Received UDP (Messages.ReplyMessages.LoginReply, MessageID: 1.2047, ConversationID: 0.1)
JSON: {"__type":"LoginReply:#Messages.ReplyMessages","ConvId":{"Pid":0,"Seq":1},"MsgId":{"Pid":1,"Seq":2047},"Note":"Logged in","Success":true,"PennyBankEndPoint":{"Host":"127.0.0.1","Port":12003},"PennyBankPublicKey":null,"ProcessInfo":{"EndPoint":{"Host":"127.0.0.1","Port":10000},"Label":"The Instructor","ProcessId":24,"Status":3,"Type":3},"ProxyEndPoint":{"Host":"127.0.0.1","Port":12002}}
04/13/2016 02:25:45 [13] DEBUG  Conversation                  : LoginConversation, ConversationID: 0.1: Send succeeded.
04/13/2016 02:25:45 [14] INFO   ispatcher+<>c__DisplayClass7_0: New Message Received: (Messages.ReplyMessages.LoginReply)
04/13/2016 02:25:45 [14] INFO   ispatcher+<>c__DisplayClass7_0: MessageId: 1.2047ConversationId: 0.1
04/13/2016 02:25:45 [14] DEBUG  Dispatcher                    : Successsfully queued a new message of type LoginReply, for conversation: 0.1
04/13/2016 02:25:45 [13] DEBUG  Conversation                  : LoginConversation, ConversationID: 0.1: Message available!
04/13/2016 02:25:45 [13] DEBUG  Conversation                  : LoginConversation, ConversationID: 0.1: Message available!
04/13/2016 02:25:45 [13] DEBUG  Conversation                  : LoginConversation, ConversationID: 0.1: Received Message is valid
04/13/2016 02:25:45 [13] DEBUG  Conversation                  : Received a Message of type: LoginReply
04/13/2016 02:25:45 [13] DEBUG  LoginConversation             : Proxy endpoint is 127.0.0.1:12003
04/13/2016 02:25:45 [13] INFO   Conversation                  : Conversation Succeeded
04/13/2016 02:25:45 [13] INFO   Conversation                  : Conversation Succeeded
04/13/2016 02:25:45 [11] DEBUG  PlayerProcess                 : In Process GetGameList function.
04/13/2016 02:25:45 [11] DEBUG  ConversationFactory           : Creating Conversation of type GameListConversation
04/13/2016 02:25:45 [11] DEBUG  Dispatcher                    : Adding Conversation Player.Conversation.GameListConversation, 24.2
04/13/2016 02:25:45 [11] DEBUG  Dispatcher                    :       New Queue ID: 24.2
04/13/2016 02:25:45 [11] INFO   BackgroundThread              : Starting 
04/13/2016 02:25:46 [12] DEBUG  PostMan                       : Received UDP (Messages.RequestMessages.AliveRequest, MessageID: 1.2046, ConversationID: 1.2046)
JSON: {"__type":"AliveRequest:#Messages.RequestMessages","ConvId":{"Pid":1,"Seq":2046},"MsgId":{"Pid":1,"Seq":2046}}
04/13/2016 02:25:46 [13] INFO   ispatcher+<>c__DisplayClass7_0: New Message Received: (Messages.RequestMessages.AliveRequest)
04/13/2016 02:25:46 [13] INFO   ispatcher+<>c__DisplayClass7_0: MessageId: 1.2046ConversationId: 1.2046
04/13/2016 02:25:46 [13] DEBUG  Dispatcher                    : Conversation  with id= 1.2046 does not exist, trying to create new conversation.
04/13/2016 02:25:46 [13] DEBUG  ConversationFactory           : Creating Conversation of type AliveConversation
04/13/2016 02:25:46 [13] DEBUG  Dispatcher                    : Adding Conversation Player.Conversation.AliveConversation, 1.2046
04/13/2016 02:25:46 [13] DEBUG  Dispatcher                    :       New Queue ID: 1.2046
04/13/2016 02:25:46 [13] DEBUG  Dispatcher                    : Successsfully queued a new message of type AliveRequest, for conversation: 1.2046
04/13/2016 02:25:46 [13] INFO   BackgroundThread              : Starting 
04/13/2016 02:25:46 [15] DEBUG  Conversation                  : AliveConversation, ConversationID: 1.2046: Message available!
04/13/2016 02:25:46 [15] DEBUG  Conversation                  : AliveConversation, ConversationID: 1.2046: Message available!
04/13/2016 02:25:46 [15] DEBUG  Conversation                  : AliveConversation, ConversationID: 1.2046: Message available!
04/13/2016 02:25:46 [15] DEBUG  Conversation                  : AliveConversation, ConversationID: 1.2046: Received Message is valid
04/13/2016 02:25:46 [15] DEBUG  Conversation                  : Received a Message of type: AliveRequest
04/13/2016 02:25:46 [15] DEBUG  AliveConversation             : Creating Alive Response
04/13/2016 02:25:46 [15] DEBUG  ResponseConversation          : AliveConversation, ConversationID: 1.2046: Conversation Id  for Response conversation: 1.2046
04/13/2016 02:25:46 [15] DEBUG  Conversation                  : AliveConversation, ConversationID: 1.2046: Setting Message IDs
04/13/2016 02:25:46 [15] DEBUG  Conversation                  : AliveConversation, ConversationID: 1.2046: Conversation is initiating send.
04/13/2016 02:25:46 [15] DEBUG  PostMan                       : Sending UDP (Messages.ReplyMessages.Reply, MessageID: 24.3, ConversationID: 1.2046)
Endpoint: 127.0.0.1:12000
JSON: {"__type":"Reply:#Messages.ReplyMessages","ConvId":{"Pid":1,"Seq":2046},"MsgId":{"Pid":24,"Seq":3},"Note":"I'm Alive","Success":true}
04/13/2016 02:25:46 [15] DEBUG  PostMan                       : Message Delivered
04/13/2016 02:25:46 [15] DEBUG  Conversation                  : AliveConversation, ConversationID: 1.2046: Send succeeded.
04/13/2016 02:25:47 [17] DEBUG  GameListConversation          : Queuing game list request. 
04/13/2016 02:25:47 [17] DEBUG  InitiatedConversation         : GameListConversation, ConversationID: 24.2: Conversation Id  for Initiated conversation: 24.2
04/13/2016 02:25:47 [17] DEBUG  Conversation                  : GameListConversation, ConversationID: 24.2: Setting Message IDs
04/13/2016 02:25:47 [17] DEBUG  Conversation                  : GameListConversation, ConversationID: 24.2: Conversation is initiating send.
04/13/2016 02:25:47 [17] DEBUG  PostMan                       : Sending UDP (Messages.RequestMessages.GameListRequest, MessageID: 24.2, ConversationID: 24.2)
Endpoint: 127.0.0.1:12000
JSON: {"__type":"GameListRequest:#Messages.RequestMessages","ConvId":{"Pid":24,"Seq":2},"MsgId":{"Pid":24,"Seq":2},"StatusFilter":4}
04/13/2016 02:25:47 [17] DEBUG  PostMan                       : Message Delivered
04/13/2016 02:25:47 [12] DEBUG  PostMan                       : Received UDP (Messages.ReplyMessages.GameListReply, MessageID: 1.2048, ConversationID: 24.2)
JSON: {"__type":"GameListReply:#Messages.ReplyMessages","ConvId":{"Pid":24,"Seq":2},"MsgId":{"Pid":1,"Seq":2048},"Note":null,"Success":true,"GameInfo":[]}
04/13/2016 02:25:47 [17] DEBUG  Conversation                  : GameListConversation, ConversationID: 24.2: Send succeeded.
04/13/2016 02:25:47 [13] INFO   ispatcher+<>c__DisplayClass7_0: New Message Received: (Messages.ReplyMessages.GameListReply)
04/13/2016 02:25:48 [13] INFO   ispatcher+<>c__DisplayClass7_0: MessageId: 1.2048ConversationId: 24.2
04/13/2016 02:25:48 [13] DEBUG  Dispatcher                    : Successsfully queued a new message of type GameListReply, for conversation: 24.2
04/13/2016 02:25:48 [17] DEBUG  Conversation                  : GameListConversation, ConversationID: 24.2: Message available!
04/13/2016 02:25:48 [17] DEBUG  Conversation                  : GameListConversation, ConversationID: 24.2: Message available!
04/13/2016 02:25:48 [17] DEBUG  Conversation                  : GameListConversation, ConversationID: 24.2: Received Message is valid
04/13/2016 02:25:48 [17] DEBUG  Conversation                  : Received a Message of type: GameListReply
04/13/2016 02:25:48 [17] ERROR  Conversation                  : GameListConversation, ConversationID: 24.2: No games are available. 
04/13/2016 02:25:48 [17] ERROR  Conversation                  : GameListConversation, ConversationID: 24.2: Conversation Failed
04/13/2016 02:25:48 [17] ERROR  Conversation                  : GameListConversation, ConversationID: 24.2: Conversation Ending
04/13/2016 02:25:48 [17] INFO   Conversation                  : Conversation Failed
04/13/2016 02:25:48 [17] INFO   BackgroundThread              : Stopping 
04/13/2016 02:25:48 [17] DEBUG  BackgroundThread              : Leaving Stop
04/13/2016 02:25:48 [17] ERROR  Conversation                  : GameListConversation, ConversationID: 24.2: Conversation Failed
04/13/2016 02:25:48 [17] ERROR  Conversation                  : GameListConversation, ConversationID: 24.2: Conversation Ending
04/13/2016 02:25:48 [17] INFO   Conversation                  : Conversation Failed
04/13/2016 02:25:48 [17] INFO   BackgroundThread              : Stopping 
04/13/2016 02:25:48 [17] DEBUG  BackgroundThread              : Leaving Stop
04/13/2016 02:25:48 [11] DEBUG  PlayerProcess                 : In Process GetGameList function.
04/13/2016 02:25:48 [11] DEBUG  ConversationFactory           : Creating Conversation of type GameListConversation
04/13/2016 02:25:48 [11] DEBUG  Dispatcher                    : Adding Conversation Player.Conversation.GameListConversation, 24.4
04/13/2016 02:25:48 [11] DEBUG  Dispatcher                    :       New Queue ID: 24.4
04/13/2016 02:25:48 [11] INFO   BackgroundThread              : Starting 
04/13/2016 02:25:50 [14] DEBUG  GameListConversation          : Queuing game list request. 
04/13/2016 02:25:50 [14] DEBUG  InitiatedConversation         : GameListConversation, ConversationID: 24.4: Conversation Id  for Initiated conversation: 24.4
04/13/2016 02:25:50 [14] DEBUG  Conversation                  : GameListConversation, ConversationID: 24.4: Setting Message IDs
04/13/2016 02:25:50 [14] DEBUG  Conversation                  : GameListConversation, ConversationID: 24.4: Conversation is initiating send.
04/13/2016 02:25:50 [14] DEBUG  PostMan                       : Sending UDP (Messages.RequestMessages.GameListRequest, MessageID: 24.4, ConversationID: 24.4)
Endpoint: 127.0.0.1:12000
JSON: {"__type":"GameListRequest:#Messages.RequestMessages","ConvId":{"Pid":24,"Seq":4},"MsgId":{"Pid":24,"Seq":4},"StatusFilter":4}
04/13/2016 02:25:50 [14] DEBUG  PostMan                       : Message Delivered
04/13/2016 02:25:50 [12] DEBUG  PostMan                       : Received UDP (Messages.ReplyMessages.GameListReply, MessageID: 1.2049, ConversationID: 24.4)
JSON: {"__type":"GameListReply:#Messages.ReplyMessages","ConvId":{"Pid":24,"Seq":4},"MsgId":{"Pid":1,"Seq":2049},"Note":null,"Success":true,"GameInfo":[]}
04/13/2016 02:25:50 [14] DEBUG  Conversation                  : GameListConversation, ConversationID: 24.4: Send succeeded.
04/13/2016 02:25:50 [17] INFO   ispatcher+<>c__DisplayClass7_0: New Message Received: (Messages.ReplyMessages.GameListReply)
04/13/2016 02:25:50 [17] INFO   ispatcher+<>c__DisplayClass7_0: MessageId: 1.2049ConversationId: 24.4
04/13/2016 02:25:50 [17] DEBUG  Dispatcher                    : Successsfully queued a new message of type GameListReply, for conversation: 24.4
04/13/2016 02:25:50 [14] DEBUG  Conversation                  : GameListConversation, ConversationID: 24.4: Message available!
04/13/2016 02:25:50 [14] DEBUG  Conversation                  : GameListConversation, ConversationID: 24.4: Message available!
04/13/2016 02:25:50 [14] DEBUG  Conversation                  : GameListConversation, ConversationID: 24.4: Received Message is valid
04/13/2016 02:25:50 [14] DEBUG  Conversation                  : Received a Message of type: GameListReply
04/13/2016 02:25:50 [14] ERROR  Conversation                  : GameListConversation, ConversationID: 24.4: No games are available. 
04/13/2016 02:25:51 [14] ERROR  Conversation                  : GameListConversation, ConversationID: 24.4: Conversation Failed
04/13/2016 02:25:51 [14] ERROR  Conversation                  : GameListConversation, ConversationID: 24.4: Conversation Ending
04/13/2016 02:25:51 [14] INFO   Conversation                  : Conversation Failed
04/13/2016 02:25:51 [14] INFO   BackgroundThread              : Stopping 
04/13/2016 02:25:51 [14] DEBUG  BackgroundThread              : Leaving Stop
04/13/2016 02:25:51 [14] ERROR  Conversation                  : GameListConversation, ConversationID: 24.4: Conversation Failed
04/13/2016 02:25:51 [14] ERROR  Conversation                  : GameListConversation, ConversationID: 24.4: Conversation Ending
04/13/2016 02:25:51 [14] INFO   Conversation                  : Conversation Failed
04/13/2016 02:25:51 [14] INFO   BackgroundThread              : Stopping 
04/13/2016 02:25:51 [14] DEBUG  BackgroundThread              : Leaving Stop
04/13/2016 02:25:51 [11] DEBUG  PlayerProcess                 : In Process GetGameList function.
04/13/2016 02:25:51 [11] DEBUG  ConversationFactory           : Creating Conversation of type GameListConversation
04/13/2016 02:25:51 [11] DEBUG  Dispatcher                    : Adding Conversation Player.Conversation.GameListConversation, 24.5
04/13/2016 02:25:51 [11] DEBUG  Dispatcher                    :       New Queue ID: 24.5
04/13/2016 02:25:51 [11] INFO   BackgroundThread              : Starting 
04/13/2016 02:25:53 [16] DEBUG  GameListConversation          : Queuing game list request. 
04/13/2016 02:25:53 [16] DEBUG  InitiatedConversation         : GameListConversation, ConversationID: 24.5: Conversation Id  for Initiated conversation: 24.5
04/13/2016 02:25:53 [16] DEBUG  Conversation                  : GameListConversation, ConversationID: 24.5: Setting Message IDs
04/13/2016 02:25:53 [16] DEBUG  Conversation                  : GameListConversation, ConversationID: 24.5: Conversation is initiating send.
04/13/2016 02:25:53 [16] DEBUG  PostMan                       : Sending UDP (Messages.RequestMessages.GameListRequest, MessageID: 24.5, ConversationID: 24.5)
Endpoint: 127.0.0.1:12000
JSON: {"__type":"GameListRequest:#Messages.RequestMessages","ConvId":{"Pid":24,"Seq":5},"MsgId":{"Pid":24,"Seq":5},"StatusFilter":4}
04/13/2016 02:25:53 [16] DEBUG  PostMan                       : Message Delivered
04/13/2016 02:25:53 [12] DEBUG  PostMan                       : Received UDP (Messages.ReplyMessages.GameListReply, MessageID: 1.2050, ConversationID: 24.5)
JSON: {"__type":"GameListReply:#Messages.ReplyMessages","ConvId":{"Pid":24,"Seq":5},"MsgId":{"Pid":1,"Seq":2050},"Note":null,"Success":true,"GameInfo":[]}
04/13/2016 02:25:53 [16] DEBUG  Conversation                  : GameListConversation, ConversationID: 24.5: Send succeeded.
04/13/2016 02:25:53 [17] INFO   ispatcher+<>c__DisplayClass7_0: New Message Received: (Messages.ReplyMessages.GameListReply)
04/13/2016 02:25:53 [17] INFO   ispatcher+<>c__DisplayClass7_0: MessageId: 1.2050ConversationId: 24.5
04/13/2016 02:25:53 [17] DEBUG  Dispatcher                    : Successsfully queued a new message of type GameListReply, for conversation: 24.5
04/13/2016 02:25:53 [16] DEBUG  Conversation                  : GameListConversation, ConversationID: 24.5: Message available!
04/13/2016 02:25:53 [16] DEBUG  Conversation                  : GameListConversation, ConversationID: 24.5: Message available!
04/13/2016 02:25:53 [16] DEBUG  Conversation                  : GameListConversation, ConversationID: 24.5: Received Message is valid
04/13/2016 02:25:53 [16] DEBUG  Conversation                  : Received a Message of type: GameListReply
04/13/2016 02:25:53 [16] ERROR  Conversation                  : GameListConversation, ConversationID: 24.5: No games are available. 
04/13/2016 02:25:53 [16] ERROR  Conversation                  : GameListConversation, ConversationID: 24.5: Conversation Failed
04/13/2016 02:25:53 [16] ERROR  Conversation                  : GameListConversation, ConversationID: 24.5: Conversation Ending
04/13/2016 02:25:53 [16] INFO   Conversation                  : Conversation Failed
04/13/2016 02:25:53 [16] INFO   BackgroundThread              : Stopping 
04/13/2016 02:25:53 [16] DEBUG  BackgroundThread              : Leaving Stop
04/13/2016 02:25:53 [16] ERROR  Conversation                  : GameListConversation, ConversationID: 24.5: Conversation Failed
04/13/2016 02:25:53 [16] ERROR  Conversation                  : GameListConversation, ConversationID: 24.5: Conversation Ending
04/13/2016 02:25:53 [11] DEBUG  PlayerProcess                 : In Process GetGameList function.
04/13/2016 02:25:53 [16] INFO   Conversation                  : Conversation Failed
04/13/2016 02:25:53 [16] INFO   BackgroundThread              : Stopping 
04/13/2016 02:25:54 [16] DEBUG  BackgroundThread              : Leaving Stop
04/13/2016 02:25:54 [11] DEBUG  ConversationFactory           : Creating Conversation of type GameListConversation
04/13/2016 02:25:54 [11] DEBUG  Dispatcher                    : Adding Conversation Player.Conversation.GameListConversation, 24.6
04/13/2016 02:25:54 [11] DEBUG  Dispatcher                    :       New Queue ID: 24.6
04/13/2016 02:25:54 [11] INFO   BackgroundThread              : Starting 
04/13/2016 02:25:56 [14] DEBUG  GameListConversation          : Queuing game list request. 
04/13/2016 02:25:56 [14] DEBUG  InitiatedConversation         : GameListConversation, ConversationID: 24.6: Conversation Id  for Initiated conversation: 24.6
04/13/2016 02:25:56 [14] DEBUG  Conversation                  : GameListConversation, ConversationID: 24.6: Setting Message IDs
04/13/2016 02:25:56 [14] DEBUG  Conversation                  : GameListConversation, ConversationID: 24.6: Conversation is initiating send.
04/13/2016 02:25:56 [14] DEBUG  PostMan                       : Sending UDP (Messages.RequestMessages.GameListRequest, MessageID: 24.6, ConversationID: 24.6)
Endpoint: 127.0.0.1:12000
JSON: {"__type":"GameListRequest:#Messages.RequestMessages","ConvId":{"Pid":24,"Seq":6},"MsgId":{"Pid":24,"Seq":6},"StatusFilter":4}
04/13/2016 02:25:56 [14] DEBUG  PostMan                       : Message Delivered
04/13/2016 02:25:56 [12] DEBUG  PostMan                       : Received UDP (Messages.ReplyMessages.GameListReply, MessageID: 1.2051, ConversationID: 24.6)
JSON: {"__type":"GameListReply:#Messages.ReplyMessages","ConvId":{"Pid":24,"Seq":6},"MsgId":{"Pid":1,"Seq":2051},"Note":null,"Success":true,"GameInfo":[]}
04/13/2016 02:25:56 [14] DEBUG  Conversation                  : GameListConversation, ConversationID: 24.6: Send succeeded.
04/13/2016 02:25:56 [13] INFO   ispatcher+<>c__DisplayClass7_0: New Message Received: (Messages.ReplyMessages.GameListReply)
04/13/2016 02:25:56 [13] INFO   ispatcher+<>c__DisplayClass7_0: MessageId: 1.2051ConversationId: 24.6
04/13/2016 02:25:56 [13] DEBUG  Dispatcher                    : Successsfully queued a new message of type GameListReply, for conversation: 24.6
04/13/2016 02:25:56 [14] DEBUG  Conversation                  : GameListConversation, ConversationID: 24.6: Message available!
04/13/2016 02:25:56 [14] DEBUG  Conversation                  : GameListConversation, ConversationID: 24.6: Message available!
04/13/2016 02:25:56 [14] DEBUG  Conversation                  : GameListConversation, ConversationID: 24.6: Received Message is valid
04/13/2016 02:25:56 [14] DEBUG  Conversation                  : Received a Message of type: GameListReply
04/13/2016 02:25:56 [14] ERROR  Conversation                  : GameListConversation, ConversationID: 24.6: No games are available. 
04/13/2016 02:25:56 [14] ERROR  Conversation                  : GameListConversation, ConversationID: 24.6: Conversation Failed
04/13/2016 02:25:56 [14] ERROR  Conversation                  : GameListConversation, ConversationID: 24.6: Conversation Ending
04/13/2016 02:25:56 [14] INFO   Conversation                  : Conversation Failed
04/13/2016 02:25:56 [14] INFO   BackgroundThread              : Stopping 
04/13/2016 02:25:56 [14] DEBUG  BackgroundThread              : Leaving Stop
04/13/2016 02:25:56 [14] ERROR  Conversation                  : GameListConversation, ConversationID: 24.6: Conversation Failed
04/13/2016 02:25:56 [14] ERROR  Conversation                  : GameListConversation, ConversationID: 24.6: Conversation Ending
04/13/2016 02:25:56 [14] INFO   Conversation                  : Conversation Failed
04/13/2016 02:25:56 [14] INFO   BackgroundThread              : Stopping 
04/13/2016 02:25:56 [14] DEBUG  BackgroundThread              : Leaving Stop
04/13/2016 02:25:57 [11] DEBUG  PlayerProcess                 : In Process GetGameList function.
04/13/2016 02:25:57 [11] DEBUG  ConversationFactory           : Creating Conversation of type GameListConversation
04/13/2016 02:25:57 [11] DEBUG  Dispatcher                    : Adding Conversation Player.Conversation.GameListConversation, 24.7
04/13/2016 02:25:57 [11] DEBUG  Dispatcher                    :       New Queue ID: 24.7
04/13/2016 02:25:57 [11] INFO   BackgroundThread              : Starting 
04/13/2016 02:25:57 [12] DEBUG  PostMan                       : Received UDP (Messages.RequestMessages.AliveRequest, MessageID: 1.2053, ConversationID: 1.2053)
JSON: {"__type":"AliveRequest:#Messages.RequestMessages","ConvId":{"Pid":1,"Seq":2053},"MsgId":{"Pid":1,"Seq":2053}}
04/13/2016 02:25:57 [17] INFO   ispatcher+<>c__DisplayClass7_0: New Message Received: (Messages.RequestMessages.AliveRequest)
04/13/2016 02:25:57 [17] INFO   ispatcher+<>c__DisplayClass7_0: MessageId: 1.2053ConversationId: 1.2053
04/13/2016 02:25:57 [17] DEBUG  Dispatcher                    : Conversation  with id= 1.2053 does not exist, trying to create new conversation.
04/13/2016 02:25:57 [17] DEBUG  ConversationFactory           : Creating Conversation of type AliveConversation
04/13/2016 02:25:57 [17] DEBUG  Dispatcher                    : Adding Conversation Player.Conversation.AliveConversation, 1.2053
04/13/2016 02:25:57 [17] DEBUG  Dispatcher                    :       New Queue ID: 1.2053
04/13/2016 02:25:57 [17] DEBUG  Dispatcher                    : Successsfully queued a new message of type AliveRequest, for conversation: 1.2053
04/13/2016 02:25:57 [17] INFO   BackgroundThread              : Starting 
04/13/2016 02:25:57 [14] DEBUG  Conversation                  : AliveConversation, ConversationID: 1.2053: Message available!
04/13/2016 02:25:57 [14] DEBUG  Conversation                  : AliveConversation, ConversationID: 1.2053: Message available!
04/13/2016 02:25:57 [14] DEBUG  Conversation                  : AliveConversation, ConversationID: 1.2053: Message available!
04/13/2016 02:25:57 [14] DEBUG  Conversation                  : AliveConversation, ConversationID: 1.2053: Received Message is valid
04/13/2016 02:25:57 [14] DEBUG  Conversation                  : Received a Message of type: AliveRequest
04/13/2016 02:25:57 [14] DEBUG  AliveConversation             : Creating Alive Response
04/13/2016 02:25:57 [14] DEBUG  ResponseConversation          : AliveConversation, ConversationID: 1.2053: Conversation Id  for Response conversation: 1.2053
04/13/2016 02:25:57 [14] DEBUG  Conversation                  : AliveConversation, ConversationID: 1.2053: Setting Message IDs
04/13/2016 02:25:57 [14] DEBUG  Conversation                  : AliveConversation, ConversationID: 1.2053: Conversation is initiating send.
04/13/2016 02:25:57 [14] DEBUG  PostMan                       : Sending UDP (Messages.ReplyMessages.Reply, MessageID: 24.8, ConversationID: 1.2053)
Endpoint: 127.0.0.1:12000
JSON: {"__type":"Reply:#Messages.ReplyMessages","ConvId":{"Pid":1,"Seq":2053},"MsgId":{"Pid":24,"Seq":8},"Note":"I'm Alive","Success":true}
04/13/2016 02:25:57 [14] DEBUG  PostMan                       : Message Delivered
04/13/2016 02:25:57 [14] DEBUG  Conversation                  : AliveConversation, ConversationID: 1.2053: Send succeeded.
04/13/2016 02:25:59 [16] DEBUG  GameListConversation          : Queuing game list request. 
04/13/2016 02:25:59 [16] DEBUG  InitiatedConversation         : GameListConversation, ConversationID: 24.7: Conversation Id  for Initiated conversation: 24.7
04/13/2016 02:25:59 [16] DEBUG  Conversation                  : GameListConversation, ConversationID: 24.7: Setting Message IDs
04/13/2016 02:25:59 [16] DEBUG  Conversation                  : GameListConversation, ConversationID: 24.7: Conversation is initiating send.
04/13/2016 02:25:59 [16] DEBUG  PostMan                       : Sending UDP (Messages.RequestMessages.GameListRequest, MessageID: 24.7, ConversationID: 24.7)
Endpoint: 127.0.0.1:12000
JSON: {"__type":"GameListRequest:#Messages.RequestMessages","ConvId":{"Pid":24,"Seq":7},"MsgId":{"Pid":24,"Seq":7},"StatusFilter":4}
04/13/2016 02:25:59 [16] DEBUG  PostMan                       : Message Delivered
04/13/2016 02:25:59 [12] DEBUG  PostMan                       : Received UDP (Messages.ReplyMessages.GameListReply, MessageID: 1.2054, ConversationID: 24.7)
JSON: {"__type":"GameListReply:#Messages.ReplyMessages","ConvId":{"Pid":24,"Seq":7},"MsgId":{"Pid":1,"Seq":2054},"Note":null,"Success":true,"GameInfo":[]}
04/13/2016 02:25:59 [16] DEBUG  Conversation                  : GameListConversation, ConversationID: 24.7: Send succeeded.
04/13/2016 02:25:59 [13] INFO   ispatcher+<>c__DisplayClass7_0: New Message Received: (Messages.ReplyMessages.GameListReply)
04/13/2016 02:25:59 [13] INFO   ispatcher+<>c__DisplayClass7_0: MessageId: 1.2054ConversationId: 24.7
04/13/2016 02:25:59 [13] DEBUG  Dispatcher                    : Successsfully queued a new message of type GameListReply, for conversation: 24.7
04/13/2016 02:25:59 [16] DEBUG  Conversation                  : GameListConversation, ConversationID: 24.7: Message available!
04/13/2016 02:25:59 [16] DEBUG  Conversation                  : GameListConversation, ConversationID: 24.7: Message available!
04/13/2016 02:25:59 [16] DEBUG  Conversation                  : GameListConversation, ConversationID: 24.7: Received Message is valid
04/13/2016 02:25:59 [16] DEBUG  Conversation                  : Received a Message of type: GameListReply
04/13/2016 02:25:59 [16] ERROR  Conversation                  : GameListConversation, ConversationID: 24.7: No games are available. 
04/13/2016 02:25:59 [16] ERROR  Conversation                  : GameListConversation, ConversationID: 24.7: Conversation Failed
04/13/2016 02:25:59 [16] ERROR  Conversation                  : GameListConversation, ConversationID: 24.7: Conversation Ending
04/13/2016 02:25:59 [16] INFO   Conversation                  : Conversation Failed
04/13/2016 02:25:59 [16] INFO   BackgroundThread              : Stopping 
04/13/2016 02:25:59 [16] DEBUG  BackgroundThread              : Leaving Stop
04/13/2016 02:25:59 [16] ERROR  Conversation                  : GameListConversation, ConversationID: 24.7: Conversation Failed
04/13/2016 02:25:59 [16] ERROR  Conversation                  : GameListConversation, ConversationID: 24.7: Conversation Ending
04/13/2016 02:25:59 [16] INFO   Conversation                  : Conversation Failed
04/13/2016 02:25:59 [16] INFO   BackgroundThread              : Stopping 
04/13/2016 02:25:59 [16] DEBUG  BackgroundThread              : Leaving Stop
04/13/2016 02:25:59 [11] DEBUG  PlayerProcess                 : In Process GetGameList function.
04/13/2016 02:25:59 [11] DEBUG  ConversationFactory           : Creating Conversation of type GameListConversation
04/13/2016 02:25:59 [11] DEBUG  Dispatcher                    : Adding Conversation Player.Conversation.GameListConversation, 24.9
04/13/2016 02:25:59 [11] DEBUG  Dispatcher                    :       New Queue ID: 24.9
04/13/2016 02:25:59 [11] INFO   BackgroundThread              : Starting 
04/13/2016 02:26:02 [17] DEBUG  GameListConversation          : Queuing game list request. 
04/13/2016 02:26:02 [17] DEBUG  InitiatedConversation         : GameListConversation, ConversationID: 24.9: Conversation Id  for Initiated conversation: 24.9
04/13/2016 02:26:02 [17] DEBUG  Conversation                  : GameListConversation, ConversationID: 24.9: Setting Message IDs
04/13/2016 02:26:02 [17] DEBUG  Conversation                  : GameListConversation, ConversationID: 24.9: Conversation is initiating send.
04/13/2016 02:26:02 [17] DEBUG  PostMan                       : Sending UDP (Messages.RequestMessages.GameListRequest, MessageID: 24.9, ConversationID: 24.9)
Endpoint: 127.0.0.1:12000
JSON: {"__type":"GameListRequest:#Messages.RequestMessages","ConvId":{"Pid":24,"Seq":9},"MsgId":{"Pid":24,"Seq":9},"StatusFilter":4}
04/13/2016 02:26:02 [17] DEBUG  PostMan                       : Message Delivered
04/13/2016 02:26:02 [12] DEBUG  PostMan                       : Received UDP (Messages.ReplyMessages.GameListReply, MessageID: 1.2055, ConversationID: 24.9)
JSON: {"__type":"GameListReply:#Messages.ReplyMessages","ConvId":{"Pid":24,"Seq":9},"MsgId":{"Pid":1,"Seq":2055},"Note":null,"Success":true,"GameInfo":[]}
04/13/2016 02:26:02 [17] DEBUG  Conversation                  : GameListConversation, ConversationID: 24.9: Send succeeded.
04/13/2016 02:26:02 [13] INFO   ispatcher+<>c__DisplayClass7_0: New Message Received: (Messages.ReplyMessages.GameListReply)
04/13/2016 02:26:02 [13] INFO   ispatcher+<>c__DisplayClass7_0: MessageId: 1.2055ConversationId: 24.9
04/13/2016 02:26:02 [13] DEBUG  Dispatcher                    : Successsfully queued a new message of type GameListReply, for conversation: 24.9
04/13/2016 02:26:02 [17] DEBUG  Conversation                  : GameListConversation, ConversationID: 24.9: Message available!
04/13/2016 02:26:02 [17] DEBUG  Conversation                  : GameListConversation, ConversationID: 24.9: Message available!
04/13/2016 02:26:02 [17] DEBUG  Conversation                  : GameListConversation, ConversationID: 24.9: Received Message is valid
04/13/2016 02:26:02 [17] DEBUG  Conversation                  : Received a Message of type: GameListReply
04/13/2016 02:26:02 [17] ERROR  Conversation                  : GameListConversation, ConversationID: 24.9: No games are available. 
04/13/2016 02:26:02 [17] ERROR  Conversation                  : GameListConversation, ConversationID: 24.9: Conversation Failed
04/13/2016 02:26:02 [17] ERROR  Conversation                  : GameListConversation, ConversationID: 24.9: Conversation Ending
04/13/2016 02:26:02 [17] INFO   Conversation                  : Conversation Failed
04/13/2016 02:26:02 [17] INFO   BackgroundThread              : Stopping 
04/13/2016 02:26:02 [17] DEBUG  BackgroundThread              : Leaving Stop
04/13/2016 02:26:02 [17] ERROR  Conversation                  : GameListConversation, ConversationID: 24.9: Conversation Failed
04/13/2016 02:26:02 [17] ERROR  Conversation                  : GameListConversation, ConversationID: 24.9: Conversation Ending
04/13/2016 02:26:02 [17] INFO   Conversation                  : Conversation Failed
04/13/2016 02:26:02 [17] INFO   BackgroundThread              : Stopping 
04/13/2016 02:26:02 [17] DEBUG  BackgroundThread              : Leaving Stop
04/13/2016 02:26:02 [11] DEBUG  PlayerProcess                 : In Process GetGameList function.
04/13/2016 02:26:02 [11] DEBUG  ConversationFactory           : Creating Conversation of type GameListConversation
04/13/2016 02:26:02 [11] DEBUG  Dispatcher                    : Adding Conversation Player.Conversation.GameListConversation, 24.10
04/13/2016 02:26:02 [11] DEBUG  Dispatcher                    :       New Queue ID: 24.10
04/13/2016 02:26:02 [11] INFO   BackgroundThread              : Starting 
04/13/2016 02:26:04 [13] DEBUG  GameListConversation          : Queuing game list request. 
04/13/2016 02:26:04 [13] DEBUG  InitiatedConversation         : GameListConversation, ConversationID: 24.10: Conversation Id  for Initiated conversation: 24.10
04/13/2016 02:26:04 [13] DEBUG  Conversation                  : GameListConversation, ConversationID: 24.10: Setting Message IDs
04/13/2016 02:26:04 [13] DEBUG  Conversation                  : GameListConversation, ConversationID: 24.10: Conversation is initiating send.
04/13/2016 02:26:04 [13] DEBUG  PostMan                       : Sending UDP (Messages.RequestMessages.GameListRequest, MessageID: 24.10, ConversationID: 24.10)
Endpoint: 127.0.0.1:12000
JSON: {"__type":"GameListRequest:#Messages.RequestMessages","ConvId":{"Pid":24,"Seq":10},"MsgId":{"Pid":24,"Seq":10},"StatusFilter":4}
04/13/2016 02:26:04 [13] DEBUG  PostMan                       : Message Delivered
04/13/2016 02:26:04 [12] DEBUG  PostMan                       : Received UDP (Messages.ReplyMessages.GameListReply, MessageID: 1.2056, ConversationID: 24.10)
JSON: {"__type":"GameListReply:#Messages.ReplyMessages","ConvId":{"Pid":24,"Seq":10},"MsgId":{"Pid":1,"Seq":2056},"Note":null,"Success":true,"GameInfo":[]}
04/13/2016 02:26:04 [13] DEBUG  Conversation                  : GameListConversation, ConversationID: 24.10: Send succeeded.
04/13/2016 02:26:04 [16] INFO   ispatcher+<>c__DisplayClass7_0: New Message Received: (Messages.ReplyMessages.GameListReply)
04/13/2016 02:26:05 [16] INFO   ispatcher+<>c__DisplayClass7_0: MessageId: 1.2056ConversationId: 24.10
04/13/2016 02:26:05 [16] DEBUG  Dispatcher                    : Successsfully queued a new message of type GameListReply, for conversation: 24.10
04/13/2016 02:26:05 [13] DEBUG  Conversation                  : GameListConversation, ConversationID: 24.10: Message available!
04/13/2016 02:26:05 [13] DEBUG  Conversation                  : GameListConversation, ConversationID: 24.10: Message available!
04/13/2016 02:26:05 [13] DEBUG  Conversation                  : GameListConversation, ConversationID: 24.10: Received Message is valid
04/13/2016 02:26:05 [13] DEBUG  Conversation                  : Received a Message of type: GameListReply
04/13/2016 02:26:05 [13] ERROR  Conversation                  : GameListConversation, ConversationID: 24.10: No games are available. 
04/13/2016 02:26:05 [13] ERROR  Conversation                  : GameListConversation, ConversationID: 24.10: Conversation Failed
04/13/2016 02:26:05 [13] ERROR  Conversation                  : GameListConversation, ConversationID: 24.10: Conversation Ending
04/13/2016 02:26:05 [13] INFO   Conversation                  : Conversation Failed
04/13/2016 02:26:05 [13] INFO   BackgroundThread              : Stopping 
04/13/2016 02:26:05 [13] DEBUG  BackgroundThread              : Leaving Stop
04/13/2016 02:26:05 [13] ERROR  Conversation                  : GameListConversation, ConversationID: 24.10: Conversation Failed
04/13/2016 02:26:05 [13] ERROR  Conversation                  : GameListConversation, ConversationID: 24.10: Conversation Ending
04/13/2016 02:26:05 [13] INFO   Conversation                  : Conversation Failed
04/13/2016 02:26:05 [13] INFO   BackgroundThread              : Stopping 
04/13/2016 02:26:05 [13] DEBUG  BackgroundThread              : Leaving Stop
04/13/2016 02:26:05 [11] DEBUG  PlayerProcess                 : In Process GetGameList function.
04/13/2016 02:26:05 [11] DEBUG  ConversationFactory           : Creating Conversation of type GameListConversation
04/13/2016 02:26:05 [11] DEBUG  Dispatcher                    : Adding Conversation Player.Conversation.GameListConversation, 24.11
04/13/2016 02:26:05 [11] DEBUG  Dispatcher                    :       New Queue ID: 24.11
04/13/2016 02:26:05 [11] INFO   BackgroundThread              : Starting 
