04/13/2016 04:18:14 [ 7] DEBUG  PlayerConnection              : Using Local Settings.
04/13/2016 04:18:14 [ 7] DEBUG  PlayerConnection              : Starting Application. 
04/13/2016 04:18:14 [ 7] DEBUG  PlayerConnection              : Initializing Subsystem
04/13/2016 04:18:14 [ 7] DEBUG  PlayerProcess                 : Initializeing Player Subsystem.
04/13/2016 04:18:14 [ 7] DEBUG  PlayerConnection              : Initializing Player
04/13/2016 04:18:14 [ 7] DEBUG  PlayerProcess                 : Initializing Player Details.
04/13/2016 04:18:14 [ 7] INFO   BackgroundThread              : Starting 
04/13/2016 04:18:14 [11] INFO   BackgroundThread              : Starting 
04/13/2016 04:18:14 [11] DEBUG  PlayerProcess                 : In Process Login function.
04/13/2016 04:18:14 [11] DEBUG  ConversationFactory           : Creating Conversation of type LoginConversation
04/13/2016 04:18:14 [11] DEBUG  Dispatcher                    : Adding Conversation Player.Conversation.LoginConversation, 0.1
04/13/2016 04:18:14 [11] DEBUG  Dispatcher                    :       New Queue ID: 0.1
04/13/2016 04:18:14 [11] INFO   BackgroundThread              : Starting 
04/13/2016 04:18:17 [10] DEBUG  LoginConversation             : Creating login request. 
04/13/2016 04:18:17 [10] DEBUG  InitiatedConversation         : LoginConversation, ConversationID: 0.1: Conversation Id  for Initiated conversation: 0.1
04/13/2016 04:18:17 [10] DEBUG  Conversation                  : LoginConversation, ConversationID: 0.1: Setting Message IDs
04/13/2016 04:18:17 [10] DEBUG  Conversation                  : LoginConversation, ConversationID: 0.1: Conversation is initiating send.
04/13/2016 04:18:17 [10] DEBUG  PostMan                       : Sending UDP (Messages.RequestMessages.LoginRequest, MessageID: 0.1, ConversationID: 0.1)
Endpoint: 127.0.0.1:12000
JSON: {"__type":"LoginRequest:#Messages.RequestMessages","ConvId":{"Pid":0,"Seq":1},"MsgId":{"Pid":0,"Seq":1},"Identity":{"ANumber":"A00000001","Alias":"The Instructor","FirstName":"The","LastName":"Instructor"},"ProcessLabel":"The Instructor","ProcessType":3,"PublicKey":null}
04/13/2016 04:18:17 [10] DEBUG  PostMan                       : Message Delivered
04/13/2016 04:18:17 [10] DEBUG  Conversation                  : LoginConversation, ConversationID: 0.1: Send succeeded.
04/13/2016 04:18:23 [10] DEBUG  LoginConversation             : Creating login request. 
04/13/2016 04:18:23 [10] DEBUG  InitiatedConversation         : LoginConversation, ConversationID: 0.1: Conversation Id  for Initiated conversation: 0.1
04/13/2016 04:18:23 [10] DEBUG  Conversation                  : LoginConversation, ConversationID: 0.1: Setting Message IDs
04/13/2016 04:18:23 [10] DEBUG  Conversation                  : LoginConversation, ConversationID: 0.1: Conversation is initiating send.
04/13/2016 04:18:23 [10] DEBUG  PostMan                       : Sending UDP (Messages.RequestMessages.LoginRequest, MessageID: 0.1, ConversationID: 0.1)
Endpoint: 127.0.0.1:12000
JSON: {"__type":"LoginRequest:#Messages.RequestMessages","ConvId":{"Pid":0,"Seq":1},"MsgId":{"Pid":0,"Seq":1},"Identity":{"ANumber":"A00000001","Alias":"The Instructor","FirstName":"The","LastName":"Instructor"},"ProcessLabel":"The Instructor","ProcessType":3,"PublicKey":null}
04/13/2016 04:18:23 [10] DEBUG  PostMan                       : Message Delivered
04/13/2016 04:18:23 [10] DEBUG  Conversation                  : LoginConversation, ConversationID: 0.1: Send succeeded.
