04/12/2016 11:48:34 [10] DEBUG  PlayerConnection              : Using Local Settings.
04/12/2016 11:48:34 [10] DEBUG  PlayerConnection              : Starting Application. 
04/12/2016 11:48:34 [10] DEBUG  PlayerConnection              : Initializing Subsystem
04/12/2016 11:48:34 [10] DEBUG  PlayerProcess                 : Initializeing Player Subsystem.
04/12/2016 11:48:34 [10] DEBUG  PlayerConnection              : Initializing Player
04/12/2016 11:48:34 [10] DEBUG  PlayerProcess                 : Initializing Player Details.
04/12/2016 11:48:34 [10] INFO   BackgroundThread              : Starting 
04/12/2016 11:48:34 [ 6] INFO   BackgroundThread              : Starting 
04/12/2016 11:48:34 [ 6] DEBUG  PlayerProcess                 : ------------- At top of Player process loop -------------
04/12/2016 11:48:34 [ 6] DEBUG  PlayerProcess                 : In Process Login function.
04/12/2016 11:48:34 [ 6] DEBUG  ConversationFactory           : Creating Conversation of type LoginConversation
04/12/2016 11:48:34 [ 6] DEBUG  Dispatcher                    : Adding Conversation Player.Conversation.LoginConversation, 0.1
04/12/2016 11:48:34 [ 6] DEBUG  Dispatcher                    :       New Queue ID: 0.1
04/12/2016 11:48:34 [ 6] INFO   BackgroundThread              : Starting 
04/12/2016 11:48:35 [13] DEBUG  LoginConversation             : Creating login request. 
04/12/2016 11:48:35 [13] DEBUG  InitiatedConversation         : LoginConversation, ConversationID: 0.1: Conversation Id  for Initiated conversation: 0.1
04/12/2016 11:48:35 [13] DEBUG  Conversation                  : LoginConversation, ConversationID: 0.1: Setting Message IDs
04/12/2016 11:48:35 [13] DEBUG  Conversation                  : LoginConversation, ConversationID: 0.1: Message has IDs
04/12/2016 11:48:35 [13] DEBUG  Conversation                  : LoginConversation, ConversationID: 0.1: Message is valid
04/12/2016 11:48:35 [13] DEBUG  Conversation                  : LoginConversation, ConversationID: 0.1: Envelope is valid
04/12/2016 11:48:35 [13] DEBUG  Conversation                  : LoginConversation, ConversationID: 0.1: Conversation is initiating send.
04/12/2016 11:48:35 [13] DEBUG  PostMan                       : Sending UDP (Messages.RequestMessages.LoginRequest, MessageID: 0.1, ConversationID: 0.1)
Endpoint: 127.0.0.1:12000
JSON: {"__type":"LoginRequest:#Messages.RequestMessages","ConvId":{"Pid":0,"Seq":1},"MsgId":{"Pid":0,"Seq":1},"Identity":{"ANumber":"A00000001","Alias":"The Instructor","FirstName":"The","LastName":"Instructor"},"ProcessLabel":"The Instructor","ProcessType":3,"PublicKey":null}
04/12/2016 11:48:35 [13] DEBUG  PostMan                       : Message Delivered
04/12/2016 11:48:35 [13] DEBUG  Conversation                  : LoginConversation, ConversationID: 0.1: Send succeeded.
04/12/2016 11:48:35 [12] DEBUG  PostMan                       : Received UDP (Messages.ReplyMessages.LoginReply, MessageID: 1.8, ConversationID: 0.1)
JSON: {"__type":"LoginReply:#Messages.ReplyMessages","ConvId":{"Pid":0,"Seq":1},"MsgId":{"Pid":1,"Seq":8},"Note":"Logged in","Success":true,"PennyBankEndPoint":{"Host":"127.0.0.1","Port":12003},"PennyBankPublicKey":null,"ProcessInfo":{"EndPoint":{"Host":"127.0.0.1","Port":10000},"Label":"The Instructor","ProcessId":6,"Status":3,"Type":3},"ProxyEndPoint":{"Host":"127.0.0.1","Port":12002}}
04/12/2016 11:48:35 [16] INFO   ispatcher+<>c__DisplayClass7_0: New Message Received: (Messages.ReplyMessages.LoginReply)
04/12/2016 11:48:35 [16] INFO   ispatcher+<>c__DisplayClass7_0: MessageId: 1.8ConversationId: 0.1
04/12/2016 11:48:35 [16] DEBUG  Dispatcher                    : Successsfully queued a new message of type LoginReply, for conversation: 0.1
04/12/2016 11:48:35 [13] DEBUG  Conversation                  : LoginConversation, ConversationID: 0.1: Message available!
04/12/2016 11:48:35 [13] DEBUG  Conversation                  : LoginConversation, ConversationID: 0.1: Message available!
04/12/2016 11:48:35 [13] DEBUG  Conversation                  : LoginConversation, ConversationID: 0.1: Message has IDs
04/12/2016 11:48:35 [13] DEBUG  Conversation                  : LoginConversation, ConversationID: 0.1: Message is valid
04/12/2016 11:48:35 [13] DEBUG  Conversation                  : LoginConversation, ConversationID: 0.1: Envelope is valid
04/12/2016 11:48:35 [13] DEBUG  Conversation                  : LoginConversation, ConversationID: 0.1: Received Message is valid
04/12/2016 11:48:35 [13] DEBUG  LoginConversation             : Received a login reply message.
04/12/2016 11:48:35 [13] DEBUG  LoginConversation             : Proxy endpoint is 127.0.0.1:12003
04/12/2016 11:48:35 [13] INFO   Conversation                  : Conversation Succeeded
04/12/2016 11:48:35 [13] INFO   Conversation                  : Conversation Succeeded
04/12/2016 11:48:36 [ 6] DEBUG  PlayerProcess                 : ------------- At top of Player process loop -------------
04/12/2016 11:48:36 [ 6] DEBUG  PlayerProcess                 : In Process GetGameList function.
04/12/2016 11:48:36 [ 6] DEBUG  ConversationFactory           : Creating Conversation of type GameListConversation
04/12/2016 11:48:36 [ 6] DEBUG  Dispatcher                    : Adding Conversation Player.Conversation.GameListConversation, 6.2
04/12/2016 11:48:36 [ 6] DEBUG  Dispatcher                    :       New Queue ID: 6.2
04/12/2016 11:48:36 [ 6] INFO   BackgroundThread              : Starting 
04/12/2016 11:48:37 [15] DEBUG  GameListConversation          : Queuing game list request. 
04/12/2016 11:48:37 [15] DEBUG  InitiatedConversation         : GameListConversation, ConversationID: 6.2: Conversation Id  for Initiated conversation: 6.2
04/12/2016 11:48:37 [15] DEBUG  Conversation                  : GameListConversation, ConversationID: 6.2: Setting Message IDs
04/12/2016 11:48:37 [15] DEBUG  Conversation                  : GameListConversation, ConversationID: 6.2: Message has IDs
04/12/2016 11:48:37 [15] DEBUG  Conversation                  : GameListConversation, ConversationID: 6.2: Message is valid
04/12/2016 11:48:37 [15] DEBUG  Conversation                  : GameListConversation, ConversationID: 6.2: Envelope is valid
04/12/2016 11:48:37 [15] DEBUG  Conversation                  : GameListConversation, ConversationID: 6.2: Conversation is initiating send.
04/12/2016 11:48:37 [15] DEBUG  PostMan                       : Sending UDP (Messages.RequestMessages.GameListRequest, MessageID: 6.2, ConversationID: 6.2)
Endpoint: 127.0.0.1:12000
JSON: {"__type":"GameListRequest:#Messages.RequestMessages","ConvId":{"Pid":6,"Seq":2},"MsgId":{"Pid":6,"Seq":2},"StatusFilter":4}
04/12/2016 11:48:37 [15] DEBUG  PostMan                       : Message Delivered
04/12/2016 11:48:37 [15] DEBUG  Conversation                  : GameListConversation, ConversationID: 6.2: Send succeeded.
04/12/2016 11:48:37 [12] DEBUG  PostMan                       : Received UDP (Messages.ReplyMessages.GameListReply, MessageID: 1.9, ConversationID: 6.2)
JSON: {"__type":"GameListReply:#Messages.ReplyMessages","ConvId":{"Pid":6,"Seq":2},"MsgId":{"Pid":1,"Seq":9},"Note":null,"Success":true,"GameInfo":[{"CurrentProcesses":[{"HasUmbrellaRaised":false,"HitPoints":0,"LifePoints":100,"ProcessId":5,"Type":4},{"HasUmbrellaRaised":false,"HitPoints":0,"LifePoints":100,"ProcessId":4,"Type":5}],"GameId":3,"GameManagerId":2,"Label":"GM89891's 1st Game","MaxPlayers":5,"MinPlayers":3,"StartingPlayers":[],"Status":4,"Winners":null}]}
04/12/2016 11:48:37 [16] INFO   ispatcher+<>c__DisplayClass7_0: New Message Received: (Messages.ReplyMessages.GameListReply)
04/12/2016 11:48:37 [16] INFO   ispatcher+<>c__DisplayClass7_0: MessageId: 1.9ConversationId: 6.2
04/12/2016 11:48:37 [16] DEBUG  Dispatcher                    : Successsfully queued a new message of type GameListReply, for conversation: 6.2
04/12/2016 11:48:37 [15] DEBUG  Conversation                  : GameListConversation, ConversationID: 6.2: Message available!
04/12/2016 11:48:37 [15] DEBUG  Conversation                  : GameListConversation, ConversationID: 6.2: Message available!
04/12/2016 11:48:37 [15] DEBUG  Conversation                  : GameListConversation, ConversationID: 6.2: Message has IDs
04/12/2016 11:48:37 [15] DEBUG  Conversation                  : GameListConversation, ConversationID: 6.2: Message is valid
04/12/2016 11:48:37 [15] DEBUG  Conversation                  : GameListConversation, ConversationID: 6.2: Envelope is valid
04/12/2016 11:48:37 [15] DEBUG  Conversation                  : GameListConversation, ConversationID: 6.2: Received Message is valid
04/12/2016 11:48:37 [15] DEBUG  GameListConversation          : Received a game list reply message.
04/12/2016 11:48:56 [12] DEBUG  PostMan                       : Received UDP (Messages.RequestMessages.AliveRequest, MessageID: 1.13, ConversationID: 1.13)
JSON: {"__type":"AliveRequest:#Messages.RequestMessages","ConvId":{"Pid":1,"Seq":13},"MsgId":{"Pid":1,"Seq":13}}
04/12/2016 11:48:56 [13] INFO   ispatcher+<>c__DisplayClass7_0: New Message Received: (Messages.RequestMessages.AliveRequest)
04/12/2016 11:48:56 [13] INFO   ispatcher+<>c__DisplayClass7_0: MessageId: 1.13ConversationId: 1.13
04/12/2016 11:48:56 [13] DEBUG  Dispatcher                    : Conversation  with id= 1.13 does not exist, trying to create new conversation.
04/12/2016 11:48:56 [13] DEBUG  ConversationFactory           : Creating Conversation of type AliveConversation
04/12/2016 11:48:56 [13] DEBUG  Dispatcher                    : Adding Conversation Player.Conversation.AliveConversation, 1.13
04/12/2016 11:48:56 [13] DEBUG  Dispatcher                    :       New Queue ID: 1.13
04/12/2016 11:48:56 [13] DEBUG  Dispatcher                    : Successsfully queued a new message of type AliveRequest, for conversation: 1.13
04/12/2016 11:48:56 [13] INFO   BackgroundThread              : Starting 
04/12/2016 11:48:56 [16] DEBUG  Conversation                  : AliveConversation, ConversationID: 1.13: Message available!
04/12/2016 11:48:56 [16] DEBUG  Conversation                  : AliveConversation, ConversationID: 1.13: Message available!
04/12/2016 11:48:56 [16] DEBUG  Conversation                  : AliveConversation, ConversationID: 1.13: Message available!
04/12/2016 11:48:56 [16] DEBUG  Conversation                  : AliveConversation, ConversationID: 1.13: Message has IDs
04/12/2016 11:48:56 [16] DEBUG  Conversation                  : AliveConversation, ConversationID: 1.13: Message is valid
04/12/2016 11:48:56 [16] DEBUG  Conversation                  : AliveConversation, ConversationID: 1.13: Envelope is valid
04/12/2016 11:48:56 [16] DEBUG  Conversation                  : AliveConversation, ConversationID: 1.13: Received Message is valid
04/12/2016 11:48:56 [16] DEBUG  AliveConversation             : Creating Alive Response
04/12/2016 11:48:56 [16] DEBUG  ResponseConversation          : AliveConversation, ConversationID: 1.13: Conversation Id  for Response conversation: 1.13
04/12/2016 11:48:56 [16] DEBUG  Conversation                  : AliveConversation, ConversationID: 1.13: Setting Message IDs
04/12/2016 11:48:56 [16] DEBUG  Conversation                  : AliveConversation, ConversationID: 1.13: Message has IDs
04/12/2016 11:48:56 [16] DEBUG  Conversation                  : AliveConversation, ConversationID: 1.13: Message is valid
04/12/2016 11:48:56 [16] DEBUG  Conversation                  : AliveConversation, ConversationID: 1.13: Envelope is valid
04/12/2016 11:48:56 [16] DEBUG  Conversation                  : AliveConversation, ConversationID: 1.13: Conversation is initiating send.
04/12/2016 11:48:56 [16] DEBUG  PostMan                       : Sending UDP (Messages.ReplyMessages.Reply, MessageID: 6.3, ConversationID: 1.13)
Endpoint: 127.0.0.1:12000
JSON: {"__type":"Reply:#Messages.ReplyMessages","ConvId":{"Pid":1,"Seq":13},"MsgId":{"Pid":6,"Seq":3},"Note":"I'm Alive","Success":true}
04/12/2016 11:48:56 [16] DEBUG  PostMan                       : Message Delivered
04/12/2016 11:48:56 [16] DEBUG  Conversation                  : AliveConversation, ConversationID: 1.13: Send succeeded.
