04/13/2016 06:21:51 [ 7] DEBUG  PlayerConnection              : Using Local Settings.
04/13/2016 06:21:51 [ 7] DEBUG  PlayerConnection              : Starting Application. 
04/13/2016 06:21:51 [ 7] DEBUG  PlayerConnection              : Initializing Subsystem
04/13/2016 06:21:51 [ 7] DEBUG  PlayerProcess                 : Initializeing Player Subsystem.
04/13/2016 06:21:51 [ 7] DEBUG  PlayerConnection              : Initializing Player
04/13/2016 06:21:51 [ 7] DEBUG  PlayerProcess                 : Initializing Player Details.
04/13/2016 06:21:51 [ 7] INFO   BackgroundThread              : Starting 
04/13/2016 06:21:51 [10] INFO   BackgroundThread              : Starting 
04/13/2016 06:21:52 [10] DEBUG  PlayerProcess                 : In Process Login function.
04/13/2016 06:21:52 [10] DEBUG  ConversationFactory           : Creating Conversation of type LoginConversation
04/13/2016 06:21:52 [10] DEBUG  Dispatcher                    : Adding Conversation Player.Conversation.LoginConversation, 0.1
04/13/2016 06:21:52 [10] DEBUG  Dispatcher                    :       New Queue ID: 0.1
04/13/2016 06:21:52 [10] INFO   BackgroundThread              : Starting 
04/13/2016 06:21:54 [12] DEBUG  LoginConversation             : Creating login request. 
04/13/2016 06:21:54 [12] DEBUG  InitiatedConversation         : LoginConversation, ConversationID: 0.1: Conversation Id  for Initiated conversation: 0.1
04/13/2016 06:21:54 [12] DEBUG  Conversation                  : LoginConversation, ConversationID: 0.1: Setting Message IDs
04/13/2016 06:21:54 [12] DEBUG  Conversation                  : LoginConversation, ConversationID: 0.1: Conversation is initiating send.
04/13/2016 06:21:54 [12] DEBUG  PostMan                       : Sending UDP (Messages.RequestMessages.LoginRequest, MessageID: 0.1, ConversationID: 0.1)
Endpoint: 127.0.0.1:12000
JSON: {"__type":"LoginRequest:#Messages.RequestMessages","ConvId":{"Pid":0,"Seq":1},"MsgId":{"Pid":0,"Seq":1},"Identity":{"ANumber":"A00000001","Alias":"The Instructor","FirstName":"The","LastName":"Instructor"},"ProcessLabel":"The Instructor","ProcessType":3,"PublicKey":null}
04/13/2016 06:21:54 [12] DEBUG  PostMan                       : Message Delivered
04/13/2016 06:21:54 [11] DEBUG  PostMan                       : Received UDP (Messages.ReplyMessages.LoginReply, MessageID: 1.96, ConversationID: 0.1)
JSON: {"__type":"LoginReply:#Messages.ReplyMessages","ConvId":{"Pid":0,"Seq":1},"MsgId":{"Pid":1,"Seq":96},"Note":"Logged in","Success":true,"PennyBankEndPoint":{"Host":"127.0.0.1","Port":12003},"PennyBankPublicKey":null,"ProcessInfo":{"EndPoint":{"Host":"127.0.0.1","Port":10000},"Label":"The Instructor","ProcessId":8,"Status":3,"Type":3},"ProxyEndPoint":{"Host":"127.0.0.1","Port":12002}}
04/13/2016 06:21:54 [12] DEBUG  Conversation                  : LoginConversation, ConversationID: 0.1: Send succeeded.
04/13/2016 06:21:54 [13] INFO   ispatcher+<>c__DisplayClass7_0: New Message Received: (Messages.ReplyMessages.LoginReply)
04/13/2016 06:21:54 [13] INFO   ispatcher+<>c__DisplayClass7_0: MessageId: 1.96ConversationId: 0.1
04/13/2016 06:21:54 [13] DEBUG  Dispatcher                    : Successsfully queued a new message of type LoginReply, for conversation: 0.1
04/13/2016 06:21:54 [12] DEBUG  Conversation                  : LoginConversation, ConversationID: 0.1: Message available!
04/13/2016 06:21:54 [12] DEBUG  Conversation                  : LoginConversation, ConversationID: 0.1: Message available!
04/13/2016 06:21:54 [12] DEBUG  Conversation                  : LoginConversation, ConversationID: 0.1: Received Message is valid
04/13/2016 06:21:54 [12] DEBUG  Conversation                  : Received a Message of type: LoginReply
04/13/2016 06:21:54 [12] DEBUG  LoginConversation             : Proxy endpoint is 127.0.0.1:12003
04/13/2016 06:21:54 [12] INFO   Conversation                  : Conversation Succeeded
04/13/2016 06:21:54 [12] INFO   Conversation                  : Conversation Succeeded
04/13/2016 06:21:54 [10] DEBUG  PlayerProcess                 : In Process GetGameList function.
04/13/2016 06:21:54 [10] DEBUG  ConversationFactory           : Creating Conversation of type GameListConversation
04/13/2016 06:21:54 [10] DEBUG  Dispatcher                    : Adding Conversation Player.Conversation.GameListConversation, 8.2
04/13/2016 06:21:54 [10] DEBUG  Dispatcher                    :       New Queue ID: 8.2
04/13/2016 06:21:54 [10] INFO   BackgroundThread              : Starting 
04/13/2016 06:21:57 [17] DEBUG  GameListConversation          : Queuing game list request. 
04/13/2016 06:21:57 [17] DEBUG  InitiatedConversation         : GameListConversation, ConversationID: 8.2: Conversation Id  for Initiated conversation: 8.2
04/13/2016 06:21:57 [17] DEBUG  Conversation                  : GameListConversation, ConversationID: 8.2: Setting Message IDs
04/13/2016 06:21:57 [17] DEBUG  Conversation                  : GameListConversation, ConversationID: 8.2: Conversation is initiating send.
04/13/2016 06:21:57 [17] DEBUG  PostMan                       : Sending UDP (Messages.RequestMessages.GameListRequest, MessageID: 8.2, ConversationID: 8.2)
Endpoint: 127.0.0.1:12000
JSON: {"__type":"GameListRequest:#Messages.RequestMessages","ConvId":{"Pid":8,"Seq":2},"MsgId":{"Pid":8,"Seq":2},"StatusFilter":4}
04/13/2016 06:21:57 [17] DEBUG  PostMan                       : Message Delivered
04/13/2016 06:21:57 [17] DEBUG  Conversation                  : GameListConversation, ConversationID: 8.2: Send succeeded.
04/13/2016 06:21:57 [11] DEBUG  PostMan                       : Received UDP (Messages.ReplyMessages.GameListReply, MessageID: 1.97, ConversationID: 8.2)
JSON: {"__type":"GameListReply:#Messages.ReplyMessages","ConvId":{"Pid":8,"Seq":2},"MsgId":{"Pid":1,"Seq":97},"Note":null,"Success":true,"GameInfo":[{"CurrentProcesses":[{"HasUmbrellaRaised":false,"HitPoints":0,"LifePoints":100,"ProcessId":5,"Type":4},{"HasUmbrellaRaised":false,"HitPoints":0,"LifePoints":100,"ProcessId":6,"Type":5},{"HasUmbrellaRaised":false,"HitPoints":0,"LifePoints":100,"ProcessId":4,"Type":5},{"HasUmbrellaRaised":false,"HitPoints":0,"LifePoints":100,"ProcessId":7,"Type":3}],"GameId":3,"GameManagerId":2,"Label":"GM54101's 1st Game","MaxPlayers":5,"MinPlayers":3,"StartingPlayers":[],"Status":4,"Winners":null}]}
04/13/2016 06:21:57 [12] INFO   ispatcher+<>c__DisplayClass7_0: New Message Received: (Messages.ReplyMessages.GameListReply)
04/13/2016 06:21:57 [12] INFO   ispatcher+<>c__DisplayClass7_0: MessageId: 1.97ConversationId: 8.2
04/13/2016 06:21:57 [12] DEBUG  Dispatcher                    : Successsfully queued a new message of type GameListReply, for conversation: 8.2
04/13/2016 06:21:57 [17] DEBUG  Conversation                  : GameListConversation, ConversationID: 8.2: Message available!
04/13/2016 06:21:57 [17] DEBUG  Conversation                  : GameListConversation, ConversationID: 8.2: Message available!
04/13/2016 06:21:57 [17] DEBUG  Conversation                  : GameListConversation, ConversationID: 8.2: Received Message is valid
04/13/2016 06:21:57 [17] DEBUG  Conversation                  : Received a Message of type: GameListReply
04/13/2016 06:21:57 [17] INFO   Conversation                  : Conversation Succeeded
04/13/2016 06:21:57 [17] INFO   Conversation                  : Conversation Succeeded
04/13/2016 06:21:57 [10] DEBUG  PlayerProcess                 : In Process JoinGame function.
04/13/2016 06:21:57 [10] DEBUG  ConversationFactory           : Creating Conversation of type JoinGameConversation
04/13/2016 06:21:57 [10] DEBUG  Dispatcher                    : Adding Conversation Player.Conversation.JoinGameConversation, 8.3
04/13/2016 06:21:57 [10] DEBUG  Dispatcher                    :       New Queue ID: 8.3
04/13/2016 06:21:57 [10] INFO   BackgroundThread              : Starting 
04/13/2016 06:22:00 [15] DEBUG  JoinGameConversation          : Queuing join game request. 
04/13/2016 06:22:00 [15] DEBUG  JoinGameConversation          : Requesting GameId: 3
04/13/2016 06:22:00 [15] DEBUG  Conversation                  : JoinGameConversation, ConversationID: 8.3: Message is routing message
04/13/2016 06:22:00 [15] DEBUG  InitiatedConversation         : JoinGameConversation, ConversationID: 8.3: Conversation Id  for Initiated conversation: 8.3
04/13/2016 06:22:00 [15] DEBUG  Conversation                  : JoinGameConversation, ConversationID: 8.3: Setting Message IDs
04/13/2016 06:22:00 [15] DEBUG  Conversation                  : JoinGameConversation, ConversationID: 8.3: Conversation is initiating send.
04/13/2016 06:22:00 [15] DEBUG  PostMan                       : Sending UDP (Messages.Routing, MessageID: 8.3, ConversationID: 8.3)
Endpoint: 127.0.0.1:12002
JSON: {"__type":"Routing:#Messages","ConvId":{"Pid":8,"Seq":3},"MsgId":{"Pid":8,"Seq":3},"InnerMessage":{"__type":"JoinGameRequest:#Messages.RequestMessages","ConvId":{"Pid":8,"Seq":3},"MsgId":{"Pid":8,"Seq":3},"GameId":3,"Process":{"EndPoint":{"Host":"127.0.0.1","Port":10000},"Label":"The Instructor","ProcessId":8,"Status":4,"Type":3}},"ToProcessIds":[2]}
04/13/2016 06:22:00 [15] DEBUG  PostMan                       : Message Delivered
04/13/2016 06:22:00 [15] DEBUG  Conversation                  : JoinGameConversation, ConversationID: 8.3: Send succeeded.
04/13/2016 06:22:00 [11] DEBUG  PostMan                       : Received UDP (Messages.Routing, MessageID: 2.43, ConversationID: 8.3)
JSON: {"__type":"Routing:#Messages","ConvId":{"Pid":8,"Seq":3},"MsgId":{"Pid":2,"Seq":43},"InnerMessage":{"__type":"JoinGameReply:#Messages.ReplyMessages","ConvId":{"Pid":8,"Seq":3},"MsgId":{"Pid":2,"Seq":43},"Note":null,"Success":true,"GameId":3,"InitialLifePoints":100},"ToProcessIds":[8]}
04/13/2016 06:22:00 [12] INFO   ispatcher+<>c__DisplayClass7_0: New Message Received: (Messages.Routing)
04/13/2016 06:22:00 [12] INFO   ispatcher+<>c__DisplayClass7_0: MessageId: 2.43ConversationId: 8.3
04/13/2016 06:22:00 [12] DEBUG  Dispatcher                    : Successsfully queued a new message of type Routing, for conversation: 8.3
04/13/2016 06:22:00 [11] DEBUG  PostMan                       : Received UDP (Messages.Routing, MessageID: 2.46, ConversationID: 2.46)
JSON: {"__type":"Routing:#Messages","ConvId":{"Pid":2,"Seq":46},"MsgId":{"Pid":2,"Seq":46},"InnerMessage":{"__type":"GameStatusNotification:#Messages.RequestMessages","ConvId":{"Pid":2,"Seq":46},"MsgId":{"Pid":2,"Seq":46},"Game":{"CurrentProcesses":[{"HasUmbrellaRaised":false,"HitPoints":0,"LifePoints":100,"ProcessId":5,"Type":4},{"HasUmbrellaRaised":false,"HitPoints":0,"LifePoints":100,"ProcessId":6,"Type":5},{"HasUmbrellaRaised":false,"HitPoints":0,"LifePoints":100,"ProcessId":4,"Type":5},{"HasUmbrellaRaised":false,"HitPoints":0,"LifePoints":100,"ProcessId":7,"Type":3},{"HasUmbrellaRaised":false,"HitPoints":0,"LifePoints":100,"ProcessId":8,"Type":3}],"GameId":3,"GameManagerId":2,"Label":"GM54101's 1st Game","MaxPlayers":5,"MinPlayers":3,"StartingPlayers":[],"Status":4,"Winners":null}},"ToProcessIds":[5,6,4,7,8]}
04/13/2016 06:22:00 [15] DEBUG  Conversation                  : JoinGameConversation, ConversationID: 8.3: Message available!
04/13/2016 06:22:00 [12] INFO   ispatcher+<>c__DisplayClass7_0: New Message Received: (Messages.Routing)
04/13/2016 06:22:00 [15] DEBUG  Conversation                  : JoinGameConversation, ConversationID: 8.3: Message available!
04/13/2016 06:22:00 [12] INFO   ispatcher+<>c__DisplayClass7_0: MessageId: 2.46ConversationId: 2.46
04/13/2016 06:22:00 [12] DEBUG  Dispatcher                    : Conversation  with id= 2.46 does not exist, trying to create new conversation.
04/13/2016 06:22:00 [12] DEBUG  ConversationFactory           : Creating Conversation of type GameStatusConversation
04/13/2016 06:22:00 [15] DEBUG  Conversation                  : JoinGameConversation, ConversationID: 8.3: Received Message is valid
04/13/2016 06:22:00 [15] DEBUG  Conversation                  : Received a Message of type: Routing
04/13/2016 06:22:00 [12] DEBUG  Dispatcher                    : Adding Conversation Player.Conversation.GameStatusConversation, 2.46
04/13/2016 06:22:00 [12] DEBUG  Dispatcher                    :       New Queue ID: 2.46
04/13/2016 06:22:00 [12] DEBUG  Dispatcher                    : Successsfully queued a new message of type Routing, for conversation: 2.46
04/13/2016 06:22:00 [15] INFO   Conversation                  : Conversation Succeeded
04/13/2016 06:22:00 [12] INFO   BackgroundThread              : Starting 
04/13/2016 06:22:00 [15] INFO   Conversation                  : Conversation Succeeded
04/13/2016 06:22:00 [14] DEBUG  Conversation                  : GameStatusConversation, ConversationID: 2.46: Message available!
04/13/2016 06:22:00 [14] DEBUG  Conversation                  : GameStatusConversation, ConversationID: 2.46: Message available!
04/13/2016 06:22:00 [14] DEBUG  Conversation                  : GameStatusConversation, ConversationID: 2.46: Message available!
04/13/2016 06:22:00 [14] DEBUG  Conversation                  : GameStatusConversation, ConversationID: 2.46: Received Message is valid
04/13/2016 06:22:00 [14] DEBUG  Conversation                  : Received a Message of type: Routing
