04/13/2016 05:44:27 [ 9] DEBUG  PlayerConnection              : Using Local Settings.
04/13/2016 05:44:27 [ 9] DEBUG  PlayerConnection              : Starting Application. 
04/13/2016 05:44:27 [ 9] DEBUG  PlayerConnection              : Initializing Subsystem
04/13/2016 05:44:27 [ 9] DEBUG  PlayerProcess                 : Initializeing Player Subsystem.
04/13/2016 05:44:27 [ 9] DEBUG  PlayerConnection              : Initializing Player
04/13/2016 05:44:27 [ 9] DEBUG  PlayerProcess                 : Initializing Player Details.
04/13/2016 05:44:27 [ 9] INFO   BackgroundThread              : Starting 
04/13/2016 05:44:27 [13] INFO   BackgroundThread              : Starting 
04/13/2016 05:44:27 [13] DEBUG  PlayerProcess                 : In Process Login function.
04/13/2016 05:44:27 [13] DEBUG  ConversationFactory           : Creating Conversation of type LoginConversation
04/13/2016 05:44:27 [13] DEBUG  Dispatcher                    : Adding Conversation Player.Conversation.LoginConversation, 0.1
04/13/2016 05:44:27 [13] DEBUG  Dispatcher                    :       New Queue ID: 0.1
04/13/2016 05:44:27 [13] INFO   BackgroundThread              : Starting 
04/13/2016 05:44:29 [12] DEBUG  LoginConversation             : Creating login request. 
04/13/2016 05:44:29 [12] DEBUG  InitiatedConversation         : LoginConversation, ConversationID: 0.1: Conversation Id  for Initiated conversation: 0.1
04/13/2016 05:44:29 [12] DEBUG  Conversation                  : LoginConversation, ConversationID: 0.1: Setting Message IDs
04/13/2016 05:44:29 [12] DEBUG  Conversation                  : LoginConversation, ConversationID: 0.1: Conversation is initiating send.
04/13/2016 05:44:29 [12] DEBUG  PostMan                       : Sending UDP (Messages.RequestMessages.LoginRequest, MessageID: 0.1, ConversationID: 0.1)
Endpoint: 127.0.0.1:12000
JSON: {"__type":"LoginRequest:#Messages.RequestMessages","ConvId":{"Pid":0,"Seq":1},"MsgId":{"Pid":0,"Seq":1},"Identity":{"ANumber":"A00000001","Alias":"The Instructor","FirstName":"The","LastName":"Instructor"},"ProcessLabel":"The Instructor","ProcessType":3,"PublicKey":null}
04/13/2016 05:44:29 [12] DEBUG  PostMan                       : Message Delivered
04/13/2016 05:44:29 [ 6] DEBUG  PostMan                       : Received UDP (Messages.ReplyMessages.LoginReply, MessageID: 1.33, ConversationID: 0.1)
JSON: {"__type":"LoginReply:#Messages.ReplyMessages","ConvId":{"Pid":0,"Seq":1},"MsgId":{"Pid":1,"Seq":33},"Note":"Logged in","Success":true,"PennyBankEndPoint":{"Host":"127.0.0.1","Port":12003},"PennyBankPublicKey":null,"ProcessInfo":{"EndPoint":{"Host":"127.0.0.1","Port":10000},"Label":"The Instructor","ProcessId":8,"Status":3,"Type":3},"ProxyEndPoint":{"Host":"127.0.0.1","Port":12002}}
04/13/2016 05:44:29 [12] DEBUG  Conversation                  : LoginConversation, ConversationID: 0.1: Send succeeded.
04/13/2016 05:44:29 [14] INFO   ispatcher+<>c__DisplayClass7_0: New Message Received: (Messages.ReplyMessages.LoginReply)
04/13/2016 05:44:29 [14] INFO   ispatcher+<>c__DisplayClass7_0: MessageId: 1.33ConversationId: 0.1
04/13/2016 05:44:29 [14] DEBUG  Dispatcher                    : Successsfully queued a new message of type LoginReply, for conversation: 0.1
04/13/2016 05:44:29 [12] DEBUG  Conversation                  : LoginConversation, ConversationID: 0.1: Message available!
04/13/2016 05:44:29 [12] DEBUG  Conversation                  : LoginConversation, ConversationID: 0.1: Message available!
04/13/2016 05:44:29 [12] DEBUG  Conversation                  : LoginConversation, ConversationID: 0.1: Received Message is valid
04/13/2016 05:44:29 [12] DEBUG  Conversation                  : Received a Message of type: LoginReply
04/13/2016 05:44:30 [12] DEBUG  LoginConversation             : Proxy endpoint is 127.0.0.1:12003
04/13/2016 05:44:30 [12] INFO   Conversation                  : Conversation Succeeded
04/13/2016 05:44:30 [12] INFO   Conversation                  : Conversation Succeeded
04/13/2016 05:44:30 [13] DEBUG  PlayerProcess                 : In Process GetGameList function.
04/13/2016 05:44:30 [13] DEBUG  ConversationFactory           : Creating Conversation of type GameListConversation
04/13/2016 05:44:30 [13] DEBUG  Dispatcher                    : Adding Conversation Player.Conversation.GameListConversation, 8.2
04/13/2016 05:44:30 [13] DEBUG  Dispatcher                    :       New Queue ID: 8.2
04/13/2016 05:44:30 [13] INFO   BackgroundThread              : Starting 
04/13/2016 05:44:32 [19] DEBUG  GameListConversation          : Queuing game list request. 
04/13/2016 05:44:32 [19] DEBUG  InitiatedConversation         : GameListConversation, ConversationID: 8.2: Conversation Id  for Initiated conversation: 8.2
04/13/2016 05:44:32 [19] DEBUG  Conversation                  : GameListConversation, ConversationID: 8.2: Setting Message IDs
04/13/2016 05:44:32 [19] DEBUG  Conversation                  : GameListConversation, ConversationID: 8.2: Conversation is initiating send.
04/13/2016 05:44:32 [19] DEBUG  PostMan                       : Sending UDP (Messages.RequestMessages.GameListRequest, MessageID: 8.2, ConversationID: 8.2)
Endpoint: 127.0.0.1:12000
JSON: {"__type":"GameListRequest:#Messages.RequestMessages","ConvId":{"Pid":8,"Seq":2},"MsgId":{"Pid":8,"Seq":2},"StatusFilter":4}
04/13/2016 05:44:32 [19] DEBUG  PostMan                       : Message Delivered
04/13/2016 05:44:32 [ 6] DEBUG  PostMan                       : Received UDP (Messages.ReplyMessages.GameListReply, MessageID: 1.34, ConversationID: 8.2)
JSON: {"__type":"GameListReply:#Messages.ReplyMessages","ConvId":{"Pid":8,"Seq":2},"MsgId":{"Pid":1,"Seq":34},"Note":null,"Success":true,"GameInfo":[]}
04/13/2016 05:44:32 [19] DEBUG  Conversation                  : GameListConversation, ConversationID: 8.2: Send succeeded.
04/13/2016 05:44:32 [12] INFO   ispatcher+<>c__DisplayClass7_0: New Message Received: (Messages.ReplyMessages.GameListReply)
04/13/2016 05:44:32 [12] INFO   ispatcher+<>c__DisplayClass7_0: MessageId: 1.34ConversationId: 8.2
04/13/2016 05:44:32 [12] DEBUG  Dispatcher                    : Successsfully queued a new message of type GameListReply, for conversation: 8.2
04/13/2016 05:44:32 [19] DEBUG  Conversation                  : GameListConversation, ConversationID: 8.2: Message available!
04/13/2016 05:44:32 [19] DEBUG  Conversation                  : GameListConversation, ConversationID: 8.2: Message available!
04/13/2016 05:44:32 [19] DEBUG  Conversation                  : GameListConversation, ConversationID: 8.2: Received Message is valid
04/13/2016 05:44:32 [19] DEBUG  Conversation                  : Received a Message of type: GameListReply
04/13/2016 05:44:32 [19] ERROR  Conversation                  : GameListConversation, ConversationID: 8.2: No games are available. 
04/13/2016 05:44:32 [19] ERROR  Conversation                  : GameListConversation, ConversationID: 8.2: Conversation Failed
04/13/2016 05:44:32 [19] ERROR  Conversation                  : GameListConversation, ConversationID: 8.2: Conversation Ending
04/13/2016 05:44:32 [19] INFO   Conversation                  : Conversation Failed
04/13/2016 05:44:32 [19] INFO   BackgroundThread              : Stopping 
04/13/2016 05:44:32 [19] DEBUG  BackgroundThread              : Leaving Stop
04/13/2016 05:44:32 [19] ERROR  Conversation                  : GameListConversation, ConversationID: 8.2: Conversation Failed
04/13/2016 05:44:32 [19] ERROR  Conversation                  : GameListConversation, ConversationID: 8.2: Conversation Ending
04/13/2016 05:44:32 [19] INFO   Conversation                  : Conversation Failed
04/13/2016 05:44:32 [19] INFO   BackgroundThread              : Stopping 
04/13/2016 05:44:32 [19] DEBUG  BackgroundThread              : Leaving Stop
04/13/2016 05:44:33 [13] DEBUG  PlayerProcess                 : In Process GetGameList function.
04/13/2016 05:44:33 [13] DEBUG  ConversationFactory           : Creating Conversation of type GameListConversation
04/13/2016 05:44:33 [13] DEBUG  Dispatcher                    : Adding Conversation Player.Conversation.GameListConversation, 8.3
04/13/2016 05:44:33 [13] DEBUG  Dispatcher                    :       New Queue ID: 8.3
04/13/2016 05:44:33 [13] INFO   BackgroundThread              : Starting 
04/13/2016 05:44:35 [16] DEBUG  GameListConversation          : Queuing game list request. 
04/13/2016 05:44:35 [16] DEBUG  InitiatedConversation         : GameListConversation, ConversationID: 8.3: Conversation Id  for Initiated conversation: 8.3
04/13/2016 05:44:35 [16] DEBUG  Conversation                  : GameListConversation, ConversationID: 8.3: Setting Message IDs
04/13/2016 05:44:35 [16] DEBUG  Conversation                  : GameListConversation, ConversationID: 8.3: Conversation is initiating send.
04/13/2016 05:44:35 [16] DEBUG  PostMan                       : Sending UDP (Messages.RequestMessages.GameListRequest, MessageID: 8.3, ConversationID: 8.3)
Endpoint: 127.0.0.1:12000
JSON: {"__type":"GameListRequest:#Messages.RequestMessages","ConvId":{"Pid":8,"Seq":3},"MsgId":{"Pid":8,"Seq":3},"StatusFilter":4}
04/13/2016 05:44:35 [16] DEBUG  PostMan                       : Message Delivered
04/13/2016 05:44:35 [ 6] DEBUG  PostMan                       : Received UDP (Messages.ReplyMessages.GameListReply, MessageID: 1.35, ConversationID: 8.3)
JSON: {"__type":"GameListReply:#Messages.ReplyMessages","ConvId":{"Pid":8,"Seq":3},"MsgId":{"Pid":1,"Seq":35},"Note":null,"Success":true,"GameInfo":[]}
04/13/2016 05:44:35 [15] INFO   ispatcher+<>c__DisplayClass7_0: New Message Received: (Messages.ReplyMessages.GameListReply)
04/13/2016 05:44:35 [16] DEBUG  Conversation                  : GameListConversation, ConversationID: 8.3: Send succeeded.
04/13/2016 05:44:35 [15] INFO   ispatcher+<>c__DisplayClass7_0: MessageId: 1.35ConversationId: 8.3
04/13/2016 05:44:35 [15] DEBUG  Dispatcher                    : Successsfully queued a new message of type GameListReply, for conversation: 8.3
04/13/2016 05:44:35 [16] DEBUG  Conversation                  : GameListConversation, ConversationID: 8.3: Message available!
04/13/2016 05:44:35 [16] DEBUG  Conversation                  : GameListConversation, ConversationID: 8.3: Message available!
04/13/2016 05:44:35 [16] DEBUG  Conversation                  : GameListConversation, ConversationID: 8.3: Received Message is valid
04/13/2016 05:44:35 [16] DEBUG  Conversation                  : Received a Message of type: GameListReply
04/13/2016 05:44:35 [16] ERROR  Conversation                  : GameListConversation, ConversationID: 8.3: No games are available. 
04/13/2016 05:44:35 [16] ERROR  Conversation                  : GameListConversation, ConversationID: 8.3: Conversation Failed
04/13/2016 05:44:35 [16] ERROR  Conversation                  : GameListConversation, ConversationID: 8.3: Conversation Ending
04/13/2016 05:44:35 [16] INFO   Conversation                  : Conversation Failed
04/13/2016 05:44:35 [16] INFO   BackgroundThread              : Stopping 
04/13/2016 05:44:35 [16] DEBUG  BackgroundThread              : Leaving Stop
04/13/2016 05:44:35 [16] ERROR  Conversation                  : GameListConversation, ConversationID: 8.3: Conversation Failed
04/13/2016 05:44:35 [16] ERROR  Conversation                  : GameListConversation, ConversationID: 8.3: Conversation Ending
04/13/2016 05:44:35 [16] INFO   Conversation                  : Conversation Failed
04/13/2016 05:44:35 [16] INFO   BackgroundThread              : Stopping 
04/13/2016 05:44:35 [16] DEBUG  BackgroundThread              : Leaving Stop
04/13/2016 05:44:35 [13] DEBUG  PlayerProcess                 : In Process GetGameList function.
04/13/2016 05:44:35 [13] DEBUG  ConversationFactory           : Creating Conversation of type GameListConversation
04/13/2016 05:44:35 [13] DEBUG  Dispatcher                    : Adding Conversation Player.Conversation.GameListConversation, 8.4
04/13/2016 05:44:35 [13] DEBUG  Dispatcher                    :       New Queue ID: 8.4
04/13/2016 05:44:35 [13] INFO   BackgroundThread              : Starting 
04/13/2016 05:44:37 [ 6] DEBUG  PostMan                       : Received UDP (Messages.RequestMessages.AliveRequest, MessageID: 1.39, ConversationID: 1.39)
JSON: {"__type":"AliveRequest:#Messages.RequestMessages","ConvId":{"Pid":1,"Seq":39},"MsgId":{"Pid":1,"Seq":39}}
04/13/2016 05:44:37 [12] INFO   ispatcher+<>c__DisplayClass7_0: New Message Received: (Messages.RequestMessages.AliveRequest)
04/13/2016 05:44:37 [12] INFO   ispatcher+<>c__DisplayClass7_0: MessageId: 1.39ConversationId: 1.39
04/13/2016 05:44:37 [12] DEBUG  Dispatcher                    : Conversation  with id= 1.39 does not exist, trying to create new conversation.
04/13/2016 05:44:37 [12] DEBUG  ConversationFactory           : Creating Conversation of type AliveConversation
04/13/2016 05:44:37 [12] DEBUG  Dispatcher                    : Adding Conversation Player.Conversation.AliveConversation, 1.39
04/13/2016 05:44:37 [12] DEBUG  Dispatcher                    :       New Queue ID: 1.39
04/13/2016 05:44:37 [12] DEBUG  Dispatcher                    : Successsfully queued a new message of type AliveRequest, for conversation: 1.39
04/13/2016 05:44:37 [12] INFO   BackgroundThread              : Starting 
04/13/2016 05:44:37 [15] DEBUG  Conversation                  : AliveConversation, ConversationID: 1.39: Message available!
04/13/2016 05:44:37 [15] DEBUG  Conversation                  : AliveConversation, ConversationID: 1.39: Message available!
04/13/2016 05:44:37 [15] DEBUG  Conversation                  : AliveConversation, ConversationID: 1.39: Message available!
04/13/2016 05:44:37 [15] DEBUG  Conversation                  : AliveConversation, ConversationID: 1.39: Received Message is valid
04/13/2016 05:44:37 [15] DEBUG  Conversation                  : Received a Message of type: AliveRequest
04/13/2016 05:44:37 [15] DEBUG  AliveConversation             : Creating Alive Response
04/13/2016 05:44:37 [15] DEBUG  ResponseConversation          : AliveConversation, ConversationID: 1.39: Conversation Id  for Response conversation: 1.39
04/13/2016 05:44:37 [15] DEBUG  Conversation                  : AliveConversation, ConversationID: 1.39: Setting Message IDs
04/13/2016 05:44:37 [15] DEBUG  Conversation                  : AliveConversation, ConversationID: 1.39: Conversation is initiating send.
04/13/2016 05:44:37 [15] DEBUG  PostMan                       : Sending UDP (Messages.ReplyMessages.Reply, MessageID: 8.5, ConversationID: 1.39)
Endpoint: 127.0.0.1:12000
JSON: {"__type":"Reply:#Messages.ReplyMessages","ConvId":{"Pid":1,"Seq":39},"MsgId":{"Pid":8,"Seq":5},"Note":"I'm Alive","Success":true}
04/13/2016 05:44:37 [15] DEBUG  PostMan                       : Message Delivered
04/13/2016 05:44:37 [15] DEBUG  Conversation                  : AliveConversation, ConversationID: 1.39: Send succeeded.
04/13/2016 05:44:37 [16] DEBUG  GameListConversation          : Queuing game list request. 
04/13/2016 05:44:37 [16] DEBUG  InitiatedConversation         : GameListConversation, ConversationID: 8.4: Conversation Id  for Initiated conversation: 8.4
04/13/2016 05:44:37 [16] DEBUG  Conversation                  : GameListConversation, ConversationID: 8.4: Setting Message IDs
04/13/2016 05:44:38 [16] DEBUG  Conversation                  : GameListConversation, ConversationID: 8.4: Conversation is initiating send.
04/13/2016 05:44:38 [16] DEBUG  PostMan                       : Sending UDP (Messages.RequestMessages.GameListRequest, MessageID: 8.4, ConversationID: 8.4)
Endpoint: 127.0.0.1:12000
JSON: {"__type":"GameListRequest:#Messages.RequestMessages","ConvId":{"Pid":8,"Seq":4},"MsgId":{"Pid":8,"Seq":4},"StatusFilter":4}
04/13/2016 05:44:38 [16] DEBUG  PostMan                       : Message Delivered
04/13/2016 05:44:38 [ 6] DEBUG  PostMan                       : Received UDP (Messages.ReplyMessages.GameListReply, MessageID: 1.40, ConversationID: 8.4)
JSON: {"__type":"GameListReply:#Messages.ReplyMessages","ConvId":{"Pid":8,"Seq":4},"MsgId":{"Pid":1,"Seq":40},"Note":null,"Success":true,"GameInfo":[]}
04/13/2016 05:44:38 [16] DEBUG  Conversation                  : GameListConversation, ConversationID: 8.4: Send succeeded.
04/13/2016 05:44:38 [12] INFO   ispatcher+<>c__DisplayClass7_0: New Message Received: (Messages.ReplyMessages.GameListReply)
04/13/2016 05:44:38 [12] INFO   ispatcher+<>c__DisplayClass7_0: MessageId: 1.40ConversationId: 8.4
04/13/2016 05:44:38 [12] DEBUG  Dispatcher                    : Successsfully queued a new message of type GameListReply, for conversation: 8.4
04/13/2016 05:44:38 [16] DEBUG  Conversation                  : GameListConversation, ConversationID: 8.4: Message available!
04/13/2016 05:44:38 [16] DEBUG  Conversation                  : GameListConversation, ConversationID: 8.4: Message available!
04/13/2016 05:44:38 [16] DEBUG  Conversation                  : GameListConversation, ConversationID: 8.4: Received Message is valid
04/13/2016 05:44:38 [16] DEBUG  Conversation                  : Received a Message of type: GameListReply
04/13/2016 05:44:38 [16] ERROR  Conversation                  : GameListConversation, ConversationID: 8.4: No games are available. 
04/13/2016 05:44:38 [16] ERROR  Conversation                  : GameListConversation, ConversationID: 8.4: Conversation Failed
04/13/2016 05:44:38 [16] ERROR  Conversation                  : GameListConversation, ConversationID: 8.4: Conversation Ending
04/13/2016 05:44:38 [16] INFO   Conversation                  : Conversation Failed
04/13/2016 05:44:38 [16] INFO   BackgroundThread              : Stopping 
04/13/2016 05:44:38 [16] DEBUG  BackgroundThread              : Leaving Stop
04/13/2016 05:44:38 [16] ERROR  Conversation                  : GameListConversation, ConversationID: 8.4: Conversation Failed
04/13/2016 05:44:38 [16] ERROR  Conversation                  : GameListConversation, ConversationID: 8.4: Conversation Ending
04/13/2016 05:44:38 [16] INFO   Conversation                  : Conversation Failed
04/13/2016 05:44:38 [16] INFO   BackgroundThread              : Stopping 
04/13/2016 05:44:38 [16] DEBUG  BackgroundThread              : Leaving Stop
04/13/2016 05:44:38 [13] DEBUG  PlayerProcess                 : In Process GetGameList function.
04/13/2016 05:44:38 [13] DEBUG  ConversationFactory           : Creating Conversation of type GameListConversation
04/13/2016 05:44:38 [13] DEBUG  Dispatcher                    : Adding Conversation Player.Conversation.GameListConversation, 8.6
04/13/2016 05:44:38 [13] DEBUG  Dispatcher                    :       New Queue ID: 8.6
04/13/2016 05:44:38 [13] INFO   BackgroundThread              : Starting 
04/13/2016 05:44:40 [14] DEBUG  GameListConversation          : Queuing game list request. 
04/13/2016 05:44:40 [14] DEBUG  InitiatedConversation         : GameListConversation, ConversationID: 8.6: Conversation Id  for Initiated conversation: 8.6
04/13/2016 05:44:40 [14] DEBUG  Conversation                  : GameListConversation, ConversationID: 8.6: Setting Message IDs
04/13/2016 05:44:40 [14] DEBUG  Conversation                  : GameListConversation, ConversationID: 8.6: Conversation is initiating send.
04/13/2016 05:44:40 [14] DEBUG  PostMan                       : Sending UDP (Messages.RequestMessages.GameListRequest, MessageID: 8.6, ConversationID: 8.6)
Endpoint: 127.0.0.1:12000
JSON: {"__type":"GameListRequest:#Messages.RequestMessages","ConvId":{"Pid":8,"Seq":6},"MsgId":{"Pid":8,"Seq":6},"StatusFilter":4}
04/13/2016 05:44:40 [14] DEBUG  PostMan                       : Message Delivered
04/13/2016 05:44:40 [ 6] DEBUG  PostMan                       : Received UDP (Messages.ReplyMessages.GameListReply, MessageID: 1.41, ConversationID: 8.6)
JSON: {"__type":"GameListReply:#Messages.ReplyMessages","ConvId":{"Pid":8,"Seq":6},"MsgId":{"Pid":1,"Seq":41},"Note":null,"Success":true,"GameInfo":[]}
04/13/2016 05:44:40 [14] DEBUG  Conversation                  : GameListConversation, ConversationID: 8.6: Send succeeded.
04/13/2016 05:44:40 [12] INFO   ispatcher+<>c__DisplayClass7_0: New Message Received: (Messages.ReplyMessages.GameListReply)
04/13/2016 05:44:41 [12] INFO   ispatcher+<>c__DisplayClass7_0: MessageId: 1.41ConversationId: 8.6
04/13/2016 05:44:41 [12] DEBUG  Dispatcher                    : Successsfully queued a new message of type GameListReply, for conversation: 8.6
04/13/2016 05:44:41 [14] DEBUG  Conversation                  : GameListConversation, ConversationID: 8.6: Message available!
04/13/2016 05:44:41 [14] DEBUG  Conversation                  : GameListConversation, ConversationID: 8.6: Message available!
04/13/2016 05:44:41 [14] DEBUG  Conversation                  : GameListConversation, ConversationID: 8.6: Received Message is valid
04/13/2016 05:44:41 [14] DEBUG  Conversation                  : Received a Message of type: GameListReply
04/13/2016 05:44:41 [14] ERROR  Conversation                  : GameListConversation, ConversationID: 8.6: No games are available. 
04/13/2016 05:44:41 [14] ERROR  Conversation                  : GameListConversation, ConversationID: 8.6: Conversation Failed
04/13/2016 05:44:41 [14] ERROR  Conversation                  : GameListConversation, ConversationID: 8.6: Conversation Ending
04/13/2016 05:44:41 [14] INFO   Conversation                  : Conversation Failed
04/13/2016 05:44:41 [14] INFO   BackgroundThread              : Stopping 
04/13/2016 05:44:41 [14] DEBUG  BackgroundThread              : Leaving Stop
04/13/2016 05:44:41 [14] ERROR  Conversation                  : GameListConversation, ConversationID: 8.6: Conversation Failed
04/13/2016 05:44:41 [14] ERROR  Conversation                  : GameListConversation, ConversationID: 8.6: Conversation Ending
04/13/2016 05:44:41 [14] INFO   Conversation                  : Conversation Failed
04/13/2016 05:44:41 [14] INFO   BackgroundThread              : Stopping 
04/13/2016 05:44:41 [14] DEBUG  BackgroundThread              : Leaving Stop
04/13/2016 05:44:41 [13] DEBUG  PlayerProcess                 : In Process GetGameList function.
04/13/2016 05:44:41 [13] DEBUG  ConversationFactory           : Creating Conversation of type GameListConversation
04/13/2016 05:44:41 [13] DEBUG  Dispatcher                    : Adding Conversation Player.Conversation.GameListConversation, 8.7
04/13/2016 05:44:41 [13] DEBUG  Dispatcher                    :       New Queue ID: 8.7
04/13/2016 05:44:41 [13] INFO   BackgroundThread              : Starting 
04/13/2016 05:44:43 [20] DEBUG  GameListConversation          : Queuing game list request. 
04/13/2016 05:44:43 [20] DEBUG  InitiatedConversation         : GameListConversation, ConversationID: 8.7: Conversation Id  for Initiated conversation: 8.7
04/13/2016 05:44:43 [20] DEBUG  Conversation                  : GameListConversation, ConversationID: 8.7: Setting Message IDs
04/13/2016 05:44:43 [20] DEBUG  Conversation                  : GameListConversation, ConversationID: 8.7: Conversation is initiating send.
04/13/2016 05:44:43 [20] DEBUG  PostMan                       : Sending UDP (Messages.RequestMessages.GameListRequest, MessageID: 8.7, ConversationID: 8.7)
Endpoint: 127.0.0.1:12000
JSON: {"__type":"GameListRequest:#Messages.RequestMessages","ConvId":{"Pid":8,"Seq":7},"MsgId":{"Pid":8,"Seq":7},"StatusFilter":4}
04/13/2016 05:44:43 [20] DEBUG  PostMan                       : Message Delivered
04/13/2016 05:44:43 [ 6] DEBUG  PostMan                       : Received UDP (Messages.ReplyMessages.GameListReply, MessageID: 1.42, ConversationID: 8.7)
JSON: {"__type":"GameListReply:#Messages.ReplyMessages","ConvId":{"Pid":8,"Seq":7},"MsgId":{"Pid":1,"Seq":42},"Note":null,"Success":true,"GameInfo":[]}
04/13/2016 05:44:43 [20] DEBUG  Conversation                  : GameListConversation, ConversationID: 8.7: Send succeeded.
04/13/2016 05:44:43 [12] INFO   ispatcher+<>c__DisplayClass7_0: New Message Received: (Messages.ReplyMessages.GameListReply)
04/13/2016 05:44:43 [12] INFO   ispatcher+<>c__DisplayClass7_0: MessageId: 1.42ConversationId: 8.7
04/13/2016 05:44:43 [12] DEBUG  Dispatcher                    : Successsfully queued a new message of type GameListReply, for conversation: 8.7
04/13/2016 05:44:43 [20] DEBUG  Conversation                  : GameListConversation, ConversationID: 8.7: Message available!
04/13/2016 05:44:43 [20] DEBUG  Conversation                  : GameListConversation, ConversationID: 8.7: Message available!
04/13/2016 05:44:43 [20] DEBUG  Conversation                  : GameListConversation, ConversationID: 8.7: Received Message is valid
04/13/2016 05:44:43 [20] DEBUG  Conversation                  : Received a Message of type: GameListReply
04/13/2016 05:44:43 [20] ERROR  Conversation                  : GameListConversation, ConversationID: 8.7: No games are available. 
04/13/2016 05:44:43 [20] ERROR  Conversation                  : GameListConversation, ConversationID: 8.7: Conversation Failed
04/13/2016 05:44:43 [20] ERROR  Conversation                  : GameListConversation, ConversationID: 8.7: Conversation Ending
04/13/2016 05:44:43 [20] INFO   Conversation                  : Conversation Failed
04/13/2016 05:44:43 [20] INFO   BackgroundThread              : Stopping 
04/13/2016 05:44:44 [13] DEBUG  PlayerProcess                 : In Process GetGameList function.
04/13/2016 05:44:44 [20] DEBUG  BackgroundThread              : Leaving Stop
04/13/2016 05:44:44 [20] ERROR  Conversation                  : GameListConversation, ConversationID: 8.7: Conversation Failed
04/13/2016 05:44:44 [20] ERROR  Conversation                  : GameListConversation, ConversationID: 8.7: Conversation Ending
04/13/2016 05:44:44 [13] DEBUG  ConversationFactory           : Creating Conversation of type GameListConversation
04/13/2016 05:44:44 [13] DEBUG  Dispatcher                    : Adding Conversation Player.Conversation.GameListConversation, 8.8
04/13/2016 05:44:44 [20] INFO   Conversation                  : Conversation Failed
04/13/2016 05:44:44 [20] INFO   BackgroundThread              : Stopping 
04/13/2016 05:44:44 [20] DEBUG  BackgroundThread              : Leaving Stop
04/13/2016 05:44:44 [13] DEBUG  Dispatcher                    :       New Queue ID: 8.8
04/13/2016 05:44:44 [13] INFO   BackgroundThread              : Starting 
04/13/2016 05:44:46 [16] DEBUG  GameListConversation          : Queuing game list request. 
04/13/2016 05:44:46 [16] DEBUG  InitiatedConversation         : GameListConversation, ConversationID: 8.8: Conversation Id  for Initiated conversation: 8.8
04/13/2016 05:44:46 [16] DEBUG  Conversation                  : GameListConversation, ConversationID: 8.8: Setting Message IDs
04/13/2016 05:44:46 [16] DEBUG  Conversation                  : GameListConversation, ConversationID: 8.8: Conversation is initiating send.
04/13/2016 05:44:46 [16] DEBUG  PostMan                       : Sending UDP (Messages.RequestMessages.GameListRequest, MessageID: 8.8, ConversationID: 8.8)
Endpoint: 127.0.0.1:12000
JSON: {"__type":"GameListRequest:#Messages.RequestMessages","ConvId":{"Pid":8,"Seq":8},"MsgId":{"Pid":8,"Seq":8},"StatusFilter":4}
04/13/2016 05:44:46 [16] DEBUG  PostMan                       : Message Delivered
04/13/2016 05:44:46 [ 6] DEBUG  PostMan                       : Received UDP (Messages.ReplyMessages.GameListReply, MessageID: 1.43, ConversationID: 8.8)
JSON: {"__type":"GameListReply:#Messages.ReplyMessages","ConvId":{"Pid":8,"Seq":8},"MsgId":{"Pid":1,"Seq":43},"Note":null,"Success":true,"GameInfo":[]}
04/13/2016 05:44:46 [16] DEBUG  Conversation                  : GameListConversation, ConversationID: 8.8: Send succeeded.
04/13/2016 05:44:46 [12] INFO   ispatcher+<>c__DisplayClass7_0: New Message Received: (Messages.ReplyMessages.GameListReply)
04/13/2016 05:44:46 [12] INFO   ispatcher+<>c__DisplayClass7_0: MessageId: 1.43ConversationId: 8.8
04/13/2016 05:44:46 [12] DEBUG  Dispatcher                    : Successsfully queued a new message of type GameListReply, for conversation: 8.8
04/13/2016 05:44:46 [16] DEBUG  Conversation                  : GameListConversation, ConversationID: 8.8: Message available!
04/13/2016 05:44:46 [16] DEBUG  Conversation                  : GameListConversation, ConversationID: 8.8: Message available!
04/13/2016 05:44:46 [16] DEBUG  Conversation                  : GameListConversation, ConversationID: 8.8: Received Message is valid
04/13/2016 05:44:46 [16] DEBUG  Conversation                  : Received a Message of type: GameListReply
04/13/2016 05:44:46 [16] ERROR  Conversation                  : GameListConversation, ConversationID: 8.8: No games are available. 
04/13/2016 05:44:46 [16] ERROR  Conversation                  : GameListConversation, ConversationID: 8.8: Conversation Failed
04/13/2016 05:44:46 [16] ERROR  Conversation                  : GameListConversation, ConversationID: 8.8: Conversation Ending
04/13/2016 05:44:46 [16] INFO   Conversation                  : Conversation Failed
04/13/2016 05:44:46 [16] INFO   BackgroundThread              : Stopping 
04/13/2016 05:44:46 [16] DEBUG  BackgroundThread              : Leaving Stop
04/13/2016 05:44:46 [16] ERROR  Conversation                  : GameListConversation, ConversationID: 8.8: Conversation Failed
04/13/2016 05:44:46 [16] ERROR  Conversation                  : GameListConversation, ConversationID: 8.8: Conversation Ending
04/13/2016 05:44:46 [16] INFO   Conversation                  : Conversation Failed
04/13/2016 05:44:46 [16] INFO   BackgroundThread              : Stopping 
04/13/2016 05:44:46 [16] DEBUG  BackgroundThread              : Leaving Stop
04/13/2016 05:44:46 [13] DEBUG  PlayerProcess                 : In Process GetGameList function.
04/13/2016 05:44:46 [13] DEBUG  ConversationFactory           : Creating Conversation of type GameListConversation
04/13/2016 05:44:46 [13] DEBUG  Dispatcher                    : Adding Conversation Player.Conversation.GameListConversation, 8.9
04/13/2016 05:44:46 [13] DEBUG  Dispatcher                    :       New Queue ID: 8.9
04/13/2016 05:44:46 [13] INFO   BackgroundThread              : Starting 
04/13/2016 05:44:48 [12] DEBUG  GameListConversation          : Queuing game list request. 
04/13/2016 05:44:48 [12] DEBUG  InitiatedConversation         : GameListConversation, ConversationID: 8.9: Conversation Id  for Initiated conversation: 8.9
04/13/2016 05:44:48 [12] DEBUG  Conversation                  : GameListConversation, ConversationID: 8.9: Setting Message IDs
04/13/2016 05:44:48 [12] DEBUG  Conversation                  : GameListConversation, ConversationID: 8.9: Conversation is initiating send.
04/13/2016 05:44:48 [12] DEBUG  PostMan                       : Sending UDP (Messages.RequestMessages.GameListRequest, MessageID: 8.9, ConversationID: 8.9)
Endpoint: 127.0.0.1:12000
JSON: {"__type":"GameListRequest:#Messages.RequestMessages","ConvId":{"Pid":8,"Seq":9},"MsgId":{"Pid":8,"Seq":9},"StatusFilter":4}
04/13/2016 05:44:49 [12] DEBUG  PostMan                       : Message Delivered
04/13/2016 05:44:49 [ 6] DEBUG  PostMan                       : Received UDP (Messages.ReplyMessages.GameListReply, MessageID: 1.44, ConversationID: 8.9)
JSON: {"__type":"GameListReply:#Messages.ReplyMessages","ConvId":{"Pid":8,"Seq":9},"MsgId":{"Pid":1,"Seq":44},"Note":null,"Success":true,"GameInfo":[]}
04/13/2016 05:44:49 [12] DEBUG  Conversation                  : GameListConversation, ConversationID: 8.9: Send succeeded.
04/13/2016 05:44:49 [14] INFO   ispatcher+<>c__DisplayClass7_0: New Message Received: (Messages.ReplyMessages.GameListReply)
04/13/2016 05:44:49 [14] INFO   ispatcher+<>c__DisplayClass7_0: MessageId: 1.44ConversationId: 8.9
04/13/2016 05:44:49 [14] DEBUG  Dispatcher                    : Successsfully queued a new message of type GameListReply, for conversation: 8.9
04/13/2016 05:44:49 [12] DEBUG  Conversation                  : GameListConversation, ConversationID: 8.9: Message available!
04/13/2016 05:44:49 [12] DEBUG  Conversation                  : GameListConversation, ConversationID: 8.9: Message available!
04/13/2016 05:44:49 [12] DEBUG  Conversation                  : GameListConversation, ConversationID: 8.9: Received Message is valid
04/13/2016 05:44:49 [12] DEBUG  Conversation                  : Received a Message of type: GameListReply
04/13/2016 05:44:49 [12] ERROR  Conversation                  : GameListConversation, ConversationID: 8.9: No games are available. 
04/13/2016 05:44:49 [12] ERROR  Conversation                  : GameListConversation, ConversationID: 8.9: Conversation Failed
04/13/2016 05:44:49 [12] ERROR  Conversation                  : GameListConversation, ConversationID: 8.9: Conversation Ending
04/13/2016 05:44:49 [12] INFO   Conversation                  : Conversation Failed
04/13/2016 05:44:49 [12] INFO   BackgroundThread              : Stopping 
04/13/2016 05:44:49 [12] DEBUG  BackgroundThread              : Leaving Stop
04/13/2016 05:44:49 [12] ERROR  Conversation                  : GameListConversation, ConversationID: 8.9: Conversation Failed
04/13/2016 05:44:49 [12] ERROR  Conversation                  : GameListConversation, ConversationID: 8.9: Conversation Ending
04/13/2016 05:44:49 [12] INFO   Conversation                  : Conversation Failed
04/13/2016 05:44:49 [12] INFO   BackgroundThread              : Stopping 
04/13/2016 05:44:49 [12] DEBUG  BackgroundThread              : Leaving Stop
04/13/2016 05:44:49 [13] DEBUG  PlayerProcess                 : In Process GetGameList function.
04/13/2016 05:44:49 [13] DEBUG  ConversationFactory           : Creating Conversation of type GameListConversation
04/13/2016 05:44:49 [13] DEBUG  Dispatcher                    : Adding Conversation Player.Conversation.GameListConversation, 8.10
04/13/2016 05:44:49 [13] DEBUG  Dispatcher                    :       New Queue ID: 8.10
04/13/2016 05:44:49 [13] INFO   BackgroundThread              : Starting 
04/13/2016 05:44:51 [16] DEBUG  GameListConversation          : Queuing game list request. 
04/13/2016 05:44:51 [16] DEBUG  InitiatedConversation         : GameListConversation, ConversationID: 8.10: Conversation Id  for Initiated conversation: 8.10
04/13/2016 05:44:51 [16] DEBUG  Conversation                  : GameListConversation, ConversationID: 8.10: Setting Message IDs
04/13/2016 05:44:51 [16] DEBUG  Conversation                  : GameListConversation, ConversationID: 8.10: Conversation is initiating send.
04/13/2016 05:44:51 [16] DEBUG  PostMan                       : Sending UDP (Messages.RequestMessages.GameListRequest, MessageID: 8.10, ConversationID: 8.10)
Endpoint: 127.0.0.1:12000
JSON: {"__type":"GameListRequest:#Messages.RequestMessages","ConvId":{"Pid":8,"Seq":10},"MsgId":{"Pid":8,"Seq":10},"StatusFilter":4}
04/13/2016 05:44:51 [16] DEBUG  PostMan                       : Message Delivered
04/13/2016 05:44:51 [ 6] DEBUG  PostMan                       : Received UDP (Messages.ReplyMessages.GameListReply, MessageID: 1.45, ConversationID: 8.10)
JSON: {"__type":"GameListReply:#Messages.ReplyMessages","ConvId":{"Pid":8,"Seq":10},"MsgId":{"Pid":1,"Seq":45},"Note":null,"Success":true,"GameInfo":[]}
04/13/2016 05:44:51 [16] DEBUG  Conversation                  : GameListConversation, ConversationID: 8.10: Send succeeded.
04/13/2016 05:44:51 [12] INFO   ispatcher+<>c__DisplayClass7_0: New Message Received: (Messages.ReplyMessages.GameListReply)
04/13/2016 05:44:52 [12] INFO   ispatcher+<>c__DisplayClass7_0: MessageId: 1.45ConversationId: 8.10
04/13/2016 05:44:52 [12] DEBUG  Dispatcher                    : Successsfully queued a new message of type GameListReply, for conversation: 8.10
04/13/2016 05:44:52 [16] DEBUG  Conversation                  : GameListConversation, ConversationID: 8.10: Message available!
04/13/2016 05:44:52 [16] DEBUG  Conversation                  : GameListConversation, ConversationID: 8.10: Message available!
04/13/2016 05:44:52 [16] DEBUG  Conversation                  : GameListConversation, ConversationID: 8.10: Received Message is valid
04/13/2016 05:44:52 [16] DEBUG  Conversation                  : Received a Message of type: GameListReply
04/13/2016 05:44:52 [16] ERROR  Conversation                  : GameListConversation, ConversationID: 8.10: No games are available. 
04/13/2016 05:44:52 [16] ERROR  Conversation                  : GameListConversation, ConversationID: 8.10: Conversation Failed
04/13/2016 05:44:52 [16] ERROR  Conversation                  : GameListConversation, ConversationID: 8.10: Conversation Ending
04/13/2016 05:44:52 [16] INFO   Conversation                  : Conversation Failed
04/13/2016 05:44:52 [16] INFO   BackgroundThread              : Stopping 
04/13/2016 05:44:52 [16] DEBUG  BackgroundThread              : Leaving Stop
04/13/2016 05:44:52 [16] ERROR  Conversation                  : GameListConversation, ConversationID: 8.10: Conversation Failed
04/13/2016 05:44:52 [16] ERROR  Conversation                  : GameListConversation, ConversationID: 8.10: Conversation Ending
04/13/2016 05:44:52 [16] INFO   Conversation                  : Conversation Failed
04/13/2016 05:44:52 [16] INFO   BackgroundThread              : Stopping 
04/13/2016 05:44:52 [16] DEBUG  BackgroundThread              : Leaving Stop
04/13/2016 05:44:52 [13] DEBUG  PlayerProcess                 : In Process GetGameList function.
04/13/2016 05:44:52 [13] DEBUG  ConversationFactory           : Creating Conversation of type GameListConversation
04/13/2016 05:44:52 [13] DEBUG  Dispatcher                    : Adding Conversation Player.Conversation.GameListConversation, 8.11
04/13/2016 05:44:52 [13] DEBUG  Dispatcher                    :       New Queue ID: 8.11
04/13/2016 05:44:52 [13] INFO   BackgroundThread              : Starting 
04/13/2016 05:44:54 [19] DEBUG  GameListConversation          : Queuing game list request. 
04/13/2016 05:44:54 [19] DEBUG  InitiatedConversation         : GameListConversation, ConversationID: 8.11: Conversation Id  for Initiated conversation: 8.11
04/13/2016 05:44:54 [19] DEBUG  Conversation                  : GameListConversation, ConversationID: 8.11: Setting Message IDs
04/13/2016 05:44:54 [19] DEBUG  Conversation                  : GameListConversation, ConversationID: 8.11: Conversation is initiating send.
04/13/2016 05:44:54 [19] DEBUG  PostMan                       : Sending UDP (Messages.RequestMessages.GameListRequest, MessageID: 8.11, ConversationID: 8.11)
Endpoint: 127.0.0.1:12000
JSON: {"__type":"GameListRequest:#Messages.RequestMessages","ConvId":{"Pid":8,"Seq":11},"MsgId":{"Pid":8,"Seq":11},"StatusFilter":4}
04/13/2016 05:44:54 [19] DEBUG  PostMan                       : Message Delivered
04/13/2016 05:44:54 [ 6] DEBUG  PostMan                       : Received UDP (Messages.ReplyMessages.GameListReply, MessageID: 1.46, ConversationID: 8.11)
JSON: {"__type":"GameListReply:#Messages.ReplyMessages","ConvId":{"Pid":8,"Seq":11},"MsgId":{"Pid":1,"Seq":46},"Note":null,"Success":true,"GameInfo":[]}
04/13/2016 05:44:54 [19] DEBUG  Conversation                  : GameListConversation, ConversationID: 8.11: Send succeeded.
04/13/2016 05:44:54 [12] INFO   ispatcher+<>c__DisplayClass7_0: New Message Received: (Messages.ReplyMessages.GameListReply)
04/13/2016 05:44:54 [12] INFO   ispatcher+<>c__DisplayClass7_0: MessageId: 1.46ConversationId: 8.11
04/13/2016 05:44:54 [12] DEBUG  Dispatcher                    : Successsfully queued a new message of type GameListReply, for conversation: 8.11
04/13/2016 05:44:54 [19] DEBUG  Conversation                  : GameListConversation, ConversationID: 8.11: Message available!
04/13/2016 05:44:54 [19] DEBUG  Conversation                  : GameListConversation, ConversationID: 8.11: Message available!
04/13/2016 05:44:54 [19] DEBUG  Conversation                  : GameListConversation, ConversationID: 8.11: Received Message is valid
04/13/2016 05:44:54 [19] DEBUG  Conversation                  : Received a Message of type: GameListReply
04/13/2016 05:44:54 [19] ERROR  Conversation                  : GameListConversation, ConversationID: 8.11: No games are available. 
04/13/2016 05:44:54 [19] ERROR  Conversation                  : GameListConversation, ConversationID: 8.11: Conversation Failed
04/13/2016 05:44:54 [19] ERROR  Conversation                  : GameListConversation, ConversationID: 8.11: Conversation Ending
04/13/2016 05:44:54 [19] INFO   Conversation                  : Conversation Failed
04/13/2016 05:44:54 [19] INFO   BackgroundThread              : Stopping 
04/13/2016 05:44:54 [19] DEBUG  BackgroundThread              : Leaving Stop
04/13/2016 05:44:54 [19] ERROR  Conversation                  : GameListConversation, ConversationID: 8.11: Conversation Failed
04/13/2016 05:44:54 [19] ERROR  Conversation                  : GameListConversation, ConversationID: 8.11: Conversation Ending
04/13/2016 05:44:55 [19] INFO   Conversation                  : Conversation Failed
04/13/2016 05:44:55 [13] DEBUG  PlayerProcess                 : In Process GetGameList function.
04/13/2016 05:44:55 [19] INFO   BackgroundThread              : Stopping 
04/13/2016 05:44:55 [19] DEBUG  BackgroundThread              : Leaving Stop
04/13/2016 05:44:55 [13] DEBUG  ConversationFactory           : Creating Conversation of type GameListConversation
04/13/2016 05:44:55 [13] DEBUG  Dispatcher                    : Adding Conversation Player.Conversation.GameListConversation, 8.12
04/13/2016 05:44:55 [13] DEBUG  Dispatcher                    :       New Queue ID: 8.12
04/13/2016 05:44:55 [13] INFO   BackgroundThread              : Starting 
04/13/2016 05:44:55 [ 6] DEBUG  PostMan                       : Received UDP (Messages.RequestMessages.ShutdownRequest, MessageID: 1.47, ConversationID: 1.47)
JSON: {"__type":"ShutdownRequest:#Messages.RequestMessages","ConvId":{"Pid":1,"Seq":47},"MsgId":{"Pid":1,"Seq":47}}
04/13/2016 05:44:55 [12] INFO   ispatcher+<>c__DisplayClass7_0: New Message Received: (Messages.RequestMessages.ShutdownRequest)
04/13/2016 05:44:55 [12] INFO   ispatcher+<>c__DisplayClass7_0: MessageId: 1.47ConversationId: 1.47
04/13/2016 05:44:55 [12] DEBUG  Dispatcher                    : Conversation  with id= 1.47 does not exist, trying to create new conversation.
04/13/2016 05:44:55 [12] ERROR  ConversationFactory           : Factory does not have a mapping for type: Messages.RequestMessages.ShutdownRequest
04/13/2016 05:44:55 [12] ERROR  Dispatcher                    : New conversation returned from factory is Null!
04/13/2016 05:44:55 [12] ERROR  Dispatcher                    : An error was encountered while creating a new conversation queue
04/13/2016 05:44:57 [16] DEBUG  GameListConversation          : Queuing game list request. 
04/13/2016 05:44:57 [16] DEBUG  InitiatedConversation         : GameListConversation, ConversationID: 8.12: Conversation Id  for Initiated conversation: 8.12
04/13/2016 05:44:57 [16] DEBUG  Conversation                  : GameListConversation, ConversationID: 8.12: Setting Message IDs
04/13/2016 05:44:57 [16] DEBUG  Conversation                  : GameListConversation, ConversationID: 8.12: Conversation is initiating send.
04/13/2016 05:44:57 [16] DEBUG  PostMan                       : Sending UDP (Messages.RequestMessages.GameListRequest, MessageID: 8.12, ConversationID: 8.12)
Endpoint: 127.0.0.1:12000
JSON: {"__type":"GameListRequest:#Messages.RequestMessages","ConvId":{"Pid":8,"Seq":12},"MsgId":{"Pid":8,"Seq":12},"StatusFilter":4}
04/13/2016 05:44:57 [16] DEBUG  PostMan                       : Message Delivered
04/13/2016 05:44:57 [16] DEBUG  Conversation                  : GameListConversation, ConversationID: 8.12: Send succeeded.
04/13/2016 05:45:03 [16] DEBUG  GameListConversation          : Queuing game list request. 
04/13/2016 05:45:03 [16] DEBUG  InitiatedConversation         : GameListConversation, ConversationID: 8.12: Conversation Id  for Initiated conversation: 8.12
04/13/2016 05:45:03 [16] DEBUG  Conversation                  : GameListConversation, ConversationID: 8.12: Setting Message IDs
04/13/2016 05:45:03 [16] DEBUG  Conversation                  : GameListConversation, ConversationID: 8.12: Conversation is initiating send.
04/13/2016 05:45:03 [16] DEBUG  PostMan                       : Sending UDP (Messages.RequestMessages.GameListRequest, MessageID: 8.12, ConversationID: 8.12)
Endpoint: 127.0.0.1:12000
JSON: {"__type":"GameListRequest:#Messages.RequestMessages","ConvId":{"Pid":8,"Seq":12},"MsgId":{"Pid":8,"Seq":12},"StatusFilter":4}
04/13/2016 05:45:03 [16] DEBUG  PostMan                       : Message Delivered
04/13/2016 05:45:03 [16] DEBUG  Conversation                  : GameListConversation, ConversationID: 8.12: Send succeeded.
04/13/2016 05:45:09 [16] DEBUG  GameListConversation          : Queuing game list request. 
04/13/2016 05:45:09 [16] DEBUG  InitiatedConversation         : GameListConversation, ConversationID: 8.12: Conversation Id  for Initiated conversation: 8.12
04/13/2016 05:45:09 [16] DEBUG  Conversation                  : GameListConversation, ConversationID: 8.12: Setting Message IDs
04/13/2016 05:45:09 [16] DEBUG  Conversation                  : GameListConversation, ConversationID: 8.12: Conversation is initiating send.
04/13/2016 05:45:09 [16] DEBUG  PostMan                       : Sending UDP (Messages.RequestMessages.GameListRequest, MessageID: 8.12, ConversationID: 8.12)
Endpoint: 127.0.0.1:12000
JSON: {"__type":"GameListRequest:#Messages.RequestMessages","ConvId":{"Pid":8,"Seq":12},"MsgId":{"Pid":8,"Seq":12},"StatusFilter":4}
04/13/2016 05:45:09 [16] DEBUG  PostMan                       : Message Delivered
04/13/2016 05:45:09 [16] DEBUG  Conversation                  : GameListConversation, ConversationID: 8.12: Send succeeded.
