04/13/2016 08:33:34 [ 7] DEBUG  PlayerConnection              : Using Local Settings.
04/13/2016 08:33:34 [ 7] DEBUG  PlayerConnection              : Starting Application. 
04/13/2016 08:33:34 [ 7] DEBUG  PlayerConnection              : Initializing Subsystem
04/13/2016 08:33:34 [ 7] DEBUG  PlayerProcess                 : Initializeing Player Subsystem.
04/13/2016 08:33:34 [ 7] DEBUG  PlayerConnection              : Initializing Player
04/13/2016 08:33:34 [ 7] DEBUG  PlayerProcess                 : Initializing Player Details.
04/13/2016 08:33:34 [ 7] INFO   BackgroundThread              : Starting 
04/13/2016 08:33:34 [10] INFO   BackgroundThread              : Starting 
04/13/2016 08:33:34 [10] DEBUG  PlayerProcess                 : In Process Login function.
04/13/2016 08:33:34 [10] DEBUG  ConversationFactory           : Creating Conversation of type LoginConversation
04/13/2016 08:33:34 [10] DEBUG  Dispatcher                    : Adding Conversation Player.Conversation.LoginConversation, 0.1
04/13/2016 08:33:34 [10] DEBUG  Dispatcher                    :       New Queue ID: 0.1
04/13/2016 08:33:34 [10] INFO   BackgroundThread              : Starting 
04/13/2016 08:33:37 [12] DEBUG  LoginConversation             : Creating login request. 
04/13/2016 08:33:37 [12] DEBUG  InitiatedConversation         : LoginConversation, ConversationID: 0.1: Conversation Id  for Initiated conversation: 0.1
04/13/2016 08:33:37 [12] DEBUG  Conversation                  : LoginConversation, ConversationID: 0.1: Setting Message IDs
04/13/2016 08:33:37 [12] DEBUG  Conversation                  : LoginConversation, ConversationID: 0.1: Conversation is initiating send.
04/13/2016 08:33:37 [12] DEBUG  PostMan                       : Sending UDP (Messages.RequestMessages.LoginRequest, MessageID: 0.1, ConversationID: 0.1)
Endpoint: 127.0.0.1:12000
JSON: {"__type":"LoginRequest:#Messages.RequestMessages","ConvId":{"Pid":0,"Seq":1},"MsgId":{"Pid":0,"Seq":1},"Identity":{"ANumber":"A00000001","Alias":"The Instructor","FirstName":"The","LastName":"Instructor"},"ProcessLabel":"The Instructor","ProcessType":3,"PublicKey":null}
04/13/2016 08:33:37 [12] DEBUG  PostMan                       : Message Delivered
04/13/2016 08:33:37 [11] DEBUG  PostMan                       : Received UDP (Messages.ReplyMessages.LoginReply, MessageID: 1.2861, ConversationID: 0.1)
JSON: {"__type":"LoginReply:#Messages.ReplyMessages","ConvId":{"Pid":0,"Seq":1},"MsgId":{"Pid":1,"Seq":2861},"Note":"Logged in","Success":true,"PennyBankEndPoint":{"Host":"127.0.0.1","Port":12003},"PennyBankPublicKey":null,"ProcessInfo":{"EndPoint":{"Host":"127.0.0.1","Port":10000},"Label":"The Instructor","ProcessId":19,"Status":3,"Type":3},"ProxyEndPoint":{"Host":"127.0.0.1","Port":12002}}
04/13/2016 08:33:37 [12] DEBUG  Conversation                  : LoginConversation, ConversationID: 0.1: Send succeeded.
04/13/2016 08:33:37 [13] INFO   ispatcher+<>c__DisplayClass7_0: New Message Received: (Messages.ReplyMessages.LoginReply)
04/13/2016 08:33:37 [13] INFO   ispatcher+<>c__DisplayClass7_0: MessageId: 1.2861ConversationId: 0.1
04/13/2016 08:33:37 [13] DEBUG  Dispatcher                    : Successsfully queued a new message of type LoginReply, for conversation: 0.1
04/13/2016 08:33:37 [12] DEBUG  Conversation                  : LoginConversation, ConversationID: 0.1: Message available!
04/13/2016 08:33:37 [12] DEBUG  Conversation                  : LoginConversation, ConversationID: 0.1: Message available!
04/13/2016 08:33:37 [12] DEBUG  Conversation                  : LoginConversation, ConversationID: 0.1: Received Message is valid
04/13/2016 08:33:37 [12] DEBUG  Conversation                  : Received a Message of type: LoginReply
04/13/2016 08:33:37 [12] DEBUG  LoginConversation             : Proxy endpoint is 127.0.0.1:12003
04/13/2016 08:33:37 [12] INFO   Conversation                  : Conversation Succeeded
04/13/2016 08:33:37 [12] INFO   Conversation                  : Conversation Succeeded
04/13/2016 08:33:37 [10] DEBUG  PlayerProcess                 : In Process GetGameList function.
04/13/2016 08:33:37 [10] DEBUG  ConversationFactory           : Creating Conversation of type GameListConversation
04/13/2016 08:33:37 [10] DEBUG  Dispatcher                    : Adding Conversation Player.Conversation.GameListConversation, 19.2
04/13/2016 08:33:37 [10] DEBUG  Dispatcher                    :       New Queue ID: 19.2
04/13/2016 08:33:37 [10] INFO   BackgroundThread              : Starting 
04/13/2016 08:33:39 [15] DEBUG  GameListConversation          : Queuing game list request. 
04/13/2016 08:33:39 [15] DEBUG  InitiatedConversation         : GameListConversation, ConversationID: 19.2: Conversation Id  for Initiated conversation: 19.2
04/13/2016 08:33:39 [11] DEBUG  PostMan                       : Received UDP (Messages.RequestMessages.AliveRequest, MessageID: 1.2754, ConversationID: 1.2754)
JSON: {"__type":"AliveRequest:#Messages.RequestMessages","ConvId":{"Pid":1,"Seq":2754},"MsgId":{"Pid":1,"Seq":2754}}
04/13/2016 08:33:39 [15] DEBUG  Conversation                  : GameListConversation, ConversationID: 19.2: Setting Message IDs
04/13/2016 08:33:39 [15] DEBUG  Conversation                  : GameListConversation, ConversationID: 19.2: Conversation is initiating send.
04/13/2016 08:33:39 [15] DEBUG  PostMan                       : Sending UDP (Messages.RequestMessages.GameListRequest, MessageID: 19.2, ConversationID: 19.2)
Endpoint: 127.0.0.1:12000
JSON: {"__type":"GameListRequest:#Messages.RequestMessages","ConvId":{"Pid":19,"Seq":2},"MsgId":{"Pid":19,"Seq":2},"StatusFilter":4}
04/13/2016 08:33:39 [15] DEBUG  PostMan                       : Message Delivered
04/13/2016 08:33:39 [15] DEBUG  Conversation                  : GameListConversation, ConversationID: 19.2: Send succeeded.
04/13/2016 08:33:39 [12] INFO   ispatcher+<>c__DisplayClass7_0: New Message Received: (Messages.RequestMessages.AliveRequest)
04/13/2016 08:33:39 [12] INFO   ispatcher+<>c__DisplayClass7_0: MessageId: 1.2754ConversationId: 1.2754
04/13/2016 08:33:39 [12] DEBUG  Dispatcher                    : Conversation  with id= 1.2754 does not exist, trying to create new conversation.
04/13/2016 08:33:39 [12] DEBUG  ConversationFactory           : Creating Conversation of type AliveConversation
04/13/2016 08:33:40 [12] DEBUG  Dispatcher                    : Adding Conversation Player.Conversation.AliveConversation, 1.2754
04/13/2016 08:33:40 [12] DEBUG  Dispatcher                    :       New Queue ID: 1.2754
04/13/2016 08:33:40 [12] DEBUG  Dispatcher                    : Successsfully queued a new message of type AliveRequest, for conversation: 1.2754
04/13/2016 08:33:40 [12] INFO   BackgroundThread              : Starting 
04/13/2016 08:33:40 [14] DEBUG  Conversation                  : AliveConversation, ConversationID: 1.2754: Message available!
04/13/2016 08:33:40 [14] DEBUG  Conversation                  : AliveConversation, ConversationID: 1.2754: Message available!
04/13/2016 08:33:40 [14] DEBUG  Conversation                  : AliveConversation, ConversationID: 1.2754: Message available!
04/13/2016 08:33:40 [14] DEBUG  Conversation                  : AliveConversation, ConversationID: 1.2754: Received Message is valid
04/13/2016 08:33:40 [14] DEBUG  Conversation                  : Received a Message of type: AliveRequest
04/13/2016 08:33:40 [14] DEBUG  AliveConversation             : Messages.RequestMessages.AliveRequest
04/13/2016 08:33:40 [14] DEBUG  AliveConversation             : Creating Alive Response
04/13/2016 08:33:40 [14] DEBUG  ResponseConversation          : AliveConversation, ConversationID: 1.2754: Conversation Id  for Response conversation: 1.2754
04/13/2016 08:33:40 [14] DEBUG  Conversation                  : AliveConversation, ConversationID: 1.2754: Setting Message IDs
04/13/2016 08:33:40 [14] DEBUG  Conversation                  : AliveConversation, ConversationID: 1.2754: Conversation is initiating send.
04/13/2016 08:33:40 [14] DEBUG  PostMan                       : Sending UDP (Messages.ReplyMessages.Reply, MessageID: 19.3, ConversationID: 1.2754)
Endpoint: 127.0.0.1:12000
JSON: {"__type":"Reply:#Messages.ReplyMessages","ConvId":{"Pid":1,"Seq":2754},"MsgId":{"Pid":19,"Seq":3},"Note":"I'm Alive","Success":true}
04/13/2016 08:33:40 [14] DEBUG  PostMan                       : Message Delivered
04/13/2016 08:33:40 [14] DEBUG  Conversation                  : AliveConversation, ConversationID: 1.2754: Send succeeded.
04/13/2016 08:33:46 [15] DEBUG  GameListConversation          : Queuing game list request. 
04/13/2016 08:33:46 [15] DEBUG  InitiatedConversation         : GameListConversation, ConversationID: 19.2: Conversation Id  for Initiated conversation: 19.2
04/13/2016 08:33:46 [15] DEBUG  Conversation                  : GameListConversation, ConversationID: 19.2: Setting Message IDs
04/13/2016 08:33:46 [15] DEBUG  Conversation                  : GameListConversation, ConversationID: 19.2: Conversation is initiating send.
04/13/2016 08:33:46 [15] DEBUG  PostMan                       : Sending UDP (Messages.RequestMessages.GameListRequest, MessageID: 19.2, ConversationID: 19.2)
Endpoint: 127.0.0.1:12000
JSON: {"__type":"GameListRequest:#Messages.RequestMessages","ConvId":{"Pid":19,"Seq":2},"MsgId":{"Pid":19,"Seq":2},"StatusFilter":4}
04/13/2016 08:33:46 [15] DEBUG  PostMan                       : Message Delivered
04/13/2016 08:33:46 [15] DEBUG  Conversation                  : GameListConversation, ConversationID: 19.2: Send succeeded.
04/13/2016 08:33:46 [11] DEBUG  PostMan                       : Received UDP (Messages.ReplyMessages.GameListReply, MessageID: 1.2997, ConversationID: 19.2)
JSON: {"__type":"GameListReply:#Messages.ReplyMessages","ConvId":{"Pid":19,"Seq":2},"MsgId":{"Pid":1,"Seq":2997},"Note":null,"Success":true,"GameInfo":[]}
04/13/2016 08:33:46 [12] INFO   ispatcher+<>c__DisplayClass7_0: New Message Received: (Messages.ReplyMessages.GameListReply)
04/13/2016 08:33:46 [12] INFO   ispatcher+<>c__DisplayClass7_0: MessageId: 1.2997ConversationId: 19.2
04/13/2016 08:33:46 [12] DEBUG  Dispatcher                    : Successsfully queued a new message of type GameListReply, for conversation: 19.2
04/13/2016 08:33:46 [15] DEBUG  Conversation                  : GameListConversation, ConversationID: 19.2: Message available!
04/13/2016 08:33:46 [15] DEBUG  Conversation                  : GameListConversation, ConversationID: 19.2: Message available!
04/13/2016 08:33:46 [15] DEBUG  Conversation                  : GameListConversation, ConversationID: 19.2: Received Message is valid
04/13/2016 08:33:46 [15] DEBUG  Conversation                  : Received a Message of type: GameListReply
04/13/2016 08:33:46 [15] ERROR  Conversation                  : GameListConversation, ConversationID: 19.2: No games are available. 
04/13/2016 08:33:46 [15] ERROR  Conversation                  : GameListConversation, ConversationID: 19.2: Conversation Failed
04/13/2016 08:33:46 [15] ERROR  Conversation                  : GameListConversation, ConversationID: 19.2: Conversation Ending
04/13/2016 08:33:46 [15] INFO   Conversation                  : Conversation Failed
04/13/2016 08:33:46 [15] INFO   BackgroundThread              : Stopping 
04/13/2016 08:33:46 [15] DEBUG  BackgroundThread              : Leaving Stop
04/13/2016 08:33:46 [15] ERROR  Conversation                  : GameListConversation, ConversationID: 19.2: Conversation Failed
04/13/2016 08:33:46 [15] ERROR  Conversation                  : GameListConversation, ConversationID: 19.2: Conversation Ending
04/13/2016 08:33:46 [15] INFO   Conversation                  : Conversation Failed
04/13/2016 08:33:46 [15] INFO   BackgroundThread              : Stopping 
04/13/2016 08:33:46 [10] DEBUG  PlayerProcess                 : In Process GetGameList function.
04/13/2016 08:33:46 [15] DEBUG  BackgroundThread              : Leaving Stop
04/13/2016 08:33:46 [10] DEBUG  ConversationFactory           : Creating Conversation of type GameListConversation
04/13/2016 08:33:46 [10] DEBUG  Dispatcher                    : Adding Conversation Player.Conversation.GameListConversation, 19.4
04/13/2016 08:33:46 [10] DEBUG  Dispatcher                    :       New Queue ID: 19.4
04/13/2016 08:33:46 [10] INFO   BackgroundThread              : Starting 
04/13/2016 08:33:48 [13] DEBUG  GameListConversation          : Queuing game list request. 
04/13/2016 08:33:48 [13] DEBUG  InitiatedConversation         : GameListConversation, ConversationID: 19.4: Conversation Id  for Initiated conversation: 19.4
04/13/2016 08:33:48 [13] DEBUG  Conversation                  : GameListConversation, ConversationID: 19.4: Setting Message IDs
04/13/2016 08:33:48 [13] DEBUG  Conversation                  : GameListConversation, ConversationID: 19.4: Conversation is initiating send.
04/13/2016 08:33:49 [13] DEBUG  PostMan                       : Sending UDP (Messages.RequestMessages.GameListRequest, MessageID: 19.4, ConversationID: 19.4)
Endpoint: 127.0.0.1:12000
JSON: {"__type":"GameListRequest:#Messages.RequestMessages","ConvId":{"Pid":19,"Seq":4},"MsgId":{"Pid":19,"Seq":4},"StatusFilter":4}
04/13/2016 08:33:49 [13] DEBUG  PostMan                       : Message Delivered
04/13/2016 08:33:49 [11] DEBUG  PostMan                       : Received UDP (Messages.ReplyMessages.GameListReply, MessageID: 1.3038, ConversationID: 19.4)
JSON: {"__type":"GameListReply:#Messages.ReplyMessages","ConvId":{"Pid":19,"Seq":4},"MsgId":{"Pid":1,"Seq":3038},"Note":null,"Success":true,"GameInfo":[]}
04/13/2016 08:33:49 [13] DEBUG  Conversation                  : GameListConversation, ConversationID: 19.4: Send succeeded.
04/13/2016 08:33:49 [12] INFO   ispatcher+<>c__DisplayClass7_0: New Message Received: (Messages.ReplyMessages.GameListReply)
04/13/2016 08:33:49 [12] INFO   ispatcher+<>c__DisplayClass7_0: MessageId: 1.3038ConversationId: 19.4
04/13/2016 08:33:49 [12] DEBUG  Dispatcher                    : Successsfully queued a new message of type GameListReply, for conversation: 19.4
04/13/2016 08:33:49 [13] DEBUG  Conversation                  : GameListConversation, ConversationID: 19.4: Message available!
04/13/2016 08:33:49 [13] DEBUG  Conversation                  : GameListConversation, ConversationID: 19.4: Message available!
04/13/2016 08:33:49 [13] DEBUG  Conversation                  : GameListConversation, ConversationID: 19.4: Received Message is valid
04/13/2016 08:33:49 [13] DEBUG  Conversation                  : Received a Message of type: GameListReply
04/13/2016 08:33:49 [13] ERROR  Conversation                  : GameListConversation, ConversationID: 19.4: No games are available. 
04/13/2016 08:33:49 [13] ERROR  Conversation                  : GameListConversation, ConversationID: 19.4: Conversation Failed
04/13/2016 08:33:49 [13] ERROR  Conversation                  : GameListConversation, ConversationID: 19.4: Conversation Ending
04/13/2016 08:33:49 [13] INFO   Conversation                  : Conversation Failed
04/13/2016 08:33:49 [13] INFO   BackgroundThread              : Stopping 
04/13/2016 08:33:49 [13] DEBUG  BackgroundThread              : Leaving Stop
04/13/2016 08:33:49 [13] ERROR  Conversation                  : GameListConversation, ConversationID: 19.4: Conversation Failed
04/13/2016 08:33:49 [13] ERROR  Conversation                  : GameListConversation, ConversationID: 19.4: Conversation Ending
04/13/2016 08:33:49 [13] INFO   Conversation                  : Conversation Failed
04/13/2016 08:33:49 [13] INFO   BackgroundThread              : Stopping 
04/13/2016 08:33:49 [13] DEBUG  BackgroundThread              : Leaving Stop
04/13/2016 08:33:49 [10] DEBUG  PlayerProcess                 : In Process GetGameList function.
04/13/2016 08:33:49 [10] DEBUG  ConversationFactory           : Creating Conversation of type GameListConversation
04/13/2016 08:33:49 [10] DEBUG  Dispatcher                    : Adding Conversation Player.Conversation.GameListConversation, 19.5
04/13/2016 08:33:49 [10] DEBUG  Dispatcher                    :       New Queue ID: 19.5
04/13/2016 08:33:49 [10] INFO   BackgroundThread              : Starting 
04/13/2016 08:33:51 [16] DEBUG  GameListConversation          : Queuing game list request. 
04/13/2016 08:33:51 [16] DEBUG  InitiatedConversation         : GameListConversation, ConversationID: 19.5: Conversation Id  for Initiated conversation: 19.5
04/13/2016 08:33:51 [16] DEBUG  Conversation                  : GameListConversation, ConversationID: 19.5: Setting Message IDs
04/13/2016 08:33:51 [16] DEBUG  Conversation                  : GameListConversation, ConversationID: 19.5: Conversation is initiating send.
04/13/2016 08:33:51 [16] DEBUG  PostMan                       : Sending UDP (Messages.RequestMessages.GameListRequest, MessageID: 19.5, ConversationID: 19.5)
Endpoint: 127.0.0.1:12000
JSON: {"__type":"GameListRequest:#Messages.RequestMessages","ConvId":{"Pid":19,"Seq":5},"MsgId":{"Pid":19,"Seq":5},"StatusFilter":4}
04/13/2016 08:33:51 [16] DEBUG  PostMan                       : Message Delivered
04/13/2016 08:33:51 [11] DEBUG  PostMan                       : Received UDP (Messages.ReplyMessages.GameListReply, MessageID: 1.3081, ConversationID: 19.5)
JSON: {"__type":"GameListReply:#Messages.ReplyMessages","ConvId":{"Pid":19,"Seq":5},"MsgId":{"Pid":1,"Seq":3081},"Note":null,"Success":true,"GameInfo":[]}
04/13/2016 08:33:51 [16] DEBUG  Conversation                  : GameListConversation, ConversationID: 19.5: Send succeeded.
04/13/2016 08:33:51 [17] INFO   ispatcher+<>c__DisplayClass7_0: New Message Received: (Messages.ReplyMessages.GameListReply)
04/13/2016 08:33:52 [17] INFO   ispatcher+<>c__DisplayClass7_0: MessageId: 1.3081ConversationId: 19.5
04/13/2016 08:33:52 [17] DEBUG  Dispatcher                    : Successsfully queued a new message of type GameListReply, for conversation: 19.5
04/13/2016 08:33:52 [16] DEBUG  Conversation                  : GameListConversation, ConversationID: 19.5: Message available!
04/13/2016 08:33:52 [16] DEBUG  Conversation                  : GameListConversation, ConversationID: 19.5: Message available!
04/13/2016 08:33:52 [16] DEBUG  Conversation                  : GameListConversation, ConversationID: 19.5: Received Message is valid
04/13/2016 08:33:52 [16] DEBUG  Conversation                  : Received a Message of type: GameListReply
04/13/2016 08:33:52 [16] ERROR  Conversation                  : GameListConversation, ConversationID: 19.5: No games are available. 
04/13/2016 08:33:52 [16] ERROR  Conversation                  : GameListConversation, ConversationID: 19.5: Conversation Failed
04/13/2016 08:33:52 [16] ERROR  Conversation                  : GameListConversation, ConversationID: 19.5: Conversation Ending
04/13/2016 08:33:52 [16] INFO   Conversation                  : Conversation Failed
04/13/2016 08:33:52 [16] INFO   BackgroundThread              : Stopping 
04/13/2016 08:33:52 [16] DEBUG  BackgroundThread              : Leaving Stop
04/13/2016 08:33:52 [16] ERROR  Conversation                  : GameListConversation, ConversationID: 19.5: Conversation Failed
04/13/2016 08:33:52 [16] ERROR  Conversation                  : GameListConversation, ConversationID: 19.5: Conversation Ending
04/13/2016 08:33:52 [16] INFO   Conversation                  : Conversation Failed
04/13/2016 08:33:52 [16] INFO   BackgroundThread              : Stopping 
04/13/2016 08:33:52 [16] DEBUG  BackgroundThread              : Leaving Stop
04/13/2016 08:33:52 [10] DEBUG  PlayerProcess                 : In Process GetGameList function.
04/13/2016 08:33:52 [10] DEBUG  ConversationFactory           : Creating Conversation of type GameListConversation
04/13/2016 08:33:52 [10] DEBUG  Dispatcher                    : Adding Conversation Player.Conversation.GameListConversation, 19.6
04/13/2016 08:33:52 [10] DEBUG  Dispatcher                    :       New Queue ID: 19.6
04/13/2016 08:33:52 [10] INFO   BackgroundThread              : Starting 
04/13/2016 08:33:54 [12] DEBUG  GameListConversation          : Queuing game list request. 
04/13/2016 08:33:54 [12] DEBUG  InitiatedConversation         : GameListConversation, ConversationID: 19.6: Conversation Id  for Initiated conversation: 19.6
04/13/2016 08:33:54 [12] DEBUG  Conversation                  : GameListConversation, ConversationID: 19.6: Setting Message IDs
04/13/2016 08:33:54 [12] DEBUG  Conversation                  : GameListConversation, ConversationID: 19.6: Conversation is initiating send.
04/13/2016 08:33:54 [12] DEBUG  PostMan                       : Sending UDP (Messages.RequestMessages.GameListRequest, MessageID: 19.6, ConversationID: 19.6)
Endpoint: 127.0.0.1:12000
JSON: {"__type":"GameListRequest:#Messages.RequestMessages","ConvId":{"Pid":19,"Seq":6},"MsgId":{"Pid":19,"Seq":6},"StatusFilter":4}
04/13/2016 08:33:54 [12] DEBUG  PostMan                       : Message Delivered
04/13/2016 08:33:54 [11] DEBUG  PostMan                       : Received UDP (Messages.ReplyMessages.GameListReply, MessageID: 1.3124, ConversationID: 19.6)
JSON: {"__type":"GameListReply:#Messages.ReplyMessages","ConvId":{"Pid":19,"Seq":6},"MsgId":{"Pid":1,"Seq":3124},"Note":null,"Success":true,"GameInfo":[]}
04/13/2016 08:33:54 [12] DEBUG  Conversation                  : GameListConversation, ConversationID: 19.6: Send succeeded.
04/13/2016 08:33:54 [16] INFO   ispatcher+<>c__DisplayClass7_0: New Message Received: (Messages.ReplyMessages.GameListReply)
04/13/2016 08:33:54 [16] INFO   ispatcher+<>c__DisplayClass7_0: MessageId: 1.3124ConversationId: 19.6
04/13/2016 08:33:54 [16] DEBUG  Dispatcher                    : Successsfully queued a new message of type GameListReply, for conversation: 19.6
04/13/2016 08:33:54 [12] DEBUG  Conversation                  : GameListConversation, ConversationID: 19.6: Message available!
04/13/2016 08:33:54 [12] DEBUG  Conversation                  : GameListConversation, ConversationID: 19.6: Message available!
04/13/2016 08:33:54 [12] DEBUG  Conversation                  : GameListConversation, ConversationID: 19.6: Received Message is valid
04/13/2016 08:33:54 [12] DEBUG  Conversation                  : Received a Message of type: GameListReply
04/13/2016 08:33:54 [12] ERROR  Conversation                  : GameListConversation, ConversationID: 19.6: No games are available. 
04/13/2016 08:33:54 [12] ERROR  Conversation                  : GameListConversation, ConversationID: 19.6: Conversation Failed
04/13/2016 08:33:55 [12] ERROR  Conversation                  : GameListConversation, ConversationID: 19.6: Conversation Ending
04/13/2016 08:33:55 [12] INFO   Conversation                  : Conversation Failed
04/13/2016 08:33:55 [12] INFO   BackgroundThread              : Stopping 
04/13/2016 08:33:55 [12] DEBUG  BackgroundThread              : Leaving Stop
04/13/2016 08:33:55 [12] ERROR  Conversation                  : GameListConversation, ConversationID: 19.6: Conversation Failed
04/13/2016 08:33:55 [12] ERROR  Conversation                  : GameListConversation, ConversationID: 19.6: Conversation Ending
04/13/2016 08:33:55 [12] INFO   Conversation                  : Conversation Failed
04/13/2016 08:33:55 [12] INFO   BackgroundThread              : Stopping 
04/13/2016 08:33:55 [12] DEBUG  BackgroundThread              : Leaving Stop
04/13/2016 08:33:55 [10] DEBUG  PlayerProcess                 : In Process GetGameList function.
04/13/2016 08:33:55 [10] DEBUG  ConversationFactory           : Creating Conversation of type GameListConversation
04/13/2016 08:33:55 [10] DEBUG  Dispatcher                    : Adding Conversation Player.Conversation.GameListConversation, 19.7
04/13/2016 08:33:55 [10] DEBUG  Dispatcher                    :       New Queue ID: 19.7
04/13/2016 08:33:55 [10] INFO   BackgroundThread              : Starting 
04/13/2016 08:33:57 [17] DEBUG  GameListConversation          : Queuing game list request. 
04/13/2016 08:33:57 [17] DEBUG  InitiatedConversation         : GameListConversation, ConversationID: 19.7: Conversation Id  for Initiated conversation: 19.7
04/13/2016 08:33:57 [17] DEBUG  Conversation                  : GameListConversation, ConversationID: 19.7: Setting Message IDs
04/13/2016 08:33:57 [17] DEBUG  Conversation                  : GameListConversation, ConversationID: 19.7: Conversation is initiating send.
04/13/2016 08:33:57 [17] DEBUG  PostMan                       : Sending UDP (Messages.RequestMessages.GameListRequest, MessageID: 19.7, ConversationID: 19.7)
Endpoint: 127.0.0.1:12000
JSON: {"__type":"GameListRequest:#Messages.RequestMessages","ConvId":{"Pid":19,"Seq":7},"MsgId":{"Pid":19,"Seq":7},"StatusFilter":4}
04/13/2016 08:33:57 [17] DEBUG  PostMan                       : Message Delivered
04/13/2016 08:33:57 [11] DEBUG  PostMan                       : Received UDP (Messages.ReplyMessages.GameListReply, MessageID: 1.3167, ConversationID: 19.7)
JSON: {"__type":"GameListReply:#Messages.ReplyMessages","ConvId":{"Pid":19,"Seq":7},"MsgId":{"Pid":1,"Seq":3167},"Note":null,"Success":true,"GameInfo":[]}
04/13/2016 08:33:57 [17] DEBUG  Conversation                  : GameListConversation, ConversationID: 19.7: Send succeeded.
04/13/2016 08:33:57 [12] INFO   ispatcher+<>c__DisplayClass7_0: New Message Received: (Messages.ReplyMessages.GameListReply)
04/13/2016 08:33:57 [12] INFO   ispatcher+<>c__DisplayClass7_0: MessageId: 1.3167ConversationId: 19.7
04/13/2016 08:33:57 [12] DEBUG  Dispatcher                    : Successsfully queued a new message of type GameListReply, for conversation: 19.7
04/13/2016 08:33:57 [17] DEBUG  Conversation                  : GameListConversation, ConversationID: 19.7: Message available!
04/13/2016 08:33:57 [17] DEBUG  Conversation                  : GameListConversation, ConversationID: 19.7: Message available!
04/13/2016 08:33:57 [17] DEBUG  Conversation                  : GameListConversation, ConversationID: 19.7: Received Message is valid
04/13/2016 08:33:57 [17] DEBUG  Conversation                  : Received a Message of type: GameListReply
04/13/2016 08:33:57 [17] ERROR  Conversation                  : GameListConversation, ConversationID: 19.7: No games are available. 
04/13/2016 08:33:57 [17] ERROR  Conversation                  : GameListConversation, ConversationID: 19.7: Conversation Failed
04/13/2016 08:33:57 [17] ERROR  Conversation                  : GameListConversation, ConversationID: 19.7: Conversation Ending
04/13/2016 08:33:57 [17] INFO   Conversation                  : Conversation Failed
04/13/2016 08:33:57 [17] INFO   BackgroundThread              : Stopping 
04/13/2016 08:33:57 [17] DEBUG  BackgroundThread              : Leaving Stop
04/13/2016 08:33:58 [17] ERROR  Conversation                  : GameListConversation, ConversationID: 19.7: Conversation Failed
04/13/2016 08:33:58 [17] ERROR  Conversation                  : GameListConversation, ConversationID: 19.7: Conversation Ending
04/13/2016 08:33:58 [17] INFO   Conversation                  : Conversation Failed
04/13/2016 08:33:58 [17] INFO   BackgroundThread              : Stopping 
04/13/2016 08:33:58 [17] DEBUG  BackgroundThread              : Leaving Stop
04/13/2016 08:33:58 [10] DEBUG  PlayerProcess                 : In Process GetGameList function.
04/13/2016 08:33:58 [10] DEBUG  ConversationFactory           : Creating Conversation of type GameListConversation
04/13/2016 08:33:58 [10] DEBUG  Dispatcher                    : Adding Conversation Player.Conversation.GameListConversation, 19.8
04/13/2016 08:33:58 [10] DEBUG  Dispatcher                    :       New Queue ID: 19.8
04/13/2016 08:33:58 [10] INFO   BackgroundThread              : Starting 
04/13/2016 08:34:00 [16] DEBUG  GameListConversation          : Queuing game list request. 
04/13/2016 08:34:00 [16] DEBUG  InitiatedConversation         : GameListConversation, ConversationID: 19.8: Conversation Id  for Initiated conversation: 19.8
04/13/2016 08:34:00 [16] DEBUG  Conversation                  : GameListConversation, ConversationID: 19.8: Setting Message IDs
04/13/2016 08:34:00 [16] DEBUG  Conversation                  : GameListConversation, ConversationID: 19.8: Conversation is initiating send.
04/13/2016 08:34:00 [16] DEBUG  PostMan                       : Sending UDP (Messages.RequestMessages.GameListRequest, MessageID: 19.8, ConversationID: 19.8)
Endpoint: 127.0.0.1:12000
JSON: {"__type":"GameListRequest:#Messages.RequestMessages","ConvId":{"Pid":19,"Seq":8},"MsgId":{"Pid":19,"Seq":8},"StatusFilter":4}
04/13/2016 08:34:00 [16] DEBUG  PostMan                       : Message Delivered
04/13/2016 08:34:00 [11] DEBUG  PostMan                       : Received UDP (Messages.ReplyMessages.GameListReply, MessageID: 1.3209, ConversationID: 19.8)
JSON: {"__type":"GameListReply:#Messages.ReplyMessages","ConvId":{"Pid":19,"Seq":8},"MsgId":{"Pid":1,"Seq":3209},"Note":null,"Success":true,"GameInfo":[]}
04/13/2016 08:34:00 [16] DEBUG  Conversation                  : GameListConversation, ConversationID: 19.8: Send succeeded.
04/13/2016 08:34:00 [12] INFO   ispatcher+<>c__DisplayClass7_0: New Message Received: (Messages.ReplyMessages.GameListReply)
04/13/2016 08:34:00 [12] INFO   ispatcher+<>c__DisplayClass7_0: MessageId: 1.3209ConversationId: 19.8
04/13/2016 08:34:00 [12] DEBUG  Dispatcher                    : Successsfully queued a new message of type GameListReply, for conversation: 19.8
04/13/2016 08:34:00 [16] DEBUG  Conversation                  : GameListConversation, ConversationID: 19.8: Message available!
04/13/2016 08:34:00 [16] DEBUG  Conversation                  : GameListConversation, ConversationID: 19.8: Message available!
04/13/2016 08:34:00 [16] DEBUG  Conversation                  : GameListConversation, ConversationID: 19.8: Received Message is valid
04/13/2016 08:34:00 [16] DEBUG  Conversation                  : Received a Message of type: GameListReply
04/13/2016 08:34:00 [16] ERROR  Conversation                  : GameListConversation, ConversationID: 19.8: No games are available. 
04/13/2016 08:34:00 [16] ERROR  Conversation                  : GameListConversation, ConversationID: 19.8: Conversation Failed
04/13/2016 08:34:00 [16] ERROR  Conversation                  : GameListConversation, ConversationID: 19.8: Conversation Ending
04/13/2016 08:34:00 [16] INFO   Conversation                  : Conversation Failed
04/13/2016 08:34:00 [16] INFO   BackgroundThread              : Stopping 
04/13/2016 08:34:00 [10] DEBUG  PlayerProcess                 : In Process GetGameList function.
04/13/2016 08:34:00 [16] DEBUG  BackgroundThread              : Leaving Stop
04/13/2016 08:34:00 [10] DEBUG  ConversationFactory           : Creating Conversation of type GameListConversation
04/13/2016 08:34:00 [16] ERROR  Conversation                  : GameListConversation, ConversationID: 19.8: Conversation Failed
04/13/2016 08:34:00 [16] ERROR  Conversation                  : GameListConversation, ConversationID: 19.8: Conversation Ending
04/13/2016 08:34:00 [16] INFO   Conversation                  : Conversation Failed
04/13/2016 08:34:00 [10] DEBUG  Dispatcher                    : Adding Conversation Player.Conversation.GameListConversation, 19.9
04/13/2016 08:34:00 [16] INFO   BackgroundThread              : Stopping 
04/13/2016 08:34:00 [16] DEBUG  BackgroundThread              : Leaving Stop
04/13/2016 08:34:00 [10] DEBUG  Dispatcher                    :       New Queue ID: 19.9
04/13/2016 08:34:00 [10] INFO   BackgroundThread              : Starting 
04/13/2016 08:34:00 [11] DEBUG  PostMan                       : Received UDP (Messages.RequestMessages.AliveRequest, MessageID: 1.3217, ConversationID: 1.3217)
JSON: {"__type":"AliveRequest:#Messages.RequestMessages","ConvId":{"Pid":1,"Seq":3217},"MsgId":{"Pid":1,"Seq":3217}}
04/13/2016 08:34:01 [17] INFO   ispatcher+<>c__DisplayClass7_0: New Message Received: (Messages.RequestMessages.AliveRequest)
04/13/2016 08:34:01 [17] INFO   ispatcher+<>c__DisplayClass7_0: MessageId: 1.3217ConversationId: 1.3217
04/13/2016 08:34:01 [17] DEBUG  Dispatcher                    : Conversation  with id= 1.3217 does not exist, trying to create new conversation.
04/13/2016 08:34:01 [17] DEBUG  ConversationFactory           : Creating Conversation of type AliveConversation
04/13/2016 08:34:01 [17] DEBUG  Dispatcher                    : Adding Conversation Player.Conversation.AliveConversation, 1.3217
04/13/2016 08:34:01 [17] DEBUG  Dispatcher                    :       New Queue ID: 1.3217
04/13/2016 08:34:01 [17] DEBUG  Dispatcher                    : Successsfully queued a new message of type AliveRequest, for conversation: 1.3217
04/13/2016 08:34:01 [17] INFO   BackgroundThread              : Starting 
04/13/2016 08:34:01 [13] DEBUG  Conversation                  : AliveConversation, ConversationID: 1.3217: Message available!
04/13/2016 08:34:01 [13] DEBUG  Conversation                  : AliveConversation, ConversationID: 1.3217: Message available!
04/13/2016 08:34:01 [13] DEBUG  Conversation                  : AliveConversation, ConversationID: 1.3217: Message available!
04/13/2016 08:34:01 [13] DEBUG  Conversation                  : AliveConversation, ConversationID: 1.3217: Received Message is valid
04/13/2016 08:34:01 [13] DEBUG  Conversation                  : Received a Message of type: AliveRequest
04/13/2016 08:34:01 [13] DEBUG  AliveConversation             : Messages.RequestMessages.AliveRequest
04/13/2016 08:34:01 [13] DEBUG  AliveConversation             : Creating Alive Response
04/13/2016 08:34:01 [13] DEBUG  ResponseConversation          : AliveConversation, ConversationID: 1.3217: Conversation Id  for Response conversation: 1.3217
04/13/2016 08:34:01 [13] DEBUG  Conversation                  : AliveConversation, ConversationID: 1.3217: Setting Message IDs
04/13/2016 08:34:01 [13] DEBUG  Conversation                  : AliveConversation, ConversationID: 1.3217: Conversation is initiating send.
04/13/2016 08:34:01 [13] DEBUG  PostMan                       : Sending UDP (Messages.ReplyMessages.Reply, MessageID: 19.10, ConversationID: 1.3217)
Endpoint: 127.0.0.1:12000
JSON: {"__type":"Reply:#Messages.ReplyMessages","ConvId":{"Pid":1,"Seq":3217},"MsgId":{"Pid":19,"Seq":10},"Note":"I'm Alive","Success":true}
04/13/2016 08:34:01 [13] DEBUG  PostMan                       : Message Delivered
04/13/2016 08:34:01 [13] DEBUG  Conversation                  : AliveConversation, ConversationID: 1.3217: Send succeeded.
04/13/2016 08:34:03 [12] DEBUG  GameListConversation          : Queuing game list request. 
04/13/2016 08:34:03 [12] DEBUG  InitiatedConversation         : GameListConversation, ConversationID: 19.9: Conversation Id  for Initiated conversation: 19.9
04/13/2016 08:34:03 [12] DEBUG  Conversation                  : GameListConversation, ConversationID: 19.9: Setting Message IDs
04/13/2016 08:34:03 [12] DEBUG  Conversation                  : GameListConversation, ConversationID: 19.9: Conversation is initiating send.
04/13/2016 08:34:03 [12] DEBUG  PostMan                       : Sending UDP (Messages.RequestMessages.GameListRequest, MessageID: 19.9, ConversationID: 19.9)
Endpoint: 127.0.0.1:12000
JSON: {"__type":"GameListRequest:#Messages.RequestMessages","ConvId":{"Pid":19,"Seq":9},"MsgId":{"Pid":19,"Seq":9},"StatusFilter":4}
04/13/2016 08:34:03 [12] DEBUG  PostMan                       : Message Delivered
04/13/2016 08:34:03 [11] DEBUG  PostMan                       : Received UDP (Messages.ReplyMessages.GameListReply, MessageID: 1.3255, ConversationID: 19.9)
JSON: {"__type":"GameListReply:#Messages.ReplyMessages","ConvId":{"Pid":19,"Seq":9},"MsgId":{"Pid":1,"Seq":3255},"Note":null,"Success":true,"GameInfo":[]}
04/13/2016 08:34:03 [12] DEBUG  Conversation                  : GameListConversation, ConversationID: 19.9: Send succeeded.
04/13/2016 08:34:03 [15] INFO   ispatcher+<>c__DisplayClass7_0: New Message Received: (Messages.ReplyMessages.GameListReply)
04/13/2016 08:34:03 [15] INFO   ispatcher+<>c__DisplayClass7_0: MessageId: 1.3255ConversationId: 19.9
04/13/2016 08:34:03 [15] DEBUG  Dispatcher                    : Successsfully queued a new message of type GameListReply, for conversation: 19.9
04/13/2016 08:34:03 [12] DEBUG  Conversation                  : GameListConversation, ConversationID: 19.9: Message available!
04/13/2016 08:34:03 [12] DEBUG  Conversation                  : GameListConversation, ConversationID: 19.9: Message available!
04/13/2016 08:34:03 [12] DEBUG  Conversation                  : GameListConversation, ConversationID: 19.9: Received Message is valid
04/13/2016 08:34:03 [12] DEBUG  Conversation                  : Received a Message of type: GameListReply
04/13/2016 08:34:03 [12] ERROR  Conversation                  : GameListConversation, ConversationID: 19.9: No games are available. 
04/13/2016 08:34:03 [12] ERROR  Conversation                  : GameListConversation, ConversationID: 19.9: Conversation Failed
04/13/2016 08:34:03 [12] ERROR  Conversation                  : GameListConversation, ConversationID: 19.9: Conversation Ending
04/13/2016 08:34:03 [12] INFO   Conversation                  : Conversation Failed
04/13/2016 08:34:03 [12] INFO   BackgroundThread              : Stopping 
04/13/2016 08:34:03 [12] DEBUG  BackgroundThread              : Leaving Stop
04/13/2016 08:34:03 [12] ERROR  Conversation                  : GameListConversation, ConversationID: 19.9: Conversation Failed
04/13/2016 08:34:03 [12] ERROR  Conversation                  : GameListConversation, ConversationID: 19.9: Conversation Ending
04/13/2016 08:34:03 [12] INFO   Conversation                  : Conversation Failed
04/13/2016 08:34:03 [12] INFO   BackgroundThread              : Stopping 
04/13/2016 08:34:03 [12] DEBUG  BackgroundThread              : Leaving Stop
04/13/2016 08:34:03 [10] DEBUG  PlayerProcess                 : In Process GetGameList function.
04/13/2016 08:34:03 [10] DEBUG  ConversationFactory           : Creating Conversation of type GameListConversation
04/13/2016 08:34:03 [10] DEBUG  Dispatcher                    : Adding Conversation Player.Conversation.GameListConversation, 19.11
04/13/2016 08:34:03 [10] DEBUG  Dispatcher                    :       New Queue ID: 19.11
04/13/2016 08:34:03 [10] INFO   BackgroundThread              : Starting 
04/13/2016 08:34:06 [16] DEBUG  GameListConversation          : Queuing game list request. 
04/13/2016 08:34:06 [16] DEBUG  InitiatedConversation         : GameListConversation, ConversationID: 19.11: Conversation Id  for Initiated conversation: 19.11
04/13/2016 08:34:06 [16] DEBUG  Conversation                  : GameListConversation, ConversationID: 19.11: Setting Message IDs
04/13/2016 08:34:06 [16] DEBUG  Conversation                  : GameListConversation, ConversationID: 19.11: Conversation is initiating send.
04/13/2016 08:34:06 [16] DEBUG  PostMan                       : Sending UDP (Messages.RequestMessages.GameListRequest, MessageID: 19.11, ConversationID: 19.11)
Endpoint: 127.0.0.1:12000
JSON: {"__type":"GameListRequest:#Messages.RequestMessages","ConvId":{"Pid":19,"Seq":11},"MsgId":{"Pid":19,"Seq":11},"StatusFilter":4}
04/13/2016 08:34:06 [16] DEBUG  PostMan                       : Message Delivered
04/13/2016 08:34:06 [11] DEBUG  PostMan                       : Received UDP (Messages.ReplyMessages.GameListReply, MessageID: 1.3298, ConversationID: 19.11)
JSON: {"__type":"GameListReply:#Messages.ReplyMessages","ConvId":{"Pid":19,"Seq":11},"MsgId":{"Pid":1,"Seq":3298},"Note":null,"Success":true,"GameInfo":[]}
04/13/2016 08:34:06 [16] DEBUG  Conversation                  : GameListConversation, ConversationID: 19.11: Send succeeded.
04/13/2016 08:34:06 [12] INFO   ispatcher+<>c__DisplayClass7_0: New Message Received: (Messages.ReplyMessages.GameListReply)
04/13/2016 08:34:06 [12] INFO   ispatcher+<>c__DisplayClass7_0: MessageId: 1.3298ConversationId: 19.11
04/13/2016 08:34:06 [12] DEBUG  Dispatcher                    : Successsfully queued a new message of type GameListReply, for conversation: 19.11
04/13/2016 08:34:06 [16] DEBUG  Conversation                  : GameListConversation, ConversationID: 19.11: Message available!
04/13/2016 08:34:06 [16] DEBUG  Conversation                  : GameListConversation, ConversationID: 19.11: Message available!
04/13/2016 08:34:06 [16] DEBUG  Conversation                  : GameListConversation, ConversationID: 19.11: Received Message is valid
04/13/2016 08:34:06 [16] DEBUG  Conversation                  : Received a Message of type: GameListReply
04/13/2016 08:34:06 [16] ERROR  Conversation                  : GameListConversation, ConversationID: 19.11: No games are available. 
04/13/2016 08:34:06 [16] ERROR  Conversation                  : GameListConversation, ConversationID: 19.11: Conversation Failed
04/13/2016 08:34:06 [16] ERROR  Conversation                  : GameListConversation, ConversationID: 19.11: Conversation Ending
04/13/2016 08:34:06 [16] INFO   Conversation                  : Conversation Failed
04/13/2016 08:34:06 [10] DEBUG  PlayerProcess                 : In Process GetGameList function.
04/13/2016 08:34:06 [16] INFO   BackgroundThread              : Stopping 
04/13/2016 08:34:06 [16] DEBUG  BackgroundThread              : Leaving Stop
04/13/2016 08:34:06 [16] ERROR  Conversation                  : GameListConversation, ConversationID: 19.11: Conversation Failed
04/13/2016 08:34:06 [16] ERROR  Conversation                  : GameListConversation, ConversationID: 19.11: Conversation Ending
04/13/2016 08:34:06 [16] INFO   Conversation                  : Conversation Failed
04/13/2016 08:34:06 [16] INFO   BackgroundThread              : Stopping 
04/13/2016 08:34:06 [16] DEBUG  BackgroundThread              : Leaving Stop
04/13/2016 08:34:06 [10] DEBUG  ConversationFactory           : Creating Conversation of type GameListConversation
04/13/2016 08:34:06 [10] DEBUG  Dispatcher                    : Adding Conversation Player.Conversation.GameListConversation, 19.12
04/13/2016 08:34:06 [10] DEBUG  Dispatcher                    :       New Queue ID: 19.12
04/13/2016 08:34:06 [10] INFO   BackgroundThread              : Starting 
04/13/2016 08:34:08 [12] DEBUG  GameListConversation          : Queuing game list request. 
04/13/2016 08:34:08 [12] DEBUG  InitiatedConversation         : GameListConversation, ConversationID: 19.12: Conversation Id  for Initiated conversation: 19.12
04/13/2016 08:34:08 [12] DEBUG  Conversation                  : GameListConversation, ConversationID: 19.12: Setting Message IDs
04/13/2016 08:34:08 [12] DEBUG  Conversation                  : GameListConversation, ConversationID: 19.12: Conversation is initiating send.
04/13/2016 08:34:08 [12] DEBUG  PostMan                       : Sending UDP (Messages.RequestMessages.GameListRequest, MessageID: 19.12, ConversationID: 19.12)
Endpoint: 127.0.0.1:12000
JSON: {"__type":"GameListRequest:#Messages.RequestMessages","ConvId":{"Pid":19,"Seq":12},"MsgId":{"Pid":19,"Seq":12},"StatusFilter":4}
04/13/2016 08:34:08 [12] DEBUG  PostMan                       : Message Delivered
04/13/2016 08:34:08 [11] DEBUG  PostMan                       : Received UDP (Messages.ReplyMessages.GameListReply, MessageID: 1.3341, ConversationID: 19.12)
JSON: {"__type":"GameListReply:#Messages.ReplyMessages","ConvId":{"Pid":19,"Seq":12},"MsgId":{"Pid":1,"Seq":3341},"Note":null,"Success":true,"GameInfo":[]}
04/13/2016 08:34:08 [12] DEBUG  Conversation                  : GameListConversation, ConversationID: 19.12: Send succeeded.
04/13/2016 08:34:08 [15] INFO   ispatcher+<>c__DisplayClass7_0: New Message Received: (Messages.ReplyMessages.GameListReply)
04/13/2016 08:34:09 [15] INFO   ispatcher+<>c__DisplayClass7_0: MessageId: 1.3341ConversationId: 19.12
04/13/2016 08:34:09 [15] DEBUG  Dispatcher                    : Successsfully queued a new message of type GameListReply, for conversation: 19.12
04/13/2016 08:34:09 [12] DEBUG  Conversation                  : GameListConversation, ConversationID: 19.12: Message available!
04/13/2016 08:34:09 [12] DEBUG  Conversation                  : GameListConversation, ConversationID: 19.12: Message available!
04/13/2016 08:34:09 [12] DEBUG  Conversation                  : GameListConversation, ConversationID: 19.12: Received Message is valid
04/13/2016 08:34:09 [12] DEBUG  Conversation                  : Received a Message of type: GameListReply
04/13/2016 08:34:09 [12] ERROR  Conversation                  : GameListConversation, ConversationID: 19.12: No games are available. 
04/13/2016 08:34:09 [12] ERROR  Conversation                  : GameListConversation, ConversationID: 19.12: Conversation Failed
04/13/2016 08:34:09 [12] ERROR  Conversation                  : GameListConversation, ConversationID: 19.12: Conversation Ending
04/13/2016 08:34:09 [12] INFO   Conversation                  : Conversation Failed
04/13/2016 08:34:09 [12] INFO   BackgroundThread              : Stopping 
04/13/2016 08:34:09 [12] DEBUG  BackgroundThread              : Leaving Stop
04/13/2016 08:34:09 [12] ERROR  Conversation                  : GameListConversation, ConversationID: 19.12: Conversation Failed
04/13/2016 08:34:09 [12] ERROR  Conversation                  : GameListConversation, ConversationID: 19.12: Conversation Ending
04/13/2016 08:34:09 [12] INFO   Conversation                  : Conversation Failed
04/13/2016 08:34:09 [12] INFO   BackgroundThread              : Stopping 
04/13/2016 08:34:09 [12] DEBUG  BackgroundThread              : Leaving Stop
04/13/2016 08:34:09 [10] DEBUG  PlayerProcess                 : In Process GetGameList function.
04/13/2016 08:34:09 [10] DEBUG  ConversationFactory           : Creating Conversation of type GameListConversation
04/13/2016 08:34:09 [10] DEBUG  Dispatcher                    : Adding Conversation Player.Conversation.GameListConversation, 19.13
04/13/2016 08:34:09 [10] DEBUG  Dispatcher                    :       New Queue ID: 19.13
04/13/2016 08:34:09 [10] INFO   BackgroundThread              : Starting 
04/13/2016 08:34:11 [16] DEBUG  GameListConversation          : Queuing game list request. 
04/13/2016 08:34:11 [16] DEBUG  InitiatedConversation         : GameListConversation, ConversationID: 19.13: Conversation Id  for Initiated conversation: 19.13
04/13/2016 08:34:11 [16] DEBUG  Conversation                  : GameListConversation, ConversationID: 19.13: Setting Message IDs
04/13/2016 08:34:11 [16] DEBUG  Conversation                  : GameListConversation, ConversationID: 19.13: Conversation is initiating send.
04/13/2016 08:34:11 [16] DEBUG  PostMan                       : Sending UDP (Messages.RequestMessages.GameListRequest, MessageID: 19.13, ConversationID: 19.13)
Endpoint: 127.0.0.1:12000
JSON: {"__type":"GameListRequest:#Messages.RequestMessages","ConvId":{"Pid":19,"Seq":13},"MsgId":{"Pid":19,"Seq":13},"StatusFilter":4}
04/13/2016 08:34:11 [16] DEBUG  PostMan                       : Message Delivered
04/13/2016 08:34:11 [11] DEBUG  PostMan                       : Received UDP (Messages.ReplyMessages.GameListReply, MessageID: 1.3384, ConversationID: 19.13)
JSON: {"__type":"GameListReply:#Messages.ReplyMessages","ConvId":{"Pid":19,"Seq":13},"MsgId":{"Pid":1,"Seq":3384},"Note":null,"Success":true,"GameInfo":[]}
04/13/2016 08:34:11 [16] DEBUG  Conversation                  : GameListConversation, ConversationID: 19.13: Send succeeded.
04/13/2016 08:34:11 [17] INFO   ispatcher+<>c__DisplayClass7_0: New Message Received: (Messages.ReplyMessages.GameListReply)
04/13/2016 08:34:12 [17] INFO   ispatcher+<>c__DisplayClass7_0: MessageId: 1.3384ConversationId: 19.13
04/13/2016 08:34:12 [17] DEBUG  Dispatcher                    : Successsfully queued a new message of type GameListReply, for conversation: 19.13
04/13/2016 08:34:12 [16] DEBUG  Conversation                  : GameListConversation, ConversationID: 19.13: Message available!
04/13/2016 08:34:12 [16] DEBUG  Conversation                  : GameListConversation, ConversationID: 19.13: Message available!
04/13/2016 08:34:12 [16] DEBUG  Conversation                  : GameListConversation, ConversationID: 19.13: Received Message is valid
04/13/2016 08:34:12 [16] DEBUG  Conversation                  : Received a Message of type: GameListReply
04/13/2016 08:34:12 [16] ERROR  Conversation                  : GameListConversation, ConversationID: 19.13: No games are available. 
04/13/2016 08:34:12 [16] ERROR  Conversation                  : GameListConversation, ConversationID: 19.13: Conversation Failed
04/13/2016 08:34:12 [16] ERROR  Conversation                  : GameListConversation, ConversationID: 19.13: Conversation Ending
04/13/2016 08:34:12 [16] INFO   Conversation                  : Conversation Failed
04/13/2016 08:34:12 [16] INFO   BackgroundThread              : Stopping 
04/13/2016 08:34:12 [16] DEBUG  BackgroundThread              : Leaving Stop
04/13/2016 08:34:12 [16] ERROR  Conversation                  : GameListConversation, ConversationID: 19.13: Conversation Failed
04/13/2016 08:34:12 [16] ERROR  Conversation                  : GameListConversation, ConversationID: 19.13: Conversation Ending
04/13/2016 08:34:12 [16] INFO   Conversation                  : Conversation Failed
04/13/2016 08:34:12 [16] INFO   BackgroundThread              : Stopping 
04/13/2016 08:34:12 [16] DEBUG  BackgroundThread              : Leaving Stop
04/13/2016 08:34:12 [10] DEBUG  PlayerProcess                 : In Process GetGameList function.
04/13/2016 08:34:12 [10] DEBUG  ConversationFactory           : Creating Conversation of type GameListConversation
04/13/2016 08:34:12 [10] DEBUG  Dispatcher                    : Adding Conversation Player.Conversation.GameListConversation, 19.14
04/13/2016 08:34:12 [10] DEBUG  Dispatcher                    :       New Queue ID: 19.14
04/13/2016 08:34:12 [10] INFO   BackgroundThread              : Starting 
