04/13/2016 01:09:26 [ 7] DEBUG  PlayerConnection              : Using Local Settings.
04/13/2016 01:09:26 [ 7] DEBUG  PlayerConnection              : Starting Application. 
04/13/2016 01:09:26 [ 7] DEBUG  PlayerConnection              : Initializing Subsystem
04/13/2016 01:09:26 [ 7] DEBUG  PlayerProcess                 : Initializeing Player Subsystem.
04/13/2016 01:09:26 [ 7] DEBUG  PlayerConnection              : Initializing Player
04/13/2016 01:09:26 [ 7] DEBUG  PlayerProcess                 : Initializing Player Details.
04/13/2016 01:09:26 [ 7] INFO   BackgroundThread              : Starting 
04/13/2016 01:09:26 [10] INFO   BackgroundThread              : Starting 
04/13/2016 01:09:26 [10] DEBUG  PlayerProcess                 : In Process Login function.
04/13/2016 01:09:26 [10] DEBUG  ConversationFactory           : Creating Conversation of type LoginConversation
04/13/2016 01:09:26 [10] DEBUG  Dispatcher                    : Adding Conversation Player.Conversation.LoginConversation, 0.1
04/13/2016 01:09:26 [10] DEBUG  Dispatcher                    :       New Queue ID: 0.1
04/13/2016 01:09:26 [10] INFO   BackgroundThread              : Starting 
04/13/2016 01:09:29 [13] DEBUG  LoginConversation             : Creating login request. 
04/13/2016 01:09:29 [13] DEBUG  InitiatedConversation         : LoginConversation, ConversationID: 0.1: Conversation Id  for Initiated conversation: 0.1
04/13/2016 01:09:29 [13] DEBUG  Conversation                  : LoginConversation, ConversationID: 0.1: Setting Message IDs
04/13/2016 01:09:29 [13] DEBUG  Conversation                  : LoginConversation, ConversationID: 0.1: Conversation is initiating send.
04/13/2016 01:09:29 [13] DEBUG  PostMan                       : Sending UDP (Messages.RequestMessages.LoginRequest, MessageID: 0.1, ConversationID: 0.1)
Endpoint: 127.0.0.1:12000
JSON: {"__type":"LoginRequest:#Messages.RequestMessages","ConvId":{"Pid":0,"Seq":1},"MsgId":{"Pid":0,"Seq":1},"Identity":{"ANumber":"A00000001","Alias":"The Instructor","FirstName":"The","LastName":"Instructor"},"ProcessLabel":"The Instructor","ProcessType":3,"PublicKey":null}
04/13/2016 01:09:29 [13] DEBUG  PostMan                       : Message Delivered
04/13/2016 01:09:29 [11] DEBUG  PostMan                       : Received UDP (Messages.ReplyMessages.LoginReply, MessageID: 1.171, ConversationID: 0.1)
JSON: {"__type":"LoginReply:#Messages.ReplyMessages","ConvId":{"Pid":0,"Seq":1},"MsgId":{"Pid":1,"Seq":171},"Note":"Logged in","Success":true,"PennyBankEndPoint":{"Host":"127.0.0.1","Port":12002},"PennyBankPublicKey":null,"ProcessInfo":{"EndPoint":{"Host":"127.0.0.1","Port":10000},"Label":"The Instructor","ProcessId":8,"Status":3,"Type":3},"ProxyEndPoint":{"Host":"127.0.0.1","Port":12001}}
04/13/2016 01:09:29 [13] DEBUG  Conversation                  : LoginConversation, ConversationID: 0.1: Send succeeded.
04/13/2016 01:09:29 [15] INFO   ispatcher+<>c__DisplayClass7_0: New Message Received: (Messages.ReplyMessages.LoginReply)
04/13/2016 01:09:29 [15] INFO   ispatcher+<>c__DisplayClass7_0: MessageId: 1.171ConversationId: 0.1
04/13/2016 01:09:29 [15] DEBUG  Dispatcher                    : Successsfully queued a new message of type LoginReply, for conversation: 0.1
04/13/2016 01:09:29 [13] DEBUG  Conversation                  : LoginConversation, ConversationID: 0.1: Message available!
04/13/2016 01:09:29 [13] DEBUG  Conversation                  : LoginConversation, ConversationID: 0.1: Message available!
04/13/2016 01:09:29 [13] DEBUG  Conversation                  : LoginConversation, ConversationID: 0.1: Received Message is valid
04/13/2016 01:09:29 [13] DEBUG  Conversation                  : Received a Message of type: LoginReply
04/13/2016 01:09:29 [13] DEBUG  LoginConversation             : Proxy endpoint is 127.0.0.1:12002
04/13/2016 01:09:29 [13] INFO   Conversation                  : Conversation Succeeded
04/13/2016 01:09:29 [13] INFO   Conversation                  : Conversation Succeeded
04/13/2016 01:09:29 [10] DEBUG  PlayerProcess                 : In Process GetGameList function.
04/13/2016 01:09:29 [10] DEBUG  ConversationFactory           : Creating Conversation of type GameListConversation
04/13/2016 01:09:29 [10] DEBUG  Dispatcher                    : Adding Conversation Player.Conversation.GameListConversation, 8.2
04/13/2016 01:09:29 [10] DEBUG  Dispatcher                    :       New Queue ID: 8.2
04/13/2016 01:09:29 [10] INFO   BackgroundThread              : Starting 
04/13/2016 01:09:32 [15] DEBUG  GameListConversation          : Queuing game list request. 
04/13/2016 01:09:32 [15] DEBUG  InitiatedConversation         : GameListConversation, ConversationID: 8.2: Conversation Id  for Initiated conversation: 8.2
04/13/2016 01:09:32 [15] DEBUG  Conversation                  : GameListConversation, ConversationID: 8.2: Setting Message IDs
04/13/2016 01:09:32 [15] DEBUG  Conversation                  : GameListConversation, ConversationID: 8.2: Conversation is initiating send.
04/13/2016 01:09:32 [15] DEBUG  PostMan                       : Sending UDP (Messages.RequestMessages.GameListRequest, MessageID: 8.2, ConversationID: 8.2)
Endpoint: 127.0.0.1:12000
JSON: {"__type":"GameListRequest:#Messages.RequestMessages","ConvId":{"Pid":8,"Seq":2},"MsgId":{"Pid":8,"Seq":2},"StatusFilter":4}
04/13/2016 01:09:32 [15] DEBUG  PostMan                       : Message Delivered
04/13/2016 01:09:32 [15] DEBUG  Conversation                  : GameListConversation, ConversationID: 8.2: Send succeeded.
04/13/2016 01:09:32 [11] DEBUG  PostMan                       : Received UDP (Messages.ReplyMessages.GameListReply, MessageID: 1.172, ConversationID: 8.2)
JSON: {"__type":"GameListReply:#Messages.ReplyMessages","ConvId":{"Pid":8,"Seq":2},"MsgId":{"Pid":1,"Seq":172},"Note":null,"Success":true,"GameInfo":[{"CurrentProcesses":[{"HasUmbrellaRaised":false,"HitPoints":0,"LifePoints":100,"ProcessId":4,"Type":4},{"HasUmbrellaRaised":false,"HitPoints":0,"LifePoints":100,"ProcessId":5,"Type":5},{"HasUmbrellaRaised":false,"HitPoints":0,"LifePoints":100,"ProcessId":6,"Type":3},{"HasUmbrellaRaised":false,"HitPoints":0,"LifePoints":100,"ProcessId":7,"Type":3}],"GameId":3,"GameManagerId":2,"Label":"GM78071's 1st Game","MaxPlayers":3,"MinPlayers":3,"StartingPlayers":[],"Status":4,"Winners":null}]}
04/13/2016 01:09:32 [14] INFO   ispatcher+<>c__DisplayClass7_0: New Message Received: (Messages.ReplyMessages.GameListReply)
04/13/2016 01:09:32 [14] INFO   ispatcher+<>c__DisplayClass7_0: MessageId: 1.172ConversationId: 8.2
04/13/2016 01:09:32 [14] DEBUG  Dispatcher                    : Successsfully queued a new message of type GameListReply, for conversation: 8.2
04/13/2016 01:09:32 [15] DEBUG  Conversation                  : GameListConversation, ConversationID: 8.2: Message available!
04/13/2016 01:09:32 [15] DEBUG  Conversation                  : GameListConversation, ConversationID: 8.2: Message available!
04/13/2016 01:09:32 [15] DEBUG  Conversation                  : GameListConversation, ConversationID: 8.2: Received Message is valid
04/13/2016 01:09:32 [15] DEBUG  Conversation                  : Received a Message of type: GameListReply
04/13/2016 01:09:32 [15] INFO   Conversation                  : Conversation Succeeded
04/13/2016 01:09:32 [15] INFO   Conversation                  : Conversation Succeeded
04/13/2016 01:09:32 [10] DEBUG  PlayerProcess                 : In Process JoinGame function.
04/13/2016 01:09:32 [10] DEBUG  ConversationFactory           : Creating Conversation of type JoinGameConversation
04/13/2016 01:09:32 [10] DEBUG  Dispatcher                    : Adding Conversation Player.Conversation.JoinGameConversation, 8.3
04/13/2016 01:09:32 [10] DEBUG  Dispatcher                    :       New Queue ID: 8.3
04/13/2016 01:09:32 [10] INFO   BackgroundThread              : Starting 
04/13/2016 01:09:34 [16] DEBUG  JoinGameConversation          : Queuing join game request. 
04/13/2016 01:09:34 [16] DEBUG  JoinGameConversation          : Requesting GameId: 3
04/13/2016 01:09:34 [16] DEBUG  Conversation                  : JoinGameConversation, ConversationID: 8.3: Message is routing message
04/13/2016 01:09:34 [16] DEBUG  InitiatedConversation         : JoinGameConversation, ConversationID: 8.3: Conversation Id  for Initiated conversation: 8.3
04/13/2016 01:09:34 [16] DEBUG  Conversation                  : JoinGameConversation, ConversationID: 8.3: Setting Message IDs
04/13/2016 01:09:34 [16] DEBUG  Conversation                  : JoinGameConversation, ConversationID: 8.3: Conversation is initiating send.
04/13/2016 01:09:34 [16] DEBUG  PostMan                       : Sending UDP (Messages.Routing, MessageID: 8.3, ConversationID: 8.3)
Endpoint: 127.0.0.1:12001
JSON: {"__type":"Routing:#Messages","ConvId":{"Pid":8,"Seq":3},"MsgId":{"Pid":8,"Seq":3},"InnerMessage":{"__type":"JoinGameRequest:#Messages.RequestMessages","ConvId":{"Pid":8,"Seq":3},"MsgId":{"Pid":8,"Seq":3},"GameId":3,"Process":{"EndPoint":{"Host":"127.0.0.1","Port":10000},"Label":"The Instructor","ProcessId":8,"Status":4,"Type":3}},"ToProcessIds":[2]}
04/13/2016 01:09:34 [16] DEBUG  PostMan                       : Message Delivered
04/13/2016 01:09:34 [16] DEBUG  Conversation                  : JoinGameConversation, ConversationID: 8.3: Send succeeded.
04/13/2016 01:09:34 [11] DEBUG  PostMan                       : Received UDP (Messages.Routing, MessageID: 2.63, ConversationID: 8.3)
JSON: {"__type":"Routing:#Messages","ConvId":{"Pid":8,"Seq":3},"MsgId":{"Pid":2,"Seq":63},"InnerMessage":{"__type":"JoinGameReply:#Messages.ReplyMessages","ConvId":{"Pid":8,"Seq":3},"MsgId":{"Pid":2,"Seq":63},"Note":null,"Success":true,"GameId":3,"InitialLifePoints":100},"ToProcessIds":[8]}
04/13/2016 01:09:34 [14] INFO   ispatcher+<>c__DisplayClass7_0: New Message Received: (Messages.Routing)
04/13/2016 01:09:34 [14] INFO   ispatcher+<>c__DisplayClass7_0: MessageId: 2.63ConversationId: 8.3
04/13/2016 01:09:34 [14] DEBUG  Dispatcher                    : Successsfully queued a new message of type Routing, for conversation: 8.3
04/13/2016 01:09:35 [16] DEBUG  Conversation                  : JoinGameConversation, ConversationID: 8.3: Message available!
04/13/2016 01:09:35 [11] DEBUG  PostMan                       : Received UDP (Messages.Routing, MessageID: 2.66, ConversationID: 2.66)
JSON: {"__type":"Routing:#Messages","ConvId":{"Pid":2,"Seq":66},"MsgId":{"Pid":2,"Seq":66},"InnerMessage":{"__type":"GameStatusNotification:#Messages.RequestMessages","ConvId":{"Pid":2,"Seq":66},"MsgId":{"Pid":2,"Seq":66},"Game":{"CurrentProcesses":[{"HasUmbrellaRaised":false,"HitPoints":0,"LifePoints":100,"ProcessId":4,"Type":4},{"HasUmbrellaRaised":false,"HitPoints":0,"LifePoints":100,"ProcessId":5,"Type":5},{"HasUmbrellaRaised":false,"HitPoints":0,"LifePoints":100,"ProcessId":6,"Type":3},{"HasUmbrellaRaised":false,"HitPoints":0,"LifePoints":100,"ProcessId":7,"Type":3},{"HasUmbrellaRaised":false,"HitPoints":0,"LifePoints":100,"ProcessId":8,"Type":3}],"GameId":3,"GameManagerId":2,"Label":"GM78071's 1st Game","MaxPlayers":3,"MinPlayers":3,"StartingPlayers":[],"Status":8,"Winners":null}},"ToProcessIds":[4,5,6,7,8]}
04/13/2016 01:09:35 [16] DEBUG  Conversation                  : JoinGameConversation, ConversationID: 8.3: Message available!
04/13/2016 01:09:35 [12] INFO   ispatcher+<>c__DisplayClass7_0: New Message Received: (Messages.Routing)
04/13/2016 01:09:35 [16] DEBUG  Conversation                  : JoinGameConversation, ConversationID: 8.3: Received Message is valid
04/13/2016 01:09:35 [16] DEBUG  Conversation                  : Received a Message of type: Routing
04/13/2016 01:09:35 [16] INFO   Conversation                  : Conversation Succeeded
04/13/2016 01:09:35 [12] INFO   ispatcher+<>c__DisplayClass7_0: MessageId: 2.66ConversationId: 2.66
04/13/2016 01:09:35 [12] DEBUG  Dispatcher                    : Conversation  with id= 2.66 does not exist, trying to create new conversation.
04/13/2016 01:09:35 [12] DEBUG  ConversationFactory           : Creating Conversation of type GameStatusConversation
04/13/2016 01:09:35 [16] INFO   Conversation                  : Conversation Succeeded
04/13/2016 01:09:35 [12] DEBUG  Dispatcher                    : Adding Conversation Player.Conversation.GameStatusConversation, 2.66
04/13/2016 01:09:35 [12] DEBUG  Dispatcher                    :       New Queue ID: 2.66
04/13/2016 01:09:35 [12] DEBUG  Dispatcher                    : Successsfully queued a new message of type Routing, for conversation: 2.66
04/13/2016 01:09:35 [12] INFO   BackgroundThread              : Starting 
04/13/2016 01:09:35 [15] DEBUG  Conversation                  : GameStatusConversation, ConversationID: 2.66: Message available!
04/13/2016 01:09:35 [15] DEBUG  Conversation                  : GameStatusConversation, ConversationID: 2.66: Message available!
04/13/2016 01:09:35 [15] DEBUG  Conversation                  : GameStatusConversation, ConversationID: 2.66: Message available!
04/13/2016 01:09:35 [15] DEBUG  Conversation                  : GameStatusConversation, ConversationID: 2.66: Received Message is valid
04/13/2016 01:09:35 [15] DEBUG  Conversation                  : Received a Message of type: Routing
04/13/2016 01:09:35 [15] INFO   Conversation                  : Conversation Succeeded
04/13/2016 01:09:35 [15] INFO   Conversation                  : Conversation Succeeded
04/13/2016 01:09:35 [11] DEBUG  PostMan                       : Received UDP (Messages.RequestMessages.AliveRequest, MessageID: 1.170, ConversationID: 1.170)
JSON: {"__type":"AliveRequest:#Messages.RequestMessages","ConvId":{"Pid":1,"Seq":170},"MsgId":{"Pid":1,"Seq":170}}
04/13/2016 01:09:35 [12] INFO   ispatcher+<>c__DisplayClass7_0: New Message Received: (Messages.RequestMessages.AliveRequest)
04/13/2016 01:09:35 [12] INFO   ispatcher+<>c__DisplayClass7_0: MessageId: 1.170ConversationId: 1.170
04/13/2016 01:09:35 [12] DEBUG  Dispatcher                    : Conversation  with id= 1.170 does not exist, trying to create new conversation.
04/13/2016 01:09:35 [12] DEBUG  ConversationFactory           : Creating Conversation of type AliveConversation
04/13/2016 01:09:35 [12] DEBUG  Dispatcher                    : Adding Conversation Player.Conversation.AliveConversation, 1.170
04/13/2016 01:09:35 [12] DEBUG  Dispatcher                    :       New Queue ID: 1.170
04/13/2016 01:09:35 [12] DEBUG  Dispatcher                    : Successsfully queued a new message of type AliveRequest, for conversation: 1.170
04/13/2016 01:09:35 [11] DEBUG  PostMan                       : Received UDP (Messages.RequestMessages.AllowanceDeliveryRequest, MessageID: 1.175, ConversationID: 1.175)
JSON: {"__type":"AllowanceDeliveryRequest:#Messages.RequestMessages","ConvId":{"Pid":1,"Seq":175},"MsgId":{"Pid":1,"Seq":175},"NumberOfPennies":400,"PortNumber":12997}
04/13/2016 01:09:35 [12] INFO   BackgroundThread              : Starting 
04/13/2016 01:09:35 [14] DEBUG  Conversation                  : AliveConversation, ConversationID: 1.170: Message available!
04/13/2016 01:09:35 [14] DEBUG  Conversation                  : AliveConversation, ConversationID: 1.170: Message available!
04/13/2016 01:09:35 [14] DEBUG  Conversation                  : AliveConversation, ConversationID: 1.170: Message available!
04/13/2016 01:09:35 [14] DEBUG  Conversation                  : AliveConversation, ConversationID: 1.170: Received Message is valid
04/13/2016 01:09:35 [16] INFO   ispatcher+<>c__DisplayClass7_0: New Message Received: (Messages.RequestMessages.AllowanceDeliveryRequest)
04/13/2016 01:09:35 [16] INFO   ispatcher+<>c__DisplayClass7_0: MessageId: 1.175ConversationId: 1.175
04/13/2016 01:09:35 [14] DEBUG  Conversation                  : Received a Message of type: AliveRequest
04/13/2016 01:09:36 [16] DEBUG  Dispatcher                    : Conversation  with id= 1.175 does not exist, trying to create new conversation.
04/13/2016 01:09:36 [16] DEBUG  ConversationFactory           : Creating Conversation of type AllowanceDeliveryConversation
04/13/2016 01:09:36 [16] DEBUG  Dispatcher                    : Adding Conversation Player.Conversation.AllowanceDeliveryConversation, 1.175
04/13/2016 01:09:36 [16] DEBUG  Dispatcher                    :       New Queue ID: 1.175
04/13/2016 01:09:36 [16] DEBUG  Dispatcher                    : Successsfully queued a new message of type AllowanceDeliveryRequest, for conversation: 1.175
04/13/2016 01:09:36 [16] INFO   BackgroundThread              : Starting 
04/13/2016 01:09:36 [13] DEBUG  Conversation                  : AllowanceDeliveryConversation, ConversationID: 1.175: Message available!
04/13/2016 01:09:36 [13] DEBUG  Conversation                  : AllowanceDeliveryConversation, ConversationID: 1.175: Message available!
04/13/2016 01:09:36 [14] DEBUG  AliveConversation             : Creating Alive Response
04/13/2016 01:09:36 [13] DEBUG  Conversation                  : AllowanceDeliveryConversation, ConversationID: 1.175: Message available!
04/13/2016 01:09:36 [13] DEBUG  Conversation                  : AllowanceDeliveryConversation, ConversationID: 1.175: Received Message is valid
04/13/2016 01:09:36 [13] DEBUG  Conversation                  : Received a Message of type: AllowanceDeliveryRequest
04/13/2016 01:09:36 [13] DEBUG  AllowanceDeliveryConversation : Received Allowance Delivery Request. 
04/13/2016 01:09:36 [13] DEBUG  TCPSocket                     : Destination Endpoint is: 127.0.0.1:12997
04/13/2016 01:09:36 [14] DEBUG  ResponseConversation          : AliveConversation, ConversationID: 1.170: Conversation Id  for Response conversation: 1.170
04/13/2016 01:09:36 [14] DEBUG  Conversation                  : AliveConversation, ConversationID: 1.170: Setting Message IDs
04/13/2016 01:09:36 [14] DEBUG  Conversation                  : AliveConversation, ConversationID: 1.170: Conversation is initiating send.
04/13/2016 01:09:36 [13] DEBUG  TCPSocket                     : Opening Remote TCP Connection
04/13/2016 01:09:36 [14] DEBUG  PostMan                       : Sending UDP (Messages.ReplyMessages.Reply, MessageID: 8.4, ConversationID: 1.170)
Endpoint: 127.0.0.1:12000
JSON: {"__type":"Reply:#Messages.ReplyMessages","ConvId":{"Pid":1,"Seq":170},"MsgId":{"Pid":8,"Seq":4},"Note":"I'm Alive","Success":true}
04/13/2016 01:09:36 [13] DEBUG  TCPSocket                     : TCP Socket connected to 127.0.0.1:12997
04/13/2016 01:09:36 [13] INFO   ersation+<>c__DisplayClass12_0: IN TCP RECEIVE!!!!
04/13/2016 01:09:36 [14] DEBUG  PostMan                       : Message Delivered
04/13/2016 01:09:36 [14] DEBUG  Conversation                  : AliveConversation, ConversationID: 1.170: Send succeeded.
04/13/2016 01:09:36 [13] DEBUG  NetworkStreamExtensions       : In ReadStreamMessage, with stream.ReadTimeout=10000
04/13/2016 01:09:36 [13] DEBUG  NetworkStreamExtensions       : Try to read 4 length bytes, with stream.CanRead=True and stream.ReadTimeout=10000
04/13/2016 01:09:36 [13] DEBUG  NetworkStreamExtensions       : Length bytes read = 4
04/13/2016 01:09:36 [13] DEBUG  NetworkStreamExtensions       : Incoming message will be 34 bytes
04/13/2016 01:09:36 [13] DEBUG  NetworkStreamExtensions       : Try to read 34 length bytes, with stream.CanRead=True and stream.ReadTimeout=10000
04/13/2016 01:09:36 [13] DEBUG  NetworkStreamExtensions       : Message bytes read = 34
04/13/2016 01:09:36 [13] DEBUG  NetworkStreamExtensions       : In ReadStreamMessage, with stream.ReadTimeout=10000
04/13/2016 01:09:36 [13] DEBUG  NetworkStreamExtensions       : Try to read 4 length bytes, with stream.CanRead=True and stream.ReadTimeout=10000
04/13/2016 01:09:36 [13] DEBUG  NetworkStreamExtensions       : Length bytes read = 4
04/13/2016 01:09:36 [13] DEBUG  NetworkStreamExtensions       : Incoming message will be 34 bytes
04/13/2016 01:09:36 [13] DEBUG  NetworkStreamExtensions       : Try to read 34 length bytes, with stream.CanRead=True and stream.ReadTimeout=10000
04/13/2016 01:09:36 [13] DEBUG  NetworkStreamExtensions       : Message bytes read = 34
04/13/2016 01:09:36 [13] DEBUG  NetworkStreamExtensions       : In ReadStreamMessage, with stream.ReadTimeout=10000
04/13/2016 01:09:36 [13] DEBUG  NetworkStreamExtensions       : Try to read 4 length bytes, with stream.CanRead=True and stream.ReadTimeout=10000
04/13/2016 01:09:36 [13] DEBUG  NetworkStreamExtensions       : Length bytes read = 4
04/13/2016 01:09:36 [13] DEBUG  NetworkStreamExtensions       : Incoming message will be 34 bytes
04/13/2016 01:09:36 [13] DEBUG  NetworkStreamExtensions       : Try to read 34 length bytes, with stream.CanRead=True and stream.ReadTimeout=10000
04/13/2016 01:09:36 [13] DEBUG  NetworkStreamExtensions       : Message bytes read = 34
04/13/2016 01:09:36 [13] DEBUG  NetworkStreamExtensions       : In ReadStreamMessage, with stream.ReadTimeout=10000
04/13/2016 01:09:36 [13] DEBUG  NetworkStreamExtensions       : Try to read 4 length bytes, with stream.CanRead=True and stream.ReadTimeout=10000
04/13/2016 01:09:36 [13] DEBUG  NetworkStreamExtensions       : Length bytes read = 4
04/13/2016 01:09:36 [13] DEBUG  NetworkStreamExtensions       : Incoming message will be 34 bytes
04/13/2016 01:09:37 [13] DEBUG  NetworkStreamExtensions       : Try to read 34 length bytes, with stream.CanRead=True and stream.ReadTimeout=10000
04/13/2016 01:09:37 [13] DEBUG  NetworkStreamExtensions       : Message bytes read = 34
04/13/2016 01:09:37 [13] DEBUG  NetworkStreamExtensions       : In ReadStreamMessage, with stream.ReadTimeout=10000
04/13/2016 01:09:37 [13] DEBUG  NetworkStreamExtensions       : Try to read 4 length bytes, with stream.CanRead=True and stream.ReadTimeout=10000
04/13/2016 01:09:37 [13] DEBUG  NetworkStreamExtensions       : Length bytes read = 4
04/13/2016 01:09:37 [13] DEBUG  NetworkStreamExtensions       : Incoming message will be 34 bytes
04/13/2016 01:09:37 [13] DEBUG  NetworkStreamExtensions       : Try to read 34 length bytes, with stream.CanRead=True and stream.ReadTimeout=10000
04/13/2016 01:09:37 [13] DEBUG  NetworkStreamExtensions       : Message bytes read = 34
04/13/2016 01:09:37 [13] DEBUG  NetworkStreamExtensions       : In ReadStreamMessage, with stream.ReadTimeout=10000
04/13/2016 01:09:37 [13] DEBUG  NetworkStreamExtensions       : Try to read 4 length bytes, with stream.CanRead=True and stream.ReadTimeout=10000
04/13/2016 01:09:37 [13] DEBUG  NetworkStreamExtensions       : Length bytes read = 4
04/13/2016 01:09:37 [13] DEBUG  NetworkStreamExtensions       : Incoming message will be 34 bytes
04/13/2016 01:09:37 [13] DEBUG  NetworkStreamExtensions       : Try to read 34 length bytes, with stream.CanRead=True and stream.ReadTimeout=10000
04/13/2016 01:09:37 [13] DEBUG  NetworkStreamExtensions       : Message bytes read = 34
04/13/2016 01:09:37 [13] DEBUG  NetworkStreamExtensions       : In ReadStreamMessage, with stream.ReadTimeout=10000
04/13/2016 01:09:37 [13] DEBUG  NetworkStreamExtensions       : Try to read 4 length bytes, with stream.CanRead=True and stream.ReadTimeout=10000
04/13/2016 01:09:37 [13] DEBUG  NetworkStreamExtensions       : Length bytes read = 4
04/13/2016 01:09:37 [13] DEBUG  NetworkStreamExtensions       : Incoming message will be 34 bytes
04/13/2016 01:09:37 [13] DEBUG  NetworkStreamExtensions       : Try to read 34 length bytes, with stream.CanRead=True and stream.ReadTimeout=10000
04/13/2016 01:09:37 [13] DEBUG  NetworkStreamExtensions       : Message bytes read = 34
04/13/2016 01:09:37 [13] DEBUG  NetworkStreamExtensions       : In ReadStreamMessage, with stream.ReadTimeout=10000
04/13/2016 01:09:37 [13] DEBUG  NetworkStreamExtensions       : Try to read 4 length bytes, with stream.CanRead=True and stream.ReadTimeout=10000
04/13/2016 01:09:37 [13] DEBUG  NetworkStreamExtensions       : Length bytes read = 4
04/13/2016 01:09:37 [13] DEBUG  NetworkStreamExtensions       : Incoming message will be 34 bytes
04/13/2016 01:09:37 [13] DEBUG  NetworkStreamExtensions       : Try to read 34 length bytes, with stream.CanRead=True and stream.ReadTimeout=10000
04/13/2016 01:09:37 [13] DEBUG  NetworkStreamExtensions       : Message bytes read = 34
04/13/2016 01:09:37 [13] DEBUG  NetworkStreamExtensions       : In ReadStreamMessage, with stream.ReadTimeout=10000
04/13/2016 01:09:37 [13] DEBUG  NetworkStreamExtensions       : Try to read 4 length bytes, with stream.CanRead=True and stream.ReadTimeout=10000
04/13/2016 01:09:37 [13] DEBUG  NetworkStreamExtensions       : Length bytes read = 4
04/13/2016 01:09:37 [13] DEBUG  NetworkStreamExtensions       : Incoming message will be 34 bytes
04/13/2016 01:09:37 [13] DEBUG  NetworkStreamExtensions       : Try to read 34 length bytes, with stream.CanRead=True and stream.ReadTimeout=10000
04/13/2016 01:09:37 [13] DEBUG  NetworkStreamExtensions       : Message bytes read = 34
04/13/2016 01:09:37 [13] DEBUG  NetworkStreamExtensions       : In ReadStreamMessage, with stream.ReadTimeout=10000
04/13/2016 01:09:37 [13] DEBUG  NetworkStreamExtensions       : Try to read 4 length bytes, with stream.CanRead=True and stream.ReadTimeout=10000
04/13/2016 01:09:37 [13] DEBUG  NetworkStreamExtensions       : Length bytes read = 4
04/13/2016 01:09:37 [13] DEBUG  NetworkStreamExtensions       : Incoming message will be 34 bytes
04/13/2016 01:09:37 [13] DEBUG  NetworkStreamExtensions       : Try to read 34 length bytes, with stream.CanRead=True and stream.ReadTimeout=10000
04/13/2016 01:09:37 [13] DEBUG  NetworkStreamExtensions       : Message bytes read = 34
04/13/2016 01:09:37 [13] DEBUG  NetworkStreamExtensions       : In ReadStreamMessage, with stream.ReadTimeout=10000
04/13/2016 01:09:37 [13] DEBUG  NetworkStreamExtensions       : Try to read 4 length bytes, with stream.CanRead=True and stream.ReadTimeout=10000
04/13/2016 01:09:37 [13] DEBUG  NetworkStreamExtensions       : Length bytes read = 4
04/13/2016 01:09:37 [13] DEBUG  NetworkStreamExtensions       : Incoming message will be 34 bytes
04/13/2016 01:09:37 [13] DEBUG  NetworkStreamExtensions       : Try to read 34 length bytes, with stream.CanRead=True and stream.ReadTimeout=10000
04/13/2016 01:09:37 [13] DEBUG  NetworkStreamExtensions       : Message bytes read = 34
04/13/2016 01:09:38 [13] DEBUG  NetworkStreamExtensions       : In ReadStreamMessage, with stream.ReadTimeout=10000
04/13/2016 01:09:38 [13] DEBUG  NetworkStreamExtensions       : Try to read 4 length bytes, with stream.CanRead=True and stream.ReadTimeout=10000
04/13/2016 01:09:38 [13] DEBUG  NetworkStreamExtensions       : Length bytes read = 4
04/13/2016 01:09:38 [13] DEBUG  NetworkStreamExtensions       : Incoming message will be 34 bytes
04/13/2016 01:09:38 [13] DEBUG  NetworkStreamExtensions       : Try to read 34 length bytes, with stream.CanRead=True and stream.ReadTimeout=10000
04/13/2016 01:09:38 [13] DEBUG  NetworkStreamExtensions       : Message bytes read = 34
04/13/2016 01:09:38 [13] DEBUG  NetworkStreamExtensions       : In ReadStreamMessage, with stream.ReadTimeout=10000
04/13/2016 01:09:38 [13] DEBUG  NetworkStreamExtensions       : Try to read 4 length bytes, with stream.CanRead=True and stream.ReadTimeout=10000
04/13/2016 01:09:38 [13] DEBUG  NetworkStreamExtensions       : Length bytes read = 4
04/13/2016 01:09:38 [13] DEBUG  NetworkStreamExtensions       : Incoming message will be 34 bytes
04/13/2016 01:09:38 [13] DEBUG  NetworkStreamExtensions       : Try to read 34 length bytes, with stream.CanRead=True and stream.ReadTimeout=10000
04/13/2016 01:09:38 [13] DEBUG  NetworkStreamExtensions       : Message bytes read = 34
04/13/2016 01:09:38 [13] DEBUG  NetworkStreamExtensions       : In ReadStreamMessage, with stream.ReadTimeout=10000
04/13/2016 01:09:38 [13] DEBUG  NetworkStreamExtensions       : Try to read 4 length bytes, with stream.CanRead=True and stream.ReadTimeout=10000
04/13/2016 01:09:38 [13] DEBUG  NetworkStreamExtensions       : Length bytes read = 4
04/13/2016 01:09:38 [13] DEBUG  NetworkStreamExtensions       : Incoming message will be 34 bytes
04/13/2016 01:09:38 [13] DEBUG  NetworkStreamExtensions       : Try to read 34 length bytes, with stream.CanRead=True and stream.ReadTimeout=10000
04/13/2016 01:09:38 [13] DEBUG  NetworkStreamExtensions       : Message bytes read = 34
04/13/2016 01:09:38 [13] DEBUG  NetworkStreamExtensions       : In ReadStreamMessage, with stream.ReadTimeout=10000
04/13/2016 01:09:38 [13] DEBUG  NetworkStreamExtensions       : Try to read 4 length bytes, with stream.CanRead=True and stream.ReadTimeout=10000
04/13/2016 01:09:38 [13] DEBUG  NetworkStreamExtensions       : Length bytes read = 4
04/13/2016 01:09:38 [13] DEBUG  NetworkStreamExtensions       : Incoming message will be 34 bytes
04/13/2016 01:09:38 [13] DEBUG  NetworkStreamExtensions       : Try to read 34 length bytes, with stream.CanRead=True and stream.ReadTimeout=10000
04/13/2016 01:09:38 [13] DEBUG  NetworkStreamExtensions       : Message bytes read = 34
04/13/2016 01:09:38 [13] DEBUG  NetworkStreamExtensions       : In ReadStreamMessage, with stream.ReadTimeout=10000
04/13/2016 01:09:38 [13] DEBUG  NetworkStreamExtensions       : Try to read 4 length bytes, with stream.CanRead=True and stream.ReadTimeout=10000
04/13/2016 01:09:38 [13] DEBUG  NetworkStreamExtensions       : Length bytes read = 4
04/13/2016 01:09:38 [13] DEBUG  NetworkStreamExtensions       : Incoming message will be 34 bytes
04/13/2016 01:09:38 [13] DEBUG  NetworkStreamExtensions       : Try to read 34 length bytes, with stream.CanRead=True and stream.ReadTimeout=10000
04/13/2016 01:09:38 [13] DEBUG  NetworkStreamExtensions       : Message bytes read = 34
04/13/2016 01:09:38 [13] DEBUG  NetworkStreamExtensions       : In ReadStreamMessage, with stream.ReadTimeout=10000
04/13/2016 01:09:38 [13] DEBUG  NetworkStreamExtensions       : Try to read 4 length bytes, with stream.CanRead=True and stream.ReadTimeout=10000
04/13/2016 01:09:38 [13] DEBUG  NetworkStreamExtensions       : Length bytes read = 4
04/13/2016 01:09:38 [13] DEBUG  NetworkStreamExtensions       : Incoming message will be 34 bytes
04/13/2016 01:09:38 [13] DEBUG  NetworkStreamExtensions       : Try to read 34 length bytes, with stream.CanRead=True and stream.ReadTimeout=10000
04/13/2016 01:09:38 [13] DEBUG  NetworkStreamExtensions       : Message bytes read = 34
04/13/2016 01:09:38 [13] DEBUG  NetworkStreamExtensions       : In ReadStreamMessage, with stream.ReadTimeout=10000
04/13/2016 01:09:38 [13] DEBUG  NetworkStreamExtensions       : Try to read 4 length bytes, with stream.CanRead=True and stream.ReadTimeout=10000
04/13/2016 01:09:38 [13] DEBUG  NetworkStreamExtensions       : Length bytes read = 4
04/13/2016 01:09:38 [13] DEBUG  NetworkStreamExtensions       : Incoming message will be 34 bytes
04/13/2016 01:09:38 [13] DEBUG  NetworkStreamExtensions       : Try to read 34 length bytes, with stream.CanRead=True and stream.ReadTimeout=10000
04/13/2016 01:09:38 [13] DEBUG  NetworkStreamExtensions       : Message bytes read = 34
04/13/2016 01:09:38 [13] DEBUG  NetworkStreamExtensions       : In ReadStreamMessage, with stream.ReadTimeout=10000
04/13/2016 01:09:38 [13] DEBUG  NetworkStreamExtensions       : Try to read 4 length bytes, with stream.CanRead=True and stream.ReadTimeout=10000
04/13/2016 01:09:38 [13] DEBUG  NetworkStreamExtensions       : Length bytes read = 4
04/13/2016 01:09:38 [13] DEBUG  NetworkStreamExtensions       : Incoming message will be 34 bytes
04/13/2016 01:09:38 [13] DEBUG  NetworkStreamExtensions       : Try to read 34 length bytes, with stream.CanRead=True and stream.ReadTimeout=10000
04/13/2016 01:09:38 [13] DEBUG  NetworkStreamExtensions       : Message bytes read = 34
04/13/2016 01:09:38 [13] DEBUG  NetworkStreamExtensions       : In ReadStreamMessage, with stream.ReadTimeout=10000
04/13/2016 01:09:38 [13] DEBUG  NetworkStreamExtensions       : Try to read 4 length bytes, with stream.CanRead=True and stream.ReadTimeout=10000
04/13/2016 01:09:38 [13] DEBUG  NetworkStreamExtensions       : Length bytes read = 4
04/13/2016 01:09:38 [13] DEBUG  NetworkStreamExtensions       : Incoming message will be 34 bytes
04/13/2016 01:09:38 [13] DEBUG  NetworkStreamExtensions       : Try to read 34 length bytes, with stream.CanRead=True and stream.ReadTimeout=10000
04/13/2016 01:09:39 [13] DEBUG  NetworkStreamExtensions       : Message bytes read = 34
04/13/2016 01:09:39 [13] DEBUG  NetworkStreamExtensions       : In ReadStreamMessage, with stream.ReadTimeout=10000
04/13/2016 01:09:39 [13] DEBUG  NetworkStreamExtensions       : Try to read 4 length bytes, with stream.CanRead=True and stream.ReadTimeout=10000
04/13/2016 01:09:39 [13] DEBUG  NetworkStreamExtensions       : Length bytes read = 4
04/13/2016 01:09:39 [13] DEBUG  NetworkStreamExtensions       : Incoming message will be 34 bytes
04/13/2016 01:09:39 [13] DEBUG  NetworkStreamExtensions       : Try to read 34 length bytes, with stream.CanRead=True and stream.ReadTimeout=10000
04/13/2016 01:09:39 [13] DEBUG  NetworkStreamExtensions       : Message bytes read = 34
04/13/2016 01:09:39 [13] DEBUG  NetworkStreamExtensions       : In ReadStreamMessage, with stream.ReadTimeout=10000
04/13/2016 01:09:39 [13] DEBUG  NetworkStreamExtensions       : Try to read 4 length bytes, with stream.CanRead=True and stream.ReadTimeout=10000
04/13/2016 01:09:39 [13] DEBUG  NetworkStreamExtensions       : Length bytes read = 4
04/13/2016 01:09:39 [13] DEBUG  NetworkStreamExtensions       : Incoming message will be 34 bytes
04/13/2016 01:09:39 [13] DEBUG  NetworkStreamExtensions       : Try to read 34 length bytes, with stream.CanRead=True and stream.ReadTimeout=10000
04/13/2016 01:09:39 [13] DEBUG  NetworkStreamExtensions       : Message bytes read = 34
04/13/2016 01:09:39 [13] DEBUG  NetworkStreamExtensions       : In ReadStreamMessage, with stream.ReadTimeout=10000
04/13/2016 01:09:39 [13] DEBUG  NetworkStreamExtensions       : Try to read 4 length bytes, with stream.CanRead=True and stream.ReadTimeout=10000
04/13/2016 01:09:39 [13] DEBUG  NetworkStreamExtensions       : Length bytes read = 4
04/13/2016 01:09:39 [13] DEBUG  NetworkStreamExtensions       : Incoming message will be 34 bytes
04/13/2016 01:09:39 [13] DEBUG  NetworkStreamExtensions       : Try to read 34 length bytes, with stream.CanRead=True and stream.ReadTimeout=10000
04/13/2016 01:09:39 [13] DEBUG  NetworkStreamExtensions       : Message bytes read = 34
04/13/2016 01:09:39 [13] DEBUG  NetworkStreamExtensions       : In ReadStreamMessage, with stream.ReadTimeout=10000
04/13/2016 01:09:39 [13] DEBUG  NetworkStreamExtensions       : Try to read 4 length bytes, with stream.CanRead=True and stream.ReadTimeout=10000
04/13/2016 01:09:39 [13] DEBUG  NetworkStreamExtensions       : Length bytes read = 4
04/13/2016 01:09:39 [13] DEBUG  NetworkStreamExtensions       : Incoming message will be 34 bytes
04/13/2016 01:09:39 [13] DEBUG  NetworkStreamExtensions       : Try to read 34 length bytes, with stream.CanRead=True and stream.ReadTimeout=10000
04/13/2016 01:09:39 [13] DEBUG  NetworkStreamExtensions       : Message bytes read = 34
04/13/2016 01:09:39 [13] DEBUG  NetworkStreamExtensions       : In ReadStreamMessage, with stream.ReadTimeout=10000
04/13/2016 01:09:39 [13] DEBUG  NetworkStreamExtensions       : Try to read 4 length bytes, with stream.CanRead=True and stream.ReadTimeout=10000
04/13/2016 01:09:39 [13] DEBUG  NetworkStreamExtensions       : Length bytes read = 4
04/13/2016 01:09:39 [13] DEBUG  NetworkStreamExtensions       : Incoming message will be 34 bytes
