04/07/2016 02:46:27 [ 8] DEBUG  PlayerConnection              : Using Local Settings.
04/07/2016 02:46:27 [ 8] DEBUG  PlayerConnection              : Starting Application. 
04/07/2016 02:46:27 [ 8] DEBUG  PlayerProcess                 : Initializeing Player Subsystem.
04/07/2016 02:46:27 [ 8] DEBUG  PostMan                       : Port is: 10000
04/07/2016 02:46:27 [ 8] DEBUG  PlayerProcess                 : Initializing Player Details.
04/07/2016 02:46:27 [ 8] INFO   BackgroundThread              : Starting 
04/07/2016 02:46:27 [13] INFO   BackgroundThread              : Starting 
04/07/2016 02:46:27 [13] DEBUG  PlayerProcess                 : In Process Login function.
04/07/2016 02:46:27 [13] DEBUG  Dispatcher                    : Adding Conversation Player.Conversation.LoginConversation, 0.1
04/07/2016 02:46:27 [13] DEBUG  Dispatcher                    :       New Queue ID: 0.1
04/07/2016 02:46:27 [13] INFO   BackgroundThread              : Starting 
04/07/2016 02:46:27 [15] DEBUG  LoginConversation             : Creating login request. 
04/07/2016 02:46:27 [15] DEBUG  InitiatedConversation         : Conversation Id  for initiated conversation: 0.1
04/07/2016 02:46:27 [15] DEBUG  PostMan                       : Sending UDP (Messages.RequestMessages.LoginRequest)
04/07/2016 02:46:27 [15] DEBUG  PostMan                       : MessageId: 0.1ConversationId: 0.1
04/07/2016 02:46:27 [15] DEBUG  PostMan                       : Message Delivered
04/07/2016 02:46:27 [11] DEBUG  PostMan                       : Message Received!
04/07/2016 02:46:27 [11] DEBUG  PostMan                       : Raw Message: 
04/07/2016 02:46:27 [11] DEBUG  PostMan                       : {"__type":"LoginReply:#Messages.ReplyMessages","ConvId":{"Pid":0,"Seq":1},"MsgId":{"Pid":1,"Seq":66},"Note":"Logged in","Success":true,"PennyBankEndPoint":{"Host":"127.0.0.1","Port":12003},"PennyBankPublicKey":null,"ProcessInfo":{"EndPoint":{"Host":"127.0.0.1","Port":10000},"Label":"The Instructor","ProcessId":13,"Status":3,"Type":3},"ProxyEndPoint":{"Host":"127.0.0.1","Port":12002}}
04/07/2016 02:46:27 [11] DEBUG  PostMan                       : Message ID: 1.66, ConversationId: 0.1
04/07/2016 02:46:27 [11] DEBUG  Dispatcher                    : Received (Messages.ReplyMessages.LoginReply)
04/07/2016 02:46:27 [11] DEBUG  Dispatcher                    : MessageId: 1.66ConversationId: 0.1
04/07/2016 02:46:32 [15] DEBUG  LoginConversation             : Received a login reply message.
04/07/2016 02:46:32 [15] INFO   BackgroundThread              : Stopping 
04/07/2016 02:46:32 [13] DEBUG  PlayerProcess                 : In Process GetGameList function.
04/07/2016 02:46:32 [15] DEBUG  BackgroundThread              : Leaving Stop
04/07/2016 02:46:32 [13] DEBUG  Dispatcher                    : Adding Conversation Player.Conversation.GameListConversation, 13.2
04/07/2016 02:46:32 [13] DEBUG  Dispatcher                    :       New Queue ID: 13.2
04/07/2016 02:46:32 [13] INFO   BackgroundThread              : Starting 
04/07/2016 02:46:32 [12] DEBUG  GameListConversation          : Queuing game list request. 
04/07/2016 02:46:32 [12] DEBUG  InitiatedConversation         : Conversation Id  for initiated conversation: 13.2
04/07/2016 02:46:32 [12] DEBUG  PostMan                       : Sending UDP (Messages.RequestMessages.GameListRequest)
04/07/2016 02:46:32 [12] DEBUG  PostMan                       : MessageId: 13.2ConversationId: 13.2
04/07/2016 02:46:32 [12] DEBUG  PostMan                       : Message Delivered
04/07/2016 02:46:32 [11] DEBUG  PostMan                       : Message Received!
04/07/2016 02:46:32 [11] DEBUG  PostMan                       : Raw Message: 
04/07/2016 02:46:32 [11] DEBUG  PostMan                       : {"__type":"GameListReply:#Messages.ReplyMessages","ConvId":{"Pid":13,"Seq":2},"MsgId":{"Pid":1,"Seq":67},"Note":null,"Success":true,"GameInfo":[{"CurrentProcesses":[{"HasUmbrellaRaised":false,"HitPoints":0,"LifePoints":100,"ProcessId":11,"Type":5},{"HasUmbrellaRaised":false,"HitPoints":0,"LifePoints":100,"ProcessId":10,"Type":4},{"HasUmbrellaRaised":false,"HitPoints":0,"LifePoints":100,"ProcessId":12,"Type":5}],"GameId":9,"GameManagerId":8,"Label":"GM55371's 1st Game","MaxPlayers":5,"MinPlayers":3,"StartingPlayers":[],"Status":4,"Winners":null}]}
04/07/2016 02:46:32 [11] DEBUG  PostMan                       : Message ID: 1.67, ConversationId: 13.2
04/07/2016 02:46:32 [11] DEBUG  Dispatcher                    : Received (Messages.ReplyMessages.GameListReply)
04/07/2016 02:46:32 [11] DEBUG  Dispatcher                    : MessageId: 1.67ConversationId: 13.2
04/07/2016 02:46:37 [12] DEBUG  GameListConversation          : Received a game list reply message.
04/07/2016 02:46:37 [12] INFO   BackgroundThread              : Stopping 
04/07/2016 02:46:37 [12] DEBUG  BackgroundThread              : Leaving Stop
04/07/2016 02:46:37 [13] DEBUG  PlayerProcess                 : Life points is null, game needs to be started.
04/07/2016 02:46:37 [13] DEBUG  Dispatcher                    : Adding Conversation Player.Conversation.JoinGameConversation, 13.3
04/07/2016 02:46:37 [13] DEBUG  Dispatcher                    :       New Queue ID: 13.3
04/07/2016 02:46:37 [13] INFO   BackgroundThread              : Starting 
04/07/2016 02:46:37 [10] DEBUG  JoinGameConversation          : Queuing join game request. 
04/07/2016 02:46:37 [10] DEBUG  JoinGameConversation          : Requesting GameId: 9
04/07/2016 02:46:37 [10] DEBUG  InitiatedConversation         : Conversation Id  for initiated conversation: 13.3
04/07/2016 02:46:37 [10] DEBUG  PostMan                       : Sending UDP (Messages.Routing)
04/07/2016 02:46:37 [10] DEBUG  PostMan                       : MessageId: 13.3ConversationId: 13.3
04/07/2016 02:46:37 [10] DEBUG  PostMan                       : Message Delivered
04/07/2016 02:46:37 [11] DEBUG  PostMan                       : Message Received!
04/07/2016 02:46:37 [11] DEBUG  PostMan                       : Raw Message: 
04/07/2016 02:46:37 [11] DEBUG  PostMan                       : {"__type":"Routing:#Messages","ConvId":{"Pid":13,"Seq":3},"MsgId":{"Pid":8,"Seq":24},"InnerMessage":{"__type":"JoinGameReply:#Messages.ReplyMessages","ConvId":{"Pid":13,"Seq":3},"MsgId":{"Pid":8,"Seq":24},"Note":null,"Success":true,"GameId":9,"InitialLifePoints":100},"ToProcessIds":[13]}
04/07/2016 02:46:37 [13] DEBUG  PlayerProcess                 : No games available, setting status to 'Registered'
04/07/2016 02:46:37 [11] DEBUG  PostMan                       : Message ID: 8.24, ConversationId: 13.3
04/07/2016 02:46:37 [11] DEBUG  Dispatcher                    : Received (Messages.Routing)
04/07/2016 02:46:37 [11] DEBUG  Dispatcher                    : MessageId: 8.24ConversationId: 13.3
04/07/2016 02:46:37 [11] DEBUG  PostMan                       : Message Received!
04/07/2016 02:46:37 [11] DEBUG  PostMan                       : Raw Message: 
04/07/2016 02:46:37 [11] DEBUG  PostMan                       : {"__type":"Routing:#Messages","ConvId":{"Pid":8,"Seq":27},"MsgId":{"Pid":8,"Seq":27},"InnerMessage":{"__type":"GameStatusNotification:#Messages.RequestMessages","ConvId":{"Pid":8,"Seq":27},"MsgId":{"Pid":8,"Seq":27},"Game":{"CurrentProcesses":[{"HasUmbrellaRaised":false,"HitPoints":0,"LifePoints":100,"ProcessId":11,"Type":5},{"HasUmbrellaRaised":false,"HitPoints":0,"LifePoints":100,"ProcessId":10,"Type":4},{"HasUmbrellaRaised":false,"HitPoints":0,"LifePoints":100,"ProcessId":12,"Type":5},{"HasUmbrellaRaised":false,"HitPoints":0,"LifePoints":100,"ProcessId":13,"Type":3}],"GameId":9,"GameManagerId":8,"Label":"GM55371's 1st Game","MaxPlayers":5,"MinPlayers":3,"StartingPlayers":[],"Status":4,"Winners":null}},"ToProcessIds":[11,10,12,13]}
04/07/2016 02:46:37 [13] DEBUG  PlayerProcess                 : In Process GetGameList function.
04/07/2016 02:46:37 [13] DEBUG  Dispatcher                    : Adding Conversation Player.Conversation.GameListConversation, 13.4
04/07/2016 02:46:37 [11] DEBUG  PostMan                       : Message ID: 8.27, ConversationId: 8.27
04/07/2016 02:46:37 [13] DEBUG  Dispatcher                    :       New Queue ID: 13.4
04/07/2016 02:46:37 [13] INFO   BackgroundThread              : Starting 
04/07/2016 02:46:37 [11] DEBUG  Dispatcher                    : Received (Messages.Routing)
04/07/2016 02:46:38 [12] DEBUG  GameListConversation          : Queuing game list request. 
04/07/2016 02:46:38 [12] DEBUG  InitiatedConversation         : Conversation Id  for initiated conversation: 13.4
04/07/2016 02:46:38 [12] DEBUG  PostMan                       : Sending UDP (Messages.RequestMessages.GameListRequest)
04/07/2016 02:46:38 [12] DEBUG  PostMan                       : MessageId: 13.4ConversationId: 13.4
04/07/2016 02:46:38 [12] DEBUG  PostMan                       : Message Delivered
04/07/2016 02:46:38 [11] DEBUG  Dispatcher                    : MessageId: 8.27ConversationId: 8.27
04/07/2016 02:46:38 [11] DEBUG  Dispatcher                    : Conversation  with id= 8.27 does not exist, trying to create new conversation.
04/07/2016 02:46:38 [11] DEBUG  Dispatcher                    : Adding Conversation Player.Conversation.GameStatusConversation, 8.27
04/07/2016 02:46:38 [11] DEBUG  Dispatcher                    :       New Queue ID: 8.27
04/07/2016 02:46:38 [11] INFO   BackgroundThread              : Starting 
04/07/2016 02:46:38 [15] DEBUG  GameStatusConversation        : Received Game Status Message
04/07/2016 02:46:38 [11] DEBUG  PostMan                       : Message Received!
04/07/2016 02:46:38 [11] DEBUG  PostMan                       : Raw Message: 
04/07/2016 02:46:38 [11] DEBUG  PostMan                       : {"__type":"AllowanceDeliveryRequest:#Messages.RequestMessages","ConvId":{"Pid":1,"Seq":71},"MsgId":{"Pid":1,"Seq":71},"NumberOfPennies":400,"PortNumber":12998}
04/07/2016 02:46:38 [11] DEBUG  PostMan                       : Message ID: 1.71, ConversationId: 1.71
04/07/2016 02:46:38 [11] DEBUG  Dispatcher                    : Received (Messages.RequestMessages.AllowanceDeliveryRequest)
04/07/2016 02:46:38 [11] DEBUG  Dispatcher                    : MessageId: 1.71ConversationId: 1.71
04/07/2016 02:46:38 [11] DEBUG  Dispatcher                    : Conversation  with id= 1.71 does not exist, trying to create new conversation.
04/07/2016 02:46:38 [11] DEBUG  Dispatcher                    : Adding Conversation Player.Conversation.AllowanceDeliveryConversation, 1.71
04/07/2016 02:46:38 [11] DEBUG  Dispatcher                    :       New Queue ID: 1.71
04/07/2016 02:46:38 [11] INFO   BackgroundThread              : Starting 
04/07/2016 02:46:38 [16] DEBUG  AllowanceDeliveryConversation : Received Allowance Delivery Request. 
04/07/2016 02:46:38 [16] DEBUG  AllowanceDeliveryConversation : Creating Reply to Allowance Delivery request. 
04/07/2016 02:46:38 [16] DEBUG  ResponseConversation          : Conversation Id  for Response conversation: 1.71
04/07/2016 02:46:38 [16] DEBUG  PostMan                       : Sending UDP (Messages.ReplyMessages.Reply)
04/07/2016 02:46:38 [16] DEBUG  PostMan                       : MessageId: 1.71ConversationId: 13.5
04/07/2016 02:46:38 [16] DEBUG  PostMan                       : Message Delivered
04/07/2016 02:46:38 [16] DEBUG  TCPStreamReader               : Starting TCP Listener
04/07/2016 02:46:43 [10] DEBUG  JoinGameConversation          : Received a game join message.
04/07/2016 02:46:43 [10] INFO   BackgroundThread              : Stopping 
04/07/2016 02:46:43 [10] DEBUG  BackgroundThread              : Leaving Stop
04/07/2016 02:46:44 [12] ERROR  GameListConversation          : Either the message received was null, or no games are available. 
04/07/2016 02:46:44 [12] INFO   BackgroundThread              : Stopping 
04/07/2016 02:46:44 [12] DEBUG  BackgroundThread              : Leaving Stop
04/07/2016 02:46:44 [13] DEBUG  PlayerProcess                 : In Process GetGameList function.
04/07/2016 02:46:44 [13] DEBUG  Dispatcher                    : Adding Conversation Player.Conversation.GameListConversation, 13.6
04/07/2016 02:46:44 [13] DEBUG  Dispatcher                    :       New Queue ID: 13.6
04/07/2016 02:46:44 [13] INFO   BackgroundThread              : Starting 
04/07/2016 02:46:44 [15] DEBUG  GameListConversation          : Queuing game list request. 
04/07/2016 02:46:44 [15] DEBUG  InitiatedConversation         : Conversation Id  for initiated conversation: 13.6
04/07/2016 02:46:44 [15] DEBUG  PostMan                       : Sending UDP (Messages.RequestMessages.GameListRequest)
04/07/2016 02:46:44 [15] DEBUG  PostMan                       : MessageId: 13.6ConversationId: 13.6
04/07/2016 02:46:44 [15] DEBUG  PostMan                       : Message Delivered
04/07/2016 02:46:44 [11] DEBUG  PostMan                       : Message Received!
04/07/2016 02:46:44 [11] DEBUG  PostMan                       : Raw Message: 
04/07/2016 02:46:44 [11] DEBUG  PostMan                       : {"__type":"GameListReply:#Messages.ReplyMessages","ConvId":{"Pid":13,"Seq":6},"MsgId":{"Pid":1,"Seq":72},"Note":null,"Success":true,"GameInfo":[{"CurrentProcesses":[{"HasUmbrellaRaised":false,"HitPoints":0,"LifePoints":100,"ProcessId":11,"Type":5},{"HasUmbrellaRaised":false,"HitPoints":0,"LifePoints":100,"ProcessId":10,"Type":4},{"HasUmbrellaRaised":false,"HitPoints":0,"LifePoints":100,"ProcessId":12,"Type":5},{"HasUmbrellaRaised":false,"HitPoints":0,"LifePoints":100,"ProcessId":13,"Type":3}],"GameId":9,"GameManagerId":8,"Label":"GM55371's 1st Game","MaxPlayers":5,"MinPlayers":3,"StartingPlayers":[],"Status":4,"Winners":null}]}
04/07/2016 02:46:44 [11] DEBUG  PostMan                       : Message ID: 1.72, ConversationId: 13.6
04/07/2016 02:46:44 [11] DEBUG  Dispatcher                    : Received (Messages.ReplyMessages.GameListReply)
04/07/2016 02:46:44 [11] DEBUG  Dispatcher                    : MessageId: 1.72ConversationId: 13.6
04/07/2016 02:46:48 [11] DEBUG  PostMan                       : Message Received!
04/07/2016 02:46:48 [11] DEBUG  PostMan                       : Raw Message: 
04/07/2016 02:46:48 [11] DEBUG  PostMan                       : {"__type":"AllowanceDeliveryRequest:#Messages.RequestMessages","ConvId":{"Pid":1,"Seq":71},"MsgId":{"Pid":1,"Seq":71},"NumberOfPennies":400,"PortNumber":12998}
04/07/2016 02:46:48 [11] DEBUG  PostMan                       : Message ID: 1.71, ConversationId: 1.71
04/07/2016 02:46:48 [11] DEBUG  Dispatcher                    : Received (Messages.RequestMessages.AllowanceDeliveryRequest)
04/07/2016 02:46:48 [11] DEBUG  Dispatcher                    : MessageId: 1.71ConversationId: 1.71
04/07/2016 02:46:49 [15] DEBUG  GameListConversation          : Received a game list reply message.
04/07/2016 02:46:49 [15] INFO   BackgroundThread              : Stopping 
04/07/2016 02:46:49 [15] DEBUG  BackgroundThread              : Leaving Stop
04/07/2016 02:46:49 [13] DEBUG  PlayerProcess                 : Life points is null, game needs to be started.
04/07/2016 02:46:49 [13] DEBUG  Dispatcher                    : Adding Conversation Player.Conversation.JoinGameConversation, 13.7
04/07/2016 02:46:49 [13] DEBUG  Dispatcher                    :       New Queue ID: 13.7
04/07/2016 02:46:49 [13] INFO   BackgroundThread              : Starting 
04/07/2016 02:46:49 [12] DEBUG  JoinGameConversation          : Queuing join game request. 
04/07/2016 02:46:49 [12] DEBUG  JoinGameConversation          : Requesting GameId: 9
04/07/2016 02:46:49 [12] DEBUG  InitiatedConversation         : Conversation Id  for initiated conversation: 13.7
04/07/2016 02:46:49 [12] DEBUG  PostMan                       : Sending UDP (Messages.Routing)
04/07/2016 02:46:49 [12] DEBUG  PostMan                       : MessageId: 13.7ConversationId: 13.7
04/07/2016 02:46:49 [12] DEBUG  PostMan                       : Message Delivered
04/07/2016 02:46:49 [11] DEBUG  PostMan                       : Message Received!
04/07/2016 02:46:49 [11] DEBUG  PostMan                       : Raw Message: 
04/07/2016 02:46:50 [13] DEBUG  PlayerProcess                 : No games available, setting status to 'Registered'
04/07/2016 02:46:50 [11] DEBUG  PostMan                       : {"__type":"Routing:#Messages","ConvId":{"Pid":13,"Seq":7},"MsgId":{"Pid":8,"Seq":29},"InnerMessage":{"__type":"JoinGameReply:#Messages.ReplyMessages","ConvId":{"Pid":13,"Seq":7},"MsgId":{"Pid":8,"Seq":29},"Note":null,"Success":true,"GameId":9,"InitialLifePoints":100},"ToProcessIds":[13]}
04/07/2016 02:46:50 [11] DEBUG  PostMan                       : Message ID: 8.29, ConversationId: 13.7
04/07/2016 02:46:50 [11] DEBUG  Dispatcher                    : Received (Messages.Routing)
04/07/2016 02:46:50 [11] DEBUG  Dispatcher                    : MessageId: 8.29ConversationId: 13.7
04/07/2016 02:46:50 [13] DEBUG  PlayerProcess                 : In Process GetGameList function.
04/07/2016 02:46:50 [13] DEBUG  Dispatcher                    : Adding Conversation Player.Conversation.GameListConversation, 13.8
04/07/2016 02:46:50 [13] DEBUG  Dispatcher                    :       New Queue ID: 13.8
04/07/2016 02:46:50 [13] INFO   BackgroundThread              : Starting 
04/07/2016 02:46:50 [17] DEBUG  GameListConversation          : Queuing game list request. 
04/07/2016 02:46:50 [17] DEBUG  InitiatedConversation         : Conversation Id  for initiated conversation: 13.8
04/07/2016 02:46:50 [17] DEBUG  PostMan                       : Sending UDP (Messages.RequestMessages.GameListRequest)
04/07/2016 02:46:50 [17] DEBUG  PostMan                       : MessageId: 13.8ConversationId: 13.8
04/07/2016 02:46:50 [17] DEBUG  PostMan                       : Message Delivered
04/07/2016 02:46:50 [11] DEBUG  PostMan                       : Message Received!
04/07/2016 02:46:50 [11] DEBUG  PostMan                       : Raw Message: 
04/07/2016 02:46:50 [11] DEBUG  PostMan                       : {"__type":"GameListReply:#Messages.ReplyMessages","ConvId":{"Pid":13,"Seq":8},"MsgId":{"Pid":1,"Seq":74},"Note":null,"Success":true,"GameInfo":[{"CurrentProcesses":[{"HasUmbrellaRaised":false,"HitPoints":0,"LifePoints":100,"ProcessId":11,"Type":5},{"HasUmbrellaRaised":false,"HitPoints":0,"LifePoints":100,"ProcessId":10,"Type":4},{"HasUmbrellaRaised":false,"HitPoints":0,"LifePoints":100,"ProcessId":12,"Type":5},{"HasUmbrellaRaised":false,"HitPoints":0,"LifePoints":100,"ProcessId":13,"Type":3}],"GameId":9,"GameManagerId":8,"Label":"GM55371's 1st Game","MaxPlayers":5,"MinPlayers":3,"StartingPlayers":[],"Status":4,"Winners":null}]}
04/07/2016 02:46:50 [11] DEBUG  PostMan                       : Message ID: 1.74, ConversationId: 13.8
04/07/2016 02:46:50 [11] DEBUG  Dispatcher                    : Received (Messages.ReplyMessages.GameListReply)
04/07/2016 02:46:50 [11] DEBUG  Dispatcher                    : MessageId: 1.74ConversationId: 13.8
04/07/2016 02:46:50 [11] DEBUG  PostMan                       : Message Received!
04/07/2016 02:46:50 [11] DEBUG  PostMan                       : Raw Message: 
04/07/2016 02:46:50 [11] DEBUG  PostMan                       : {"__type":"AllowanceDeliveryRequest:#Messages.RequestMessages","ConvId":{"Pid":1,"Seq":75},"MsgId":{"Pid":1,"Seq":75},"NumberOfPennies":400,"PortNumber":12997}
04/07/2016 02:46:50 [11] DEBUG  PostMan                       : Message ID: 1.75, ConversationId: 1.75
04/07/2016 02:46:50 [11] DEBUG  Dispatcher                    : Received (Messages.RequestMessages.AllowanceDeliveryRequest)
04/07/2016 02:46:50 [11] DEBUG  Dispatcher                    : MessageId: 1.75ConversationId: 1.75
04/07/2016 02:46:50 [11] DEBUG  Dispatcher                    : Conversation  with id= 1.75 does not exist, trying to create new conversation.
04/07/2016 02:46:50 [11] DEBUG  Dispatcher                    : Adding Conversation Player.Conversation.AllowanceDeliveryConversation, 1.75
04/07/2016 02:46:50 [11] DEBUG  Dispatcher                    :       New Queue ID: 1.75
04/07/2016 02:46:50 [11] INFO   BackgroundThread              : Starting 
04/07/2016 02:46:50 [15] DEBUG  AllowanceDeliveryConversation : Received Allowance Delivery Request. 
04/07/2016 02:46:50 [15] DEBUG  AllowanceDeliveryConversation : Creating Reply to Allowance Delivery request. 
04/07/2016 02:46:50 [15] DEBUG  ResponseConversation          : Conversation Id  for Response conversation: 1.75
04/07/2016 02:46:50 [15] DEBUG  PostMan                       : Sending UDP (Messages.ReplyMessages.Reply)
04/07/2016 02:46:50 [15] DEBUG  PostMan                       : MessageId: 1.75ConversationId: 13.9
04/07/2016 02:46:50 [15] DEBUG  PostMan                       : Message Delivered
04/07/2016 02:46:50 [15] DEBUG  TCPStreamReader               : Starting TCP Listener
04/07/2016 02:47:00 [12] DEBUG  JoinGameConversation          : Received a game join message.
04/07/2016 02:47:00 [11] DEBUG  PostMan                       : Message Received!
04/07/2016 02:47:00 [12] INFO   BackgroundThread              : Stopping 
04/07/2016 02:47:00 [17] DEBUG  GameListConversation          : Received a game list reply message.
04/07/2016 02:47:00 [11] DEBUG  PostMan                       : Raw Message: 
04/07/2016 02:47:00 [12] DEBUG  BackgroundThread              : Leaving Stop
04/07/2016 02:47:00 [17] INFO   BackgroundThread              : Stopping 
04/07/2016 02:47:00 [17] DEBUG  BackgroundThread              : Leaving Stop
04/07/2016 02:47:00 [11] DEBUG  PostMan                       : {"__type":"AliveRequest:#Messages.RequestMessages","ConvId":{"Pid":1,"Seq":77},"MsgId":{"Pid":1,"Seq":77}}
04/07/2016 02:47:00 [11] DEBUG  PostMan                       : Message ID: 1.77, ConversationId: 1.77
04/07/2016 02:47:00 [11] DEBUG  Dispatcher                    : Received (Messages.RequestMessages.AliveRequest)
04/07/2016 02:47:00 [11] DEBUG  Dispatcher                    : MessageId: 1.77ConversationId: 1.77
04/07/2016 02:47:00 [11] DEBUG  Dispatcher                    : Conversation  with id= 1.77 does not exist, trying to create new conversation.
04/07/2016 02:47:00 [11] DEBUG  Dispatcher                    : Adding Conversation Player.Conversation.AliveConversation, 1.77
04/07/2016 02:47:00 [11] DEBUG  Dispatcher                    :       New Queue ID: 1.77
04/07/2016 02:47:00 [11] INFO   BackgroundThread              : Starting 
04/07/2016 02:47:00 [10] DEBUG  AliveConversation             : Creating Alive Response
04/07/2016 02:47:00 [10] DEBUG  ResponseConversation          : Conversation Id  for Response conversation: 1.77
04/07/2016 02:47:00 [10] DEBUG  PostMan                       : Sending UDP (Messages.ReplyMessages.Reply)
04/07/2016 02:47:00 [10] DEBUG  PostMan                       : MessageId: 1.77ConversationId: 13.10
04/07/2016 02:47:00 [10] DEBUG  PostMan                       : Message Delivered
04/07/2016 02:47:00 [11] DEBUG  PostMan                       : Message Received!
04/07/2016 02:47:00 [11] DEBUG  PostMan                       : Raw Message: 
04/07/2016 02:47:00 [11] DEBUG  PostMan                       : {"__type":"AllowanceDeliveryRequest:#Messages.RequestMessages","ConvId":{"Pid":1,"Seq":75},"MsgId":{"Pid":1,"Seq":75},"NumberOfPennies":400,"PortNumber":12997}
04/07/2016 02:47:00 [11] DEBUG  PostMan                       : Message ID: 1.75, ConversationId: 1.75
04/07/2016 02:47:00 [11] DEBUG  Dispatcher                    : Received (Messages.RequestMessages.AllowanceDeliveryRequest)
04/07/2016 02:47:00 [11] DEBUG  Dispatcher                    : MessageId: 1.75ConversationId: 1.75
04/07/2016 02:47:05 [11] DEBUG  PostMan                       : Message Received!
04/07/2016 02:47:05 [11] DEBUG  PostMan                       : Raw Message: 
04/07/2016 02:47:05 [11] DEBUG  PostMan                       : {"__type":"AliveRequest:#Messages.RequestMessages","ConvId":{"Pid":1,"Seq":77},"MsgId":{"Pid":1,"Seq":77}}
04/07/2016 02:47:05 [11] DEBUG  PostMan                       : Message ID: 1.77, ConversationId: 1.77
04/07/2016 02:47:05 [11] DEBUG  Dispatcher                    : Received (Messages.RequestMessages.AliveRequest)
04/07/2016 02:47:05 [11] DEBUG  Dispatcher                    : MessageId: 1.77ConversationId: 1.77
04/07/2016 02:47:10 [11] DEBUG  PostMan                       : Message Received!
04/07/2016 02:47:10 [11] DEBUG  PostMan                       : Raw Message: 
04/07/2016 02:47:10 [11] DEBUG  PostMan                       : {"__type":"AllowanceDeliveryRequest:#Messages.RequestMessages","ConvId":{"Pid":1,"Seq":75},"MsgId":{"Pid":1,"Seq":75},"NumberOfPennies":400,"PortNumber":12997}
04/07/2016 02:47:10 [11] DEBUG  PostMan                       : Message ID: 1.75, ConversationId: 1.75
04/07/2016 02:47:10 [11] DEBUG  Dispatcher                    : Received (Messages.RequestMessages.AllowanceDeliveryRequest)
04/07/2016 02:47:10 [11] DEBUG  Dispatcher                    : MessageId: 1.75ConversationId: 1.75
04/07/2016 02:47:15 [11] DEBUG  PostMan                       : Message Received!
04/07/2016 02:47:15 [11] DEBUG  PostMan                       : Raw Message: 
04/07/2016 02:47:15 [11] DEBUG  PostMan                       : {"__type":"AliveRequest:#Messages.RequestMessages","ConvId":{"Pid":1,"Seq":77},"MsgId":{"Pid":1,"Seq":77}}
04/07/2016 02:47:15 [11] DEBUG  PostMan                       : Message ID: 1.77, ConversationId: 1.77
04/07/2016 02:47:15 [11] DEBUG  Dispatcher                    : Received (Messages.RequestMessages.AliveRequest)
04/07/2016 02:47:15 [11] DEBUG  Dispatcher                    : MessageId: 1.77ConversationId: 1.77
04/07/2016 02:47:26 [11] DEBUG  PostMan                       : Message Received!
04/07/2016 02:47:26 [11] DEBUG  PostMan                       : Raw Message: 
04/07/2016 02:47:26 [11] DEBUG  PostMan                       : {"__type":"AliveRequest:#Messages.RequestMessages","ConvId":{"Pid":1,"Seq":82},"MsgId":{"Pid":1,"Seq":82}}
04/07/2016 02:47:26 [11] DEBUG  PostMan                       : Message ID: 1.82, ConversationId: 1.82
04/07/2016 02:47:26 [11] DEBUG  Dispatcher                    : Received (Messages.RequestMessages.AliveRequest)
04/07/2016 02:47:26 [11] DEBUG  Dispatcher                    : MessageId: 1.82ConversationId: 1.82
04/07/2016 02:47:26 [11] DEBUG  Dispatcher                    : Conversation  with id= 1.82 does not exist, trying to create new conversation.
04/07/2016 02:47:26 [11] DEBUG  Dispatcher                    : Adding Conversation Player.Conversation.AliveConversation, 1.82
04/07/2016 02:47:26 [11] DEBUG  Dispatcher                    :       New Queue ID: 1.82
04/07/2016 02:47:26 [11] INFO   BackgroundThread              : Starting 
04/07/2016 02:47:26 [12] ERROR  ResponseConversation          : Unable to retrieve received message. 
04/07/2016 02:47:36 [11] DEBUG  PostMan                       : Message Received!
04/07/2016 02:47:36 [11] DEBUG  PostMan                       : Raw Message: 
04/07/2016 02:47:36 [11] DEBUG  PostMan                       : {"__type":"AliveRequest:#Messages.RequestMessages","ConvId":{"Pid":1,"Seq":82},"MsgId":{"Pid":1,"Seq":82}}
04/07/2016 02:47:36 [11] DEBUG  PostMan                       : Message ID: 1.82, ConversationId: 1.82
04/07/2016 02:47:36 [11] DEBUG  Dispatcher                    : Received (Messages.RequestMessages.AliveRequest)
04/07/2016 02:47:36 [11] DEBUG  Dispatcher                    : MessageId: 1.82ConversationId: 1.82
04/07/2016 02:47:46 [11] DEBUG  PostMan                       : Message Received!
04/07/2016 02:47:46 [11] DEBUG  PostMan                       : Raw Message: 
04/07/2016 02:47:46 [11] DEBUG  PostMan                       : {"__type":"AliveRequest:#Messages.RequestMessages","ConvId":{"Pid":1,"Seq":82},"MsgId":{"Pid":1,"Seq":82}}
04/07/2016 02:47:46 [11] DEBUG  PostMan                       : Message ID: 1.82, ConversationId: 1.82
04/07/2016 02:47:46 [11] DEBUG  Dispatcher                    : Received (Messages.RequestMessages.AliveRequest)
04/07/2016 02:47:46 [11] DEBUG  Dispatcher                    : MessageId: 1.82ConversationId: 1.82
04/07/2016 02:47:56 [11] DEBUG  PostMan                       : Message Received!
04/07/2016 02:47:56 [11] DEBUG  PostMan                       : Raw Message: 
04/07/2016 02:47:56 [11] DEBUG  PostMan                       : {"__type":"DeadProcessNotification:#Messages.RequestMessages","ConvId":{"Pid":1,"Seq":86},"MsgId":{"Pid":1,"Seq":86},"ProcessId":13}
04/07/2016 02:47:56 [11] DEBUG  PostMan                       : Message ID: 1.86, ConversationId: 1.86
04/07/2016 02:47:56 [11] DEBUG  Dispatcher                    : Received (Messages.RequestMessages.DeadProcessNotification)
04/07/2016 02:47:56 [11] DEBUG  Dispatcher                    : MessageId: 1.86ConversationId: 1.86
04/07/2016 02:47:56 [11] DEBUG  Dispatcher                    : Conversation  with id= 1.86 does not exist, trying to create new conversation.
04/07/2016 02:47:56 [11] ERROR  Dispatcher                    : New conversation returned from factory is Null!
