04/12/2016 12:09:39 [ 9] DEBUG  PlayerConnection              : Using Local Settings.
04/12/2016 12:09:39 [ 9] DEBUG  PlayerConnection              : Starting Application. 
04/12/2016 12:09:39 [ 9] DEBUG  PlayerConnection              : Initializing Subsystem
04/12/2016 12:09:39 [ 9] DEBUG  PlayerProcess                 : Initializeing Player Subsystem.
04/12/2016 12:09:39 [ 9] DEBUG  PlayerConnection              : Initializing Player
04/12/2016 12:09:39 [ 9] DEBUG  PlayerProcess                 : Initializing Player Details.
04/12/2016 12:09:39 [ 9] INFO   BackgroundThread              : Starting 
04/12/2016 12:09:39 [ 6] INFO   BackgroundThread              : Starting 
04/12/2016 12:09:39 [ 6] DEBUG  PlayerProcess                 : ------------- At top of Player process loop -------------
04/12/2016 12:09:39 [ 6] DEBUG  PlayerProcess                 : In Process Login function.
04/12/2016 12:09:39 [ 6] DEBUG  ConversationFactory           : Creating Conversation of type LoginConversation
04/12/2016 12:09:39 [ 6] DEBUG  Dispatcher                    : Adding Conversation Player.Conversation.LoginConversation, 0.1
04/12/2016 12:09:39 [ 6] DEBUG  Dispatcher                    :       New Queue ID: 0.1
04/12/2016 12:09:39 [ 6] INFO   BackgroundThread              : Starting 
04/12/2016 12:09:41 [13] DEBUG  LoginConversation             : Creating login request. 
04/12/2016 12:09:41 [13] DEBUG  InitiatedConversation         : LoginConversation, ConversationID: 0.1: Conversation Id  for Initiated conversation: 0.1
04/12/2016 12:09:41 [13] DEBUG  Conversation                  : LoginConversation, ConversationID: 0.1: Setting Message IDs
04/12/2016 12:09:41 [13] DEBUG  Conversation                  : LoginConversation, ConversationID: 0.1: Message has IDs
04/12/2016 12:09:41 [13] DEBUG  Conversation                  : LoginConversation, ConversationID: 0.1: Message is valid
04/12/2016 12:09:41 [13] DEBUG  Conversation                  : LoginConversation, ConversationID: 0.1: Envelope is valid
04/12/2016 12:09:41 [13] DEBUG  Conversation                  : LoginConversation, ConversationID: 0.1: Conversation is initiating send.
04/12/2016 12:09:41 [13] DEBUG  PostMan                       : Sending UDP (Messages.RequestMessages.LoginRequest, MessageID: 0.1, ConversationID: 0.1)
Endpoint: 127.0.0.1:12000
JSON: {"__type":"LoginRequest:#Messages.RequestMessages","ConvId":{"Pid":0,"Seq":1},"MsgId":{"Pid":0,"Seq":1},"Identity":{"ANumber":"A00000001","Alias":"The Instructor","FirstName":"The","LastName":"Instructor"},"ProcessLabel":"The Instructor","ProcessType":3,"PublicKey":null}
04/12/2016 12:09:41 [13] DEBUG  PostMan                       : Message Delivered
04/12/2016 12:09:41 [13] DEBUG  Conversation                  : LoginConversation, ConversationID: 0.1: Send succeeded.
04/12/2016 12:09:41 [11] DEBUG  PostMan                       : Received UDP (Messages.ReplyMessages.LoginReply, MessageID: 1.16, ConversationID: 0.1)
JSON: {"__type":"LoginReply:#Messages.ReplyMessages","ConvId":{"Pid":0,"Seq":1},"MsgId":{"Pid":1,"Seq":16},"Note":"Logged in","Success":true,"PennyBankEndPoint":{"Host":"127.0.0.1","Port":12003},"PennyBankPublicKey":null,"ProcessInfo":{"EndPoint":{"Host":"127.0.0.1","Port":10000},"Label":"The Instructor","ProcessId":7,"Status":3,"Type":3},"ProxyEndPoint":{"Host":"127.0.0.1","Port":12002}}
04/12/2016 12:09:41 [12] INFO   ispatcher+<>c__DisplayClass7_0: New Message Received: (Messages.ReplyMessages.LoginReply)
04/12/2016 12:09:41 [12] INFO   ispatcher+<>c__DisplayClass7_0: MessageId: 1.16ConversationId: 0.1
04/12/2016 12:09:41 [12] DEBUG  Dispatcher                    : Successsfully queued a new message of type LoginReply, for conversation: 0.1
04/12/2016 12:09:41 [13] DEBUG  Conversation                  : LoginConversation, ConversationID: 0.1: Message available!
04/12/2016 12:09:41 [13] DEBUG  Conversation                  : LoginConversation, ConversationID: 0.1: Message available!
04/12/2016 12:09:41 [13] DEBUG  Conversation                  : LoginConversation, ConversationID: 0.1: Message has IDs
04/12/2016 12:09:41 [13] DEBUG  Conversation                  : LoginConversation, ConversationID: 0.1: Message is valid
04/12/2016 12:09:41 [13] DEBUG  Conversation                  : LoginConversation, ConversationID: 0.1: Envelope is valid
04/12/2016 12:09:41 [13] DEBUG  Conversation                  : LoginConversation, ConversationID: 0.1: Received Message is valid
04/12/2016 12:09:41 [13] DEBUG  LoginConversation             : Received a login reply message.
04/12/2016 12:09:41 [13] DEBUG  LoginConversation             : Proxy endpoint is 127.0.0.1:12003
04/12/2016 12:09:41 [13] INFO   Conversation                  : Conversation Succeeded
04/12/2016 12:09:41 [13] INFO   Conversation                  : Conversation Succeeded
04/12/2016 12:09:41 [ 6] DEBUG  PlayerProcess                 : ------------- At top of Player process loop -------------
04/12/2016 12:09:41 [ 6] DEBUG  PlayerProcess                 : In Process GetGameList function.
04/12/2016 12:09:41 [ 6] DEBUG  ConversationFactory           : Creating Conversation of type GameListConversation
04/12/2016 12:09:41 [ 6] DEBUG  Dispatcher                    : Adding Conversation Player.Conversation.GameListConversation, 7.2
04/12/2016 12:09:41 [ 6] DEBUG  Dispatcher                    :       New Queue ID: 7.2
04/12/2016 12:09:41 [ 6] INFO   BackgroundThread              : Starting 
04/12/2016 12:09:42 [12] DEBUG  GameListConversation          : Queuing game list request. 
04/12/2016 12:09:42 [12] DEBUG  InitiatedConversation         : GameListConversation, ConversationID: 7.2: Conversation Id  for Initiated conversation: 7.2
04/12/2016 12:09:42 [12] DEBUG  Conversation                  : GameListConversation, ConversationID: 7.2: Setting Message IDs
04/12/2016 12:09:42 [12] DEBUG  Conversation                  : GameListConversation, ConversationID: 7.2: Message has IDs
04/12/2016 12:09:42 [12] DEBUG  Conversation                  : GameListConversation, ConversationID: 7.2: Message is valid
04/12/2016 12:09:42 [12] DEBUG  Conversation                  : GameListConversation, ConversationID: 7.2: Envelope is valid
04/12/2016 12:09:42 [12] DEBUG  Conversation                  : GameListConversation, ConversationID: 7.2: Conversation is initiating send.
04/12/2016 12:09:42 [12] DEBUG  PostMan                       : Sending UDP (Messages.RequestMessages.GameListRequest, MessageID: 7.2, ConversationID: 7.2)
Endpoint: 127.0.0.1:12000
JSON: {"__type":"GameListRequest:#Messages.RequestMessages","ConvId":{"Pid":7,"Seq":2},"MsgId":{"Pid":7,"Seq":2},"StatusFilter":4}
04/12/2016 12:09:42 [12] DEBUG  PostMan                       : Message Delivered
04/12/2016 12:09:43 [12] DEBUG  Conversation                  : GameListConversation, ConversationID: 7.2: Send succeeded.
04/12/2016 12:09:43 [11] DEBUG  PostMan                       : Received UDP (Messages.ReplyMessages.GameListReply, MessageID: 1.17, ConversationID: 7.2)
JSON: {"__type":"GameListReply:#Messages.ReplyMessages","ConvId":{"Pid":7,"Seq":2},"MsgId":{"Pid":1,"Seq":17},"Note":null,"Success":true,"GameInfo":[{"CurrentProcesses":[{"HasUmbrellaRaised":false,"HitPoints":0,"LifePoints":100,"ProcessId":5,"Type":4},{"HasUmbrellaRaised":false,"HitPoints":0,"LifePoints":100,"ProcessId":6,"Type":5}],"GameId":4,"GameManagerId":3,"Label":"GM56506's 1st Game","MaxPlayers":5,"MinPlayers":2,"StartingPlayers":[],"Status":4,"Winners":null}]}
04/12/2016 12:09:43 [15] INFO   ispatcher+<>c__DisplayClass7_0: New Message Received: (Messages.ReplyMessages.GameListReply)
04/12/2016 12:09:43 [15] INFO   ispatcher+<>c__DisplayClass7_0: MessageId: 1.17ConversationId: 7.2
04/12/2016 12:09:43 [15] DEBUG  Dispatcher                    : Successsfully queued a new message of type GameListReply, for conversation: 7.2
04/12/2016 12:09:43 [12] DEBUG  Conversation                  : GameListConversation, ConversationID: 7.2: Message available!
04/12/2016 12:09:43 [12] DEBUG  Conversation                  : GameListConversation, ConversationID: 7.2: Message available!
04/12/2016 12:09:43 [12] DEBUG  Conversation                  : GameListConversation, ConversationID: 7.2: Message has IDs
04/12/2016 12:09:43 [12] DEBUG  Conversation                  : GameListConversation, ConversationID: 7.2: Message is valid
04/12/2016 12:09:43 [12] DEBUG  Conversation                  : GameListConversation, ConversationID: 7.2: Envelope is valid
04/12/2016 12:09:43 [12] DEBUG  Conversation                  : GameListConversation, ConversationID: 7.2: Received Message is valid
04/12/2016 12:09:43 [12] DEBUG  GameListConversation          : Received a game list reply message.
04/12/2016 12:09:43 [12] INFO   Conversation                  : Conversation Succeeded
04/12/2016 12:09:43 [12] INFO   Conversation                  : Conversation Succeeded
04/12/2016 12:09:43 [ 6] DEBUG  PlayerProcess                 : ------------- At top of Player process loop -------------
04/12/2016 12:09:43 [ 6] DEBUG  PlayerProcess                 : In Process JoinGame function.
04/12/2016 12:09:43 [ 6] DEBUG  ConversationFactory           : Creating Conversation of type JoinGameConversation
04/12/2016 12:09:43 [ 6] DEBUG  Dispatcher                    : Adding Conversation Player.Conversation.JoinGameConversation, 7.3
04/12/2016 12:09:43 [ 6] DEBUG  Dispatcher                    :       New Queue ID: 7.3
04/12/2016 12:09:43 [ 6] INFO   BackgroundThread              : Starting 
04/12/2016 12:10:15 [15] DEBUG  JoinGameConversation          : Queuing join game request. 
04/12/2016 12:10:17 [15] DEBUG  JoinGameConversation          : Requesting GameId: 4
