04/13/2016 02:48:19 [ 7] DEBUG  PlayerConnection              : Using Local Settings.
04/13/2016 02:48:19 [ 7] DEBUG  PlayerConnection              : Starting Application. 
04/13/2016 02:48:19 [ 7] DEBUG  PlayerConnection              : Initializing Subsystem
04/13/2016 02:48:19 [ 7] DEBUG  PlayerProcess                 : Initializeing Player Subsystem.
04/13/2016 02:48:19 [ 7] DEBUG  PlayerConnection              : Initializing Player
04/13/2016 02:48:19 [ 7] DEBUG  PlayerProcess                 : Initializing Player Details.
04/13/2016 02:48:19 [ 7] INFO   BackgroundThread              : Starting 
04/13/2016 02:48:19 [11] INFO   BackgroundThread              : Starting 
04/13/2016 02:48:19 [11] DEBUG  PlayerProcess                 : In Process Login function.
04/13/2016 02:48:19 [11] DEBUG  ConversationFactory           : Creating Conversation of type LoginConversation
04/13/2016 02:48:19 [11] DEBUG  Dispatcher                    : Adding Conversation Player.Conversation.LoginConversation, 0.1
04/13/2016 02:48:19 [11] DEBUG  Dispatcher                    :       New Queue ID: 0.1
04/13/2016 02:48:19 [11] INFO   BackgroundThread              : Starting 
04/13/2016 02:48:22 [10] DEBUG  LoginConversation             : Creating login request. 
04/13/2016 02:48:22 [10] DEBUG  InitiatedConversation         : LoginConversation, ConversationID: 0.1: Conversation Id  for Initiated conversation: 0.1
04/13/2016 02:48:22 [10] DEBUG  Conversation                  : LoginConversation, ConversationID: 0.1: Setting Message IDs
04/13/2016 02:48:22 [10] DEBUG  Conversation                  : LoginConversation, ConversationID: 0.1: Conversation is initiating send.
04/13/2016 02:48:22 [10] DEBUG  PostMan                       : Sending UDP (Messages.RequestMessages.LoginRequest, MessageID: 0.1, ConversationID: 0.1)
Endpoint: 127.0.0.1:12000
JSON: {"__type":"LoginRequest:#Messages.RequestMessages","ConvId":{"Pid":0,"Seq":1},"MsgId":{"Pid":0,"Seq":1},"Identity":{"ANumber":"A00000001","Alias":"The Instructor","FirstName":"The","LastName":"Instructor"},"ProcessLabel":"The Instructor","ProcessType":3,"PublicKey":null}
04/13/2016 02:48:22 [10] DEBUG  PostMan                       : Message Delivered
04/13/2016 02:48:22 [ 9] DEBUG  PostMan                       : Received UDP (Messages.ReplyMessages.LoginReply, MessageID: 1.2103, ConversationID: 0.1)
JSON: {"__type":"LoginReply:#Messages.ReplyMessages","ConvId":{"Pid":0,"Seq":1},"MsgId":{"Pid":1,"Seq":2103},"Note":"Logged in","Success":true,"PennyBankEndPoint":{"Host":"127.0.0.1","Port":12003},"PennyBankPublicKey":null,"ProcessInfo":{"EndPoint":{"Host":"127.0.0.1","Port":10000},"Label":"The Instructor","ProcessId":25,"Status":3,"Type":3},"ProxyEndPoint":{"Host":"127.0.0.1","Port":12002}}
04/13/2016 02:48:22 [10] DEBUG  Conversation                  : LoginConversation, ConversationID: 0.1: Send succeeded.
04/13/2016 02:48:22 [12] INFO   ispatcher+<>c__DisplayClass7_0: New Message Received: (Messages.ReplyMessages.LoginReply)
04/13/2016 02:48:22 [12] INFO   ispatcher+<>c__DisplayClass7_0: MessageId: 1.2103ConversationId: 0.1
04/13/2016 02:48:22 [12] DEBUG  Dispatcher                    : Successsfully queued a new message of type LoginReply, for conversation: 0.1
04/13/2016 02:48:22 [10] DEBUG  Conversation                  : LoginConversation, ConversationID: 0.1: Message available!
04/13/2016 02:48:22 [10] DEBUG  Conversation                  : LoginConversation, ConversationID: 0.1: Message available!
04/13/2016 02:48:22 [10] DEBUG  Conversation                  : LoginConversation, ConversationID: 0.1: Received Message is valid
04/13/2016 02:48:22 [10] DEBUG  Conversation                  : Received a Message of type: LoginReply
04/13/2016 02:48:22 [10] DEBUG  LoginConversation             : Proxy endpoint is 127.0.0.1:12003
04/13/2016 02:48:22 [10] INFO   Conversation                  : Conversation Succeeded
04/13/2016 02:48:22 [10] INFO   Conversation                  : Conversation Succeeded
04/13/2016 02:48:22 [11] DEBUG  PlayerProcess                 : In Process GetGameList function.
04/13/2016 02:48:22 [11] DEBUG  ConversationFactory           : Creating Conversation of type GameListConversation
04/13/2016 02:48:22 [11] DEBUG  Dispatcher                    : Adding Conversation Player.Conversation.GameListConversation, 25.2
04/13/2016 02:48:22 [11] DEBUG  Dispatcher                    :       New Queue ID: 25.2
04/13/2016 02:48:22 [11] INFO   BackgroundThread              : Starting 
04/13/2016 02:48:24 [14] DEBUG  GameListConversation          : Queuing game list request. 
04/13/2016 02:48:24 [14] DEBUG  InitiatedConversation         : GameListConversation, ConversationID: 25.2: Conversation Id  for Initiated conversation: 25.2
04/13/2016 02:48:24 [14] DEBUG  Conversation                  : GameListConversation, ConversationID: 25.2: Setting Message IDs
04/13/2016 02:48:24 [14] DEBUG  Conversation                  : GameListConversation, ConversationID: 25.2: Conversation is initiating send.
04/13/2016 02:48:24 [14] DEBUG  PostMan                       : Sending UDP (Messages.RequestMessages.GameListRequest, MessageID: 25.2, ConversationID: 25.2)
Endpoint: 127.0.0.1:12000
JSON: {"__type":"GameListRequest:#Messages.RequestMessages","ConvId":{"Pid":25,"Seq":2},"MsgId":{"Pid":25,"Seq":2},"StatusFilter":4}
04/13/2016 02:48:24 [14] DEBUG  PostMan                       : Message Delivered
04/13/2016 02:48:25 [ 9] DEBUG  PostMan                       : Received UDP (Messages.ReplyMessages.GameListReply, MessageID: 1.2104, ConversationID: 25.2)
JSON: {"__type":"GameListReply:#Messages.ReplyMessages","ConvId":{"Pid":25,"Seq":2},"MsgId":{"Pid":1,"Seq":2104},"Note":null,"Success":true,"GameInfo":[]}
04/13/2016 02:48:25 [14] DEBUG  Conversation                  : GameListConversation, ConversationID: 25.2: Send succeeded.
04/13/2016 02:48:25 [10] INFO   ispatcher+<>c__DisplayClass7_0: New Message Received: (Messages.ReplyMessages.GameListReply)
04/13/2016 02:48:25 [10] INFO   ispatcher+<>c__DisplayClass7_0: MessageId: 1.2104ConversationId: 25.2
04/13/2016 02:48:25 [10] DEBUG  Dispatcher                    : Successsfully queued a new message of type GameListReply, for conversation: 25.2
04/13/2016 02:48:25 [14] DEBUG  Conversation                  : GameListConversation, ConversationID: 25.2: Message available!
04/13/2016 02:48:25 [14] DEBUG  Conversation                  : GameListConversation, ConversationID: 25.2: Message available!
04/13/2016 02:48:25 [14] DEBUG  Conversation                  : GameListConversation, ConversationID: 25.2: Received Message is valid
04/13/2016 02:48:25 [14] DEBUG  Conversation                  : Received a Message of type: GameListReply
04/13/2016 02:48:25 [14] ERROR  Conversation                  : GameListConversation, ConversationID: 25.2: No games are available. 
04/13/2016 02:48:25 [14] ERROR  Conversation                  : GameListConversation, ConversationID: 25.2: Conversation Failed
04/13/2016 02:48:25 [14] ERROR  Conversation                  : GameListConversation, ConversationID: 25.2: Conversation Ending
04/13/2016 02:48:25 [14] INFO   Conversation                  : Conversation Failed
04/13/2016 02:48:25 [14] INFO   BackgroundThread              : Stopping 
04/13/2016 02:48:25 [14] DEBUG  BackgroundThread              : Leaving Stop
04/13/2016 02:48:25 [14] ERROR  Conversation                  : GameListConversation, ConversationID: 25.2: Conversation Failed
04/13/2016 02:48:25 [14] ERROR  Conversation                  : GameListConversation, ConversationID: 25.2: Conversation Ending
04/13/2016 02:48:25 [14] INFO   Conversation                  : Conversation Failed
04/13/2016 02:48:25 [14] INFO   BackgroundThread              : Stopping 
04/13/2016 02:48:25 [14] DEBUG  BackgroundThread              : Leaving Stop
04/13/2016 02:48:25 [11] DEBUG  PlayerProcess                 : In Process GetGameList function.
04/13/2016 02:48:25 [11] DEBUG  ConversationFactory           : Creating Conversation of type GameListConversation
04/13/2016 02:48:25 [11] DEBUG  Dispatcher                    : Adding Conversation Player.Conversation.GameListConversation, 25.3
04/13/2016 02:48:25 [11] DEBUG  Dispatcher                    :       New Queue ID: 25.3
04/13/2016 02:48:25 [11] INFO   BackgroundThread              : Starting 
04/13/2016 02:48:27 [15] DEBUG  GameListConversation          : Queuing game list request. 
04/13/2016 02:48:27 [15] DEBUG  InitiatedConversation         : GameListConversation, ConversationID: 25.3: Conversation Id  for Initiated conversation: 25.3
04/13/2016 02:48:27 [15] DEBUG  Conversation                  : GameListConversation, ConversationID: 25.3: Setting Message IDs
04/13/2016 02:48:27 [15] DEBUG  Conversation                  : GameListConversation, ConversationID: 25.3: Conversation is initiating send.
04/13/2016 02:48:27 [15] DEBUG  PostMan                       : Sending UDP (Messages.RequestMessages.GameListRequest, MessageID: 25.3, ConversationID: 25.3)
Endpoint: 127.0.0.1:12000
JSON: {"__type":"GameListRequest:#Messages.RequestMessages","ConvId":{"Pid":25,"Seq":3},"MsgId":{"Pid":25,"Seq":3},"StatusFilter":4}
04/13/2016 02:48:27 [15] DEBUG  PostMan                       : Message Delivered
04/13/2016 02:48:27 [ 9] DEBUG  PostMan                       : Received UDP (Messages.ReplyMessages.GameListReply, MessageID: 1.2105, ConversationID: 25.3)
JSON: {"__type":"GameListReply:#Messages.ReplyMessages","ConvId":{"Pid":25,"Seq":3},"MsgId":{"Pid":1,"Seq":2105},"Note":null,"Success":true,"GameInfo":[]}
04/13/2016 02:48:27 [15] DEBUG  Conversation                  : GameListConversation, ConversationID: 25.3: Send succeeded.
04/13/2016 02:48:27 [10] INFO   ispatcher+<>c__DisplayClass7_0: New Message Received: (Messages.ReplyMessages.GameListReply)
04/13/2016 02:48:28 [10] INFO   ispatcher+<>c__DisplayClass7_0: MessageId: 1.2105ConversationId: 25.3
04/13/2016 02:48:28 [10] DEBUG  Dispatcher                    : Successsfully queued a new message of type GameListReply, for conversation: 25.3
04/13/2016 02:48:28 [15] DEBUG  Conversation                  : GameListConversation, ConversationID: 25.3: Message available!
04/13/2016 02:48:28 [15] DEBUG  Conversation                  : GameListConversation, ConversationID: 25.3: Message available!
04/13/2016 02:48:28 [15] DEBUG  Conversation                  : GameListConversation, ConversationID: 25.3: Received Message is valid
04/13/2016 02:48:28 [15] DEBUG  Conversation                  : Received a Message of type: GameListReply
04/13/2016 02:48:28 [15] ERROR  Conversation                  : GameListConversation, ConversationID: 25.3: No games are available. 
04/13/2016 02:48:28 [15] ERROR  Conversation                  : GameListConversation, ConversationID: 25.3: Conversation Failed
04/13/2016 02:48:28 [15] ERROR  Conversation                  : GameListConversation, ConversationID: 25.3: Conversation Ending
04/13/2016 02:48:28 [15] INFO   Conversation                  : Conversation Failed
04/13/2016 02:48:28 [15] INFO   BackgroundThread              : Stopping 
04/13/2016 02:48:28 [15] DEBUG  BackgroundThread              : Leaving Stop
04/13/2016 02:48:28 [15] ERROR  Conversation                  : GameListConversation, ConversationID: 25.3: Conversation Failed
04/13/2016 02:48:28 [15] ERROR  Conversation                  : GameListConversation, ConversationID: 25.3: Conversation Ending
04/13/2016 02:48:28 [15] INFO   Conversation                  : Conversation Failed
04/13/2016 02:48:28 [15] INFO   BackgroundThread              : Stopping 
04/13/2016 02:48:28 [15] DEBUG  BackgroundThread              : Leaving Stop
04/13/2016 02:48:28 [11] DEBUG  PlayerProcess                 : In Process GetGameList function.
04/13/2016 02:48:28 [11] DEBUG  ConversationFactory           : Creating Conversation of type GameListConversation
04/13/2016 02:48:28 [11] DEBUG  Dispatcher                    : Adding Conversation Player.Conversation.GameListConversation, 25.4
04/13/2016 02:48:28 [11] DEBUG  Dispatcher                    :       New Queue ID: 25.4
04/13/2016 02:48:28 [11] INFO   BackgroundThread              : Starting 
