04/09/2016 03:26:13 [ 7] DEBUG  PlayerConnection              : Using Local Settings.
04/09/2016 03:26:13 [ 7] DEBUG  PlayerConnection              : Starting Application. 
04/09/2016 03:26:13 [ 7] DEBUG  PlayerProcess                 : Initializeing Player Subsystem.
04/09/2016 03:26:13 [ 7] DEBUG  PlayerProcess                 : Initializing Player Details.
04/09/2016 03:26:13 [ 7] INFO   BackgroundThread              : Starting 
04/09/2016 03:26:13 [ 9] INFO   BackgroundThread              : Starting 
04/09/2016 03:26:13 [ 9] DEBUG  PlayerProcess                 : In Process Login function.
04/09/2016 03:26:13 [ 9] DEBUG  Dispatcher                    : Adding Conversation Player.Conversation.LoginConversation, 0.1
04/09/2016 03:26:13 [ 9] DEBUG  Dispatcher                    :       New Queue ID: 0.1
04/09/2016 03:26:13 [ 9] INFO   BackgroundThread              : Starting 
04/09/2016 03:26:13 [10] DEBUG  LoginConversation             : Creating login request. 
04/09/2016 03:26:13 [10] DEBUG  InitiatedConversation         : Conversation Id  for initiated conversation: 0.1
04/09/2016 03:26:13 [10] DEBUG  PostMan                       : Sending UDP (Messages.RequestMessages.LoginRequest)
04/09/2016 03:26:13 [10] DEBUG  PostMan                       : Sending! MsgID: 0.1ConvId: 0.1JSON: {"__type":"LoginRequest:#Messages.RequestMessages","ConvId":{"Pid":0,"Seq":1},"MsgId":{"Pid":0,"Seq":1},"Identity":{"ANumber":"A00000001","Alias":"The Instructor","FirstName":"The","LastName":"Instructor"},"ProcessLabel":"The Instructor","ProcessType":3,"PublicKey":null}
04/09/2016 03:26:13 [10] DEBUG  PostMan                       : Message Delivered
04/09/2016 03:26:13 [11] DEBUG  PostMan                       : Received! MsgID: 1.8ConvId: 0.1JSON: {"__type":"LoginReply:#Messages.ReplyMessages","ConvId":{"Pid":0,"Seq":1},"MsgId":{"Pid":1,"Seq":8},"Note":"Logged in","Success":true,"PennyBankEndPoint":{"Host":"127.0.0.1","Port":12003},"PennyBankPublicKey":null,"ProcessInfo":{"EndPoint":{"Host":"127.0.0.1","Port":10000},"Label":"The Instructor","ProcessId":6,"Status":3,"Type":3},"ProxyEndPoint":{"Host":"127.0.0.1","Port":12002}}
04/09/2016 03:26:13 [11] INFO   Dispatcher                    : New Message Received: (Messages.ReplyMessages.LoginReply)
04/09/2016 03:26:13 [11] INFO   Dispatcher                    : MessageId: 1.8ConversationId: 0.1
04/09/2016 03:26:18 [10] DEBUG  LoginConversation             : Received a login reply message.
04/09/2016 03:26:18 [10] INFO   BackgroundThread              : Stopping 
04/09/2016 03:26:18 [10] DEBUG  BackgroundThread              : Leaving Stop
04/09/2016 03:26:18 [ 9] DEBUG  PlayerProcess                 : In Process GetGameList function.
04/09/2016 03:26:18 [ 9] DEBUG  Dispatcher                    : Adding Conversation Player.Conversation.GameListConversation, 6.2
04/09/2016 03:26:18 [ 9] DEBUG  Dispatcher                    :       New Queue ID: 6.2
04/09/2016 03:26:18 [ 9] INFO   BackgroundThread              : Starting 
04/09/2016 03:26:18 [13] DEBUG  GameListConversation          : Queuing game list request. 
04/09/2016 03:26:18 [13] DEBUG  InitiatedConversation         : Conversation Id  for initiated conversation: 6.2
04/09/2016 03:26:18 [13] DEBUG  PostMan                       : Sending UDP (Messages.RequestMessages.GameListRequest)
04/09/2016 03:26:18 [13] DEBUG  PostMan                       : Sending! MsgID: 6.2ConvId: 6.2JSON: {"__type":"GameListRequest:#Messages.RequestMessages","ConvId":{"Pid":6,"Seq":2},"MsgId":{"Pid":6,"Seq":2},"StatusFilter":4}
04/09/2016 03:26:18 [13] DEBUG  PostMan                       : Message Delivered
04/09/2016 03:26:18 [11] DEBUG  PostMan                       : Received! MsgID: 1.9ConvId: 6.2JSON: {"__type":"GameListReply:#Messages.ReplyMessages","ConvId":{"Pid":6,"Seq":2},"MsgId":{"Pid":1,"Seq":9},"Note":null,"Success":true,"GameInfo":[{"CurrentProcesses":[{"HasUmbrellaRaised":false,"HitPoints":0,"LifePoints":100,"ProcessId":4,"Type":5},{"HasUmbrellaRaised":false,"HitPoints":0,"LifePoints":100,"ProcessId":5,"Type":4}],"GameId":3,"GameManagerId":2,"Label":"GM16825's 1st Game","MaxPlayers":3,"MinPlayers":3,"StartingPlayers":[],"Status":4,"Winners":null}]}
04/09/2016 03:26:18 [11] INFO   Dispatcher                    : New Message Received: (Messages.ReplyMessages.GameListReply)
04/09/2016 03:26:18 [11] INFO   Dispatcher                    : MessageId: 1.9ConversationId: 6.2
04/09/2016 03:26:23 [13] DEBUG  GameListConversation          : Received a game list reply message.
04/09/2016 03:26:23 [13] INFO   BackgroundThread              : Stopping 
04/09/2016 03:26:23 [13] DEBUG  BackgroundThread              : Leaving Stop
04/09/2016 03:26:23 [ 9] DEBUG  PlayerProcess                 : Life points is null, game needs to be started.
04/09/2016 03:26:23 [ 9] DEBUG  Dispatcher                    : Adding Conversation Player.Conversation.JoinGameConversation, 6.3
04/09/2016 03:26:23 [ 9] DEBUG  Dispatcher                    :       New Queue ID: 6.3
04/09/2016 03:26:23 [ 9] INFO   BackgroundThread              : Starting 
04/09/2016 03:26:23 [12] DEBUG  JoinGameConversation          : Queuing join game request. 
04/09/2016 03:26:23 [12] DEBUG  JoinGameConversation          : Requesting GameId: 3
04/09/2016 03:26:23 [12] DEBUG  InitiatedConversation         : Conversation Id  for initiated conversation: 6.3
04/09/2016 03:26:23 [12] DEBUG  PostMan                       : Sending UDP (Messages.Routing)
04/09/2016 03:26:23 [12] DEBUG  PostMan                       : Sending! MsgID: 6.3ConvId: 6.3JSON: {"__type":"Routing:#Messages","ConvId":{"Pid":6,"Seq":3},"MsgId":{"Pid":6,"Seq":3},"InnerMessage":{"__type":"JoinGameRequest:#Messages.RequestMessages","ConvId":{"Pid":6,"Seq":3},"MsgId":{"Pid":6,"Seq":3},"GameId":3,"Process":{"EndPoint":{"Host":"127.0.0.1","Port":10000},"Label":"The Instructor","ProcessId":6,"Status":4,"Type":3}},"ToProcessIds":[2]}
04/09/2016 03:26:23 [ 9] DEBUG  PlayerProcess                 : No games available, setting status to 'Registered'
04/09/2016 03:26:23 [12] DEBUG  PostMan                       : Message Delivered
04/09/2016 03:26:23 [11] DEBUG  PostMan                       : Received! MsgID: 2.18ConvId: 2.18JSON: {"__type":"Routing:#Messages","ConvId":{"Pid":2,"Seq":18},"MsgId":{"Pid":2,"Seq":18},"InnerMessage":{"__type":"GameStatusNotification:#Messages.RequestMessages","ConvId":{"Pid":2,"Seq":18},"MsgId":{"Pid":2,"Seq":18},"Game":{"CurrentProcesses":[{"HasUmbrellaRaised":false,"HitPoints":0,"LifePoints":100,"ProcessId":4,"Type":5},{"HasUmbrellaRaised":false,"HitPoints":0,"LifePoints":100,"ProcessId":5,"Type":4},{"HasUmbrellaRaised":false,"HitPoints":0,"LifePoints":100,"ProcessId":6,"Type":3}],"GameId":3,"GameManagerId":2,"Label":"GM16825's 1st Game","MaxPlayers":3,"MinPlayers":3,"StartingPlayers":[],"Status":4,"Winners":null}},"ToProcessIds":[4,5,6]}
04/09/2016 03:26:23 [ 9] DEBUG  PlayerProcess                 : In Process GetGameList function.
04/09/2016 03:26:23 [11] INFO   Dispatcher                    : New Message Received: (Messages.Routing)
04/09/2016 03:26:23 [ 9] DEBUG  Dispatcher                    : Adding Conversation Player.Conversation.GameListConversation, 6.4
04/09/2016 03:26:23 [ 9] DEBUG  Dispatcher                    :       New Queue ID: 6.4
04/09/2016 03:26:23 [ 9] INFO   BackgroundThread              : Starting 
04/09/2016 03:26:23 [11] INFO   Dispatcher                    : MessageId: 2.18ConversationId: 2.18
04/09/2016 03:26:23 [11] DEBUG  Dispatcher                    : Conversation  with id= 2.18 does not exist, trying to create new conversation.
04/09/2016 03:26:23 [11] DEBUG  Dispatcher                    : Adding Conversation Player.Conversation.GameStatusConversation, 2.18
04/09/2016 03:26:23 [11] DEBUG  Dispatcher                    :       New Queue ID: 2.18
04/09/2016 03:26:23 [11] INFO   BackgroundThread              : Starting 
04/09/2016 03:26:23 [15] DEBUG  GameListConversation          : Queuing game list request. 
04/09/2016 03:26:23 [10] DEBUG  GameStatusConversation        : Received Game Status Message
04/09/2016 03:26:24 [15] DEBUG  InitiatedConversation         : Conversation Id  for initiated conversation: 6.4
04/09/2016 03:26:24 [15] DEBUG  PostMan                       : Sending UDP (Messages.RequestMessages.GameListRequest)
04/09/2016 03:26:24 [15] DEBUG  PostMan                       : Sending! MsgID: 6.4ConvId: 6.4JSON: {"__type":"GameListRequest:#Messages.RequestMessages","ConvId":{"Pid":6,"Seq":4},"MsgId":{"Pid":6,"Seq":4},"StatusFilter":4}
04/09/2016 03:26:24 [15] DEBUG  PostMan                       : Message Delivered
04/09/2016 03:26:24 [11] DEBUG  PostMan                       : Received! MsgID: 1.12ConvId: 6.4JSON: {"__type":"GameListReply:#Messages.ReplyMessages","ConvId":{"Pid":6,"Seq":4},"MsgId":{"Pid":1,"Seq":12},"Note":null,"Success":true,"GameInfo":[{"CurrentProcesses":[{"HasUmbrellaRaised":false,"HitPoints":0,"LifePoints":100,"ProcessId":4,"Type":5},{"HasUmbrellaRaised":false,"HitPoints":0,"LifePoints":100,"ProcessId":5,"Type":4},{"HasUmbrellaRaised":false,"HitPoints":0,"LifePoints":100,"ProcessId":6,"Type":3}],"GameId":3,"GameManagerId":2,"Label":"GM16825's 1st Game","MaxPlayers":3,"MinPlayers":3,"StartingPlayers":[],"Status":4,"Winners":null}]}
04/09/2016 03:26:24 [11] INFO   Dispatcher                    : New Message Received: (Messages.ReplyMessages.GameListReply)
04/09/2016 03:26:24 [11] INFO   Dispatcher                    : MessageId: 1.12ConversationId: 6.4
04/09/2016 03:26:24 [11] DEBUG  PostMan                       : Received! MsgID: 1.13ConvId: 1.13JSON: {"__type":"AllowanceDeliveryRequest:#Messages.RequestMessages","ConvId":{"Pid":1,"Seq":13},"MsgId":{"Pid":1,"Seq":13},"NumberOfPennies":400,"PortNumber":12999}
04/09/2016 03:26:24 [11] INFO   Dispatcher                    : New Message Received: (Messages.RequestMessages.AllowanceDeliveryRequest)
04/09/2016 03:26:24 [11] INFO   Dispatcher                    : MessageId: 1.13ConversationId: 1.13
04/09/2016 03:26:24 [11] DEBUG  Dispatcher                    : Conversation  with id= 1.13 does not exist, trying to create new conversation.
04/09/2016 03:26:24 [11] DEBUG  Dispatcher                    : Adding Conversation Player.Conversation.AllowanceDeliveryConversation, 1.13
04/09/2016 03:26:24 [11] DEBUG  Dispatcher                    :       New Queue ID: 1.13
04/09/2016 03:26:24 [11] INFO   BackgroundThread              : Starting 
04/09/2016 03:26:24 [13] DEBUG  AllowanceDeliveryConversation : Received Allowance Delivery Request. 
04/09/2016 03:26:24 [13] DEBUG  TCPSocket                     : Destination Endpoint is: 127.0.0.1:12999
04/09/2016 03:26:24 [13] INFO   BackgroundThread              : Starting 
04/09/2016 03:26:24 [14] DEBUG  TCPSocket                     : Opening Remote TCP Connection
04/09/2016 03:26:24 [14] DEBUG  TCPSocket                     : TCP Socket connected to 127.0.0.1:12999
04/09/2016 03:26:24 [14] DEBUG  TCPSocket                     : Reading a message, assuming the size of the message is contained in the first 4 bits
04/09/2016 03:26:24 [14] DEBUG  TCPSocket                     : Reading bytes in TCP Reader
04/09/2016 03:26:24 [14] DEBUG  TCPSocket                     : TCP Message (string):     
04/09/2016 03:26:24 [14] DEBUG  TCPSocket                     : TCP Message (int): 32
04/09/2016 03:26:24 [14] DEBUG  TCPSocket                     : Message Size is: 32
04/09/2016 03:26:24 [14] DEBUG  TCPSocket                     : Reading bytes in TCP Reader
04/09/2016 03:26:24 [14] DEBUG  TCPSocket                     : TCP Message (string): {"DigitalSignature":null,"Id":1}
04/09/2016 03:26:24 [14] DEBUG  TCPSocket                     : TCP Message (int): 2065843305
04/09/2016 03:26:24 [14] DEBUG  TCPSocket                     : Reading a message, assuming the size of the message is contained in the first 4 bits
04/09/2016 03:26:24 [14] DEBUG  TCPSocket                     : Reading bytes in TCP Reader
04/09/2016 03:26:24 [14] DEBUG  TCPSocket                     : System.Net.Sockets.SocketException (0x80004005): An existing connection was forcibly closed by the remote host
   at System.Net.Sockets.Socket.Receive(Byte[] buffer, Int32 offset, Int32 size, SocketFlags socketFlags)
   at System.Net.Sockets.Socket.Receive(Byte[] buffer, Int32 size, SocketFlags socketFlags)
   at CommunicationLayer.TCPSocket.Read(Socket handler, Int32 numBytes) in D:\Drive\School\CS5200\LocalGame\CommunicationLayer\TCPSocket.cs:line 106
   at CommunicationLayer.TCPSocket.ReadMessageFromSize(Socket handler) in D:\Drive\School\CS5200\LocalGame\CommunicationLayer\TCPSocket.cs:line 118
   at Player.Conversation.AllowanceDeliveryConversation.<OpenTCPStream>b__6_0(Socket handler) in D:\Drive\School\CS5200\LocalGame\Player\Conversation\AllowanceDeliveryConversation.cs:line 37
   at CommunicationLayer.TCPSocket.EstablishConnection(PublicEndPoint ep, Action`1 afterConnect) in D:\Drive\School\CS5200\LocalGame\CommunicationLayer\TCPSocket.cs:line 53
04/09/2016 03:26:25 [14] INFO   BackgroundThread              : Stopping 
04/09/2016 03:26:25 [14] DEBUG  BackgroundThread              : Leaving Stop
04/09/2016 03:26:29 [15] DEBUG  GameListConversation          : Received a game list reply message.
04/09/2016 03:26:29 [15] INFO   BackgroundThread              : Stopping 
04/09/2016 03:26:29 [15] DEBUG  BackgroundThread              : Leaving Stop
04/09/2016 03:26:29 [ 9] DEBUG  PlayerProcess                 : Life points is null, game needs to be started.
04/09/2016 03:26:29 [ 9] DEBUG  Dispatcher                    : Adding Conversation Player.Conversation.JoinGameConversation, 6.5
04/09/2016 03:26:29 [ 9] DEBUG  Dispatcher                    :       New Queue ID: 6.5
04/09/2016 03:26:29 [ 9] INFO   BackgroundThread              : Starting 
04/09/2016 03:26:29 [10] DEBUG  JoinGameConversation          : Queuing join game request. 
04/09/2016 03:26:29 [10] DEBUG  JoinGameConversation          : Requesting GameId: 3
04/09/2016 03:26:29 [10] DEBUG  InitiatedConversation         : Conversation Id  for initiated conversation: 6.5
04/09/2016 03:26:29 [10] DEBUG  PostMan                       : Sending UDP (Messages.Routing)
04/09/2016 03:26:29 [10] DEBUG  PostMan                       : Sending! MsgID: 6.5ConvId: 6.5JSON: {"__type":"Routing:#Messages","ConvId":{"Pid":6,"Seq":5},"MsgId":{"Pid":6,"Seq":5},"InnerMessage":{"__type":"JoinGameRequest:#Messages.RequestMessages","ConvId":{"Pid":6,"Seq":5},"MsgId":{"Pid":6,"Seq":5},"GameId":3,"Process":{"EndPoint":{"Host":"127.0.0.1","Port":10000},"Label":"The Instructor","ProcessId":6,"Status":4,"Type":3}},"ToProcessIds":[2]}
04/09/2016 03:26:29 [ 9] DEBUG  PlayerProcess                 : No games available, setting status to 'Registered'
04/09/2016 03:26:29 [10] DEBUG  PostMan                       : Message Delivered
04/09/2016 03:26:29 [11] DEBUG  PostMan                       : Received! MsgID: 2.21ConvId: 6.5JSON: {"__type":"Routing:#Messages","ConvId":{"Pid":6,"Seq":5},"MsgId":{"Pid":2,"Seq":21},"InnerMessage":{"__type":"JoinGameReply:#Messages.ReplyMessages","ConvId":{"Pid":6,"Seq":5},"MsgId":{"Pid":2,"Seq":21},"Note":null,"Success":true,"GameId":3,"InitialLifePoints":100},"ToProcessIds":[6]}
04/09/2016 03:26:29 [11] INFO   Dispatcher                    : New Message Received: (Messages.Routing)
04/09/2016 03:26:29 [11] INFO   Dispatcher                    : MessageId: 2.21ConversationId: 6.5
04/09/2016 03:26:29 [11] DEBUG  PostMan                       : Received! MsgID: 2.23ConvId: 2.23JSON: {"__type":"Routing:#Messages","ConvId":{"Pid":2,"Seq":23},"MsgId":{"Pid":2,"Seq":23},"InnerMessage":{"__type":"GameStatusNotification:#Messages.RequestMessages","ConvId":{"Pid":2,"Seq":23},"MsgId":{"Pid":2,"Seq":23},"Game":{"CurrentProcesses":[{"HasUmbrellaRaised":false,"HitPoints":0,"LifePoints":100,"ProcessId":4,"Type":5},{"HasUmbrellaRaised":false,"HitPoints":0,"LifePoints":100,"ProcessId":5,"Type":4},{"HasUmbrellaRaised":false,"HitPoints":0,"LifePoints":100,"ProcessId":6,"Type":3}],"GameId":3,"GameManagerId":2,"Label":"GM16825's 1st Game","MaxPlayers":3,"MinPlayers":3,"StartingPlayers":[],"Status":4,"Winners":null}},"ToProcessIds":[4,5,6]}
04/09/2016 03:26:29 [ 9] DEBUG  PlayerProcess                 : In Process GetGameList function.
04/09/2016 03:26:29 [11] INFO   Dispatcher                    : New Message Received: (Messages.Routing)
04/09/2016 03:26:29 [11] INFO   Dispatcher                    : MessageId: 2.23ConversationId: 2.23
04/09/2016 03:26:29 [11] DEBUG  Dispatcher                    : Conversation  with id= 2.23 does not exist, trying to create new conversation.
04/09/2016 03:26:29 [ 9] DEBUG  Dispatcher                    : Adding Conversation Player.Conversation.GameListConversation, 6.6
04/09/2016 03:26:29 [11] DEBUG  Dispatcher                    : Adding Conversation Player.Conversation.GameStatusConversation, 2.23
04/09/2016 03:26:29 [11] DEBUG  Dispatcher                    :       New Queue ID: 2.23
04/09/2016 03:26:29 [11] INFO   BackgroundThread              : Starting 
04/09/2016 03:26:29 [13] DEBUG  GameStatusConversation        : Received Game Status Message
04/09/2016 03:26:29 [12] ERROR  JoinGameConversation          : No games available.  
04/09/2016 03:26:29 [12] INFO   BackgroundThread              : Stopping 
04/09/2016 03:26:29 [12] DEBUG  BackgroundThread              : Leaving Stop
04/09/2016 03:26:29 [ 9] DEBUG  Dispatcher                    :       New Queue ID: 6.6
04/09/2016 03:26:29 [ 9] INFO   BackgroundThread              : Starting 
04/09/2016 03:26:29 [16] DEBUG  GameListConversation          : Queuing game list request. 
04/09/2016 03:26:29 [16] DEBUG  InitiatedConversation         : Conversation Id  for initiated conversation: 6.6
04/09/2016 03:26:29 [ 9] DEBUG  PlayerProcess                 : In Process GetGameList function.
04/09/2016 03:26:29 [16] DEBUG  PostMan                       : Sending UDP (Messages.RequestMessages.GameListRequest)
04/09/2016 03:26:29 [16] DEBUG  PostMan                       : Sending! MsgID: 6.6ConvId: 6.6JSON: {"__type":"GameListRequest:#Messages.RequestMessages","ConvId":{"Pid":6,"Seq":6},"MsgId":{"Pid":6,"Seq":6},"StatusFilter":4}
04/09/2016 03:26:29 [16] DEBUG  PostMan                       : Message Delivered
04/09/2016 03:26:29 [11] DEBUG  PostMan                       : Received! MsgID: 1.15ConvId: 6.6JSON: {"__type":"GameListReply:#Messages.ReplyMessages","ConvId":{"Pid":6,"Seq":6},"MsgId":{"Pid":1,"Seq":15},"Note":null,"Success":true,"GameInfo":[{"CurrentProcesses":[{"HasUmbrellaRaised":false,"HitPoints":0,"LifePoints":100,"ProcessId":4,"Type":5},{"HasUmbrellaRaised":false,"HitPoints":0,"LifePoints":100,"ProcessId":5,"Type":4},{"HasUmbrellaRaised":false,"HitPoints":0,"LifePoints":100,"ProcessId":6,"Type":3}],"GameId":3,"GameManagerId":2,"Label":"GM16825's 1st Game","MaxPlayers":3,"MinPlayers":3,"StartingPlayers":[],"Status":4,"Winners":null}]}
04/09/2016 03:26:29 [ 9] DEBUG  Dispatcher                    : Adding Conversation Player.Conversation.GameListConversation, 6.7
04/09/2016 03:26:30 [11] INFO   Dispatcher                    : New Message Received: (Messages.ReplyMessages.GameListReply)
04/09/2016 03:26:30 [11] INFO   Dispatcher                    : MessageId: 1.15ConversationId: 6.6
04/09/2016 03:26:30 [ 9] DEBUG  Dispatcher                    :       New Queue ID: 6.7
04/09/2016 03:26:30 [ 9] INFO   BackgroundThread              : Starting 
04/09/2016 03:26:30 [13] DEBUG  GameListConversation          : Queuing game list request. 
04/09/2016 03:26:30 [13] DEBUG  InitiatedConversation         : Conversation Id  for initiated conversation: 6.7
04/09/2016 03:26:30 [13] DEBUG  PostMan                       : Sending UDP (Messages.RequestMessages.GameListRequest)
04/09/2016 03:26:30 [13] DEBUG  PostMan                       : Sending! MsgID: 6.7ConvId: 6.7JSON: {"__type":"GameListRequest:#Messages.RequestMessages","ConvId":{"Pid":6,"Seq":7},"MsgId":{"Pid":6,"Seq":7},"StatusFilter":4}
04/09/2016 03:26:30 [13] DEBUG  PostMan                       : Message Delivered
04/09/2016 03:26:30 [11] DEBUG  PostMan                       : Received! MsgID: 1.16ConvId: 6.7JSON: {"__type":"GameListReply:#Messages.ReplyMessages","ConvId":{"Pid":6,"Seq":7},"MsgId":{"Pid":1,"Seq":16},"Note":null,"Success":true,"GameInfo":[{"CurrentProcesses":[{"HasUmbrellaRaised":false,"HitPoints":0,"LifePoints":100,"ProcessId":4,"Type":5},{"HasUmbrellaRaised":false,"HitPoints":0,"LifePoints":100,"ProcessId":5,"Type":4},{"HasUmbrellaRaised":false,"HitPoints":0,"LifePoints":100,"ProcessId":6,"Type":3}],"GameId":3,"GameManagerId":2,"Label":"GM16825's 1st Game","MaxPlayers":3,"MinPlayers":3,"StartingPlayers":[],"Status":4,"Winners":null}]}
04/09/2016 03:26:30 [11] INFO   Dispatcher                    : New Message Received: (Messages.ReplyMessages.GameListReply)
04/09/2016 03:26:30 [11] INFO   Dispatcher                    : MessageId: 1.16ConversationId: 6.7
04/09/2016 03:26:33 [11] DEBUG  PostMan                       : Received! MsgID: 1.21ConvId: 1.21JSON: {"__type":"AliveRequest:#Messages.RequestMessages","ConvId":{"Pid":1,"Seq":21},"MsgId":{"Pid":1,"Seq":21}}
04/09/2016 03:26:33 [11] INFO   Dispatcher                    : New Message Received: (Messages.RequestMessages.AliveRequest)
04/09/2016 03:26:33 [11] INFO   Dispatcher                    : MessageId: 1.21ConversationId: 1.21
04/09/2016 03:26:33 [11] DEBUG  Dispatcher                    : Conversation  with id= 1.21 does not exist, trying to create new conversation.
04/09/2016 03:26:33 [11] DEBUG  Dispatcher                    : Adding Conversation Player.Conversation.AliveConversation, 1.21
04/09/2016 03:26:33 [11] DEBUG  Dispatcher                    :       New Queue ID: 1.21
04/09/2016 03:26:33 [11] INFO   BackgroundThread              : Starting 
04/09/2016 03:26:33 [12] DEBUG  AliveConversation             : Creating Alive Response
04/09/2016 03:26:33 [12] DEBUG  ResponseConversation          : Conversation Id  for Response conversation: 1.21
04/09/2016 03:26:33 [12] DEBUG  PostMan                       : Sending UDP (Messages.ReplyMessages.Reply)
04/09/2016 03:26:33 [12] DEBUG  PostMan                       : Sending! MsgID: 6.8ConvId: 1.21JSON: {"__type":"Reply:#Messages.ReplyMessages","ConvId":{"Pid":1,"Seq":21},"MsgId":{"Pid":6,"Seq":8},"Note":"I'm Alive","Success":true}
04/09/2016 03:26:33 [12] DEBUG  PostMan                       : Message Delivered
04/09/2016 03:26:34 [10] DEBUG  JoinGameConversation          : Received a game join message.
04/09/2016 03:26:34 [10] INFO   BackgroundThread              : Stopping 
04/09/2016 03:26:34 [10] DEBUG  BackgroundThread              : Leaving Stop
04/09/2016 03:26:34 [11] DEBUG  PostMan                       : Received! MsgID: 1.13ConvId: 1.13JSON: {"__type":"AllowanceDeliveryRequest:#Messages.RequestMessages","ConvId":{"Pid":1,"Seq":13},"MsgId":{"Pid":1,"Seq":13},"NumberOfPennies":400,"PortNumber":12999}
04/09/2016 03:26:34 [11] INFO   Dispatcher                    : New Message Received: (Messages.RequestMessages.AllowanceDeliveryRequest)
04/09/2016 03:26:34 [11] INFO   Dispatcher                    : MessageId: 1.13ConversationId: 1.13
04/09/2016 03:26:34 [16] DEBUG  GameListConversation          : Received a game list reply message.
04/09/2016 03:26:34 [16] INFO   BackgroundThread              : Stopping 
04/09/2016 03:26:34 [16] DEBUG  BackgroundThread              : Leaving Stop
04/09/2016 03:26:35 [13] DEBUG  GameListConversation          : Received a game list reply message.
04/09/2016 03:26:35 [13] INFO   BackgroundThread              : Stopping 
04/09/2016 03:26:35 [13] DEBUG  BackgroundThread              : Leaving Stop
04/09/2016 03:26:40 [11] DEBUG  PostMan                       : Received! MsgID: 1.17ConvId: 1.17JSON: {"__type":"AllowanceDeliveryRequest:#Messages.RequestMessages","ConvId":{"Pid":1,"Seq":17},"MsgId":{"Pid":1,"Seq":17},"NumberOfPennies":400,"PortNumber":12998}
04/09/2016 03:26:40 [11] INFO   Dispatcher                    : New Message Received: (Messages.RequestMessages.AllowanceDeliveryRequest)
04/09/2016 03:26:40 [11] INFO   Dispatcher                    : MessageId: 1.17ConversationId: 1.17
04/09/2016 03:26:40 [11] DEBUG  Dispatcher                    : Conversation  with id= 1.17 does not exist, trying to create new conversation.
04/09/2016 03:26:40 [11] DEBUG  Dispatcher                    : Adding Conversation Player.Conversation.AllowanceDeliveryConversation, 1.17
04/09/2016 03:26:40 [11] DEBUG  Dispatcher                    :       New Queue ID: 1.17
04/09/2016 03:26:40 [11] INFO   BackgroundThread              : Starting 
04/09/2016 03:26:40 [13] DEBUG  AllowanceDeliveryConversation : Received Allowance Delivery Request. 
04/09/2016 03:26:40 [13] DEBUG  TCPSocket                     : Destination Endpoint is: 127.0.0.1:12998
04/09/2016 03:26:40 [13] INFO   BackgroundThread              : Starting 
04/09/2016 03:26:40 [13] DEBUG  TCPSocket                     : Opening Remote TCP Connection
04/09/2016 03:26:40 [13] DEBUG  TCPSocket                     : TCP Socket connected to 127.0.0.1:12998
04/09/2016 03:26:40 [13] DEBUG  TCPSocket                     : Reading a message, assuming the size of the message is contained in the first 4 bits
04/09/2016 03:26:40 [13] DEBUG  TCPSocket                     : Reading bytes in TCP Reader
04/09/2016 03:26:44 [11] DEBUG  PostMan                       : Received! MsgID: 1.13ConvId: 1.13JSON: {"__type":"AllowanceDeliveryRequest:#Messages.RequestMessages","ConvId":{"Pid":1,"Seq":13},"MsgId":{"Pid":1,"Seq":13},"NumberOfPennies":400,"PortNumber":12999}
04/09/2016 03:26:44 [11] INFO   Dispatcher                    : New Message Received: (Messages.RequestMessages.AllowanceDeliveryRequest)
04/09/2016 03:26:44 [11] INFO   Dispatcher                    : MessageId: 1.13ConversationId: 1.13
04/09/2016 03:26:50 [11] DEBUG  PostMan                       : Received! MsgID: 1.17ConvId: 1.17JSON: {"__type":"AllowanceDeliveryRequest:#Messages.RequestMessages","ConvId":{"Pid":1,"Seq":17},"MsgId":{"Pid":1,"Seq":17},"NumberOfPennies":400,"PortNumber":12998}
04/09/2016 03:26:50 [11] INFO   Dispatcher                    : New Message Received: (Messages.RequestMessages.AllowanceDeliveryRequest)
04/09/2016 03:26:50 [11] INFO   Dispatcher                    : MessageId: 1.17ConversationId: 1.17
