04/09/2016 06:05:33 [ 8] DEBUG  PlayerConnection              : Using Local Settings.
04/09/2016 06:05:33 [ 8] DEBUG  PlayerConnection              : Starting Application. 
04/09/2016 06:05:33 [ 8] DEBUG  PlayerProcess                 : Initializeing Player Subsystem.
04/09/2016 06:05:33 [ 8] DEBUG  PlayerProcess                 : Initializing Player Details.
04/09/2016 06:05:33 [ 8] INFO   BackgroundThread              : Starting 
04/09/2016 06:05:33 [10] INFO   BackgroundThread              : Starting 
04/09/2016 06:05:33 [10] DEBUG  PlayerProcess                 : In Process Login function.
04/09/2016 06:05:33 [10] DEBUG  Dispatcher                    : Adding Conversation Player.Conversation.LoginConversation, 0.1
04/09/2016 06:05:33 [10] DEBUG  Dispatcher                    :       New Queue ID: 0.1
04/09/2016 06:05:33 [10] INFO   BackgroundThread              : Starting 
04/09/2016 06:05:33 [12] DEBUG  LoginConversation             : Creating login request. 
04/09/2016 06:05:33 [12] DEBUG  InitiatedConversation         : Conversation Id  for initiated conversation: 0.1
04/09/2016 06:05:33 [12] DEBUG  PostMan                       : Sending UDP (Messages.RequestMessages.LoginRequest, MessageID: 0.1, ConversationID: 0.1)
JSON: {"__type":"LoginRequest:#Messages.RequestMessages","ConvId":{"Pid":0,"Seq":1},"MsgId":{"Pid":0,"Seq":1},"Identity":{"ANumber":"A00000001","Alias":"The Instructor","FirstName":"The","LastName":"Instructor"},"ProcessLabel":"The Instructor","ProcessType":3,"PublicKey":null}
04/09/2016 06:05:33 [12] DEBUG  PostMan                       : Message Delivered
04/09/2016 06:05:33 [11] DEBUG  PostMan                       : Received UDP (Messages.ReplyMessages.LoginReply, MessageID: 1.1, ConversationID: 0.1)
JSON: {"__type":"LoginReply:#Messages.ReplyMessages","ConvId":{"Pid":0,"Seq":1},"MsgId":{"Pid":1,"Seq":1},"Note":"Logged in","Success":true,"PennyBankEndPoint":{"Host":"127.0.0.1","Port":12003},"PennyBankPublicKey":null,"ProcessInfo":{"EndPoint":{"Host":"127.0.0.1","Port":10000},"Label":"The Instructor","ProcessId":2,"Status":3,"Type":3},"ProxyEndPoint":{"Host":"127.0.0.1","Port":12002}}
04/09/2016 06:05:33 [11] INFO   Dispatcher                    : New Message Received: (Messages.ReplyMessages.LoginReply)
04/09/2016 06:05:33 [11] INFO   Dispatcher                    : MessageId: 1.1ConversationId: 0.1
04/09/2016 06:05:38 [12] DEBUG  LoginConversation             : Received a login reply message.
04/09/2016 06:05:38 [12] INFO   BackgroundThread              : Stopping 
04/09/2016 06:05:38 [12] DEBUG  BackgroundThread              : Leaving Stop
04/09/2016 06:05:38 [10] DEBUG  PlayerProcess                 : In Process GetGameList function.
04/09/2016 06:05:38 [10] DEBUG  Dispatcher                    : Adding Conversation Player.Conversation.GameListConversation, 2.2
04/09/2016 06:05:38 [10] DEBUG  Dispatcher                    :       New Queue ID: 2.2
04/09/2016 06:05:38 [10] INFO   BackgroundThread              : Starting 
04/09/2016 06:05:38 [13] DEBUG  GameListConversation          : Queuing game list request. 
04/09/2016 06:05:38 [13] DEBUG  InitiatedConversation         : Conversation Id  for initiated conversation: 2.2
04/09/2016 06:05:38 [13] DEBUG  PostMan                       : Sending UDP (Messages.RequestMessages.GameListRequest, MessageID: 2.2, ConversationID: 2.2)
JSON: {"__type":"GameListRequest:#Messages.RequestMessages","ConvId":{"Pid":2,"Seq":2},"MsgId":{"Pid":2,"Seq":2},"StatusFilter":4}
04/09/2016 06:05:38 [13] DEBUG  PostMan                       : Message Delivered
04/09/2016 06:05:38 [11] DEBUG  PostMan                       : Received UDP (Messages.ReplyMessages.GameListReply, MessageID: 1.9, ConversationID: 2.2)
JSON: {"__type":"GameListReply:#Messages.ReplyMessages","ConvId":{"Pid":2,"Seq":2},"MsgId":{"Pid":1,"Seq":9},"Note":null,"Success":true,"GameInfo":[{"CurrentProcesses":[{"HasUmbrellaRaised":false,"HitPoints":0,"LifePoints":100,"ProcessId":5,"Type":4},{"HasUmbrellaRaised":false,"HitPoints":0,"LifePoints":100,"ProcessId":6,"Type":5}],"GameId":4,"GameManagerId":3,"Label":"GM71235's 1st Game","MaxPlayers":3,"MinPlayers":2,"StartingPlayers":[],"Status":4,"Winners":null}]}
04/09/2016 06:05:38 [11] INFO   Dispatcher                    : New Message Received: (Messages.ReplyMessages.GameListReply)
04/09/2016 06:05:38 [11] INFO   Dispatcher                    : MessageId: 1.9ConversationId: 2.2
04/09/2016 06:05:43 [13] DEBUG  GameListConversation          : Received a game list reply message.
04/09/2016 06:05:43 [13] INFO   BackgroundThread              : Stopping 
04/09/2016 06:05:43 [13] DEBUG  BackgroundThread              : Leaving Stop
04/09/2016 06:05:43 [10] DEBUG  PlayerProcess                 : Life points is null, game needs to be started.
04/09/2016 06:05:43 [10] DEBUG  Dispatcher                    : Adding Conversation Player.Conversation.JoinGameConversation, 2.3
04/09/2016 06:05:43 [10] DEBUG  Dispatcher                    :       New Queue ID: 2.3
04/09/2016 06:05:43 [10] INFO   BackgroundThread              : Starting 
04/09/2016 06:05:43 [12] DEBUG  JoinGameConversation          : Queuing join game request. 
04/09/2016 06:05:43 [12] DEBUG  JoinGameConversation          : Requesting GameId: 4
04/09/2016 06:05:43 [12] DEBUG  InitiatedConversation         : Conversation Id  for initiated conversation: 2.3
04/09/2016 06:05:43 [12] DEBUG  PostMan                       : Sending UDP (Messages.Routing, MessageID: 2.3, ConversationID: 2.3)
JSON: {"__type":"Routing:#Messages","ConvId":{"Pid":2,"Seq":3},"MsgId":{"Pid":2,"Seq":3},"InnerMessage":{"__type":"JoinGameRequest:#Messages.RequestMessages","ConvId":{"Pid":2,"Seq":3},"MsgId":{"Pid":2,"Seq":3},"GameId":4,"Process":{"EndPoint":{"Host":"127.0.0.1","Port":10000},"Label":"The Instructor","ProcessId":2,"Status":4,"Type":3}},"ToProcessIds":[3]}
04/09/2016 06:05:44 [10] DEBUG  PlayerProcess                 : No games available, setting status to 'Registered'
04/09/2016 06:05:44 [12] DEBUG  PostMan                       : Message Delivered
04/09/2016 06:05:44 [11] DEBUG  PostMan                       : Received UDP (Messages.Routing, MessageID: 3.17, ConversationID: 2.3)
JSON: {"__type":"Routing:#Messages","ConvId":{"Pid":2,"Seq":3},"MsgId":{"Pid":3,"Seq":17},"InnerMessage":{"__type":"JoinGameReply:#Messages.ReplyMessages","ConvId":{"Pid":2,"Seq":3},"MsgId":{"Pid":3,"Seq":17},"Note":null,"Success":true,"GameId":4,"InitialLifePoints":100},"ToProcessIds":[2]}
04/09/2016 06:05:44 [11] INFO   Dispatcher                    : New Message Received: (Messages.Routing)
04/09/2016 06:05:44 [11] INFO   Dispatcher                    : MessageId: 3.17ConversationId: 2.3
04/09/2016 06:05:44 [11] DEBUG  PostMan                       : Received UDP (Messages.Routing, MessageID: 3.20, ConversationID: 3.20)
JSON: {"__type":"Routing:#Messages","ConvId":{"Pid":3,"Seq":20},"MsgId":{"Pid":3,"Seq":20},"InnerMessage":{"__type":"GameStatusNotification:#Messages.RequestMessages","ConvId":{"Pid":3,"Seq":20},"MsgId":{"Pid":3,"Seq":20},"Game":{"CurrentProcesses":[{"HasUmbrellaRaised":false,"HitPoints":0,"LifePoints":100,"ProcessId":5,"Type":4},{"HasUmbrellaRaised":false,"HitPoints":0,"LifePoints":100,"ProcessId":6,"Type":5},{"HasUmbrellaRaised":false,"HitPoints":0,"LifePoints":100,"ProcessId":2,"Type":3}],"GameId":4,"GameManagerId":3,"Label":"GM71235's 1st Game","MaxPlayers":3,"MinPlayers":2,"StartingPlayers":[],"Status":4,"Winners":null}},"ToProcessIds":[5,6,2]}
04/09/2016 06:05:44 [11] INFO   Dispatcher                    : New Message Received: (Messages.Routing)
04/09/2016 06:05:44 [10] DEBUG  PlayerProcess                 : In Process GetGameList function.
04/09/2016 06:05:44 [11] INFO   Dispatcher                    : MessageId: 3.20ConversationId: 3.20
04/09/2016 06:05:44 [10] DEBUG  Dispatcher                    : Adding Conversation Player.Conversation.GameListConversation, 2.4
04/09/2016 06:05:44 [11] DEBUG  Dispatcher                    : Conversation  with id= 3.20 does not exist, trying to create new conversation.
04/09/2016 06:05:44 [10] DEBUG  Dispatcher                    :       New Queue ID: 2.4
04/09/2016 06:05:44 [10] INFO   BackgroundThread              : Starting 
04/09/2016 06:05:44 [14] DEBUG  GameListConversation          : Queuing game list request. 
04/09/2016 06:05:44 [11] DEBUG  Dispatcher                    : Adding Conversation Player.Conversation.GameStatusConversation, 3.20
04/09/2016 06:05:44 [11] DEBUG  Dispatcher                    :       New Queue ID: 3.20
04/09/2016 06:05:44 [11] INFO   BackgroundThread              : Starting 
04/09/2016 06:05:44 [13] DEBUG  GameStatusConversation        : Received Game Status Message
04/09/2016 06:05:44 [14] DEBUG  InitiatedConversation         : Conversation Id  for initiated conversation: 2.4
04/09/2016 06:05:44 [14] DEBUG  PostMan                       : Sending UDP (Messages.RequestMessages.GameListRequest, MessageID: 2.4, ConversationID: 2.4)
JSON: {"__type":"GameListRequest:#Messages.RequestMessages","ConvId":{"Pid":2,"Seq":4},"MsgId":{"Pid":2,"Seq":4},"StatusFilter":4}
04/09/2016 06:05:44 [14] DEBUG  PostMan                       : Message Delivered
04/09/2016 06:05:44 [11] DEBUG  PostMan                       : Received UDP (Messages.ReplyMessages.GameListReply, MessageID: 1.13, ConversationID: 2.4)
JSON: {"__type":"GameListReply:#Messages.ReplyMessages","ConvId":{"Pid":2,"Seq":4},"MsgId":{"Pid":1,"Seq":13},"Note":null,"Success":true,"GameInfo":[{"CurrentProcesses":[{"HasUmbrellaRaised":false,"HitPoints":0,"LifePoints":100,"ProcessId":5,"Type":4},{"HasUmbrellaRaised":false,"HitPoints":0,"LifePoints":100,"ProcessId":6,"Type":5},{"HasUmbrellaRaised":false,"HitPoints":0,"LifePoints":100,"ProcessId":2,"Type":3}],"GameId":4,"GameManagerId":3,"Label":"GM71235's 1st Game","MaxPlayers":3,"MinPlayers":2,"StartingPlayers":[],"Status":4,"Winners":null}]}
04/09/2016 06:05:44 [11] INFO   Dispatcher                    : New Message Received: (Messages.ReplyMessages.GameListReply)
04/09/2016 06:05:44 [11] INFO   Dispatcher                    : MessageId: 1.13ConversationId: 2.4
04/09/2016 06:05:49 [12] DEBUG  JoinGameConversation          : Received a game join message.
04/09/2016 06:05:49 [12] INFO   BackgroundThread              : Stopping 
04/09/2016 06:05:49 [12] DEBUG  BackgroundThread              : Leaving Stop
04/09/2016 06:05:49 [14] DEBUG  GameListConversation          : Received a game list reply message.
04/09/2016 06:05:49 [14] INFO   BackgroundThread              : Stopping 
04/09/2016 06:05:49 [14] DEBUG  BackgroundThread              : Leaving Stop
04/09/2016 06:05:54 [11] DEBUG  PostMan                       : Received UDP (Messages.RequestMessages.AllowanceDeliveryRequest, MessageID: 1.12, ConversationID: 1.12)
JSON: {"__type":"AllowanceDeliveryRequest:#Messages.RequestMessages","ConvId":{"Pid":1,"Seq":12},"MsgId":{"Pid":1,"Seq":12},"NumberOfPennies":400,"PortNumber":12999}
04/09/2016 06:05:54 [11] INFO   Dispatcher                    : New Message Received: (Messages.RequestMessages.AllowanceDeliveryRequest)
04/09/2016 06:05:54 [11] INFO   Dispatcher                    : MessageId: 1.12ConversationId: 1.12
04/09/2016 06:05:54 [11] DEBUG  Dispatcher                    : Conversation  with id= 1.12 does not exist, trying to create new conversation.
04/09/2016 06:05:54 [11] DEBUG  Dispatcher                    : Adding Conversation Player.Conversation.AllowanceDeliveryConversation, 1.12
04/09/2016 06:05:54 [11] DEBUG  Dispatcher                    :       New Queue ID: 1.12
04/09/2016 06:05:54 [11] INFO   BackgroundThread              : Starting 
04/09/2016 06:05:54 [12] DEBUG  AllowanceDeliveryConversation : Received Allowance Delivery Request. 
04/09/2016 06:05:54 [12] DEBUG  TCPSocket                     : Destination Endpoint is: 127.0.0.1:12999
04/09/2016 06:05:54 [12] INFO   BackgroundThread              : Starting 
04/09/2016 06:05:54 [12] DEBUG  TCPSocket                     : Opening Remote TCP Connection
04/09/2016 06:05:54 [12] DEBUG  TCPSocket                     : TCP Socket connected to 127.0.0.1:12999
04/09/2016 06:05:58 [11] DEBUG  PostMan                       : Received UDP (Messages.RequestMessages.AliveRequest, MessageID: 1.14, ConversationID: 1.14)
JSON: {"__type":"AliveRequest:#Messages.RequestMessages","ConvId":{"Pid":1,"Seq":14},"MsgId":{"Pid":1,"Seq":14}}
04/09/2016 06:05:58 [11] INFO   Dispatcher                    : New Message Received: (Messages.RequestMessages.AliveRequest)
04/09/2016 06:05:58 [11] INFO   Dispatcher                    : MessageId: 1.14ConversationId: 1.14
04/09/2016 06:05:58 [11] DEBUG  Dispatcher                    : Conversation  with id= 1.14 does not exist, trying to create new conversation.
04/09/2016 06:05:58 [11] DEBUG  Dispatcher                    : Adding Conversation Player.Conversation.AliveConversation, 1.14
04/09/2016 06:05:58 [11] DEBUG  Dispatcher                    :       New Queue ID: 1.14
04/09/2016 06:05:58 [11] INFO   BackgroundThread              : Starting 
04/09/2016 06:05:58 [14] DEBUG  AliveConversation             : Creating Alive Response
04/09/2016 06:05:58 [14] DEBUG  ResponseConversation          : Conversation Id  for Response conversation: 1.14
04/09/2016 06:05:58 [14] DEBUG  PostMan                       : Sending UDP (Messages.ReplyMessages.Reply, MessageID: 2.5, ConversationID: 1.14)
JSON: {"__type":"Reply:#Messages.ReplyMessages","ConvId":{"Pid":1,"Seq":14},"MsgId":{"Pid":2,"Seq":5},"Note":"I'm Alive","Success":true}
04/09/2016 06:05:58 [14] DEBUG  PostMan                       : Message Delivered
04/09/2016 06:06:04 [11] DEBUG  PostMan                       : Received UDP (Messages.RequestMessages.AllowanceDeliveryRequest, MessageID: 1.12, ConversationID: 1.12)
JSON: {"__type":"AllowanceDeliveryRequest:#Messages.RequestMessages","ConvId":{"Pid":1,"Seq":12},"MsgId":{"Pid":1,"Seq":12},"NumberOfPennies":400,"PortNumber":12999}
04/09/2016 06:06:04 [11] INFO   Dispatcher                    : New Message Received: (Messages.RequestMessages.AllowanceDeliveryRequest)
04/09/2016 06:06:04 [11] INFO   Dispatcher                    : MessageId: 1.12ConversationId: 1.12
04/09/2016 06:06:29 [11] DEBUG  PostMan                       : Received UDP (Messages.RequestMessages.AliveRequest, MessageID: 1.18, ConversationID: 1.18)
JSON: {"__type":"AliveRequest:#Messages.RequestMessages","ConvId":{"Pid":1,"Seq":18},"MsgId":{"Pid":1,"Seq":18}}
04/09/2016 06:06:29 [11] INFO   Dispatcher                    : New Message Received: (Messages.RequestMessages.AliveRequest)
04/09/2016 06:06:29 [11] INFO   Dispatcher                    : MessageId: 1.18ConversationId: 1.18
04/09/2016 06:06:29 [11] DEBUG  Dispatcher                    : Conversation  with id= 1.18 does not exist, trying to create new conversation.
04/09/2016 06:06:29 [11] DEBUG  Dispatcher                    : Adding Conversation Player.Conversation.AliveConversation, 1.18
04/09/2016 06:06:29 [11] DEBUG  Dispatcher                    :       New Queue ID: 1.18
04/09/2016 06:06:29 [11] INFO   BackgroundThread              : Starting 
04/09/2016 06:06:29 [16] DEBUG  AliveConversation             : Creating Alive Response
04/09/2016 06:06:29 [16] DEBUG  ResponseConversation          : Conversation Id  for Response conversation: 1.18
04/09/2016 06:06:29 [16] DEBUG  PostMan                       : Sending UDP (Messages.ReplyMessages.Reply, MessageID: 2.6, ConversationID: 1.18)
JSON: {"__type":"Reply:#Messages.ReplyMessages","ConvId":{"Pid":1,"Seq":18},"MsgId":{"Pid":2,"Seq":6},"Note":"I'm Alive","Success":true}
04/09/2016 06:06:29 [16] DEBUG  PostMan                       : Message Delivered
04/09/2016 06:07:00 [11] DEBUG  PostMan                       : Received UDP (Messages.RequestMessages.AliveRequest, MessageID: 1.22, ConversationID: 1.22)
JSON: {"__type":"AliveRequest:#Messages.RequestMessages","ConvId":{"Pid":1,"Seq":22},"MsgId":{"Pid":1,"Seq":22}}
04/09/2016 06:07:00 [11] INFO   Dispatcher                    : New Message Received: (Messages.RequestMessages.AliveRequest)
04/09/2016 06:07:00 [11] INFO   Dispatcher                    : MessageId: 1.22ConversationId: 1.22
04/09/2016 06:07:00 [11] DEBUG  Dispatcher                    : Conversation  with id= 1.22 does not exist, trying to create new conversation.
04/09/2016 06:07:00 [11] DEBUG  Dispatcher                    : Adding Conversation Player.Conversation.AliveConversation, 1.22
04/09/2016 06:07:00 [11] DEBUG  Dispatcher                    :       New Queue ID: 1.22
04/09/2016 06:07:00 [11] INFO   BackgroundThread              : Starting 
04/09/2016 06:07:00 [16] ERROR  ResponseConversation          : Unable to retrieve received message. 
04/09/2016 06:07:10 [11] DEBUG  PostMan                       : Received UDP (Messages.RequestMessages.AliveRequest, MessageID: 1.22, ConversationID: 1.22)
JSON: {"__type":"AliveRequest:#Messages.RequestMessages","ConvId":{"Pid":1,"Seq":22},"MsgId":{"Pid":1,"Seq":22}}
04/09/2016 06:07:10 [11] INFO   Dispatcher                    : New Message Received: (Messages.RequestMessages.AliveRequest)
04/09/2016 06:07:10 [11] INFO   Dispatcher                    : MessageId: 1.22ConversationId: 1.22
04/09/2016 06:07:20 [11] DEBUG  PostMan                       : Received UDP (Messages.RequestMessages.AliveRequest, MessageID: 1.22, ConversationID: 1.22)
JSON: {"__type":"AliveRequest:#Messages.RequestMessages","ConvId":{"Pid":1,"Seq":22},"MsgId":{"Pid":1,"Seq":22}}
04/09/2016 06:07:20 [11] INFO   Dispatcher                    : New Message Received: (Messages.RequestMessages.AliveRequest)
04/09/2016 06:07:20 [11] INFO   Dispatcher                    : MessageId: 1.22ConversationId: 1.22
04/09/2016 06:07:31 [11] DEBUG  PostMan                       : Received UDP (Messages.RequestMessages.AliveRequest, MessageID: 1.26, ConversationID: 1.26)
JSON: {"__type":"AliveRequest:#Messages.RequestMessages","ConvId":{"Pid":1,"Seq":26},"MsgId":{"Pid":1,"Seq":26}}
04/09/2016 06:07:31 [11] INFO   Dispatcher                    : New Message Received: (Messages.RequestMessages.AliveRequest)
04/09/2016 06:07:31 [11] INFO   Dispatcher                    : MessageId: 1.26ConversationId: 1.26
04/09/2016 06:07:31 [11] DEBUG  Dispatcher                    : Conversation  with id= 1.26 does not exist, trying to create new conversation.
04/09/2016 06:07:31 [11] DEBUG  Dispatcher                    : Adding Conversation Player.Conversation.AliveConversation, 1.26
04/09/2016 06:07:31 [11] DEBUG  Dispatcher                    :       New Queue ID: 1.26
04/09/2016 06:07:31 [11] INFO   BackgroundThread              : Starting 
04/09/2016 06:07:31 [16] ERROR  ResponseConversation          : Unable to retrieve received message. 
04/09/2016 06:07:41 [11] DEBUG  PostMan                       : Received UDP (Messages.RequestMessages.AliveRequest, MessageID: 1.26, ConversationID: 1.26)
JSON: {"__type":"AliveRequest:#Messages.RequestMessages","ConvId":{"Pid":1,"Seq":26},"MsgId":{"Pid":1,"Seq":26}}
04/09/2016 06:07:41 [11] INFO   Dispatcher                    : New Message Received: (Messages.RequestMessages.AliveRequest)
04/09/2016 06:07:41 [11] INFO   Dispatcher                    : MessageId: 1.26ConversationId: 1.26
04/09/2016 06:07:51 [11] DEBUG  PostMan                       : Received UDP (Messages.RequestMessages.AliveRequest, MessageID: 1.26, ConversationID: 1.26)
JSON: {"__type":"AliveRequest:#Messages.RequestMessages","ConvId":{"Pid":1,"Seq":26},"MsgId":{"Pid":1,"Seq":26}}
04/09/2016 06:07:51 [11] INFO   Dispatcher                    : New Message Received: (Messages.RequestMessages.AliveRequest)
04/09/2016 06:07:51 [11] INFO   Dispatcher                    : MessageId: 1.26ConversationId: 1.26
04/09/2016 06:08:01 [11] DEBUG  PostMan                       : Received UDP (Messages.RequestMessages.DeadProcessNotification, MessageID: 1.30, ConversationID: 1.30)
JSON: {"__type":"DeadProcessNotification:#Messages.RequestMessages","ConvId":{"Pid":1,"Seq":30},"MsgId":{"Pid":1,"Seq":30},"ProcessId":2}
04/09/2016 06:08:01 [11] INFO   Dispatcher                    : New Message Received: (Messages.RequestMessages.DeadProcessNotification)
04/09/2016 06:08:01 [11] INFO   Dispatcher                    : MessageId: 1.30ConversationId: 1.30
04/09/2016 06:08:01 [11] DEBUG  Dispatcher                    : Conversation  with id= 1.30 does not exist, trying to create new conversation.
04/09/2016 06:08:01 [11] ERROR  Dispatcher                    : New conversation returned from factory is Null!
