04/12/2016 10:49:58 [ 7] DEBUG  PlayerConnection              : Using Local Settings.
04/12/2016 10:49:58 [ 7] DEBUG  PlayerConnection              : Starting Application. 
04/12/2016 10:49:58 [ 7] DEBUG  PlayerConnection              : Initializing Subsystem
04/12/2016 10:49:58 [ 7] DEBUG  PlayerProcess                 : Initializeing Player Subsystem.
04/12/2016 10:49:58 [ 7] DEBUG  PlayerConnection              : Initializing Player
04/12/2016 10:49:58 [ 7] DEBUG  PlayerProcess                 : Initializing Player Details.
04/12/2016 10:49:58 [ 7] INFO   BackgroundThread              : Starting 
04/12/2016 10:49:58 [11] INFO   BackgroundThread              : Starting 
04/12/2016 10:49:58 [11] DEBUG  PlayerProcess                 : In Process Login function.
04/12/2016 10:49:58 [11] DEBUG  ConversationFactory           : Creating Conversation of type LoginConversation
04/12/2016 10:49:58 [11] DEBUG  Dispatcher                    : Adding Conversation Player.Conversation.LoginConversation, 0.1
04/12/2016 10:49:58 [11] DEBUG  Dispatcher                    :       New Queue ID: 0.1
04/12/2016 10:49:58 [11] INFO   BackgroundThread              : Starting 
04/12/2016 10:49:59 [ 9] DEBUG  LoginConversation             : Creating login request. 
04/12/2016 10:49:59 [ 9] DEBUG  InitiatedConversation         : LoginConversation, ConversationID: 0.1: Conversation Id  for Initiated conversation: 0.1
04/12/2016 10:49:59 [ 9] DEBUG  Conversation                  : LoginConversation, ConversationID: 0.1: Setting Message IDs
04/12/2016 10:49:59 [ 9] DEBUG  Conversation                  : LoginConversation, ConversationID: 0.1: Conversation is initiating send.
04/12/2016 10:49:59 [ 9] DEBUG  PostMan                       : Sending UDP (Messages.RequestMessages.LoginRequest, MessageID: 0.1, ConversationID: 0.1)
Endpoint: 127.0.0.1:12000
JSON: {"__type":"LoginRequest:#Messages.RequestMessages","ConvId":{"Pid":0,"Seq":1},"MsgId":{"Pid":0,"Seq":1},"Identity":{"ANumber":"A00000001","Alias":"The Instructor","FirstName":"The","LastName":"Instructor"},"ProcessLabel":"The Instructor","ProcessType":3,"PublicKey":null}
04/12/2016 10:49:59 [ 9] DEBUG  PostMan                       : Message Delivered
04/12/2016 10:49:59 [ 9] DEBUG  Conversation                  : LoginConversation, ConversationID: 0.1: Send succeeded.
04/12/2016 10:49:59 [13] DEBUG  PostMan                       : Received UDP (Messages.ReplyMessages.LoginReply, MessageID: 1.1480, ConversationID: 0.1)
JSON: {"__type":"LoginReply:#Messages.ReplyMessages","ConvId":{"Pid":0,"Seq":1},"MsgId":{"Pid":1,"Seq":1480},"Note":"Logged in","Success":true,"PennyBankEndPoint":{"Host":"127.0.0.1","Port":12003},"PennyBankPublicKey":null,"ProcessInfo":{"EndPoint":{"Host":"127.0.0.1","Port":10000},"Label":"The Instructor","ProcessId":8,"Status":3,"Type":3},"ProxyEndPoint":{"Host":"127.0.0.1","Port":12002}}
04/12/2016 10:49:59 [10] INFO   ispatcher+<>c__DisplayClass7_0: New Message Received: (Messages.ReplyMessages.LoginReply)
04/12/2016 10:49:59 [10] INFO   ispatcher+<>c__DisplayClass7_0: MessageId: 1.1480ConversationId: 0.1
04/12/2016 10:49:59 [10] DEBUG  Dispatcher                    : Successsfully queued a new message of type LoginReply, for conversation: 0.1
04/12/2016 10:50:00 [ 9] DEBUG  Conversation                  : LoginConversation, ConversationID: 0.1: Message available!
04/12/2016 10:50:00 [ 9] DEBUG  Conversation                  : LoginConversation, ConversationID: 0.1: Message available!
04/12/2016 10:50:00 [ 9] DEBUG  Conversation                  : LoginConversation, ConversationID: 0.1: Received Message is valid
04/12/2016 10:50:00 [ 9] DEBUG  Conversation                  : Received a Message of type: LoginReply
04/12/2016 10:50:00 [ 9] DEBUG  LoginConversation             : Proxy endpoint is 127.0.0.1:12003
04/12/2016 10:50:00 [ 9] INFO   Conversation                  : Conversation Succeeded
04/12/2016 10:50:00 [ 9] INFO   Conversation                  : Conversation Succeeded
04/12/2016 10:50:00 [11] DEBUG  PlayerProcess                 : In Process GetGameList function.
04/12/2016 10:50:00 [11] DEBUG  ConversationFactory           : Creating Conversation of type GameListConversation
04/12/2016 10:50:00 [11] DEBUG  Dispatcher                    : Adding Conversation Player.Conversation.GameListConversation, 8.2
04/12/2016 10:50:00 [11] DEBUG  Dispatcher                    :       New Queue ID: 8.2
04/12/2016 10:50:00 [11] INFO   BackgroundThread              : Starting 
04/12/2016 10:50:01 [17] DEBUG  GameListConversation          : Queuing game list request. 
04/12/2016 10:50:01 [17] DEBUG  InitiatedConversation         : GameListConversation, ConversationID: 8.2: Conversation Id  for Initiated conversation: 8.2
04/12/2016 10:50:01 [17] DEBUG  Conversation                  : GameListConversation, ConversationID: 8.2: Setting Message IDs
04/12/2016 10:50:01 [17] DEBUG  Conversation                  : GameListConversation, ConversationID: 8.2: Conversation is initiating send.
04/12/2016 10:50:01 [17] DEBUG  PostMan                       : Sending UDP (Messages.RequestMessages.GameListRequest, MessageID: 8.2, ConversationID: 8.2)
Endpoint: 127.0.0.1:12000
JSON: {"__type":"GameListRequest:#Messages.RequestMessages","ConvId":{"Pid":8,"Seq":2},"MsgId":{"Pid":8,"Seq":2},"StatusFilter":4}
04/12/2016 10:50:01 [17] DEBUG  PostMan                       : Message Delivered
04/12/2016 10:50:01 [17] DEBUG  Conversation                  : GameListConversation, ConversationID: 8.2: Send succeeded.
04/12/2016 10:50:01 [13] DEBUG  PostMan                       : Received UDP (Messages.ReplyMessages.GameListReply, MessageID: 1.1489, ConversationID: 8.2)
JSON: {"__type":"GameListReply:#Messages.ReplyMessages","ConvId":{"Pid":8,"Seq":2},"MsgId":{"Pid":1,"Seq":1489},"Note":null,"Success":true,"GameInfo":[]}
04/12/2016 10:50:01 [ 9] INFO   ispatcher+<>c__DisplayClass7_0: New Message Received: (Messages.ReplyMessages.GameListReply)
04/12/2016 10:50:01 [ 9] INFO   ispatcher+<>c__DisplayClass7_0: MessageId: 1.1489ConversationId: 8.2
04/12/2016 10:50:01 [ 9] DEBUG  Dispatcher                    : Successsfully queued a new message of type GameListReply, for conversation: 8.2
04/12/2016 10:50:01 [17] DEBUG  Conversation                  : GameListConversation, ConversationID: 8.2: Message available!
04/12/2016 10:50:01 [17] DEBUG  Conversation                  : GameListConversation, ConversationID: 8.2: Message available!
04/12/2016 10:50:01 [17] DEBUG  Conversation                  : GameListConversation, ConversationID: 8.2: Received Message is valid
04/12/2016 10:50:01 [17] DEBUG  Conversation                  : Received a Message of type: GameListReply
04/12/2016 10:50:01 [17] ERROR  Conversation                  : GameListConversation, ConversationID: 8.2: No games are available. 
04/12/2016 10:50:01 [17] ERROR  Conversation                  : GameListConversation, ConversationID: 8.2: Conversation Failed
04/12/2016 10:50:01 [17] ERROR  Conversation                  : GameListConversation, ConversationID: 8.2: Conversation Ending
04/12/2016 10:50:01 [17] INFO   Conversation                  : Conversation Failed
04/12/2016 10:50:01 [17] INFO   BackgroundThread              : Stopping 
04/12/2016 10:50:01 [17] DEBUG  BackgroundThread              : Leaving Stop
04/12/2016 10:50:01 [11] DEBUG  PlayerProcess                 : In Process GetGameList function.
04/12/2016 10:50:01 [17] ERROR  Conversation                  : GameListConversation, ConversationID: 8.2: Conversation Failed
04/12/2016 10:50:01 [11] DEBUG  ConversationFactory           : Creating Conversation of type GameListConversation
04/12/2016 10:50:01 [11] DEBUG  Dispatcher                    : Adding Conversation Player.Conversation.GameListConversation, 8.3
04/12/2016 10:50:01 [11] DEBUG  Dispatcher                    :       New Queue ID: 8.3
04/12/2016 10:50:01 [11] INFO   BackgroundThread              : Starting 
04/12/2016 10:50:01 [17] ERROR  Conversation                  : GameListConversation, ConversationID: 8.2: Conversation Ending
04/12/2016 10:50:01 [17] INFO   Conversation                  : Conversation Failed
04/12/2016 10:50:01 [17] INFO   BackgroundThread              : Stopping 
04/12/2016 10:50:01 [17] DEBUG  BackgroundThread              : Leaving Stop
04/12/2016 10:50:03 [14] DEBUG  GameListConversation          : Queuing game list request. 
04/12/2016 10:50:03 [14] DEBUG  InitiatedConversation         : GameListConversation, ConversationID: 8.3: Conversation Id  for Initiated conversation: 8.3
04/12/2016 10:50:03 [14] DEBUG  Conversation                  : GameListConversation, ConversationID: 8.3: Setting Message IDs
04/12/2016 10:50:03 [14] DEBUG  Conversation                  : GameListConversation, ConversationID: 8.3: Conversation is initiating send.
04/12/2016 10:50:03 [14] DEBUG  PostMan                       : Sending UDP (Messages.RequestMessages.GameListRequest, MessageID: 8.3, ConversationID: 8.3)
Endpoint: 127.0.0.1:12000
JSON: {"__type":"GameListRequest:#Messages.RequestMessages","ConvId":{"Pid":8,"Seq":3},"MsgId":{"Pid":8,"Seq":3},"StatusFilter":4}
04/12/2016 10:50:03 [14] DEBUG  PostMan                       : Message Delivered
04/12/2016 10:50:03 [13] DEBUG  PostMan                       : Received UDP (Messages.ReplyMessages.GameListReply, MessageID: 1.1498, ConversationID: 8.3)
JSON: {"__type":"GameListReply:#Messages.ReplyMessages","ConvId":{"Pid":8,"Seq":3},"MsgId":{"Pid":1,"Seq":1498},"Note":null,"Success":true,"GameInfo":[]}
04/12/2016 10:50:03 [14] DEBUG  Conversation                  : GameListConversation, ConversationID: 8.3: Send succeeded.
04/12/2016 10:50:03 [ 9] INFO   ispatcher+<>c__DisplayClass7_0: New Message Received: (Messages.ReplyMessages.GameListReply)
04/12/2016 10:50:03 [ 9] INFO   ispatcher+<>c__DisplayClass7_0: MessageId: 1.1498ConversationId: 8.3
04/12/2016 10:50:03 [ 9] DEBUG  Dispatcher                    : Successsfully queued a new message of type GameListReply, for conversation: 8.3
04/12/2016 10:50:03 [14] DEBUG  Conversation                  : GameListConversation, ConversationID: 8.3: Message available!
04/12/2016 10:50:03 [14] DEBUG  Conversation                  : GameListConversation, ConversationID: 8.3: Message available!
04/12/2016 10:50:03 [14] DEBUG  Conversation                  : GameListConversation, ConversationID: 8.3: Received Message is valid
04/12/2016 10:50:03 [14] DEBUG  Conversation                  : Received a Message of type: GameListReply
04/12/2016 10:50:03 [14] ERROR  Conversation                  : GameListConversation, ConversationID: 8.3: No games are available. 
04/12/2016 10:50:03 [14] ERROR  Conversation                  : GameListConversation, ConversationID: 8.3: Conversation Failed
04/12/2016 10:50:03 [14] ERROR  Conversation                  : GameListConversation, ConversationID: 8.3: Conversation Ending
04/12/2016 10:50:03 [14] INFO   Conversation                  : Conversation Failed
04/12/2016 10:50:03 [14] INFO   BackgroundThread              : Stopping 
04/12/2016 10:50:03 [14] DEBUG  BackgroundThread              : Leaving Stop
04/12/2016 10:50:03 [11] DEBUG  PlayerProcess                 : In Process GetGameList function.
04/12/2016 10:50:03 [14] ERROR  Conversation                  : GameListConversation, ConversationID: 8.3: Conversation Failed
04/12/2016 10:50:03 [14] ERROR  Conversation                  : GameListConversation, ConversationID: 8.3: Conversation Ending
04/12/2016 10:50:03 [14] INFO   Conversation                  : Conversation Failed
04/12/2016 10:50:03 [14] INFO   BackgroundThread              : Stopping 
04/12/2016 10:50:03 [14] DEBUG  BackgroundThread              : Leaving Stop
04/12/2016 10:50:03 [11] DEBUG  ConversationFactory           : Creating Conversation of type GameListConversation
04/12/2016 10:50:03 [11] DEBUG  Dispatcher                    : Adding Conversation Player.Conversation.GameListConversation, 8.4
04/12/2016 10:50:03 [11] DEBUG  Dispatcher                    :       New Queue ID: 8.4
04/12/2016 10:50:03 [11] INFO   BackgroundThread              : Starting 
04/12/2016 10:50:04 [10] DEBUG  GameListConversation          : Queuing game list request. 
04/12/2016 10:50:04 [10] DEBUG  InitiatedConversation         : GameListConversation, ConversationID: 8.4: Conversation Id  for Initiated conversation: 8.4
04/12/2016 10:50:04 [10] DEBUG  Conversation                  : GameListConversation, ConversationID: 8.4: Setting Message IDs
04/12/2016 10:50:04 [10] DEBUG  Conversation                  : GameListConversation, ConversationID: 8.4: Conversation is initiating send.
04/12/2016 10:50:04 [10] DEBUG  PostMan                       : Sending UDP (Messages.RequestMessages.GameListRequest, MessageID: 8.4, ConversationID: 8.4)
Endpoint: 127.0.0.1:12000
JSON: {"__type":"GameListRequest:#Messages.RequestMessages","ConvId":{"Pid":8,"Seq":4},"MsgId":{"Pid":8,"Seq":4},"StatusFilter":4}
04/12/2016 10:50:04 [10] DEBUG  PostMan                       : Message Delivered
04/12/2016 10:50:04 [13] DEBUG  PostMan                       : Received UDP (Messages.ReplyMessages.GameListReply, MessageID: 1.1507, ConversationID: 8.4)
JSON: {"__type":"GameListReply:#Messages.ReplyMessages","ConvId":{"Pid":8,"Seq":4},"MsgId":{"Pid":1,"Seq":1507},"Note":null,"Success":true,"GameInfo":[]}
04/12/2016 10:50:04 [10] DEBUG  Conversation                  : GameListConversation, ConversationID: 8.4: Send succeeded.
04/12/2016 10:50:04 [18] INFO   ispatcher+<>c__DisplayClass7_0: New Message Received: (Messages.ReplyMessages.GameListReply)
04/12/2016 10:50:04 [18] INFO   ispatcher+<>c__DisplayClass7_0: MessageId: 1.1507ConversationId: 8.4
04/12/2016 10:50:04 [18] DEBUG  Dispatcher                    : Successsfully queued a new message of type GameListReply, for conversation: 8.4
04/12/2016 10:50:04 [10] DEBUG  Conversation                  : GameListConversation, ConversationID: 8.4: Message available!
04/12/2016 10:50:04 [10] DEBUG  Conversation                  : GameListConversation, ConversationID: 8.4: Message available!
04/12/2016 10:50:04 [10] DEBUG  Conversation                  : GameListConversation, ConversationID: 8.4: Received Message is valid
04/12/2016 10:50:04 [10] DEBUG  Conversation                  : Received a Message of type: GameListReply
04/12/2016 10:50:04 [10] ERROR  Conversation                  : GameListConversation, ConversationID: 8.4: No games are available. 
04/12/2016 10:50:04 [10] ERROR  Conversation                  : GameListConversation, ConversationID: 8.4: Conversation Failed
04/12/2016 10:50:04 [10] ERROR  Conversation                  : GameListConversation, ConversationID: 8.4: Conversation Ending
04/12/2016 10:50:04 [10] INFO   Conversation                  : Conversation Failed
04/12/2016 10:50:04 [10] INFO   BackgroundThread              : Stopping 
04/12/2016 10:50:04 [10] DEBUG  BackgroundThread              : Leaving Stop
04/12/2016 10:50:04 [10] ERROR  Conversation                  : GameListConversation, ConversationID: 8.4: Conversation Failed
04/12/2016 10:50:04 [10] ERROR  Conversation                  : GameListConversation, ConversationID: 8.4: Conversation Ending
04/12/2016 10:50:04 [10] INFO   Conversation                  : Conversation Failed
04/12/2016 10:50:04 [10] INFO   BackgroundThread              : Stopping 
04/12/2016 10:50:04 [10] DEBUG  BackgroundThread              : Leaving Stop
04/12/2016 10:50:05 [11] DEBUG  PlayerProcess                 : In Process GetGameList function.
04/12/2016 10:50:05 [11] DEBUG  ConversationFactory           : Creating Conversation of type GameListConversation
04/12/2016 10:50:05 [11] DEBUG  Dispatcher                    : Adding Conversation Player.Conversation.GameListConversation, 8.5
04/12/2016 10:50:05 [11] DEBUG  Dispatcher                    :       New Queue ID: 8.5
04/12/2016 10:50:05 [11] INFO   BackgroundThread              : Starting 
04/12/2016 10:50:06 [14] DEBUG  GameListConversation          : Queuing game list request. 
04/12/2016 10:50:06 [14] DEBUG  InitiatedConversation         : GameListConversation, ConversationID: 8.5: Conversation Id  for Initiated conversation: 8.5
04/12/2016 10:50:06 [14] DEBUG  Conversation                  : GameListConversation, ConversationID: 8.5: Setting Message IDs
04/12/2016 10:50:06 [14] DEBUG  Conversation                  : GameListConversation, ConversationID: 8.5: Conversation is initiating send.
04/12/2016 10:50:06 [14] DEBUG  PostMan                       : Sending UDP (Messages.RequestMessages.GameListRequest, MessageID: 8.5, ConversationID: 8.5)
Endpoint: 127.0.0.1:12000
JSON: {"__type":"GameListRequest:#Messages.RequestMessages","ConvId":{"Pid":8,"Seq":5},"MsgId":{"Pid":8,"Seq":5},"StatusFilter":4}
04/12/2016 10:50:06 [14] DEBUG  PostMan                       : Message Delivered
04/12/2016 10:50:06 [13] DEBUG  PostMan                       : Received UDP (Messages.ReplyMessages.GameListReply, MessageID: 1.1515, ConversationID: 8.5)
JSON: {"__type":"GameListReply:#Messages.ReplyMessages","ConvId":{"Pid":8,"Seq":5},"MsgId":{"Pid":1,"Seq":1515},"Note":null,"Success":true,"GameInfo":[]}
04/12/2016 10:50:06 [14] DEBUG  Conversation                  : GameListConversation, ConversationID: 8.5: Send succeeded.
04/12/2016 10:50:06 [12] INFO   ispatcher+<>c__DisplayClass7_0: New Message Received: (Messages.ReplyMessages.GameListReply)
04/12/2016 10:50:06 [12] INFO   ispatcher+<>c__DisplayClass7_0: MessageId: 1.1515ConversationId: 8.5
04/12/2016 10:50:06 [12] DEBUG  Dispatcher                    : Successsfully queued a new message of type GameListReply, for conversation: 8.5
04/12/2016 10:50:06 [14] DEBUG  Conversation                  : GameListConversation, ConversationID: 8.5: Message available!
04/12/2016 10:50:06 [14] DEBUG  Conversation                  : GameListConversation, ConversationID: 8.5: Message available!
04/12/2016 10:50:06 [14] DEBUG  Conversation                  : GameListConversation, ConversationID: 8.5: Received Message is valid
04/12/2016 10:50:06 [14] DEBUG  Conversation                  : Received a Message of type: GameListReply
04/12/2016 10:50:06 [14] ERROR  Conversation                  : GameListConversation, ConversationID: 8.5: No games are available. 
04/12/2016 10:50:06 [14] ERROR  Conversation                  : GameListConversation, ConversationID: 8.5: Conversation Failed
04/12/2016 10:50:06 [14] ERROR  Conversation                  : GameListConversation, ConversationID: 8.5: Conversation Ending
04/12/2016 10:50:06 [14] INFO   Conversation                  : Conversation Failed
04/12/2016 10:50:06 [14] INFO   BackgroundThread              : Stopping 
04/12/2016 10:50:06 [14] DEBUG  BackgroundThread              : Leaving Stop
04/12/2016 10:50:06 [14] ERROR  Conversation                  : GameListConversation, ConversationID: 8.5: Conversation Failed
04/12/2016 10:50:06 [14] ERROR  Conversation                  : GameListConversation, ConversationID: 8.5: Conversation Ending
04/12/2016 10:50:06 [14] INFO   Conversation                  : Conversation Failed
04/12/2016 10:50:06 [14] INFO   BackgroundThread              : Stopping 
04/12/2016 10:50:06 [14] DEBUG  BackgroundThread              : Leaving Stop
04/12/2016 10:50:06 [11] DEBUG  PlayerProcess                 : In Process GetGameList function.
04/12/2016 10:50:06 [11] DEBUG  ConversationFactory           : Creating Conversation of type GameListConversation
04/12/2016 10:50:06 [11] DEBUG  Dispatcher                    : Adding Conversation Player.Conversation.GameListConversation, 8.6
04/12/2016 10:50:06 [11] DEBUG  Dispatcher                    :       New Queue ID: 8.6
04/12/2016 10:50:06 [11] INFO   BackgroundThread              : Starting 
04/12/2016 10:50:07 [18] DEBUG  GameListConversation          : Queuing game list request. 
04/12/2016 10:50:07 [18] DEBUG  InitiatedConversation         : GameListConversation, ConversationID: 8.6: Conversation Id  for Initiated conversation: 8.6
04/12/2016 10:50:07 [18] DEBUG  Conversation                  : GameListConversation, ConversationID: 8.6: Setting Message IDs
04/12/2016 10:50:07 [18] DEBUG  Conversation                  : GameListConversation, ConversationID: 8.6: Conversation is initiating send.
04/12/2016 10:50:07 [18] DEBUG  PostMan                       : Sending UDP (Messages.RequestMessages.GameListRequest, MessageID: 8.6, ConversationID: 8.6)
Endpoint: 127.0.0.1:12000
JSON: {"__type":"GameListRequest:#Messages.RequestMessages","ConvId":{"Pid":8,"Seq":6},"MsgId":{"Pid":8,"Seq":6},"StatusFilter":4}
04/12/2016 10:50:08 [18] DEBUG  PostMan                       : Message Delivered
04/12/2016 10:50:08 [13] DEBUG  PostMan                       : Received UDP (Messages.ReplyMessages.GameListReply, MessageID: 1.1525, ConversationID: 8.6)
JSON: {"__type":"GameListReply:#Messages.ReplyMessages","ConvId":{"Pid":8,"Seq":6},"MsgId":{"Pid":1,"Seq":1525},"Note":null,"Success":true,"GameInfo":[]}
04/12/2016 10:50:08 [18] DEBUG  Conversation                  : GameListConversation, ConversationID: 8.6: Send succeeded.
04/12/2016 10:50:08 [17] INFO   ispatcher+<>c__DisplayClass7_0: New Message Received: (Messages.ReplyMessages.GameListReply)
04/12/2016 10:50:08 [17] INFO   ispatcher+<>c__DisplayClass7_0: MessageId: 1.1525ConversationId: 8.6
04/12/2016 10:50:08 [17] DEBUG  Dispatcher                    : Successsfully queued a new message of type GameListReply, for conversation: 8.6
04/12/2016 10:50:08 [18] DEBUG  Conversation                  : GameListConversation, ConversationID: 8.6: Message available!
04/12/2016 10:50:08 [18] DEBUG  Conversation                  : GameListConversation, ConversationID: 8.6: Message available!
04/12/2016 10:50:08 [18] DEBUG  Conversation                  : GameListConversation, ConversationID: 8.6: Received Message is valid
04/12/2016 10:50:08 [18] DEBUG  Conversation                  : Received a Message of type: GameListReply
04/12/2016 10:50:08 [18] ERROR  Conversation                  : GameListConversation, ConversationID: 8.6: No games are available. 
04/12/2016 10:50:08 [18] ERROR  Conversation                  : GameListConversation, ConversationID: 8.6: Conversation Failed
04/12/2016 10:50:08 [18] ERROR  Conversation                  : GameListConversation, ConversationID: 8.6: Conversation Ending
04/12/2016 10:50:08 [18] INFO   Conversation                  : Conversation Failed
04/12/2016 10:50:08 [18] INFO   BackgroundThread              : Stopping 
04/12/2016 10:50:08 [18] DEBUG  BackgroundThread              : Leaving Stop
04/12/2016 10:50:08 [11] DEBUG  PlayerProcess                 : In Process GetGameList function.
04/12/2016 10:50:08 [18] ERROR  Conversation                  : GameListConversation, ConversationID: 8.6: Conversation Failed
04/12/2016 10:50:08 [18] ERROR  Conversation                  : GameListConversation, ConversationID: 8.6: Conversation Ending
04/12/2016 10:50:08 [18] INFO   Conversation                  : Conversation Failed
04/12/2016 10:50:08 [18] INFO   BackgroundThread              : Stopping 
04/12/2016 10:50:08 [18] DEBUG  BackgroundThread              : Leaving Stop
04/12/2016 10:50:08 [11] DEBUG  ConversationFactory           : Creating Conversation of type GameListConversation
04/12/2016 10:50:08 [11] DEBUG  Dispatcher                    : Adding Conversation Player.Conversation.GameListConversation, 8.7
04/12/2016 10:50:08 [11] DEBUG  Dispatcher                    :       New Queue ID: 8.7
04/12/2016 10:50:08 [11] INFO   BackgroundThread              : Starting 
04/12/2016 10:50:09 [14] DEBUG  GameListConversation          : Queuing game list request. 
04/12/2016 10:50:09 [14] DEBUG  InitiatedConversation         : GameListConversation, ConversationID: 8.7: Conversation Id  for Initiated conversation: 8.7
04/12/2016 10:50:09 [14] DEBUG  Conversation                  : GameListConversation, ConversationID: 8.7: Setting Message IDs
04/12/2016 10:50:09 [14] DEBUG  Conversation                  : GameListConversation, ConversationID: 8.7: Conversation is initiating send.
04/12/2016 10:50:09 [14] DEBUG  PostMan                       : Sending UDP (Messages.RequestMessages.GameListRequest, MessageID: 8.7, ConversationID: 8.7)
Endpoint: 127.0.0.1:12000
JSON: {"__type":"GameListRequest:#Messages.RequestMessages","ConvId":{"Pid":8,"Seq":7},"MsgId":{"Pid":8,"Seq":7},"StatusFilter":4}
04/12/2016 10:50:09 [14] DEBUG  PostMan                       : Message Delivered
04/12/2016 10:50:09 [13] DEBUG  PostMan                       : Received UDP (Messages.ReplyMessages.GameListReply, MessageID: 1.1533, ConversationID: 8.7)
JSON: {"__type":"GameListReply:#Messages.ReplyMessages","ConvId":{"Pid":8,"Seq":7},"MsgId":{"Pid":1,"Seq":1533},"Note":null,"Success":true,"GameInfo":[]}
04/12/2016 10:50:09 [14] DEBUG  Conversation                  : GameListConversation, ConversationID: 8.7: Send succeeded.
04/12/2016 10:50:09 [17] INFO   ispatcher+<>c__DisplayClass7_0: New Message Received: (Messages.ReplyMessages.GameListReply)
04/12/2016 10:50:09 [17] INFO   ispatcher+<>c__DisplayClass7_0: MessageId: 1.1533ConversationId: 8.7
04/12/2016 10:50:09 [17] DEBUG  Dispatcher                    : Successsfully queued a new message of type GameListReply, for conversation: 8.7
04/12/2016 10:50:09 [14] DEBUG  Conversation                  : GameListConversation, ConversationID: 8.7: Message available!
04/12/2016 10:50:09 [14] DEBUG  Conversation                  : GameListConversation, ConversationID: 8.7: Message available!
04/12/2016 10:50:09 [14] DEBUG  Conversation                  : GameListConversation, ConversationID: 8.7: Received Message is valid
04/12/2016 10:50:09 [14] DEBUG  Conversation                  : Received a Message of type: GameListReply
04/12/2016 10:50:09 [14] ERROR  Conversation                  : GameListConversation, ConversationID: 8.7: No games are available. 
04/12/2016 10:50:09 [14] ERROR  Conversation                  : GameListConversation, ConversationID: 8.7: Conversation Failed
04/12/2016 10:50:09 [14] ERROR  Conversation                  : GameListConversation, ConversationID: 8.7: Conversation Ending
04/12/2016 10:50:09 [14] INFO   Conversation                  : Conversation Failed
04/12/2016 10:50:09 [14] INFO   BackgroundThread              : Stopping 
04/12/2016 10:50:09 [14] DEBUG  BackgroundThread              : Leaving Stop
04/12/2016 10:50:09 [14] ERROR  Conversation                  : GameListConversation, ConversationID: 8.7: Conversation Failed
04/12/2016 10:50:09 [14] ERROR  Conversation                  : GameListConversation, ConversationID: 8.7: Conversation Ending
04/12/2016 10:50:10 [14] INFO   Conversation                  : Conversation Failed
04/12/2016 10:50:10 [14] INFO   BackgroundThread              : Stopping 
04/12/2016 10:50:10 [14] DEBUG  BackgroundThread              : Leaving Stop
04/12/2016 10:50:10 [11] DEBUG  PlayerProcess                 : In Process GetGameList function.
04/12/2016 10:50:10 [11] DEBUG  ConversationFactory           : Creating Conversation of type GameListConversation
04/12/2016 10:50:10 [11] DEBUG  Dispatcher                    : Adding Conversation Player.Conversation.GameListConversation, 8.8
04/12/2016 10:50:10 [11] DEBUG  Dispatcher                    :       New Queue ID: 8.8
04/12/2016 10:50:10 [11] INFO   BackgroundThread              : Starting 
04/12/2016 10:50:11 [12] DEBUG  GameListConversation          : Queuing game list request. 
04/12/2016 10:50:11 [12] DEBUG  InitiatedConversation         : GameListConversation, ConversationID: 8.8: Conversation Id  for Initiated conversation: 8.8
04/12/2016 10:50:11 [12] DEBUG  Conversation                  : GameListConversation, ConversationID: 8.8: Setting Message IDs
04/12/2016 10:50:11 [12] DEBUG  Conversation                  : GameListConversation, ConversationID: 8.8: Conversation is initiating send.
04/12/2016 10:50:11 [12] DEBUG  PostMan                       : Sending UDP (Messages.RequestMessages.GameListRequest, MessageID: 8.8, ConversationID: 8.8)
Endpoint: 127.0.0.1:12000
JSON: {"__type":"GameListRequest:#Messages.RequestMessages","ConvId":{"Pid":8,"Seq":8},"MsgId":{"Pid":8,"Seq":8},"StatusFilter":4}
04/12/2016 10:50:11 [12] DEBUG  PostMan                       : Message Delivered
04/12/2016 10:50:11 [13] DEBUG  PostMan                       : Received UDP (Messages.ReplyMessages.GameListReply, MessageID: 1.1543, ConversationID: 8.8)
JSON: {"__type":"GameListReply:#Messages.ReplyMessages","ConvId":{"Pid":8,"Seq":8},"MsgId":{"Pid":1,"Seq":1543},"Note":null,"Success":true,"GameInfo":[]}
04/12/2016 10:50:11 [12] DEBUG  Conversation                  : GameListConversation, ConversationID: 8.8: Send succeeded.
04/12/2016 10:50:11 [ 9] INFO   ispatcher+<>c__DisplayClass7_0: New Message Received: (Messages.ReplyMessages.GameListReply)
04/12/2016 10:50:11 [ 9] INFO   ispatcher+<>c__DisplayClass7_0: MessageId: 1.1543ConversationId: 8.8
04/12/2016 10:50:11 [ 9] DEBUG  Dispatcher                    : Successsfully queued a new message of type GameListReply, for conversation: 8.8
04/12/2016 10:50:11 [12] DEBUG  Conversation                  : GameListConversation, ConversationID: 8.8: Message available!
04/12/2016 10:50:11 [12] DEBUG  Conversation                  : GameListConversation, ConversationID: 8.8: Message available!
04/12/2016 10:50:11 [12] DEBUG  Conversation                  : GameListConversation, ConversationID: 8.8: Received Message is valid
04/12/2016 10:50:11 [12] DEBUG  Conversation                  : Received a Message of type: GameListReply
04/12/2016 10:50:11 [12] ERROR  Conversation                  : GameListConversation, ConversationID: 8.8: No games are available. 
04/12/2016 10:50:11 [12] ERROR  Conversation                  : GameListConversation, ConversationID: 8.8: Conversation Failed
04/12/2016 10:50:11 [12] ERROR  Conversation                  : GameListConversation, ConversationID: 8.8: Conversation Ending
04/12/2016 10:50:11 [12] INFO   Conversation                  : Conversation Failed
04/12/2016 10:50:11 [12] INFO   BackgroundThread              : Stopping 
04/12/2016 10:50:11 [12] DEBUG  BackgroundThread              : Leaving Stop
04/12/2016 10:50:11 [12] ERROR  Conversation                  : GameListConversation, ConversationID: 8.8: Conversation Failed
04/12/2016 10:50:11 [12] ERROR  Conversation                  : GameListConversation, ConversationID: 8.8: Conversation Ending
04/12/2016 10:50:11 [12] INFO   Conversation                  : Conversation Failed
04/12/2016 10:50:11 [12] INFO   BackgroundThread              : Stopping 
04/12/2016 10:50:11 [12] DEBUG  BackgroundThread              : Leaving Stop
04/12/2016 10:50:11 [11] DEBUG  PlayerProcess                 : In Process GetGameList function.
04/12/2016 10:50:11 [11] DEBUG  ConversationFactory           : Creating Conversation of type GameListConversation
04/12/2016 10:50:11 [11] DEBUG  Dispatcher                    : Adding Conversation Player.Conversation.GameListConversation, 8.9
04/12/2016 10:50:11 [11] DEBUG  Dispatcher                    :       New Queue ID: 8.9
04/12/2016 10:50:11 [11] INFO   BackgroundThread              : Starting 
04/12/2016 10:50:13 [ 9] DEBUG  GameListConversation          : Queuing game list request. 
04/12/2016 10:50:13 [ 9] DEBUG  InitiatedConversation         : GameListConversation, ConversationID: 8.9: Conversation Id  for Initiated conversation: 8.9
04/12/2016 10:50:13 [ 9] DEBUG  Conversation                  : GameListConversation, ConversationID: 8.9: Setting Message IDs
04/12/2016 10:50:13 [ 9] DEBUG  Conversation                  : GameListConversation, ConversationID: 8.9: Conversation is initiating send.
04/12/2016 10:50:13 [ 9] DEBUG  PostMan                       : Sending UDP (Messages.RequestMessages.GameListRequest, MessageID: 8.9, ConversationID: 8.9)
Endpoint: 127.0.0.1:12000
JSON: {"__type":"GameListRequest:#Messages.RequestMessages","ConvId":{"Pid":8,"Seq":9},"MsgId":{"Pid":8,"Seq":9},"StatusFilter":4}
04/12/2016 10:50:13 [ 9] DEBUG  PostMan                       : Message Delivered
04/12/2016 10:50:13 [13] DEBUG  PostMan                       : Received UDP (Messages.ReplyMessages.GameListReply, MessageID: 1.1553, ConversationID: 8.9)
JSON: {"__type":"GameListReply:#Messages.ReplyMessages","ConvId":{"Pid":8,"Seq":9},"MsgId":{"Pid":1,"Seq":1553},"Note":null,"Success":true,"GameInfo":[]}
04/12/2016 10:50:13 [ 9] DEBUG  Conversation                  : GameListConversation, ConversationID: 8.9: Send succeeded.
04/12/2016 10:50:13 [10] INFO   ispatcher+<>c__DisplayClass7_0: New Message Received: (Messages.ReplyMessages.GameListReply)
04/12/2016 10:50:13 [10] INFO   ispatcher+<>c__DisplayClass7_0: MessageId: 1.1553ConversationId: 8.9
04/12/2016 10:50:13 [10] DEBUG  Dispatcher                    : Successsfully queued a new message of type GameListReply, for conversation: 8.9
04/12/2016 10:50:13 [ 9] DEBUG  Conversation                  : GameListConversation, ConversationID: 8.9: Message available!
04/12/2016 10:50:13 [ 9] DEBUG  Conversation                  : GameListConversation, ConversationID: 8.9: Message available!
04/12/2016 10:50:13 [ 9] DEBUG  Conversation                  : GameListConversation, ConversationID: 8.9: Received Message is valid
04/12/2016 10:50:13 [ 9] DEBUG  Conversation                  : Received a Message of type: GameListReply
04/12/2016 10:50:13 [ 9] ERROR  Conversation                  : GameListConversation, ConversationID: 8.9: No games are available. 
04/12/2016 10:50:13 [ 9] ERROR  Conversation                  : GameListConversation, ConversationID: 8.9: Conversation Failed
04/12/2016 10:50:13 [ 9] ERROR  Conversation                  : GameListConversation, ConversationID: 8.9: Conversation Ending
04/12/2016 10:50:13 [ 9] INFO   Conversation                  : Conversation Failed
04/12/2016 10:50:13 [ 9] INFO   BackgroundThread              : Stopping 
04/12/2016 10:50:13 [ 9] DEBUG  BackgroundThread              : Leaving Stop
04/12/2016 10:50:13 [ 9] ERROR  Conversation                  : GameListConversation, ConversationID: 8.9: Conversation Failed
04/12/2016 10:50:13 [ 9] ERROR  Conversation                  : GameListConversation, ConversationID: 8.9: Conversation Ending
04/12/2016 10:50:13 [ 9] INFO   Conversation                  : Conversation Failed
04/12/2016 10:50:13 [ 9] INFO   BackgroundThread              : Stopping 
04/12/2016 10:50:13 [ 9] DEBUG  BackgroundThread              : Leaving Stop
04/12/2016 10:50:13 [11] DEBUG  PlayerProcess                 : In Process GetGameList function.
04/12/2016 10:50:13 [11] DEBUG  ConversationFactory           : Creating Conversation of type GameListConversation
04/12/2016 10:50:13 [11] DEBUG  Dispatcher                    : Adding Conversation Player.Conversation.GameListConversation, 8.10
04/12/2016 10:50:13 [11] DEBUG  Dispatcher                    :       New Queue ID: 8.10
04/12/2016 10:50:13 [11] INFO   BackgroundThread              : Starting 
04/12/2016 10:50:14 [12] DEBUG  GameListConversation          : Queuing game list request. 
04/12/2016 10:50:14 [12] DEBUG  InitiatedConversation         : GameListConversation, ConversationID: 8.10: Conversation Id  for Initiated conversation: 8.10
04/12/2016 10:50:14 [12] DEBUG  Conversation                  : GameListConversation, ConversationID: 8.10: Setting Message IDs
04/12/2016 10:50:14 [12] DEBUG  Conversation                  : GameListConversation, ConversationID: 8.10: Conversation is initiating send.
04/12/2016 10:50:14 [12] DEBUG  PostMan                       : Sending UDP (Messages.RequestMessages.GameListRequest, MessageID: 8.10, ConversationID: 8.10)
Endpoint: 127.0.0.1:12000
JSON: {"__type":"GameListRequest:#Messages.RequestMessages","ConvId":{"Pid":8,"Seq":10},"MsgId":{"Pid":8,"Seq":10},"StatusFilter":4}
04/12/2016 10:50:14 [12] DEBUG  PostMan                       : Message Delivered
04/12/2016 10:50:14 [13] DEBUG  PostMan                       : Received UDP (Messages.ReplyMessages.GameListReply, MessageID: 1.1562, ConversationID: 8.10)
JSON: {"__type":"GameListReply:#Messages.ReplyMessages","ConvId":{"Pid":8,"Seq":10},"MsgId":{"Pid":1,"Seq":1562},"Note":null,"Success":true,"GameInfo":[]}
04/12/2016 10:50:14 [12] DEBUG  Conversation                  : GameListConversation, ConversationID: 8.10: Send succeeded.
04/12/2016 10:50:14 [ 9] INFO   ispatcher+<>c__DisplayClass7_0: New Message Received: (Messages.ReplyMessages.GameListReply)
04/12/2016 10:50:15 [ 9] INFO   ispatcher+<>c__DisplayClass7_0: MessageId: 1.1562ConversationId: 8.10
04/12/2016 10:50:15 [ 9] DEBUG  Dispatcher                    : Successsfully queued a new message of type GameListReply, for conversation: 8.10
04/12/2016 10:50:15 [12] DEBUG  Conversation                  : GameListConversation, ConversationID: 8.10: Message available!
04/12/2016 10:50:15 [12] DEBUG  Conversation                  : GameListConversation, ConversationID: 8.10: Message available!
04/12/2016 10:50:15 [12] DEBUG  Conversation                  : GameListConversation, ConversationID: 8.10: Received Message is valid
04/12/2016 10:50:15 [12] DEBUG  Conversation                  : Received a Message of type: GameListReply
04/12/2016 10:50:15 [12] ERROR  Conversation                  : GameListConversation, ConversationID: 8.10: No games are available. 
04/12/2016 10:50:15 [12] ERROR  Conversation                  : GameListConversation, ConversationID: 8.10: Conversation Failed
04/12/2016 10:50:15 [12] ERROR  Conversation                  : GameListConversation, ConversationID: 8.10: Conversation Ending
04/12/2016 10:50:15 [12] INFO   Conversation                  : Conversation Failed
04/12/2016 10:50:15 [12] INFO   BackgroundThread              : Stopping 
04/12/2016 10:50:15 [12] DEBUG  BackgroundThread              : Leaving Stop
04/12/2016 10:50:15 [12] ERROR  Conversation                  : GameListConversation, ConversationID: 8.10: Conversation Failed
04/12/2016 10:50:15 [12] ERROR  Conversation                  : GameListConversation, ConversationID: 8.10: Conversation Ending
04/12/2016 10:50:15 [12] INFO   Conversation                  : Conversation Failed
04/12/2016 10:50:15 [12] INFO   BackgroundThread              : Stopping 
04/12/2016 10:50:15 [12] DEBUG  BackgroundThread              : Leaving Stop
04/12/2016 10:50:15 [11] DEBUG  PlayerProcess                 : In Process GetGameList function.
04/12/2016 10:50:15 [11] DEBUG  ConversationFactory           : Creating Conversation of type GameListConversation
04/12/2016 10:50:15 [11] DEBUG  Dispatcher                    : Adding Conversation Player.Conversation.GameListConversation, 8.11
04/12/2016 10:50:15 [11] DEBUG  Dispatcher                    :       New Queue ID: 8.11
04/12/2016 10:50:15 [11] INFO   BackgroundThread              : Starting 
04/12/2016 10:50:15 [13] DEBUG  PostMan                       : Received UDP (Messages.RequestMessages.ShutdownRequest, MessageID: 1.1567, ConversationID: 1.1567)
JSON: {"__type":"ShutdownRequest:#Messages.RequestMessages","ConvId":{"Pid":1,"Seq":1567},"MsgId":{"Pid":1,"Seq":1567}}
04/12/2016 10:50:15 [17] INFO   ispatcher+<>c__DisplayClass7_0: New Message Received: (Messages.RequestMessages.ShutdownRequest)
04/12/2016 10:50:15 [17] INFO   ispatcher+<>c__DisplayClass7_0: MessageId: 1.1567ConversationId: 1.1567
04/12/2016 10:50:15 [17] DEBUG  Dispatcher                    : Conversation  with id= 1.1567 does not exist, trying to create new conversation.
04/12/2016 10:50:15 [17] ERROR  ConversationFactory           : Factory does not have a mapping for type: Messages.RequestMessages.ShutdownRequest
04/12/2016 10:50:15 [17] ERROR  Dispatcher                    : New conversation returned from factory is Null!
04/12/2016 10:50:15 [17] ERROR  Dispatcher                    : An error was encountered while creating a new conversation queue
04/12/2016 10:50:16 [18] DEBUG  GameListConversation          : Queuing game list request. 
04/12/2016 10:50:16 [18] DEBUG  InitiatedConversation         : GameListConversation, ConversationID: 8.11: Conversation Id  for Initiated conversation: 8.11
04/12/2016 10:50:16 [18] DEBUG  Conversation                  : GameListConversation, ConversationID: 8.11: Setting Message IDs
04/12/2016 10:50:16 [18] DEBUG  Conversation                  : GameListConversation, ConversationID: 8.11: Conversation is initiating send.
04/12/2016 10:50:16 [18] DEBUG  PostMan                       : Sending UDP (Messages.RequestMessages.GameListRequest, MessageID: 8.11, ConversationID: 8.11)
Endpoint: 127.0.0.1:12000
JSON: {"__type":"GameListRequest:#Messages.RequestMessages","ConvId":{"Pid":8,"Seq":11},"MsgId":{"Pid":8,"Seq":11},"StatusFilter":4}
04/12/2016 10:50:16 [18] DEBUG  PostMan                       : Message Delivered
04/12/2016 10:50:16 [18] DEBUG  Conversation                  : GameListConversation, ConversationID: 8.11: Send succeeded.
04/12/2016 10:50:21 [18] DEBUG  GameListConversation          : Queuing game list request. 
04/12/2016 10:50:21 [18] DEBUG  InitiatedConversation         : GameListConversation, ConversationID: 8.11: Conversation Id  for Initiated conversation: 8.11
04/12/2016 10:50:21 [18] DEBUG  Conversation                  : GameListConversation, ConversationID: 8.11: Setting Message IDs
04/12/2016 10:50:21 [18] DEBUG  Conversation                  : GameListConversation, ConversationID: 8.11: Conversation is initiating send.
04/12/2016 10:50:21 [18] DEBUG  PostMan                       : Sending UDP (Messages.RequestMessages.GameListRequest, MessageID: 8.11, ConversationID: 8.11)
Endpoint: 127.0.0.1:12000
JSON: {"__type":"GameListRequest:#Messages.RequestMessages","ConvId":{"Pid":8,"Seq":11},"MsgId":{"Pid":8,"Seq":11},"StatusFilter":4}
04/12/2016 10:50:21 [18] DEBUG  PostMan                       : Message Delivered
04/12/2016 10:50:21 [18] DEBUG  Conversation                  : GameListConversation, ConversationID: 8.11: Send succeeded.
04/12/2016 10:50:26 [18] DEBUG  GameListConversation          : Queuing game list request. 
04/12/2016 10:50:26 [18] DEBUG  InitiatedConversation         : GameListConversation, ConversationID: 8.11: Conversation Id  for Initiated conversation: 8.11
04/12/2016 10:50:26 [18] DEBUG  Conversation                  : GameListConversation, ConversationID: 8.11: Setting Message IDs
04/12/2016 10:50:26 [18] DEBUG  Conversation                  : GameListConversation, ConversationID: 8.11: Conversation is initiating send.
04/12/2016 10:50:26 [18] DEBUG  PostMan                       : Sending UDP (Messages.RequestMessages.GameListRequest, MessageID: 8.11, ConversationID: 8.11)
Endpoint: 127.0.0.1:12000
JSON: {"__type":"GameListRequest:#Messages.RequestMessages","ConvId":{"Pid":8,"Seq":11},"MsgId":{"Pid":8,"Seq":11},"StatusFilter":4}
04/12/2016 10:50:26 [18] DEBUG  PostMan                       : Message Delivered
04/12/2016 10:50:27 [18] DEBUG  Conversation                  : GameListConversation, ConversationID: 8.11: Send succeeded.
04/12/2016 10:50:31 [18] ERROR  Conversation                  : GameListConversation, ConversationID: 8.11: Conversation Failed
04/12/2016 10:50:31 [18] ERROR  Conversation                  : GameListConversation, ConversationID: 8.11: Conversation Ending
04/12/2016 10:50:31 [18] INFO   Conversation                  : Conversation Failed
04/12/2016 10:50:31 [18] INFO   BackgroundThread              : Stopping 
04/12/2016 10:50:31 [18] DEBUG  BackgroundThread              : Leaving Stop
04/12/2016 10:50:31 [11] DEBUG  PlayerProcess                 : In Process GetGameList function.
04/12/2016 10:50:31 [11] DEBUG  ConversationFactory           : Creating Conversation of type GameListConversation
04/12/2016 10:50:31 [11] DEBUG  Dispatcher                    : Adding Conversation Player.Conversation.GameListConversation, 8.12
04/12/2016 10:50:31 [11] DEBUG  Dispatcher                    :       New Queue ID: 8.12
04/12/2016 10:50:31 [11] INFO   BackgroundThread              : Starting 
04/12/2016 10:50:32 [10] DEBUG  GameListConversation          : Queuing game list request. 
04/12/2016 10:50:32 [10] DEBUG  InitiatedConversation         : GameListConversation, ConversationID: 8.12: Conversation Id  for Initiated conversation: 8.12
04/12/2016 10:50:32 [10] DEBUG  Conversation                  : GameListConversation, ConversationID: 8.12: Setting Message IDs
04/12/2016 10:50:32 [10] DEBUG  Conversation                  : GameListConversation, ConversationID: 8.12: Conversation is initiating send.
04/12/2016 10:50:32 [10] DEBUG  PostMan                       : Sending UDP (Messages.RequestMessages.GameListRequest, MessageID: 8.12, ConversationID: 8.12)
Endpoint: 127.0.0.1:12000
JSON: {"__type":"GameListRequest:#Messages.RequestMessages","ConvId":{"Pid":8,"Seq":12},"MsgId":{"Pid":8,"Seq":12},"StatusFilter":4}
04/12/2016 10:50:32 [10] DEBUG  PostMan                       : Message Delivered
04/12/2016 10:50:32 [10] DEBUG  Conversation                  : GameListConversation, ConversationID: 8.12: Send succeeded.
04/12/2016 10:50:37 [10] DEBUG  GameListConversation          : Queuing game list request. 
04/12/2016 10:50:37 [10] DEBUG  InitiatedConversation         : GameListConversation, ConversationID: 8.12: Conversation Id  for Initiated conversation: 8.12
04/12/2016 10:50:37 [10] DEBUG  Conversation                  : GameListConversation, ConversationID: 8.12: Setting Message IDs
04/12/2016 10:50:37 [10] DEBUG  Conversation                  : GameListConversation, ConversationID: 8.12: Conversation is initiating send.
04/12/2016 10:50:37 [10] DEBUG  PostMan                       : Sending UDP (Messages.RequestMessages.GameListRequest, MessageID: 8.12, ConversationID: 8.12)
Endpoint: 127.0.0.1:12000
JSON: {"__type":"GameListRequest:#Messages.RequestMessages","ConvId":{"Pid":8,"Seq":12},"MsgId":{"Pid":8,"Seq":12},"StatusFilter":4}
04/12/2016 10:50:37 [10] DEBUG  PostMan                       : Message Delivered
04/12/2016 10:50:37 [10] DEBUG  Conversation                  : GameListConversation, ConversationID: 8.12: Send succeeded.
04/12/2016 10:50:42 [10] DEBUG  GameListConversation          : Queuing game list request. 
04/12/2016 10:50:42 [10] DEBUG  InitiatedConversation         : GameListConversation, ConversationID: 8.12: Conversation Id  for Initiated conversation: 8.12
04/12/2016 10:50:42 [10] DEBUG  Conversation                  : GameListConversation, ConversationID: 8.12: Setting Message IDs
04/12/2016 10:50:42 [10] DEBUG  Conversation                  : GameListConversation, ConversationID: 8.12: Conversation is initiating send.
04/12/2016 10:50:42 [10] DEBUG  PostMan                       : Sending UDP (Messages.RequestMessages.GameListRequest, MessageID: 8.12, ConversationID: 8.12)
Endpoint: 127.0.0.1:12000
JSON: {"__type":"GameListRequest:#Messages.RequestMessages","ConvId":{"Pid":8,"Seq":12},"MsgId":{"Pid":8,"Seq":12},"StatusFilter":4}
04/12/2016 10:50:42 [10] DEBUG  PostMan                       : Message Delivered
04/12/2016 10:50:42 [10] DEBUG  Conversation                  : GameListConversation, ConversationID: 8.12: Send succeeded.
04/12/2016 10:50:47 [10] ERROR  Conversation                  : GameListConversation, ConversationID: 8.12: Conversation Failed
04/12/2016 10:50:47 [10] ERROR  Conversation                  : GameListConversation, ConversationID: 8.12: Conversation Ending
04/12/2016 10:50:47 [10] INFO   Conversation                  : Conversation Failed
04/12/2016 10:50:47 [10] INFO   BackgroundThread              : Stopping 
04/12/2016 10:50:47 [10] DEBUG  BackgroundThread              : Leaving Stop
04/12/2016 10:50:47 [11] DEBUG  PlayerProcess                 : In Process GetGameList function.
04/12/2016 10:50:47 [11] DEBUG  ConversationFactory           : Creating Conversation of type GameListConversation
04/12/2016 10:50:47 [11] DEBUG  Dispatcher                    : Adding Conversation Player.Conversation.GameListConversation, 8.13
04/12/2016 10:50:47 [11] DEBUG  Dispatcher                    :       New Queue ID: 8.13
04/12/2016 10:50:47 [11] INFO   BackgroundThread              : Starting 
04/12/2016 10:50:48 [ 9] DEBUG  GameListConversation          : Queuing game list request. 
04/12/2016 10:50:48 [ 9] DEBUG  InitiatedConversation         : GameListConversation, ConversationID: 8.13: Conversation Id  for Initiated conversation: 8.13
04/12/2016 10:50:48 [ 9] DEBUG  Conversation                  : GameListConversation, ConversationID: 8.13: Setting Message IDs
04/12/2016 10:50:48 [ 9] DEBUG  Conversation                  : GameListConversation, ConversationID: 8.13: Conversation is initiating send.
04/12/2016 10:50:48 [ 9] DEBUG  PostMan                       : Sending UDP (Messages.RequestMessages.GameListRequest, MessageID: 8.13, ConversationID: 8.13)
Endpoint: 127.0.0.1:12000
JSON: {"__type":"GameListRequest:#Messages.RequestMessages","ConvId":{"Pid":8,"Seq":13},"MsgId":{"Pid":8,"Seq":13},"StatusFilter":4}
04/12/2016 10:50:48 [ 9] DEBUG  PostMan                       : Message Delivered
04/12/2016 10:50:48 [ 9] DEBUG  Conversation                  : GameListConversation, ConversationID: 8.13: Send succeeded.
