04/13/2016 09:36:23 [ 9] DEBUG  PlayerConnection              : Using Local Settings.
04/13/2016 09:36:23 [ 9] DEBUG  PlayerConnection              : Starting Application. 
04/13/2016 09:36:23 [ 9] DEBUG  PlayerConnection              : Initializing Subsystem
04/13/2016 09:36:23 [ 9] DEBUG  PlayerProcess                 : Initializeing Player Subsystem.
04/13/2016 09:36:23 [ 9] DEBUG  PlayerConnection              : Initializing Player
04/13/2016 09:36:23 [ 9] DEBUG  PlayerProcess                 : Initializing Player Details.
04/13/2016 09:36:23 [ 9] INFO   BackgroundThread              : Starting 
04/13/2016 09:36:23 [ 6] INFO   BackgroundThread              : Starting 
04/13/2016 09:36:23 [ 6] DEBUG  PlayerProcess                 : In Process Login function.
04/13/2016 09:36:23 [ 6] DEBUG  ConversationFactory           : Creating Conversation of type LoginConversation
04/13/2016 09:36:23 [ 6] DEBUG  Dispatcher                    : Adding Conversation Player.Conversation.LoginConversation, 0.1
04/13/2016 09:36:23 [ 6] DEBUG  Dispatcher                    :       New Queue ID: 0.1
04/13/2016 09:36:23 [ 6] INFO   BackgroundThread              : Starting 
04/13/2016 09:36:26 [13] DEBUG  LoginConversation             : Creating login request. 
04/13/2016 09:36:26 [13] DEBUG  InitiatedConversation         : LoginConversation, ConversationID: 0.1: Conversation Id  for Initiated conversation: 0.1
04/13/2016 09:36:26 [13] DEBUG  Conversation                  : LoginConversation, ConversationID: 0.1: Setting Message IDs
04/13/2016 09:36:26 [13] DEBUG  Conversation                  : LoginConversation, ConversationID: 0.1: Conversation is initiating send.
04/13/2016 09:36:26 [13] DEBUG  PostMan                       : Sending UDP (Messages.RequestMessages.LoginRequest, MessageID: 0.1, ConversationID: 0.1)
Endpoint: 127.0.0.1:12000
JSON: {"__type":"LoginRequest:#Messages.RequestMessages","ConvId":{"Pid":0,"Seq":1},"MsgId":{"Pid":0,"Seq":1},"Identity":{"ANumber":"A00000001","Alias":"The Instructor","FirstName":"The","LastName":"Instructor"},"ProcessLabel":"The Instructor","ProcessType":3,"PublicKey":null}
04/13/2016 09:36:26 [13] DEBUG  PostMan                       : Message Delivered
04/13/2016 09:36:26 [13] DEBUG  Conversation                  : LoginConversation, ConversationID: 0.1: Send succeeded.
04/13/2016 09:36:26 [12] DEBUG  PostMan                       : Received UDP (Messages.ReplyMessages.LoginReply, MessageID: 1.20, ConversationID: 0.1)
JSON: {"__type":"LoginReply:#Messages.ReplyMessages","ConvId":{"Pid":0,"Seq":1},"MsgId":{"Pid":1,"Seq":20},"Note":"Logged in","Success":true,"PennyBankEndPoint":{"Host":"127.0.0.1","Port":12002},"PennyBankPublicKey":null,"ProcessInfo":{"EndPoint":{"Host":"127.0.0.1","Port":10000},"Label":"The Instructor","ProcessId":4,"Status":3,"Type":3},"ProxyEndPoint":{"Host":"127.0.0.1","Port":12001}}
04/13/2016 09:36:26 [14] INFO   ispatcher+<>c__DisplayClass7_0: New Message Received: (Messages.ReplyMessages.LoginReply)
04/13/2016 09:36:26 [14] INFO   ispatcher+<>c__DisplayClass7_0: MessageId: 1.20ConversationId: 0.1
04/13/2016 09:36:26 [14] DEBUG  Dispatcher                    : Successsfully queued a new message of type LoginReply, for conversation: 0.1
04/13/2016 09:36:26 [13] DEBUG  Conversation                  : LoginConversation, ConversationID: 0.1: Message available!
04/13/2016 09:36:26 [13] DEBUG  Conversation                  : LoginConversation, ConversationID: 0.1: Message available!
04/13/2016 09:36:26 [13] DEBUG  Conversation                  : LoginConversation, ConversationID: 0.1: Received Message is valid
04/13/2016 09:36:26 [13] DEBUG  Conversation                  : Received a Message of type: LoginReply
04/13/2016 09:36:26 [13] DEBUG  LoginConversation             : Proxy endpoint is 127.0.0.1:12002
04/13/2016 09:36:26 [13] INFO   Conversation                  : Conversation Succeeded
04/13/2016 09:36:26 [13] INFO   Conversation                  : Conversation Succeeded
04/13/2016 09:36:26 [ 6] DEBUG  PlayerProcess                 : In Process GetGameList function.
04/13/2016 09:36:26 [ 6] DEBUG  ConversationFactory           : Creating Conversation of type GameListConversation
04/13/2016 09:36:26 [ 6] DEBUG  Dispatcher                    : Adding Conversation Player.Conversation.GameListConversation, 4.2
04/13/2016 09:36:26 [ 6] DEBUG  Dispatcher                    :       New Queue ID: 4.2
04/13/2016 09:36:26 [ 6] INFO   BackgroundThread              : Starting 
04/13/2016 09:36:28 [15] DEBUG  GameListConversation          : Queuing game list request. 
04/13/2016 09:36:28 [15] DEBUG  InitiatedConversation         : GameListConversation, ConversationID: 4.2: Conversation Id  for Initiated conversation: 4.2
04/13/2016 09:36:28 [15] DEBUG  Conversation                  : GameListConversation, ConversationID: 4.2: Setting Message IDs
04/13/2016 09:36:28 [15] DEBUG  Conversation                  : GameListConversation, ConversationID: 4.2: Conversation is initiating send.
04/13/2016 09:36:28 [15] DEBUG  PostMan                       : Sending UDP (Messages.RequestMessages.GameListRequest, MessageID: 4.2, ConversationID: 4.2)
Endpoint: 127.0.0.1:12000
JSON: {"__type":"GameListRequest:#Messages.RequestMessages","ConvId":{"Pid":4,"Seq":2},"MsgId":{"Pid":4,"Seq":2},"StatusFilter":4}
04/13/2016 09:36:28 [15] DEBUG  PostMan                       : Message Delivered
04/13/2016 09:36:28 [15] DEBUG  Conversation                  : GameListConversation, ConversationID: 4.2: Send succeeded.
04/13/2016 09:36:28 [12] DEBUG  PostMan                       : Received UDP (Messages.ReplyMessages.GameListReply, MessageID: 1.21, ConversationID: 4.2)
JSON: {"__type":"GameListReply:#Messages.ReplyMessages","ConvId":{"Pid":4,"Seq":2},"MsgId":{"Pid":1,"Seq":21},"Note":null,"Success":true,"GameInfo":[]}
04/13/2016 09:36:29 [16] INFO   ispatcher+<>c__DisplayClass7_0: New Message Received: (Messages.ReplyMessages.GameListReply)
04/13/2016 09:36:29 [16] INFO   ispatcher+<>c__DisplayClass7_0: MessageId: 1.21ConversationId: 4.2
04/13/2016 09:36:29 [16] DEBUG  Dispatcher                    : Successsfully queued a new message of type GameListReply, for conversation: 4.2
04/13/2016 09:36:29 [15] DEBUG  Conversation                  : GameListConversation, ConversationID: 4.2: Message available!
04/13/2016 09:36:29 [15] DEBUG  Conversation                  : GameListConversation, ConversationID: 4.2: Message available!
04/13/2016 09:36:29 [15] DEBUG  Conversation                  : GameListConversation, ConversationID: 4.2: Received Message is valid
04/13/2016 09:36:29 [15] DEBUG  Conversation                  : Received a Message of type: GameListReply
04/13/2016 09:36:29 [15] ERROR  Conversation                  : GameListConversation, ConversationID: 4.2: No games are available. 
04/13/2016 09:36:29 [15] ERROR  Conversation                  : GameListConversation, ConversationID: 4.2: Conversation Failed
04/13/2016 09:36:29 [15] ERROR  Conversation                  : GameListConversation, ConversationID: 4.2: Conversation Ending
04/13/2016 09:36:29 [15] INFO   Conversation                  : Conversation Failed
04/13/2016 09:36:29 [15] INFO   BackgroundThread              : Stopping 
04/13/2016 09:36:29 [15] DEBUG  BackgroundThread              : Leaving Stop
04/13/2016 09:36:29 [15] ERROR  Conversation                  : GameListConversation, ConversationID: 4.2: Conversation Failed
04/13/2016 09:36:29 [15] ERROR  Conversation                  : GameListConversation, ConversationID: 4.2: Conversation Ending
04/13/2016 09:36:29 [15] INFO   Conversation                  : Conversation Failed
04/13/2016 09:36:29 [15] INFO   BackgroundThread              : Stopping 
04/13/2016 09:36:29 [15] DEBUG  BackgroundThread              : Leaving Stop
04/13/2016 09:36:29 [ 6] DEBUG  PlayerProcess                 : In Process GetGameList function.
04/13/2016 09:36:29 [ 6] DEBUG  ConversationFactory           : Creating Conversation of type GameListConversation
04/13/2016 09:36:29 [ 6] DEBUG  Dispatcher                    : Adding Conversation Player.Conversation.GameListConversation, 4.3
04/13/2016 09:36:29 [ 6] DEBUG  Dispatcher                    :       New Queue ID: 4.3
04/13/2016 09:36:29 [ 6] INFO   BackgroundThread              : Starting 
04/13/2016 09:36:31 [14] DEBUG  GameListConversation          : Queuing game list request. 
04/13/2016 09:36:31 [14] DEBUG  InitiatedConversation         : GameListConversation, ConversationID: 4.3: Conversation Id  for Initiated conversation: 4.3
04/13/2016 09:36:31 [14] DEBUG  Conversation                  : GameListConversation, ConversationID: 4.3: Setting Message IDs
04/13/2016 09:36:31 [14] DEBUG  Conversation                  : GameListConversation, ConversationID: 4.3: Conversation is initiating send.
04/13/2016 09:36:31 [14] DEBUG  PostMan                       : Sending UDP (Messages.RequestMessages.GameListRequest, MessageID: 4.3, ConversationID: 4.3)
Endpoint: 127.0.0.1:12000
JSON: {"__type":"GameListRequest:#Messages.RequestMessages","ConvId":{"Pid":4,"Seq":3},"MsgId":{"Pid":4,"Seq":3},"StatusFilter":4}
04/13/2016 09:36:31 [14] DEBUG  PostMan                       : Message Delivered
04/13/2016 09:36:31 [12] DEBUG  PostMan                       : Received UDP (Messages.ReplyMessages.GameListReply, MessageID: 1.22, ConversationID: 4.3)
JSON: {"__type":"GameListReply:#Messages.ReplyMessages","ConvId":{"Pid":4,"Seq":3},"MsgId":{"Pid":1,"Seq":22},"Note":null,"Success":true,"GameInfo":[]}
04/13/2016 09:36:31 [14] DEBUG  Conversation                  : GameListConversation, ConversationID: 4.3: Send succeeded.
04/13/2016 09:36:31 [13] INFO   ispatcher+<>c__DisplayClass7_0: New Message Received: (Messages.ReplyMessages.GameListReply)
04/13/2016 09:36:32 [13] INFO   ispatcher+<>c__DisplayClass7_0: MessageId: 1.22ConversationId: 4.3
04/13/2016 09:36:32 [13] DEBUG  Dispatcher                    : Successsfully queued a new message of type GameListReply, for conversation: 4.3
04/13/2016 09:36:32 [14] DEBUG  Conversation                  : GameListConversation, ConversationID: 4.3: Message available!
04/13/2016 09:36:32 [14] DEBUG  Conversation                  : GameListConversation, ConversationID: 4.3: Message available!
04/13/2016 09:36:32 [14] DEBUG  Conversation                  : GameListConversation, ConversationID: 4.3: Received Message is valid
04/13/2016 09:36:32 [14] DEBUG  Conversation                  : Received a Message of type: GameListReply
04/13/2016 09:36:32 [14] ERROR  Conversation                  : GameListConversation, ConversationID: 4.3: No games are available. 
04/13/2016 09:36:32 [14] ERROR  Conversation                  : GameListConversation, ConversationID: 4.3: Conversation Failed
04/13/2016 09:36:32 [14] ERROR  Conversation                  : GameListConversation, ConversationID: 4.3: Conversation Ending
04/13/2016 09:36:32 [14] INFO   Conversation                  : Conversation Failed
04/13/2016 09:36:32 [14] INFO   BackgroundThread              : Stopping 
04/13/2016 09:36:32 [14] DEBUG  BackgroundThread              : Leaving Stop
04/13/2016 09:36:32 [14] ERROR  Conversation                  : GameListConversation, ConversationID: 4.3: Conversation Failed
04/13/2016 09:36:32 [14] ERROR  Conversation                  : GameListConversation, ConversationID: 4.3: Conversation Ending
04/13/2016 09:36:32 [14] INFO   Conversation                  : Conversation Failed
04/13/2016 09:36:32 [14] INFO   BackgroundThread              : Stopping 
04/13/2016 09:36:32 [14] DEBUG  BackgroundThread              : Leaving Stop
04/13/2016 09:36:32 [ 6] DEBUG  PlayerProcess                 : In Process GetGameList function.
04/13/2016 09:36:32 [ 6] DEBUG  ConversationFactory           : Creating Conversation of type GameListConversation
04/13/2016 09:36:32 [ 6] DEBUG  Dispatcher                    : Adding Conversation Player.Conversation.GameListConversation, 4.4
04/13/2016 09:36:32 [ 6] DEBUG  Dispatcher                    :       New Queue ID: 4.4
04/13/2016 09:36:32 [ 6] INFO   BackgroundThread              : Starting 
04/13/2016 09:36:34 [19] DEBUG  GameListConversation          : Queuing game list request. 
04/13/2016 09:36:34 [19] DEBUG  InitiatedConversation         : GameListConversation, ConversationID: 4.4: Conversation Id  for Initiated conversation: 4.4
04/13/2016 09:36:34 [19] DEBUG  Conversation                  : GameListConversation, ConversationID: 4.4: Setting Message IDs
04/13/2016 09:36:34 [19] DEBUG  Conversation                  : GameListConversation, ConversationID: 4.4: Conversation is initiating send.
04/13/2016 09:36:34 [19] DEBUG  PostMan                       : Sending UDP (Messages.RequestMessages.GameListRequest, MessageID: 4.4, ConversationID: 4.4)
Endpoint: 127.0.0.1:12000
JSON: {"__type":"GameListRequest:#Messages.RequestMessages","ConvId":{"Pid":4,"Seq":4},"MsgId":{"Pid":4,"Seq":4},"StatusFilter":4}
04/13/2016 09:36:34 [19] DEBUG  PostMan                       : Message Delivered
04/13/2016 09:36:34 [12] DEBUG  PostMan                       : Received UDP (Messages.ReplyMessages.GameListReply, MessageID: 1.23, ConversationID: 4.4)
JSON: {"__type":"GameListReply:#Messages.ReplyMessages","ConvId":{"Pid":4,"Seq":4},"MsgId":{"Pid":1,"Seq":23},"Note":null,"Success":true,"GameInfo":[]}
04/13/2016 09:36:34 [19] DEBUG  Conversation                  : GameListConversation, ConversationID: 4.4: Send succeeded.
04/13/2016 09:36:34 [13] INFO   ispatcher+<>c__DisplayClass7_0: New Message Received: (Messages.ReplyMessages.GameListReply)
04/13/2016 09:36:34 [13] INFO   ispatcher+<>c__DisplayClass7_0: MessageId: 1.23ConversationId: 4.4
04/13/2016 09:36:34 [13] DEBUG  Dispatcher                    : Successsfully queued a new message of type GameListReply, for conversation: 4.4
04/13/2016 09:36:34 [19] DEBUG  Conversation                  : GameListConversation, ConversationID: 4.4: Message available!
04/13/2016 09:36:34 [19] DEBUG  Conversation                  : GameListConversation, ConversationID: 4.4: Message available!
04/13/2016 09:36:34 [19] DEBUG  Conversation                  : GameListConversation, ConversationID: 4.4: Received Message is valid
04/13/2016 09:36:34 [19] DEBUG  Conversation                  : Received a Message of type: GameListReply
04/13/2016 09:36:34 [19] ERROR  Conversation                  : GameListConversation, ConversationID: 4.4: No games are available. 
04/13/2016 09:36:34 [19] ERROR  Conversation                  : GameListConversation, ConversationID: 4.4: Conversation Failed
04/13/2016 09:36:35 [19] ERROR  Conversation                  : GameListConversation, ConversationID: 4.4: Conversation Ending
04/13/2016 09:36:35 [19] INFO   Conversation                  : Conversation Failed
04/13/2016 09:36:35 [19] INFO   BackgroundThread              : Stopping 
04/13/2016 09:36:35 [19] DEBUG  BackgroundThread              : Leaving Stop
04/13/2016 09:36:35 [19] ERROR  Conversation                  : GameListConversation, ConversationID: 4.4: Conversation Failed
04/13/2016 09:36:35 [19] ERROR  Conversation                  : GameListConversation, ConversationID: 4.4: Conversation Ending
04/13/2016 09:36:35 [19] INFO   Conversation                  : Conversation Failed
04/13/2016 09:36:35 [19] INFO   BackgroundThread              : Stopping 
04/13/2016 09:36:35 [19] DEBUG  BackgroundThread              : Leaving Stop
04/13/2016 09:36:35 [ 6] DEBUG  PlayerProcess                 : In Process GetGameList function.
04/13/2016 09:36:35 [ 6] DEBUG  ConversationFactory           : Creating Conversation of type GameListConversation
04/13/2016 09:36:35 [ 6] DEBUG  Dispatcher                    : Adding Conversation Player.Conversation.GameListConversation, 4.5
04/13/2016 09:36:35 [ 6] DEBUG  Dispatcher                    :       New Queue ID: 4.5
04/13/2016 09:36:35 [ 6] INFO   BackgroundThread              : Starting 
04/13/2016 09:36:37 [14] DEBUG  GameListConversation          : Queuing game list request. 
04/13/2016 09:36:37 [14] DEBUG  InitiatedConversation         : GameListConversation, ConversationID: 4.5: Conversation Id  for Initiated conversation: 4.5
04/13/2016 09:36:37 [14] DEBUG  Conversation                  : GameListConversation, ConversationID: 4.5: Setting Message IDs
04/13/2016 09:36:37 [14] DEBUG  Conversation                  : GameListConversation, ConversationID: 4.5: Conversation is initiating send.
04/13/2016 09:36:37 [14] DEBUG  PostMan                       : Sending UDP (Messages.RequestMessages.GameListRequest, MessageID: 4.5, ConversationID: 4.5)
Endpoint: 127.0.0.1:12000
JSON: {"__type":"GameListRequest:#Messages.RequestMessages","ConvId":{"Pid":4,"Seq":5},"MsgId":{"Pid":4,"Seq":5},"StatusFilter":4}
04/13/2016 09:36:37 [14] DEBUG  PostMan                       : Message Delivered
04/13/2016 09:36:37 [12] DEBUG  PostMan                       : Received UDP (Messages.ReplyMessages.GameListReply, MessageID: 1.24, ConversationID: 4.5)
JSON: {"__type":"GameListReply:#Messages.ReplyMessages","ConvId":{"Pid":4,"Seq":5},"MsgId":{"Pid":1,"Seq":24},"Note":null,"Success":true,"GameInfo":[]}
04/13/2016 09:36:37 [14] DEBUG  Conversation                  : GameListConversation, ConversationID: 4.5: Send succeeded.
04/13/2016 09:36:37 [13] INFO   ispatcher+<>c__DisplayClass7_0: New Message Received: (Messages.ReplyMessages.GameListReply)
04/13/2016 09:36:37 [13] INFO   ispatcher+<>c__DisplayClass7_0: MessageId: 1.24ConversationId: 4.5
04/13/2016 09:36:37 [13] DEBUG  Dispatcher                    : Successsfully queued a new message of type GameListReply, for conversation: 4.5
04/13/2016 09:36:37 [14] DEBUG  Conversation                  : GameListConversation, ConversationID: 4.5: Message available!
04/13/2016 09:36:37 [14] DEBUG  Conversation                  : GameListConversation, ConversationID: 4.5: Message available!
04/13/2016 09:36:37 [14] DEBUG  Conversation                  : GameListConversation, ConversationID: 4.5: Received Message is valid
04/13/2016 09:36:37 [14] DEBUG  Conversation                  : Received a Message of type: GameListReply
04/13/2016 09:36:37 [14] ERROR  Conversation                  : GameListConversation, ConversationID: 4.5: No games are available. 
04/13/2016 09:36:37 [14] ERROR  Conversation                  : GameListConversation, ConversationID: 4.5: Conversation Failed
04/13/2016 09:36:37 [14] ERROR  Conversation                  : GameListConversation, ConversationID: 4.5: Conversation Ending
04/13/2016 09:36:38 [14] INFO   Conversation                  : Conversation Failed
04/13/2016 09:36:38 [14] INFO   BackgroundThread              : Stopping 
04/13/2016 09:36:38 [14] DEBUG  BackgroundThread              : Leaving Stop
04/13/2016 09:36:38 [14] ERROR  Conversation                  : GameListConversation, ConversationID: 4.5: Conversation Failed
04/13/2016 09:36:38 [14] ERROR  Conversation                  : GameListConversation, ConversationID: 4.5: Conversation Ending
04/13/2016 09:36:38 [14] INFO   Conversation                  : Conversation Failed
04/13/2016 09:36:38 [14] INFO   BackgroundThread              : Stopping 
04/13/2016 09:36:38 [14] DEBUG  BackgroundThread              : Leaving Stop
04/13/2016 09:36:38 [ 6] DEBUG  PlayerProcess                 : In Process GetGameList function.
04/13/2016 09:36:38 [ 6] DEBUG  ConversationFactory           : Creating Conversation of type GameListConversation
04/13/2016 09:36:38 [ 6] DEBUG  Dispatcher                    : Adding Conversation Player.Conversation.GameListConversation, 4.6
04/13/2016 09:36:38 [ 6] DEBUG  Dispatcher                    :       New Queue ID: 4.6
04/13/2016 09:36:38 [ 6] INFO   BackgroundThread              : Starting 
04/13/2016 09:36:40 [20] DEBUG  GameListConversation          : Queuing game list request. 
04/13/2016 09:36:40 [20] DEBUG  InitiatedConversation         : GameListConversation, ConversationID: 4.6: Conversation Id  for Initiated conversation: 4.6
04/13/2016 09:36:40 [20] DEBUG  Conversation                  : GameListConversation, ConversationID: 4.6: Setting Message IDs
04/13/2016 09:36:40 [20] DEBUG  Conversation                  : GameListConversation, ConversationID: 4.6: Conversation is initiating send.
04/13/2016 09:36:40 [20] DEBUG  PostMan                       : Sending UDP (Messages.RequestMessages.GameListRequest, MessageID: 4.6, ConversationID: 4.6)
Endpoint: 127.0.0.1:12000
JSON: {"__type":"GameListRequest:#Messages.RequestMessages","ConvId":{"Pid":4,"Seq":6},"MsgId":{"Pid":4,"Seq":6},"StatusFilter":4}
04/13/2016 09:36:40 [20] DEBUG  PostMan                       : Message Delivered
04/13/2016 09:36:40 [12] DEBUG  PostMan                       : Received UDP (Messages.ReplyMessages.GameListReply, MessageID: 1.25, ConversationID: 4.6)
JSON: {"__type":"GameListReply:#Messages.ReplyMessages","ConvId":{"Pid":4,"Seq":6},"MsgId":{"Pid":1,"Seq":25},"Note":null,"Success":true,"GameInfo":[]}
04/13/2016 09:36:40 [20] DEBUG  Conversation                  : GameListConversation, ConversationID: 4.6: Send succeeded.
04/13/2016 09:36:40 [13] INFO   ispatcher+<>c__DisplayClass7_0: New Message Received: (Messages.ReplyMessages.GameListReply)
04/13/2016 09:36:40 [13] INFO   ispatcher+<>c__DisplayClass7_0: MessageId: 1.25ConversationId: 4.6
04/13/2016 09:36:40 [13] DEBUG  Dispatcher                    : Successsfully queued a new message of type GameListReply, for conversation: 4.6
04/13/2016 09:36:40 [20] DEBUG  Conversation                  : GameListConversation, ConversationID: 4.6: Message available!
04/13/2016 09:36:40 [20] DEBUG  Conversation                  : GameListConversation, ConversationID: 4.6: Message available!
04/13/2016 09:36:40 [20] DEBUG  Conversation                  : GameListConversation, ConversationID: 4.6: Received Message is valid
04/13/2016 09:36:40 [20] DEBUG  Conversation                  : Received a Message of type: GameListReply
04/13/2016 09:36:40 [20] ERROR  Conversation                  : GameListConversation, ConversationID: 4.6: No games are available. 
04/13/2016 09:36:40 [20] ERROR  Conversation                  : GameListConversation, ConversationID: 4.6: Conversation Failed
04/13/2016 09:36:40 [20] ERROR  Conversation                  : GameListConversation, ConversationID: 4.6: Conversation Ending
04/13/2016 09:36:40 [20] INFO   Conversation                  : Conversation Failed
04/13/2016 09:36:40 [20] INFO   BackgroundThread              : Stopping 
04/13/2016 09:36:40 [20] DEBUG  BackgroundThread              : Leaving Stop
04/13/2016 09:36:40 [20] ERROR  Conversation                  : GameListConversation, ConversationID: 4.6: Conversation Failed
04/13/2016 09:36:40 [20] ERROR  Conversation                  : GameListConversation, ConversationID: 4.6: Conversation Ending
04/13/2016 09:36:40 [20] INFO   Conversation                  : Conversation Failed
04/13/2016 09:36:40 [20] INFO   BackgroundThread              : Stopping 
04/13/2016 09:36:40 [ 6] DEBUG  PlayerProcess                 : In Process GetGameList function.
04/13/2016 09:36:40 [20] DEBUG  BackgroundThread              : Leaving Stop
04/13/2016 09:36:40 [ 6] DEBUG  ConversationFactory           : Creating Conversation of type GameListConversation
04/13/2016 09:36:40 [ 6] DEBUG  Dispatcher                    : Adding Conversation Player.Conversation.GameListConversation, 4.7
04/13/2016 09:36:40 [ 6] DEBUG  Dispatcher                    :       New Queue ID: 4.7
04/13/2016 09:36:40 [ 6] INFO   BackgroundThread              : Starting 
04/13/2016 09:36:43 [19] DEBUG  GameListConversation          : Queuing game list request. 
04/13/2016 09:36:43 [19] DEBUG  InitiatedConversation         : GameListConversation, ConversationID: 4.7: Conversation Id  for Initiated conversation: 4.7
04/13/2016 09:36:43 [19] DEBUG  Conversation                  : GameListConversation, ConversationID: 4.7: Setting Message IDs
04/13/2016 09:36:43 [19] DEBUG  Conversation                  : GameListConversation, ConversationID: 4.7: Conversation is initiating send.
04/13/2016 09:36:43 [19] DEBUG  PostMan                       : Sending UDP (Messages.RequestMessages.GameListRequest, MessageID: 4.7, ConversationID: 4.7)
Endpoint: 127.0.0.1:12000
JSON: {"__type":"GameListRequest:#Messages.RequestMessages","ConvId":{"Pid":4,"Seq":7},"MsgId":{"Pid":4,"Seq":7},"StatusFilter":4}
04/13/2016 09:36:43 [19] DEBUG  PostMan                       : Message Delivered
04/13/2016 09:36:43 [12] DEBUG  PostMan                       : Received UDP (Messages.ReplyMessages.GameListReply, MessageID: 1.26, ConversationID: 4.7)
JSON: {"__type":"GameListReply:#Messages.ReplyMessages","ConvId":{"Pid":4,"Seq":7},"MsgId":{"Pid":1,"Seq":26},"Note":null,"Success":true,"GameInfo":[]}
04/13/2016 09:36:43 [19] DEBUG  Conversation                  : GameListConversation, ConversationID: 4.7: Send succeeded.
04/13/2016 09:36:43 [16] INFO   ispatcher+<>c__DisplayClass7_0: New Message Received: (Messages.ReplyMessages.GameListReply)
04/13/2016 09:36:43 [16] INFO   ispatcher+<>c__DisplayClass7_0: MessageId: 1.26ConversationId: 4.7
04/13/2016 09:36:43 [16] DEBUG  Dispatcher                    : Successsfully queued a new message of type GameListReply, for conversation: 4.7
04/13/2016 09:36:43 [19] DEBUG  Conversation                  : GameListConversation, ConversationID: 4.7: Message available!
04/13/2016 09:36:43 [19] DEBUG  Conversation                  : GameListConversation, ConversationID: 4.7: Message available!
04/13/2016 09:36:43 [19] DEBUG  Conversation                  : GameListConversation, ConversationID: 4.7: Received Message is valid
04/13/2016 09:36:43 [19] DEBUG  Conversation                  : Received a Message of type: GameListReply
04/13/2016 09:36:43 [19] ERROR  Conversation                  : GameListConversation, ConversationID: 4.7: No games are available. 
04/13/2016 09:36:43 [19] ERROR  Conversation                  : GameListConversation, ConversationID: 4.7: Conversation Failed
04/13/2016 09:36:43 [19] ERROR  Conversation                  : GameListConversation, ConversationID: 4.7: Conversation Ending
04/13/2016 09:36:43 [19] INFO   Conversation                  : Conversation Failed
04/13/2016 09:36:43 [19] INFO   BackgroundThread              : Stopping 
04/13/2016 09:36:43 [19] DEBUG  BackgroundThread              : Leaving Stop
04/13/2016 09:36:43 [ 6] DEBUG  PlayerProcess                 : In Process GetGameList function.
04/13/2016 09:36:43 [19] ERROR  Conversation                  : GameListConversation, ConversationID: 4.7: Conversation Failed
04/13/2016 09:36:43 [19] ERROR  Conversation                  : GameListConversation, ConversationID: 4.7: Conversation Ending
04/13/2016 09:36:43 [19] INFO   Conversation                  : Conversation Failed
04/13/2016 09:36:43 [19] INFO   BackgroundThread              : Stopping 
04/13/2016 09:36:43 [19] DEBUG  BackgroundThread              : Leaving Stop
04/13/2016 09:36:43 [ 6] DEBUG  ConversationFactory           : Creating Conversation of type GameListConversation
04/13/2016 09:36:43 [ 6] DEBUG  Dispatcher                    : Adding Conversation Player.Conversation.GameListConversation, 4.8
04/13/2016 09:36:43 [ 6] DEBUG  Dispatcher                    :       New Queue ID: 4.8
04/13/2016 09:36:43 [ 6] INFO   BackgroundThread              : Starting 
04/13/2016 09:36:45 [20] DEBUG  GameListConversation          : Queuing game list request. 
04/13/2016 09:36:45 [20] DEBUG  InitiatedConversation         : GameListConversation, ConversationID: 4.8: Conversation Id  for Initiated conversation: 4.8
04/13/2016 09:36:45 [20] DEBUG  Conversation                  : GameListConversation, ConversationID: 4.8: Setting Message IDs
04/13/2016 09:36:45 [20] DEBUG  Conversation                  : GameListConversation, ConversationID: 4.8: Conversation is initiating send.
04/13/2016 09:36:45 [20] DEBUG  PostMan                       : Sending UDP (Messages.RequestMessages.GameListRequest, MessageID: 4.8, ConversationID: 4.8)
Endpoint: 127.0.0.1:12000
JSON: {"__type":"GameListRequest:#Messages.RequestMessages","ConvId":{"Pid":4,"Seq":8},"MsgId":{"Pid":4,"Seq":8},"StatusFilter":4}
04/13/2016 09:36:45 [20] DEBUG  PostMan                       : Message Delivered
04/13/2016 09:36:45 [12] DEBUG  PostMan                       : Received UDP (Messages.ReplyMessages.GameListReply, MessageID: 1.27, ConversationID: 4.8)
JSON: {"__type":"GameListReply:#Messages.ReplyMessages","ConvId":{"Pid":4,"Seq":8},"MsgId":{"Pid":1,"Seq":27},"Note":null,"Success":true,"GameInfo":[]}
04/13/2016 09:36:45 [20] DEBUG  Conversation                  : GameListConversation, ConversationID: 4.8: Send succeeded.
04/13/2016 09:36:45 [15] INFO   ispatcher+<>c__DisplayClass7_0: New Message Received: (Messages.ReplyMessages.GameListReply)
04/13/2016 09:36:46 [15] INFO   ispatcher+<>c__DisplayClass7_0: MessageId: 1.27ConversationId: 4.8
04/13/2016 09:36:46 [15] DEBUG  Dispatcher                    : Successsfully queued a new message of type GameListReply, for conversation: 4.8
04/13/2016 09:36:46 [20] DEBUG  Conversation                  : GameListConversation, ConversationID: 4.8: Message available!
04/13/2016 09:36:46 [20] DEBUG  Conversation                  : GameListConversation, ConversationID: 4.8: Message available!
04/13/2016 09:36:46 [20] DEBUG  Conversation                  : GameListConversation, ConversationID: 4.8: Received Message is valid
04/13/2016 09:36:46 [20] DEBUG  Conversation                  : Received a Message of type: GameListReply
04/13/2016 09:36:46 [20] ERROR  Conversation                  : GameListConversation, ConversationID: 4.8: No games are available. 
04/13/2016 09:36:46 [20] ERROR  Conversation                  : GameListConversation, ConversationID: 4.8: Conversation Failed
04/13/2016 09:36:46 [20] ERROR  Conversation                  : GameListConversation, ConversationID: 4.8: Conversation Ending
04/13/2016 09:36:46 [20] INFO   Conversation                  : Conversation Failed
04/13/2016 09:36:46 [20] INFO   BackgroundThread              : Stopping 
04/13/2016 09:36:46 [20] DEBUG  BackgroundThread              : Leaving Stop
04/13/2016 09:36:46 [20] ERROR  Conversation                  : GameListConversation, ConversationID: 4.8: Conversation Failed
04/13/2016 09:36:46 [20] ERROR  Conversation                  : GameListConversation, ConversationID: 4.8: Conversation Ending
04/13/2016 09:36:46 [20] INFO   Conversation                  : Conversation Failed
04/13/2016 09:36:46 [20] INFO   BackgroundThread              : Stopping 
04/13/2016 09:36:46 [20] DEBUG  BackgroundThread              : Leaving Stop
04/13/2016 09:36:46 [ 6] DEBUG  PlayerProcess                 : In Process GetGameList function.
04/13/2016 09:36:46 [ 6] DEBUG  ConversationFactory           : Creating Conversation of type GameListConversation
04/13/2016 09:36:46 [ 6] DEBUG  Dispatcher                    : Adding Conversation Player.Conversation.GameListConversation, 4.9
04/13/2016 09:36:46 [ 6] DEBUG  Dispatcher                    :       New Queue ID: 4.9
04/13/2016 09:36:46 [ 6] INFO   BackgroundThread              : Starting 
04/13/2016 09:36:48 [19] DEBUG  GameListConversation          : Queuing game list request. 
04/13/2016 09:36:48 [19] DEBUG  InitiatedConversation         : GameListConversation, ConversationID: 4.9: Conversation Id  for Initiated conversation: 4.9
04/13/2016 09:36:48 [19] DEBUG  Conversation                  : GameListConversation, ConversationID: 4.9: Setting Message IDs
04/13/2016 09:36:48 [19] DEBUG  Conversation                  : GameListConversation, ConversationID: 4.9: Conversation is initiating send.
04/13/2016 09:36:48 [19] DEBUG  PostMan                       : Sending UDP (Messages.RequestMessages.GameListRequest, MessageID: 4.9, ConversationID: 4.9)
Endpoint: 127.0.0.1:12000
JSON: {"__type":"GameListRequest:#Messages.RequestMessages","ConvId":{"Pid":4,"Seq":9},"MsgId":{"Pid":4,"Seq":9},"StatusFilter":4}
04/13/2016 09:36:48 [19] DEBUG  PostMan                       : Message Delivered
04/13/2016 09:36:48 [12] DEBUG  PostMan                       : Received UDP (Messages.ReplyMessages.GameListReply, MessageID: 1.28, ConversationID: 4.9)
JSON: {"__type":"GameListReply:#Messages.ReplyMessages","ConvId":{"Pid":4,"Seq":9},"MsgId":{"Pid":1,"Seq":28},"Note":null,"Success":true,"GameInfo":[]}
04/13/2016 09:36:48 [19] DEBUG  Conversation                  : GameListConversation, ConversationID: 4.9: Send succeeded.
04/13/2016 09:36:48 [13] INFO   ispatcher+<>c__DisplayClass7_0: New Message Received: (Messages.ReplyMessages.GameListReply)
04/13/2016 09:36:49 [13] INFO   ispatcher+<>c__DisplayClass7_0: MessageId: 1.28ConversationId: 4.9
04/13/2016 09:36:49 [13] DEBUG  Dispatcher                    : Successsfully queued a new message of type GameListReply, for conversation: 4.9
04/13/2016 09:36:49 [19] DEBUG  Conversation                  : GameListConversation, ConversationID: 4.9: Message available!
04/13/2016 09:36:49 [19] DEBUG  Conversation                  : GameListConversation, ConversationID: 4.9: Message available!
04/13/2016 09:36:49 [19] DEBUG  Conversation                  : GameListConversation, ConversationID: 4.9: Received Message is valid
04/13/2016 09:36:49 [19] DEBUG  Conversation                  : Received a Message of type: GameListReply
04/13/2016 09:36:49 [19] ERROR  Conversation                  : GameListConversation, ConversationID: 4.9: No games are available. 
04/13/2016 09:36:49 [19] ERROR  Conversation                  : GameListConversation, ConversationID: 4.9: Conversation Failed
04/13/2016 09:36:49 [19] ERROR  Conversation                  : GameListConversation, ConversationID: 4.9: Conversation Ending
04/13/2016 09:36:49 [19] INFO   Conversation                  : Conversation Failed
04/13/2016 09:36:49 [19] INFO   BackgroundThread              : Stopping 
04/13/2016 09:36:49 [19] DEBUG  BackgroundThread              : Leaving Stop
04/13/2016 09:36:49 [19] ERROR  Conversation                  : GameListConversation, ConversationID: 4.9: Conversation Failed
04/13/2016 09:36:49 [19] ERROR  Conversation                  : GameListConversation, ConversationID: 4.9: Conversation Ending
04/13/2016 09:36:49 [19] INFO   Conversation                  : Conversation Failed
04/13/2016 09:36:49 [19] INFO   BackgroundThread              : Stopping 
04/13/2016 09:36:49 [19] DEBUG  BackgroundThread              : Leaving Stop
04/13/2016 09:36:49 [ 6] DEBUG  PlayerProcess                 : In Process GetGameList function.
04/13/2016 09:36:49 [ 6] DEBUG  ConversationFactory           : Creating Conversation of type GameListConversation
04/13/2016 09:36:49 [ 6] DEBUG  Dispatcher                    : Adding Conversation Player.Conversation.GameListConversation, 4.10
04/13/2016 09:36:49 [ 6] DEBUG  Dispatcher                    :       New Queue ID: 4.10
04/13/2016 09:36:49 [ 6] INFO   BackgroundThread              : Starting 
04/13/2016 09:36:51 [16] DEBUG  GameListConversation          : Queuing game list request. 
04/13/2016 09:36:51 [16] DEBUG  InitiatedConversation         : GameListConversation, ConversationID: 4.10: Conversation Id  for Initiated conversation: 4.10
04/13/2016 09:36:51 [16] DEBUG  Conversation                  : GameListConversation, ConversationID: 4.10: Setting Message IDs
04/13/2016 09:36:51 [16] DEBUG  Conversation                  : GameListConversation, ConversationID: 4.10: Conversation is initiating send.
04/13/2016 09:36:51 [16] DEBUG  PostMan                       : Sending UDP (Messages.RequestMessages.GameListRequest, MessageID: 4.10, ConversationID: 4.10)
Endpoint: 127.0.0.1:12000
JSON: {"__type":"GameListRequest:#Messages.RequestMessages","ConvId":{"Pid":4,"Seq":10},"MsgId":{"Pid":4,"Seq":10},"StatusFilter":4}
04/13/2016 09:36:51 [16] DEBUG  PostMan                       : Message Delivered
04/13/2016 09:36:51 [12] DEBUG  PostMan                       : Received UDP (Messages.ReplyMessages.GameListReply, MessageID: 1.29, ConversationID: 4.10)
JSON: {"__type":"GameListReply:#Messages.ReplyMessages","ConvId":{"Pid":4,"Seq":10},"MsgId":{"Pid":1,"Seq":29},"Note":null,"Success":true,"GameInfo":[]}
04/13/2016 09:36:51 [16] DEBUG  Conversation                  : GameListConversation, ConversationID: 4.10: Send succeeded.
04/13/2016 09:36:51 [13] INFO   ispatcher+<>c__DisplayClass7_0: New Message Received: (Messages.ReplyMessages.GameListReply)
04/13/2016 09:36:51 [13] INFO   ispatcher+<>c__DisplayClass7_0: MessageId: 1.29ConversationId: 4.10
04/13/2016 09:36:51 [13] DEBUG  Dispatcher                    : Successsfully queued a new message of type GameListReply, for conversation: 4.10
04/13/2016 09:36:51 [16] DEBUG  Conversation                  : GameListConversation, ConversationID: 4.10: Message available!
04/13/2016 09:36:51 [16] DEBUG  Conversation                  : GameListConversation, ConversationID: 4.10: Message available!
04/13/2016 09:36:51 [16] DEBUG  Conversation                  : GameListConversation, ConversationID: 4.10: Received Message is valid
04/13/2016 09:36:51 [16] DEBUG  Conversation                  : Received a Message of type: GameListReply
04/13/2016 09:36:51 [16] ERROR  Conversation                  : GameListConversation, ConversationID: 4.10: No games are available. 
04/13/2016 09:36:51 [16] ERROR  Conversation                  : GameListConversation, ConversationID: 4.10: Conversation Failed
04/13/2016 09:36:51 [16] ERROR  Conversation                  : GameListConversation, ConversationID: 4.10: Conversation Ending
04/13/2016 09:36:51 [16] INFO   Conversation                  : Conversation Failed
04/13/2016 09:36:51 [16] INFO   BackgroundThread              : Stopping 
04/13/2016 09:36:52 [ 6] DEBUG  PlayerProcess                 : In Process GetGameList function.
04/13/2016 09:36:52 [16] DEBUG  BackgroundThread              : Leaving Stop
04/13/2016 09:36:52 [16] ERROR  Conversation                  : GameListConversation, ConversationID: 4.10: Conversation Failed
04/13/2016 09:36:52 [16] ERROR  Conversation                  : GameListConversation, ConversationID: 4.10: Conversation Ending
04/13/2016 09:36:52 [16] INFO   Conversation                  : Conversation Failed
04/13/2016 09:36:52 [16] INFO   BackgroundThread              : Stopping 
04/13/2016 09:36:52 [16] DEBUG  BackgroundThread              : Leaving Stop
04/13/2016 09:36:52 [ 6] DEBUG  ConversationFactory           : Creating Conversation of type GameListConversation
04/13/2016 09:36:52 [ 6] DEBUG  Dispatcher                    : Adding Conversation Player.Conversation.GameListConversation, 4.11
04/13/2016 09:36:52 [ 6] DEBUG  Dispatcher                    :       New Queue ID: 4.11
04/13/2016 09:36:52 [ 6] INFO   BackgroundThread              : Starting 
04/13/2016 09:36:53 [13] DEBUG  PlayerProcess+<Logout>d__19   : In Process Logout function.
04/13/2016 09:36:53 [15] DEBUG  ConversationFactory           : Creating Conversation of type LogoutConversation
04/13/2016 09:36:53 [15] DEBUG  Dispatcher                    : Adding Conversation Player.Conversation.LogoutConversation, 4.12
04/13/2016 09:36:53 [15] DEBUG  Dispatcher                    :       New Queue ID: 4.12
04/13/2016 09:36:53 [15] INFO   BackgroundThread              : Starting 
04/13/2016 09:36:54 [19] DEBUG  GameListConversation          : Queuing game list request. 
04/13/2016 09:36:54 [19] DEBUG  InitiatedConversation         : GameListConversation, ConversationID: 4.11: Conversation Id  for Initiated conversation: 4.11
04/13/2016 09:36:54 [19] DEBUG  Conversation                  : GameListConversation, ConversationID: 4.11: Setting Message IDs
04/13/2016 09:36:54 [19] DEBUG  Conversation                  : GameListConversation, ConversationID: 4.11: Conversation is initiating send.
04/13/2016 09:36:54 [19] DEBUG  PostMan                       : Sending UDP (Messages.RequestMessages.GameListRequest, MessageID: 4.11, ConversationID: 4.11)
Endpoint: 127.0.0.1:12000
JSON: {"__type":"GameListRequest:#Messages.RequestMessages","ConvId":{"Pid":4,"Seq":11},"MsgId":{"Pid":4,"Seq":11},"StatusFilter":4}
04/13/2016 09:36:54 [19] DEBUG  PostMan                       : Message Delivered
04/13/2016 09:36:54 [12] DEBUG  PostMan                       : Received UDP (Messages.ReplyMessages.GameListReply, MessageID: 1.30, ConversationID: 4.11)
JSON: {"__type":"GameListReply:#Messages.ReplyMessages","ConvId":{"Pid":4,"Seq":11},"MsgId":{"Pid":1,"Seq":30},"Note":null,"Success":true,"GameInfo":[]}
04/13/2016 09:36:54 [19] DEBUG  Conversation                  : GameListConversation, ConversationID: 4.11: Send succeeded.
04/13/2016 09:36:54 [20] INFO   ispatcher+<>c__DisplayClass7_0: New Message Received: (Messages.ReplyMessages.GameListReply)
04/13/2016 09:36:54 [16] DEBUG  PlayerProcess+<Logout>d__19   : In Process Logout function.
04/13/2016 09:36:54 [20] INFO   ispatcher+<>c__DisplayClass7_0: MessageId: 1.30ConversationId: 4.11
04/13/2016 09:36:54 [20] DEBUG  Dispatcher                    : Successsfully queued a new message of type GameListReply, for conversation: 4.11
04/13/2016 09:36:54 [11] DEBUG  ConversationFactory           : Creating Conversation of type LogoutConversation
04/13/2016 09:36:54 [11] DEBUG  Dispatcher                    : Adding Conversation Player.Conversation.LogoutConversation, 4.13
04/13/2016 09:36:54 [11] DEBUG  Dispatcher                    :       New Queue ID: 4.13
04/13/2016 09:36:54 [11] INFO   BackgroundThread              : Starting 
04/13/2016 09:36:54 [19] DEBUG  Conversation                  : GameListConversation, ConversationID: 4.11: Message available!
04/13/2016 09:36:54 [19] DEBUG  Conversation                  : GameListConversation, ConversationID: 4.11: Message available!
04/13/2016 09:36:54 [19] DEBUG  Conversation                  : GameListConversation, ConversationID: 4.11: Received Message is valid
04/13/2016 09:36:55 [19] DEBUG  Conversation                  : Received a Message of type: GameListReply
04/13/2016 09:36:54 [20] DEBUG  PlayerProcess+<Logout>d__19   : In Process Logout function.
04/13/2016 09:36:55 [19] ERROR  Conversation                  : GameListConversation, ConversationID: 4.11: No games are available. 
04/13/2016 09:36:55 [19] ERROR  Conversation                  : GameListConversation, ConversationID: 4.11: Conversation Failed
04/13/2016 09:36:55 [19] ERROR  Conversation                  : GameListConversation, ConversationID: 4.11: Conversation Ending
04/13/2016 09:36:55 [19] INFO   Conversation                  : Conversation Failed
04/13/2016 09:36:55 [19] INFO   BackgroundThread              : Stopping 
04/13/2016 09:36:55 [19] DEBUG  BackgroundThread              : Leaving Stop
04/13/2016 09:36:55 [19] ERROR  Conversation                  : GameListConversation, ConversationID: 4.11: Conversation Failed
04/13/2016 09:36:55 [19] ERROR  Conversation                  : GameListConversation, ConversationID: 4.11: Conversation Ending
04/13/2016 09:36:55 [16] DEBUG  ConversationFactory           : Creating Conversation of type LogoutConversation
04/13/2016 09:36:55 [ 6] DEBUG  PlayerProcess                 : In Process GetGameList function.
04/13/2016 09:36:55 [20] DEBUG  PlayerProcess+<Logout>d__19   : In Process Logout function.
04/13/2016 09:36:55 [19] INFO   Conversation                  : Conversation Failed
04/13/2016 09:36:55 [20] DEBUG  ConversationFactory           : Creating Conversation of type LogoutConversation
04/13/2016 09:36:55 [20] DEBUG  Dispatcher                    : Adding Conversation Player.Conversation.LogoutConversation, 4.14
04/13/2016 09:36:55 [20] DEBUG  Dispatcher                    :       New Queue ID: 4.14
04/13/2016 09:36:55 [20] INFO   BackgroundThread              : Starting 
04/13/2016 09:36:55 [16] DEBUG  Dispatcher                    : Adding Conversation Player.Conversation.LogoutConversation, 4.15
04/13/2016 09:36:55 [19] INFO   BackgroundThread              : Stopping 
04/13/2016 09:36:55 [16] DEBUG  Dispatcher                    :       New Queue ID: 4.15
04/13/2016 09:36:55 [16] INFO   BackgroundThread              : Starting 
04/13/2016 09:36:55 [ 6] DEBUG  ConversationFactory           : Creating Conversation of type GameListConversation
04/13/2016 09:36:55 [19] DEBUG  BackgroundThread              : Leaving Stop
04/13/2016 09:36:55 [ 6] DEBUG  Dispatcher                    : Adding Conversation Player.Conversation.GameListConversation, 4.16
04/13/2016 09:36:55 [ 6] DEBUG  Dispatcher                    :       New Queue ID: 4.16
04/13/2016 09:36:55 [ 6] INFO   BackgroundThread              : Starting 
04/13/2016 09:36:55 [14] DEBUG  LogoutConversation            : Queuing logout request. 
04/13/2016 09:36:55 [14] DEBUG  InitiatedConversation         : LogoutConversation, ConversationID: 4.12: Conversation Id  for Initiated conversation: 4.12
04/13/2016 09:36:55 [14] DEBUG  Conversation                  : LogoutConversation, ConversationID: 4.12: Setting Message IDs
04/13/2016 09:36:55 [14] DEBUG  Conversation                  : LogoutConversation, ConversationID: 4.12: Conversation is initiating send.
04/13/2016 09:36:55 [14] DEBUG  PostMan                       : Sending UDP (Messages.RequestMessages.LogoutRequest, MessageID: 4.12, ConversationID: 4.12)
Endpoint: 127.0.0.1:12000
JSON: {"__type":"LogoutRequest:#Messages.RequestMessages","ConvId":{"Pid":4,"Seq":12},"MsgId":{"Pid":4,"Seq":12}}
04/13/2016 09:36:55 [14] DEBUG  PostMan                       : Message Delivered
04/13/2016 09:36:55 [12] DEBUG  PostMan                       : Received UDP (Messages.ReplyMessages.Reply, MessageID: 1.31, ConversationID: 4.12)
JSON: {"__type":"Reply:#Messages.ReplyMessages","ConvId":{"Pid":4,"Seq":12},"MsgId":{"Pid":1,"Seq":31},"Note":"Logged out","Success":true}
04/13/2016 09:36:55 [14] DEBUG  Conversation                  : LogoutConversation, ConversationID: 4.12: Send succeeded.
04/13/2016 09:36:56 [21] DEBUG  PlayerProcess+<Logout>d__19   : In Process Logout function.
04/13/2016 09:36:56 [21] DEBUG  ConversationFactory           : Creating Conversation of type LogoutConversation
04/13/2016 09:36:56 [21] DEBUG  Dispatcher                    : Adding Conversation Player.Conversation.LogoutConversation, 4.17
04/13/2016 09:36:56 [21] DEBUG  Dispatcher                    :       New Queue ID: 4.17
04/13/2016 09:36:56 [21] INFO   BackgroundThread              : Starting 
04/13/2016 09:36:57 [13] DEBUG  LogoutConversation            : Queuing logout request. 
04/13/2016 09:36:57 [13] DEBUG  InitiatedConversation         : LogoutConversation, ConversationID: 4.13: Conversation Id  for Initiated conversation: 4.13
04/13/2016 09:36:57 [13] DEBUG  Conversation                  : LogoutConversation, ConversationID: 4.13: Setting Message IDs
04/13/2016 09:36:57 [13] DEBUG  Conversation                  : LogoutConversation, ConversationID: 4.13: Conversation is initiating send.
04/13/2016 09:36:57 [13] DEBUG  PostMan                       : Sending UDP (Messages.RequestMessages.LogoutRequest, MessageID: 4.13, ConversationID: 4.13)
Endpoint: 127.0.0.1:12000
JSON: {"__type":"LogoutRequest:#Messages.RequestMessages","ConvId":{"Pid":4,"Seq":13},"MsgId":{"Pid":4,"Seq":13}}
04/13/2016 09:36:57 [13] DEBUG  PostMan                       : Message Delivered
04/13/2016 09:36:57 [12] DEBUG  PostMan                       : Received UDP (Messages.ReplyMessages.Reply, MessageID: 1.32, ConversationID: 4.13)
JSON: {"__type":"Reply:#Messages.ReplyMessages","ConvId":{"Pid":4,"Seq":13},"MsgId":{"Pid":1,"Seq":32},"Note":"Unknown Process Id","Success":false}
04/13/2016 09:36:57 [13] DEBUG  Conversation                  : LogoutConversation, ConversationID: 4.13: Send succeeded.
04/13/2016 09:36:57 [19] DEBUG  LogoutConversation            : Queuing logout request. 
04/13/2016 09:36:57 [19] DEBUG  InitiatedConversation         : LogoutConversation, ConversationID: 4.14: Conversation Id  for Initiated conversation: 4.14
04/13/2016 09:36:57 [19] DEBUG  Conversation                  : LogoutConversation, ConversationID: 4.14: Setting Message IDs
04/13/2016 09:36:57 [19] DEBUG  Conversation                  : LogoutConversation, ConversationID: 4.14: Conversation is initiating send.
04/13/2016 09:36:57 [19] DEBUG  PostMan                       : Sending UDP (Messages.RequestMessages.LogoutRequest, MessageID: 4.14, ConversationID: 4.14)
Endpoint: 127.0.0.1:12000
JSON: {"__type":"LogoutRequest:#Messages.RequestMessages","ConvId":{"Pid":4,"Seq":14},"MsgId":{"Pid":4,"Seq":14}}
04/13/2016 09:36:57 [19] DEBUG  PostMan                       : Message Delivered
04/13/2016 09:36:57 [12] DEBUG  PostMan                       : Received UDP (Messages.ReplyMessages.Reply, MessageID: 1.33, ConversationID: 4.14)
JSON: {"__type":"Reply:#Messages.ReplyMessages","ConvId":{"Pid":4,"Seq":14},"MsgId":{"Pid":1,"Seq":33},"Note":"Unknown Process Id","Success":false}
04/13/2016 09:36:57 [19] DEBUG  Conversation                  : LogoutConversation, ConversationID: 4.14: Send succeeded.
04/13/2016 09:36:59 [24] DEBUG  PlayerProcess+<Logout>d__19   : In Process Logout function.
04/13/2016 09:36:59 [24] DEBUG  ConversationFactory           : Creating Conversation of type LogoutConversation
04/13/2016 09:36:59 [24] DEBUG  Dispatcher                    : Adding Conversation Player.Conversation.LogoutConversation, 4.18
04/13/2016 09:36:59 [24] DEBUG  Dispatcher                    :       New Queue ID: 4.18
04/13/2016 09:36:59 [24] INFO   BackgroundThread              : Starting 
04/13/2016 09:36:59 [22] DEBUG  LogoutConversation            : Queuing logout request. 
04/13/2016 09:36:59 [22] DEBUG  InitiatedConversation         : LogoutConversation, ConversationID: 4.15: Conversation Id  for Initiated conversation: 4.15
04/13/2016 09:36:59 [22] DEBUG  Conversation                  : LogoutConversation, ConversationID: 4.15: Setting Message IDs
04/13/2016 09:36:59 [22] DEBUG  Conversation                  : LogoutConversation, ConversationID: 4.15: Conversation is initiating send.
04/13/2016 09:36:59 [22] DEBUG  PostMan                       : Sending UDP (Messages.RequestMessages.LogoutRequest, MessageID: 4.15, ConversationID: 4.15)
Endpoint: 127.0.0.1:12000
JSON: {"__type":"LogoutRequest:#Messages.RequestMessages","ConvId":{"Pid":4,"Seq":15},"MsgId":{"Pid":4,"Seq":15}}
04/13/2016 09:36:59 [22] DEBUG  PostMan                       : Message Delivered
04/13/2016 09:36:59 [12] DEBUG  PostMan                       : Received UDP (Messages.ReplyMessages.Reply, MessageID: 1.34, ConversationID: 4.15)
JSON: {"__type":"Reply:#Messages.ReplyMessages","ConvId":{"Pid":4,"Seq":15},"MsgId":{"Pid":1,"Seq":34},"Note":"Unknown Process Id","Success":false}
04/13/2016 09:36:59 [22] DEBUG  Conversation                  : LogoutConversation, ConversationID: 4.15: Send succeeded.
04/13/2016 09:37:00 [25] DEBUG  PlayerProcess+<Logout>d__19   : In Process Logout function.
04/13/2016 09:37:00 [25] DEBUG  ConversationFactory           : Creating Conversation of type LogoutConversation
04/13/2016 09:37:00 [25] DEBUG  Dispatcher                    : Adding Conversation Player.Conversation.LogoutConversation, 4.19
04/13/2016 09:37:00 [25] DEBUG  Dispatcher                    :       New Queue ID: 4.19
04/13/2016 09:37:00 [25] INFO   BackgroundThread              : Starting 
04/13/2016 09:37:00 [23] DEBUG  GameListConversation          : Queuing game list request. 
04/13/2016 09:37:00 [23] DEBUG  InitiatedConversation         : GameListConversation, ConversationID: 4.16: Conversation Id  for Initiated conversation: 4.16
04/13/2016 09:37:00 [23] DEBUG  Conversation                  : GameListConversation, ConversationID: 4.16: Setting Message IDs
04/13/2016 09:37:00 [23] DEBUG  Conversation                  : GameListConversation, ConversationID: 4.16: Conversation is initiating send.
04/13/2016 09:37:00 [23] DEBUG  PostMan                       : Sending UDP (Messages.RequestMessages.GameListRequest, MessageID: 4.16, ConversationID: 4.16)
Endpoint: 127.0.0.1:12000
JSON: {"__type":"GameListRequest:#Messages.RequestMessages","ConvId":{"Pid":4,"Seq":16},"MsgId":{"Pid":4,"Seq":16},"StatusFilter":4}
04/13/2016 09:37:00 [23] DEBUG  PostMan                       : Message Delivered
04/13/2016 09:37:00 [23] DEBUG  Conversation                  : GameListConversation, ConversationID: 4.16: Send succeeded.
04/13/2016 09:37:01 [26] DEBUG  PlayerProcess+<Logout>d__19   : In Process Logout function.
04/13/2016 09:37:01 [26] DEBUG  ConversationFactory           : Creating Conversation of type LogoutConversation
04/13/2016 09:37:01 [26] DEBUG  Dispatcher                    : Adding Conversation Player.Conversation.LogoutConversation, 4.20
04/13/2016 09:37:01 [26] DEBUG  Dispatcher                    :       New Queue ID: 4.20
04/13/2016 09:37:01 [26] INFO   BackgroundThread              : Starting 
04/13/2016 09:37:02 [14] DEBUG  LogoutConversation            : Queuing logout request. 
04/13/2016 09:37:02 [14] DEBUG  InitiatedConversation         : LogoutConversation, ConversationID: 4.12: Conversation Id  for Initiated conversation: 4.12
04/13/2016 09:37:02 [14] DEBUG  Conversation                  : LogoutConversation, ConversationID: 4.12: Setting Message IDs
04/13/2016 09:37:02 [14] DEBUG  Conversation                  : LogoutConversation, ConversationID: 4.12: Conversation is initiating send.
04/13/2016 09:37:02 [14] DEBUG  PostMan                       : Sending UDP (Messages.RequestMessages.LogoutRequest, MessageID: 4.12, ConversationID: 4.12)
Endpoint: 127.0.0.1:12000
JSON: {"__type":"LogoutRequest:#Messages.RequestMessages","ConvId":{"Pid":4,"Seq":12},"MsgId":{"Pid":4,"Seq":12}}
04/13/2016 09:37:02 [14] DEBUG  PostMan                       : Message Delivered
04/13/2016 09:37:02 [12] DEBUG  PostMan                       : Received UDP (Messages.ReplyMessages.Reply, MessageID: 1.35, ConversationID: 4.12)
JSON: {"__type":"Reply:#Messages.ReplyMessages","ConvId":{"Pid":4,"Seq":12},"MsgId":{"Pid":1,"Seq":35},"Note":"Unknown Process Id","Success":false}
04/13/2016 09:37:02 [14] DEBUG  Conversation                  : LogoutConversation, ConversationID: 4.12: Send succeeded.
04/13/2016 09:37:03 [13] DEBUG  LogoutConversation            : Queuing logout request. 
04/13/2016 09:37:03 [13] DEBUG  InitiatedConversation         : LogoutConversation, ConversationID: 4.13: Conversation Id  for Initiated conversation: 4.13
04/13/2016 09:37:03 [13] DEBUG  Conversation                  : LogoutConversation, ConversationID: 4.13: Setting Message IDs
04/13/2016 09:37:03 [13] DEBUG  Conversation                  : LogoutConversation, ConversationID: 4.13: Conversation is initiating send.
04/13/2016 09:37:03 [13] DEBUG  PostMan                       : Sending UDP (Messages.RequestMessages.LogoutRequest, MessageID: 4.13, ConversationID: 4.13)
Endpoint: 127.0.0.1:12000
JSON: {"__type":"LogoutRequest:#Messages.RequestMessages","ConvId":{"Pid":4,"Seq":13},"MsgId":{"Pid":4,"Seq":13}}
04/13/2016 09:37:03 [13] DEBUG  PostMan                       : Message Delivered
04/13/2016 09:37:03 [12] DEBUG  PostMan                       : Received UDP (Messages.ReplyMessages.Reply, MessageID: 1.36, ConversationID: 4.13)
JSON: {"__type":"Reply:#Messages.ReplyMessages","ConvId":{"Pid":4,"Seq":13},"MsgId":{"Pid":1,"Seq":36},"Note":"Unknown Process Id","Success":false}
04/13/2016 09:37:03 [13] DEBUG  Conversation                  : LogoutConversation, ConversationID: 4.13: Send succeeded.
04/13/2016 09:37:04 [19] DEBUG  LogoutConversation            : Queuing logout request. 
04/13/2016 09:37:04 [19] DEBUG  InitiatedConversation         : LogoutConversation, ConversationID: 4.14: Conversation Id  for Initiated conversation: 4.14
04/13/2016 09:37:04 [19] DEBUG  Conversation                  : LogoutConversation, ConversationID: 4.14: Setting Message IDs
04/13/2016 09:37:04 [19] DEBUG  Conversation                  : LogoutConversation, ConversationID: 4.14: Conversation is initiating send.
04/13/2016 09:37:04 [19] DEBUG  PostMan                       : Sending UDP (Messages.RequestMessages.LogoutRequest, MessageID: 4.14, ConversationID: 4.14)
Endpoint: 127.0.0.1:12000
JSON: {"__type":"LogoutRequest:#Messages.RequestMessages","ConvId":{"Pid":4,"Seq":14},"MsgId":{"Pid":4,"Seq":14}}
04/13/2016 09:37:04 [19] DEBUG  PostMan                       : Message Delivered
04/13/2016 09:37:04 [12] DEBUG  PostMan                       : Received UDP (Messages.ReplyMessages.Reply, MessageID: 1.37, ConversationID: 4.14)
JSON: {"__type":"Reply:#Messages.ReplyMessages","ConvId":{"Pid":4,"Seq":14},"MsgId":{"Pid":1,"Seq":37},"Note":"Unknown Process Id","Success":false}
04/13/2016 09:37:04 [19] DEBUG  Conversation                  : LogoutConversation, ConversationID: 4.14: Send succeeded.
04/13/2016 09:37:04 [27] DEBUG  LogoutConversation            : Queuing logout request. 
04/13/2016 09:37:04 [27] DEBUG  InitiatedConversation         : LogoutConversation, ConversationID: 4.17: Conversation Id  for Initiated conversation: 4.17
04/13/2016 09:37:04 [27] DEBUG  Conversation                  : LogoutConversation, ConversationID: 4.17: Setting Message IDs
04/13/2016 09:37:04 [27] DEBUG  Conversation                  : LogoutConversation, ConversationID: 4.17: Conversation is initiating send.
04/13/2016 09:37:04 [27] DEBUG  PostMan                       : Sending UDP (Messages.RequestMessages.LogoutRequest, MessageID: 4.17, ConversationID: 4.17)
Endpoint: 127.0.0.1:12000
JSON: {"__type":"LogoutRequest:#Messages.RequestMessages","ConvId":{"Pid":4,"Seq":17},"MsgId":{"Pid":4,"Seq":17}}
04/13/2016 09:37:04 [27] DEBUG  PostMan                       : Message Delivered
04/13/2016 09:37:04 [12] DEBUG  PostMan                       : Received UDP (Messages.ReplyMessages.Reply, MessageID: 1.38, ConversationID: 4.17)
JSON: {"__type":"Reply:#Messages.ReplyMessages","ConvId":{"Pid":4,"Seq":17},"MsgId":{"Pid":1,"Seq":38},"Note":"Unknown Process Id","Success":false}
04/13/2016 09:37:04 [27] DEBUG  Conversation                  : LogoutConversation, ConversationID: 4.17: Send succeeded.
04/13/2016 09:37:05 [28] DEBUG  LogoutConversation            : Queuing logout request. 
04/13/2016 09:37:05 [28] DEBUG  InitiatedConversation         : LogoutConversation, ConversationID: 4.18: Conversation Id  for Initiated conversation: 4.18
04/13/2016 09:37:05 [28] DEBUG  Conversation                  : LogoutConversation, ConversationID: 4.18: Setting Message IDs
04/13/2016 09:37:05 [28] DEBUG  Conversation                  : LogoutConversation, ConversationID: 4.18: Conversation is initiating send.
04/13/2016 09:37:05 [28] DEBUG  PostMan                       : Sending UDP (Messages.RequestMessages.LogoutRequest, MessageID: 4.18, ConversationID: 4.18)
Endpoint: 127.0.0.1:12000
JSON: {"__type":"LogoutRequest:#Messages.RequestMessages","ConvId":{"Pid":4,"Seq":18},"MsgId":{"Pid":4,"Seq":18}}
04/13/2016 09:37:05 [28] DEBUG  PostMan                       : Message Delivered
04/13/2016 09:37:05 [12] DEBUG  PostMan                       : Received UDP (Messages.ReplyMessages.Reply, MessageID: 1.39, ConversationID: 4.18)
JSON: {"__type":"Reply:#Messages.ReplyMessages","ConvId":{"Pid":4,"Seq":18},"MsgId":{"Pid":1,"Seq":39},"Note":"Unknown Process Id","Success":false}
04/13/2016 09:37:05 [28] DEBUG  Conversation                  : LogoutConversation, ConversationID: 4.18: Send succeeded.
04/13/2016 09:37:05 [22] DEBUG  LogoutConversation            : Queuing logout request. 
04/13/2016 09:37:05 [22] DEBUG  InitiatedConversation         : LogoutConversation, ConversationID: 4.15: Conversation Id  for Initiated conversation: 4.15
04/13/2016 09:37:05 [22] DEBUG  Conversation                  : LogoutConversation, ConversationID: 4.15: Setting Message IDs
04/13/2016 09:37:05 [22] DEBUG  Conversation                  : LogoutConversation, ConversationID: 4.15: Conversation is initiating send.
04/13/2016 09:37:05 [22] DEBUG  PostMan                       : Sending UDP (Messages.RequestMessages.LogoutRequest, MessageID: 4.15, ConversationID: 4.15)
Endpoint: 127.0.0.1:12000
JSON: {"__type":"LogoutRequest:#Messages.RequestMessages","ConvId":{"Pid":4,"Seq":15},"MsgId":{"Pid":4,"Seq":15}}
04/13/2016 09:37:05 [22] DEBUG  PostMan                       : Message Delivered
04/13/2016 09:37:05 [12] DEBUG  PostMan                       : Received UDP (Messages.ReplyMessages.Reply, MessageID: 1.40, ConversationID: 4.15)
JSON: {"__type":"Reply:#Messages.ReplyMessages","ConvId":{"Pid":4,"Seq":15},"MsgId":{"Pid":1,"Seq":40},"Note":"Unknown Process Id","Success":false}
04/13/2016 09:37:05 [22] DEBUG  Conversation                  : LogoutConversation, ConversationID: 4.15: Send succeeded.
04/13/2016 09:37:06 [31] INFO   ispatcher+<>c__DisplayClass7_0: New Message Received: (Messages.ReplyMessages.Reply)
04/13/2016 09:37:06 [31] INFO   ispatcher+<>c__DisplayClass7_0: MessageId: 1.31ConversationId: 4.12
04/13/2016 09:37:06 [31] DEBUG  Dispatcher                    : Successsfully queued a new message of type Reply, for conversation: 4.12
04/13/2016 09:37:06 [14] DEBUG  Conversation                  : LogoutConversation, ConversationID: 4.12: Message available!
04/13/2016 09:37:06 [31] INFO   ispatcher+<>c__DisplayClass7_0: New Message Received: (Messages.ReplyMessages.Reply)
04/13/2016 09:37:06 [31] INFO   ispatcher+<>c__DisplayClass7_0: MessageId: 1.32ConversationId: 4.13
04/13/2016 09:37:06 [31] DEBUG  Dispatcher                    : Successsfully queued a new message of type Reply, for conversation: 4.13
04/13/2016 09:37:06 [31] INFO   ispatcher+<>c__DisplayClass7_0: New Message Received: (Messages.ReplyMessages.Reply)
04/13/2016 09:37:06 [31] INFO   ispatcher+<>c__DisplayClass7_0: MessageId: 1.33ConversationId: 4.14
04/13/2016 09:37:06 [31] DEBUG  Dispatcher                    : Successsfully queued a new message of type Reply, for conversation: 4.14
04/13/2016 09:37:06 [13] DEBUG  Conversation                  : LogoutConversation, ConversationID: 4.13: Message available!
04/13/2016 09:37:06 [31] INFO   ispatcher+<>c__DisplayClass7_0: New Message Received: (Messages.ReplyMessages.Reply)
04/13/2016 09:37:06 [13] DEBUG  Conversation                  : LogoutConversation, ConversationID: 4.13: Message available!
04/13/2016 09:37:06 [14] DEBUG  Conversation                  : LogoutConversation, ConversationID: 4.12: Message available!
04/13/2016 09:37:06 [19] DEBUG  Conversation                  : LogoutConversation, ConversationID: 4.14: Message available!
04/13/2016 09:37:06 [29] DEBUG  LogoutConversation            : Queuing logout request. 
04/13/2016 09:37:06 [31] INFO   ispatcher+<>c__DisplayClass7_0: MessageId: 1.34ConversationId: 4.15
04/13/2016 09:37:06 [13] DEBUG  Conversation                  : LogoutConversation, ConversationID: 4.13: Received Message is valid
04/13/2016 09:37:06 [13] DEBUG  Conversation                  : Received a Message of type: Reply
04/13/2016 09:37:06 [13] ERROR  Conversation                  : LogoutConversation, ConversationID: 4.13: Logout request failed
04/13/2016 09:37:06 [13] ERROR  Conversation                  : LogoutConversation, ConversationID: 4.13: Conversation Failed
04/13/2016 09:37:06 [29] DEBUG  InitiatedConversation         : LogoutConversation, ConversationID: 4.19: Conversation Id  for Initiated conversation: 4.19
04/13/2016 09:37:06 [31] DEBUG  Dispatcher                    : Successsfully queued a new message of type Reply, for conversation: 4.15
04/13/2016 09:37:06 [19] DEBUG  Conversation                  : LogoutConversation, ConversationID: 4.14: Message available!
04/13/2016 09:37:06 [14] DEBUG  Conversation                  : LogoutConversation, ConversationID: 4.12: Received Message is valid
04/13/2016 09:37:06 [13] ERROR  Conversation                  : LogoutConversation, ConversationID: 4.13: Conversation Ending
04/13/2016 09:37:06 [22] DEBUG  Conversation                  : LogoutConversation, ConversationID: 4.15: Message available!
04/13/2016 09:37:06 [29] DEBUG  Conversation                  : LogoutConversation, ConversationID: 4.19: Setting Message IDs
04/13/2016 09:37:06 [13] INFO   Conversation                  : Conversation Failed
04/13/2016 09:37:06 [29] DEBUG  Conversation                  : LogoutConversation, ConversationID: 4.19: Conversation is initiating send.
04/13/2016 09:37:06 [14] DEBUG  Conversation                  : Received a Message of type: Reply
04/13/2016 09:37:06 [13] INFO   BackgroundThread              : Stopping 
04/13/2016 09:37:06 [19] DEBUG  Conversation                  : LogoutConversation, ConversationID: 4.14: Received Message is valid
04/13/2016 09:37:06 [31] INFO   ispatcher+<>c__DisplayClass7_0: New Message Received: (Messages.ReplyMessages.Reply)
04/13/2016 09:37:06 [22] DEBUG  Conversation                  : LogoutConversation, ConversationID: 4.15: Message available!
04/13/2016 09:37:06 [11] INFO   ispatcher+<>c__DisplayClass7_0: New Message Received: (Messages.ReplyMessages.Reply)
04/13/2016 09:37:06 [23] DEBUG  GameListConversation          : Queuing game list request. 
04/13/2016 09:37:06 [29] DEBUG  PostMan                       : Sending UDP (Messages.RequestMessages.LogoutRequest, MessageID: 4.19, ConversationID: 4.19)
Endpoint: 127.0.0.1:12000
JSON: {"__type":"LogoutRequest:#Messages.RequestMessages","ConvId":{"Pid":4,"Seq":19},"MsgId":{"Pid":4,"Seq":19}}
04/13/2016 09:37:06 [22] DEBUG  Conversation                  : LogoutConversation, ConversationID: 4.15: Received Message is valid
04/13/2016 09:37:06 [14] INFO   Conversation                  : Conversation Succeeded
04/13/2016 09:37:06 [11] INFO   ispatcher+<>c__DisplayClass7_0: MessageId: 1.36ConversationId: 4.13
04/13/2016 09:37:06 [12] DEBUG  PostMan                       : Received UDP (Messages.ReplyMessages.Reply, MessageID: 1.41, ConversationID: 4.19)
JSON: {"__type":"Reply:#Messages.ReplyMessages","ConvId":{"Pid":4,"Seq":19},"MsgId":{"Pid":1,"Seq":41},"Note":"Unknown Process Id","Success":false}
04/13/2016 09:37:06 [19] DEBUG  Conversation                  : Received a Message of type: Reply
04/13/2016 09:37:06 [29] DEBUG  PostMan                       : Message Delivered
04/13/2016 09:37:06 [13] DEBUG  BackgroundThread              : Leaving Stop
04/13/2016 09:37:06 [31] INFO   ispatcher+<>c__DisplayClass7_0: MessageId: 1.35ConversationId: 4.12
04/13/2016 09:37:06 [23] DEBUG  InitiatedConversation         : GameListConversation, ConversationID: 4.16: Conversation Id  for Initiated conversation: 4.16
04/13/2016 09:37:06 [15] INFO   BackgroundThread              : Stopping 
04/13/2016 09:37:06 [22] DEBUG  Conversation                  : Received a Message of type: Reply
04/13/2016 09:37:06 [11] DEBUG  Dispatcher                    : Successsfully queued a new message of type Reply, for conversation: 4.13
04/13/2016 09:37:06 [29] DEBUG  Conversation                  : LogoutConversation, ConversationID: 4.19: Send succeeded.
04/13/2016 09:37:06 [19] ERROR  Conversation                  : LogoutConversation, ConversationID: 4.14: Logout request failed
04/13/2016 09:37:06 [13] ERROR  Conversation                  : LogoutConversation, ConversationID: 4.13: Conversation Failed
04/13/2016 09:37:06 [31] DEBUG  Dispatcher                    : Successsfully queued a new message of type Reply, for conversation: 4.12
04/13/2016 09:37:06 [14] INFO   Conversation                  : Conversation Succeeded
04/13/2016 09:37:07 [23] DEBUG  Conversation                  : GameListConversation, ConversationID: 4.16: Setting Message IDs
04/13/2016 09:37:07 [11] INFO   ispatcher+<>c__DisplayClass7_0: New Message Received: (Messages.ReplyMessages.Reply)
04/13/2016 09:37:07 [22] ERROR  Conversation                  : LogoutConversation, ConversationID: 4.15: Logout request failed
04/13/2016 09:37:07 [23] DEBUG  Conversation                  : GameListConversation, ConversationID: 4.16: Conversation is initiating send.
04/13/2016 09:37:07 [15] DEBUG  BackgroundThread              : Leaving Stop
04/13/2016 09:37:07 [31] INFO   ispatcher+<>c__DisplayClass7_0: New Message Received: (Messages.ReplyMessages.Reply)
04/13/2016 09:37:07 [13] ERROR  Conversation                  : LogoutConversation, ConversationID: 4.13: Conversation Ending
04/13/2016 09:37:07 [19] ERROR  Conversation                  : LogoutConversation, ConversationID: 4.14: Conversation Failed
04/13/2016 09:37:07 [14] INFO   ispatcher+<>c__DisplayClass7_0: New Message Received: (Messages.ReplyMessages.Reply)
04/13/2016 09:37:07 [30] DEBUG  LogoutConversation            : Queuing logout request. 
04/13/2016 09:37:07 [14] INFO   ispatcher+<>c__DisplayClass7_0: MessageId: 1.39ConversationId: 4.18
04/13/2016 09:37:07 [14] DEBUG  Dispatcher                    : Successsfully queued a new message of type Reply, for conversation: 4.18
04/13/2016 09:37:07 [11] INFO   ispatcher+<>c__DisplayClass7_0: MessageId: 1.37ConversationId: 4.14
04/13/2016 09:37:07 [30] DEBUG  InitiatedConversation         : LogoutConversation, ConversationID: 4.20: Conversation Id  for Initiated conversation: 4.20
04/13/2016 09:37:07 [31] INFO   ispatcher+<>c__DisplayClass7_0: MessageId: 1.38ConversationId: 4.17
04/13/2016 09:37:07 [15] DEBUG  PlayerConnection              : Stopping Player Process.
04/13/2016 09:37:07 [19] ERROR  Conversation                  : LogoutConversation, ConversationID: 4.14: Conversation Ending
04/13/2016 09:37:07 [13] INFO   Conversation                  : Conversation Failed
04/13/2016 09:37:07 [23] DEBUG  PostMan                       : Sending UDP (Messages.RequestMessages.GameListRequest, MessageID: 4.16, ConversationID: 4.16)
Endpoint: 127.0.0.1:12000
JSON: {"__type":"GameListRequest:#Messages.RequestMessages","ConvId":{"Pid":4,"Seq":16},"MsgId":{"Pid":4,"Seq":16},"StatusFilter":4}
04/13/2016 09:37:07 [28] DEBUG  Conversation                  : LogoutConversation, ConversationID: 4.18: Message available!
04/13/2016 09:37:07 [22] ERROR  Conversation                  : LogoutConversation, ConversationID: 4.15: Conversation Failed
04/13/2016 09:37:07 [14] INFO   ispatcher+<>c__DisplayClass7_0: New Message Received: (Messages.ReplyMessages.Reply)
04/13/2016 09:37:07 [11] DEBUG  Dispatcher                    : Successsfully queued a new message of type Reply, for conversation: 4.14
04/13/2016 09:37:07 [13] INFO   BackgroundThread              : Stopping 
04/13/2016 09:37:07 [19] INFO   Conversation                  : Conversation Failed
04/13/2016 09:37:07 [30] DEBUG  Conversation                  : LogoutConversation, ConversationID: 4.20: Setting Message IDs
04/13/2016 09:37:07 [15] INFO   BackgroundThread              : Stopping 
04/13/2016 09:37:07 [23] DEBUG  PostMan                       : Message Delivered
04/13/2016 09:37:07 [20] INFO   ispatcher+<>c__DisplayClass7_0: New Message Received: (Messages.ReplyMessages.Reply)
04/13/2016 09:37:07 [31] DEBUG  Dispatcher                    : Successsfully queued a new message of type Reply, for conversation: 4.17
04/13/2016 09:37:07 [27] DEBUG  Conversation                  : LogoutConversation, ConversationID: 4.17: Message available!
04/13/2016 09:37:07 [28] DEBUG  Conversation                  : LogoutConversation, ConversationID: 4.18: Message available!
04/13/2016 09:37:07 [19] INFO   BackgroundThread              : Stopping 
04/13/2016 09:37:07 [13] DEBUG  BackgroundThread              : Leaving Stop
04/13/2016 09:37:07 [30] DEBUG  Conversation                  : LogoutConversation, ConversationID: 4.20: Conversation is initiating send.
04/13/2016 09:37:07 [15] DEBUG  BackgroundThread              : Leaving Stop
04/13/2016 09:37:07 [14] INFO   ispatcher+<>c__DisplayClass7_0: MessageId: 1.40ConversationId: 4.15
04/13/2016 09:37:07 [20] INFO   ispatcher+<>c__DisplayClass7_0: MessageId: 1.41ConversationId: 4.19
04/13/2016 09:37:07 [23] DEBUG  Conversation                  : GameListConversation, ConversationID: 4.16: Send succeeded.
