04/07/2016 03:51:12 [ 9] DEBUG  PlayerConnection              : Using Local Settings.
04/07/2016 03:51:12 [ 9] DEBUG  PlayerConnection              : Starting Application. 
04/07/2016 03:51:12 [ 9] DEBUG  PlayerProcess                 : Initializeing Player Subsystem.
04/07/2016 03:51:12 [ 9] DEBUG  PostMan                       : Port is: 10000
04/07/2016 03:51:12 [ 9] DEBUG  PlayerProcess                 : Initializing Player Details.
04/07/2016 03:51:12 [ 9] INFO   BackgroundThread              : Starting 
04/07/2016 03:51:12 [ 6] INFO   BackgroundThread              : Starting 
04/07/2016 03:51:12 [ 6] DEBUG  PlayerProcess                 : In Process Login function.
04/07/2016 03:51:12 [ 6] DEBUG  Dispatcher                    : Adding Conversation Player.Conversation.LoginConversation, 0.1
04/07/2016 03:51:12 [ 6] DEBUG  Dispatcher                    :       New Queue ID: 0.1
04/07/2016 03:51:12 [ 6] INFO   BackgroundThread              : Starting 
04/07/2016 03:51:12 [15] DEBUG  LoginConversation             : Creating login request. 
04/07/2016 03:51:12 [15] DEBUG  InitiatedConversation         : Conversation Id  for initiated conversation: 0.1
04/07/2016 03:51:12 [15] DEBUG  PostMan                       : Sending UDP (Messages.RequestMessages.LoginRequest)
04/07/2016 03:51:12 [15] DEBUG  PostMan                       : MessageId: 0.1ConversationId: 0.1
04/07/2016 03:51:12 [15] DEBUG  PostMan                       : Message Delivered
04/07/2016 03:51:12 [13] DEBUG  PostMan                       : Message Received!
04/07/2016 03:51:12 [13] DEBUG  PostMan                       : Raw Message: 
04/07/2016 03:51:12 [13] DEBUG  PostMan                       : {"__type":"LoginReply:#Messages.ReplyMessages","ConvId":{"Pid":0,"Seq":1},"MsgId":{"Pid":1,"Seq":29},"Note":"Logged in","Success":true,"PennyBankEndPoint":{"Host":"127.0.0.1","Port":12003},"PennyBankPublicKey":null,"ProcessInfo":{"EndPoint":{"Host":"127.0.0.1","Port":10000},"Label":"The Instructor","ProcessId":7,"Status":3,"Type":3},"ProxyEndPoint":{"Host":"127.0.0.1","Port":12002}}
04/07/2016 03:51:12 [13] DEBUG  PostMan                       : Message ID: 1.29, ConversationId: 0.1
04/07/2016 03:51:12 [13] DEBUG  Dispatcher                    : Received (Messages.ReplyMessages.LoginReply)
04/07/2016 03:51:12 [13] DEBUG  Dispatcher                    : MessageId: 1.29ConversationId: 0.1
04/07/2016 03:51:17 [15] DEBUG  LoginConversation             : Received a login reply message.
04/07/2016 03:51:17 [15] INFO   BackgroundThread              : Stopping 
04/07/2016 03:51:17 [15] DEBUG  BackgroundThread              : Leaving Stop
04/07/2016 03:51:17 [ 6] DEBUG  PlayerProcess                 : In Process GetGameList function.
04/07/2016 03:51:17 [ 6] DEBUG  Dispatcher                    : Adding Conversation Player.Conversation.GameListConversation, 7.2
04/07/2016 03:51:17 [ 6] DEBUG  Dispatcher                    :       New Queue ID: 7.2
04/07/2016 03:51:17 [ 6] INFO   BackgroundThread              : Starting 
04/07/2016 03:51:17 [12] DEBUG  GameListConversation          : Queuing game list request. 
04/07/2016 03:51:17 [12] DEBUG  InitiatedConversation         : Conversation Id  for initiated conversation: 7.2
04/07/2016 03:51:17 [12] DEBUG  PostMan                       : Sending UDP (Messages.RequestMessages.GameListRequest)
04/07/2016 03:51:17 [12] DEBUG  PostMan                       : MessageId: 7.2ConversationId: 7.2
04/07/2016 03:51:17 [12] DEBUG  PostMan                       : Message Delivered
04/07/2016 03:51:17 [13] DEBUG  PostMan                       : Message Received!
04/07/2016 03:51:17 [13] DEBUG  PostMan                       : Raw Message: 
04/07/2016 03:51:17 [13] DEBUG  PostMan                       : {"__type":"GameListReply:#Messages.ReplyMessages","ConvId":{"Pid":7,"Seq":2},"MsgId":{"Pid":1,"Seq":30},"Note":null,"Success":true,"GameInfo":[{"CurrentProcesses":[{"HasUmbrellaRaised":false,"HitPoints":0,"LifePoints":100,"ProcessId":5,"Type":5},{"HasUmbrellaRaised":false,"HitPoints":0,"LifePoints":100,"ProcessId":6,"Type":4},{"HasUmbrellaRaised":false,"HitPoints":0,"LifePoints":100,"ProcessId":2,"Type":3}],"GameId":4,"GameManagerId":3,"Label":"GM22942's 1st Game","MaxPlayers":3,"MinPlayers":2,"StartingPlayers":[],"Status":4,"Winners":null}]}
04/07/2016 03:51:17 [13] DEBUG  PostMan                       : Message ID: 1.30, ConversationId: 7.2
04/07/2016 03:51:17 [13] DEBUG  Dispatcher                    : Received (Messages.ReplyMessages.GameListReply)
04/07/2016 03:51:17 [13] DEBUG  Dispatcher                    : MessageId: 1.30ConversationId: 7.2
04/07/2016 03:51:22 [12] DEBUG  GameListConversation          : Received a game list reply message.
04/07/2016 03:51:22 [12] INFO   BackgroundThread              : Stopping 
04/07/2016 03:51:22 [12] DEBUG  BackgroundThread              : Leaving Stop
04/07/2016 03:51:22 [ 6] DEBUG  PlayerProcess                 : Life points is null, game needs to be started.
04/07/2016 03:51:22 [ 6] DEBUG  Dispatcher                    : Adding Conversation Player.Conversation.JoinGameConversation, 7.3
04/07/2016 03:51:22 [ 6] DEBUG  Dispatcher                    :       New Queue ID: 7.3
04/07/2016 03:51:22 [ 6] INFO   BackgroundThread              : Starting 
04/07/2016 03:51:22 [14] DEBUG  JoinGameConversation          : Queuing join game request. 
04/07/2016 03:51:22 [14] DEBUG  JoinGameConversation          : Requesting GameId: 4
04/07/2016 03:51:22 [14] DEBUG  InitiatedConversation         : Conversation Id  for initiated conversation: 7.3
04/07/2016 03:51:22 [14] DEBUG  PostMan                       : Sending UDP (Messages.Routing)
04/07/2016 03:51:22 [14] DEBUG  PostMan                       : MessageId: 7.3ConversationId: 7.3
04/07/2016 03:51:22 [14] DEBUG  PostMan                       : Message Delivered
04/07/2016 03:51:22 [13] DEBUG  PostMan                       : Message Received!
04/07/2016 03:51:22 [13] DEBUG  PostMan                       : Raw Message: 
04/07/2016 03:51:22 [13] DEBUG  PostMan                       : {"__type":"Routing:#Messages","ConvId":{"Pid":7,"Seq":3},"MsgId":{"Pid":3,"Seq":25},"InnerMessage":{"__type":"JoinGameReply:#Messages.ReplyMessages","ConvId":{"Pid":7,"Seq":3},"MsgId":{"Pid":3,"Seq":25},"Note":null,"Success":true,"GameId":4,"InitialLifePoints":100},"ToProcessIds":[7]}
04/07/2016 03:51:22 [13] DEBUG  PostMan                       : Message ID: 3.25, ConversationId: 7.3
04/07/2016 03:51:22 [ 6] DEBUG  PlayerProcess                 : No games available, setting status to 'Registered'
04/07/2016 03:51:22 [13] DEBUG  Dispatcher                    : Received (Messages.Routing)
04/07/2016 03:51:22 [13] DEBUG  Dispatcher                    : MessageId: 3.25ConversationId: 7.3
04/07/2016 03:51:22 [ 6] DEBUG  PlayerProcess                 : In Process GetGameList function.
04/07/2016 03:51:22 [ 6] DEBUG  Dispatcher                    : Adding Conversation Player.Conversation.GameListConversation, 7.4
04/07/2016 03:51:22 [ 6] DEBUG  Dispatcher                    :       New Queue ID: 7.4
04/07/2016 03:51:22 [ 6] INFO   BackgroundThread              : Starting 
04/07/2016 03:51:22 [12] DEBUG  GameListConversation          : Queuing game list request. 
04/07/2016 03:51:22 [12] DEBUG  InitiatedConversation         : Conversation Id  for initiated conversation: 7.4
04/07/2016 03:51:22 [12] DEBUG  PostMan                       : Sending UDP (Messages.RequestMessages.GameListRequest)
04/07/2016 03:51:22 [12] DEBUG  PostMan                       : MessageId: 7.4ConversationId: 7.4
04/07/2016 03:51:22 [12] DEBUG  PostMan                       : Message Delivered
04/07/2016 03:51:22 [13] DEBUG  PostMan                       : Message Received!
04/07/2016 03:51:22 [13] DEBUG  PostMan                       : Raw Message: 
04/07/2016 03:51:22 [13] DEBUG  PostMan                       : {"__type":"GameListReply:#Messages.ReplyMessages","ConvId":{"Pid":7,"Seq":4},"MsgId":{"Pid":1,"Seq":33},"Note":null,"Success":true,"GameInfo":[]}
04/07/2016 03:51:22 [13] DEBUG  PostMan                       : Message ID: 1.33, ConversationId: 7.4
04/07/2016 03:51:22 [13] DEBUG  Dispatcher                    : Received (Messages.ReplyMessages.GameListReply)
04/07/2016 03:51:22 [13] DEBUG  Dispatcher                    : MessageId: 1.33ConversationId: 7.4
04/07/2016 03:51:23 [13] DEBUG  PostMan                       : Message Received!
04/07/2016 03:51:23 [13] DEBUG  PostMan                       : Raw Message: 
04/07/2016 03:51:23 [13] DEBUG  PostMan                       : {"__type":"AllowanceDeliveryRequest:#Messages.RequestMessages","ConvId":{"Pid":1,"Seq":34},"MsgId":{"Pid":1,"Seq":34},"NumberOfPennies":400,"PortNumber":12998}
04/07/2016 03:51:23 [13] DEBUG  PostMan                       : Message ID: 1.34, ConversationId: 1.34
04/07/2016 03:51:23 [13] DEBUG  Dispatcher                    : Received (Messages.RequestMessages.AllowanceDeliveryRequest)
04/07/2016 03:51:23 [13] DEBUG  Dispatcher                    : MessageId: 1.34ConversationId: 1.34
04/07/2016 03:51:23 [13] DEBUG  Dispatcher                    : Conversation  with id= 1.34 does not exist, trying to create new conversation.
04/07/2016 03:51:23 [13] DEBUG  Dispatcher                    : Adding Conversation Player.Conversation.AllowanceDeliveryConversation, 1.34
04/07/2016 03:51:23 [13] DEBUG  Dispatcher                    :       New Queue ID: 1.34
04/07/2016 03:51:23 [13] INFO   BackgroundThread              : Starting 
04/07/2016 03:51:23 [15] DEBUG  AllowanceDeliveryConversation : Received Allowance Delivery Request. 
04/07/2016 03:51:23 [15] DEBUG  AllowanceDeliveryConversation : Creating Reply to Allowance Delivery request. 
04/07/2016 03:51:23 [15] DEBUG  ResponseConversation          : Conversation Id  for Response conversation: 1.34
04/07/2016 03:51:23 [15] DEBUG  PostMan                       : Sending UDP (Messages.ReplyMessages.Reply)
04/07/2016 03:51:23 [15] DEBUG  PostMan                       : MessageId: 1.34ConversationId: 7.5
04/07/2016 03:51:23 [15] DEBUG  PostMan                       : Message Delivered
04/07/2016 03:51:23 [15] DEBUG  TCPStreamReader               : Starting TCP Listener
04/07/2016 03:51:23 [15] DEBUG  TCPStreamReader               : Endpoing is: 127.0.0.1:12998
04/07/2016 03:51:29 [12] DEBUG  GameListConversation          : Received a game list reply message.
04/07/2016 03:51:29 [14] DEBUG  JoinGameConversation          : Received a game join message.
04/07/2016 03:51:29 [12] ERROR  GameListConversation          : Either the message received was null, or no games are available. 
04/07/2016 03:51:29 [14] INFO   BackgroundThread              : Stopping 
04/07/2016 03:51:29 [12] INFO   BackgroundThread              : Stopping 
04/07/2016 03:51:29 [12] DEBUG  BackgroundThread              : Leaving Stop
04/07/2016 03:51:29 [14] DEBUG  BackgroundThread              : Leaving Stop
04/07/2016 03:51:29 [ 6] DEBUG  PlayerProcess                 : In Process GetGameList function.
04/07/2016 03:51:29 [ 6] DEBUG  Dispatcher                    : Adding Conversation Player.Conversation.GameListConversation, 7.6
04/07/2016 03:51:29 [ 6] DEBUG  Dispatcher                    :       New Queue ID: 7.6
04/07/2016 03:51:29 [ 6] INFO   BackgroundThread              : Starting 
04/07/2016 03:51:29 [16] DEBUG  GameListConversation          : Queuing game list request. 
04/07/2016 03:51:29 [16] DEBUG  InitiatedConversation         : Conversation Id  for initiated conversation: 7.6
04/07/2016 03:51:29 [16] DEBUG  PostMan                       : Sending UDP (Messages.RequestMessages.GameListRequest)
04/07/2016 03:51:29 [16] DEBUG  PostMan                       : MessageId: 7.6ConversationId: 7.6
04/07/2016 03:51:29 [16] DEBUG  PostMan                       : Message Delivered
04/07/2016 03:51:29 [13] DEBUG  PostMan                       : Message Received!
04/07/2016 03:51:29 [13] DEBUG  PostMan                       : Raw Message: 
04/07/2016 03:51:29 [13] DEBUG  PostMan                       : {"__type":"GameListReply:#Messages.ReplyMessages","ConvId":{"Pid":7,"Seq":6},"MsgId":{"Pid":1,"Seq":35},"Note":null,"Success":true,"GameInfo":[]}
04/07/2016 03:51:29 [13] DEBUG  PostMan                       : Message ID: 1.35, ConversationId: 7.6
04/07/2016 03:51:29 [13] DEBUG  Dispatcher                    : Received (Messages.ReplyMessages.GameListReply)
04/07/2016 03:51:29 [13] DEBUG  Dispatcher                    : MessageId: 1.35ConversationId: 7.6
04/07/2016 03:51:32 [13] DEBUG  PostMan                       : Message Received!
04/07/2016 03:51:32 [13] DEBUG  PostMan                       : Raw Message: 
04/07/2016 03:51:32 [13] DEBUG  PostMan                       : {"__type":"Routing:#Messages","ConvId":{"Pid":3,"Seq":29},"MsgId":{"Pid":3,"Seq":29},"InnerMessage":{"__type":"ReadyToStart:#Messages.RequestMessages","ConvId":{"Pid":3,"Seq":29},"MsgId":{"Pid":3,"Seq":29},"GameId":4},"ToProcessIds":[2,7]}
04/07/2016 03:51:32 [13] DEBUG  PostMan                       : Message ID: 3.29, ConversationId: 3.29
04/07/2016 03:51:32 [13] DEBUG  Dispatcher                    : Received (Messages.Routing)
04/07/2016 03:51:32 [13] DEBUG  Dispatcher                    : MessageId: 3.29ConversationId: 3.29
04/07/2016 03:51:32 [13] DEBUG  Dispatcher                    : Conversation  with id= 3.29 does not exist, trying to create new conversation.
04/07/2016 03:51:32 [13] DEBUG  Dispatcher                    : Adding Conversation Player.Conversation.GameStartConversation, 3.29
04/07/2016 03:51:32 [13] DEBUG  Dispatcher                    :       New Queue ID: 3.29
04/07/2016 03:51:32 [13] INFO   BackgroundThread              : Starting 
04/07/2016 03:51:32 [12] ERROR  ResponseConversation          : Unable to retrieve received message. 
04/07/2016 03:51:33 [13] DEBUG  PostMan                       : Message Received!
04/07/2016 03:51:33 [13] DEBUG  PostMan                       : Raw Message: 
04/07/2016 03:51:33 [13] DEBUG  PostMan                       : {"__type":"AllowanceDeliveryRequest:#Messages.RequestMessages","ConvId":{"Pid":1,"Seq":34},"MsgId":{"Pid":1,"Seq":34},"NumberOfPennies":400,"PortNumber":12998}
04/07/2016 03:51:33 [13] DEBUG  PostMan                       : Message ID: 1.34, ConversationId: 1.34
04/07/2016 03:51:33 [13] DEBUG  Dispatcher                    : Received (Messages.RequestMessages.AllowanceDeliveryRequest)
04/07/2016 03:51:33 [13] DEBUG  Dispatcher                    : MessageId: 1.34ConversationId: 1.34
04/07/2016 03:51:34 [16] DEBUG  GameListConversation          : Received a game list reply message.
04/07/2016 03:51:34 [16] ERROR  GameListConversation          : Either the message received was null, or no games are available. 
04/07/2016 03:51:34 [16] INFO   BackgroundThread              : Stopping 
04/07/2016 03:51:34 [16] DEBUG  BackgroundThread              : Leaving Stop
04/07/2016 03:51:34 [ 6] DEBUG  PlayerProcess                 : In Process GetGameList function.
04/07/2016 03:51:34 [ 6] DEBUG  Dispatcher                    : Adding Conversation Player.Conversation.GameListConversation, 7.7
04/07/2016 03:51:34 [ 6] DEBUG  Dispatcher                    :       New Queue ID: 7.7
04/07/2016 03:51:34 [ 6] INFO   BackgroundThread              : Starting 
04/07/2016 03:51:34 [12] DEBUG  GameListConversation          : Queuing game list request. 
04/07/2016 03:51:34 [12] DEBUG  InitiatedConversation         : Conversation Id  for initiated conversation: 7.7
04/07/2016 03:51:34 [12] DEBUG  PostMan                       : Sending UDP (Messages.RequestMessages.GameListRequest)
04/07/2016 03:51:34 [12] DEBUG  PostMan                       : MessageId: 7.7ConversationId: 7.7
04/07/2016 03:51:34 [12] DEBUG  PostMan                       : Message Delivered
04/07/2016 03:51:34 [13] DEBUG  PostMan                       : Message Received!
04/07/2016 03:51:34 [13] DEBUG  PostMan                       : Raw Message: 
04/07/2016 03:51:34 [13] DEBUG  PostMan                       : {"__type":"GameListReply:#Messages.ReplyMessages","ConvId":{"Pid":7,"Seq":7},"MsgId":{"Pid":1,"Seq":36},"Note":null,"Success":true,"GameInfo":[]}
04/07/2016 03:51:35 [13] DEBUG  PostMan                       : Message ID: 1.36, ConversationId: 7.7
04/07/2016 03:51:35 [13] DEBUG  Dispatcher                    : Received (Messages.ReplyMessages.GameListReply)
04/07/2016 03:51:35 [13] DEBUG  Dispatcher                    : MessageId: 1.36ConversationId: 7.7
04/07/2016 03:51:39 [12] DEBUG  GameListConversation          : Received a game list reply message.
04/07/2016 03:51:39 [12] ERROR  GameListConversation          : Either the message received was null, or no games are available. 
04/07/2016 03:51:39 [12] INFO   BackgroundThread              : Stopping 
04/07/2016 03:51:39 [12] DEBUG  BackgroundThread              : Leaving Stop
04/07/2016 03:51:40 [ 6] DEBUG  PlayerProcess                 : In Process GetGameList function.
04/07/2016 03:51:40 [ 6] DEBUG  Dispatcher                    : Adding Conversation Player.Conversation.GameListConversation, 7.8
04/07/2016 03:51:40 [ 6] DEBUG  Dispatcher                    :       New Queue ID: 7.8
04/07/2016 03:51:40 [ 6] INFO   BackgroundThread              : Starting 
04/07/2016 03:51:40 [14] DEBUG  GameListConversation          : Queuing game list request. 
04/07/2016 03:51:40 [14] DEBUG  InitiatedConversation         : Conversation Id  for initiated conversation: 7.8
04/07/2016 03:51:40 [14] DEBUG  PostMan                       : Sending UDP (Messages.RequestMessages.GameListRequest)
04/07/2016 03:51:40 [14] DEBUG  PostMan                       : MessageId: 7.8ConversationId: 7.8
04/07/2016 03:51:40 [14] DEBUG  PostMan                       : Message Delivered
04/07/2016 03:51:40 [13] DEBUG  PostMan                       : Message Received!
04/07/2016 03:51:40 [13] DEBUG  PostMan                       : Raw Message: 
04/07/2016 03:51:40 [13] DEBUG  PostMan                       : {"__type":"GameListReply:#Messages.ReplyMessages","ConvId":{"Pid":7,"Seq":8},"MsgId":{"Pid":1,"Seq":37},"Note":null,"Success":true,"GameInfo":[]}
04/07/2016 03:51:40 [13] DEBUG  PostMan                       : Message ID: 1.37, ConversationId: 7.8
04/07/2016 03:51:40 [13] DEBUG  Dispatcher                    : Received (Messages.ReplyMessages.GameListReply)
04/07/2016 03:51:40 [13] DEBUG  Dispatcher                    : MessageId: 1.37ConversationId: 7.8
04/07/2016 03:51:42 [13] DEBUG  PostMan                       : Message Received!
04/07/2016 03:51:42 [13] DEBUG  PostMan                       : Raw Message: 
04/07/2016 03:51:42 [13] DEBUG  PostMan                       : {"__type":"Routing:#Messages","ConvId":{"Pid":3,"Seq":29},"MsgId":{"Pid":3,"Seq":29},"InnerMessage":{"__type":"ReadyToStart:#Messages.RequestMessages","ConvId":{"Pid":3,"Seq":29},"MsgId":{"Pid":3,"Seq":29},"GameId":4},"ToProcessIds":[2,7]}
04/07/2016 03:51:42 [13] DEBUG  PostMan                       : Message ID: 3.29, ConversationId: 3.29
04/07/2016 03:51:42 [13] DEBUG  Dispatcher                    : Received (Messages.Routing)
04/07/2016 03:51:42 [13] DEBUG  Dispatcher                    : MessageId: 3.29ConversationId: 3.29
04/07/2016 03:51:43 [13] DEBUG  PostMan                       : Message Received!
04/07/2016 03:51:43 [13] DEBUG  PostMan                       : Raw Message: 
04/07/2016 03:51:43 [13] DEBUG  PostMan                       : {"__type":"AllowanceDeliveryRequest:#Messages.RequestMessages","ConvId":{"Pid":1,"Seq":34},"MsgId":{"Pid":1,"Seq":34},"NumberOfPennies":400,"PortNumber":12998}
04/07/2016 03:51:43 [13] DEBUG  PostMan                       : Message ID: 1.34, ConversationId: 1.34
04/07/2016 03:51:43 [13] DEBUG  Dispatcher                    : Received (Messages.RequestMessages.AllowanceDeliveryRequest)
04/07/2016 03:51:43 [13] DEBUG  Dispatcher                    : MessageId: 1.34ConversationId: 1.34
04/07/2016 03:51:45 [14] DEBUG  GameListConversation          : Received a game list reply message.
04/07/2016 03:51:45 [14] ERROR  GameListConversation          : Either the message received was null, or no games are available. 
04/07/2016 03:51:45 [14] INFO   BackgroundThread              : Stopping 
04/07/2016 03:51:45 [14] DEBUG  BackgroundThread              : Leaving Stop
04/07/2016 03:51:45 [ 6] DEBUG  PlayerProcess                 : In Process GetGameList function.
04/07/2016 03:51:45 [ 6] DEBUG  Dispatcher                    : Adding Conversation Player.Conversation.GameListConversation, 7.9
04/07/2016 03:51:45 [ 6] DEBUG  Dispatcher                    :       New Queue ID: 7.9
04/07/2016 03:51:45 [ 6] INFO   BackgroundThread              : Starting 
04/07/2016 03:51:45 [19] DEBUG  GameListConversation          : Queuing game list request. 
04/07/2016 03:51:45 [19] DEBUG  InitiatedConversation         : Conversation Id  for initiated conversation: 7.9
04/07/2016 03:51:45 [19] DEBUG  PostMan                       : Sending UDP (Messages.RequestMessages.GameListRequest)
04/07/2016 03:51:45 [19] DEBUG  PostMan                       : MessageId: 7.9ConversationId: 7.9
04/07/2016 03:51:45 [19] DEBUG  PostMan                       : Message Delivered
04/07/2016 03:51:45 [13] DEBUG  PostMan                       : Message Received!
04/07/2016 03:51:45 [13] DEBUG  PostMan                       : Raw Message: 
04/07/2016 03:51:45 [13] DEBUG  PostMan                       : {"__type":"GameListReply:#Messages.ReplyMessages","ConvId":{"Pid":7,"Seq":9},"MsgId":{"Pid":1,"Seq":42},"Note":null,"Success":true,"GameInfo":[]}
04/07/2016 03:51:45 [13] DEBUG  PostMan                       : Message ID: 1.42, ConversationId: 7.9
04/07/2016 03:51:45 [13] DEBUG  Dispatcher                    : Received (Messages.ReplyMessages.GameListReply)
04/07/2016 03:51:45 [13] DEBUG  Dispatcher                    : MessageId: 1.42ConversationId: 7.9
04/07/2016 03:51:50 [13] DEBUG  PostMan                       : Message Received!
04/07/2016 03:51:50 [13] DEBUG  PostMan                       : Raw Message: 
04/07/2016 03:51:50 [13] DEBUG  PostMan                       : {"__type":"AliveRequest:#Messages.RequestMessages","ConvId":{"Pid":1,"Seq":38},"MsgId":{"Pid":1,"Seq":38}}
04/07/2016 03:51:50 [13] DEBUG  PostMan                       : Message ID: 1.38, ConversationId: 1.38
04/07/2016 03:51:50 [13] DEBUG  Dispatcher                    : Received (Messages.RequestMessages.AliveRequest)
04/07/2016 03:51:50 [13] DEBUG  Dispatcher                    : MessageId: 1.38ConversationId: 1.38
04/07/2016 03:51:50 [13] DEBUG  Dispatcher                    : Conversation  with id= 1.38 does not exist, trying to create new conversation.
04/07/2016 03:51:50 [13] DEBUG  Dispatcher                    : Adding Conversation Player.Conversation.AliveConversation, 1.38
04/07/2016 03:51:50 [13] DEBUG  Dispatcher                    :       New Queue ID: 1.38
04/07/2016 03:51:50 [13] INFO   BackgroundThread              : Starting 
04/07/2016 03:51:50 [12] ERROR  ResponseConversation          : Unable to retrieve received message. 
04/07/2016 03:51:50 [19] DEBUG  GameListConversation          : Received a game list reply message.
04/07/2016 03:51:50 [19] ERROR  GameListConversation          : Either the message received was null, or no games are available. 
04/07/2016 03:51:50 [19] INFO   BackgroundThread              : Stopping 
04/07/2016 03:51:50 [19] DEBUG  BackgroundThread              : Leaving Stop
04/07/2016 03:51:50 [ 6] DEBUG  PlayerProcess                 : In Process GetGameList function.
04/07/2016 03:51:50 [ 6] DEBUG  Dispatcher                    : Adding Conversation Player.Conversation.GameListConversation, 7.10
04/07/2016 03:51:50 [ 6] DEBUG  Dispatcher                    :       New Queue ID: 7.10
04/07/2016 03:51:50 [ 6] INFO   BackgroundThread              : Starting 
04/07/2016 03:51:50 [16] DEBUG  GameListConversation          : Queuing game list request. 
04/07/2016 03:51:50 [16] DEBUG  InitiatedConversation         : Conversation Id  for initiated conversation: 7.10
04/07/2016 03:51:50 [16] DEBUG  PostMan                       : Sending UDP (Messages.RequestMessages.GameListRequest)
04/07/2016 03:51:50 [16] DEBUG  PostMan                       : MessageId: 7.10ConversationId: 7.10
04/07/2016 03:51:50 [16] DEBUG  PostMan                       : Message Delivered
04/07/2016 03:51:50 [13] DEBUG  PostMan                       : Message Received!
04/07/2016 03:51:50 [13] DEBUG  PostMan                       : Raw Message: 
04/07/2016 03:51:50 [13] DEBUG  PostMan                       : {"__type":"GameListReply:#Messages.ReplyMessages","ConvId":{"Pid":7,"Seq":10},"MsgId":{"Pid":1,"Seq":43},"Note":null,"Success":true,"GameInfo":[]}
04/07/2016 03:51:50 [13] DEBUG  PostMan                       : Message ID: 1.43, ConversationId: 7.10
04/07/2016 03:51:50 [13] DEBUG  Dispatcher                    : Received (Messages.ReplyMessages.GameListReply)
04/07/2016 03:51:50 [13] DEBUG  Dispatcher                    : MessageId: 1.43ConversationId: 7.10
04/07/2016 03:51:52 [13] DEBUG  PostMan                       : Message Received!
04/07/2016 03:51:52 [13] DEBUG  PostMan                       : Raw Message: 
04/07/2016 03:51:52 [13] DEBUG  PostMan                       : {"__type":"Routing:#Messages","ConvId":{"Pid":3,"Seq":32},"MsgId":{"Pid":3,"Seq":32},"InnerMessage":{"__type":"GameStatusNotification:#Messages.RequestMessages","ConvId":{"Pid":3,"Seq":32},"MsgId":{"Pid":3,"Seq":32},"Game":{"CurrentProcesses":[{"HasUmbrellaRaised":false,"HitPoints":0,"LifePoints":100,"ProcessId":5,"Type":5},{"HasUmbrellaRaised":false,"HitPoints":0,"LifePoints":100,"ProcessId":6,"Type":4},{"HasUmbrellaRaised":false,"HitPoints":0,"LifePoints":100,"ProcessId":2,"Type":3},{"HasUmbrellaRaised":false,"HitPoints":0,"LifePoints":100,"ProcessId":7,"Type":3}],"GameId":4,"GameManagerId":3,"Label":"GM22942's 1st Game","MaxPlayers":3,"MinPlayers":2,"StartingPlayers":[],"Status":32,"Winners":null}},"ToProcessIds":[5,6,2,7]}
04/07/2016 03:51:52 [13] DEBUG  PostMan                       : Message ID: 3.32, ConversationId: 3.32
04/07/2016 03:51:52 [13] DEBUG  Dispatcher                    : Received (Messages.Routing)
04/07/2016 03:51:52 [13] DEBUG  Dispatcher                    : MessageId: 3.32ConversationId: 3.32
04/07/2016 03:51:52 [13] DEBUG  Dispatcher                    : Conversation  with id= 3.32 does not exist, trying to create new conversation.
04/07/2016 03:51:52 [13] DEBUG  Dispatcher                    : Adding Conversation Player.Conversation.GameStatusConversation, 3.32
04/07/2016 03:51:52 [13] DEBUG  Dispatcher                    :       New Queue ID: 3.32
04/07/2016 03:51:52 [13] INFO   BackgroundThread              : Starting 
04/07/2016 03:51:52 [12] DEBUG  GameStatusConversation        : Received Game Status Message
04/07/2016 03:51:52 [12] WARN   GameStatusConversation        : Game status: Game ending
04/07/2016 03:51:52 [ 6] DEBUG  PlayerProcess                 : In Process LeavingGame function.
04/07/2016 03:51:52 [ 6] DEBUG  PlayerProcess                 : In Process LeavingGame function.
04/07/2016 03:51:53 [ 6] DEBUG  PlayerProcess                 : In Process LeavingGame function.
04/07/2016 03:51:53 [ 6] DEBUG  PlayerProcess                 : In Process LeavingGame function.
04/07/2016 03:51:53 [ 6] DEBUG  PlayerProcess                 : In Process LeavingGame function.
04/07/2016 03:51:53 [ 6] DEBUG  PlayerProcess                 : In Process LeavingGame function.
04/07/2016 03:51:53 [ 6] DEBUG  PlayerProcess                 : In Process LeavingGame function.
04/07/2016 03:51:53 [ 6] DEBUG  PlayerProcess                 : In Process LeavingGame function.
04/07/2016 03:51:53 [ 6] DEBUG  PlayerProcess                 : In Process LeavingGame function.
04/07/2016 03:51:53 [ 6] DEBUG  PlayerProcess                 : In Process LeavingGame function.
04/07/2016 03:51:53 [ 6] DEBUG  PlayerProcess                 : In Process LeavingGame function.
04/07/2016 03:51:53 [ 6] DEBUG  PlayerProcess                 : In Process LeavingGame function.
04/07/2016 03:51:54 [ 6] DEBUG  PlayerProcess                 : In Process LeavingGame function.
04/07/2016 03:51:54 [ 6] DEBUG  PlayerProcess                 : In Process LeavingGame function.
04/07/2016 03:51:54 [ 6] DEBUG  PlayerProcess                 : In Process LeavingGame function.
04/07/2016 03:51:54 [ 6] DEBUG  PlayerProcess                 : In Process LeavingGame function.
04/07/2016 03:51:54 [ 6] DEBUG  PlayerProcess                 : In Process LeavingGame function.
04/07/2016 03:51:54 [ 6] DEBUG  PlayerProcess                 : In Process LeavingGame function.
04/07/2016 03:51:54 [ 6] DEBUG  PlayerProcess                 : In Process LeavingGame function.
04/07/2016 03:51:54 [ 6] DEBUG  PlayerProcess                 : In Process LeavingGame function.
04/07/2016 03:51:54 [ 6] DEBUG  PlayerProcess                 : In Process LeavingGame function.
04/07/2016 03:51:54 [ 6] DEBUG  PlayerProcess                 : In Process LeavingGame function.
04/07/2016 03:51:55 [ 6] DEBUG  PlayerProcess                 : In Process LeavingGame function.
04/07/2016 03:51:55 [ 6] DEBUG  PlayerProcess                 : In Process LeavingGame function.
04/07/2016 03:51:55 [ 6] DEBUG  PlayerProcess                 : In Process LeavingGame function.
04/07/2016 03:51:55 [16] DEBUG  GameListConversation          : Received a game list reply message.
04/07/2016 03:51:55 [16] ERROR  GameListConversation          : Either the message received was null, or no games are available. 
04/07/2016 03:51:55 [16] INFO   BackgroundThread              : Stopping 
04/07/2016 03:51:55 [16] DEBUG  BackgroundThread              : Leaving Stop
04/07/2016 03:51:55 [ 6] DEBUG  PlayerProcess                 : In Process GetGameList function.
04/07/2016 03:51:55 [ 6] DEBUG  Dispatcher                    : Adding Conversation Player.Conversation.GameListConversation, 7.11
04/07/2016 03:51:55 [ 6] DEBUG  Dispatcher                    :       New Queue ID: 7.11
04/07/2016 03:51:55 [ 6] INFO   BackgroundThread              : Starting 
04/07/2016 03:51:55 [12] DEBUG  GameListConversation          : Queuing game list request. 
04/07/2016 03:51:55 [12] DEBUG  InitiatedConversation         : Conversation Id  for initiated conversation: 7.11
04/07/2016 03:51:55 [12] DEBUG  PostMan                       : Sending UDP (Messages.RequestMessages.GameListRequest)
04/07/2016 03:51:55 [12] DEBUG  PostMan                       : MessageId: 7.11ConversationId: 7.11
04/07/2016 03:51:55 [12] DEBUG  PostMan                       : Message Delivered
04/07/2016 03:51:55 [13] DEBUG  PostMan                       : Message Received!
04/07/2016 03:51:55 [13] DEBUG  PostMan                       : Raw Message: 
04/07/2016 03:51:55 [13] DEBUG  PostMan                       : {"__type":"GameListReply:#Messages.ReplyMessages","ConvId":{"Pid":7,"Seq":11},"MsgId":{"Pid":1,"Seq":44},"Note":null,"Success":true,"GameInfo":[]}
04/07/2016 03:51:55 [13] DEBUG  PostMan                       : Message ID: 1.44, ConversationId: 7.11
04/07/2016 03:51:55 [13] DEBUG  Dispatcher                    : Received (Messages.ReplyMessages.GameListReply)
04/07/2016 03:51:55 [13] DEBUG  Dispatcher                    : MessageId: 1.44ConversationId: 7.11
04/07/2016 03:52:00 [13] DEBUG  PostMan                       : Message Received!
04/07/2016 03:52:00 [13] DEBUG  PostMan                       : Raw Message: 
04/07/2016 03:52:00 [13] DEBUG  PostMan                       : {"__type":"AliveRequest:#Messages.RequestMessages","ConvId":{"Pid":1,"Seq":38},"MsgId":{"Pid":1,"Seq":38}}
04/07/2016 03:52:00 [13] DEBUG  PostMan                       : Message ID: 1.38, ConversationId: 1.38
04/07/2016 03:52:00 [13] DEBUG  Dispatcher                    : Received (Messages.RequestMessages.AliveRequest)
04/07/2016 03:52:00 [13] DEBUG  Dispatcher                    : MessageId: 1.38ConversationId: 1.38
04/07/2016 03:52:00 [12] DEBUG  GameListConversation          : Received a game list reply message.
04/07/2016 03:52:00 [12] ERROR  GameListConversation          : Either the message received was null, or no games are available. 
04/07/2016 03:52:00 [12] INFO   BackgroundThread              : Stopping 
04/07/2016 03:52:00 [12] DEBUG  BackgroundThread              : Leaving Stop
04/07/2016 03:52:00 [ 6] DEBUG  PlayerProcess                 : In Process GetGameList function.
04/07/2016 03:52:00 [ 6] DEBUG  Dispatcher                    : Adding Conversation Player.Conversation.GameListConversation, 7.12
04/07/2016 03:52:00 [ 6] DEBUG  Dispatcher                    :       New Queue ID: 7.12
04/07/2016 03:52:00 [ 6] INFO   BackgroundThread              : Starting 
04/07/2016 03:52:00 [14] DEBUG  GameListConversation          : Queuing game list request. 
04/07/2016 03:52:00 [14] DEBUG  InitiatedConversation         : Conversation Id  for initiated conversation: 7.12
04/07/2016 03:52:00 [14] DEBUG  PostMan                       : Sending UDP (Messages.RequestMessages.GameListRequest)
04/07/2016 03:52:00 [14] DEBUG  PostMan                       : MessageId: 7.12ConversationId: 7.12
04/07/2016 03:52:00 [14] DEBUG  PostMan                       : Message Delivered
04/07/2016 03:52:00 [13] DEBUG  PostMan                       : Message Received!
04/07/2016 03:52:00 [13] DEBUG  PostMan                       : Raw Message: 
04/07/2016 03:52:00 [13] DEBUG  PostMan                       : {"__type":"GameListReply:#Messages.ReplyMessages","ConvId":{"Pid":7,"Seq":12},"MsgId":{"Pid":1,"Seq":45},"Note":null,"Success":true,"GameInfo":[]}
04/07/2016 03:52:00 [13] DEBUG  PostMan                       : Message ID: 1.45, ConversationId: 7.12
04/07/2016 03:52:00 [13] DEBUG  Dispatcher                    : Received (Messages.ReplyMessages.GameListReply)
04/07/2016 03:52:00 [13] DEBUG  Dispatcher                    : MessageId: 1.45ConversationId: 7.12
04/07/2016 03:52:05 [14] DEBUG  GameListConversation          : Received a game list reply message.
04/07/2016 03:52:05 [14] ERROR  GameListConversation          : Either the message received was null, or no games are available. 
04/07/2016 03:52:05 [14] INFO   BackgroundThread              : Stopping 
04/07/2016 03:52:05 [14] DEBUG  BackgroundThread              : Leaving Stop
04/07/2016 03:52:05 [ 6] DEBUG  PlayerProcess                 : In Process GetGameList function.
04/07/2016 03:52:05 [ 6] DEBUG  Dispatcher                    : Adding Conversation Player.Conversation.GameListConversation, 7.13
04/07/2016 03:52:05 [ 6] DEBUG  Dispatcher                    :       New Queue ID: 7.13
04/07/2016 03:52:05 [ 6] INFO   BackgroundThread              : Starting 
04/07/2016 03:52:05 [12] DEBUG  GameListConversation          : Queuing game list request. 
04/07/2016 03:52:05 [12] DEBUG  InitiatedConversation         : Conversation Id  for initiated conversation: 7.13
04/07/2016 03:52:05 [12] DEBUG  PostMan                       : Sending UDP (Messages.RequestMessages.GameListRequest)
04/07/2016 03:52:05 [12] DEBUG  PostMan                       : MessageId: 7.13ConversationId: 7.13
04/07/2016 03:52:05 [12] DEBUG  PostMan                       : Message Delivered
04/07/2016 03:52:05 [13] DEBUG  PostMan                       : Message Received!
04/07/2016 03:52:05 [13] DEBUG  PostMan                       : Raw Message: 
04/07/2016 03:52:05 [13] DEBUG  PostMan                       : {"__type":"GameListReply:#Messages.ReplyMessages","ConvId":{"Pid":7,"Seq":13},"MsgId":{"Pid":1,"Seq":46},"Note":null,"Success":true,"GameInfo":[]}
04/07/2016 03:52:05 [13] DEBUG  PostMan                       : Message ID: 1.46, ConversationId: 7.13
04/07/2016 03:52:05 [13] DEBUG  Dispatcher                    : Received (Messages.ReplyMessages.GameListReply)
04/07/2016 03:52:05 [13] DEBUG  Dispatcher                    : MessageId: 1.46ConversationId: 7.13
04/07/2016 03:52:10 [12] DEBUG  GameListConversation          : Received a game list reply message.
04/07/2016 03:52:10 [12] ERROR  GameListConversation          : Either the message received was null, or no games are available. 
04/07/2016 03:52:10 [12] INFO   BackgroundThread              : Stopping 
04/07/2016 03:52:10 [ 6] DEBUG  PlayerProcess                 : In Process GetGameList function.
04/07/2016 03:52:10 [12] DEBUG  BackgroundThread              : Leaving Stop
04/07/2016 03:52:10 [ 6] DEBUG  Dispatcher                    : Adding Conversation Player.Conversation.GameListConversation, 7.14
04/07/2016 03:52:10 [ 6] DEBUG  Dispatcher                    :       New Queue ID: 7.14
04/07/2016 03:52:10 [ 6] INFO   BackgroundThread              : Starting 
04/07/2016 03:52:10 [14] DEBUG  GameListConversation          : Queuing game list request. 
04/07/2016 03:52:10 [14] DEBUG  InitiatedConversation         : Conversation Id  for initiated conversation: 7.14
04/07/2016 03:52:10 [14] DEBUG  PostMan                       : Sending UDP (Messages.RequestMessages.GameListRequest)
04/07/2016 03:52:10 [14] DEBUG  PostMan                       : MessageId: 7.14ConversationId: 7.14
04/07/2016 03:52:10 [14] DEBUG  PostMan                       : Message Delivered
04/07/2016 03:52:10 [13] DEBUG  PostMan                       : Message Received!
04/07/2016 03:52:10 [13] DEBUG  PostMan                       : Raw Message: 
04/07/2016 03:52:10 [13] DEBUG  PostMan                       : {"__type":"GameListReply:#Messages.ReplyMessages","ConvId":{"Pid":7,"Seq":14},"MsgId":{"Pid":1,"Seq":47},"Note":null,"Success":true,"GameInfo":[]}
04/07/2016 03:52:10 [13] DEBUG  PostMan                       : Message ID: 1.47, ConversationId: 7.14
04/07/2016 03:52:10 [13] DEBUG  Dispatcher                    : Received (Messages.ReplyMessages.GameListReply)
04/07/2016 03:52:10 [13] DEBUG  Dispatcher                    : MessageId: 1.47ConversationId: 7.14
04/07/2016 03:52:11 [13] DEBUG  PostMan                       : Message Received!
04/07/2016 03:52:11 [13] DEBUG  PostMan                       : Raw Message: 
04/07/2016 03:52:11 [13] DEBUG  PostMan                       : {"__type":"AliveRequest:#Messages.RequestMessages","ConvId":{"Pid":1,"Seq":49},"MsgId":{"Pid":1,"Seq":49}}
04/07/2016 03:52:11 [13] DEBUG  PostMan                       : Message ID: 1.49, ConversationId: 1.49
04/07/2016 03:52:11 [13] DEBUG  Dispatcher                    : Received (Messages.RequestMessages.AliveRequest)
04/07/2016 03:52:11 [13] DEBUG  Dispatcher                    : MessageId: 1.49ConversationId: 1.49
04/07/2016 03:52:11 [13] DEBUG  Dispatcher                    : Conversation  with id= 1.49 does not exist, trying to create new conversation.
04/07/2016 03:52:11 [13] DEBUG  Dispatcher                    : Adding Conversation Player.Conversation.AliveConversation, 1.49
04/07/2016 03:52:11 [13] DEBUG  Dispatcher                    :       New Queue ID: 1.49
04/07/2016 03:52:11 [13] INFO   BackgroundThread              : Starting 
04/07/2016 03:52:11 [12] DEBUG  AliveConversation             : Creating Alive Response
04/07/2016 03:52:11 [12] DEBUG  ResponseConversation          : Conversation Id  for Response conversation: 1.49
04/07/2016 03:52:11 [12] DEBUG  PostMan                       : Sending UDP (Messages.ReplyMessages.Reply)
04/07/2016 03:52:11 [12] DEBUG  PostMan                       : MessageId: 1.49ConversationId: 7.15
04/07/2016 03:52:11 [12] DEBUG  PostMan                       : Message Delivered
04/07/2016 03:52:15 [14] DEBUG  GameListConversation          : Received a game list reply message.
04/07/2016 03:52:15 [14] ERROR  GameListConversation          : Either the message received was null, or no games are available. 
04/07/2016 03:52:15 [14] INFO   BackgroundThread              : Stopping 
04/07/2016 03:52:15 [14] DEBUG  BackgroundThread              : Leaving Stop
04/07/2016 03:52:15 [ 6] DEBUG  PlayerProcess                 : In Process GetGameList function.
04/07/2016 03:52:15 [ 6] DEBUG  Dispatcher                    : Adding Conversation Player.Conversation.GameListConversation, 7.16
04/07/2016 03:52:15 [ 6] DEBUG  Dispatcher                    :       New Queue ID: 7.16
04/07/2016 03:52:15 [ 6] INFO   BackgroundThread              : Starting 
04/07/2016 03:52:15 [12] DEBUG  GameListConversation          : Queuing game list request. 
04/07/2016 03:52:15 [12] DEBUG  InitiatedConversation         : Conversation Id  for initiated conversation: 7.16
04/07/2016 03:52:15 [12] DEBUG  PostMan                       : Sending UDP (Messages.RequestMessages.GameListRequest)
04/07/2016 03:52:16 [12] DEBUG  PostMan                       : MessageId: 7.16ConversationId: 7.16
04/07/2016 03:52:16 [12] DEBUG  PostMan                       : Message Delivered
04/07/2016 03:52:16 [13] DEBUG  PostMan                       : Message Received!
04/07/2016 03:52:16 [13] DEBUG  PostMan                       : Raw Message: 
04/07/2016 03:52:16 [13] DEBUG  PostMan                       : {"__type":"GameListReply:#Messages.ReplyMessages","ConvId":{"Pid":7,"Seq":16},"MsgId":{"Pid":1,"Seq":52},"Note":null,"Success":true,"GameInfo":[]}
04/07/2016 03:52:16 [13] DEBUG  PostMan                       : Message ID: 1.52, ConversationId: 7.16
04/07/2016 03:52:16 [13] DEBUG  Dispatcher                    : Received (Messages.ReplyMessages.GameListReply)
04/07/2016 03:52:16 [13] DEBUG  Dispatcher                    : MessageId: 1.52ConversationId: 7.16
04/07/2016 03:52:21 [12] DEBUG  GameListConversation          : Received a game list reply message.
04/07/2016 03:52:21 [12] ERROR  GameListConversation          : Either the message received was null, or no games are available. 
04/07/2016 03:52:21 [12] INFO   BackgroundThread              : Stopping 
04/07/2016 03:52:21 [12] DEBUG  BackgroundThread              : Leaving Stop
04/07/2016 03:52:21 [13] DEBUG  PostMan                       : Message Received!
04/07/2016 03:52:21 [13] DEBUG  PostMan                       : Raw Message: 
04/07/2016 03:52:21 [13] DEBUG  PostMan                       : {"__type":"AliveRequest:#Messages.RequestMessages","ConvId":{"Pid":1,"Seq":49},"MsgId":{"Pid":1,"Seq":49}}
04/07/2016 03:52:21 [ 6] DEBUG  PlayerProcess                 : In Process GetGameList function.
04/07/2016 03:52:21 [13] DEBUG  PostMan                       : Message ID: 1.49, ConversationId: 1.49
04/07/2016 03:52:21 [ 6] DEBUG  Dispatcher                    : Adding Conversation Player.Conversation.GameListConversation, 7.17
04/07/2016 03:52:21 [ 6] DEBUG  Dispatcher                    :       New Queue ID: 7.17
04/07/2016 03:52:21 [ 6] INFO   BackgroundThread              : Starting 
04/07/2016 03:52:21 [14] DEBUG  GameListConversation          : Queuing game list request. 
04/07/2016 03:52:21 [13] DEBUG  Dispatcher                    : Received (Messages.RequestMessages.AliveRequest)
04/07/2016 03:52:21 [14] DEBUG  InitiatedConversation         : Conversation Id  for initiated conversation: 7.17
04/07/2016 03:52:21 [14] DEBUG  PostMan                       : Sending UDP (Messages.RequestMessages.GameListRequest)
04/07/2016 03:52:21 [13] DEBUG  Dispatcher                    : MessageId: 1.49ConversationId: 1.49
04/07/2016 03:52:21 [14] DEBUG  PostMan                       : MessageId: 7.17ConversationId: 7.17
04/07/2016 03:52:21 [14] DEBUG  PostMan                       : Message Delivered
04/07/2016 03:52:21 [13] DEBUG  PostMan                       : Message Received!
04/07/2016 03:52:21 [13] DEBUG  PostMan                       : Raw Message: 
04/07/2016 03:52:21 [13] DEBUG  PostMan                       : {"__type":"GameListReply:#Messages.ReplyMessages","ConvId":{"Pid":7,"Seq":17},"MsgId":{"Pid":1,"Seq":53},"Note":null,"Success":true,"GameInfo":[]}
04/07/2016 03:52:21 [13] DEBUG  PostMan                       : Message ID: 1.53, ConversationId: 7.17
04/07/2016 03:52:21 [13] DEBUG  Dispatcher                    : Received (Messages.ReplyMessages.GameListReply)
04/07/2016 03:52:21 [13] DEBUG  Dispatcher                    : MessageId: 1.53ConversationId: 7.17
04/07/2016 03:52:26 [14] DEBUG  GameListConversation          : Received a game list reply message.
04/07/2016 03:52:26 [14] ERROR  GameListConversation          : Either the message received was null, or no games are available. 
04/07/2016 03:52:26 [14] INFO   BackgroundThread              : Stopping 
04/07/2016 03:52:26 [14] DEBUG  BackgroundThread              : Leaving Stop
04/07/2016 03:52:26 [ 6] DEBUG  PlayerProcess                 : In Process GetGameList function.
04/07/2016 03:52:26 [ 6] DEBUG  Dispatcher                    : Adding Conversation Player.Conversation.GameListConversation, 7.18
04/07/2016 03:52:26 [ 6] DEBUG  Dispatcher                    :       New Queue ID: 7.18
04/07/2016 03:52:26 [ 6] INFO   BackgroundThread              : Starting 
04/07/2016 03:52:26 [12] DEBUG  GameListConversation          : Queuing game list request. 
04/07/2016 03:52:26 [12] DEBUG  InitiatedConversation         : Conversation Id  for initiated conversation: 7.18
04/07/2016 03:52:26 [12] DEBUG  PostMan                       : Sending UDP (Messages.RequestMessages.GameListRequest)
04/07/2016 03:52:26 [12] DEBUG  PostMan                       : MessageId: 7.18ConversationId: 7.18
04/07/2016 03:52:26 [12] DEBUG  PostMan                       : Message Delivered
04/07/2016 03:52:26 [13] DEBUG  PostMan                       : Message Received!
04/07/2016 03:52:26 [13] DEBUG  PostMan                       : Raw Message: 
04/07/2016 03:52:26 [13] DEBUG  PostMan                       : {"__type":"GameListReply:#Messages.ReplyMessages","ConvId":{"Pid":7,"Seq":18},"MsgId":{"Pid":1,"Seq":54},"Note":null,"Success":true,"GameInfo":[]}
04/07/2016 03:52:26 [13] DEBUG  PostMan                       : Message ID: 1.54, ConversationId: 7.18
04/07/2016 03:52:26 [13] DEBUG  Dispatcher                    : Received (Messages.ReplyMessages.GameListReply)
04/07/2016 03:52:26 [13] DEBUG  Dispatcher                    : MessageId: 1.54ConversationId: 7.18
04/07/2016 03:52:31 [13] DEBUG  PostMan                       : Message Received!
04/07/2016 03:52:31 [13] DEBUG  PostMan                       : Raw Message: 
04/07/2016 03:52:31 [13] DEBUG  PostMan                       : {"__type":"AliveRequest:#Messages.RequestMessages","ConvId":{"Pid":1,"Seq":49},"MsgId":{"Pid":1,"Seq":49}}
04/07/2016 03:52:31 [13] DEBUG  PostMan                       : Message ID: 1.49, ConversationId: 1.49
04/07/2016 03:52:31 [13] DEBUG  Dispatcher                    : Received (Messages.RequestMessages.AliveRequest)
04/07/2016 03:52:31 [13] DEBUG  Dispatcher                    : MessageId: 1.49ConversationId: 1.49
04/07/2016 03:52:31 [12] DEBUG  GameListConversation          : Received a game list reply message.
04/07/2016 03:52:31 [12] ERROR  GameListConversation          : Either the message received was null, or no games are available. 
04/07/2016 03:52:31 [12] INFO   BackgroundThread              : Stopping 
04/07/2016 03:52:31 [12] DEBUG  BackgroundThread              : Leaving Stop
04/07/2016 03:52:31 [ 6] DEBUG  PlayerProcess                 : In Process GetGameList function.
04/07/2016 03:52:31 [ 6] DEBUG  Dispatcher                    : Adding Conversation Player.Conversation.GameListConversation, 7.19
04/07/2016 03:52:31 [ 6] DEBUG  Dispatcher                    :       New Queue ID: 7.19
04/07/2016 03:52:31 [ 6] INFO   BackgroundThread              : Starting 
04/07/2016 03:52:31 [14] DEBUG  GameListConversation          : Queuing game list request. 
04/07/2016 03:52:31 [14] DEBUG  InitiatedConversation         : Conversation Id  for initiated conversation: 7.19
04/07/2016 03:52:31 [14] DEBUG  PostMan                       : Sending UDP (Messages.RequestMessages.GameListRequest)
04/07/2016 03:52:31 [14] DEBUG  PostMan                       : MessageId: 7.19ConversationId: 7.19
04/07/2016 03:52:31 [14] DEBUG  PostMan                       : Message Delivered
04/07/2016 03:52:31 [13] DEBUG  PostMan                       : Message Received!
04/07/2016 03:52:31 [13] DEBUG  PostMan                       : Raw Message: 
04/07/2016 03:52:31 [13] DEBUG  PostMan                       : {"__type":"GameListReply:#Messages.ReplyMessages","ConvId":{"Pid":7,"Seq":19},"MsgId":{"Pid":1,"Seq":55},"Note":null,"Success":true,"GameInfo":[]}
04/07/2016 03:52:31 [13] DEBUG  PostMan                       : Message ID: 1.55, ConversationId: 7.19
04/07/2016 03:52:31 [13] DEBUG  Dispatcher                    : Received (Messages.ReplyMessages.GameListReply)
04/07/2016 03:52:31 [13] DEBUG  Dispatcher                    : MessageId: 1.55ConversationId: 7.19
04/07/2016 03:52:36 [14] DEBUG  GameListConversation          : Received a game list reply message.
04/07/2016 03:52:36 [14] ERROR  GameListConversation          : Either the message received was null, or no games are available. 
04/07/2016 03:52:36 [14] INFO   BackgroundThread              : Stopping 
04/07/2016 03:52:36 [14] DEBUG  BackgroundThread              : Leaving Stop
04/07/2016 03:52:36 [ 6] DEBUG  PlayerProcess                 : In Process GetGameList function.
04/07/2016 03:52:36 [ 6] DEBUG  Dispatcher                    : Adding Conversation Player.Conversation.GameListConversation, 7.20
04/07/2016 03:52:36 [ 6] DEBUG  Dispatcher                    :       New Queue ID: 7.20
04/07/2016 03:52:36 [ 6] INFO   BackgroundThread              : Starting 
04/07/2016 03:52:36 [12] DEBUG  GameListConversation          : Queuing game list request. 
04/07/2016 03:52:36 [12] DEBUG  InitiatedConversation         : Conversation Id  for initiated conversation: 7.20
04/07/2016 03:52:36 [12] DEBUG  PostMan                       : Sending UDP (Messages.RequestMessages.GameListRequest)
04/07/2016 03:52:36 [12] DEBUG  PostMan                       : MessageId: 7.20ConversationId: 7.20
04/07/2016 03:52:36 [12] DEBUG  PostMan                       : Message Delivered
04/07/2016 03:52:36 [13] DEBUG  PostMan                       : Message Received!
04/07/2016 03:52:36 [13] DEBUG  PostMan                       : Raw Message: 
04/07/2016 03:52:36 [13] DEBUG  PostMan                       : {"__type":"GameListReply:#Messages.ReplyMessages","ConvId":{"Pid":7,"Seq":20},"MsgId":{"Pid":1,"Seq":56},"Note":null,"Success":true,"GameInfo":[]}
04/07/2016 03:52:36 [13] DEBUG  PostMan                       : Message ID: 1.56, ConversationId: 7.20
04/07/2016 03:52:36 [13] DEBUG  Dispatcher                    : Received (Messages.ReplyMessages.GameListReply)
04/07/2016 03:52:36 [13] DEBUG  Dispatcher                    : MessageId: 1.56ConversationId: 7.20
04/07/2016 03:52:41 [13] DEBUG  PostMan                       : Message Received!
04/07/2016 03:52:41 [13] DEBUG  PostMan                       : Raw Message: 
04/07/2016 03:52:41 [13] DEBUG  PostMan                       : {"__type":"DeadProcessNotification:#Messages.RequestMessages","ConvId":{"Pid":1,"Seq":57},"MsgId":{"Pid":1,"Seq":57},"ProcessId":7}
04/07/2016 03:52:41 [13] DEBUG  PostMan                       : Message ID: 1.57, ConversationId: 1.57
04/07/2016 03:52:41 [13] DEBUG  Dispatcher                    : Received (Messages.RequestMessages.DeadProcessNotification)
04/07/2016 03:52:41 [13] DEBUG  Dispatcher                    : MessageId: 1.57ConversationId: 1.57
04/07/2016 03:52:41 [13] DEBUG  Dispatcher                    : Conversation  with id= 1.57 does not exist, trying to create new conversation.
04/07/2016 03:52:41 [13] ERROR  Dispatcher                    : New conversation returned from factory is Null!
04/07/2016 03:52:41 [12] DEBUG  GameListConversation          : Received a game list reply message.
04/07/2016 03:52:41 [12] ERROR  GameListConversation          : Either the message received was null, or no games are available. 
04/07/2016 03:52:41 [12] INFO   BackgroundThread              : Stopping 
04/07/2016 03:52:41 [12] DEBUG  BackgroundThread              : Leaving Stop
04/07/2016 03:52:41 [ 6] DEBUG  PlayerProcess                 : In Process GetGameList function.
04/07/2016 03:52:41 [ 6] DEBUG  Dispatcher                    : Adding Conversation Player.Conversation.GameListConversation, 7.21
04/07/2016 03:52:41 [ 6] DEBUG  Dispatcher                    :       New Queue ID: 7.21
04/07/2016 03:52:41 [ 6] INFO   BackgroundThread              : Starting 
04/07/2016 03:52:41 [19] DEBUG  GameListConversation          : Queuing game list request. 
04/07/2016 03:52:41 [19] DEBUG  InitiatedConversation         : Conversation Id  for initiated conversation: 7.21
04/07/2016 03:52:41 [19] DEBUG  PostMan                       : Sending UDP (Messages.RequestMessages.GameListRequest)
04/07/2016 03:52:41 [19] DEBUG  PostMan                       : MessageId: 7.21ConversationId: 7.21
04/07/2016 03:52:41 [19] DEBUG  PostMan                       : Message Delivered
04/07/2016 03:52:47 [19] ERROR  GameListConversation          : Either the message received was null, or no games are available. 
04/07/2016 03:52:47 [19] INFO   BackgroundThread              : Stopping 
04/07/2016 03:52:47 [19] DEBUG  BackgroundThread              : Leaving Stop
04/07/2016 03:52:47 [ 6] DEBUG  PlayerProcess                 : In Process GetGameList function.
04/07/2016 03:52:47 [ 6] DEBUG  Dispatcher                    : Adding Conversation Player.Conversation.GameListConversation, 7.22
04/07/2016 03:52:47 [ 6] DEBUG  Dispatcher                    :       New Queue ID: 7.22
04/07/2016 03:52:47 [ 6] INFO   BackgroundThread              : Starting 
04/07/2016 03:52:47 [14] DEBUG  GameListConversation          : Queuing game list request. 
04/07/2016 03:52:47 [14] DEBUG  InitiatedConversation         : Conversation Id  for initiated conversation: 7.22
04/07/2016 03:52:47 [14] DEBUG  PostMan                       : Sending UDP (Messages.RequestMessages.GameListRequest)
04/07/2016 03:52:47 [14] DEBUG  PostMan                       : MessageId: 7.22ConversationId: 7.22
04/07/2016 03:52:47 [14] DEBUG  PostMan                       : Message Delivered
04/07/2016 03:52:53 [14] ERROR  GameListConversation          : Either the message received was null, or no games are available. 
04/07/2016 03:52:53 [14] INFO   BackgroundThread              : Stopping 
04/07/2016 03:52:53 [14] DEBUG  BackgroundThread              : Leaving Stop
04/07/2016 03:52:54 [ 6] DEBUG  PlayerProcess                 : In Process GetGameList function.
04/07/2016 03:52:54 [ 6] DEBUG  Dispatcher                    : Adding Conversation Player.Conversation.GameListConversation, 7.23
04/07/2016 03:52:54 [ 6] DEBUG  Dispatcher                    :       New Queue ID: 7.23
04/07/2016 03:52:54 [ 6] INFO   BackgroundThread              : Starting 
04/07/2016 03:52:54 [20] DEBUG  GameListConversation          : Queuing game list request. 
04/07/2016 03:52:54 [20] DEBUG  InitiatedConversation         : Conversation Id  for initiated conversation: 7.23
04/07/2016 03:52:54 [20] DEBUG  PostMan                       : Sending UDP (Messages.RequestMessages.GameListRequest)
04/07/2016 03:52:54 [20] DEBUG  PostMan                       : MessageId: 7.23ConversationId: 7.23
04/07/2016 03:52:54 [20] DEBUG  PostMan                       : Message Delivered
04/07/2016 03:53:00 [20] ERROR  GameListConversation          : Either the message received was null, or no games are available. 
04/07/2016 03:53:00 [20] INFO   BackgroundThread              : Stopping 
04/07/2016 03:53:00 [20] DEBUG  BackgroundThread              : Leaving Stop
04/07/2016 03:53:00 [ 6] DEBUG  PlayerProcess                 : In Process GetGameList function.
04/07/2016 03:53:00 [ 6] DEBUG  Dispatcher                    : Adding Conversation Player.Conversation.GameListConversation, 7.24
04/07/2016 03:53:00 [ 6] DEBUG  Dispatcher                    :       New Queue ID: 7.24
04/07/2016 03:53:00 [ 6] INFO   BackgroundThread              : Starting 
04/07/2016 03:53:00 [14] DEBUG  GameListConversation          : Queuing game list request. 
04/07/2016 03:53:00 [14] DEBUG  InitiatedConversation         : Conversation Id  for initiated conversation: 7.24
04/07/2016 03:53:00 [14] DEBUG  PostMan                       : Sending UDP (Messages.RequestMessages.GameListRequest)
04/07/2016 03:53:00 [14] DEBUG  PostMan                       : MessageId: 7.24ConversationId: 7.24
04/07/2016 03:53:00 [14] DEBUG  PostMan                       : Message Delivered
04/07/2016 03:53:06 [14] ERROR  GameListConversation          : Either the message received was null, or no games are available. 
04/07/2016 03:53:06 [14] INFO   BackgroundThread              : Stopping 
04/07/2016 03:53:06 [14] DEBUG  BackgroundThread              : Leaving Stop
