04/09/2016 04:16:01 [ 8] DEBUG  PlayerConnection              : Using Local Settings.
04/09/2016 04:16:01 [ 8] DEBUG  PlayerConnection              : Starting Application. 
04/09/2016 04:16:01 [ 8] DEBUG  PlayerProcess                 : Initializeing Player Subsystem.
04/09/2016 04:16:01 [ 8] DEBUG  PlayerProcess                 : Initializing Player Details.
04/09/2016 04:16:01 [ 8] INFO   BackgroundThread              : Starting 
04/09/2016 04:16:01 [10] INFO   BackgroundThread              : Starting 
04/09/2016 04:16:01 [10] DEBUG  PlayerProcess                 : In Process Login function.
04/09/2016 04:16:01 [10] DEBUG  Dispatcher                    : Adding Conversation Player.Conversation.LoginConversation, 0.1
04/09/2016 04:16:01 [10] DEBUG  Dispatcher                    :       New Queue ID: 0.1
04/09/2016 04:16:01 [10] INFO   BackgroundThread              : Starting 
04/09/2016 04:16:01 [11] DEBUG  LoginConversation             : Creating login request. 
04/09/2016 04:16:01 [11] DEBUG  InitiatedConversation         : Conversation Id  for initiated conversation: 0.1
04/09/2016 04:16:01 [11] DEBUG  PostMan                       : Sending UDP (Messages.RequestMessages.LoginRequest, MessageID: 0.1, ConversationID: 0.1)
JSON: {"__type":"LoginRequest:#Messages.RequestMessages","ConvId":{"Pid":0,"Seq":1},"MsgId":{"Pid":0,"Seq":1},"Identity":{"ANumber":"A00000001","Alias":"The Instructor","FirstName":"The","LastName":"Instructor"},"ProcessLabel":"The Instructor","ProcessType":3,"PublicKey":null}
04/09/2016 04:16:01 [11] DEBUG  PostMan                       : Message Delivered
04/09/2016 04:16:07 [11] ERROR  LoginConversation             : Login reply was null or LoginReply.Success was false
04/09/2016 04:16:07 [11] INFO   BackgroundThread              : Stopping 
04/09/2016 04:16:07 [11] DEBUG  BackgroundThread              : Leaving Stop
04/09/2016 04:16:07 [10] DEBUG  PlayerProcess                 : In Process Login function.
04/09/2016 04:16:07 [10] DEBUG  Dispatcher                    : Adding Conversation Player.Conversation.LoginConversation, 0.2
04/09/2016 04:16:07 [10] DEBUG  Dispatcher                    :       New Queue ID: 0.2
04/09/2016 04:16:07 [10] INFO   BackgroundThread              : Starting 
04/09/2016 04:16:07 [11] DEBUG  LoginConversation             : Creating login request. 
04/09/2016 04:16:07 [11] DEBUG  InitiatedConversation         : Conversation Id  for initiated conversation: 0.2
04/09/2016 04:16:07 [11] DEBUG  PostMan                       : Sending UDP (Messages.RequestMessages.LoginRequest, MessageID: 0.2, ConversationID: 0.2)
JSON: {"__type":"LoginRequest:#Messages.RequestMessages","ConvId":{"Pid":0,"Seq":2},"MsgId":{"Pid":0,"Seq":2},"Identity":{"ANumber":"A00000001","Alias":"The Instructor","FirstName":"The","LastName":"Instructor"},"ProcessLabel":"The Instructor","ProcessType":3,"PublicKey":null}
04/09/2016 04:16:07 [11] DEBUG  PostMan                       : Message Delivered
04/09/2016 04:16:13 [11] ERROR  LoginConversation             : Login reply was null or LoginReply.Success was false
04/09/2016 04:16:13 [11] INFO   BackgroundThread              : Stopping 
04/09/2016 04:16:13 [11] DEBUG  BackgroundThread              : Leaving Stop
04/09/2016 04:16:13 [10] DEBUG  PlayerProcess                 : In Process Login function.
04/09/2016 04:16:13 [10] DEBUG  Dispatcher                    : Adding Conversation Player.Conversation.LoginConversation, 0.3
04/09/2016 04:16:13 [10] DEBUG  Dispatcher                    :       New Queue ID: 0.3
04/09/2016 04:16:13 [10] INFO   BackgroundThread              : Starting 
04/09/2016 04:16:13 [14] DEBUG  LoginConversation             : Creating login request. 
04/09/2016 04:16:13 [14] DEBUG  InitiatedConversation         : Conversation Id  for initiated conversation: 0.3
04/09/2016 04:16:13 [14] DEBUG  PostMan                       : Sending UDP (Messages.RequestMessages.LoginRequest, MessageID: 0.3, ConversationID: 0.3)
JSON: {"__type":"LoginRequest:#Messages.RequestMessages","ConvId":{"Pid":0,"Seq":3},"MsgId":{"Pid":0,"Seq":3},"Identity":{"ANumber":"A00000001","Alias":"The Instructor","FirstName":"The","LastName":"Instructor"},"ProcessLabel":"The Instructor","ProcessType":3,"PublicKey":null}
04/09/2016 04:16:13 [14] DEBUG  PostMan                       : Message Delivered
04/09/2016 04:16:19 [14] ERROR  LoginConversation             : Login reply was null or LoginReply.Success was false
04/09/2016 04:16:19 [14] INFO   BackgroundThread              : Stopping 
04/09/2016 04:16:19 [14] DEBUG  BackgroundThread              : Leaving Stop
04/09/2016 04:16:20 [10] DEBUG  PlayerProcess                 : In Process Login function.
04/09/2016 04:16:20 [10] DEBUG  Dispatcher                    : Adding Conversation Player.Conversation.LoginConversation, 0.4
04/09/2016 04:16:20 [10] DEBUG  Dispatcher                    :       New Queue ID: 0.4
04/09/2016 04:16:20 [10] INFO   BackgroundThread              : Starting 
04/09/2016 04:16:20 [11] DEBUG  LoginConversation             : Creating login request. 
04/09/2016 04:16:20 [11] DEBUG  InitiatedConversation         : Conversation Id  for initiated conversation: 0.4
04/09/2016 04:16:20 [11] DEBUG  PostMan                       : Sending UDP (Messages.RequestMessages.LoginRequest, MessageID: 0.4, ConversationID: 0.4)
JSON: {"__type":"LoginRequest:#Messages.RequestMessages","ConvId":{"Pid":0,"Seq":4},"MsgId":{"Pid":0,"Seq":4},"Identity":{"ANumber":"A00000001","Alias":"The Instructor","FirstName":"The","LastName":"Instructor"},"ProcessLabel":"The Instructor","ProcessType":3,"PublicKey":null}
04/09/2016 04:16:20 [11] DEBUG  PostMan                       : Message Delivered
04/09/2016 04:16:26 [11] ERROR  LoginConversation             : Login reply was null or LoginReply.Success was false
04/09/2016 04:16:26 [11] INFO   BackgroundThread              : Stopping 
04/09/2016 04:16:26 [11] DEBUG  BackgroundThread              : Leaving Stop
04/09/2016 04:16:26 [10] DEBUG  PlayerProcess                 : In Process Login function.
04/09/2016 04:16:26 [10] DEBUG  Dispatcher                    : Adding Conversation Player.Conversation.LoginConversation, 0.5
04/09/2016 04:16:26 [10] DEBUG  Dispatcher                    :       New Queue ID: 0.5
04/09/2016 04:16:26 [10] INFO   BackgroundThread              : Starting 
04/09/2016 04:16:26 [14] DEBUG  LoginConversation             : Creating login request. 
04/09/2016 04:16:26 [14] DEBUG  InitiatedConversation         : Conversation Id  for initiated conversation: 0.5
04/09/2016 04:16:26 [14] DEBUG  PostMan                       : Sending UDP (Messages.RequestMessages.LoginRequest, MessageID: 0.5, ConversationID: 0.5)
JSON: {"__type":"LoginRequest:#Messages.RequestMessages","ConvId":{"Pid":0,"Seq":5},"MsgId":{"Pid":0,"Seq":5},"Identity":{"ANumber":"A00000001","Alias":"The Instructor","FirstName":"The","LastName":"Instructor"},"ProcessLabel":"The Instructor","ProcessType":3,"PublicKey":null}
04/09/2016 04:16:26 [14] DEBUG  PostMan                       : Message Delivered
04/09/2016 04:16:32 [14] ERROR  LoginConversation             : Login reply was null or LoginReply.Success was false
04/09/2016 04:16:32 [14] INFO   BackgroundThread              : Stopping 
04/09/2016 04:16:32 [10] DEBUG  PlayerProcess                 : In Process Login function.
04/09/2016 04:16:32 [14] DEBUG  BackgroundThread              : Leaving Stop
04/09/2016 04:16:32 [10] DEBUG  Dispatcher                    : Adding Conversation Player.Conversation.LoginConversation, 0.6
04/09/2016 04:16:32 [10] DEBUG  Dispatcher                    :       New Queue ID: 0.6
04/09/2016 04:16:32 [10] INFO   BackgroundThread              : Starting 
04/09/2016 04:16:32 [13] DEBUG  LoginConversation             : Creating login request. 
04/09/2016 04:16:32 [13] DEBUG  InitiatedConversation         : Conversation Id  for initiated conversation: 0.6
04/09/2016 04:16:32 [13] DEBUG  PostMan                       : Sending UDP (Messages.RequestMessages.LoginRequest, MessageID: 0.6, ConversationID: 0.6)
JSON: {"__type":"LoginRequest:#Messages.RequestMessages","ConvId":{"Pid":0,"Seq":6},"MsgId":{"Pid":0,"Seq":6},"Identity":{"ANumber":"A00000001","Alias":"The Instructor","FirstName":"The","LastName":"Instructor"},"ProcessLabel":"The Instructor","ProcessType":3,"PublicKey":null}
04/09/2016 04:16:32 [13] DEBUG  PostMan                       : Message Delivered
04/09/2016 04:16:38 [13] ERROR  LoginConversation             : Login reply was null or LoginReply.Success was false
04/09/2016 04:16:38 [13] INFO   BackgroundThread              : Stopping 
04/09/2016 04:16:38 [13] DEBUG  BackgroundThread              : Leaving Stop
04/09/2016 04:16:38 [10] DEBUG  PlayerProcess                 : In Process Login function.
04/09/2016 04:16:38 [10] DEBUG  Dispatcher                    : Adding Conversation Player.Conversation.LoginConversation, 0.7
04/09/2016 04:16:38 [10] DEBUG  Dispatcher                    :       New Queue ID: 0.7
04/09/2016 04:16:38 [10] INFO   BackgroundThread              : Starting 
04/09/2016 04:16:38 [11] DEBUG  LoginConversation             : Creating login request. 
04/09/2016 04:16:38 [11] DEBUG  InitiatedConversation         : Conversation Id  for initiated conversation: 0.7
04/09/2016 04:16:38 [11] DEBUG  PostMan                       : Sending UDP (Messages.RequestMessages.LoginRequest, MessageID: 0.7, ConversationID: 0.7)
JSON: {"__type":"LoginRequest:#Messages.RequestMessages","ConvId":{"Pid":0,"Seq":7},"MsgId":{"Pid":0,"Seq":7},"Identity":{"ANumber":"A00000001","Alias":"The Instructor","FirstName":"The","LastName":"Instructor"},"ProcessLabel":"The Instructor","ProcessType":3,"PublicKey":null}
04/09/2016 04:16:38 [11] DEBUG  PostMan                       : Message Delivered
04/09/2016 04:16:44 [11] ERROR  LoginConversation             : Login reply was null or LoginReply.Success was false
04/09/2016 04:16:44 [11] INFO   BackgroundThread              : Stopping 
04/09/2016 04:16:44 [11] DEBUG  BackgroundThread              : Leaving Stop
04/09/2016 04:16:44 [10] DEBUG  PlayerProcess                 : In Process Login function.
04/09/2016 04:16:44 [10] DEBUG  Dispatcher                    : Adding Conversation Player.Conversation.LoginConversation, 0.8
04/09/2016 04:16:44 [10] DEBUG  Dispatcher                    :       New Queue ID: 0.8
04/09/2016 04:16:44 [10] INFO   BackgroundThread              : Starting 
04/09/2016 04:16:44 [14] DEBUG  LoginConversation             : Creating login request. 
04/09/2016 04:16:44 [14] DEBUG  InitiatedConversation         : Conversation Id  for initiated conversation: 0.8
04/09/2016 04:16:44 [14] DEBUG  PostMan                       : Sending UDP (Messages.RequestMessages.LoginRequest, MessageID: 0.8, ConversationID: 0.8)
JSON: {"__type":"LoginRequest:#Messages.RequestMessages","ConvId":{"Pid":0,"Seq":8},"MsgId":{"Pid":0,"Seq":8},"Identity":{"ANumber":"A00000001","Alias":"The Instructor","FirstName":"The","LastName":"Instructor"},"ProcessLabel":"The Instructor","ProcessType":3,"PublicKey":null}
04/09/2016 04:16:44 [14] DEBUG  PostMan                       : Message Delivered
04/09/2016 04:16:50 [14] ERROR  LoginConversation             : Login reply was null or LoginReply.Success was false
04/09/2016 04:16:50 [14] INFO   BackgroundThread              : Stopping 
04/09/2016 04:16:50 [14] DEBUG  BackgroundThread              : Leaving Stop
04/09/2016 04:16:50 [10] DEBUG  PlayerProcess                 : In Process Login function.
04/09/2016 04:16:50 [10] DEBUG  Dispatcher                    : Adding Conversation Player.Conversation.LoginConversation, 0.9
04/09/2016 04:16:50 [10] DEBUG  Dispatcher                    :       New Queue ID: 0.9
04/09/2016 04:16:50 [10] INFO   BackgroundThread              : Starting 
04/09/2016 04:16:50 [11] DEBUG  LoginConversation             : Creating login request. 
04/09/2016 04:16:50 [11] DEBUG  InitiatedConversation         : Conversation Id  for initiated conversation: 0.9
04/09/2016 04:16:50 [11] DEBUG  PostMan                       : Sending UDP (Messages.RequestMessages.LoginRequest, MessageID: 0.9, ConversationID: 0.9)
JSON: {"__type":"LoginRequest:#Messages.RequestMessages","ConvId":{"Pid":0,"Seq":9},"MsgId":{"Pid":0,"Seq":9},"Identity":{"ANumber":"A00000001","Alias":"The Instructor","FirstName":"The","LastName":"Instructor"},"ProcessLabel":"The Instructor","ProcessType":3,"PublicKey":null}
04/09/2016 04:16:50 [11] DEBUG  PostMan                       : Message Delivered
04/09/2016 04:16:56 [11] ERROR  LoginConversation             : Login reply was null or LoginReply.Success was false
04/09/2016 04:16:56 [11] INFO   BackgroundThread              : Stopping 
04/09/2016 04:16:56 [11] DEBUG  BackgroundThread              : Leaving Stop
04/09/2016 04:16:56 [10] DEBUG  PlayerProcess                 : In Process Login function.
04/09/2016 04:16:56 [10] DEBUG  Dispatcher                    : Adding Conversation Player.Conversation.LoginConversation, 0.10
04/09/2016 04:16:56 [10] DEBUG  Dispatcher                    :       New Queue ID: 0.10
04/09/2016 04:16:56 [10] INFO   BackgroundThread              : Starting 
04/09/2016 04:16:56 [11] DEBUG  LoginConversation             : Creating login request. 
04/09/2016 04:16:56 [11] DEBUG  InitiatedConversation         : Conversation Id  for initiated conversation: 0.10
04/09/2016 04:16:56 [11] DEBUG  PostMan                       : Sending UDP (Messages.RequestMessages.LoginRequest, MessageID: 0.10, ConversationID: 0.10)
JSON: {"__type":"LoginRequest:#Messages.RequestMessages","ConvId":{"Pid":0,"Seq":10},"MsgId":{"Pid":0,"Seq":10},"Identity":{"ANumber":"A00000001","Alias":"The Instructor","FirstName":"The","LastName":"Instructor"},"ProcessLabel":"The Instructor","ProcessType":3,"PublicKey":null}
04/09/2016 04:16:56 [11] DEBUG  PostMan                       : Message Delivered
04/09/2016 04:17:02 [11] ERROR  LoginConversation             : Login reply was null or LoginReply.Success was false
04/09/2016 04:17:02 [11] INFO   BackgroundThread              : Stopping 
04/09/2016 04:17:02 [11] DEBUG  BackgroundThread              : Leaving Stop
04/09/2016 04:17:02 [10] DEBUG  PlayerProcess                 : In Process Login function.
04/09/2016 04:17:02 [10] DEBUG  Dispatcher                    : Adding Conversation Player.Conversation.LoginConversation, 0.11
04/09/2016 04:17:02 [10] DEBUG  Dispatcher                    :       New Queue ID: 0.11
04/09/2016 04:17:02 [10] INFO   BackgroundThread              : Starting 
04/09/2016 04:17:02 [14] DEBUG  LoginConversation             : Creating login request. 
04/09/2016 04:17:02 [14] DEBUG  InitiatedConversation         : Conversation Id  for initiated conversation: 0.11
04/09/2016 04:17:02 [14] DEBUG  PostMan                       : Sending UDP (Messages.RequestMessages.LoginRequest, MessageID: 0.11, ConversationID: 0.11)
JSON: {"__type":"LoginRequest:#Messages.RequestMessages","ConvId":{"Pid":0,"Seq":11},"MsgId":{"Pid":0,"Seq":11},"Identity":{"ANumber":"A00000001","Alias":"The Instructor","FirstName":"The","LastName":"Instructor"},"ProcessLabel":"The Instructor","ProcessType":3,"PublicKey":null}
04/09/2016 04:17:02 [14] DEBUG  PostMan                       : Message Delivered
04/09/2016 04:17:08 [14] ERROR  LoginConversation             : Login reply was null or LoginReply.Success was false
04/09/2016 04:17:08 [14] INFO   BackgroundThread              : Stopping 
04/09/2016 04:17:08 [14] DEBUG  BackgroundThread              : Leaving Stop
04/09/2016 04:17:08 [10] DEBUG  PlayerProcess                 : In Process Login function.
04/09/2016 04:17:08 [10] DEBUG  Dispatcher                    : Adding Conversation Player.Conversation.LoginConversation, 0.12
04/09/2016 04:17:08 [10] DEBUG  Dispatcher                    :       New Queue ID: 0.12
04/09/2016 04:17:08 [10] INFO   BackgroundThread              : Starting 
04/09/2016 04:17:08 [16] DEBUG  LoginConversation             : Creating login request. 
04/09/2016 04:17:08 [16] DEBUG  InitiatedConversation         : Conversation Id  for initiated conversation: 0.12
04/09/2016 04:17:08 [16] DEBUG  PostMan                       : Sending UDP (Messages.RequestMessages.LoginRequest, MessageID: 0.12, ConversationID: 0.12)
JSON: {"__type":"LoginRequest:#Messages.RequestMessages","ConvId":{"Pid":0,"Seq":12},"MsgId":{"Pid":0,"Seq":12},"Identity":{"ANumber":"A00000001","Alias":"The Instructor","FirstName":"The","LastName":"Instructor"},"ProcessLabel":"The Instructor","ProcessType":3,"PublicKey":null}
04/09/2016 04:17:08 [16] DEBUG  PostMan                       : Message Delivered
