04/09/2016 09:40:37 [ 7] DEBUG  PlayerConnection              : Using Local Settings.
04/09/2016 09:40:37 [ 7] DEBUG  PlayerConnection              : Starting Application. 
04/09/2016 09:40:37 [ 7] DEBUG  PlayerProcess                 : Initializeing Player Subsystem.
04/09/2016 09:40:37 [ 7] DEBUG  PlayerProcess                 : Initializing Player Details.
04/09/2016 09:40:37 [ 7] INFO   BackgroundThread              : Starting 
04/09/2016 09:40:37 [ 9] INFO   BackgroundThread              : Starting 
04/09/2016 09:40:37 [ 9] DEBUG  PlayerProcess                 : In Process Login function.
04/09/2016 09:40:37 [ 9] DEBUG  Dispatcher                    : Adding Conversation Player.Conversation.LoginConversation, 0.1
04/09/2016 09:40:37 [ 9] DEBUG  Dispatcher                    :       New Queue ID: 0.1
04/09/2016 09:40:37 [ 9] DEBUG  LoginConversation             : Creating login request. 
04/09/2016 09:40:37 [ 9] DEBUG  InitiatedConversation         : LoginConversation, ConversationID: 0.1: Conversation Id  for initiated conversation: 0.1
04/09/2016 09:40:37 [ 9] DEBUG  Conversation                  : LoginConversation, ConversationID: 0.1: Setting Message IDs
04/09/2016 09:40:37 [ 9] DEBUG  Conversation                  : LoginConversation, ConversationID: 0.1: Message has IDs
04/09/2016 09:40:37 [ 9] DEBUG  Conversation                  : LoginConversation, ConversationID: 0.1: Message is valid
04/09/2016 09:40:37 [ 9] DEBUG  Conversation                  : LoginConversation, ConversationID: 0.1: Envelope is valid
04/09/2016 09:40:37 [ 9] DEBUG  Conversation                  : LoginConversation, ConversationID: 0.1: Conversation is initiating send.
04/09/2016 09:40:37 [ 9] DEBUG  PostMan                       : Sending UDP (Messages.RequestMessages.LoginRequest, MessageID: 0.1, ConversationID: 0.1)
JSON: {"__type":"LoginRequest:#Messages.RequestMessages","ConvId":{"Pid":0,"Seq":1},"MsgId":{"Pid":0,"Seq":1},"Identity":{"ANumber":"A00000001","Alias":"The Instructor","FirstName":"The","LastName":"Instructor"},"ProcessLabel":"The Instructor","ProcessType":3,"PublicKey":null}
04/09/2016 09:40:37 [ 9] DEBUG  PostMan                       : Message Delivered
04/09/2016 09:40:37 [ 9] DEBUG  Conversation                  : LoginConversation, ConversationID: 0.1: Send succeeded.
04/09/2016 09:40:37 [ 9] INFO   BackgroundThread              : Starting 
04/09/2016 09:40:37 [11] DEBUG  PostMan                       : Received UDP (Messages.ReplyMessages.LoginReply, MessageID: 1.57, ConversationID: 0.1)
JSON: {"__type":"LoginReply:#Messages.ReplyMessages","ConvId":{"Pid":0,"Seq":1},"MsgId":{"Pid":1,"Seq":57},"Note":"Logged in","Success":true,"PennyBankEndPoint":{"Host":"127.0.0.1","Port":12003},"PennyBankPublicKey":null,"ProcessInfo":{"EndPoint":{"Host":"127.0.0.1","Port":10000},"Label":"The Instructor","ProcessId":7,"Status":3,"Type":3},"ProxyEndPoint":{"Host":"127.0.0.1","Port":12002}}
04/09/2016 09:40:37 [11] INFO   Dispatcher                    : New Message Received: (Messages.ReplyMessages.LoginReply)
04/09/2016 09:40:37 [11] INFO   Dispatcher                    : MessageId: 1.57ConversationId: 0.1
04/09/2016 09:40:38 [10] DEBUG  Conversation                  : LoginConversation, ConversationID: 0.1: Message available!
04/09/2016 09:40:38 [10] DEBUG  Conversation                  : LoginConversation, ConversationID: 0.1: Message has IDs
04/09/2016 09:40:38 [10] DEBUG  Conversation                  : LoginConversation, ConversationID: 0.1: Message is valid
04/09/2016 09:40:38 [10] DEBUG  Conversation                  : LoginConversation, ConversationID: 0.1: Envelope is valid
04/09/2016 09:40:38 [10] DEBUG  Conversation                  : LoginConversation, ConversationID: 0.1: Received Message is valid
04/09/2016 09:40:38 [10] DEBUG  LoginConversation             : Received a login reply message.
04/09/2016 09:40:38 [ 9] DEBUG  PlayerProcess                 : In Process GetGameList function.
04/09/2016 09:40:38 [ 9] DEBUG  Dispatcher                    : Adding Conversation Player.Conversation.GameListConversation, 7.2
04/09/2016 09:40:38 [ 9] DEBUG  Dispatcher                    :       New Queue ID: 7.2
04/09/2016 09:40:38 [ 9] DEBUG  GameListConversation          : Queuing game list request. 
04/09/2016 09:40:38 [ 9] DEBUG  InitiatedConversation         : GameListConversation, ConversationID: 7.2: Conversation Id  for initiated conversation: 7.2
04/09/2016 09:40:38 [ 9] DEBUG  Conversation                  : GameListConversation, ConversationID: 7.2: Setting Message IDs
04/09/2016 09:40:38 [ 9] DEBUG  Conversation                  : GameListConversation, ConversationID: 7.2: Message has IDs
04/09/2016 09:40:38 [ 9] DEBUG  Conversation                  : GameListConversation, ConversationID: 7.2: Message is valid
04/09/2016 09:40:38 [ 9] DEBUG  Conversation                  : GameListConversation, ConversationID: 7.2: Envelope is valid
04/09/2016 09:40:38 [ 9] DEBUG  Conversation                  : GameListConversation, ConversationID: 7.2: Conversation is initiating send.
04/09/2016 09:40:38 [ 9] DEBUG  PostMan                       : Sending UDP (Messages.RequestMessages.GameListRequest, MessageID: 7.2, ConversationID: 7.2)
JSON: {"__type":"GameListRequest:#Messages.RequestMessages","ConvId":{"Pid":7,"Seq":2},"MsgId":{"Pid":7,"Seq":2},"StatusFilter":4}
04/09/2016 09:40:38 [ 9] DEBUG  PostMan                       : Message Delivered
04/09/2016 09:40:38 [ 9] DEBUG  Conversation                  : GameListConversation, ConversationID: 7.2: Send succeeded.
04/09/2016 09:40:38 [ 9] INFO   BackgroundThread              : Starting 
04/09/2016 09:40:38 [11] DEBUG  PostMan                       : Received UDP (Messages.ReplyMessages.GameListReply, MessageID: 1.58, ConversationID: 7.2)
JSON: {"__type":"GameListReply:#Messages.ReplyMessages","ConvId":{"Pid":7,"Seq":2},"MsgId":{"Pid":1,"Seq":58},"Note":null,"Success":true,"GameInfo":[{"CurrentProcesses":[{"HasUmbrellaRaised":false,"HitPoints":0,"LifePoints":100,"ProcessId":6,"Type":4},{"HasUmbrellaRaised":false,"HitPoints":0,"LifePoints":100,"ProcessId":5,"Type":5},{"HasUmbrellaRaised":false,"HitPoints":0,"LifePoints":100,"ProcessId":2,"Type":3}],"GameId":4,"GameManagerId":3,"Label":"GM73182's 1st Game","MaxPlayers":5,"MinPlayers":3,"StartingPlayers":[],"Status":4,"Winners":null}]}
04/09/2016 09:40:39 [11] INFO   Dispatcher                    : New Message Received: (Messages.ReplyMessages.GameListReply)
04/09/2016 09:40:39 [11] INFO   Dispatcher                    : MessageId: 1.58ConversationId: 7.2
04/09/2016 09:40:40 [14] DEBUG  Conversation                  : GameListConversation, ConversationID: 7.2: Message available!
04/09/2016 09:40:40 [14] DEBUG  Conversation                  : GameListConversation, ConversationID: 7.2: Message has IDs
04/09/2016 09:40:40 [14] DEBUG  Conversation                  : GameListConversation, ConversationID: 7.2: Message is valid
04/09/2016 09:40:40 [14] DEBUG  Conversation                  : GameListConversation, ConversationID: 7.2: Envelope is valid
04/09/2016 09:40:40 [14] DEBUG  Conversation                  : GameListConversation, ConversationID: 7.2: Received Message is valid
04/09/2016 09:40:40 [14] DEBUG  GameListConversation          : Received a game list reply message.
04/09/2016 09:40:40 [ 9] DEBUG  PlayerProcess                 : Life points is null, game needs to be started.
04/09/2016 09:40:40 [ 9] DEBUG  Dispatcher                    : Adding Conversation Player.Conversation.JoinGameConversation, 7.3
04/09/2016 09:40:40 [ 9] DEBUG  Dispatcher                    :       New Queue ID: 7.3
04/09/2016 09:40:40 [ 9] DEBUG  JoinGameConversation          : Queuing join game request. 
04/09/2016 09:40:40 [ 9] DEBUG  JoinGameConversation          : Requesting GameId: 4
04/09/2016 09:40:40 [ 9] DEBUG  InitiatedConversation         : JoinGameConversation, ConversationID: 7.3: Conversation Id  for initiated conversation: 7.3
04/09/2016 09:40:40 [ 9] DEBUG  Conversation                  : JoinGameConversation, ConversationID: 7.3: Setting Message IDs
04/09/2016 09:40:40 [ 9] DEBUG  Conversation                  : JoinGameConversation, ConversationID: 7.3: Message has IDs
04/09/2016 09:40:40 [ 9] DEBUG  Conversation                  : JoinGameConversation, ConversationID: 7.3: Message is valid
04/09/2016 09:40:40 [ 9] DEBUG  Conversation                  : JoinGameConversation, ConversationID: 7.3: Envelope is valid
04/09/2016 09:40:40 [ 9] DEBUG  Conversation                  : JoinGameConversation, ConversationID: 7.3: Conversation is initiating send.
04/09/2016 09:40:40 [ 9] DEBUG  PostMan                       : Sending UDP (Messages.Routing, MessageID: 7.3, ConversationID: 7.3)
JSON: {"__type":"Routing:#Messages","ConvId":{"Pid":7,"Seq":3},"MsgId":{"Pid":7,"Seq":3},"InnerMessage":{"__type":"JoinGameRequest:#Messages.RequestMessages","ConvId":{"Pid":7,"Seq":3},"MsgId":{"Pid":7,"Seq":3},"GameId":4,"Process":{"EndPoint":{"Host":"127.0.0.1","Port":10000},"Label":"The Instructor","ProcessId":7,"Status":4,"Type":3}},"ToProcessIds":[3]}
04/09/2016 09:40:40 [ 9] DEBUG  PostMan                       : Message Delivered
04/09/2016 09:40:40 [ 9] DEBUG  Conversation                  : JoinGameConversation, ConversationID: 7.3: Send succeeded.
04/09/2016 09:40:40 [11] DEBUG  PostMan                       : Received UDP (Messages.Routing, MessageID: 3.34, ConversationID: 7.3)
JSON: {"__type":"Routing:#Messages","ConvId":{"Pid":7,"Seq":3},"MsgId":{"Pid":3,"Seq":34},"InnerMessage":{"__type":"JoinGameReply:#Messages.ReplyMessages","ConvId":{"Pid":7,"Seq":3},"MsgId":{"Pid":3,"Seq":34},"Note":null,"Success":true,"GameId":4,"InitialLifePoints":100},"ToProcessIds":[7]}
04/09/2016 09:40:40 [ 9] INFO   BackgroundThread              : Starting 
04/09/2016 09:40:40 [11] INFO   Dispatcher                    : New Message Received: (Messages.Routing)
04/09/2016 09:40:40 [11] INFO   Dispatcher                    : MessageId: 3.34ConversationId: 7.3
04/09/2016 09:40:40 [ 9] DEBUG  PlayerProcess                 : No games available, setting status to 'Registered'
04/09/2016 09:40:40 [ 9] DEBUG  PlayerProcess                 : In Process GetGameList function.
04/09/2016 09:40:40 [ 9] DEBUG  Dispatcher                    : Adding Conversation Player.Conversation.GameListConversation, 7.4
04/09/2016 09:40:40 [ 9] DEBUG  Dispatcher                    :       New Queue ID: 7.4
04/09/2016 09:40:40 [ 9] DEBUG  GameListConversation          : Queuing game list request. 
04/09/2016 09:40:40 [ 9] DEBUG  InitiatedConversation         : GameListConversation, ConversationID: 7.4: Conversation Id  for initiated conversation: 7.4
04/09/2016 09:40:40 [ 9] DEBUG  Conversation                  : GameListConversation, ConversationID: 7.4: Setting Message IDs
04/09/2016 09:40:40 [ 9] DEBUG  Conversation                  : GameListConversation, ConversationID: 7.4: Message has IDs
04/09/2016 09:40:40 [ 9] DEBUG  Conversation                  : GameListConversation, ConversationID: 7.4: Message is valid
04/09/2016 09:40:40 [ 9] DEBUG  Conversation                  : GameListConversation, ConversationID: 7.4: Envelope is valid
04/09/2016 09:40:40 [ 9] DEBUG  Conversation                  : GameListConversation, ConversationID: 7.4: Conversation is initiating send.
04/09/2016 09:40:40 [ 9] DEBUG  PostMan                       : Sending UDP (Messages.RequestMessages.GameListRequest, MessageID: 7.4, ConversationID: 7.4)
JSON: {"__type":"GameListRequest:#Messages.RequestMessages","ConvId":{"Pid":7,"Seq":4},"MsgId":{"Pid":7,"Seq":4},"StatusFilter":4}
04/09/2016 09:40:40 [ 9] DEBUG  PostMan                       : Message Delivered
04/09/2016 09:40:40 [11] DEBUG  PostMan                       : Received UDP (Messages.ReplyMessages.GameListReply, MessageID: 1.61, ConversationID: 7.4)
JSON: {"__type":"GameListReply:#Messages.ReplyMessages","ConvId":{"Pid":7,"Seq":4},"MsgId":{"Pid":1,"Seq":61},"Note":null,"Success":true,"GameInfo":[{"CurrentProcesses":[{"HasUmbrellaRaised":false,"HitPoints":0,"LifePoints":100,"ProcessId":6,"Type":4},{"HasUmbrellaRaised":false,"HitPoints":0,"LifePoints":100,"ProcessId":5,"Type":5},{"HasUmbrellaRaised":false,"HitPoints":0,"LifePoints":100,"ProcessId":2,"Type":3},{"HasUmbrellaRaised":false,"HitPoints":0,"LifePoints":100,"ProcessId":7,"Type":3}],"GameId":4,"GameManagerId":3,"Label":"GM73182's 1st Game","MaxPlayers":5,"MinPlayers":3,"StartingPlayers":[],"Status":4,"Winners":null}]}
04/09/2016 09:40:40 [ 9] DEBUG  Conversation                  : GameListConversation, ConversationID: 7.4: Send succeeded.
04/09/2016 09:40:41 [11] INFO   Dispatcher                    : New Message Received: (Messages.ReplyMessages.GameListReply)
04/09/2016 09:40:41 [11] INFO   Dispatcher                    : MessageId: 1.61ConversationId: 7.4
04/09/2016 09:40:41 [ 9] INFO   BackgroundThread              : Starting 
04/09/2016 09:40:41 [10] DEBUG  Conversation                  : JoinGameConversation, ConversationID: 7.3: Message available!
04/09/2016 09:40:41 [10] DEBUG  Conversation                  : JoinGameConversation, ConversationID: 7.3: Message has IDs
04/09/2016 09:40:41 [10] DEBUG  Conversation                  : JoinGameConversation, ConversationID: 7.3: Message is valid
04/09/2016 09:40:41 [10] DEBUG  Conversation                  : JoinGameConversation, ConversationID: 7.3: Envelope is valid
04/09/2016 09:40:41 [10] DEBUG  Conversation                  : JoinGameConversation, ConversationID: 7.3: Received Message is valid
04/09/2016 09:40:41 [10] DEBUG  JoinGameConversation          : Received a game join message.
04/09/2016 09:40:42 [14] DEBUG  Conversation                  : GameListConversation, ConversationID: 7.4: Message available!
04/09/2016 09:40:42 [14] DEBUG  Conversation                  : GameListConversation, ConversationID: 7.4: Message has IDs
04/09/2016 09:40:42 [14] DEBUG  Conversation                  : GameListConversation, ConversationID: 7.4: Message is valid
04/09/2016 09:40:42 [14] DEBUG  Conversation                  : GameListConversation, ConversationID: 7.4: Envelope is valid
04/09/2016 09:40:42 [14] DEBUG  Conversation                  : GameListConversation, ConversationID: 7.4: Received Message is valid
04/09/2016 09:40:42 [14] DEBUG  GameListConversation          : Received a game list reply message.
04/09/2016 09:40:50 [11] DEBUG  PostMan                       : Received UDP (Messages.RequestMessages.AllowanceDeliveryRequest, MessageID: 1.62, ConversationID: 1.62)
JSON: {"__type":"AllowanceDeliveryRequest:#Messages.RequestMessages","ConvId":{"Pid":1,"Seq":62},"MsgId":{"Pid":1,"Seq":62},"NumberOfPennies":400,"PortNumber":12998}
04/09/2016 09:40:50 [11] INFO   Dispatcher                    : New Message Received: (Messages.RequestMessages.AllowanceDeliveryRequest)
04/09/2016 09:40:50 [11] INFO   Dispatcher                    : MessageId: 1.62ConversationId: 1.62
04/09/2016 09:40:50 [11] DEBUG  Dispatcher                    : Conversation  with id= 1.62 does not exist, trying to create new conversation.
04/09/2016 09:40:50 [11] DEBUG  Dispatcher                    : Adding Conversation Player.Conversation.AllowanceDeliveryConversation, 1.62
04/09/2016 09:40:50 [11] DEBUG  Dispatcher                    :       New Queue ID: 1.62
04/09/2016 09:40:50 [11] DEBUG  Conversation                  : AllowanceDeliveryConversation, ConversationID: 1.62: No message available
04/09/2016 09:40:50 [11] ERROR  Conversation                  : AllowanceDeliveryConversation, ConversationID: 1.62: Conversation Start Failed. 
04/09/2016 09:40:54 [11] DEBUG  PostMan                       : Received UDP (Messages.RequestMessages.AliveRequest, MessageID: 1.63, ConversationID: 1.63)
JSON: {"__type":"AliveRequest:#Messages.RequestMessages","ConvId":{"Pid":1,"Seq":63},"MsgId":{"Pid":1,"Seq":63}}
04/09/2016 09:40:54 [11] INFO   Dispatcher                    : New Message Received: (Messages.RequestMessages.AliveRequest)
04/09/2016 09:40:54 [11] INFO   Dispatcher                    : MessageId: 1.63ConversationId: 1.63
04/09/2016 09:40:54 [11] DEBUG  Dispatcher                    : Conversation  with id= 1.63 does not exist, trying to create new conversation.
04/09/2016 09:40:54 [11] DEBUG  Dispatcher                    : Adding Conversation Player.Conversation.AliveConversation, 1.63
04/09/2016 09:40:54 [11] DEBUG  Dispatcher                    :       New Queue ID: 1.63
04/09/2016 09:40:54 [11] DEBUG  Conversation                  : AliveConversation, ConversationID: 1.63: No message available
04/09/2016 09:40:54 [11] ERROR  Conversation                  : AliveConversation, ConversationID: 1.63: Conversation Start Failed. 
04/09/2016 09:41:00 [11] DEBUG  PostMan                       : Received UDP (Messages.RequestMessages.AllowanceDeliveryRequest, MessageID: 1.62, ConversationID: 1.62)
JSON: {"__type":"AllowanceDeliveryRequest:#Messages.RequestMessages","ConvId":{"Pid":1,"Seq":62},"MsgId":{"Pid":1,"Seq":62},"NumberOfPennies":400,"PortNumber":12998}
04/09/2016 09:41:00 [11] INFO   Dispatcher                    : New Message Received: (Messages.RequestMessages.AllowanceDeliveryRequest)
04/09/2016 09:41:00 [11] INFO   Dispatcher                    : MessageId: 1.62ConversationId: 1.62
04/09/2016 09:41:04 [11] DEBUG  PostMan                       : Received UDP (Messages.RequestMessages.AliveRequest, MessageID: 1.63, ConversationID: 1.63)
JSON: {"__type":"AliveRequest:#Messages.RequestMessages","ConvId":{"Pid":1,"Seq":63},"MsgId":{"Pid":1,"Seq":63}}
04/09/2016 09:41:04 [11] INFO   Dispatcher                    : New Message Received: (Messages.RequestMessages.AliveRequest)
04/09/2016 09:41:04 [11] INFO   Dispatcher                    : MessageId: 1.63ConversationId: 1.63
04/09/2016 09:41:14 [11] DEBUG  PostMan                       : Received UDP (Messages.RequestMessages.AliveRequest, MessageID: 1.63, ConversationID: 1.63)
JSON: {"__type":"AliveRequest:#Messages.RequestMessages","ConvId":{"Pid":1,"Seq":63},"MsgId":{"Pid":1,"Seq":63}}
04/09/2016 09:41:14 [11] INFO   Dispatcher                    : New Message Received: (Messages.RequestMessages.AliveRequest)
04/09/2016 09:41:14 [11] INFO   Dispatcher                    : MessageId: 1.63ConversationId: 1.63
04/09/2016 09:41:25 [11] DEBUG  PostMan                       : Received UDP (Messages.RequestMessages.AliveRequest, MessageID: 1.68, ConversationID: 1.68)
JSON: {"__type":"AliveRequest:#Messages.RequestMessages","ConvId":{"Pid":1,"Seq":68},"MsgId":{"Pid":1,"Seq":68}}
04/09/2016 09:41:25 [11] INFO   Dispatcher                    : New Message Received: (Messages.RequestMessages.AliveRequest)
04/09/2016 09:41:25 [11] INFO   Dispatcher                    : MessageId: 1.68ConversationId: 1.68
04/09/2016 09:41:25 [11] DEBUG  Dispatcher                    : Conversation  with id= 1.68 does not exist, trying to create new conversation.
04/09/2016 09:41:25 [11] DEBUG  Dispatcher                    : Adding Conversation Player.Conversation.AliveConversation, 1.68
04/09/2016 09:41:25 [11] DEBUG  Dispatcher                    :       New Queue ID: 1.68
04/09/2016 09:41:25 [11] DEBUG  Conversation                  : AliveConversation, ConversationID: 1.68: No message available
04/09/2016 09:41:25 [11] ERROR  Conversation                  : AliveConversation, ConversationID: 1.68: Conversation Start Failed. 
04/09/2016 09:41:35 [11] DEBUG  PostMan                       : Received UDP (Messages.RequestMessages.AliveRequest, MessageID: 1.68, ConversationID: 1.68)
JSON: {"__type":"AliveRequest:#Messages.RequestMessages","ConvId":{"Pid":1,"Seq":68},"MsgId":{"Pid":1,"Seq":68}}
04/09/2016 09:41:35 [11] INFO   Dispatcher                    : New Message Received: (Messages.RequestMessages.AliveRequest)
04/09/2016 09:41:35 [11] INFO   Dispatcher                    : MessageId: 1.68ConversationId: 1.68
04/09/2016 09:41:45 [11] DEBUG  PostMan                       : Received UDP (Messages.RequestMessages.AliveRequest, MessageID: 1.68, ConversationID: 1.68)
JSON: {"__type":"AliveRequest:#Messages.RequestMessages","ConvId":{"Pid":1,"Seq":68},"MsgId":{"Pid":1,"Seq":68}}
04/09/2016 09:41:45 [11] INFO   Dispatcher                    : New Message Received: (Messages.RequestMessages.AliveRequest)
04/09/2016 09:41:45 [11] INFO   Dispatcher                    : MessageId: 1.68ConversationId: 1.68
04/09/2016 09:41:55 [11] DEBUG  PostMan                       : Received UDP (Messages.RequestMessages.DeadProcessNotification, MessageID: 1.71, ConversationID: 1.71)
JSON: {"__type":"DeadProcessNotification:#Messages.RequestMessages","ConvId":{"Pid":1,"Seq":71},"MsgId":{"Pid":1,"Seq":71},"ProcessId":7}
04/09/2016 09:41:55 [11] INFO   Dispatcher                    : New Message Received: (Messages.RequestMessages.DeadProcessNotification)
04/09/2016 09:41:56 [11] INFO   Dispatcher                    : MessageId: 1.71ConversationId: 1.71
04/09/2016 09:41:56 [11] DEBUG  Dispatcher                    : Conversation  with id= 1.71 does not exist, trying to create new conversation.
04/09/2016 09:41:56 [11] ERROR  Dispatcher                    : New conversation returned from factory is Null!
