04/13/2016 07:02:33 [ 7] DEBUG  PlayerConnection              : Using Local Settings.
04/13/2016 07:02:33 [ 7] DEBUG  PlayerConnection              : Starting Application. 
04/13/2016 07:02:33 [ 7] DEBUG  PlayerConnection              : Initializing Subsystem
04/13/2016 07:02:33 [ 7] DEBUG  PlayerProcess                 : Initializeing Player Subsystem.
04/13/2016 07:02:33 [ 7] DEBUG  PlayerConnection              : Initializing Player
04/13/2016 07:02:33 [ 7] DEBUG  PlayerProcess                 : Initializing Player Details.
04/13/2016 07:02:33 [ 7] INFO   BackgroundThread              : Starting 
04/13/2016 07:02:33 [12] INFO   BackgroundThread              : Starting 
04/13/2016 07:02:33 [12] DEBUG  PlayerProcess                 : In Process Login function.
04/13/2016 07:02:33 [12] DEBUG  ConversationFactory           : Creating Conversation of type LoginConversation
04/13/2016 07:02:33 [12] DEBUG  Dispatcher                    : Adding Conversation Player.Conversation.LoginConversation, 0.1
04/13/2016 07:02:33 [12] DEBUG  Dispatcher                    :       New Queue ID: 0.1
04/13/2016 07:02:33 [12] INFO   BackgroundThread              : Starting 
04/13/2016 07:02:36 [11] DEBUG  LoginConversation             : Creating login request. 
04/13/2016 07:02:36 [11] DEBUG  InitiatedConversation         : LoginConversation, ConversationID: 0.1: Conversation Id  for Initiated conversation: 0.1
04/13/2016 07:02:36 [11] DEBUG  Conversation                  : LoginConversation, ConversationID: 0.1: Setting Message IDs
04/13/2016 07:02:36 [11] DEBUG  Conversation                  : LoginConversation, ConversationID: 0.1: Conversation is initiating send.
04/13/2016 07:02:36 [11] DEBUG  PostMan                       : Sending UDP (Messages.RequestMessages.LoginRequest, MessageID: 0.1, ConversationID: 0.1)
Endpoint: 127.0.0.1:12000
JSON: {"__type":"LoginRequest:#Messages.RequestMessages","ConvId":{"Pid":0,"Seq":1},"MsgId":{"Pid":0,"Seq":1},"Identity":{"ANumber":"A00000001","Alias":"The Instructor","FirstName":"The","LastName":"Instructor"},"ProcessLabel":"The Instructor","ProcessType":3,"PublicKey":null}
04/13/2016 07:02:36 [11] DEBUG  PostMan                       : Message Delivered
04/13/2016 07:02:36 [11] DEBUG  Conversation                  : LoginConversation, ConversationID: 0.1: Send succeeded.
04/13/2016 07:02:42 [11] DEBUG  LoginConversation             : Creating login request. 
04/13/2016 07:02:42 [11] DEBUG  InitiatedConversation         : LoginConversation, ConversationID: 0.1: Conversation Id  for Initiated conversation: 0.1
04/13/2016 07:02:42 [11] DEBUG  Conversation                  : LoginConversation, ConversationID: 0.1: Setting Message IDs
04/13/2016 07:02:42 [11] DEBUG  Conversation                  : LoginConversation, ConversationID: 0.1: Conversation is initiating send.
04/13/2016 07:02:42 [11] DEBUG  PostMan                       : Sending UDP (Messages.RequestMessages.LoginRequest, MessageID: 0.1, ConversationID: 0.1)
Endpoint: 127.0.0.1:12000
JSON: {"__type":"LoginRequest:#Messages.RequestMessages","ConvId":{"Pid":0,"Seq":1},"MsgId":{"Pid":0,"Seq":1},"Identity":{"ANumber":"A00000001","Alias":"The Instructor","FirstName":"The","LastName":"Instructor"},"ProcessLabel":"The Instructor","ProcessType":3,"PublicKey":null}
04/13/2016 07:02:42 [11] DEBUG  PostMan                       : Message Delivered
04/13/2016 07:02:42 [11] DEBUG  Conversation                  : LoginConversation, ConversationID: 0.1: Send succeeded.
04/13/2016 07:02:49 [11] DEBUG  LoginConversation             : Creating login request. 
04/13/2016 07:02:49 [11] DEBUG  InitiatedConversation         : LoginConversation, ConversationID: 0.1: Conversation Id  for Initiated conversation: 0.1
04/13/2016 07:02:49 [11] DEBUG  Conversation                  : LoginConversation, ConversationID: 0.1: Setting Message IDs
04/13/2016 07:02:49 [11] DEBUG  Conversation                  : LoginConversation, ConversationID: 0.1: Conversation is initiating send.
04/13/2016 07:02:49 [11] DEBUG  PostMan                       : Sending UDP (Messages.RequestMessages.LoginRequest, MessageID: 0.1, ConversationID: 0.1)
Endpoint: 127.0.0.1:12000
JSON: {"__type":"LoginRequest:#Messages.RequestMessages","ConvId":{"Pid":0,"Seq":1},"MsgId":{"Pid":0,"Seq":1},"Identity":{"ANumber":"A00000001","Alias":"The Instructor","FirstName":"The","LastName":"Instructor"},"ProcessLabel":"The Instructor","ProcessType":3,"PublicKey":null}
04/13/2016 07:02:49 [11] DEBUG  PostMan                       : Message Delivered
04/13/2016 07:02:49 [11] DEBUG  Conversation                  : LoginConversation, ConversationID: 0.1: Send succeeded.
04/13/2016 07:02:49 [10] DEBUG  PostMan                       : Received UDP (Messages.ReplyMessages.LoginReply, MessageID: 1.1, ConversationID: 0.1)
JSON: {"__type":"LoginReply:#Messages.ReplyMessages","ConvId":{"Pid":0,"Seq":1},"MsgId":{"Pid":1,"Seq":1},"Note":"Logged in","Success":true,"PennyBankEndPoint":{"Host":"127.0.0.1","Port":12003},"PennyBankPublicKey":null,"ProcessInfo":{"EndPoint":{"Host":"127.0.0.1","Port":10000},"Label":"The Instructor","ProcessId":2,"Status":3,"Type":3},"ProxyEndPoint":{"Host":"127.0.0.1","Port":12002}}
04/13/2016 07:02:49 [15] INFO   ispatcher+<>c__DisplayClass7_0: New Message Received: (Messages.ReplyMessages.LoginReply)
04/13/2016 07:02:49 [15] INFO   ispatcher+<>c__DisplayClass7_0: MessageId: 1.1ConversationId: 0.1
04/13/2016 07:02:49 [15] DEBUG  Dispatcher                    : Successsfully queued a new message of type LoginReply, for conversation: 0.1
04/13/2016 07:02:49 [11] DEBUG  Conversation                  : LoginConversation, ConversationID: 0.1: Message available!
04/13/2016 07:02:49 [11] DEBUG  Conversation                  : LoginConversation, ConversationID: 0.1: Message available!
04/13/2016 07:02:49 [11] DEBUG  Conversation                  : LoginConversation, ConversationID: 0.1: Received Message is valid
04/13/2016 07:02:49 [11] DEBUG  Conversation                  : Received a Message of type: LoginReply
04/13/2016 07:02:49 [11] DEBUG  LoginConversation             : Proxy endpoint is 127.0.0.1:12003
04/13/2016 07:02:49 [11] INFO   Conversation                  : Conversation Succeeded
04/13/2016 07:02:49 [12] DEBUG  PlayerProcess                 : In Process GetGameList function.
04/13/2016 07:02:49 [11] INFO   Conversation                  : Conversation Succeeded
04/13/2016 07:02:49 [12] DEBUG  ConversationFactory           : Creating Conversation of type GameListConversation
04/13/2016 07:02:49 [12] DEBUG  Dispatcher                    : Adding Conversation Player.Conversation.GameListConversation, 2.2
04/13/2016 07:02:49 [12] DEBUG  Dispatcher                    :       New Queue ID: 2.2
04/13/2016 07:02:49 [12] INFO   BackgroundThread              : Starting 
04/13/2016 07:02:51 [ 7] DEBUG  PlayerProcess                 : In Process Logout function.
04/13/2016 07:02:51 [ 7] DEBUG  ConversationFactory           : Creating Conversation of type LogoutConversation
04/13/2016 07:02:51 [ 7] DEBUG  Dispatcher                    : Adding Conversation Player.Conversation.LogoutConversation, 2.3
04/13/2016 07:02:51 [ 7] DEBUG  Dispatcher                    :       New Queue ID: 2.3
04/13/2016 07:02:51 [ 7] INFO   BackgroundThread              : Starting 
04/13/2016 07:02:51 [14] DEBUG  GameListConversation          : Queuing game list request. 
04/13/2016 07:02:53 [15] DEBUG  LogoutConversation            : Queuing logout request. 
04/13/2016 07:03:13 [10] DEBUG  PostMan                       : Received UDP (Messages.RequestMessages.AliveRequest, MessageID: 1.9, ConversationID: 1.9)
JSON: {"__type":"AliveRequest:#Messages.RequestMessages","ConvId":{"Pid":1,"Seq":9},"MsgId":{"Pid":1,"Seq":9}}
