04/07/2016 03:09:48 [ 8] DEBUG  PlayerConnection              : Using Local Settings.
04/07/2016 03:09:48 [ 8] DEBUG  PlayerConnection              : Starting Application. 
04/07/2016 03:09:48 [ 8] DEBUG  PlayerProcess                 : Initializeing Player Subsystem.
04/07/2016 03:09:48 [ 8] DEBUG  PostMan                       : Port is: 10000
04/07/2016 03:09:48 [ 8] DEBUG  PlayerProcess                 : Initializing Player Details.
04/07/2016 03:09:48 [ 8] INFO   BackgroundThread              : Starting 
04/07/2016 03:09:48 [11] INFO   BackgroundThread              : Starting 
04/07/2016 03:09:48 [11] DEBUG  PlayerProcess                 : In Process Login function.
04/07/2016 03:09:48 [11] DEBUG  Dispatcher                    : Adding Conversation Player.Conversation.LoginConversation, 0.1
04/07/2016 03:09:48 [11] DEBUG  Dispatcher                    :       New Queue ID: 0.1
04/07/2016 03:09:48 [11] INFO   BackgroundThread              : Starting 
04/07/2016 03:09:48 [12] DEBUG  LoginConversation             : Creating login request. 
04/07/2016 03:09:48 [12] DEBUG  InitiatedConversation         : Conversation Id  for initiated conversation: 0.1
04/07/2016 03:09:48 [12] DEBUG  PostMan                       : Sending UDP (Messages.RequestMessages.LoginRequest)
04/07/2016 03:09:48 [12] DEBUG  PostMan                       : MessageId: 0.1ConversationId: 0.1
04/07/2016 03:09:48 [12] DEBUG  PostMan                       : Message Delivered
04/07/2016 03:09:48 [13] DEBUG  PostMan                       : Message Received!
04/07/2016 03:09:48 [13] DEBUG  PostMan                       : Raw Message: 
04/07/2016 03:09:48 [13] DEBUG  PostMan                       : {"__type":"LoginReply:#Messages.ReplyMessages","ConvId":{"Pid":0,"Seq":1},"MsgId":{"Pid":1,"Seq":119},"Note":"Logged in","Success":true,"PennyBankEndPoint":{"Host":"127.0.0.1","Port":12003},"PennyBankPublicKey":null,"ProcessInfo":{"EndPoint":{"Host":"127.0.0.1","Port":10000},"Label":"The Instructor","ProcessId":7,"Status":3,"Type":3},"ProxyEndPoint":{"Host":"127.0.0.1","Port":12002}}
04/07/2016 03:09:49 [13] DEBUG  PostMan                       : Message ID: 1.119, ConversationId: 0.1
04/07/2016 03:09:49 [13] DEBUG  Dispatcher                    : Received (Messages.ReplyMessages.LoginReply)
04/07/2016 03:09:49 [13] DEBUG  Dispatcher                    : MessageId: 1.119ConversationId: 0.1
04/07/2016 03:09:53 [12] DEBUG  LoginConversation             : Received a login reply message.
04/07/2016 03:09:53 [12] INFO   BackgroundThread              : Stopping 
04/07/2016 03:09:53 [12] DEBUG  BackgroundThread              : Leaving Stop
04/07/2016 03:09:54 [11] DEBUG  PlayerProcess                 : In Process GetGameList function.
04/07/2016 03:09:54 [11] DEBUG  Dispatcher                    : Adding Conversation Player.Conversation.GameListConversation, 7.2
04/07/2016 03:09:54 [11] DEBUG  Dispatcher                    :       New Queue ID: 7.2
04/07/2016 03:09:54 [11] INFO   BackgroundThread              : Starting 
04/07/2016 03:09:54 [16] DEBUG  GameListConversation          : Queuing game list request. 
04/07/2016 03:09:54 [16] DEBUG  InitiatedConversation         : Conversation Id  for initiated conversation: 7.2
04/07/2016 03:09:54 [16] DEBUG  PostMan                       : Sending UDP (Messages.RequestMessages.GameListRequest)
04/07/2016 03:09:54 [16] DEBUG  PostMan                       : MessageId: 7.2ConversationId: 7.2
04/07/2016 03:09:54 [16] DEBUG  PostMan                       : Message Delivered
04/07/2016 03:09:54 [13] DEBUG  PostMan                       : Message Received!
04/07/2016 03:09:54 [13] DEBUG  PostMan                       : Raw Message: 
04/07/2016 03:09:54 [13] DEBUG  PostMan                       : {"__type":"GameListReply:#Messages.ReplyMessages","ConvId":{"Pid":7,"Seq":2},"MsgId":{"Pid":1,"Seq":120},"Note":null,"Success":true,"GameInfo":[{"CurrentProcesses":[{"HasUmbrellaRaised":false,"HitPoints":0,"LifePoints":100,"ProcessId":5,"Type":4},{"HasUmbrellaRaised":false,"HitPoints":0,"LifePoints":100,"ProcessId":4,"Type":5},{"HasUmbrellaRaised":false,"HitPoints":0,"LifePoints":100,"ProcessId":6,"Type":3}],"GameId":3,"GameManagerId":2,"Label":"GM81339's 1st Game","MaxPlayers":3,"MinPlayers":3,"StartingPlayers":[],"Status":4,"Winners":null}]}
04/07/2016 03:09:54 [13] DEBUG  PostMan                       : Message ID: 1.120, ConversationId: 7.2
04/07/2016 03:09:54 [13] DEBUG  Dispatcher                    : Received (Messages.ReplyMessages.GameListReply)
04/07/2016 03:09:54 [13] DEBUG  Dispatcher                    : MessageId: 1.120ConversationId: 7.2
04/07/2016 03:09:55 [13] DEBUG  PostMan                       : Message Received!
04/07/2016 03:09:55 [13] DEBUG  PostMan                       : Raw Message: 
04/07/2016 03:09:55 [13] DEBUG  PostMan                       : {"__type":"AliveRequest:#Messages.RequestMessages","ConvId":{"Pid":1,"Seq":124},"MsgId":{"Pid":1,"Seq":124}}
04/07/2016 03:09:55 [13] DEBUG  PostMan                       : Message ID: 1.124, ConversationId: 1.124
04/07/2016 03:09:55 [13] DEBUG  Dispatcher                    : Received (Messages.RequestMessages.AliveRequest)
04/07/2016 03:09:55 [13] DEBUG  Dispatcher                    : MessageId: 1.124ConversationId: 1.124
04/07/2016 03:09:55 [13] DEBUG  Dispatcher                    : Conversation  with id= 1.124 does not exist, trying to create new conversation.
04/07/2016 03:09:55 [13] DEBUG  Dispatcher                    : Adding Conversation Player.Conversation.AliveConversation, 1.124
04/07/2016 03:09:55 [13] DEBUG  Dispatcher                    :       New Queue ID: 1.124
04/07/2016 03:09:55 [13] INFO   BackgroundThread              : Starting 
04/07/2016 03:09:55 [14] DEBUG  AliveConversation             : Creating Alive Response
04/07/2016 03:09:55 [14] DEBUG  ResponseConversation          : Conversation Id  for Response conversation: 1.124
04/07/2016 03:09:55 [14] DEBUG  PostMan                       : Sending UDP (Messages.ReplyMessages.Reply)
04/07/2016 03:09:55 [14] DEBUG  PostMan                       : MessageId: 1.124ConversationId: 7.3
04/07/2016 03:09:55 [14] DEBUG  PostMan                       : Message Delivered
04/07/2016 03:09:59 [16] DEBUG  GameListConversation          : Received a game list reply message.
04/07/2016 03:09:59 [16] INFO   BackgroundThread              : Stopping 
04/07/2016 03:09:59 [16] DEBUG  BackgroundThread              : Leaving Stop
04/07/2016 03:09:59 [11] DEBUG  PlayerProcess                 : Life points is null, game needs to be started.
04/07/2016 03:09:59 [11] DEBUG  Dispatcher                    : Adding Conversation Player.Conversation.JoinGameConversation, 7.4
04/07/2016 03:09:59 [11] DEBUG  Dispatcher                    :       New Queue ID: 7.4
04/07/2016 03:09:59 [11] INFO   BackgroundThread              : Starting 
04/07/2016 03:09:59 [12] DEBUG  JoinGameConversation          : Queuing join game request. 
04/07/2016 03:09:59 [12] DEBUG  JoinGameConversation          : Requesting GameId: 3
04/07/2016 03:09:59 [12] DEBUG  InitiatedConversation         : Conversation Id  for initiated conversation: 7.4
04/07/2016 03:09:59 [12] DEBUG  PostMan                       : Sending UDP (Messages.Routing)
04/07/2016 03:09:59 [12] DEBUG  PostMan                       : MessageId: 7.4ConversationId: 7.4
04/07/2016 03:09:59 [12] DEBUG  PostMan                       : Message Delivered
04/07/2016 03:09:59 [13] DEBUG  PostMan                       : Message Received!
04/07/2016 03:09:59 [13] DEBUG  PostMan                       : Raw Message: 
04/07/2016 03:09:59 [13] DEBUG  PostMan                       : {"__type":"Routing:#Messages","ConvId":{"Pid":7,"Seq":4},"MsgId":{"Pid":2,"Seq":57},"InnerMessage":{"__type":"JoinGameReply:#Messages.ReplyMessages","ConvId":{"Pid":7,"Seq":4},"MsgId":{"Pid":2,"Seq":57},"Note":null,"Success":true,"GameId":3,"InitialLifePoints":100},"ToProcessIds":[7]}
04/07/2016 03:09:59 [13] DEBUG  PostMan                       : Message ID: 2.57, ConversationId: 7.4
04/07/2016 03:09:59 [11] DEBUG  PlayerProcess                 : No games available, setting status to 'Registered'
04/07/2016 03:09:59 [13] DEBUG  Dispatcher                    : Received (Messages.Routing)
04/07/2016 03:09:59 [13] DEBUG  Dispatcher                    : MessageId: 2.57ConversationId: 7.4
04/07/2016 03:09:59 [11] DEBUG  PlayerProcess                 : In Process GetGameList function.
04/07/2016 03:09:59 [11] DEBUG  Dispatcher                    : Adding Conversation Player.Conversation.GameListConversation, 7.5
04/07/2016 03:09:59 [11] DEBUG  Dispatcher                    :       New Queue ID: 7.5
04/07/2016 03:09:59 [11] INFO   BackgroundThread              : Starting 
04/07/2016 03:09:59 [17] DEBUG  GameListConversation          : Queuing game list request. 
04/07/2016 03:09:59 [17] DEBUG  InitiatedConversation         : Conversation Id  for initiated conversation: 7.5
04/07/2016 03:09:59 [17] DEBUG  PostMan                       : Sending UDP (Messages.RequestMessages.GameListRequest)
04/07/2016 03:09:59 [17] DEBUG  PostMan                       : MessageId: 7.5ConversationId: 7.5
04/07/2016 03:09:59 [17] DEBUG  PostMan                       : Message Delivered
04/07/2016 03:09:59 [13] DEBUG  PostMan                       : Message Received!
04/07/2016 03:09:59 [13] DEBUG  PostMan                       : Raw Message: 
04/07/2016 03:09:59 [13] DEBUG  PostMan                       : {"__type":"GameListReply:#Messages.ReplyMessages","ConvId":{"Pid":7,"Seq":5},"MsgId":{"Pid":1,"Seq":127},"Note":null,"Success":true,"GameInfo":[{"CurrentProcesses":[{"HasUmbrellaRaised":false,"HitPoints":0,"LifePoints":100,"ProcessId":5,"Type":4},{"HasUmbrellaRaised":false,"HitPoints":0,"LifePoints":100,"ProcessId":4,"Type":5},{"HasUmbrellaRaised":false,"HitPoints":0,"LifePoints":100,"ProcessId":6,"Type":3},{"HasUmbrellaRaised":false,"HitPoints":0,"LifePoints":100,"ProcessId":7,"Type":3}],"GameId":3,"GameManagerId":2,"Label":"GM81339's 1st Game","MaxPlayers":3,"MinPlayers":3,"StartingPlayers":[],"Status":4,"Winners":null}]}
04/07/2016 03:09:59 [13] DEBUG  PostMan                       : Message ID: 1.127, ConversationId: 7.5
04/07/2016 03:09:59 [13] DEBUG  Dispatcher                    : Received (Messages.ReplyMessages.GameListReply)
04/07/2016 03:09:59 [13] DEBUG  Dispatcher                    : MessageId: 1.127ConversationId: 7.5
04/07/2016 03:10:00 [13] DEBUG  PostMan                       : Message Received!
04/07/2016 03:10:00 [13] DEBUG  PostMan                       : Raw Message: 
04/07/2016 03:10:00 [13] DEBUG  PostMan                       : {"__type":"AllowanceDeliveryRequest:#Messages.RequestMessages","ConvId":{"Pid":1,"Seq":128},"MsgId":{"Pid":1,"Seq":128},"NumberOfPennies":400,"PortNumber":12998}
04/07/2016 03:10:00 [13] DEBUG  PostMan                       : Message ID: 1.128, ConversationId: 1.128
04/07/2016 03:10:00 [13] DEBUG  Dispatcher                    : Received (Messages.RequestMessages.AllowanceDeliveryRequest)
04/07/2016 03:10:00 [13] DEBUG  Dispatcher                    : MessageId: 1.128ConversationId: 1.128
04/07/2016 03:10:00 [13] DEBUG  Dispatcher                    : Conversation  with id= 1.128 does not exist, trying to create new conversation.
04/07/2016 03:10:00 [13] DEBUG  Dispatcher                    : Adding Conversation Player.Conversation.AllowanceDeliveryConversation, 1.128
04/07/2016 03:10:00 [13] DEBUG  Dispatcher                    :       New Queue ID: 1.128
04/07/2016 03:10:00 [13] INFO   BackgroundThread              : Starting 
04/07/2016 03:10:00 [15] DEBUG  AllowanceDeliveryConversation : Received Allowance Delivery Request. 
04/07/2016 03:10:00 [15] DEBUG  AllowanceDeliveryConversation : Creating Reply to Allowance Delivery request. 
04/07/2016 03:10:00 [15] DEBUG  ResponseConversation          : Conversation Id  for Response conversation: 1.128
04/07/2016 03:10:00 [15] DEBUG  PostMan                       : Sending UDP (Messages.ReplyMessages.Reply)
04/07/2016 03:10:00 [15] DEBUG  PostMan                       : MessageId: 1.128ConversationId: 7.6
04/07/2016 03:10:00 [15] DEBUG  PostMan                       : Message Delivered
04/07/2016 03:10:00 [15] DEBUG  TCPStreamReader               : Starting TCP Listener
04/07/2016 03:10:00 [15] DEBUG  TCPStreamReader               : Endpoing is: 127.0.0.1:12998
04/07/2016 03:10:04 [12] DEBUG  JoinGameConversation          : Received a game join message.
04/07/2016 03:10:04 [12] INFO   BackgroundThread              : Stopping 
04/07/2016 03:10:04 [12] DEBUG  BackgroundThread              : Leaving Stop
04/07/2016 03:10:04 [17] DEBUG  GameListConversation          : Received a game list reply message.
04/07/2016 03:10:04 [17] INFO   BackgroundThread              : Stopping 
04/07/2016 03:10:04 [17] DEBUG  BackgroundThread              : Leaving Stop
04/07/2016 03:10:05 [13] DEBUG  PostMan                       : Message Received!
04/07/2016 03:10:05 [13] DEBUG  PostMan                       : Raw Message: 
04/07/2016 03:10:05 [13] DEBUG  PostMan                       : {"__type":"AliveRequest:#Messages.RequestMessages","ConvId":{"Pid":1,"Seq":124},"MsgId":{"Pid":1,"Seq":124}}
04/07/2016 03:10:05 [13] DEBUG  PostMan                       : Message ID: 1.124, ConversationId: 1.124
04/07/2016 03:10:05 [13] DEBUG  Dispatcher                    : Received (Messages.RequestMessages.AliveRequest)
04/07/2016 03:10:05 [13] DEBUG  Dispatcher                    : MessageId: 1.124ConversationId: 1.124
04/07/2016 03:10:10 [13] DEBUG  PostMan                       : Message Received!
04/07/2016 03:10:10 [13] DEBUG  PostMan                       : Raw Message: 
04/07/2016 03:10:10 [13] DEBUG  PostMan                       : {"__type":"AllowanceDeliveryRequest:#Messages.RequestMessages","ConvId":{"Pid":1,"Seq":128},"MsgId":{"Pid":1,"Seq":128},"NumberOfPennies":400,"PortNumber":12998}
04/07/2016 03:10:10 [13] DEBUG  PostMan                       : Message ID: 1.128, ConversationId: 1.128
04/07/2016 03:10:10 [13] DEBUG  Dispatcher                    : Received (Messages.RequestMessages.AllowanceDeliveryRequest)
04/07/2016 03:10:10 [13] DEBUG  Dispatcher                    : MessageId: 1.128ConversationId: 1.128
04/07/2016 03:10:15 [13] DEBUG  PostMan                       : Message Received!
04/07/2016 03:10:15 [13] DEBUG  PostMan                       : Raw Message: 
04/07/2016 03:10:15 [13] DEBUG  PostMan                       : {"__type":"AliveRequest:#Messages.RequestMessages","ConvId":{"Pid":1,"Seq":124},"MsgId":{"Pid":1,"Seq":124}}
04/07/2016 03:10:15 [13] DEBUG  PostMan                       : Message ID: 1.124, ConversationId: 1.124
04/07/2016 03:10:15 [13] DEBUG  Dispatcher                    : Received (Messages.RequestMessages.AliveRequest)
04/07/2016 03:10:15 [13] DEBUG  Dispatcher                    : MessageId: 1.124ConversationId: 1.124
04/07/2016 03:10:20 [13] DEBUG  PostMan                       : Message Received!
04/07/2016 03:10:20 [13] DEBUG  PostMan                       : Raw Message: 
04/07/2016 03:10:20 [13] DEBUG  PostMan                       : {"__type":"AllowanceDeliveryRequest:#Messages.RequestMessages","ConvId":{"Pid":1,"Seq":128},"MsgId":{"Pid":1,"Seq":128},"NumberOfPennies":400,"PortNumber":12998}
04/07/2016 03:10:20 [13] DEBUG  PostMan                       : Message ID: 1.128, ConversationId: 1.128
04/07/2016 03:10:20 [13] DEBUG  Dispatcher                    : Received (Messages.RequestMessages.AllowanceDeliveryRequest)
04/07/2016 03:10:20 [13] DEBUG  Dispatcher                    : MessageId: 1.128ConversationId: 1.128
04/07/2016 03:10:26 [13] DEBUG  PostMan                       : Message Received!
04/07/2016 03:10:26 [13] DEBUG  PostMan                       : Raw Message: 
04/07/2016 03:10:26 [13] DEBUG  PostMan                       : {"__type":"AliveRequest:#Messages.RequestMessages","ConvId":{"Pid":1,"Seq":132},"MsgId":{"Pid":1,"Seq":132}}
04/07/2016 03:10:26 [13] DEBUG  PostMan                       : Message ID: 1.132, ConversationId: 1.132
04/07/2016 03:10:26 [13] DEBUG  Dispatcher                    : Received (Messages.RequestMessages.AliveRequest)
04/07/2016 03:10:26 [13] DEBUG  Dispatcher                    : MessageId: 1.132ConversationId: 1.132
04/07/2016 03:10:26 [13] DEBUG  Dispatcher                    : Conversation  with id= 1.132 does not exist, trying to create new conversation.
04/07/2016 03:10:26 [13] DEBUG  Dispatcher                    : Adding Conversation Player.Conversation.AliveConversation, 1.132
04/07/2016 03:10:26 [13] DEBUG  Dispatcher                    :       New Queue ID: 1.132
04/07/2016 03:10:26 [13] INFO   BackgroundThread              : Starting 
04/07/2016 03:10:26 [12] ERROR  ResponseConversation          : Unable to retrieve received message. 
04/07/2016 03:10:36 [13] DEBUG  PostMan                       : Message Received!
04/07/2016 03:10:36 [13] DEBUG  PostMan                       : Raw Message: 
04/07/2016 03:10:36 [13] DEBUG  PostMan                       : {"__type":"AliveRequest:#Messages.RequestMessages","ConvId":{"Pid":1,"Seq":132},"MsgId":{"Pid":1,"Seq":132}}
04/07/2016 03:10:36 [13] DEBUG  PostMan                       : Message ID: 1.132, ConversationId: 1.132
04/07/2016 03:10:36 [13] DEBUG  Dispatcher                    : Received (Messages.RequestMessages.AliveRequest)
04/07/2016 03:10:36 [13] DEBUG  Dispatcher                    : MessageId: 1.132ConversationId: 1.132
04/07/2016 03:10:46 [13] DEBUG  PostMan                       : Message Received!
04/07/2016 03:10:46 [13] DEBUG  PostMan                       : Raw Message: 
04/07/2016 03:10:46 [13] DEBUG  PostMan                       : {"__type":"AliveRequest:#Messages.RequestMessages","ConvId":{"Pid":1,"Seq":132},"MsgId":{"Pid":1,"Seq":132}}
04/07/2016 03:10:46 [13] DEBUG  PostMan                       : Message ID: 1.132, ConversationId: 1.132
04/07/2016 03:10:46 [13] DEBUG  Dispatcher                    : Received (Messages.RequestMessages.AliveRequest)
04/07/2016 03:10:46 [13] DEBUG  Dispatcher                    : MessageId: 1.132ConversationId: 1.132
