04/13/2016 04:44:18 [ 8] DEBUG  PlayerConnection              : Using Local Settings.
04/13/2016 04:44:19 [ 8] DEBUG  PlayerConnection              : Starting Application. 
04/13/2016 04:44:19 [ 8] DEBUG  PlayerConnection              : Initializing Subsystem
04/13/2016 04:44:19 [ 8] DEBUG  PlayerProcess                 : Initializeing Player Subsystem.
04/13/2016 04:44:19 [ 8] DEBUG  PlayerConnection              : Initializing Player
04/13/2016 04:44:19 [ 8] DEBUG  PlayerProcess                 : Initializing Player Details.
04/13/2016 04:44:19 [ 8] INFO   BackgroundThread              : Starting 
04/13/2016 04:44:19 [13] INFO   BackgroundThread              : Starting 
04/13/2016 04:44:19 [13] DEBUG  PlayerProcess                 : In Process Login function.
04/13/2016 04:44:19 [13] DEBUG  ConversationFactory           : Creating Conversation of type LoginConversation
04/13/2016 04:44:19 [13] DEBUG  Dispatcher                    : Adding Conversation Player.Conversation.LoginConversation, 0.1
04/13/2016 04:44:19 [13] DEBUG  Dispatcher                    :       New Queue ID: 0.1
04/13/2016 04:44:19 [13] INFO   BackgroundThread              : Starting 
04/13/2016 04:44:21 [12] DEBUG  LoginConversation             : Creating login request. 
04/13/2016 04:44:21 [12] DEBUG  InitiatedConversation         : LoginConversation, ConversationID: 0.1: Conversation Id  for Initiated conversation: 0.1
04/13/2016 04:44:21 [12] DEBUG  Conversation                  : LoginConversation, ConversationID: 0.1: Setting Message IDs
04/13/2016 04:44:21 [12] DEBUG  Conversation                  : LoginConversation, ConversationID: 0.1: Conversation is initiating send.
04/13/2016 04:44:21 [12] DEBUG  PostMan                       : Sending UDP (Messages.RequestMessages.LoginRequest, MessageID: 0.1, ConversationID: 0.1)
Endpoint: 127.0.0.1:12000
JSON: {"__type":"LoginRequest:#Messages.RequestMessages","ConvId":{"Pid":0,"Seq":1},"MsgId":{"Pid":0,"Seq":1},"Identity":{"ANumber":"A00000001","Alias":"The Instructor","FirstName":"The","LastName":"Instructor"},"ProcessLabel":"The Instructor","ProcessType":3,"PublicKey":null}
04/13/2016 04:44:21 [12] DEBUG  PostMan                       : Message Delivered
04/13/2016 04:44:21 [12] DEBUG  Conversation                  : LoginConversation, ConversationID: 0.1: Send succeeded.
04/13/2016 04:44:21 [11] DEBUG  PostMan                       : Received UDP (Messages.ReplyMessages.LoginReply, MessageID: 1.8, ConversationID: 0.1)
JSON: {"__type":"LoginReply:#Messages.ReplyMessages","ConvId":{"Pid":0,"Seq":1},"MsgId":{"Pid":1,"Seq":8},"Note":"Logged in","Success":true,"PennyBankEndPoint":{"Host":"127.0.0.1","Port":12003},"PennyBankPublicKey":null,"ProcessInfo":{"EndPoint":{"Host":"127.0.0.1","Port":10000},"Label":"The Instructor","ProcessId":6,"Status":3,"Type":3},"ProxyEndPoint":{"Host":"127.0.0.1","Port":12002}}
04/13/2016 04:44:21 [16] INFO   ispatcher+<>c__DisplayClass7_0: New Message Received: (Messages.ReplyMessages.LoginReply)
04/13/2016 04:44:21 [16] INFO   ispatcher+<>c__DisplayClass7_0: MessageId: 1.8ConversationId: 0.1
04/13/2016 04:44:21 [16] DEBUG  Dispatcher                    : Successsfully queued a new message of type LoginReply, for conversation: 0.1
04/13/2016 04:44:22 [12] DEBUG  Conversation                  : LoginConversation, ConversationID: 0.1: Message available!
04/13/2016 04:44:22 [12] DEBUG  Conversation                  : LoginConversation, ConversationID: 0.1: Message available!
04/13/2016 04:44:22 [12] DEBUG  Conversation                  : LoginConversation, ConversationID: 0.1: Received Message is valid
04/13/2016 04:44:22 [12] DEBUG  Conversation                  : Received a Message of type: LoginReply
04/13/2016 04:44:22 [12] DEBUG  LoginConversation             : Proxy endpoint is 127.0.0.1:12003
04/13/2016 04:44:22 [12] INFO   Conversation                  : Conversation Succeeded
04/13/2016 04:44:22 [12] INFO   Conversation                  : Conversation Succeeded
04/13/2016 04:44:22 [13] DEBUG  PlayerProcess                 : In Process GetGameList function.
04/13/2016 04:44:22 [13] DEBUG  ConversationFactory           : Creating Conversation of type GameListConversation
04/13/2016 04:44:22 [13] DEBUG  Dispatcher                    : Adding Conversation Player.Conversation.GameListConversation, 6.2
04/13/2016 04:44:22 [13] DEBUG  Dispatcher                    :       New Queue ID: 6.2
04/13/2016 04:44:22 [13] INFO   BackgroundThread              : Starting 
04/13/2016 04:44:24 [16] DEBUG  GameListConversation          : Queuing game list request. 
04/13/2016 04:44:24 [16] DEBUG  InitiatedConversation         : GameListConversation, ConversationID: 6.2: Conversation Id  for Initiated conversation: 6.2
04/13/2016 04:44:24 [16] DEBUG  Conversation                  : GameListConversation, ConversationID: 6.2: Setting Message IDs
04/13/2016 04:44:24 [16] DEBUG  Conversation                  : GameListConversation, ConversationID: 6.2: Conversation is initiating send.
04/13/2016 04:44:24 [16] DEBUG  PostMan                       : Sending UDP (Messages.RequestMessages.GameListRequest, MessageID: 6.2, ConversationID: 6.2)
Endpoint: 127.0.0.1:12000
JSON: {"__type":"GameListRequest:#Messages.RequestMessages","ConvId":{"Pid":6,"Seq":2},"MsgId":{"Pid":6,"Seq":2},"StatusFilter":4}
04/13/2016 04:44:24 [16] DEBUG  PostMan                       : Message Delivered
04/13/2016 04:44:24 [16] DEBUG  Conversation                  : GameListConversation, ConversationID: 6.2: Send succeeded.
04/13/2016 04:44:24 [11] DEBUG  PostMan                       : Received UDP (Messages.ReplyMessages.GameListReply, MessageID: 1.9, ConversationID: 6.2)
JSON: {"__type":"GameListReply:#Messages.ReplyMessages","ConvId":{"Pid":6,"Seq":2},"MsgId":{"Pid":1,"Seq":9},"Note":null,"Success":true,"GameInfo":[{"CurrentProcesses":[{"HasUmbrellaRaised":false,"HitPoints":0,"LifePoints":100,"ProcessId":4,"Type":5},{"HasUmbrellaRaised":false,"HitPoints":0,"LifePoints":100,"ProcessId":5,"Type":4}],"GameId":3,"GameManagerId":2,"Label":"GM74917's 1st Game","MaxPlayers":5,"MinPlayers":3,"StartingPlayers":[],"Status":4,"Winners":null}]}
04/13/2016 04:44:24 [12] INFO   ispatcher+<>c__DisplayClass7_0: New Message Received: (Messages.ReplyMessages.GameListReply)
04/13/2016 04:44:24 [12] INFO   ispatcher+<>c__DisplayClass7_0: MessageId: 1.9ConversationId: 6.2
04/13/2016 04:44:24 [12] DEBUG  Dispatcher                    : Successsfully queued a new message of type GameListReply, for conversation: 6.2
04/13/2016 04:44:24 [16] DEBUG  Conversation                  : GameListConversation, ConversationID: 6.2: Message available!
04/13/2016 04:44:24 [16] DEBUG  Conversation                  : GameListConversation, ConversationID: 6.2: Message available!
04/13/2016 04:44:24 [16] DEBUG  Conversation                  : GameListConversation, ConversationID: 6.2: Received Message is valid
04/13/2016 04:44:24 [16] DEBUG  Conversation                  : Received a Message of type: GameListReply
04/13/2016 04:44:24 [16] INFO   Conversation                  : Conversation Succeeded
04/13/2016 04:44:24 [16] INFO   Conversation                  : Conversation Succeeded
04/13/2016 04:44:25 [13] DEBUG  PlayerProcess                 : In Process JoinGame function.
04/13/2016 04:44:25 [13] DEBUG  ConversationFactory           : Creating Conversation of type JoinGameConversation
04/13/2016 04:44:25 [13] DEBUG  Dispatcher                    : Adding Conversation Player.Conversation.JoinGameConversation, 6.3
04/13/2016 04:44:25 [13] DEBUG  Dispatcher                    :       New Queue ID: 6.3
04/13/2016 04:44:25 [13] INFO   BackgroundThread              : Starting 
04/13/2016 04:44:27 [14] DEBUG  JoinGameConversation          : Queuing join game request. 
04/13/2016 04:44:27 [14] DEBUG  JoinGameConversation          : Requesting GameId: 3
04/13/2016 04:44:27 [14] DEBUG  Conversation                  : JoinGameConversation, ConversationID: 6.3: Message is routing message
04/13/2016 04:44:27 [14] DEBUG  InitiatedConversation         : JoinGameConversation, ConversationID: 6.3: Conversation Id  for Initiated conversation: 6.3
04/13/2016 04:44:27 [14] DEBUG  Conversation                  : JoinGameConversation, ConversationID: 6.3: Setting Message IDs
04/13/2016 04:44:27 [14] DEBUG  Conversation                  : JoinGameConversation, ConversationID: 6.3: Conversation is initiating send.
04/13/2016 04:44:27 [14] DEBUG  PostMan                       : Sending UDP (Messages.Routing, MessageID: 6.3, ConversationID: 6.3)
Endpoint: 127.0.0.1:12002
JSON: {"__type":"Routing:#Messages","ConvId":{"Pid":6,"Seq":3},"MsgId":{"Pid":6,"Seq":3},"InnerMessage":{"__type":"JoinGameRequest:#Messages.RequestMessages","ConvId":{"Pid":6,"Seq":3},"MsgId":{"Pid":6,"Seq":3},"GameId":3,"Process":{"EndPoint":{"Host":"127.0.0.1","Port":10000},"Label":"The Instructor","ProcessId":6,"Status":4,"Type":3}},"ToProcessIds":[2]}
04/13/2016 04:44:27 [14] DEBUG  PostMan                       : Message Delivered
04/13/2016 04:44:27 [14] DEBUG  Conversation                  : JoinGameConversation, ConversationID: 6.3: Send succeeded.
04/13/2016 04:44:27 [11] DEBUG  PostMan                       : Received UDP (Messages.Routing, MessageID: 2.15, ConversationID: 6.3)
JSON: {"__type":"Routing:#Messages","ConvId":{"Pid":6,"Seq":3},"MsgId":{"Pid":2,"Seq":15},"InnerMessage":{"__type":"JoinGameReply:#Messages.ReplyMessages","ConvId":{"Pid":6,"Seq":3},"MsgId":{"Pid":2,"Seq":15},"Note":null,"Success":true,"GameId":3,"InitialLifePoints":100},"ToProcessIds":[6]}
04/13/2016 04:44:27 [12] INFO   ispatcher+<>c__DisplayClass7_0: New Message Received: (Messages.Routing)
04/13/2016 04:44:27 [12] INFO   ispatcher+<>c__DisplayClass7_0: MessageId: 2.15ConversationId: 6.3
04/13/2016 04:44:27 [12] DEBUG  Dispatcher                    : Successsfully queued a new message of type Routing, for conversation: 6.3
04/13/2016 04:44:27 [14] DEBUG  Conversation                  : JoinGameConversation, ConversationID: 6.3: Message available!
04/13/2016 04:44:27 [14] DEBUG  Conversation                  : JoinGameConversation, ConversationID: 6.3: Message available!
04/13/2016 04:44:27 [14] DEBUG  Conversation                  : JoinGameConversation, ConversationID: 6.3: Received Message is valid
04/13/2016 04:44:27 [14] DEBUG  Conversation                  : Received a Message of type: Routing
04/13/2016 04:44:27 [14] INFO   Conversation                  : Conversation Succeeded
04/13/2016 04:44:27 [14] INFO   Conversation                  : Conversation Succeeded
04/13/2016 04:45:12 [11] DEBUG  PostMan                       : Received UDP (Messages.RequestMessages.AllowanceDeliveryRequest, MessageID: 1.12, ConversationID: 1.12)
JSON: {"__type":"AllowanceDeliveryRequest:#Messages.RequestMessages","ConvId":{"Pid":1,"Seq":12},"MsgId":{"Pid":1,"Seq":12},"NumberOfPennies":400,"PortNumber":12999}
04/13/2016 04:45:12 [15] INFO   ispatcher+<>c__DisplayClass7_0: New Message Received: (Messages.RequestMessages.AllowanceDeliveryRequest)
04/13/2016 04:45:12 [15] INFO   ispatcher+<>c__DisplayClass7_0: MessageId: 1.12ConversationId: 1.12
04/13/2016 04:45:12 [15] DEBUG  Dispatcher                    : Conversation  with id= 1.12 does not exist, trying to create new conversation.
04/13/2016 04:45:12 [15] DEBUG  ConversationFactory           : Creating Conversation of type AllowanceDeliveryConversation
04/13/2016 04:45:12 [15] DEBUG  Dispatcher                    : Adding Conversation Player.Conversation.AllowanceDeliveryConversation, 1.12
04/13/2016 04:45:12 [15] DEBUG  Dispatcher                    :       New Queue ID: 1.12
04/13/2016 04:45:12 [15] DEBUG  Dispatcher                    : Successsfully queued a new message of type AllowanceDeliveryRequest, for conversation: 1.12
04/13/2016 04:45:12 [15] INFO   BackgroundThread              : Starting 
04/13/2016 04:45:12 [10] DEBUG  Conversation                  : AllowanceDeliveryConversation, ConversationID: 1.12: Message available!
04/13/2016 04:45:12 [10] DEBUG  Conversation                  : AllowanceDeliveryConversation, ConversationID: 1.12: Message available!
04/13/2016 04:45:12 [10] DEBUG  Conversation                  : AllowanceDeliveryConversation, ConversationID: 1.12: Message available!
04/13/2016 04:45:12 [10] DEBUG  Conversation                  : AllowanceDeliveryConversation, ConversationID: 1.12: Received Message is valid
04/13/2016 04:45:12 [10] DEBUG  Conversation                  : Received a Message of type: AllowanceDeliveryRequest
04/13/2016 04:45:12 [10] DEBUG  AllowanceDeliveryConversation : Received Allowance Delivery Request. 
04/13/2016 04:45:12 [10] DEBUG  TCPSocket                     : Destination Endpoint is: 127.0.0.1:12999
04/13/2016 04:45:13 [10] DEBUG  TCPSocket                     : Opening Remote TCP Connection
04/13/2016 04:45:13 [10] DEBUG  TCPSocket                     : TCP Socket connected to 127.0.0.1:12999
04/13/2016 04:45:13 [10] INFO   ersation+<>c__DisplayClass12_0: IN TCP RECEIVE!!!!
04/13/2016 04:45:13 [10] DEBUG  NetworkStreamExtensions       : In ReadStreamMessage, with stream.ReadTimeout=10000
04/13/2016 04:45:13 [10] DEBUG  NetworkStreamExtensions       : Try to read 4 length bytes, with stream.CanRead=True and stream.ReadTimeout=10000
04/13/2016 04:45:15 [11] DEBUG  PostMan                       : Received UDP (Messages.RequestMessages.AliveRequest, MessageID: 1.20, ConversationID: 1.20)
JSON: {"__type":"AliveRequest:#Messages.RequestMessages","ConvId":{"Pid":1,"Seq":20},"MsgId":{"Pid":1,"Seq":20}}
04/13/2016 04:45:15 [15] INFO   ispatcher+<>c__DisplayClass7_0: New Message Received: (Messages.RequestMessages.AliveRequest)
04/13/2016 04:45:15 [15] INFO   ispatcher+<>c__DisplayClass7_0: MessageId: 1.20ConversationId: 1.20
04/13/2016 04:45:15 [15] DEBUG  Dispatcher                    : Conversation  with id= 1.20 does not exist, trying to create new conversation.
04/13/2016 04:45:15 [15] DEBUG  ConversationFactory           : Creating Conversation of type AliveConversation
04/13/2016 04:45:15 [15] DEBUG  Dispatcher                    : Adding Conversation Player.Conversation.AliveConversation, 1.20
04/13/2016 04:45:15 [15] DEBUG  Dispatcher                    :       New Queue ID: 1.20
04/13/2016 04:45:15 [15] DEBUG  Dispatcher                    : Successsfully queued a new message of type AliveRequest, for conversation: 1.20
04/13/2016 04:45:15 [15] INFO   BackgroundThread              : Starting 
04/13/2016 04:45:15 [19] DEBUG  Conversation                  : AliveConversation, ConversationID: 1.20: Message available!
04/13/2016 04:45:15 [19] DEBUG  Conversation                  : AliveConversation, ConversationID: 1.20: Message available!
04/13/2016 04:45:15 [19] DEBUG  Conversation                  : AliveConversation, ConversationID: 1.20: Message available!
04/13/2016 04:45:15 [19] DEBUG  Conversation                  : AliveConversation, ConversationID: 1.20: Received Message is valid
04/13/2016 04:45:15 [19] DEBUG  Conversation                  : Received a Message of type: AliveRequest
04/13/2016 04:45:15 [19] DEBUG  AliveConversation             : Creating Alive Response
04/13/2016 04:45:15 [19] DEBUG  ResponseConversation          : AliveConversation, ConversationID: 1.20: Conversation Id  for Response conversation: 1.20
04/13/2016 04:45:15 [19] DEBUG  Conversation                  : AliveConversation, ConversationID: 1.20: Setting Message IDs
04/13/2016 04:45:15 [19] DEBUG  Conversation                  : AliveConversation, ConversationID: 1.20: Conversation is initiating send.
04/13/2016 04:45:15 [19] DEBUG  PostMan                       : Sending UDP (Messages.ReplyMessages.Reply, MessageID: 6.4, ConversationID: 1.20)
Endpoint: 127.0.0.1:12000
JSON: {"__type":"Reply:#Messages.ReplyMessages","ConvId":{"Pid":1,"Seq":20},"MsgId":{"Pid":6,"Seq":4},"Note":"I'm Alive","Success":true}
04/13/2016 04:45:16 [19] DEBUG  PostMan                       : Message Delivered
04/13/2016 04:45:16 [19] DEBUG  Conversation                  : AliveConversation, ConversationID: 1.20: Send succeeded.
04/13/2016 04:45:23 [10] DEBUG  NetworkStreamExtensions       : Length bytes read = 0
04/13/2016 04:45:23 [10] DEBUG  NetworkStreamExtensions       : In ReadStreamMessage, with stream.ReadTimeout=10000
04/13/2016 04:45:23 [10] DEBUG  NetworkStreamExtensions       : Try to read 4 length bytes, with stream.CanRead=True and stream.ReadTimeout=10000
04/13/2016 04:45:33 [10] DEBUG  NetworkStreamExtensions       : Length bytes read = 0
04/13/2016 04:45:33 [10] DEBUG  NetworkStreamExtensions       : In ReadStreamMessage, with stream.ReadTimeout=10000
04/13/2016 04:45:33 [10] DEBUG  NetworkStreamExtensions       : Try to read 4 length bytes, with stream.CanRead=True and stream.ReadTimeout=10000
04/13/2016 04:45:36 [11] DEBUG  PostMan                       : Received UDP (Messages.RequestMessages.AliveRequest, MessageID: 1.24, ConversationID: 1.24)
JSON: {"__type":"AliveRequest:#Messages.RequestMessages","ConvId":{"Pid":1,"Seq":24},"MsgId":{"Pid":1,"Seq":24}}
04/13/2016 04:45:36 [15] INFO   ispatcher+<>c__DisplayClass7_0: New Message Received: (Messages.RequestMessages.AliveRequest)
04/13/2016 04:45:36 [15] INFO   ispatcher+<>c__DisplayClass7_0: MessageId: 1.24ConversationId: 1.24
04/13/2016 04:45:36 [15] DEBUG  Dispatcher                    : Conversation  with id= 1.24 does not exist, trying to create new conversation.
04/13/2016 04:45:36 [15] DEBUG  ConversationFactory           : Creating Conversation of type AliveConversation
04/13/2016 04:45:36 [15] DEBUG  Dispatcher                    : Adding Conversation Player.Conversation.AliveConversation, 1.24
04/13/2016 04:45:36 [15] DEBUG  Dispatcher                    :       New Queue ID: 1.24
04/13/2016 04:45:36 [15] DEBUG  Dispatcher                    : Successsfully queued a new message of type AliveRequest, for conversation: 1.24
04/13/2016 04:45:36 [15] INFO   BackgroundThread              : Starting 
04/13/2016 04:45:36 [20] DEBUG  Conversation                  : AliveConversation, ConversationID: 1.24: Message available!
04/13/2016 04:45:36 [20] DEBUG  Conversation                  : AliveConversation, ConversationID: 1.24: Message available!
04/13/2016 04:45:36 [20] DEBUG  Conversation                  : AliveConversation, ConversationID: 1.24: Message available!
04/13/2016 04:45:36 [20] DEBUG  Conversation                  : AliveConversation, ConversationID: 1.24: Received Message is valid
04/13/2016 04:45:36 [20] DEBUG  Conversation                  : Received a Message of type: AliveRequest
04/13/2016 04:45:36 [20] DEBUG  AliveConversation             : Creating Alive Response
04/13/2016 04:45:36 [20] DEBUG  ResponseConversation          : AliveConversation, ConversationID: 1.24: Conversation Id  for Response conversation: 1.24
04/13/2016 04:45:36 [20] DEBUG  Conversation                  : AliveConversation, ConversationID: 1.24: Setting Message IDs
04/13/2016 04:45:36 [20] DEBUG  Conversation                  : AliveConversation, ConversationID: 1.24: Conversation is initiating send.
04/13/2016 04:45:36 [20] DEBUG  PostMan                       : Sending UDP (Messages.ReplyMessages.Reply, MessageID: 6.5, ConversationID: 1.24)
Endpoint: 127.0.0.1:12000
JSON: {"__type":"Reply:#Messages.ReplyMessages","ConvId":{"Pid":1,"Seq":24},"MsgId":{"Pid":6,"Seq":5},"Note":"I'm Alive","Success":true}
04/13/2016 04:45:36 [20] DEBUG  PostMan                       : Message Delivered
04/13/2016 04:45:36 [20] DEBUG  Conversation                  : AliveConversation, ConversationID: 1.24: Send succeeded.
04/13/2016 04:45:43 [10] DEBUG  NetworkStreamExtensions       : Length bytes read = 0
04/13/2016 04:45:43 [10] DEBUG  NetworkStreamExtensions       : In ReadStreamMessage, with stream.ReadTimeout=10000
04/13/2016 04:45:43 [10] DEBUG  NetworkStreamExtensions       : Try to read 4 length bytes, with stream.CanRead=True and stream.ReadTimeout=10000
