04/13/2016 01:03:30 [ 8] DEBUG  PlayerConnection              : Using Local Settings.
04/13/2016 01:03:30 [ 8] DEBUG  PlayerConnection              : Starting Application. 
04/13/2016 01:03:30 [ 8] DEBUG  PlayerConnection              : Initializing Subsystem
04/13/2016 01:03:30 [ 8] DEBUG  PlayerProcess                 : Initializeing Player Subsystem.
04/13/2016 01:03:30 [ 8] DEBUG  PlayerConnection              : Initializing Player
04/13/2016 01:03:30 [ 8] DEBUG  PlayerProcess                 : Initializing Player Details.
04/13/2016 01:03:30 [ 8] INFO   BackgroundThread              : Starting 
04/13/2016 01:03:30 [11] INFO   BackgroundThread              : Starting 
04/13/2016 01:03:36 [11] DEBUG  PlayerProcess                 : In Process Login function.
04/13/2016 01:03:36 [11] DEBUG  ConversationFactory           : Creating Conversation of type LoginConversation
04/13/2016 01:03:36 [11] DEBUG  Dispatcher                    : Adding Conversation Player.Conversation.LoginConversation, 0.1
04/13/2016 01:03:36 [11] DEBUG  Dispatcher                    :       New Queue ID: 0.1
04/13/2016 01:03:36 [11] INFO   BackgroundThread              : Starting 
04/13/2016 01:03:38 [13] DEBUG  LoginConversation             : Creating login request. 
04/13/2016 01:03:38 [13] DEBUG  InitiatedConversation         : LoginConversation, ConversationID: 0.1: Conversation Id  for Initiated conversation: 0.1
04/13/2016 01:03:38 [13] DEBUG  Conversation                  : LoginConversation, ConversationID: 0.1: Setting Message IDs
04/13/2016 01:03:38 [13] DEBUG  Conversation                  : LoginConversation, ConversationID: 0.1: Conversation is initiating send.
04/13/2016 01:03:38 [13] DEBUG  PostMan                       : Sending UDP (Messages.RequestMessages.LoginRequest, MessageID: 0.1, ConversationID: 0.1)
Endpoint: 127.0.0.1:12000
JSON: {"__type":"LoginRequest:#Messages.RequestMessages","ConvId":{"Pid":0,"Seq":1},"MsgId":{"Pid":0,"Seq":1},"Identity":{"ANumber":"A00000001","Alias":"The Instructor","FirstName":"The","LastName":"Instructor"},"ProcessLabel":null,"ProcessType":3,"PublicKey":null}
04/13/2016 01:03:38 [13] DEBUG  PostMan                       : Message Delivered
04/13/2016 01:03:38 [13] DEBUG  Conversation                  : LoginConversation, ConversationID: 0.1: Send succeeded.
04/13/2016 01:03:38 [12] DEBUG  PostMan                       : Received UDP (Messages.ReplyMessages.LoginReply, MessageID: 1.114, ConversationID: 0.1)
JSON: {"__type":"LoginReply:#Messages.ReplyMessages","ConvId":{"Pid":0,"Seq":1},"MsgId":{"Pid":1,"Seq":114},"Note":"Invalid Process Information.  To register a process, it must have an end point, a label, and be either a game manager or player","Success":false,"PennyBankEndPoint":null,"PennyBankPublicKey":null,"ProcessInfo":null,"ProxyEndPoint":null}
04/13/2016 01:03:38 [14] INFO   ispatcher+<>c__DisplayClass7_0: New Message Received: (Messages.ReplyMessages.LoginReply)
04/13/2016 01:03:38 [14] INFO   ispatcher+<>c__DisplayClass7_0: MessageId: 1.114ConversationId: 0.1
04/13/2016 01:03:38 [14] DEBUG  Dispatcher                    : Successsfully queued a new message of type LoginReply, for conversation: 0.1
04/13/2016 01:03:38 [13] DEBUG  Conversation                  : LoginConversation, ConversationID: 0.1: Message available!
04/13/2016 01:03:38 [13] DEBUG  Conversation                  : LoginConversation, ConversationID: 0.1: Message available!
04/13/2016 01:03:38 [13] DEBUG  Conversation                  : LoginConversation, ConversationID: 0.1: Received Message is valid
04/13/2016 01:03:38 [13] DEBUG  Conversation                  : Received a Message of type: LoginReply
04/13/2016 01:03:38 [13] ERROR  Conversation                  : LoginConversation, ConversationID: 0.1: LoginReply.Success was false
04/13/2016 01:03:38 [13] ERROR  Conversation                  : LoginConversation, ConversationID: 0.1: Conversation Failed
04/13/2016 01:03:38 [13] ERROR  Conversation                  : LoginConversation, ConversationID: 0.1: Conversation Ending
04/13/2016 01:03:38 [13] INFO   Conversation                  : Conversation Failed
04/13/2016 01:03:38 [13] INFO   BackgroundThread              : Stopping 
04/13/2016 01:03:38 [13] DEBUG  BackgroundThread              : Leaving Stop
04/13/2016 01:03:38 [13] ERROR  Conversation                  : LoginConversation, ConversationID: 0.1: Conversation Failed
04/13/2016 01:03:38 [13] ERROR  Conversation                  : LoginConversation, ConversationID: 0.1: Conversation Ending
04/13/2016 01:03:39 [13] INFO   Conversation                  : Conversation Failed
04/13/2016 01:03:39 [13] INFO   BackgroundThread              : Stopping 
04/13/2016 01:03:39 [13] DEBUG  BackgroundThread              : Leaving Stop
04/13/2016 01:03:39 [11] DEBUG  PlayerProcess                 : In Process Login function.
04/13/2016 01:03:39 [11] DEBUG  ConversationFactory           : Creating Conversation of type LoginConversation
04/13/2016 01:03:39 [11] DEBUG  Dispatcher                    : Adding Conversation Player.Conversation.LoginConversation, 0.2
04/13/2016 01:03:39 [11] DEBUG  Dispatcher                    :       New Queue ID: 0.2
04/13/2016 01:03:39 [11] INFO   BackgroundThread              : Starting 
04/13/2016 01:03:41 [14] DEBUG  LoginConversation             : Creating login request. 
04/13/2016 01:03:41 [14] DEBUG  InitiatedConversation         : LoginConversation, ConversationID: 0.2: Conversation Id  for Initiated conversation: 0.2
04/13/2016 01:03:41 [14] DEBUG  Conversation                  : LoginConversation, ConversationID: 0.2: Setting Message IDs
04/13/2016 01:03:41 [14] DEBUG  Conversation                  : LoginConversation, ConversationID: 0.2: Conversation is initiating send.
04/13/2016 01:03:41 [14] DEBUG  PostMan                       : Sending UDP (Messages.RequestMessages.LoginRequest, MessageID: 0.2, ConversationID: 0.2)
Endpoint: 127.0.0.1:12000
JSON: {"__type":"LoginRequest:#Messages.RequestMessages","ConvId":{"Pid":0,"Seq":2},"MsgId":{"Pid":0,"Seq":2},"Identity":{"ANumber":"A00000001","Alias":"The Instructor","FirstName":"The","LastName":"Instructor"},"ProcessLabel":null,"ProcessType":3,"PublicKey":null}
04/13/2016 01:03:41 [14] DEBUG  PostMan                       : Message Delivered
04/13/2016 01:03:41 [12] DEBUG  PostMan                       : Received UDP (Messages.ReplyMessages.LoginReply, MessageID: 1.115, ConversationID: 0.2)
JSON: {"__type":"LoginReply:#Messages.ReplyMessages","ConvId":{"Pid":0,"Seq":2},"MsgId":{"Pid":1,"Seq":115},"Note":"Invalid Process Information.  To register a process, it must have an end point, a label, and be either a game manager or player","Success":false,"PennyBankEndPoint":null,"PennyBankPublicKey":null,"ProcessInfo":null,"ProxyEndPoint":null}
04/13/2016 01:03:41 [14] DEBUG  Conversation                  : LoginConversation, ConversationID: 0.2: Send succeeded.
04/13/2016 01:03:41 [13] INFO   ispatcher+<>c__DisplayClass7_0: New Message Received: (Messages.ReplyMessages.LoginReply)
04/13/2016 01:03:41 [13] INFO   ispatcher+<>c__DisplayClass7_0: MessageId: 1.115ConversationId: 0.2
04/13/2016 01:03:41 [13] DEBUG  Dispatcher                    : Successsfully queued a new message of type LoginReply, for conversation: 0.2
04/13/2016 01:03:41 [14] DEBUG  Conversation                  : LoginConversation, ConversationID: 0.2: Message available!
04/13/2016 01:03:41 [14] DEBUG  Conversation                  : LoginConversation, ConversationID: 0.2: Message available!
04/13/2016 01:03:41 [14] DEBUG  Conversation                  : LoginConversation, ConversationID: 0.2: Received Message is valid
04/13/2016 01:03:41 [14] DEBUG  Conversation                  : Received a Message of type: LoginReply
04/13/2016 01:03:41 [14] ERROR  Conversation                  : LoginConversation, ConversationID: 0.2: LoginReply.Success was false
04/13/2016 01:03:41 [14] ERROR  Conversation                  : LoginConversation, ConversationID: 0.2: Conversation Failed
04/13/2016 01:03:41 [14] ERROR  Conversation                  : LoginConversation, ConversationID: 0.2: Conversation Ending
04/13/2016 01:03:41 [14] INFO   Conversation                  : Conversation Failed
04/13/2016 01:03:41 [14] INFO   BackgroundThread              : Stopping 
04/13/2016 01:03:41 [14] DEBUG  BackgroundThread              : Leaving Stop
04/13/2016 01:03:41 [14] ERROR  Conversation                  : LoginConversation, ConversationID: 0.2: Conversation Failed
04/13/2016 01:03:41 [14] ERROR  Conversation                  : LoginConversation, ConversationID: 0.2: Conversation Ending
04/13/2016 01:03:41 [14] INFO   Conversation                  : Conversation Failed
04/13/2016 01:03:41 [14] INFO   BackgroundThread              : Stopping 
04/13/2016 01:03:41 [14] DEBUG  BackgroundThread              : Leaving Stop
04/13/2016 01:03:41 [11] DEBUG  PlayerProcess                 : In Process Login function.
04/13/2016 01:03:41 [11] DEBUG  ConversationFactory           : Creating Conversation of type LoginConversation
04/13/2016 01:03:41 [11] DEBUG  Dispatcher                    : Adding Conversation Player.Conversation.LoginConversation, 0.3
04/13/2016 01:03:41 [11] DEBUG  Dispatcher                    :       New Queue ID: 0.3
04/13/2016 01:03:41 [11] INFO   BackgroundThread              : Starting 
04/13/2016 01:03:44 [16] DEBUG  LoginConversation             : Creating login request. 
04/13/2016 01:03:44 [16] DEBUG  InitiatedConversation         : LoginConversation, ConversationID: 0.3: Conversation Id  for Initiated conversation: 0.3
04/13/2016 01:03:44 [16] DEBUG  Conversation                  : LoginConversation, ConversationID: 0.3: Setting Message IDs
04/13/2016 01:03:44 [16] DEBUG  Conversation                  : LoginConversation, ConversationID: 0.3: Conversation is initiating send.
04/13/2016 01:03:44 [16] DEBUG  PostMan                       : Sending UDP (Messages.RequestMessages.LoginRequest, MessageID: 0.3, ConversationID: 0.3)
Endpoint: 127.0.0.1:12000
JSON: {"__type":"LoginRequest:#Messages.RequestMessages","ConvId":{"Pid":0,"Seq":3},"MsgId":{"Pid":0,"Seq":3},"Identity":{"ANumber":"A00000001","Alias":"The Instructor","FirstName":"The","LastName":"Instructor"},"ProcessLabel":null,"ProcessType":3,"PublicKey":null}
04/13/2016 01:03:44 [16] DEBUG  PostMan                       : Message Delivered
04/13/2016 01:03:44 [12] DEBUG  PostMan                       : Received UDP (Messages.ReplyMessages.LoginReply, MessageID: 1.116, ConversationID: 0.3)
JSON: {"__type":"LoginReply:#Messages.ReplyMessages","ConvId":{"Pid":0,"Seq":3},"MsgId":{"Pid":1,"Seq":116},"Note":"Invalid Process Information.  To register a process, it must have an end point, a label, and be either a game manager or player","Success":false,"PennyBankEndPoint":null,"PennyBankPublicKey":null,"ProcessInfo":null,"ProxyEndPoint":null}
04/13/2016 01:03:44 [16] DEBUG  Conversation                  : LoginConversation, ConversationID: 0.3: Send succeeded.
04/13/2016 01:03:44 [13] INFO   ispatcher+<>c__DisplayClass7_0: New Message Received: (Messages.ReplyMessages.LoginReply)
04/13/2016 01:03:44 [13] INFO   ispatcher+<>c__DisplayClass7_0: MessageId: 1.116ConversationId: 0.3
04/13/2016 01:03:44 [13] DEBUG  Dispatcher                    : Successsfully queued a new message of type LoginReply, for conversation: 0.3
04/13/2016 01:03:44 [16] DEBUG  Conversation                  : LoginConversation, ConversationID: 0.3: Message available!
04/13/2016 01:03:44 [16] DEBUG  Conversation                  : LoginConversation, ConversationID: 0.3: Message available!
04/13/2016 01:03:44 [16] DEBUG  Conversation                  : LoginConversation, ConversationID: 0.3: Received Message is valid
04/13/2016 01:03:44 [16] DEBUG  Conversation                  : Received a Message of type: LoginReply
04/13/2016 01:03:44 [16] ERROR  Conversation                  : LoginConversation, ConversationID: 0.3: LoginReply.Success was false
04/13/2016 01:03:44 [16] ERROR  Conversation                  : LoginConversation, ConversationID: 0.3: Conversation Failed
04/13/2016 01:03:44 [16] ERROR  Conversation                  : LoginConversation, ConversationID: 0.3: Conversation Ending
04/13/2016 01:03:44 [16] INFO   Conversation                  : Conversation Failed
04/13/2016 01:03:44 [16] INFO   BackgroundThread              : Stopping 
04/13/2016 01:03:44 [16] DEBUG  BackgroundThread              : Leaving Stop
04/13/2016 01:03:44 [16] ERROR  Conversation                  : LoginConversation, ConversationID: 0.3: Conversation Failed
04/13/2016 01:03:44 [16] ERROR  Conversation                  : LoginConversation, ConversationID: 0.3: Conversation Ending
04/13/2016 01:03:44 [16] INFO   Conversation                  : Conversation Failed
04/13/2016 01:03:44 [16] INFO   BackgroundThread              : Stopping 
04/13/2016 01:03:44 [11] DEBUG  PlayerProcess                 : In Process Login function.
04/13/2016 01:03:44 [16] DEBUG  BackgroundThread              : Leaving Stop
04/13/2016 01:03:44 [11] DEBUG  ConversationFactory           : Creating Conversation of type LoginConversation
04/13/2016 01:03:44 [11] DEBUG  Dispatcher                    : Adding Conversation Player.Conversation.LoginConversation, 0.4
04/13/2016 01:03:44 [11] DEBUG  Dispatcher                    :       New Queue ID: 0.4
04/13/2016 01:03:44 [11] INFO   BackgroundThread              : Starting 
04/13/2016 01:03:46 [14] DEBUG  LoginConversation             : Creating login request. 
04/13/2016 01:03:46 [14] DEBUG  InitiatedConversation         : LoginConversation, ConversationID: 0.4: Conversation Id  for Initiated conversation: 0.4
04/13/2016 01:03:46 [14] DEBUG  Conversation                  : LoginConversation, ConversationID: 0.4: Setting Message IDs
04/13/2016 01:03:46 [14] DEBUG  Conversation                  : LoginConversation, ConversationID: 0.4: Conversation is initiating send.
04/13/2016 01:03:46 [14] DEBUG  PostMan                       : Sending UDP (Messages.RequestMessages.LoginRequest, MessageID: 0.4, ConversationID: 0.4)
Endpoint: 127.0.0.1:12000
JSON: {"__type":"LoginRequest:#Messages.RequestMessages","ConvId":{"Pid":0,"Seq":4},"MsgId":{"Pid":0,"Seq":4},"Identity":{"ANumber":"A00000001","Alias":"The Instructor","FirstName":"The","LastName":"Instructor"},"ProcessLabel":null,"ProcessType":3,"PublicKey":null}
04/13/2016 01:03:46 [14] DEBUG  PostMan                       : Message Delivered
04/13/2016 01:03:46 [12] DEBUG  PostMan                       : Received UDP (Messages.ReplyMessages.LoginReply, MessageID: 1.117, ConversationID: 0.4)
JSON: {"__type":"LoginReply:#Messages.ReplyMessages","ConvId":{"Pid":0,"Seq":4},"MsgId":{"Pid":1,"Seq":117},"Note":"Invalid Process Information.  To register a process, it must have an end point, a label, and be either a game manager or player","Success":false,"PennyBankEndPoint":null,"PennyBankPublicKey":null,"ProcessInfo":null,"ProxyEndPoint":null}
04/13/2016 01:03:46 [14] DEBUG  Conversation                  : LoginConversation, ConversationID: 0.4: Send succeeded.
04/13/2016 01:03:46 [13] INFO   ispatcher+<>c__DisplayClass7_0: New Message Received: (Messages.ReplyMessages.LoginReply)
04/13/2016 01:03:46 [13] INFO   ispatcher+<>c__DisplayClass7_0: MessageId: 1.117ConversationId: 0.4
04/13/2016 01:03:46 [13] DEBUG  Dispatcher                    : Successsfully queued a new message of type LoginReply, for conversation: 0.4
04/13/2016 01:03:46 [14] DEBUG  Conversation                  : LoginConversation, ConversationID: 0.4: Message available!
04/13/2016 01:03:47 [14] DEBUG  Conversation                  : LoginConversation, ConversationID: 0.4: Message available!
04/13/2016 01:03:47 [14] DEBUG  Conversation                  : LoginConversation, ConversationID: 0.4: Received Message is valid
04/13/2016 01:03:47 [14] DEBUG  Conversation                  : Received a Message of type: LoginReply
04/13/2016 01:03:47 [14] ERROR  Conversation                  : LoginConversation, ConversationID: 0.4: LoginReply.Success was false
04/13/2016 01:03:47 [14] ERROR  Conversation                  : LoginConversation, ConversationID: 0.4: Conversation Failed
04/13/2016 01:03:47 [14] ERROR  Conversation                  : LoginConversation, ConversationID: 0.4: Conversation Ending
04/13/2016 01:03:47 [14] INFO   Conversation                  : Conversation Failed
04/13/2016 01:03:47 [14] INFO   BackgroundThread              : Stopping 
04/13/2016 01:03:47 [14] DEBUG  BackgroundThread              : Leaving Stop
04/13/2016 01:03:47 [14] ERROR  Conversation                  : LoginConversation, ConversationID: 0.4: Conversation Failed
04/13/2016 01:03:47 [11] DEBUG  PlayerProcess                 : In Process Login function.
04/13/2016 01:03:47 [14] ERROR  Conversation                  : LoginConversation, ConversationID: 0.4: Conversation Ending
04/13/2016 01:03:47 [14] INFO   Conversation                  : Conversation Failed
04/13/2016 01:03:47 [14] INFO   BackgroundThread              : Stopping 
04/13/2016 01:03:47 [14] DEBUG  BackgroundThread              : Leaving Stop
04/13/2016 01:03:47 [11] DEBUG  ConversationFactory           : Creating Conversation of type LoginConversation
04/13/2016 01:03:47 [11] DEBUG  Dispatcher                    : Adding Conversation Player.Conversation.LoginConversation, 0.5
04/13/2016 01:03:47 [11] DEBUG  Dispatcher                    :       New Queue ID: 0.5
04/13/2016 01:03:47 [11] INFO   BackgroundThread              : Starting 
04/13/2016 01:03:49 [16] DEBUG  LoginConversation             : Creating login request. 
04/13/2016 01:03:50 [16] DEBUG  InitiatedConversation         : LoginConversation, ConversationID: 0.5: Conversation Id  for Initiated conversation: 0.5
04/13/2016 01:03:50 [16] DEBUG  Conversation                  : LoginConversation, ConversationID: 0.5: Setting Message IDs
04/13/2016 01:03:50 [16] DEBUG  Conversation                  : LoginConversation, ConversationID: 0.5: Conversation is initiating send.
04/13/2016 01:03:50 [16] DEBUG  PostMan                       : Sending UDP (Messages.RequestMessages.LoginRequest, MessageID: 0.5, ConversationID: 0.5)
Endpoint: 127.0.0.1:12000
JSON: {"__type":"LoginRequest:#Messages.RequestMessages","ConvId":{"Pid":0,"Seq":5},"MsgId":{"Pid":0,"Seq":5},"Identity":{"ANumber":"A00000001","Alias":"The Instructor","FirstName":"The","LastName":"Instructor"},"ProcessLabel":null,"ProcessType":3,"PublicKey":null}
04/13/2016 01:03:50 [16] DEBUG  PostMan                       : Message Delivered
04/13/2016 01:03:50 [12] DEBUG  PostMan                       : Received UDP (Messages.ReplyMessages.LoginReply, MessageID: 1.118, ConversationID: 0.5)
JSON: {"__type":"LoginReply:#Messages.ReplyMessages","ConvId":{"Pid":0,"Seq":5},"MsgId":{"Pid":1,"Seq":118},"Note":"Invalid Process Information.  To register a process, it must have an end point, a label, and be either a game manager or player","Success":false,"PennyBankEndPoint":null,"PennyBankPublicKey":null,"ProcessInfo":null,"ProxyEndPoint":null}
04/13/2016 01:03:50 [16] DEBUG  Conversation                  : LoginConversation, ConversationID: 0.5: Send succeeded.
04/13/2016 01:03:50 [15] INFO   ispatcher+<>c__DisplayClass7_0: New Message Received: (Messages.ReplyMessages.LoginReply)
04/13/2016 01:03:50 [15] INFO   ispatcher+<>c__DisplayClass7_0: MessageId: 1.118ConversationId: 0.5
04/13/2016 01:03:50 [15] DEBUG  Dispatcher                    : Successsfully queued a new message of type LoginReply, for conversation: 0.5
04/13/2016 01:03:50 [16] DEBUG  Conversation                  : LoginConversation, ConversationID: 0.5: Message available!
04/13/2016 01:03:50 [16] DEBUG  Conversation                  : LoginConversation, ConversationID: 0.5: Message available!
04/13/2016 01:03:50 [16] DEBUG  Conversation                  : LoginConversation, ConversationID: 0.5: Received Message is valid
04/13/2016 01:03:50 [16] DEBUG  Conversation                  : Received a Message of type: LoginReply
04/13/2016 01:03:50 [16] ERROR  Conversation                  : LoginConversation, ConversationID: 0.5: LoginReply.Success was false
04/13/2016 01:03:50 [16] ERROR  Conversation                  : LoginConversation, ConversationID: 0.5: Conversation Failed
04/13/2016 01:03:50 [16] ERROR  Conversation                  : LoginConversation, ConversationID: 0.5: Conversation Ending
04/13/2016 01:03:50 [16] INFO   Conversation                  : Conversation Failed
04/13/2016 01:03:50 [16] INFO   BackgroundThread              : Stopping 
04/13/2016 01:03:50 [16] DEBUG  BackgroundThread              : Leaving Stop
04/13/2016 01:03:50 [16] ERROR  Conversation                  : LoginConversation, ConversationID: 0.5: Conversation Failed
04/13/2016 01:03:50 [16] ERROR  Conversation                  : LoginConversation, ConversationID: 0.5: Conversation Ending
04/13/2016 01:03:50 [16] INFO   Conversation                  : Conversation Failed
04/13/2016 01:03:50 [16] INFO   BackgroundThread              : Stopping 
04/13/2016 01:03:50 [16] DEBUG  BackgroundThread              : Leaving Stop
04/13/2016 01:03:50 [11] DEBUG  PlayerProcess                 : In Process Login function.
04/13/2016 01:03:50 [11] DEBUG  ConversationFactory           : Creating Conversation of type LoginConversation
04/13/2016 01:03:50 [11] DEBUG  Dispatcher                    : Adding Conversation Player.Conversation.LoginConversation, 0.6
04/13/2016 01:03:50 [11] DEBUG  Dispatcher                    :       New Queue ID: 0.6
04/13/2016 01:03:51 [11] INFO   BackgroundThread              : Starting 
04/13/2016 01:03:53 [18] DEBUG  LoginConversation             : Creating login request. 
04/13/2016 01:03:53 [18] DEBUG  InitiatedConversation         : LoginConversation, ConversationID: 0.6: Conversation Id  for Initiated conversation: 0.6
04/13/2016 01:03:53 [18] DEBUG  Conversation                  : LoginConversation, ConversationID: 0.6: Setting Message IDs
04/13/2016 01:03:53 [18] DEBUG  Conversation                  : LoginConversation, ConversationID: 0.6: Conversation is initiating send.
04/13/2016 01:03:53 [18] DEBUG  PostMan                       : Sending UDP (Messages.RequestMessages.LoginRequest, MessageID: 0.6, ConversationID: 0.6)
Endpoint: 127.0.0.1:12000
JSON: {"__type":"LoginRequest:#Messages.RequestMessages","ConvId":{"Pid":0,"Seq":6},"MsgId":{"Pid":0,"Seq":6},"Identity":{"ANumber":"A00000001","Alias":"The Instructor","FirstName":"The","LastName":"Instructor"},"ProcessLabel":null,"ProcessType":3,"PublicKey":null}
04/13/2016 01:03:53 [18] DEBUG  PostMan                       : Message Delivered
04/13/2016 01:03:53 [18] DEBUG  Conversation                  : LoginConversation, ConversationID: 0.6: Send succeeded.
04/13/2016 01:03:53 [12] DEBUG  PostMan                       : Received UDP (Messages.ReplyMessages.LoginReply, MessageID: 1.119, ConversationID: 0.6)
JSON: {"__type":"LoginReply:#Messages.ReplyMessages","ConvId":{"Pid":0,"Seq":6},"MsgId":{"Pid":1,"Seq":119},"Note":"Invalid Process Information.  To register a process, it must have an end point, a label, and be either a game manager or player","Success":false,"PennyBankEndPoint":null,"PennyBankPublicKey":null,"ProcessInfo":null,"ProxyEndPoint":null}
04/13/2016 01:03:53 [16] INFO   ispatcher+<>c__DisplayClass7_0: New Message Received: (Messages.ReplyMessages.LoginReply)
04/13/2016 01:03:53 [16] INFO   ispatcher+<>c__DisplayClass7_0: MessageId: 1.119ConversationId: 0.6
04/13/2016 01:03:53 [16] DEBUG  Dispatcher                    : Successsfully queued a new message of type LoginReply, for conversation: 0.6
04/13/2016 01:03:53 [18] DEBUG  Conversation                  : LoginConversation, ConversationID: 0.6: Message available!
04/13/2016 01:03:53 [18] DEBUG  Conversation                  : LoginConversation, ConversationID: 0.6: Message available!
04/13/2016 01:03:53 [18] DEBUG  Conversation                  : LoginConversation, ConversationID: 0.6: Received Message is valid
04/13/2016 01:03:53 [18] DEBUG  Conversation                  : Received a Message of type: LoginReply
04/13/2016 01:03:53 [18] ERROR  Conversation                  : LoginConversation, ConversationID: 0.6: LoginReply.Success was false
04/13/2016 01:03:53 [18] ERROR  Conversation                  : LoginConversation, ConversationID: 0.6: Conversation Failed
04/13/2016 01:03:53 [18] ERROR  Conversation                  : LoginConversation, ConversationID: 0.6: Conversation Ending
04/13/2016 01:03:53 [18] INFO   Conversation                  : Conversation Failed
04/13/2016 01:03:53 [18] INFO   BackgroundThread              : Stopping 
04/13/2016 01:03:53 [18] DEBUG  BackgroundThread              : Leaving Stop
04/13/2016 01:03:53 [18] ERROR  Conversation                  : LoginConversation, ConversationID: 0.6: Conversation Failed
04/13/2016 01:03:53 [18] ERROR  Conversation                  : LoginConversation, ConversationID: 0.6: Conversation Ending
04/13/2016 01:03:53 [18] INFO   Conversation                  : Conversation Failed
04/13/2016 01:03:53 [11] DEBUG  PlayerProcess                 : In Process Login function.
04/13/2016 01:03:53 [18] INFO   BackgroundThread              : Stopping 
04/13/2016 01:03:53 [11] DEBUG  ConversationFactory           : Creating Conversation of type LoginConversation
04/13/2016 01:03:53 [11] DEBUG  Dispatcher                    : Adding Conversation Player.Conversation.LoginConversation, 0.7
04/13/2016 01:03:53 [11] DEBUG  Dispatcher                    :       New Queue ID: 0.7
04/13/2016 01:03:53 [11] INFO   BackgroundThread              : Starting 
04/13/2016 01:03:53 [18] DEBUG  BackgroundThread              : Leaving Stop
