04/13/2016 03:08:29 [ 7] DEBUG  PlayerConnection              : Using Local Settings.
04/13/2016 03:08:29 [ 7] DEBUG  PlayerConnection              : Starting Application. 
04/13/2016 03:08:29 [ 7] DEBUG  PlayerConnection              : Initializing Subsystem
04/13/2016 03:08:29 [ 7] DEBUG  PlayerProcess                 : Initializeing Player Subsystem.
04/13/2016 03:08:29 [ 7] DEBUG  PlayerConnection              : Initializing Player
04/13/2016 03:08:29 [ 7] DEBUG  PlayerProcess                 : Initializing Player Details.
04/13/2016 03:08:29 [ 7] INFO   BackgroundThread              : Starting 
04/13/2016 03:08:29 [ 9] INFO   BackgroundThread              : Starting 
04/13/2016 03:08:29 [ 9] DEBUG  PlayerProcess                 : In Process Login function.
04/13/2016 03:08:29 [ 9] DEBUG  ConversationFactory           : Creating Conversation of type LoginConversation
04/13/2016 03:08:29 [ 9] DEBUG  Dispatcher                    : Adding Conversation Player.Conversation.LoginConversation, 0.1
04/13/2016 03:08:29 [ 9] DEBUG  Dispatcher                    :       New Queue ID: 0.1
04/13/2016 03:08:29 [ 9] INFO   BackgroundThread              : Starting 
04/13/2016 03:08:30 [10] DEBUG  PostMan                       : Received UDP (Messages.RequestMessages.AliveRequest, MessageID: 1.101, ConversationID: 1.101)
JSON: {"__type":"AliveRequest:#Messages.RequestMessages","ConvId":{"Pid":1,"Seq":101},"MsgId":{"Pid":1,"Seq":101}}
04/13/2016 03:08:30 [12] INFO   ispatcher+<>c__DisplayClass7_0: New Message Received: (Messages.RequestMessages.AliveRequest)
04/13/2016 03:08:30 [12] INFO   ispatcher+<>c__DisplayClass7_0: MessageId: 1.101ConversationId: 1.101
04/13/2016 03:08:30 [12] DEBUG  Dispatcher                    : Conversation  with id= 1.101 does not exist, trying to create new conversation.
04/13/2016 03:08:30 [12] DEBUG  ConversationFactory           : Creating Conversation of type AliveConversation
04/13/2016 03:08:30 [12] DEBUG  Dispatcher                    : Adding Conversation Player.Conversation.AliveConversation, 1.101
04/13/2016 03:08:30 [12] DEBUG  Dispatcher                    :       New Queue ID: 1.101
04/13/2016 03:08:30 [12] DEBUG  Dispatcher                    : Successsfully queued a new message of type AliveRequest, for conversation: 1.101
04/13/2016 03:08:30 [12] INFO   BackgroundThread              : Starting 
04/13/2016 03:08:30 [13] DEBUG  Conversation                  : AliveConversation, ConversationID: 1.101: Message available!
04/13/2016 03:08:30 [13] DEBUG  Conversation                  : AliveConversation, ConversationID: 1.101: Message available!
04/13/2016 03:08:30 [13] DEBUG  Conversation                  : AliveConversation, ConversationID: 1.101: Message available!
04/13/2016 03:08:30 [13] DEBUG  Conversation                  : AliveConversation, ConversationID: 1.101: Received Message is valid
04/13/2016 03:08:30 [13] DEBUG  Conversation                  : Received a Message of type: AliveRequest
04/13/2016 03:08:30 [13] DEBUG  AliveConversation             : Creating Alive Response
04/13/2016 03:08:30 [13] DEBUG  ResponseConversation          : AliveConversation, ConversationID: 1.101: Conversation Id  for Response conversation: 1.101
04/13/2016 03:08:30 [13] DEBUG  Conversation                  : AliveConversation, ConversationID: 1.101: Setting Message IDs
04/13/2016 03:08:30 [13] DEBUG  Conversation                  : AliveConversation, ConversationID: 1.101: Conversation is initiating send.
04/13/2016 03:08:30 [13] DEBUG  PostMan                       : Sending UDP (Messages.ReplyMessages.Reply, MessageID: 0.2, ConversationID: 1.101)
Endpoint: 127.0.0.1:12000
JSON: {"__type":"Reply:#Messages.ReplyMessages","ConvId":{"Pid":1,"Seq":101},"MsgId":{"Pid":0,"Seq":2},"Note":"I'm Alive","Success":true}
04/13/2016 03:08:30 [13] DEBUG  PostMan                       : Message Delivered
04/13/2016 03:08:30 [13] DEBUG  Conversation                  : AliveConversation, ConversationID: 1.101: Send succeeded.
04/13/2016 03:08:31 [11] DEBUG  LoginConversation             : Creating login request. 
04/13/2016 03:08:31 [11] DEBUG  InitiatedConversation         : LoginConversation, ConversationID: 0.1: Conversation Id  for Initiated conversation: 0.1
04/13/2016 03:08:31 [11] DEBUG  Conversation                  : LoginConversation, ConversationID: 0.1: Setting Message IDs
04/13/2016 03:08:31 [11] DEBUG  Conversation                  : LoginConversation, ConversationID: 0.1: Conversation is initiating send.
04/13/2016 03:08:31 [11] DEBUG  PostMan                       : Sending UDP (Messages.RequestMessages.LoginRequest, MessageID: 0.1, ConversationID: 0.1)
Endpoint: 127.0.0.1:12000
JSON: {"__type":"LoginRequest:#Messages.RequestMessages","ConvId":{"Pid":0,"Seq":1},"MsgId":{"Pid":0,"Seq":1},"Identity":{"ANumber":"A00000001","Alias":"The Instructor","FirstName":"The","LastName":"Instructor"},"ProcessLabel":"The Instructor","ProcessType":3,"PublicKey":null}
04/13/2016 03:08:31 [11] DEBUG  PostMan                       : Message Delivered
04/13/2016 03:08:31 [10] DEBUG  PostMan                       : Received UDP (Messages.ReplyMessages.LoginReply, MessageID: 1.105, ConversationID: 0.1)
JSON: {"__type":"LoginReply:#Messages.ReplyMessages","ConvId":{"Pid":0,"Seq":1},"MsgId":{"Pid":1,"Seq":105},"Note":"Logged in","Success":true,"PennyBankEndPoint":{"Host":"127.0.0.1","Port":12003},"PennyBankPublicKey":null,"ProcessInfo":{"EndPoint":{"Host":"127.0.0.1","Port":10000},"Label":"The Instructor","ProcessId":8,"Status":3,"Type":3},"ProxyEndPoint":{"Host":"127.0.0.1","Port":12002}}
04/13/2016 03:08:31 [11] DEBUG  Conversation                  : LoginConversation, ConversationID: 0.1: Send succeeded.
04/13/2016 03:08:32 [12] INFO   ispatcher+<>c__DisplayClass7_0: New Message Received: (Messages.ReplyMessages.LoginReply)
04/13/2016 03:08:32 [12] INFO   ispatcher+<>c__DisplayClass7_0: MessageId: 1.105ConversationId: 0.1
04/13/2016 03:08:32 [12] DEBUG  Dispatcher                    : Successsfully queued a new message of type LoginReply, for conversation: 0.1
04/13/2016 03:08:32 [11] DEBUG  Conversation                  : LoginConversation, ConversationID: 0.1: Message available!
04/13/2016 03:08:32 [11] DEBUG  Conversation                  : LoginConversation, ConversationID: 0.1: Message available!
04/13/2016 03:08:32 [11] DEBUG  Conversation                  : LoginConversation, ConversationID: 0.1: Received Message is valid
04/13/2016 03:08:32 [11] DEBUG  Conversation                  : Received a Message of type: LoginReply
04/13/2016 03:08:32 [11] DEBUG  LoginConversation             : Proxy endpoint is 127.0.0.1:12003
04/13/2016 03:08:32 [11] INFO   Conversation                  : Conversation Succeeded
04/13/2016 03:08:32 [11] INFO   Conversation                  : Conversation Succeeded
04/13/2016 03:08:32 [ 9] DEBUG  PlayerProcess                 : In Process GetGameList function.
04/13/2016 03:08:32 [ 9] DEBUG  ConversationFactory           : Creating Conversation of type GameListConversation
04/13/2016 03:08:32 [ 9] DEBUG  Dispatcher                    : Adding Conversation Player.Conversation.GameListConversation, 8.3
04/13/2016 03:08:32 [ 9] DEBUG  Dispatcher                    :       New Queue ID: 8.3
04/13/2016 03:08:32 [ 9] INFO   BackgroundThread              : Starting 
04/13/2016 03:08:34 [14] DEBUG  GameListConversation          : Queuing game list request. 
04/13/2016 03:08:34 [14] DEBUG  InitiatedConversation         : GameListConversation, ConversationID: 8.3: Conversation Id  for Initiated conversation: 8.3
04/13/2016 03:08:34 [14] DEBUG  Conversation                  : GameListConversation, ConversationID: 8.3: Setting Message IDs
04/13/2016 03:08:34 [14] DEBUG  Conversation                  : GameListConversation, ConversationID: 8.3: Conversation is initiating send.
04/13/2016 03:08:34 [14] DEBUG  PostMan                       : Sending UDP (Messages.RequestMessages.GameListRequest, MessageID: 8.3, ConversationID: 8.3)
Endpoint: 127.0.0.1:12000
JSON: {"__type":"GameListRequest:#Messages.RequestMessages","ConvId":{"Pid":8,"Seq":3},"MsgId":{"Pid":8,"Seq":3},"StatusFilter":4}
04/13/2016 03:08:34 [14] DEBUG  PostMan                       : Message Delivered
04/13/2016 03:08:34 [10] DEBUG  PostMan                       : Received UDP (Messages.ReplyMessages.GameListReply, MessageID: 1.106, ConversationID: 8.3)
JSON: {"__type":"GameListReply:#Messages.ReplyMessages","ConvId":{"Pid":8,"Seq":3},"MsgId":{"Pid":1,"Seq":106},"Note":null,"Success":true,"GameInfo":[]}
04/13/2016 03:08:34 [14] DEBUG  Conversation                  : GameListConversation, ConversationID: 8.3: Send succeeded.
04/13/2016 03:08:34 [16] INFO   ispatcher+<>c__DisplayClass7_0: New Message Received: (Messages.ReplyMessages.GameListReply)
04/13/2016 03:08:35 [16] INFO   ispatcher+<>c__DisplayClass7_0: MessageId: 1.106ConversationId: 8.3
04/13/2016 03:08:35 [16] DEBUG  Dispatcher                    : Successsfully queued a new message of type GameListReply, for conversation: 8.3
04/13/2016 03:08:35 [14] DEBUG  Conversation                  : GameListConversation, ConversationID: 8.3: Message available!
04/13/2016 03:08:35 [14] DEBUG  Conversation                  : GameListConversation, ConversationID: 8.3: Message available!
04/13/2016 03:08:35 [14] DEBUG  Conversation                  : GameListConversation, ConversationID: 8.3: Received Message is valid
04/13/2016 03:08:35 [14] DEBUG  Conversation                  : Received a Message of type: GameListReply
04/13/2016 03:08:35 [14] ERROR  Conversation                  : GameListConversation, ConversationID: 8.3: No games are available. 
04/13/2016 03:08:35 [14] ERROR  Conversation                  : GameListConversation, ConversationID: 8.3: Conversation Failed
04/13/2016 03:08:35 [14] ERROR  Conversation                  : GameListConversation, ConversationID: 8.3: Conversation Ending
04/13/2016 03:08:35 [14] INFO   Conversation                  : Conversation Failed
04/13/2016 03:08:35 [14] INFO   BackgroundThread              : Stopping 
04/13/2016 03:08:35 [14] DEBUG  BackgroundThread              : Leaving Stop
04/13/2016 03:08:35 [14] ERROR  Conversation                  : GameListConversation, ConversationID: 8.3: Conversation Failed
04/13/2016 03:08:35 [14] ERROR  Conversation                  : GameListConversation, ConversationID: 8.3: Conversation Ending
04/13/2016 03:08:35 [14] INFO   Conversation                  : Conversation Failed
04/13/2016 03:08:35 [14] INFO   BackgroundThread              : Stopping 
04/13/2016 03:08:35 [14] DEBUG  BackgroundThread              : Leaving Stop
04/13/2016 03:08:35 [ 9] DEBUG  PlayerProcess                 : In Process GetGameList function.
04/13/2016 03:08:35 [ 9] DEBUG  ConversationFactory           : Creating Conversation of type GameListConversation
04/13/2016 03:08:35 [ 9] DEBUG  Dispatcher                    : Adding Conversation Player.Conversation.GameListConversation, 8.4
04/13/2016 03:08:35 [ 9] DEBUG  Dispatcher                    :       New Queue ID: 8.4
04/13/2016 03:08:35 [ 9] INFO   BackgroundThread              : Starting 
04/13/2016 03:08:37 [11] DEBUG  GameListConversation          : Queuing game list request. 
04/13/2016 03:08:37 [11] DEBUG  InitiatedConversation         : GameListConversation, ConversationID: 8.4: Conversation Id  for Initiated conversation: 8.4
04/13/2016 03:08:37 [11] DEBUG  Conversation                  : GameListConversation, ConversationID: 8.4: Setting Message IDs
04/13/2016 03:08:37 [11] DEBUG  Conversation                  : GameListConversation, ConversationID: 8.4: Conversation is initiating send.
04/13/2016 03:08:37 [11] DEBUG  PostMan                       : Sending UDP (Messages.RequestMessages.GameListRequest, MessageID: 8.4, ConversationID: 8.4)
Endpoint: 127.0.0.1:12000
JSON: {"__type":"GameListRequest:#Messages.RequestMessages","ConvId":{"Pid":8,"Seq":4},"MsgId":{"Pid":8,"Seq":4},"StatusFilter":4}
04/13/2016 03:08:37 [11] DEBUG  PostMan                       : Message Delivered
04/13/2016 03:08:37 [10] DEBUG  PostMan                       : Received UDP (Messages.ReplyMessages.GameListReply, MessageID: 1.107, ConversationID: 8.4)
JSON: {"__type":"GameListReply:#Messages.ReplyMessages","ConvId":{"Pid":8,"Seq":4},"MsgId":{"Pid":1,"Seq":107},"Note":null,"Success":true,"GameInfo":[]}
04/13/2016 03:08:37 [11] DEBUG  Conversation                  : GameListConversation, ConversationID: 8.4: Send succeeded.
04/13/2016 03:08:37 [12] INFO   ispatcher+<>c__DisplayClass7_0: New Message Received: (Messages.ReplyMessages.GameListReply)
04/13/2016 03:08:37 [12] INFO   ispatcher+<>c__DisplayClass7_0: MessageId: 1.107ConversationId: 8.4
04/13/2016 03:08:37 [12] DEBUG  Dispatcher                    : Successsfully queued a new message of type GameListReply, for conversation: 8.4
04/13/2016 03:08:37 [11] DEBUG  Conversation                  : GameListConversation, ConversationID: 8.4: Message available!
04/13/2016 03:08:37 [11] DEBUG  Conversation                  : GameListConversation, ConversationID: 8.4: Message available!
04/13/2016 03:08:37 [11] DEBUG  Conversation                  : GameListConversation, ConversationID: 8.4: Received Message is valid
04/13/2016 03:08:37 [11] DEBUG  Conversation                  : Received a Message of type: GameListReply
04/13/2016 03:08:37 [11] ERROR  Conversation                  : GameListConversation, ConversationID: 8.4: No games are available. 
04/13/2016 03:08:37 [11] ERROR  Conversation                  : GameListConversation, ConversationID: 8.4: Conversation Failed
04/13/2016 03:08:37 [11] ERROR  Conversation                  : GameListConversation, ConversationID: 8.4: Conversation Ending
04/13/2016 03:08:38 [11] INFO   Conversation                  : Conversation Failed
04/13/2016 03:08:38 [11] INFO   BackgroundThread              : Stopping 
04/13/2016 03:08:38 [11] DEBUG  BackgroundThread              : Leaving Stop
04/13/2016 03:08:38 [11] ERROR  Conversation                  : GameListConversation, ConversationID: 8.4: Conversation Failed
04/13/2016 03:08:38 [11] ERROR  Conversation                  : GameListConversation, ConversationID: 8.4: Conversation Ending
04/13/2016 03:08:38 [11] INFO   Conversation                  : Conversation Failed
04/13/2016 03:08:38 [11] INFO   BackgroundThread              : Stopping 
04/13/2016 03:08:38 [11] DEBUG  BackgroundThread              : Leaving Stop
04/13/2016 03:08:38 [ 9] DEBUG  PlayerProcess                 : In Process GetGameList function.
04/13/2016 03:08:38 [ 9] DEBUG  ConversationFactory           : Creating Conversation of type GameListConversation
04/13/2016 03:08:38 [ 9] DEBUG  Dispatcher                    : Adding Conversation Player.Conversation.GameListConversation, 8.5
04/13/2016 03:08:38 [ 9] DEBUG  Dispatcher                    :       New Queue ID: 8.5
04/13/2016 03:08:38 [ 9] INFO   BackgroundThread              : Starting 
04/13/2016 03:08:40 [15] DEBUG  GameListConversation          : Queuing game list request. 
04/13/2016 03:08:40 [15] DEBUG  InitiatedConversation         : GameListConversation, ConversationID: 8.5: Conversation Id  for Initiated conversation: 8.5
04/13/2016 03:08:40 [15] DEBUG  Conversation                  : GameListConversation, ConversationID: 8.5: Setting Message IDs
04/13/2016 03:08:40 [15] DEBUG  Conversation                  : GameListConversation, ConversationID: 8.5: Conversation is initiating send.
04/13/2016 03:08:40 [15] DEBUG  PostMan                       : Sending UDP (Messages.RequestMessages.GameListRequest, MessageID: 8.5, ConversationID: 8.5)
Endpoint: 127.0.0.1:12000
JSON: {"__type":"GameListRequest:#Messages.RequestMessages","ConvId":{"Pid":8,"Seq":5},"MsgId":{"Pid":8,"Seq":5},"StatusFilter":4}
04/13/2016 03:08:40 [15] DEBUG  PostMan                       : Message Delivered
04/13/2016 03:08:40 [15] DEBUG  Conversation                  : GameListConversation, ConversationID: 8.5: Send succeeded.
04/13/2016 03:08:40 [10] DEBUG  PostMan                       : Received UDP (Messages.ReplyMessages.GameListReply, MessageID: 1.108, ConversationID: 8.5)
JSON: {"__type":"GameListReply:#Messages.ReplyMessages","ConvId":{"Pid":8,"Seq":5},"MsgId":{"Pid":1,"Seq":108},"Note":null,"Success":true,"GameInfo":[]}
04/13/2016 03:08:40 [11] INFO   ispatcher+<>c__DisplayClass7_0: New Message Received: (Messages.ReplyMessages.GameListReply)
04/13/2016 03:08:40 [11] INFO   ispatcher+<>c__DisplayClass7_0: MessageId: 1.108ConversationId: 8.5
04/13/2016 03:08:40 [11] DEBUG  Dispatcher                    : Successsfully queued a new message of type GameListReply, for conversation: 8.5
04/13/2016 03:08:40 [15] DEBUG  Conversation                  : GameListConversation, ConversationID: 8.5: Message available!
04/13/2016 03:08:40 [15] DEBUG  Conversation                  : GameListConversation, ConversationID: 8.5: Message available!
04/13/2016 03:08:40 [15] DEBUG  Conversation                  : GameListConversation, ConversationID: 8.5: Received Message is valid
04/13/2016 03:08:40 [15] DEBUG  Conversation                  : Received a Message of type: GameListReply
04/13/2016 03:08:40 [15] ERROR  Conversation                  : GameListConversation, ConversationID: 8.5: No games are available. 
04/13/2016 03:08:40 [15] ERROR  Conversation                  : GameListConversation, ConversationID: 8.5: Conversation Failed
04/13/2016 03:08:40 [15] ERROR  Conversation                  : GameListConversation, ConversationID: 8.5: Conversation Ending
04/13/2016 03:08:40 [15] INFO   Conversation                  : Conversation Failed
04/13/2016 03:08:40 [15] INFO   BackgroundThread              : Stopping 
04/13/2016 03:08:40 [15] DEBUG  BackgroundThread              : Leaving Stop
04/13/2016 03:08:40 [15] ERROR  Conversation                  : GameListConversation, ConversationID: 8.5: Conversation Failed
04/13/2016 03:08:40 [15] ERROR  Conversation                  : GameListConversation, ConversationID: 8.5: Conversation Ending
04/13/2016 03:08:40 [15] INFO   Conversation                  : Conversation Failed
04/13/2016 03:08:40 [15] INFO   BackgroundThread              : Stopping 
04/13/2016 03:08:40 [15] DEBUG  BackgroundThread              : Leaving Stop
04/13/2016 03:08:41 [ 9] DEBUG  PlayerProcess                 : In Process GetGameList function.
04/13/2016 03:08:41 [ 9] DEBUG  ConversationFactory           : Creating Conversation of type GameListConversation
04/13/2016 03:08:41 [ 9] DEBUG  Dispatcher                    : Adding Conversation Player.Conversation.GameListConversation, 8.6
04/13/2016 03:08:41 [ 9] DEBUG  Dispatcher                    :       New Queue ID: 8.6
04/13/2016 03:08:41 [ 9] INFO   BackgroundThread              : Starting 
04/13/2016 03:08:43 [11] DEBUG  GameListConversation          : Queuing game list request. 
04/13/2016 03:08:43 [11] DEBUG  InitiatedConversation         : GameListConversation, ConversationID: 8.6: Conversation Id  for Initiated conversation: 8.6
04/13/2016 03:08:43 [11] DEBUG  Conversation                  : GameListConversation, ConversationID: 8.6: Setting Message IDs
04/13/2016 03:08:43 [11] DEBUG  Conversation                  : GameListConversation, ConversationID: 8.6: Conversation is initiating send.
04/13/2016 03:08:43 [11] DEBUG  PostMan                       : Sending UDP (Messages.RequestMessages.GameListRequest, MessageID: 8.6, ConversationID: 8.6)
Endpoint: 127.0.0.1:12000
JSON: {"__type":"GameListRequest:#Messages.RequestMessages","ConvId":{"Pid":8,"Seq":6},"MsgId":{"Pid":8,"Seq":6},"StatusFilter":4}
04/13/2016 03:08:43 [11] DEBUG  PostMan                       : Message Delivered
04/13/2016 03:08:43 [10] DEBUG  PostMan                       : Received UDP (Messages.ReplyMessages.GameListReply, MessageID: 1.109, ConversationID: 8.6)
JSON: {"__type":"GameListReply:#Messages.ReplyMessages","ConvId":{"Pid":8,"Seq":6},"MsgId":{"Pid":1,"Seq":109},"Note":null,"Success":true,"GameInfo":[]}
04/13/2016 03:08:43 [11] DEBUG  Conversation                  : GameListConversation, ConversationID: 8.6: Send succeeded.
04/13/2016 03:08:43 [12] INFO   ispatcher+<>c__DisplayClass7_0: New Message Received: (Messages.ReplyMessages.GameListReply)
04/13/2016 03:08:43 [12] INFO   ispatcher+<>c__DisplayClass7_0: MessageId: 1.109ConversationId: 8.6
04/13/2016 03:08:43 [12] DEBUG  Dispatcher                    : Successsfully queued a new message of type GameListReply, for conversation: 8.6
04/13/2016 03:08:43 [11] DEBUG  Conversation                  : GameListConversation, ConversationID: 8.6: Message available!
04/13/2016 03:08:43 [11] DEBUG  Conversation                  : GameListConversation, ConversationID: 8.6: Message available!
04/13/2016 03:08:43 [11] DEBUG  Conversation                  : GameListConversation, ConversationID: 8.6: Received Message is valid
04/13/2016 03:08:43 [11] DEBUG  Conversation                  : Received a Message of type: GameListReply
04/13/2016 03:08:43 [11] ERROR  Conversation                  : GameListConversation, ConversationID: 8.6: No games are available. 
04/13/2016 03:08:43 [11] ERROR  Conversation                  : GameListConversation, ConversationID: 8.6: Conversation Failed
04/13/2016 03:08:43 [11] ERROR  Conversation                  : GameListConversation, ConversationID: 8.6: Conversation Ending
04/13/2016 03:08:43 [11] INFO   Conversation                  : Conversation Failed
04/13/2016 03:08:43 [11] INFO   BackgroundThread              : Stopping 
04/13/2016 03:08:43 [11] DEBUG  BackgroundThread              : Leaving Stop
04/13/2016 03:08:43 [11] ERROR  Conversation                  : GameListConversation, ConversationID: 8.6: Conversation Failed
04/13/2016 03:08:43 [11] ERROR  Conversation                  : GameListConversation, ConversationID: 8.6: Conversation Ending
04/13/2016 03:08:43 [11] INFO   Conversation                  : Conversation Failed
04/13/2016 03:08:43 [11] INFO   BackgroundThread              : Stopping 
04/13/2016 03:08:43 [11] DEBUG  BackgroundThread              : Leaving Stop
04/13/2016 03:08:43 [ 9] DEBUG  PlayerProcess                 : In Process GetGameList function.
04/13/2016 03:08:43 [ 9] DEBUG  ConversationFactory           : Creating Conversation of type GameListConversation
04/13/2016 03:08:43 [ 9] DEBUG  Dispatcher                    : Adding Conversation Player.Conversation.GameListConversation, 8.7
04/13/2016 03:08:43 [ 9] DEBUG  Dispatcher                    :       New Queue ID: 8.7
04/13/2016 03:08:43 [ 9] INFO   BackgroundThread              : Starting 
04/13/2016 03:08:46 [16] DEBUG  GameListConversation          : Queuing game list request. 
04/13/2016 03:08:46 [16] DEBUG  InitiatedConversation         : GameListConversation, ConversationID: 8.7: Conversation Id  for Initiated conversation: 8.7
04/13/2016 03:08:46 [16] DEBUG  Conversation                  : GameListConversation, ConversationID: 8.7: Setting Message IDs
04/13/2016 03:08:46 [16] DEBUG  Conversation                  : GameListConversation, ConversationID: 8.7: Conversation is initiating send.
04/13/2016 03:08:46 [16] DEBUG  PostMan                       : Sending UDP (Messages.RequestMessages.GameListRequest, MessageID: 8.7, ConversationID: 8.7)
Endpoint: 127.0.0.1:12000
JSON: {"__type":"GameListRequest:#Messages.RequestMessages","ConvId":{"Pid":8,"Seq":7},"MsgId":{"Pid":8,"Seq":7},"StatusFilter":4}
04/13/2016 03:08:46 [16] DEBUG  PostMan                       : Message Delivered
04/13/2016 03:08:46 [10] DEBUG  PostMan                       : Received UDP (Messages.ReplyMessages.GameListReply, MessageID: 1.110, ConversationID: 8.7)
JSON: {"__type":"GameListReply:#Messages.ReplyMessages","ConvId":{"Pid":8,"Seq":7},"MsgId":{"Pid":1,"Seq":110},"Note":null,"Success":true,"GameInfo":[]}
04/13/2016 03:08:46 [16] DEBUG  Conversation                  : GameListConversation, ConversationID: 8.7: Send succeeded.
04/13/2016 03:08:46 [11] INFO   ispatcher+<>c__DisplayClass7_0: New Message Received: (Messages.ReplyMessages.GameListReply)
04/13/2016 03:08:46 [11] INFO   ispatcher+<>c__DisplayClass7_0: MessageId: 1.110ConversationId: 8.7
04/13/2016 03:08:46 [11] DEBUG  Dispatcher                    : Successsfully queued a new message of type GameListReply, for conversation: 8.7
04/13/2016 03:08:46 [16] DEBUG  Conversation                  : GameListConversation, ConversationID: 8.7: Message available!
04/13/2016 03:08:46 [16] DEBUG  Conversation                  : GameListConversation, ConversationID: 8.7: Message available!
04/13/2016 03:08:46 [16] DEBUG  Conversation                  : GameListConversation, ConversationID: 8.7: Received Message is valid
04/13/2016 03:08:46 [16] DEBUG  Conversation                  : Received a Message of type: GameListReply
04/13/2016 03:08:46 [16] ERROR  Conversation                  : GameListConversation, ConversationID: 8.7: No games are available. 
04/13/2016 03:08:46 [16] ERROR  Conversation                  : GameListConversation, ConversationID: 8.7: Conversation Failed
04/13/2016 03:08:46 [16] ERROR  Conversation                  : GameListConversation, ConversationID: 8.7: Conversation Ending
04/13/2016 03:08:46 [16] INFO   Conversation                  : Conversation Failed
04/13/2016 03:08:46 [16] INFO   BackgroundThread              : Stopping 
04/13/2016 03:08:46 [16] DEBUG  BackgroundThread              : Leaving Stop
04/13/2016 03:08:46 [16] ERROR  Conversation                  : GameListConversation, ConversationID: 8.7: Conversation Failed
04/13/2016 03:08:46 [16] ERROR  Conversation                  : GameListConversation, ConversationID: 8.7: Conversation Ending
04/13/2016 03:08:46 [16] INFO   Conversation                  : Conversation Failed
04/13/2016 03:08:46 [16] INFO   BackgroundThread              : Stopping 
04/13/2016 03:08:46 [16] DEBUG  BackgroundThread              : Leaving Stop
04/13/2016 03:08:46 [ 9] DEBUG  PlayerProcess                 : In Process GetGameList function.
04/13/2016 03:08:46 [ 9] DEBUG  ConversationFactory           : Creating Conversation of type GameListConversation
04/13/2016 03:08:46 [ 9] DEBUG  Dispatcher                    : Adding Conversation Player.Conversation.GameListConversation, 8.8
04/13/2016 03:08:46 [ 9] DEBUG  Dispatcher                    :       New Queue ID: 8.8
04/13/2016 03:08:46 [ 9] INFO   BackgroundThread              : Starting 
04/13/2016 03:08:49 [15] DEBUG  GameListConversation          : Queuing game list request. 
04/13/2016 03:08:49 [15] DEBUG  InitiatedConversation         : GameListConversation, ConversationID: 8.8: Conversation Id  for Initiated conversation: 8.8
04/13/2016 03:08:49 [15] DEBUG  Conversation                  : GameListConversation, ConversationID: 8.8: Setting Message IDs
04/13/2016 03:08:49 [15] DEBUG  Conversation                  : GameListConversation, ConversationID: 8.8: Conversation is initiating send.
04/13/2016 03:08:49 [15] DEBUG  PostMan                       : Sending UDP (Messages.RequestMessages.GameListRequest, MessageID: 8.8, ConversationID: 8.8)
Endpoint: 127.0.0.1:12000
JSON: {"__type":"GameListRequest:#Messages.RequestMessages","ConvId":{"Pid":8,"Seq":8},"MsgId":{"Pid":8,"Seq":8},"StatusFilter":4}
04/13/2016 03:08:49 [15] DEBUG  PostMan                       : Message Delivered
04/13/2016 03:08:49 [10] DEBUG  PostMan                       : Received UDP (Messages.ReplyMessages.GameListReply, MessageID: 1.111, ConversationID: 8.8)
JSON: {"__type":"GameListReply:#Messages.ReplyMessages","ConvId":{"Pid":8,"Seq":8},"MsgId":{"Pid":1,"Seq":111},"Note":null,"Success":true,"GameInfo":[]}
04/13/2016 03:08:49 [15] DEBUG  Conversation                  : GameListConversation, ConversationID: 8.8: Send succeeded.
04/13/2016 03:08:49 [11] INFO   ispatcher+<>c__DisplayClass7_0: New Message Received: (Messages.ReplyMessages.GameListReply)
04/13/2016 03:08:49 [11] INFO   ispatcher+<>c__DisplayClass7_0: MessageId: 1.111ConversationId: 8.8
04/13/2016 03:08:49 [11] DEBUG  Dispatcher                    : Successsfully queued a new message of type GameListReply, for conversation: 8.8
04/13/2016 03:08:49 [15] DEBUG  Conversation                  : GameListConversation, ConversationID: 8.8: Message available!
04/13/2016 03:08:49 [15] DEBUG  Conversation                  : GameListConversation, ConversationID: 8.8: Message available!
04/13/2016 03:08:49 [15] DEBUG  Conversation                  : GameListConversation, ConversationID: 8.8: Received Message is valid
04/13/2016 03:08:49 [15] DEBUG  Conversation                  : Received a Message of type: GameListReply
04/13/2016 03:08:49 [15] ERROR  Conversation                  : GameListConversation, ConversationID: 8.8: No games are available. 
04/13/2016 03:08:49 [15] ERROR  Conversation                  : GameListConversation, ConversationID: 8.8: Conversation Failed
04/13/2016 03:08:49 [15] ERROR  Conversation                  : GameListConversation, ConversationID: 8.8: Conversation Ending
04/13/2016 03:08:49 [15] INFO   Conversation                  : Conversation Failed
04/13/2016 03:08:49 [15] INFO   BackgroundThread              : Stopping 
04/13/2016 03:08:49 [15] DEBUG  BackgroundThread              : Leaving Stop
04/13/2016 03:08:49 [15] ERROR  Conversation                  : GameListConversation, ConversationID: 8.8: Conversation Failed
04/13/2016 03:08:49 [15] ERROR  Conversation                  : GameListConversation, ConversationID: 8.8: Conversation Ending
04/13/2016 03:08:49 [15] INFO   Conversation                  : Conversation Failed
04/13/2016 03:08:49 [15] INFO   BackgroundThread              : Stopping 
04/13/2016 03:08:49 [15] DEBUG  BackgroundThread              : Leaving Stop
04/13/2016 03:08:49 [ 9] DEBUG  PlayerProcess                 : In Process GetGameList function.
04/13/2016 03:08:49 [ 9] DEBUG  ConversationFactory           : Creating Conversation of type GameListConversation
04/13/2016 03:08:49 [ 9] DEBUG  Dispatcher                    : Adding Conversation Player.Conversation.GameListConversation, 8.9
04/13/2016 03:08:49 [ 9] DEBUG  Dispatcher                    :       New Queue ID: 8.9
04/13/2016 03:08:49 [ 9] INFO   BackgroundThread              : Starting 
04/13/2016 03:08:51 [10] DEBUG  PostMan                       : Received UDP (Messages.RequestMessages.AliveRequest, MessageID: 1.112, ConversationID: 1.112)
JSON: {"__type":"AliveRequest:#Messages.RequestMessages","ConvId":{"Pid":1,"Seq":112},"MsgId":{"Pid":1,"Seq":112}}
04/13/2016 03:08:51 [11] INFO   ispatcher+<>c__DisplayClass7_0: New Message Received: (Messages.RequestMessages.AliveRequest)
04/13/2016 03:08:51 [11] INFO   ispatcher+<>c__DisplayClass7_0: MessageId: 1.112ConversationId: 1.112
04/13/2016 03:08:51 [11] DEBUG  Dispatcher                    : Conversation  with id= 1.112 does not exist, trying to create new conversation.
04/13/2016 03:08:51 [11] DEBUG  ConversationFactory           : Creating Conversation of type AliveConversation
04/13/2016 03:08:51 [11] DEBUG  Dispatcher                    : Adding Conversation Player.Conversation.AliveConversation, 1.112
04/13/2016 03:08:51 [11] DEBUG  Dispatcher                    :       New Queue ID: 1.112
04/13/2016 03:08:51 [11] DEBUG  Dispatcher                    : Successsfully queued a new message of type AliveRequest, for conversation: 1.112
04/13/2016 03:08:51 [11] INFO   BackgroundThread              : Starting 
04/13/2016 03:08:51 [15] DEBUG  Conversation                  : AliveConversation, ConversationID: 1.112: Message available!
04/13/2016 03:08:51 [15] DEBUG  Conversation                  : AliveConversation, ConversationID: 1.112: Message available!
04/13/2016 03:08:51 [15] DEBUG  Conversation                  : AliveConversation, ConversationID: 1.112: Message available!
04/13/2016 03:08:51 [15] DEBUG  Conversation                  : AliveConversation, ConversationID: 1.112: Received Message is valid
04/13/2016 03:08:51 [15] DEBUG  Conversation                  : Received a Message of type: AliveRequest
04/13/2016 03:08:51 [15] DEBUG  AliveConversation             : Creating Alive Response
04/13/2016 03:08:51 [15] DEBUG  ResponseConversation          : AliveConversation, ConversationID: 1.112: Conversation Id  for Response conversation: 1.112
04/13/2016 03:08:51 [15] DEBUG  Conversation                  : AliveConversation, ConversationID: 1.112: Setting Message IDs
04/13/2016 03:08:51 [15] DEBUG  Conversation                  : AliveConversation, ConversationID: 1.112: Conversation is initiating send.
04/13/2016 03:08:51 [15] DEBUG  PostMan                       : Sending UDP (Messages.ReplyMessages.Reply, MessageID: 8.10, ConversationID: 1.112)
Endpoint: 127.0.0.1:12000
JSON: {"__type":"Reply:#Messages.ReplyMessages","ConvId":{"Pid":1,"Seq":112},"MsgId":{"Pid":8,"Seq":10},"Note":"I'm Alive","Success":true}
04/13/2016 03:08:51 [15] DEBUG  PostMan                       : Message Delivered
04/13/2016 03:08:51 [15] DEBUG  Conversation                  : AliveConversation, ConversationID: 1.112: Send succeeded.
04/13/2016 03:08:51 [14] DEBUG  GameListConversation          : Queuing game list request. 
04/13/2016 03:08:51 [14] DEBUG  InitiatedConversation         : GameListConversation, ConversationID: 8.9: Conversation Id  for Initiated conversation: 8.9
04/13/2016 03:08:51 [14] DEBUG  Conversation                  : GameListConversation, ConversationID: 8.9: Setting Message IDs
04/13/2016 03:08:51 [14] DEBUG  Conversation                  : GameListConversation, ConversationID: 8.9: Conversation is initiating send.
04/13/2016 03:08:51 [14] DEBUG  PostMan                       : Sending UDP (Messages.RequestMessages.GameListRequest, MessageID: 8.9, ConversationID: 8.9)
Endpoint: 127.0.0.1:12000
JSON: {"__type":"GameListRequest:#Messages.RequestMessages","ConvId":{"Pid":8,"Seq":9},"MsgId":{"Pid":8,"Seq":9},"StatusFilter":4}
04/13/2016 03:08:51 [14] DEBUG  PostMan                       : Message Delivered
04/13/2016 03:08:51 [14] DEBUG  Conversation                  : GameListConversation, ConversationID: 8.9: Send succeeded.
04/13/2016 03:08:51 [10] DEBUG  PostMan                       : Received UDP (Messages.ReplyMessages.GameListReply, MessageID: 1.116, ConversationID: 8.9)
JSON: {"__type":"GameListReply:#Messages.ReplyMessages","ConvId":{"Pid":8,"Seq":9},"MsgId":{"Pid":1,"Seq":116},"Note":null,"Success":true,"GameInfo":[]}
04/13/2016 03:08:51 [12] INFO   ispatcher+<>c__DisplayClass7_0: New Message Received: (Messages.ReplyMessages.GameListReply)
04/13/2016 03:08:52 [12] INFO   ispatcher+<>c__DisplayClass7_0: MessageId: 1.116ConversationId: 8.9
04/13/2016 03:08:52 [12] DEBUG  Dispatcher                    : Successsfully queued a new message of type GameListReply, for conversation: 8.9
04/13/2016 03:08:52 [14] DEBUG  Conversation                  : GameListConversation, ConversationID: 8.9: Message available!
04/13/2016 03:08:52 [14] DEBUG  Conversation                  : GameListConversation, ConversationID: 8.9: Message available!
04/13/2016 03:08:52 [14] DEBUG  Conversation                  : GameListConversation, ConversationID: 8.9: Received Message is valid
04/13/2016 03:08:52 [14] DEBUG  Conversation                  : Received a Message of type: GameListReply
04/13/2016 03:08:52 [14] ERROR  Conversation                  : GameListConversation, ConversationID: 8.9: No games are available. 
04/13/2016 03:08:52 [14] ERROR  Conversation                  : GameListConversation, ConversationID: 8.9: Conversation Failed
04/13/2016 03:08:52 [14] ERROR  Conversation                  : GameListConversation, ConversationID: 8.9: Conversation Ending
04/13/2016 03:08:52 [14] INFO   Conversation                  : Conversation Failed
04/13/2016 03:08:52 [14] INFO   BackgroundThread              : Stopping 
04/13/2016 03:08:52 [14] DEBUG  BackgroundThread              : Leaving Stop
04/13/2016 03:08:52 [14] ERROR  Conversation                  : GameListConversation, ConversationID: 8.9: Conversation Failed
04/13/2016 03:08:52 [14] ERROR  Conversation                  : GameListConversation, ConversationID: 8.9: Conversation Ending
04/13/2016 03:08:52 [ 9] DEBUG  PlayerProcess                 : In Process GetGameList function.
04/13/2016 03:08:52 [14] INFO   Conversation                  : Conversation Failed
04/13/2016 03:08:52 [14] INFO   BackgroundThread              : Stopping 
04/13/2016 03:08:52 [14] DEBUG  BackgroundThread              : Leaving Stop
04/13/2016 03:08:52 [ 9] DEBUG  ConversationFactory           : Creating Conversation of type GameListConversation
04/13/2016 03:08:52 [ 9] DEBUG  Dispatcher                    : Adding Conversation Player.Conversation.GameListConversation, 8.11
04/13/2016 03:08:52 [ 9] DEBUG  Dispatcher                    :       New Queue ID: 8.11
04/13/2016 03:08:52 [ 9] INFO   BackgroundThread              : Starting 
04/13/2016 03:08:54 [11] DEBUG  GameListConversation          : Queuing game list request. 
04/13/2016 03:08:54 [11] DEBUG  InitiatedConversation         : GameListConversation, ConversationID: 8.11: Conversation Id  for Initiated conversation: 8.11
04/13/2016 03:08:54 [11] DEBUG  Conversation                  : GameListConversation, ConversationID: 8.11: Setting Message IDs
04/13/2016 03:08:54 [11] DEBUG  Conversation                  : GameListConversation, ConversationID: 8.11: Conversation is initiating send.
04/13/2016 03:08:54 [11] DEBUG  PostMan                       : Sending UDP (Messages.RequestMessages.GameListRequest, MessageID: 8.11, ConversationID: 8.11)
Endpoint: 127.0.0.1:12000
JSON: {"__type":"GameListRequest:#Messages.RequestMessages","ConvId":{"Pid":8,"Seq":11},"MsgId":{"Pid":8,"Seq":11},"StatusFilter":4}
04/13/2016 03:08:54 [11] DEBUG  PostMan                       : Message Delivered
04/13/2016 03:08:54 [10] DEBUG  PostMan                       : Received UDP (Messages.ReplyMessages.GameListReply, MessageID: 1.117, ConversationID: 8.11)
JSON: {"__type":"GameListReply:#Messages.ReplyMessages","ConvId":{"Pid":8,"Seq":11},"MsgId":{"Pid":1,"Seq":117},"Note":null,"Success":true,"GameInfo":[]}
04/13/2016 03:08:54 [11] DEBUG  Conversation                  : GameListConversation, ConversationID: 8.11: Send succeeded.
04/13/2016 03:08:54 [12] INFO   ispatcher+<>c__DisplayClass7_0: New Message Received: (Messages.ReplyMessages.GameListReply)
04/13/2016 03:08:54 [12] INFO   ispatcher+<>c__DisplayClass7_0: MessageId: 1.117ConversationId: 8.11
04/13/2016 03:08:54 [12] DEBUG  Dispatcher                    : Successsfully queued a new message of type GameListReply, for conversation: 8.11
04/13/2016 03:08:54 [11] DEBUG  Conversation                  : GameListConversation, ConversationID: 8.11: Message available!
04/13/2016 03:08:54 [11] DEBUG  Conversation                  : GameListConversation, ConversationID: 8.11: Message available!
04/13/2016 03:08:54 [11] DEBUG  Conversation                  : GameListConversation, ConversationID: 8.11: Received Message is valid
04/13/2016 03:08:54 [11] DEBUG  Conversation                  : Received a Message of type: GameListReply
04/13/2016 03:08:54 [11] ERROR  Conversation                  : GameListConversation, ConversationID: 8.11: No games are available. 
04/13/2016 03:08:54 [11] ERROR  Conversation                  : GameListConversation, ConversationID: 8.11: Conversation Failed
04/13/2016 03:08:55 [11] ERROR  Conversation                  : GameListConversation, ConversationID: 8.11: Conversation Ending
04/13/2016 03:08:55 [11] INFO   Conversation                  : Conversation Failed
04/13/2016 03:08:55 [11] INFO   BackgroundThread              : Stopping 
04/13/2016 03:08:55 [11] DEBUG  BackgroundThread              : Leaving Stop
04/13/2016 03:08:55 [11] ERROR  Conversation                  : GameListConversation, ConversationID: 8.11: Conversation Failed
04/13/2016 03:08:55 [11] ERROR  Conversation                  : GameListConversation, ConversationID: 8.11: Conversation Ending
04/13/2016 03:08:55 [11] INFO   Conversation                  : Conversation Failed
04/13/2016 03:08:55 [11] INFO   BackgroundThread              : Stopping 
04/13/2016 03:08:55 [11] DEBUG  BackgroundThread              : Leaving Stop
04/13/2016 03:08:55 [ 9] DEBUG  PlayerProcess                 : In Process GetGameList function.
04/13/2016 03:08:55 [ 9] DEBUG  ConversationFactory           : Creating Conversation of type GameListConversation
04/13/2016 03:08:55 [ 9] DEBUG  Dispatcher                    : Adding Conversation Player.Conversation.GameListConversation, 8.12
04/13/2016 03:08:55 [ 9] DEBUG  Dispatcher                    :       New Queue ID: 8.12
04/13/2016 03:08:55 [ 9] INFO   BackgroundThread              : Starting 
04/13/2016 03:08:57 [14] DEBUG  GameListConversation          : Queuing game list request. 
04/13/2016 03:08:57 [14] DEBUG  InitiatedConversation         : GameListConversation, ConversationID: 8.12: Conversation Id  for Initiated conversation: 8.12
04/13/2016 03:08:57 [14] DEBUG  Conversation                  : GameListConversation, ConversationID: 8.12: Setting Message IDs
04/13/2016 03:08:57 [14] DEBUG  Conversation                  : GameListConversation, ConversationID: 8.12: Conversation is initiating send.
04/13/2016 03:08:57 [14] DEBUG  PostMan                       : Sending UDP (Messages.RequestMessages.GameListRequest, MessageID: 8.12, ConversationID: 8.12)
Endpoint: 127.0.0.1:12000
JSON: {"__type":"GameListRequest:#Messages.RequestMessages","ConvId":{"Pid":8,"Seq":12},"MsgId":{"Pid":8,"Seq":12},"StatusFilter":4}
04/13/2016 03:08:57 [14] DEBUG  PostMan                       : Message Delivered
04/13/2016 03:08:57 [10] DEBUG  PostMan                       : Received UDP (Messages.ReplyMessages.GameListReply, MessageID: 1.118, ConversationID: 8.12)
JSON: {"__type":"GameListReply:#Messages.ReplyMessages","ConvId":{"Pid":8,"Seq":12},"MsgId":{"Pid":1,"Seq":118},"Note":null,"Success":true,"GameInfo":[]}
04/13/2016 03:08:57 [14] DEBUG  Conversation                  : GameListConversation, ConversationID: 8.12: Send succeeded.
04/13/2016 03:08:57 [16] INFO   ispatcher+<>c__DisplayClass7_0: New Message Received: (Messages.ReplyMessages.GameListReply)
04/13/2016 03:08:57 [16] INFO   ispatcher+<>c__DisplayClass7_0: MessageId: 1.118ConversationId: 8.12
04/13/2016 03:08:57 [16] DEBUG  Dispatcher                    : Successsfully queued a new message of type GameListReply, for conversation: 8.12
04/13/2016 03:08:57 [14] DEBUG  Conversation                  : GameListConversation, ConversationID: 8.12: Message available!
04/13/2016 03:08:57 [14] DEBUG  Conversation                  : GameListConversation, ConversationID: 8.12: Message available!
04/13/2016 03:08:57 [14] DEBUG  Conversation                  : GameListConversation, ConversationID: 8.12: Received Message is valid
04/13/2016 03:08:57 [14] DEBUG  Conversation                  : Received a Message of type: GameListReply
04/13/2016 03:08:57 [14] ERROR  Conversation                  : GameListConversation, ConversationID: 8.12: No games are available. 
04/13/2016 03:08:57 [14] ERROR  Conversation                  : GameListConversation, ConversationID: 8.12: Conversation Failed
04/13/2016 03:08:57 [14] ERROR  Conversation                  : GameListConversation, ConversationID: 8.12: Conversation Ending
04/13/2016 03:08:57 [14] INFO   Conversation                  : Conversation Failed
04/13/2016 03:08:57 [14] INFO   BackgroundThread              : Stopping 
04/13/2016 03:08:57 [14] DEBUG  BackgroundThread              : Leaving Stop
04/13/2016 03:08:57 [14] ERROR  Conversation                  : GameListConversation, ConversationID: 8.12: Conversation Failed
04/13/2016 03:08:57 [14] ERROR  Conversation                  : GameListConversation, ConversationID: 8.12: Conversation Ending
04/13/2016 03:08:57 [14] INFO   Conversation                  : Conversation Failed
04/13/2016 03:08:57 [14] INFO   BackgroundThread              : Stopping 
04/13/2016 03:08:57 [14] DEBUG  BackgroundThread              : Leaving Stop
04/13/2016 03:08:58 [ 9] DEBUG  PlayerProcess                 : In Process GetGameList function.
04/13/2016 03:08:58 [ 9] DEBUG  ConversationFactory           : Creating Conversation of type GameListConversation
04/13/2016 03:08:58 [ 9] DEBUG  Dispatcher                    : Adding Conversation Player.Conversation.GameListConversation, 8.13
04/13/2016 03:08:58 [ 9] DEBUG  Dispatcher                    :       New Queue ID: 8.13
04/13/2016 03:08:58 [ 9] INFO   BackgroundThread              : Starting 
04/13/2016 03:09:00 [16] DEBUG  GameListConversation          : Queuing game list request. 
04/13/2016 03:09:00 [16] DEBUG  InitiatedConversation         : GameListConversation, ConversationID: 8.13: Conversation Id  for Initiated conversation: 8.13
04/13/2016 03:09:00 [16] DEBUG  Conversation                  : GameListConversation, ConversationID: 8.13: Setting Message IDs
04/13/2016 03:09:00 [16] DEBUG  Conversation                  : GameListConversation, ConversationID: 8.13: Conversation is initiating send.
04/13/2016 03:09:00 [16] DEBUG  PostMan                       : Sending UDP (Messages.RequestMessages.GameListRequest, MessageID: 8.13, ConversationID: 8.13)
Endpoint: 127.0.0.1:12000
JSON: {"__type":"GameListRequest:#Messages.RequestMessages","ConvId":{"Pid":8,"Seq":13},"MsgId":{"Pid":8,"Seq":13},"StatusFilter":4}
04/13/2016 03:09:00 [16] DEBUG  PostMan                       : Message Delivered
04/13/2016 03:09:00 [10] DEBUG  PostMan                       : Received UDP (Messages.ReplyMessages.GameListReply, MessageID: 1.119, ConversationID: 8.13)
JSON: {"__type":"GameListReply:#Messages.ReplyMessages","ConvId":{"Pid":8,"Seq":13},"MsgId":{"Pid":1,"Seq":119},"Note":null,"Success":true,"GameInfo":[]}
04/13/2016 03:09:00 [16] DEBUG  Conversation                  : GameListConversation, ConversationID: 8.13: Send succeeded.
04/13/2016 03:09:00 [14] INFO   ispatcher+<>c__DisplayClass7_0: New Message Received: (Messages.ReplyMessages.GameListReply)
04/13/2016 03:09:00 [14] INFO   ispatcher+<>c__DisplayClass7_0: MessageId: 1.119ConversationId: 8.13
04/13/2016 03:09:00 [14] DEBUG  Dispatcher                    : Successsfully queued a new message of type GameListReply, for conversation: 8.13
04/13/2016 03:09:00 [16] DEBUG  Conversation                  : GameListConversation, ConversationID: 8.13: Message available!
04/13/2016 03:09:00 [16] DEBUG  Conversation                  : GameListConversation, ConversationID: 8.13: Message available!
04/13/2016 03:09:00 [16] DEBUG  Conversation                  : GameListConversation, ConversationID: 8.13: Received Message is valid
04/13/2016 03:09:00 [16] DEBUG  Conversation                  : Received a Message of type: GameListReply
04/13/2016 03:09:00 [16] ERROR  Conversation                  : GameListConversation, ConversationID: 8.13: No games are available. 
04/13/2016 03:09:00 [16] ERROR  Conversation                  : GameListConversation, ConversationID: 8.13: Conversation Failed
04/13/2016 03:09:00 [16] ERROR  Conversation                  : GameListConversation, ConversationID: 8.13: Conversation Ending
04/13/2016 03:09:00 [16] INFO   Conversation                  : Conversation Failed
04/13/2016 03:09:00 [16] INFO   BackgroundThread              : Stopping 
04/13/2016 03:09:00 [16] DEBUG  BackgroundThread              : Leaving Stop
04/13/2016 03:09:00 [16] ERROR  Conversation                  : GameListConversation, ConversationID: 8.13: Conversation Failed
04/13/2016 03:09:00 [16] ERROR  Conversation                  : GameListConversation, ConversationID: 8.13: Conversation Ending
04/13/2016 03:09:00 [16] INFO   Conversation                  : Conversation Failed
04/13/2016 03:09:00 [16] INFO   BackgroundThread              : Stopping 
04/13/2016 03:09:00 [16] DEBUG  BackgroundThread              : Leaving Stop
04/13/2016 03:09:00 [ 9] DEBUG  PlayerProcess                 : In Process GetGameList function.
04/13/2016 03:09:00 [ 9] DEBUG  ConversationFactory           : Creating Conversation of type GameListConversation
04/13/2016 03:09:00 [ 9] DEBUG  Dispatcher                    : Adding Conversation Player.Conversation.GameListConversation, 8.14
04/13/2016 03:09:00 [ 9] DEBUG  Dispatcher                    :       New Queue ID: 8.14
04/13/2016 03:09:00 [ 9] INFO   BackgroundThread              : Starting 
04/13/2016 03:09:03 [14] DEBUG  GameListConversation          : Queuing game list request. 
04/13/2016 03:09:03 [14] DEBUG  InitiatedConversation         : GameListConversation, ConversationID: 8.14: Conversation Id  for Initiated conversation: 8.14
04/13/2016 03:09:03 [14] DEBUG  Conversation                  : GameListConversation, ConversationID: 8.14: Setting Message IDs
04/13/2016 03:09:03 [14] DEBUG  Conversation                  : GameListConversation, ConversationID: 8.14: Conversation is initiating send.
04/13/2016 03:09:03 [14] DEBUG  PostMan                       : Sending UDP (Messages.RequestMessages.GameListRequest, MessageID: 8.14, ConversationID: 8.14)
Endpoint: 127.0.0.1:12000
JSON: {"__type":"GameListRequest:#Messages.RequestMessages","ConvId":{"Pid":8,"Seq":14},"MsgId":{"Pid":8,"Seq":14},"StatusFilter":4}
04/13/2016 03:09:03 [14] DEBUG  PostMan                       : Message Delivered
04/13/2016 03:09:03 [10] DEBUG  PostMan                       : Received UDP (Messages.ReplyMessages.GameListReply, MessageID: 1.120, ConversationID: 8.14)
JSON: {"__type":"GameListReply:#Messages.ReplyMessages","ConvId":{"Pid":8,"Seq":14},"MsgId":{"Pid":1,"Seq":120},"Note":null,"Success":true,"GameInfo":[]}
04/13/2016 03:09:03 [14] DEBUG  Conversation                  : GameListConversation, ConversationID: 8.14: Send succeeded.
04/13/2016 03:09:03 [16] INFO   ispatcher+<>c__DisplayClass7_0: New Message Received: (Messages.ReplyMessages.GameListReply)
04/13/2016 03:09:03 [16] INFO   ispatcher+<>c__DisplayClass7_0: MessageId: 1.120ConversationId: 8.14
04/13/2016 03:09:03 [16] DEBUG  Dispatcher                    : Successsfully queued a new message of type GameListReply, for conversation: 8.14
04/13/2016 03:09:03 [14] DEBUG  Conversation                  : GameListConversation, ConversationID: 8.14: Message available!
04/13/2016 03:09:03 [14] DEBUG  Conversation                  : GameListConversation, ConversationID: 8.14: Message available!
04/13/2016 03:09:03 [14] DEBUG  Conversation                  : GameListConversation, ConversationID: 8.14: Received Message is valid
04/13/2016 03:09:03 [14] DEBUG  Conversation                  : Received a Message of type: GameListReply
04/13/2016 03:09:03 [14] ERROR  Conversation                  : GameListConversation, ConversationID: 8.14: No games are available. 
04/13/2016 03:09:03 [14] ERROR  Conversation                  : GameListConversation, ConversationID: 8.14: Conversation Failed
04/13/2016 03:09:03 [14] ERROR  Conversation                  : GameListConversation, ConversationID: 8.14: Conversation Ending
04/13/2016 03:09:03 [14] INFO   Conversation                  : Conversation Failed
04/13/2016 03:09:03 [14] INFO   BackgroundThread              : Stopping 
04/13/2016 03:09:03 [14] DEBUG  BackgroundThread              : Leaving Stop
04/13/2016 03:09:03 [14] ERROR  Conversation                  : GameListConversation, ConversationID: 8.14: Conversation Failed
04/13/2016 03:09:03 [14] ERROR  Conversation                  : GameListConversation, ConversationID: 8.14: Conversation Ending
04/13/2016 03:09:03 [14] INFO   Conversation                  : Conversation Failed
04/13/2016 03:09:03 [14] INFO   BackgroundThread              : Stopping 
04/13/2016 03:09:03 [14] DEBUG  BackgroundThread              : Leaving Stop
04/13/2016 03:09:03 [ 9] DEBUG  PlayerProcess                 : In Process GetGameList function.
04/13/2016 03:09:03 [ 9] DEBUG  ConversationFactory           : Creating Conversation of type GameListConversation
04/13/2016 03:09:03 [ 9] DEBUG  Dispatcher                    : Adding Conversation Player.Conversation.GameListConversation, 8.15
04/13/2016 03:09:03 [ 9] DEBUG  Dispatcher                    :       New Queue ID: 8.15
04/13/2016 03:09:03 [ 9] INFO   BackgroundThread              : Starting 
04/13/2016 03:09:06 [16] DEBUG  GameListConversation          : Queuing game list request. 
04/13/2016 03:09:06 [16] DEBUG  InitiatedConversation         : GameListConversation, ConversationID: 8.15: Conversation Id  for Initiated conversation: 8.15
04/13/2016 03:09:06 [16] DEBUG  Conversation                  : GameListConversation, ConversationID: 8.15: Setting Message IDs
04/13/2016 03:09:06 [16] DEBUG  Conversation                  : GameListConversation, ConversationID: 8.15: Conversation is initiating send.
04/13/2016 03:09:06 [16] DEBUG  PostMan                       : Sending UDP (Messages.RequestMessages.GameListRequest, MessageID: 8.15, ConversationID: 8.15)
Endpoint: 127.0.0.1:12000
JSON: {"__type":"GameListRequest:#Messages.RequestMessages","ConvId":{"Pid":8,"Seq":15},"MsgId":{"Pid":8,"Seq":15},"StatusFilter":4}
04/13/2016 03:09:06 [16] DEBUG  PostMan                       : Message Delivered
04/13/2016 03:09:06 [10] DEBUG  PostMan                       : Received UDP (Messages.ReplyMessages.GameListReply, MessageID: 1.121, ConversationID: 8.15)
JSON: {"__type":"GameListReply:#Messages.ReplyMessages","ConvId":{"Pid":8,"Seq":15},"MsgId":{"Pid":1,"Seq":121},"Note":null,"Success":true,"GameInfo":[]}
04/13/2016 03:09:06 [16] DEBUG  Conversation                  : GameListConversation, ConversationID: 8.15: Send succeeded.
04/13/2016 03:09:06 [11] INFO   ispatcher+<>c__DisplayClass7_0: New Message Received: (Messages.ReplyMessages.GameListReply)
04/13/2016 03:09:06 [11] INFO   ispatcher+<>c__DisplayClass7_0: MessageId: 1.121ConversationId: 8.15
04/13/2016 03:09:06 [11] DEBUG  Dispatcher                    : Successsfully queued a new message of type GameListReply, for conversation: 8.15
04/13/2016 03:09:06 [16] DEBUG  Conversation                  : GameListConversation, ConversationID: 8.15: Message available!
04/13/2016 03:09:06 [16] DEBUG  Conversation                  : GameListConversation, ConversationID: 8.15: Message available!
04/13/2016 03:09:06 [16] DEBUG  Conversation                  : GameListConversation, ConversationID: 8.15: Received Message is valid
04/13/2016 03:09:06 [16] DEBUG  Conversation                  : Received a Message of type: GameListReply
04/13/2016 03:09:06 [16] ERROR  Conversation                  : GameListConversation, ConversationID: 8.15: No games are available. 
04/13/2016 03:09:06 [16] ERROR  Conversation                  : GameListConversation, ConversationID: 8.15: Conversation Failed
04/13/2016 03:09:06 [16] ERROR  Conversation                  : GameListConversation, ConversationID: 8.15: Conversation Ending
04/13/2016 03:09:06 [16] INFO   Conversation                  : Conversation Failed
04/13/2016 03:09:06 [16] INFO   BackgroundThread              : Stopping 
04/13/2016 03:09:06 [16] DEBUG  BackgroundThread              : Leaving Stop
04/13/2016 03:09:06 [16] ERROR  Conversation                  : GameListConversation, ConversationID: 8.15: Conversation Failed
04/13/2016 03:09:06 [16] ERROR  Conversation                  : GameListConversation, ConversationID: 8.15: Conversation Ending
04/13/2016 03:09:06 [16] INFO   Conversation                  : Conversation Failed
04/13/2016 03:09:06 [16] INFO   BackgroundThread              : Stopping 
04/13/2016 03:09:06 [16] DEBUG  BackgroundThread              : Leaving Stop
04/13/2016 03:09:06 [ 9] DEBUG  PlayerProcess                 : In Process GetGameList function.
04/13/2016 03:09:06 [ 9] DEBUG  ConversationFactory           : Creating Conversation of type GameListConversation
04/13/2016 03:09:06 [ 9] DEBUG  Dispatcher                    : Adding Conversation Player.Conversation.GameListConversation, 8.16
04/13/2016 03:09:06 [ 9] DEBUG  Dispatcher                    :       New Queue ID: 8.16
04/13/2016 03:09:06 [ 9] INFO   BackgroundThread              : Starting 
04/13/2016 03:09:06 [10] DEBUG  PostMan                       : Received UDP (Messages.RequestMessages.ShutdownRequest, MessageID: 1.122, ConversationID: 1.122)
JSON: {"__type":"ShutdownRequest:#Messages.RequestMessages","ConvId":{"Pid":1,"Seq":122},"MsgId":{"Pid":1,"Seq":122}}
04/13/2016 03:09:06 [11] INFO   ispatcher+<>c__DisplayClass7_0: New Message Received: (Messages.RequestMessages.ShutdownRequest)
04/13/2016 03:09:06 [11] INFO   ispatcher+<>c__DisplayClass7_0: MessageId: 1.122ConversationId: 1.122
04/13/2016 03:09:06 [11] DEBUG  Dispatcher                    : Conversation  with id= 1.122 does not exist, trying to create new conversation.
04/13/2016 03:09:06 [11] ERROR  ConversationFactory           : Factory does not have a mapping for type: Messages.RequestMessages.ShutdownRequest
04/13/2016 03:09:06 [11] ERROR  Dispatcher                    : New conversation returned from factory is Null!
04/13/2016 03:09:06 [11] ERROR  Dispatcher                    : An error was encountered while creating a new conversation queue
04/13/2016 03:09:08 [14] DEBUG  GameListConversation          : Queuing game list request. 
04/13/2016 03:09:08 [14] DEBUG  InitiatedConversation         : GameListConversation, ConversationID: 8.16: Conversation Id  for Initiated conversation: 8.16
04/13/2016 03:09:08 [14] DEBUG  Conversation                  : GameListConversation, ConversationID: 8.16: Setting Message IDs
04/13/2016 03:09:08 [14] DEBUG  Conversation                  : GameListConversation, ConversationID: 8.16: Conversation is initiating send.
04/13/2016 03:09:08 [14] DEBUG  PostMan                       : Sending UDP (Messages.RequestMessages.GameListRequest, MessageID: 8.16, ConversationID: 8.16)
Endpoint: 127.0.0.1:12000
JSON: {"__type":"GameListRequest:#Messages.RequestMessages","ConvId":{"Pid":8,"Seq":16},"MsgId":{"Pid":8,"Seq":16},"StatusFilter":4}
04/13/2016 03:09:08 [14] DEBUG  PostMan                       : Message Delivered
04/13/2016 03:09:08 [14] DEBUG  Conversation                  : GameListConversation, ConversationID: 8.16: Send succeeded.
04/13/2016 03:09:15 [14] DEBUG  GameListConversation          : Queuing game list request. 
04/13/2016 03:09:15 [14] DEBUG  InitiatedConversation         : GameListConversation, ConversationID: 8.16: Conversation Id  for Initiated conversation: 8.16
04/13/2016 03:09:15 [14] DEBUG  Conversation                  : GameListConversation, ConversationID: 8.16: Setting Message IDs
04/13/2016 03:09:15 [14] DEBUG  Conversation                  : GameListConversation, ConversationID: 8.16: Conversation is initiating send.
04/13/2016 03:09:15 [14] DEBUG  PostMan                       : Sending UDP (Messages.RequestMessages.GameListRequest, MessageID: 8.16, ConversationID: 8.16)
Endpoint: 127.0.0.1:12000
JSON: {"__type":"GameListRequest:#Messages.RequestMessages","ConvId":{"Pid":8,"Seq":16},"MsgId":{"Pid":8,"Seq":16},"StatusFilter":4}
04/13/2016 03:09:15 [14] DEBUG  PostMan                       : Message Delivered
04/13/2016 03:09:15 [14] DEBUG  Conversation                  : GameListConversation, ConversationID: 8.16: Send succeeded.
04/13/2016 03:09:21 [14] DEBUG  GameListConversation          : Queuing game list request. 
04/13/2016 03:09:21 [14] DEBUG  InitiatedConversation         : GameListConversation, ConversationID: 8.16: Conversation Id  for Initiated conversation: 8.16
04/13/2016 03:09:21 [14] DEBUG  Conversation                  : GameListConversation, ConversationID: 8.16: Setting Message IDs
04/13/2016 03:09:21 [14] DEBUG  Conversation                  : GameListConversation, ConversationID: 8.16: Conversation is initiating send.
04/13/2016 03:09:21 [14] DEBUG  PostMan                       : Sending UDP (Messages.RequestMessages.GameListRequest, MessageID: 8.16, ConversationID: 8.16)
Endpoint: 127.0.0.1:12000
JSON: {"__type":"GameListRequest:#Messages.RequestMessages","ConvId":{"Pid":8,"Seq":16},"MsgId":{"Pid":8,"Seq":16},"StatusFilter":4}
04/13/2016 03:09:21 [14] DEBUG  PostMan                       : Message Delivered
04/13/2016 03:09:21 [14] DEBUG  Conversation                  : GameListConversation, ConversationID: 8.16: Send succeeded.
04/13/2016 03:09:25 [14] ERROR  Conversation                  : GameListConversation, ConversationID: 8.16: Conversation Failed
04/13/2016 03:09:25 [14] ERROR  Conversation                  : GameListConversation, ConversationID: 8.16: Conversation Ending
04/13/2016 03:09:25 [14] INFO   Conversation                  : Conversation Failed
04/13/2016 03:09:25 [14] INFO   BackgroundThread              : Stopping 
04/13/2016 03:09:25 [14] DEBUG  BackgroundThread              : Leaving Stop
04/13/2016 03:09:25 [ 9] DEBUG  PlayerProcess                 : In Process GetGameList function.
04/13/2016 03:09:25 [ 9] DEBUG  ConversationFactory           : Creating Conversation of type GameListConversation
04/13/2016 03:09:25 [ 9] DEBUG  Dispatcher                    : Adding Conversation Player.Conversation.GameListConversation, 8.17
04/13/2016 03:09:25 [ 9] DEBUG  Dispatcher                    :       New Queue ID: 8.17
04/13/2016 03:09:25 [ 9] INFO   BackgroundThread              : Starting 
04/13/2016 03:09:28 [12] DEBUG  GameListConversation          : Queuing game list request. 
04/13/2016 03:09:28 [12] DEBUG  InitiatedConversation         : GameListConversation, ConversationID: 8.17: Conversation Id  for Initiated conversation: 8.17
04/13/2016 03:09:28 [12] DEBUG  Conversation                  : GameListConversation, ConversationID: 8.17: Setting Message IDs
04/13/2016 03:09:28 [12] DEBUG  Conversation                  : GameListConversation, ConversationID: 8.17: Conversation is initiating send.
04/13/2016 03:09:28 [12] DEBUG  PostMan                       : Sending UDP (Messages.RequestMessages.GameListRequest, MessageID: 8.17, ConversationID: 8.17)
Endpoint: 127.0.0.1:12000
JSON: {"__type":"GameListRequest:#Messages.RequestMessages","ConvId":{"Pid":8,"Seq":17},"MsgId":{"Pid":8,"Seq":17},"StatusFilter":4}
04/13/2016 03:09:28 [12] DEBUG  PostMan                       : Message Delivered
04/13/2016 03:09:28 [12] DEBUG  Conversation                  : GameListConversation, ConversationID: 8.17: Send succeeded.
04/13/2016 03:09:34 [12] DEBUG  GameListConversation          : Queuing game list request. 
04/13/2016 03:09:34 [12] DEBUG  InitiatedConversation         : GameListConversation, ConversationID: 8.17: Conversation Id  for Initiated conversation: 8.17
04/13/2016 03:09:34 [12] DEBUG  Conversation                  : GameListConversation, ConversationID: 8.17: Setting Message IDs
04/13/2016 03:09:34 [12] DEBUG  Conversation                  : GameListConversation, ConversationID: 8.17: Conversation is initiating send.
04/13/2016 03:09:34 [12] DEBUG  PostMan                       : Sending UDP (Messages.RequestMessages.GameListRequest, MessageID: 8.17, ConversationID: 8.17)
Endpoint: 127.0.0.1:12000
JSON: {"__type":"GameListRequest:#Messages.RequestMessages","ConvId":{"Pid":8,"Seq":17},"MsgId":{"Pid":8,"Seq":17},"StatusFilter":4}
04/13/2016 03:09:34 [12] DEBUG  PostMan                       : Message Delivered
04/13/2016 03:09:34 [12] DEBUG  Conversation                  : GameListConversation, ConversationID: 8.17: Send succeeded.
