04/09/2016 03:44:59 [ 7] DEBUG  PlayerConnection              : Using Local Settings.
04/09/2016 03:44:59 [ 7] DEBUG  PlayerConnection              : Starting Application. 
04/09/2016 03:44:59 [ 7] DEBUG  PlayerProcess                 : Initializeing Player Subsystem.
04/09/2016 03:44:59 [ 7] DEBUG  PlayerProcess                 : Initializing Player Details.
04/09/2016 03:44:59 [ 7] INFO   BackgroundThread              : Starting 
04/09/2016 03:44:59 [ 9] INFO   BackgroundThread              : Starting 
04/09/2016 03:44:59 [ 9] DEBUG  PlayerProcess                 : In Process Login function.
04/09/2016 03:44:59 [ 9] DEBUG  Dispatcher                    : Adding Conversation Player.Conversation.LoginConversation, 0.1
04/09/2016 03:44:59 [ 9] DEBUG  Dispatcher                    :       New Queue ID: 0.1
04/09/2016 03:44:59 [ 9] INFO   BackgroundThread              : Starting 
04/09/2016 03:44:59 [10] DEBUG  LoginConversation             : Creating login request. 
04/09/2016 03:44:59 [10] DEBUG  InitiatedConversation         : Conversation Id  for initiated conversation: 0.1
04/09/2016 03:44:59 [10] DEBUG  PostMan                       : Sending UDP (Messages.RequestMessages.LoginRequest, MessageID: 0.1, ConversationID: 0.1)
JSON: {"__type":"LoginRequest:#Messages.RequestMessages","ConvId":{"Pid":0,"Seq":1},"MsgId":{"Pid":0,"Seq":1},"Identity":{"ANumber":"A00000001","Alias":"The Instructor","FirstName":"The","LastName":"Instructor"},"ProcessLabel":"The Instructor","ProcessType":3,"PublicKey":null}
04/09/2016 03:44:59 [10] DEBUG  PostMan                       : Message Delivered
04/09/2016 03:45:05 [10] ERROR  LoginConversation             : Login reply was null or LoginReply.Success was false
04/09/2016 03:45:05 [10] INFO   BackgroundThread              : Stopping 
04/09/2016 03:45:05 [10] DEBUG  BackgroundThread              : Leaving Stop
04/09/2016 03:45:05 [ 9] DEBUG  PlayerProcess                 : In Process Login function.
04/09/2016 03:45:05 [ 9] DEBUG  Dispatcher                    : Adding Conversation Player.Conversation.LoginConversation, 0.2
04/09/2016 03:45:05 [ 9] DEBUG  Dispatcher                    :       New Queue ID: 0.2
04/09/2016 03:45:05 [ 9] INFO   BackgroundThread              : Starting 
04/09/2016 03:45:05 [13] DEBUG  LoginConversation             : Creating login request. 
04/09/2016 03:45:05 [13] DEBUG  InitiatedConversation         : Conversation Id  for initiated conversation: 0.2
04/09/2016 03:45:05 [13] DEBUG  PostMan                       : Sending UDP (Messages.RequestMessages.LoginRequest, MessageID: 0.2, ConversationID: 0.2)
JSON: {"__type":"LoginRequest:#Messages.RequestMessages","ConvId":{"Pid":0,"Seq":2},"MsgId":{"Pid":0,"Seq":2},"Identity":{"ANumber":"A00000001","Alias":"The Instructor","FirstName":"The","LastName":"Instructor"},"ProcessLabel":"The Instructor","ProcessType":3,"PublicKey":null}
04/09/2016 03:45:05 [13] DEBUG  PostMan                       : Message Delivered
04/09/2016 03:45:11 [13] ERROR  LoginConversation             : Login reply was null or LoginReply.Success was false
04/09/2016 03:45:11 [13] INFO   BackgroundThread              : Stopping 
04/09/2016 03:45:11 [13] DEBUG  BackgroundThread              : Leaving Stop
04/09/2016 03:45:11 [ 9] DEBUG  PlayerProcess                 : In Process Login function.
04/09/2016 03:45:11 [ 9] DEBUG  Dispatcher                    : Adding Conversation Player.Conversation.LoginConversation, 0.3
04/09/2016 03:45:11 [ 9] DEBUG  Dispatcher                    :       New Queue ID: 0.3
04/09/2016 03:45:11 [ 9] INFO   BackgroundThread              : Starting 
04/09/2016 03:45:11 [10] DEBUG  LoginConversation             : Creating login request. 
04/09/2016 03:45:11 [10] DEBUG  InitiatedConversation         : Conversation Id  for initiated conversation: 0.3
04/09/2016 03:45:11 [10] DEBUG  PostMan                       : Sending UDP (Messages.RequestMessages.LoginRequest, MessageID: 0.3, ConversationID: 0.3)
JSON: {"__type":"LoginRequest:#Messages.RequestMessages","ConvId":{"Pid":0,"Seq":3},"MsgId":{"Pid":0,"Seq":3},"Identity":{"ANumber":"A00000001","Alias":"The Instructor","FirstName":"The","LastName":"Instructor"},"ProcessLabel":"The Instructor","ProcessType":3,"PublicKey":null}
04/09/2016 03:45:11 [10] DEBUG  PostMan                       : Message Delivered
04/09/2016 03:45:17 [10] ERROR  LoginConversation             : Login reply was null or LoginReply.Success was false
04/09/2016 03:45:17 [10] INFO   BackgroundThread              : Stopping 
04/09/2016 03:45:17 [ 9] DEBUG  PlayerProcess                 : In Process Login function.
04/09/2016 03:45:17 [10] DEBUG  BackgroundThread              : Leaving Stop
04/09/2016 03:45:17 [ 9] DEBUG  Dispatcher                    : Adding Conversation Player.Conversation.LoginConversation, 0.4
04/09/2016 03:45:17 [ 9] DEBUG  Dispatcher                    :       New Queue ID: 0.4
04/09/2016 03:45:17 [ 9] INFO   BackgroundThread              : Starting 
04/09/2016 03:45:17 [12] DEBUG  LoginConversation             : Creating login request. 
04/09/2016 03:45:17 [12] DEBUG  InitiatedConversation         : Conversation Id  for initiated conversation: 0.4
04/09/2016 03:45:17 [12] DEBUG  PostMan                       : Sending UDP (Messages.RequestMessages.LoginRequest, MessageID: 0.4, ConversationID: 0.4)
JSON: {"__type":"LoginRequest:#Messages.RequestMessages","ConvId":{"Pid":0,"Seq":4},"MsgId":{"Pid":0,"Seq":4},"Identity":{"ANumber":"A00000001","Alias":"The Instructor","FirstName":"The","LastName":"Instructor"},"ProcessLabel":"The Instructor","ProcessType":3,"PublicKey":null}
04/09/2016 03:45:17 [12] DEBUG  PostMan                       : Message Delivered
04/09/2016 03:45:23 [12] ERROR  LoginConversation             : Login reply was null or LoginReply.Success was false
04/09/2016 03:45:23 [12] INFO   BackgroundThread              : Stopping 
04/09/2016 03:45:23 [12] DEBUG  BackgroundThread              : Leaving Stop
04/09/2016 03:45:23 [ 9] DEBUG  PlayerProcess                 : In Process Login function.
04/09/2016 03:45:23 [ 9] DEBUG  Dispatcher                    : Adding Conversation Player.Conversation.LoginConversation, 0.5
04/09/2016 03:45:23 [ 9] DEBUG  Dispatcher                    :       New Queue ID: 0.5
04/09/2016 03:45:23 [ 9] INFO   BackgroundThread              : Starting 
04/09/2016 03:45:23 [10] DEBUG  LoginConversation             : Creating login request. 
04/09/2016 03:45:23 [10] DEBUG  InitiatedConversation         : Conversation Id  for initiated conversation: 0.5
04/09/2016 03:45:23 [10] DEBUG  PostMan                       : Sending UDP (Messages.RequestMessages.LoginRequest, MessageID: 0.5, ConversationID: 0.5)
JSON: {"__type":"LoginRequest:#Messages.RequestMessages","ConvId":{"Pid":0,"Seq":5},"MsgId":{"Pid":0,"Seq":5},"Identity":{"ANumber":"A00000001","Alias":"The Instructor","FirstName":"The","LastName":"Instructor"},"ProcessLabel":"The Instructor","ProcessType":3,"PublicKey":null}
04/09/2016 03:45:23 [10] DEBUG  PostMan                       : Message Delivered
04/09/2016 03:45:23 [11] DEBUG  PostMan                       : Received UDP (Messages.ReplyMessages.LoginReply, MessageID: 1.8, ConversationID: 0.5)
JSON: {"__type":"LoginReply:#Messages.ReplyMessages","ConvId":{"Pid":0,"Seq":5},"MsgId":{"Pid":1,"Seq":8},"Note":"Logged in","Success":true,"PennyBankEndPoint":{"Host":"127.0.0.1","Port":12003},"PennyBankPublicKey":null,"ProcessInfo":{"EndPoint":{"Host":"127.0.0.1","Port":10000},"Label":"The Instructor","ProcessId":6,"Status":3,"Type":3},"ProxyEndPoint":{"Host":"127.0.0.1","Port":12002}}
04/09/2016 03:45:23 [11] INFO   Dispatcher                    : New Message Received: (Messages.ReplyMessages.LoginReply)
04/09/2016 03:45:23 [11] INFO   Dispatcher                    : MessageId: 1.8ConversationId: 0.5
04/09/2016 03:45:28 [10] DEBUG  LoginConversation             : Received a login reply message.
04/09/2016 03:45:28 [10] INFO   BackgroundThread              : Stopping 
04/09/2016 03:45:28 [ 9] DEBUG  PlayerProcess                 : In Process GetGameList function.
04/09/2016 03:45:28 [10] DEBUG  BackgroundThread              : Leaving Stop
04/09/2016 03:45:28 [ 9] DEBUG  Dispatcher                    : Adding Conversation Player.Conversation.GameListConversation, 6.6
04/09/2016 03:45:28 [ 9] DEBUG  Dispatcher                    :       New Queue ID: 6.6
04/09/2016 03:45:28 [ 9] INFO   BackgroundThread              : Starting 
04/09/2016 03:45:28 [12] DEBUG  GameListConversation          : Queuing game list request. 
04/09/2016 03:45:28 [12] DEBUG  InitiatedConversation         : Conversation Id  for initiated conversation: 6.6
04/09/2016 03:45:28 [12] DEBUG  PostMan                       : Sending UDP (Messages.RequestMessages.GameListRequest, MessageID: 6.6, ConversationID: 6.6)
JSON: {"__type":"GameListRequest:#Messages.RequestMessages","ConvId":{"Pid":6,"Seq":6},"MsgId":{"Pid":6,"Seq":6},"StatusFilter":4}
04/09/2016 03:45:28 [12] DEBUG  PostMan                       : Message Delivered
04/09/2016 03:45:28 [11] DEBUG  PostMan                       : Received UDP (Messages.ReplyMessages.GameListReply, MessageID: 1.9, ConversationID: 6.6)
JSON: {"__type":"GameListReply:#Messages.ReplyMessages","ConvId":{"Pid":6,"Seq":6},"MsgId":{"Pid":1,"Seq":9},"Note":null,"Success":true,"GameInfo":[{"CurrentProcesses":[{"HasUmbrellaRaised":false,"HitPoints":0,"LifePoints":100,"ProcessId":5,"Type":4},{"HasUmbrellaRaised":false,"HitPoints":0,"LifePoints":100,"ProcessId":4,"Type":5}],"GameId":3,"GameManagerId":2,"Label":"GM51678's 1st Game","MaxPlayers":3,"MinPlayers":2,"StartingPlayers":[],"Status":4,"Winners":null}]}
04/09/2016 03:45:28 [11] INFO   Dispatcher                    : New Message Received: (Messages.ReplyMessages.GameListReply)
04/09/2016 03:45:28 [11] INFO   Dispatcher                    : MessageId: 1.9ConversationId: 6.6
04/09/2016 03:45:33 [12] DEBUG  GameListConversation          : Received a game list reply message.
04/09/2016 03:45:33 [12] INFO   BackgroundThread              : Stopping 
04/09/2016 03:45:33 [12] DEBUG  BackgroundThread              : Leaving Stop
04/09/2016 03:45:33 [ 9] DEBUG  PlayerProcess                 : Life points is null, game needs to be started.
04/09/2016 03:45:33 [ 9] DEBUG  Dispatcher                    : Adding Conversation Player.Conversation.JoinGameConversation, 6.7
04/09/2016 03:45:33 [ 9] DEBUG  Dispatcher                    :       New Queue ID: 6.7
04/09/2016 03:45:33 [ 9] INFO   BackgroundThread              : Starting 
04/09/2016 03:45:33 [10] DEBUG  JoinGameConversation          : Queuing join game request. 
04/09/2016 03:45:33 [10] DEBUG  JoinGameConversation          : Requesting GameId: 3
04/09/2016 03:45:33 [10] DEBUG  InitiatedConversation         : Conversation Id  for initiated conversation: 6.7
04/09/2016 03:45:33 [10] DEBUG  PostMan                       : Sending UDP (Messages.Routing, MessageID: 6.7, ConversationID: 6.7)
JSON: {"__type":"Routing:#Messages","ConvId":{"Pid":6,"Seq":7},"MsgId":{"Pid":6,"Seq":7},"InnerMessage":{"__type":"JoinGameRequest:#Messages.RequestMessages","ConvId":{"Pid":6,"Seq":7},"MsgId":{"Pid":6,"Seq":7},"GameId":3,"Process":{"EndPoint":{"Host":"127.0.0.1","Port":10000},"Label":"The Instructor","ProcessId":6,"Status":4,"Type":3}},"ToProcessIds":[2]}
04/09/2016 03:45:33 [ 9] DEBUG  PlayerProcess                 : No games available, setting status to 'Registered'
04/09/2016 03:45:33 [10] DEBUG  PostMan                       : Message Delivered
04/09/2016 03:45:33 [11] DEBUG  PostMan                       : Received UDP (Messages.Routing, MessageID: 2.15, ConversationID: 6.7)
JSON: {"__type":"Routing:#Messages","ConvId":{"Pid":6,"Seq":7},"MsgId":{"Pid":2,"Seq":15},"InnerMessage":{"__type":"JoinGameReply:#Messages.ReplyMessages","ConvId":{"Pid":6,"Seq":7},"MsgId":{"Pid":2,"Seq":15},"Note":null,"Success":true,"GameId":3,"InitialLifePoints":100},"ToProcessIds":[6]}
04/09/2016 03:45:33 [11] INFO   Dispatcher                    : New Message Received: (Messages.Routing)
04/09/2016 03:45:33 [11] INFO   Dispatcher                    : MessageId: 2.15ConversationId: 6.7
04/09/2016 03:45:33 [11] DEBUG  PostMan                       : Received UDP (Messages.Routing, MessageID: 2.18, ConversationID: 2.18)
JSON: {"__type":"Routing:#Messages","ConvId":{"Pid":2,"Seq":18},"MsgId":{"Pid":2,"Seq":18},"InnerMessage":{"__type":"GameStatusNotification:#Messages.RequestMessages","ConvId":{"Pid":2,"Seq":18},"MsgId":{"Pid":2,"Seq":18},"Game":{"CurrentProcesses":[{"HasUmbrellaRaised":false,"HitPoints":0,"LifePoints":100,"ProcessId":5,"Type":4},{"HasUmbrellaRaised":false,"HitPoints":0,"LifePoints":100,"ProcessId":4,"Type":5},{"HasUmbrellaRaised":false,"HitPoints":0,"LifePoints":100,"ProcessId":6,"Type":3}],"GameId":3,"GameManagerId":2,"Label":"GM51678's 1st Game","MaxPlayers":3,"MinPlayers":2,"StartingPlayers":[],"Status":4,"Winners":null}},"ToProcessIds":[5,4,6]}
04/09/2016 03:45:33 [ 9] DEBUG  PlayerProcess                 : In Process GetGameList function.
04/09/2016 03:45:34 [11] INFO   Dispatcher                    : New Message Received: (Messages.Routing)
04/09/2016 03:45:34 [ 9] DEBUG  Dispatcher                    : Adding Conversation Player.Conversation.GameListConversation, 6.8
04/09/2016 03:45:34 [11] INFO   Dispatcher                    : MessageId: 2.18ConversationId: 2.18
04/09/2016 03:45:34 [ 9] DEBUG  Dispatcher                    :       New Queue ID: 6.8
04/09/2016 03:45:34 [11] DEBUG  Dispatcher                    : Conversation  with id= 2.18 does not exist, trying to create new conversation.
04/09/2016 03:45:34 [ 9] INFO   BackgroundThread              : Starting 
04/09/2016 03:45:34 [14] DEBUG  GameListConversation          : Queuing game list request. 
04/09/2016 03:45:34 [14] DEBUG  InitiatedConversation         : Conversation Id  for initiated conversation: 6.8
04/09/2016 03:45:34 [14] DEBUG  PostMan                       : Sending UDP (Messages.RequestMessages.GameListRequest, MessageID: 6.8, ConversationID: 6.8)
JSON: {"__type":"GameListRequest:#Messages.RequestMessages","ConvId":{"Pid":6,"Seq":8},"MsgId":{"Pid":6,"Seq":8},"StatusFilter":4}
04/09/2016 03:45:34 [11] DEBUG  Dispatcher                    : Adding Conversation Player.Conversation.GameStatusConversation, 2.18
04/09/2016 03:45:34 [11] DEBUG  Dispatcher                    :       New Queue ID: 2.18
04/09/2016 03:45:34 [14] DEBUG  PostMan                       : Message Delivered
04/09/2016 03:45:34 [11] INFO   BackgroundThread              : Starting 
04/09/2016 03:45:34 [16] DEBUG  GameStatusConversation        : Received Game Status Message
04/09/2016 03:45:38 [10] DEBUG  JoinGameConversation          : Received a game join message.
04/09/2016 03:45:38 [10] INFO   BackgroundThread              : Stopping 
04/09/2016 03:45:38 [10] DEBUG  BackgroundThread              : Leaving Stop
04/09/2016 03:45:40 [14] ERROR  GameListConversation          : Either the message received was null, or no games are available. 
04/09/2016 03:45:40 [14] INFO   BackgroundThread              : Stopping 
04/09/2016 03:45:40 [14] DEBUG  BackgroundThread              : Leaving Stop
04/09/2016 03:45:40 [ 9] DEBUG  PlayerProcess                 : In Process GetGameList function.
04/09/2016 03:45:40 [ 9] DEBUG  Dispatcher                    : Adding Conversation Player.Conversation.GameListConversation, 6.9
04/09/2016 03:45:40 [ 9] DEBUG  Dispatcher                    :       New Queue ID: 6.9
04/09/2016 03:45:40 [ 9] INFO   BackgroundThread              : Starting 
04/09/2016 03:45:40 [12] DEBUG  GameListConversation          : Queuing game list request. 
04/09/2016 03:45:40 [12] DEBUG  InitiatedConversation         : Conversation Id  for initiated conversation: 6.9
04/09/2016 03:45:40 [12] DEBUG  PostMan                       : Sending UDP (Messages.RequestMessages.GameListRequest, MessageID: 6.9, ConversationID: 6.9)
JSON: {"__type":"GameListRequest:#Messages.RequestMessages","ConvId":{"Pid":6,"Seq":9},"MsgId":{"Pid":6,"Seq":9},"StatusFilter":4}
04/09/2016 03:45:40 [12] DEBUG  PostMan                       : Message Delivered
04/09/2016 03:45:40 [11] DEBUG  PostMan                       : Received UDP (Messages.ReplyMessages.GameListReply, MessageID: 1.14, ConversationID: 6.9)
JSON: {"__type":"GameListReply:#Messages.ReplyMessages","ConvId":{"Pid":6,"Seq":9},"MsgId":{"Pid":1,"Seq":14},"Note":null,"Success":true,"GameInfo":[{"CurrentProcesses":[{"HasUmbrellaRaised":false,"HitPoints":0,"LifePoints":100,"ProcessId":5,"Type":4},{"HasUmbrellaRaised":false,"HitPoints":0,"LifePoints":100,"ProcessId":4,"Type":5},{"HasUmbrellaRaised":false,"HitPoints":0,"LifePoints":100,"ProcessId":6,"Type":3}],"GameId":3,"GameManagerId":2,"Label":"GM51678's 1st Game","MaxPlayers":3,"MinPlayers":2,"StartingPlayers":[],"Status":4,"Winners":null}]}
04/09/2016 03:45:40 [11] INFO   Dispatcher                    : New Message Received: (Messages.ReplyMessages.GameListReply)
04/09/2016 03:45:40 [11] INFO   Dispatcher                    : MessageId: 1.14ConversationId: 6.9
04/09/2016 03:45:44 [11] DEBUG  PostMan                       : Received UDP (Messages.RequestMessages.AllowanceDeliveryRequest, MessageID: 1.12, ConversationID: 1.12)
JSON: {"__type":"AllowanceDeliveryRequest:#Messages.RequestMessages","ConvId":{"Pid":1,"Seq":12},"MsgId":{"Pid":1,"Seq":12},"NumberOfPennies":400,"PortNumber":12999}
04/09/2016 03:45:44 [11] INFO   Dispatcher                    : New Message Received: (Messages.RequestMessages.AllowanceDeliveryRequest)
04/09/2016 03:45:44 [11] INFO   Dispatcher                    : MessageId: 1.12ConversationId: 1.12
04/09/2016 03:45:44 [11] DEBUG  Dispatcher                    : Conversation  with id= 1.12 does not exist, trying to create new conversation.
04/09/2016 03:45:44 [11] DEBUG  Dispatcher                    : Adding Conversation Player.Conversation.AllowanceDeliveryConversation, 1.12
04/09/2016 03:45:44 [11] DEBUG  Dispatcher                    :       New Queue ID: 1.12
04/09/2016 03:45:44 [11] INFO   BackgroundThread              : Starting 
04/09/2016 03:45:44 [10] DEBUG  AllowanceDeliveryConversation : Received Allowance Delivery Request. 
04/09/2016 03:45:44 [10] DEBUG  TCPSocket                     : Destination Endpoint is: 127.0.0.1:12999
04/09/2016 03:45:44 [10] INFO   BackgroundThread              : Starting 
04/09/2016 03:45:44 [10] DEBUG  TCPSocket                     : Opening Remote TCP Connection
04/09/2016 03:45:44 [10] DEBUG  TCPSocket                     : TCP Socket connected to 127.0.0.1:12999
04/09/2016 03:45:44 [10] DEBUG  TCPSocket                     : Reading a message, assuming the size of the message is contained in the first 4 bits
04/09/2016 03:45:44 [10] DEBUG  TCPSocket                     : Reading bytes in TCP Reader
04/09/2016 03:45:45 [12] DEBUG  GameListConversation          : Received a game list reply message.
04/09/2016 03:45:45 [12] INFO   BackgroundThread              : Stopping 
04/09/2016 03:45:45 [12] DEBUG  BackgroundThread              : Leaving Stop
04/09/2016 03:45:45 [ 9] DEBUG  PlayerProcess                 : Life points is null, game needs to be started.
04/09/2016 03:45:45 [ 9] DEBUG  Dispatcher                    : Adding Conversation Player.Conversation.JoinGameConversation, 6.10
04/09/2016 03:45:45 [ 9] DEBUG  Dispatcher                    :       New Queue ID: 6.10
04/09/2016 03:45:45 [ 9] INFO   BackgroundThread              : Starting 
04/09/2016 03:45:45 [13] DEBUG  JoinGameConversation          : Queuing join game request. 
04/09/2016 03:45:45 [13] DEBUG  JoinGameConversation          : Requesting GameId: 3
04/09/2016 03:45:45 [13] DEBUG  InitiatedConversation         : Conversation Id  for initiated conversation: 6.10
04/09/2016 03:45:45 [13] DEBUG  PostMan                       : Sending UDP (Messages.Routing, MessageID: 6.10, ConversationID: 6.10)
JSON: {"__type":"Routing:#Messages","ConvId":{"Pid":6,"Seq":10},"MsgId":{"Pid":6,"Seq":10},"InnerMessage":{"__type":"JoinGameRequest:#Messages.RequestMessages","ConvId":{"Pid":6,"Seq":10},"MsgId":{"Pid":6,"Seq":10},"GameId":3,"Process":{"EndPoint":{"Host":"127.0.0.1","Port":10000},"Label":"The Instructor","ProcessId":6,"Status":4,"Type":3}},"ToProcessIds":[2]}
04/09/2016 03:45:45 [ 9] DEBUG  PlayerProcess                 : No games available, setting status to 'Registered'
04/09/2016 03:45:45 [13] DEBUG  PostMan                       : Message Delivered
04/09/2016 03:45:45 [11] DEBUG  PostMan                       : Received UDP (Messages.Routing, MessageID: 2.20, ConversationID: 6.10)
JSON: {"__type":"Routing:#Messages","ConvId":{"Pid":6,"Seq":10},"MsgId":{"Pid":2,"Seq":20},"InnerMessage":{"__type":"JoinGameReply:#Messages.ReplyMessages","ConvId":{"Pid":6,"Seq":10},"MsgId":{"Pid":2,"Seq":20},"Note":null,"Success":true,"GameId":3,"InitialLifePoints":100},"ToProcessIds":[6]}
04/09/2016 03:45:45 [11] INFO   Dispatcher                    : New Message Received: (Messages.Routing)
04/09/2016 03:45:45 [11] INFO   Dispatcher                    : MessageId: 2.20ConversationId: 6.10
04/09/2016 03:45:45 [11] DEBUG  PostMan                       : Received UDP (Messages.Routing, MessageID: 2.23, ConversationID: 2.23)
JSON: {"__type":"Routing:#Messages","ConvId":{"Pid":2,"Seq":23},"MsgId":{"Pid":2,"Seq":23},"InnerMessage":{"__type":"GameStatusNotification:#Messages.RequestMessages","ConvId":{"Pid":2,"Seq":23},"MsgId":{"Pid":2,"Seq":23},"Game":{"CurrentProcesses":[{"HasUmbrellaRaised":false,"HitPoints":0,"LifePoints":100,"ProcessId":5,"Type":4},{"HasUmbrellaRaised":false,"HitPoints":0,"LifePoints":100,"ProcessId":4,"Type":5},{"HasUmbrellaRaised":false,"HitPoints":0,"LifePoints":100,"ProcessId":6,"Type":3}],"GameId":3,"GameManagerId":2,"Label":"GM51678's 1st Game","MaxPlayers":3,"MinPlayers":2,"StartingPlayers":[],"Status":4,"Winners":null}},"ToProcessIds":[5,4,6]}
04/09/2016 03:45:45 [ 9] DEBUG  PlayerProcess                 : In Process GetGameList function.
04/09/2016 03:45:45 [11] INFO   Dispatcher                    : New Message Received: (Messages.Routing)
04/09/2016 03:45:45 [11] INFO   Dispatcher                    : MessageId: 2.23ConversationId: 2.23
04/09/2016 03:45:45 [11] DEBUG  Dispatcher                    : Conversation  with id= 2.23 does not exist, trying to create new conversation.
04/09/2016 03:45:45 [ 9] DEBUG  Dispatcher                    : Adding Conversation Player.Conversation.GameListConversation, 6.11
04/09/2016 03:45:46 [11] DEBUG  Dispatcher                    : Adding Conversation Player.Conversation.GameStatusConversation, 2.23
04/09/2016 03:45:46 [ 9] DEBUG  Dispatcher                    :       New Queue ID: 6.11
04/09/2016 03:45:46 [ 9] INFO   BackgroundThread              : Starting 
04/09/2016 03:45:46 [16] DEBUG  GameListConversation          : Queuing game list request. 
04/09/2016 03:45:46 [16] DEBUG  InitiatedConversation         : Conversation Id  for initiated conversation: 6.11
04/09/2016 03:45:46 [16] DEBUG  PostMan                       : Sending UDP (Messages.RequestMessages.GameListRequest, MessageID: 6.11, ConversationID: 6.11)
JSON: {"__type":"GameListRequest:#Messages.RequestMessages","ConvId":{"Pid":6,"Seq":11},"MsgId":{"Pid":6,"Seq":11},"StatusFilter":4}
04/09/2016 03:45:46 [16] DEBUG  PostMan                       : Message Delivered
04/09/2016 03:45:46 [11] DEBUG  Dispatcher                    :       New Queue ID: 2.23
04/09/2016 03:45:46 [11] INFO   BackgroundThread              : Starting 
04/09/2016 03:45:46 [12] DEBUG  GameStatusConversation        : Received Game Status Message
04/09/2016 03:45:49 [11] DEBUG  PostMan                       : Received UDP (Messages.RequestMessages.AliveRequest, MessageID: 1.21, ConversationID: 1.21)
JSON: {"__type":"AliveRequest:#Messages.RequestMessages","ConvId":{"Pid":1,"Seq":21},"MsgId":{"Pid":1,"Seq":21}}
04/09/2016 03:45:49 [11] INFO   Dispatcher                    : New Message Received: (Messages.RequestMessages.AliveRequest)
04/09/2016 03:45:49 [11] INFO   Dispatcher                    : MessageId: 1.21ConversationId: 1.21
04/09/2016 03:45:49 [11] DEBUG  Dispatcher                    : Conversation  with id= 1.21 does not exist, trying to create new conversation.
04/09/2016 03:45:49 [11] DEBUG  Dispatcher                    : Adding Conversation Player.Conversation.AliveConversation, 1.21
04/09/2016 03:45:49 [11] DEBUG  Dispatcher                    :       New Queue ID: 1.21
04/09/2016 03:45:49 [11] INFO   BackgroundThread              : Starting 
04/09/2016 03:45:49 [12] DEBUG  AliveConversation             : Creating Alive Response
04/09/2016 03:45:49 [12] DEBUG  ResponseConversation          : Conversation Id  for Response conversation: 1.21
04/09/2016 03:45:49 [12] DEBUG  PostMan                       : Sending UDP (Messages.ReplyMessages.Reply, MessageID: 6.12, ConversationID: 1.21)
JSON: {"__type":"Reply:#Messages.ReplyMessages","ConvId":{"Pid":1,"Seq":21},"MsgId":{"Pid":6,"Seq":12},"Note":"I'm Alive","Success":true}
04/09/2016 03:45:49 [12] DEBUG  PostMan                       : Message Delivered
04/09/2016 03:45:50 [13] DEBUG  JoinGameConversation          : Received a game join message.
04/09/2016 03:45:50 [13] INFO   BackgroundThread              : Stopping 
04/09/2016 03:45:50 [13] DEBUG  BackgroundThread              : Leaving Stop
04/09/2016 03:45:52 [16] ERROR  GameListConversation          : Either the message received was null, or no games are available. 
04/09/2016 03:45:52 [16] INFO   BackgroundThread              : Stopping 
04/09/2016 03:45:52 [16] DEBUG  BackgroundThread              : Leaving Stop
04/09/2016 03:45:52 [ 9] DEBUG  PlayerProcess                 : In Process GetGameList function.
04/09/2016 03:45:52 [ 9] DEBUG  Dispatcher                    : Adding Conversation Player.Conversation.GameListConversation, 6.13
04/09/2016 03:45:52 [ 9] DEBUG  Dispatcher                    :       New Queue ID: 6.13
04/09/2016 03:45:52 [ 9] INFO   BackgroundThread              : Starting 
04/09/2016 03:45:52 [13] DEBUG  GameListConversation          : Queuing game list request. 
04/09/2016 03:45:52 [13] DEBUG  InitiatedConversation         : Conversation Id  for initiated conversation: 6.13
04/09/2016 03:45:52 [13] DEBUG  PostMan                       : Sending UDP (Messages.RequestMessages.GameListRequest, MessageID: 6.13, ConversationID: 6.13)
JSON: {"__type":"GameListRequest:#Messages.RequestMessages","ConvId":{"Pid":6,"Seq":13},"MsgId":{"Pid":6,"Seq":13},"StatusFilter":4}
04/09/2016 03:45:52 [13] DEBUG  PostMan                       : Message Delivered
04/09/2016 03:45:52 [11] DEBUG  PostMan                       : Received UDP (Messages.ReplyMessages.GameListReply, MessageID: 1.22, ConversationID: 6.13)
JSON: {"__type":"GameListReply:#Messages.ReplyMessages","ConvId":{"Pid":6,"Seq":13},"MsgId":{"Pid":1,"Seq":22},"Note":null,"Success":true,"GameInfo":[{"CurrentProcesses":[{"HasUmbrellaRaised":false,"HitPoints":0,"LifePoints":100,"ProcessId":5,"Type":4},{"HasUmbrellaRaised":false,"HitPoints":0,"LifePoints":100,"ProcessId":4,"Type":5},{"HasUmbrellaRaised":false,"HitPoints":0,"LifePoints":100,"ProcessId":6,"Type":3}],"GameId":3,"GameManagerId":2,"Label":"GM51678's 1st Game","MaxPlayers":3,"MinPlayers":2,"StartingPlayers":[],"Status":4,"Winners":null}]}
04/09/2016 03:45:52 [11] INFO   Dispatcher                    : New Message Received: (Messages.ReplyMessages.GameListReply)
04/09/2016 03:45:52 [11] INFO   Dispatcher                    : MessageId: 1.22ConversationId: 6.13
04/09/2016 03:45:54 [11] DEBUG  PostMan                       : Received UDP (Messages.RequestMessages.AllowanceDeliveryRequest, MessageID: 1.12, ConversationID: 1.12)
JSON: {"__type":"AllowanceDeliveryRequest:#Messages.RequestMessages","ConvId":{"Pid":1,"Seq":12},"MsgId":{"Pid":1,"Seq":12},"NumberOfPennies":400,"PortNumber":12999}
04/09/2016 03:45:54 [11] INFO   Dispatcher                    : New Message Received: (Messages.RequestMessages.AllowanceDeliveryRequest)
04/09/2016 03:45:54 [11] INFO   Dispatcher                    : MessageId: 1.12ConversationId: 1.12
04/09/2016 03:45:56 [11] DEBUG  PostMan                       : Received UDP (Messages.RequestMessages.AllowanceDeliveryRequest, MessageID: 1.16, ConversationID: 1.16)
JSON: {"__type":"AllowanceDeliveryRequest:#Messages.RequestMessages","ConvId":{"Pid":1,"Seq":16},"MsgId":{"Pid":1,"Seq":16},"NumberOfPennies":400,"PortNumber":12998}
04/09/2016 03:45:56 [11] INFO   Dispatcher                    : New Message Received: (Messages.RequestMessages.AllowanceDeliveryRequest)
04/09/2016 03:45:56 [11] INFO   Dispatcher                    : MessageId: 1.16ConversationId: 1.16
04/09/2016 03:45:56 [11] DEBUG  Dispatcher                    : Conversation  with id= 1.16 does not exist, trying to create new conversation.
04/09/2016 03:45:56 [11] DEBUG  Dispatcher                    : Adding Conversation Player.Conversation.AllowanceDeliveryConversation, 1.16
04/09/2016 03:45:56 [11] DEBUG  Dispatcher                    :       New Queue ID: 1.16
04/09/2016 03:45:56 [11] INFO   BackgroundThread              : Starting 
04/09/2016 03:45:56 [12] DEBUG  AllowanceDeliveryConversation : Received Allowance Delivery Request. 
04/09/2016 03:45:56 [12] DEBUG  TCPSocket                     : Destination Endpoint is: 127.0.0.1:12998
04/09/2016 03:45:56 [12] INFO   BackgroundThread              : Starting 
04/09/2016 03:45:56 [15] DEBUG  TCPSocket                     : Opening Remote TCP Connection
04/09/2016 03:45:56 [15] DEBUG  TCPSocket                     : TCP Socket connected to 127.0.0.1:12998
04/09/2016 03:45:56 [15] DEBUG  TCPSocket                     : Reading a message, assuming the size of the message is contained in the first 4 bits
04/09/2016 03:45:56 [15] DEBUG  TCPSocket                     : Reading bytes in TCP Reader
04/09/2016 03:45:57 [13] DEBUG  GameListConversation          : Received a game list reply message.
04/09/2016 03:45:57 [13] INFO   BackgroundThread              : Stopping 
04/09/2016 03:45:57 [13] DEBUG  BackgroundThread              : Leaving Stop
04/09/2016 03:45:57 [ 9] DEBUG  PlayerProcess                 : Life points is null, game needs to be started.
04/09/2016 03:45:57 [ 9] DEBUG  Dispatcher                    : Adding Conversation Player.Conversation.JoinGameConversation, 6.14
04/09/2016 03:45:57 [ 9] DEBUG  Dispatcher                    :       New Queue ID: 6.14
04/09/2016 03:45:57 [ 9] INFO   BackgroundThread              : Starting 
04/09/2016 03:45:57 [12] DEBUG  JoinGameConversation          : Queuing join game request. 
04/09/2016 03:45:57 [12] DEBUG  JoinGameConversation          : Requesting GameId: 3
04/09/2016 03:45:57 [12] DEBUG  InitiatedConversation         : Conversation Id  for initiated conversation: 6.14
04/09/2016 03:45:57 [12] DEBUG  PostMan                       : Sending UDP (Messages.Routing, MessageID: 6.14, ConversationID: 6.14)
JSON: {"__type":"Routing:#Messages","ConvId":{"Pid":6,"Seq":14},"MsgId":{"Pid":6,"Seq":14},"InnerMessage":{"__type":"JoinGameRequest:#Messages.RequestMessages","ConvId":{"Pid":6,"Seq":14},"MsgId":{"Pid":6,"Seq":14},"GameId":3,"Process":{"EndPoint":{"Host":"127.0.0.1","Port":10000},"Label":"The Instructor","ProcessId":6,"Status":4,"Type":3}},"ToProcessIds":[2]}
04/09/2016 03:45:57 [12] DEBUG  PostMan                       : Message Delivered
04/09/2016 03:45:57 [11] DEBUG  PostMan                       : Received UDP (Messages.Routing, MessageID: 2.26, ConversationID: 6.14)
JSON: {"__type":"Routing:#Messages","ConvId":{"Pid":6,"Seq":14},"MsgId":{"Pid":2,"Seq":26},"InnerMessage":{"__type":"JoinGameReply:#Messages.ReplyMessages","ConvId":{"Pid":6,"Seq":14},"MsgId":{"Pid":2,"Seq":26},"Note":null,"Success":true,"GameId":3,"InitialLifePoints":100},"ToProcessIds":[6]}
04/09/2016 03:45:57 [ 9] DEBUG  PlayerProcess                 : No games available, setting status to 'Registered'
04/09/2016 03:45:57 [11] INFO   Dispatcher                    : New Message Received: (Messages.Routing)
04/09/2016 03:45:57 [11] INFO   Dispatcher                    : MessageId: 2.26ConversationId: 6.14
04/09/2016 03:45:57 [ 9] DEBUG  PlayerProcess                 : In Process GetGameList function.
04/09/2016 03:45:57 [ 9] DEBUG  Dispatcher                    : Adding Conversation Player.Conversation.GameListConversation, 6.15
04/09/2016 03:45:57 [ 9] DEBUG  Dispatcher                    :       New Queue ID: 6.15
04/09/2016 03:45:57 [ 9] INFO   BackgroundThread              : Starting 
04/09/2016 03:45:57 [14] DEBUG  GameListConversation          : Queuing game list request. 
04/09/2016 03:45:57 [14] DEBUG  InitiatedConversation         : Conversation Id  for initiated conversation: 6.15
04/09/2016 03:45:57 [14] DEBUG  PostMan                       : Sending UDP (Messages.RequestMessages.GameListRequest, MessageID: 6.15, ConversationID: 6.15)
JSON: {"__type":"GameListRequest:#Messages.RequestMessages","ConvId":{"Pid":6,"Seq":15},"MsgId":{"Pid":6,"Seq":15},"StatusFilter":4}
04/09/2016 03:45:57 [14] DEBUG  PostMan                       : Message Delivered
04/09/2016 03:45:57 [11] DEBUG  PostMan                       : Received UDP (Messages.ReplyMessages.GameListReply, MessageID: 1.24, ConversationID: 6.15)
JSON: {"__type":"GameListReply:#Messages.ReplyMessages","ConvId":{"Pid":6,"Seq":15},"MsgId":{"Pid":1,"Seq":24},"Note":null,"Success":true,"GameInfo":[{"CurrentProcesses":[{"HasUmbrellaRaised":false,"HitPoints":0,"LifePoints":100,"ProcessId":5,"Type":4},{"HasUmbrellaRaised":false,"HitPoints":0,"LifePoints":100,"ProcessId":4,"Type":5},{"HasUmbrellaRaised":false,"HitPoints":0,"LifePoints":100,"ProcessId":6,"Type":3}],"GameId":3,"GameManagerId":2,"Label":"GM51678's 1st Game","MaxPlayers":3,"MinPlayers":2,"StartingPlayers":[],"Status":4,"Winners":null}]}
04/09/2016 03:45:57 [11] INFO   Dispatcher                    : New Message Received: (Messages.ReplyMessages.GameListReply)
04/09/2016 03:45:58 [11] INFO   Dispatcher                    : MessageId: 1.24ConversationId: 6.15
04/09/2016 03:45:58 [11] DEBUG  PostMan                       : Received UDP (Messages.RequestMessages.AllowanceDeliveryRequest, MessageID: 1.25, ConversationID: 1.25)
JSON: {"__type":"AllowanceDeliveryRequest:#Messages.RequestMessages","ConvId":{"Pid":1,"Seq":25},"MsgId":{"Pid":1,"Seq":25},"NumberOfPennies":400,"PortNumber":12997}
04/09/2016 03:45:58 [11] INFO   Dispatcher                    : New Message Received: (Messages.RequestMessages.AllowanceDeliveryRequest)
04/09/2016 03:45:58 [11] INFO   Dispatcher                    : MessageId: 1.25ConversationId: 1.25
04/09/2016 03:45:58 [11] DEBUG  Dispatcher                    : Conversation  with id= 1.25 does not exist, trying to create new conversation.
04/09/2016 03:45:58 [11] DEBUG  Dispatcher                    : Adding Conversation Player.Conversation.AllowanceDeliveryConversation, 1.25
04/09/2016 03:45:58 [11] DEBUG  Dispatcher                    :       New Queue ID: 1.25
04/09/2016 03:45:58 [11] INFO   BackgroundThread              : Starting 
04/09/2016 03:45:58 [16] DEBUG  AllowanceDeliveryConversation : Received Allowance Delivery Request. 
04/09/2016 03:45:58 [16] DEBUG  TCPSocket                     : Destination Endpoint is: 127.0.0.1:12997
04/09/2016 03:45:58 [16] INFO   BackgroundThread              : Starting 
04/09/2016 03:45:58 [16] DEBUG  TCPSocket                     : Opening Remote TCP Connection
04/09/2016 03:45:58 [16] DEBUG  TCPSocket                     : TCP Socket connected to 127.0.0.1:12997
04/09/2016 03:45:58 [16] DEBUG  TCPSocket                     : Reading a message, assuming the size of the message is contained in the first 4 bits
04/09/2016 03:45:58 [16] DEBUG  TCPSocket                     : Reading bytes in TCP Reader
04/09/2016 03:45:58 [16] DEBUG  TCPSocket                     : TCP Message (string):    "
04/09/2016 03:45:58 [16] DEBUG  TCPSocket                     : TCP Message (int): 34
04/09/2016 03:45:58 [16] DEBUG  TCPSocket                     : Message Size is: 34
04/09/2016 03:45:58 [16] DEBUG  TCPSocket                     : Reading bytes in TCP Reader
04/09/2016 03:45:58 [16] DEBUG  TCPSocket                     : System.Net.Sockets.SocketException (0x80004005): An existing connection was forcibly closed by the remote host
   at System.Net.Sockets.Socket.Receive(Byte[] buffer, Int32 offset, Int32 size, SocketFlags socketFlags)
   at System.Net.Sockets.Socket.Receive(Byte[] buffer, Int32 size, SocketFlags socketFlags)
   at CommunicationLayer.TCPSocket.Read(Socket handler, Int32 numBytes) in D:\Drive\School\CS5200\LocalGame\CommunicationLayer\TCPSocket.cs:line 106
   at CommunicationLayer.TCPSocket.ReadMessageFromSize(Socket handler) in D:\Drive\School\CS5200\LocalGame\CommunicationLayer\TCPSocket.cs:line 122
   at Player.Conversation.AllowanceDeliveryConversation.<OpenTCPStream>b__6_0(Socket handler) in D:\Drive\School\CS5200\LocalGame\Player\Conversation\AllowanceDeliveryConversation.cs:line 37
   at CommunicationLayer.TCPSocket.EstablishConnection(PublicEndPoint ep, Action`1 afterConnect) in D:\Drive\School\CS5200\LocalGame\CommunicationLayer\TCPSocket.cs:line 53
04/09/2016 03:45:58 [16] INFO   BackgroundThread              : Stopping 
04/09/2016 03:45:58 [16] DEBUG  BackgroundThread              : Leaving Stop
04/09/2016 03:46:02 [12] DEBUG  JoinGameConversation          : Received a game join message.
04/09/2016 03:46:02 [12] INFO   BackgroundThread              : Stopping 
04/09/2016 03:46:02 [12] DEBUG  BackgroundThread              : Leaving Stop
04/09/2016 03:46:02 [14] DEBUG  GameListConversation          : Received a game list reply message.
04/09/2016 03:46:02 [14] INFO   BackgroundThread              : Stopping 
04/09/2016 03:46:02 [14] DEBUG  BackgroundThread              : Leaving Stop
