04/13/2016 04:19:42 [ 8] DEBUG  PlayerConnection              : Using Local Settings.
04/13/2016 04:19:42 [ 8] DEBUG  PlayerConnection              : Starting Application. 
04/13/2016 04:19:43 [ 8] DEBUG  PlayerConnection              : Initializing Subsystem
04/13/2016 04:19:43 [ 8] DEBUG  PlayerProcess                 : Initializeing Player Subsystem.
04/13/2016 04:19:43 [ 8] DEBUG  PlayerConnection              : Initializing Player
04/13/2016 04:19:43 [ 8] DEBUG  PlayerProcess                 : Initializing Player Details.
04/13/2016 04:19:43 [ 8] INFO   BackgroundThread              : Starting 
04/13/2016 04:19:43 [10] INFO   BackgroundThread              : Starting 
04/13/2016 04:19:43 [10] DEBUG  PlayerProcess                 : In Process Login function.
04/13/2016 04:19:43 [10] DEBUG  ConversationFactory           : Creating Conversation of type LoginConversation
04/13/2016 04:19:43 [10] DEBUG  Dispatcher                    : Adding Conversation Player.Conversation.LoginConversation, 0.1
04/13/2016 04:19:43 [10] DEBUG  Dispatcher                    :       New Queue ID: 0.1
04/13/2016 04:19:43 [10] INFO   BackgroundThread              : Starting 
04/13/2016 04:19:45 [12] DEBUG  LoginConversation             : Creating login request. 
04/13/2016 04:19:45 [12] DEBUG  InitiatedConversation         : LoginConversation, ConversationID: 0.1: Conversation Id  for Initiated conversation: 0.1
04/13/2016 04:19:45 [12] DEBUG  Conversation                  : LoginConversation, ConversationID: 0.1: Setting Message IDs
04/13/2016 04:19:45 [12] DEBUG  Conversation                  : LoginConversation, ConversationID: 0.1: Conversation is initiating send.
04/13/2016 04:19:45 [12] DEBUG  PostMan                       : Sending UDP (Messages.RequestMessages.LoginRequest, MessageID: 0.1, ConversationID: 0.1)
Endpoint: 127.0.0.1:12000
JSON: {"__type":"LoginRequest:#Messages.RequestMessages","ConvId":{"Pid":0,"Seq":1},"MsgId":{"Pid":0,"Seq":1},"Identity":{"ANumber":"A00000001","Alias":"The Instructor","FirstName":"The","LastName":"Instructor"},"ProcessLabel":"The Instructor","ProcessType":3,"PublicKey":null}
04/13/2016 04:19:45 [12] DEBUG  PostMan                       : Message Delivered
04/13/2016 04:19:45 [12] DEBUG  Conversation                  : LoginConversation, ConversationID: 0.1: Send succeeded.
04/13/2016 04:19:45 [11] DEBUG  PostMan                       : Received UDP (Messages.ReplyMessages.LoginReply, MessageID: 1.1, ConversationID: 0.1)
JSON: {"__type":"LoginReply:#Messages.ReplyMessages","ConvId":{"Pid":0,"Seq":1},"MsgId":{"Pid":1,"Seq":1},"Note":"Logged in","Success":true,"PennyBankEndPoint":{"Host":"127.0.0.1","Port":12003},"PennyBankPublicKey":null,"ProcessInfo":{"EndPoint":{"Host":"127.0.0.1","Port":10000},"Label":"The Instructor","ProcessId":2,"Status":3,"Type":3},"ProxyEndPoint":{"Host":"127.0.0.1","Port":12002}}
04/13/2016 04:19:45 [13] INFO   ispatcher+<>c__DisplayClass7_0: New Message Received: (Messages.ReplyMessages.LoginReply)
04/13/2016 04:19:45 [13] INFO   ispatcher+<>c__DisplayClass7_0: MessageId: 1.1ConversationId: 0.1
04/13/2016 04:19:45 [13] DEBUG  Dispatcher                    : Successsfully queued a new message of type LoginReply, for conversation: 0.1
04/13/2016 04:19:46 [12] DEBUG  Conversation                  : LoginConversation, ConversationID: 0.1: Message available!
04/13/2016 04:19:46 [12] DEBUG  Conversation                  : LoginConversation, ConversationID: 0.1: Message available!
04/13/2016 04:19:46 [12] DEBUG  Conversation                  : LoginConversation, ConversationID: 0.1: Received Message is valid
04/13/2016 04:19:46 [12] DEBUG  Conversation                  : Received a Message of type: LoginReply
04/13/2016 04:19:46 [12] DEBUG  LoginConversation             : Proxy endpoint is 127.0.0.1:12003
04/13/2016 04:19:46 [12] INFO   Conversation                  : Conversation Succeeded
04/13/2016 04:19:46 [12] INFO   Conversation                  : Conversation Succeeded
04/13/2016 04:19:46 [10] DEBUG  PlayerProcess                 : In Process GetGameList function.
04/13/2016 04:19:46 [10] DEBUG  ConversationFactory           : Creating Conversation of type GameListConversation
04/13/2016 04:19:46 [10] DEBUG  Dispatcher                    : Adding Conversation Player.Conversation.GameListConversation, 2.2
04/13/2016 04:19:46 [10] DEBUG  Dispatcher                    :       New Queue ID: 2.2
04/13/2016 04:19:46 [10] INFO   BackgroundThread              : Starting 
04/13/2016 04:19:48 [18] DEBUG  GameListConversation          : Queuing game list request. 
04/13/2016 04:19:48 [18] DEBUG  InitiatedConversation         : GameListConversation, ConversationID: 2.2: Conversation Id  for Initiated conversation: 2.2
04/13/2016 04:19:48 [18] DEBUG  Conversation                  : GameListConversation, ConversationID: 2.2: Setting Message IDs
04/13/2016 04:19:48 [18] DEBUG  Conversation                  : GameListConversation, ConversationID: 2.2: Conversation is initiating send.
04/13/2016 04:19:48 [18] DEBUG  PostMan                       : Sending UDP (Messages.RequestMessages.GameListRequest, MessageID: 2.2, ConversationID: 2.2)
Endpoint: 127.0.0.1:12000
JSON: {"__type":"GameListRequest:#Messages.RequestMessages","ConvId":{"Pid":2,"Seq":2},"MsgId":{"Pid":2,"Seq":2},"StatusFilter":4}
04/13/2016 04:19:48 [18] DEBUG  PostMan                       : Message Delivered
04/13/2016 04:19:48 [18] DEBUG  Conversation                  : GameListConversation, ConversationID: 2.2: Send succeeded.
04/13/2016 04:19:48 [11] DEBUG  PostMan                       : Received UDP (Messages.ReplyMessages.GameListReply, MessageID: 1.3, ConversationID: 2.2)
JSON: {"__type":"GameListReply:#Messages.ReplyMessages","ConvId":{"Pid":2,"Seq":2},"MsgId":{"Pid":1,"Seq":3},"Note":null,"Success":true,"GameInfo":[]}
04/13/2016 04:19:48 [14] INFO   ispatcher+<>c__DisplayClass7_0: New Message Received: (Messages.ReplyMessages.GameListReply)
04/13/2016 04:19:48 [14] INFO   ispatcher+<>c__DisplayClass7_0: MessageId: 1.3ConversationId: 2.2
04/13/2016 04:19:48 [14] DEBUG  Dispatcher                    : Successsfully queued a new message of type GameListReply, for conversation: 2.2
04/13/2016 04:19:48 [18] DEBUG  Conversation                  : GameListConversation, ConversationID: 2.2: Message available!
04/13/2016 04:19:48 [18] DEBUG  Conversation                  : GameListConversation, ConversationID: 2.2: Message available!
04/13/2016 04:19:48 [18] DEBUG  Conversation                  : GameListConversation, ConversationID: 2.2: Received Message is valid
04/13/2016 04:19:48 [18] DEBUG  Conversation                  : Received a Message of type: GameListReply
04/13/2016 04:19:48 [18] ERROR  Conversation                  : GameListConversation, ConversationID: 2.2: No games are available. 
04/13/2016 04:19:48 [18] ERROR  Conversation                  : GameListConversation, ConversationID: 2.2: Conversation Failed
04/13/2016 04:19:48 [18] ERROR  Conversation                  : GameListConversation, ConversationID: 2.2: Conversation Ending
04/13/2016 04:19:48 [18] INFO   Conversation                  : Conversation Failed
04/13/2016 04:19:48 [18] INFO   BackgroundThread              : Stopping 
04/13/2016 04:19:48 [18] DEBUG  BackgroundThread              : Leaving Stop
04/13/2016 04:19:48 [18] ERROR  Conversation                  : GameListConversation, ConversationID: 2.2: Conversation Failed
04/13/2016 04:19:48 [18] ERROR  Conversation                  : GameListConversation, ConversationID: 2.2: Conversation Ending
04/13/2016 04:19:48 [10] DEBUG  PlayerProcess                 : In Process GetGameList function.
04/13/2016 04:19:48 [18] INFO   Conversation                  : Conversation Failed
04/13/2016 04:19:48 [18] INFO   BackgroundThread              : Stopping 
04/13/2016 04:19:48 [10] DEBUG  ConversationFactory           : Creating Conversation of type GameListConversation
04/13/2016 04:19:48 [10] DEBUG  Dispatcher                    : Adding Conversation Player.Conversation.GameListConversation, 2.3
04/13/2016 04:19:48 [10] DEBUG  Dispatcher                    :       New Queue ID: 2.3
04/13/2016 04:19:48 [18] DEBUG  BackgroundThread              : Leaving Stop
04/13/2016 04:19:48 [10] INFO   BackgroundThread              : Starting 
04/13/2016 04:19:51 [13] DEBUG  GameListConversation          : Queuing game list request. 
04/13/2016 04:19:51 [13] DEBUG  InitiatedConversation         : GameListConversation, ConversationID: 2.3: Conversation Id  for Initiated conversation: 2.3
04/13/2016 04:19:51 [13] DEBUG  Conversation                  : GameListConversation, ConversationID: 2.3: Setting Message IDs
04/13/2016 04:19:51 [13] DEBUG  Conversation                  : GameListConversation, ConversationID: 2.3: Conversation is initiating send.
04/13/2016 04:19:51 [13] DEBUG  PostMan                       : Sending UDP (Messages.RequestMessages.GameListRequest, MessageID: 2.3, ConversationID: 2.3)
Endpoint: 127.0.0.1:12000
JSON: {"__type":"GameListRequest:#Messages.RequestMessages","ConvId":{"Pid":2,"Seq":3},"MsgId":{"Pid":2,"Seq":3},"StatusFilter":4}
04/13/2016 04:19:51 [13] DEBUG  PostMan                       : Message Delivered
04/13/2016 04:19:51 [13] DEBUG  Conversation                  : GameListConversation, ConversationID: 2.3: Send succeeded.
04/13/2016 04:19:51 [11] DEBUG  PostMan                       : Received UDP (Messages.ReplyMessages.GameListReply, MessageID: 1.10, ConversationID: 2.3)
JSON: {"__type":"GameListReply:#Messages.ReplyMessages","ConvId":{"Pid":2,"Seq":3},"MsgId":{"Pid":1,"Seq":10},"Note":null,"Success":true,"GameInfo":[{"CurrentProcesses":[{"HasUmbrellaRaised":false,"HitPoints":0,"LifePoints":100,"ProcessId":5,"Type":4},{"HasUmbrellaRaised":false,"HitPoints":0,"LifePoints":100,"ProcessId":6,"Type":5}],"GameId":4,"GameManagerId":3,"Label":"GM11876's 1st Game","MaxPlayers":3,"MinPlayers":3,"StartingPlayers":[],"Status":4,"Winners":null}]}
04/13/2016 04:19:51 [12] INFO   ispatcher+<>c__DisplayClass7_0: New Message Received: (Messages.ReplyMessages.GameListReply)
04/13/2016 04:19:51 [12] INFO   ispatcher+<>c__DisplayClass7_0: MessageId: 1.10ConversationId: 2.3
04/13/2016 04:19:51 [12] DEBUG  Dispatcher                    : Successsfully queued a new message of type GameListReply, for conversation: 2.3
04/13/2016 04:19:51 [13] DEBUG  Conversation                  : GameListConversation, ConversationID: 2.3: Message available!
04/13/2016 04:19:51 [13] DEBUG  Conversation                  : GameListConversation, ConversationID: 2.3: Message available!
04/13/2016 04:19:51 [13] DEBUG  Conversation                  : GameListConversation, ConversationID: 2.3: Received Message is valid
04/13/2016 04:19:51 [13] DEBUG  Conversation                  : Received a Message of type: GameListReply
04/13/2016 04:19:51 [13] INFO   Conversation                  : Conversation Succeeded
04/13/2016 04:19:51 [13] INFO   Conversation                  : Conversation Succeeded
04/13/2016 04:19:51 [10] DEBUG  PlayerProcess                 : In Process JoinGame function.
04/13/2016 04:19:51 [10] DEBUG  ConversationFactory           : Creating Conversation of type JoinGameConversation
04/13/2016 04:19:51 [10] DEBUG  Dispatcher                    : Adding Conversation Player.Conversation.JoinGameConversation, 2.4
04/13/2016 04:19:51 [10] DEBUG  Dispatcher                    :       New Queue ID: 2.4
04/13/2016 04:19:51 [10] INFO   BackgroundThread              : Starting 
04/13/2016 04:19:54 [15] DEBUG  JoinGameConversation          : Queuing join game request. 
04/13/2016 04:19:54 [15] DEBUG  JoinGameConversation          : Requesting GameId: 4
04/13/2016 04:19:54 [15] DEBUG  Conversation                  : JoinGameConversation, ConversationID: 2.4: Message is routing message
04/13/2016 04:19:54 [15] DEBUG  InitiatedConversation         : JoinGameConversation, ConversationID: 2.4: Conversation Id  for Initiated conversation: 2.4
04/13/2016 04:19:54 [15] DEBUG  Conversation                  : JoinGameConversation, ConversationID: 2.4: Setting Message IDs
04/13/2016 04:19:54 [15] DEBUG  Conversation                  : JoinGameConversation, ConversationID: 2.4: Conversation is initiating send.
04/13/2016 04:19:54 [15] DEBUG  PostMan                       : Sending UDP (Messages.Routing, MessageID: 2.4, ConversationID: 2.4)
Endpoint: 127.0.0.1:12002
JSON: {"__type":"Routing:#Messages","ConvId":{"Pid":2,"Seq":4},"MsgId":{"Pid":2,"Seq":4},"InnerMessage":{"__type":"JoinGameRequest:#Messages.RequestMessages","ConvId":{"Pid":2,"Seq":4},"MsgId":{"Pid":2,"Seq":4},"GameId":4,"Process":{"EndPoint":{"Host":"127.0.0.1","Port":10000},"Label":"The Instructor","ProcessId":2,"Status":4,"Type":3}},"ToProcessIds":[3]}
04/13/2016 04:19:54 [15] DEBUG  PostMan                       : Message Delivered
04/13/2016 04:19:54 [15] DEBUG  Conversation                  : JoinGameConversation, ConversationID: 2.4: Send succeeded.
04/13/2016 04:19:54 [11] DEBUG  PostMan                       : Received UDP (Messages.Routing, MessageID: 3.15, ConversationID: 2.4)
JSON: {"__type":"Routing:#Messages","ConvId":{"Pid":2,"Seq":4},"MsgId":{"Pid":3,"Seq":15},"InnerMessage":{"__type":"JoinGameReply:#Messages.ReplyMessages","ConvId":{"Pid":2,"Seq":4},"MsgId":{"Pid":3,"Seq":15},"Note":null,"Success":true,"GameId":4,"InitialLifePoints":100},"ToProcessIds":[2]}
04/13/2016 04:19:54 [12] INFO   ispatcher+<>c__DisplayClass7_0: New Message Received: (Messages.Routing)
04/13/2016 04:19:54 [12] INFO   ispatcher+<>c__DisplayClass7_0: MessageId: 3.15ConversationId: 2.4
04/13/2016 04:19:54 [12] DEBUG  Dispatcher                    : Successsfully queued a new message of type Routing, for conversation: 2.4
04/13/2016 04:19:54 [11] DEBUG  PostMan                       : Received UDP (Messages.Routing, MessageID: 3.18, ConversationID: 3.18)
JSON: {"__type":"Routing:#Messages","ConvId":{"Pid":3,"Seq":18},"MsgId":{"Pid":3,"Seq":18},"InnerMessage":{"__type":"GameStatusNotification:#Messages.RequestMessages","ConvId":{"Pid":3,"Seq":18},"MsgId":{"Pid":3,"Seq":18},"Game":{"CurrentProcesses":[{"HasUmbrellaRaised":false,"HitPoints":0,"LifePoints":100,"ProcessId":5,"Type":4},{"HasUmbrellaRaised":false,"HitPoints":0,"LifePoints":100,"ProcessId":6,"Type":5},{"HasUmbrellaRaised":false,"HitPoints":0,"LifePoints":100,"ProcessId":2,"Type":3}],"GameId":4,"GameManagerId":3,"Label":"GM11876's 1st Game","MaxPlayers":3,"MinPlayers":3,"StartingPlayers":[],"Status":4,"Winners":null}},"ToProcessIds":[5,6,2]}
04/13/2016 04:19:54 [15] DEBUG  Conversation                  : JoinGameConversation, ConversationID: 2.4: Message available!
04/13/2016 04:19:54 [13] INFO   ispatcher+<>c__DisplayClass7_0: New Message Received: (Messages.Routing)
04/13/2016 04:19:54 [13] INFO   ispatcher+<>c__DisplayClass7_0: MessageId: 3.18ConversationId: 3.18
04/13/2016 04:19:54 [13] DEBUG  Dispatcher                    : Conversation  with id= 3.18 does not exist, trying to create new conversation.
04/13/2016 04:19:54 [15] DEBUG  Conversation                  : JoinGameConversation, ConversationID: 2.4: Message available!
04/13/2016 04:19:54 [13] DEBUG  ConversationFactory           : Creating Conversation of type GameStatusConversation
04/13/2016 04:19:54 [13] DEBUG  Dispatcher                    : Adding Conversation Player.Conversation.GameStatusConversation, 3.18
04/13/2016 04:19:54 [13] DEBUG  Dispatcher                    :       New Queue ID: 3.18
04/13/2016 04:19:54 [13] DEBUG  Dispatcher                    : Successsfully queued a new message of type Routing, for conversation: 3.18
04/13/2016 04:19:54 [13] INFO   BackgroundThread              : Starting 
04/13/2016 04:19:54 [12] DEBUG  Conversation                  : GameStatusConversation, ConversationID: 3.18: Message available!
04/13/2016 04:19:54 [15] DEBUG  Conversation                  : JoinGameConversation, ConversationID: 2.4: Received Message is valid
04/13/2016 04:19:54 [15] DEBUG  Conversation                  : Received a Message of type: Routing
04/13/2016 04:19:54 [11] DEBUG  PostMan                       : Received UDP (Messages.RequestMessages.AllowanceDeliveryRequest, MessageID: 1.13, ConversationID: 1.13)
JSON: {"__type":"AllowanceDeliveryRequest:#Messages.RequestMessages","ConvId":{"Pid":1,"Seq":13},"MsgId":{"Pid":1,"Seq":13},"NumberOfPennies":400,"PortNumber":12999}
04/13/2016 04:19:54 [12] DEBUG  Conversation                  : GameStatusConversation, ConversationID: 3.18: Message available!
04/13/2016 04:19:54 [12] DEBUG  Conversation                  : GameStatusConversation, ConversationID: 3.18: Message available!
04/13/2016 04:19:54 [15] INFO   Conversation                  : Conversation Succeeded
04/13/2016 04:19:54 [12] DEBUG  Conversation                  : GameStatusConversation, ConversationID: 3.18: Received Message is valid
04/13/2016 04:19:54 [12] DEBUG  Conversation                  : Received a Message of type: Routing
04/13/2016 04:19:54 [14] INFO   ispatcher+<>c__DisplayClass7_0: New Message Received: (Messages.RequestMessages.AllowanceDeliveryRequest)
04/13/2016 04:20:56 [12] INFO   Conversation                  : Conversation Succeeded
04/13/2016 04:20:58 [15] INFO   Conversation                  : Conversation Succeeded
04/13/2016 04:20:58 [14] INFO   ispatcher+<>c__DisplayClass7_0: MessageId: 1.13ConversationId: 1.13
04/13/2016 04:21:04 [12] INFO   Conversation                  : Conversation Succeeded
04/13/2016 04:21:16 [14] DEBUG  Dispatcher                    : Conversation  with id= 1.13 does not exist, trying to create new conversation.
04/13/2016 04:21:38 [14] DEBUG  ConversationFactory           : Creating Conversation of type AllowanceDeliveryConversation
04/13/2016 04:21:38 [14] DEBUG  Dispatcher                    : Adding Conversation Player.Conversation.AllowanceDeliveryConversation, 1.13
04/13/2016 04:21:38 [14] DEBUG  Dispatcher                    :       New Queue ID: 1.13
04/13/2016 04:21:38 [14] DEBUG  Dispatcher                    : Successsfully queued a new message of type AllowanceDeliveryRequest, for conversation: 1.13
04/13/2016 04:21:38 [14] INFO   BackgroundThread              : Starting 
04/13/2016 04:21:38 [12] DEBUG  Conversation                  : AllowanceDeliveryConversation, ConversationID: 1.13: Message available!
04/13/2016 04:21:38 [12] DEBUG  Conversation                  : AllowanceDeliveryConversation, ConversationID: 1.13: Message available!
04/13/2016 04:21:38 [12] DEBUG  Conversation                  : AllowanceDeliveryConversation, ConversationID: 1.13: Message available!
04/13/2016 04:21:38 [12] DEBUG  Conversation                  : AllowanceDeliveryConversation, ConversationID: 1.13: Received Message is valid
04/13/2016 04:21:38 [12] DEBUG  Conversation                  : Received a Message of type: AllowanceDeliveryRequest
04/13/2016 04:21:38 [12] DEBUG  AllowanceDeliveryConversation : Received Allowance Delivery Request. 
04/13/2016 04:21:38 [12] DEBUG  TCPSocket                     : Destination Endpoint is: 127.0.0.1:12999
