04/09/2016 03:30:54 [ 7] DEBUG  PlayerConnection              : Using Local Settings.
04/09/2016 03:30:54 [ 7] DEBUG  PlayerConnection              : Starting Application. 
04/09/2016 03:30:54 [ 7] DEBUG  PlayerProcess                 : Initializeing Player Subsystem.
04/09/2016 03:30:54 [ 7] DEBUG  PlayerProcess                 : Initializing Player Details.
04/09/2016 03:30:54 [ 7] INFO   BackgroundThread              : Starting 
04/09/2016 03:30:54 [ 9] INFO   BackgroundThread              : Starting 
04/09/2016 03:30:54 [ 9] DEBUG  PlayerProcess                 : In Process Login function.
04/09/2016 03:30:54 [ 9] DEBUG  Dispatcher                    : Adding Conversation Player.Conversation.LoginConversation, 0.1
04/09/2016 03:30:54 [ 9] DEBUG  Dispatcher                    :       New Queue ID: 0.1
04/09/2016 03:30:54 [ 9] INFO   BackgroundThread              : Starting 
04/09/2016 03:30:54 [10] DEBUG  LoginConversation             : Creating login request. 
04/09/2016 03:30:54 [10] DEBUG  InitiatedConversation         : Conversation Id  for initiated conversation: 0.1
04/09/2016 03:30:54 [10] DEBUG  PostMan                       : Sending UDP (Messages.RequestMessages.LoginRequest)
MsgID: 0.1
ConvId: 0.1
JSON: {"__type":"LoginRequest:#Messages.RequestMessages","ConvId":{"Pid":0,"Seq":1},"MsgId":{"Pid":0,"Seq":1},"Identity":{"ANumber":"A00000001","Alias":"The Instructor","FirstName":"The","LastName":"Instructor"},"ProcessLabel":"The Instructor","ProcessType":3,"PublicKey":null}
04/09/2016 03:30:54 [10] DEBUG  PostMan                       : Message Delivered
04/09/2016 03:30:54 [11] DEBUG  PostMan                       : Received UDP (Messages.ReplyMessages.LoginReply)
MsgID: 1.58
ConvId: 0.1
JSON: {"__type":"LoginReply:#Messages.ReplyMessages","ConvId":{"Pid":0,"Seq":1},"MsgId":{"Pid":1,"Seq":58},"Note":"Logged in","Success":true,"PennyBankEndPoint":{"Host":"127.0.0.1","Port":12003},"PennyBankPublicKey":null,"ProcessInfo":{"EndPoint":{"Host":"127.0.0.1","Port":10000},"Label":"The Instructor","ProcessId":8,"Status":3,"Type":3},"ProxyEndPoint":{"Host":"127.0.0.1","Port":12002}}
04/09/2016 03:30:54 [11] INFO   Dispatcher                    : New Message Received: (Messages.ReplyMessages.LoginReply)
04/09/2016 03:30:54 [11] INFO   Dispatcher                    : MessageId: 1.58ConversationId: 0.1
04/09/2016 03:30:59 [10] DEBUG  LoginConversation             : Received a login reply message.
04/09/2016 03:30:59 [10] INFO   BackgroundThread              : Stopping 
04/09/2016 03:30:59 [10] DEBUG  BackgroundThread              : Leaving Stop
04/09/2016 03:30:59 [ 9] DEBUG  PlayerProcess                 : In Process GetGameList function.
04/09/2016 03:30:59 [ 9] DEBUG  Dispatcher                    : Adding Conversation Player.Conversation.GameListConversation, 8.2
04/09/2016 03:30:59 [ 9] DEBUG  Dispatcher                    :       New Queue ID: 8.2
04/09/2016 03:30:59 [ 9] INFO   BackgroundThread              : Starting 
04/09/2016 03:30:59 [14] DEBUG  GameListConversation          : Queuing game list request. 
04/09/2016 03:30:59 [14] DEBUG  InitiatedConversation         : Conversation Id  for initiated conversation: 8.2
04/09/2016 03:30:59 [14] DEBUG  PostMan                       : Sending UDP (Messages.RequestMessages.GameListRequest)
MsgID: 8.2
ConvId: 8.2
JSON: {"__type":"GameListRequest:#Messages.RequestMessages","ConvId":{"Pid":8,"Seq":2},"MsgId":{"Pid":8,"Seq":2},"StatusFilter":4}
04/09/2016 03:30:59 [14] DEBUG  PostMan                       : Message Delivered
04/09/2016 03:30:59 [11] DEBUG  PostMan                       : Received UDP (Messages.ReplyMessages.GameListReply)
MsgID: 1.59
ConvId: 8.2
JSON: {"__type":"GameListReply:#Messages.ReplyMessages","ConvId":{"Pid":8,"Seq":2},"MsgId":{"Pid":1,"Seq":59},"Note":null,"Success":true,"GameInfo":[{"CurrentProcesses":[{"HasUmbrellaRaised":false,"HitPoints":0,"LifePoints":100,"ProcessId":4,"Type":5},{"HasUmbrellaRaised":false,"HitPoints":0,"LifePoints":100,"ProcessId":5,"Type":4},{"HasUmbrellaRaised":false,"HitPoints":0,"LifePoints":100,"ProcessId":6,"Type":3},{"HasUmbrellaRaised":false,"HitPoints":0,"LifePoints":100,"ProcessId":7,"Type":3}],"GameId":3,"GameManagerId":2,"Label":"GM16825's 1st Game","MaxPlayers":3,"MinPlayers":3,"StartingPlayers":[],"Status":4,"Winners":null}]}
04/09/2016 03:30:59 [11] INFO   Dispatcher                    : New Message Received: (Messages.ReplyMessages.GameListReply)
04/09/2016 03:30:59 [11] INFO   Dispatcher                    : MessageId: 1.59ConversationId: 8.2
04/09/2016 03:31:04 [14] DEBUG  GameListConversation          : Received a game list reply message.
04/09/2016 03:31:04 [14] INFO   BackgroundThread              : Stopping 
04/09/2016 03:31:04 [14] DEBUG  BackgroundThread              : Leaving Stop
04/09/2016 03:31:04 [ 9] DEBUG  PlayerProcess                 : Life points is null, game needs to be started.
04/09/2016 03:31:04 [ 9] DEBUG  Dispatcher                    : Adding Conversation Player.Conversation.JoinGameConversation, 8.3
04/09/2016 03:31:04 [ 9] DEBUG  Dispatcher                    :       New Queue ID: 8.3
04/09/2016 03:31:04 [ 9] INFO   BackgroundThread              : Starting 
04/09/2016 03:31:04 [10] DEBUG  JoinGameConversation          : Queuing join game request. 
04/09/2016 03:31:04 [10] DEBUG  JoinGameConversation          : Requesting GameId: 3
04/09/2016 03:31:04 [10] DEBUG  InitiatedConversation         : Conversation Id  for initiated conversation: 8.3
04/09/2016 03:31:04 [10] DEBUG  PostMan                       : Sending UDP (Messages.Routing)
MsgID: 8.3
ConvId: 8.3
JSON: {"__type":"Routing:#Messages","ConvId":{"Pid":8,"Seq":3},"MsgId":{"Pid":8,"Seq":3},"InnerMessage":{"__type":"JoinGameRequest:#Messages.RequestMessages","ConvId":{"Pid":8,"Seq":3},"MsgId":{"Pid":8,"Seq":3},"GameId":3,"Process":{"EndPoint":{"Host":"127.0.0.1","Port":10000},"Label":"The Instructor","ProcessId":8,"Status":4,"Type":3}},"ToProcessIds":[2]}
04/09/2016 03:31:04 [ 9] DEBUG  PlayerProcess                 : No games available, setting status to 'Registered'
04/09/2016 03:31:05 [10] DEBUG  PostMan                       : Message Delivered
04/09/2016 03:31:05 [11] DEBUG  PostMan                       : Received UDP (Messages.Routing)
MsgID: 2.41
ConvId: 8.3
JSON: {"__type":"Routing:#Messages","ConvId":{"Pid":8,"Seq":3},"MsgId":{"Pid":2,"Seq":41},"InnerMessage":{"__type":"JoinGameReply:#Messages.ReplyMessages","ConvId":{"Pid":8,"Seq":3},"MsgId":{"Pid":2,"Seq":41},"Note":null,"Success":true,"GameId":3,"InitialLifePoints":100},"ToProcessIds":[8]}
04/09/2016 03:31:05 [11] INFO   Dispatcher                    : New Message Received: (Messages.Routing)
04/09/2016 03:31:05 [11] INFO   Dispatcher                    : MessageId: 2.41ConversationId: 8.3
04/09/2016 03:31:05 [11] DEBUG  PostMan                       : Received UDP (Messages.Routing)
MsgID: 2.44
ConvId: 2.44
JSON: {"__type":"Routing:#Messages","ConvId":{"Pid":2,"Seq":44},"MsgId":{"Pid":2,"Seq":44},"InnerMessage":{"__type":"GameStatusNotification:#Messages.RequestMessages","ConvId":{"Pid":2,"Seq":44},"MsgId":{"Pid":2,"Seq":44},"Game":{"CurrentProcesses":[{"HasUmbrellaRaised":false,"HitPoints":0,"LifePoints":100,"ProcessId":4,"Type":5},{"HasUmbrellaRaised":false,"HitPoints":0,"LifePoints":100,"ProcessId":5,"Type":4},{"HasUmbrellaRaised":false,"HitPoints":0,"LifePoints":100,"ProcessId":6,"Type":3},{"HasUmbrellaRaised":false,"HitPoints":0,"LifePoints":100,"ProcessId":7,"Type":3},{"HasUmbrellaRaised":false,"HitPoints":0,"LifePoints":100,"ProcessId":8,"Type":3}],"GameId":3,"GameManagerId":2,"Label":"GM16825's 1st Game","MaxPlayers":3,"MinPlayers":3,"StartingPlayers":[],"Status":8,"Winners":null}},"ToProcessIds":[4,5,6,7,8]}
04/09/2016 03:31:05 [11] INFO   Dispatcher                    : New Message Received: (Messages.Routing)
04/09/2016 03:31:05 [11] INFO   Dispatcher                    : MessageId: 2.44ConversationId: 2.44
04/09/2016 03:31:05 [11] DEBUG  Dispatcher                    : Conversation  with id= 2.44 does not exist, trying to create new conversation.
04/09/2016 03:31:05 [ 9] DEBUG  PlayerProcess                 : In Process GetGameList function.
04/09/2016 03:31:05 [11] DEBUG  Dispatcher                    : Adding Conversation Player.Conversation.GameStatusConversation, 2.44
04/09/2016 03:31:05 [ 9] DEBUG  Dispatcher                    : Adding Conversation Player.Conversation.GameListConversation, 8.4
04/09/2016 03:31:05 [11] DEBUG  Dispatcher                    :       New Queue ID: 2.44
04/09/2016 03:31:05 [11] INFO   BackgroundThread              : Starting 
04/09/2016 03:31:05 [12] DEBUG  GameStatusConversation        : Received Game Status Message
04/09/2016 03:31:05 [ 9] DEBUG  Dispatcher                    :       New Queue ID: 8.4
04/09/2016 03:31:05 [ 9] INFO   BackgroundThread              : Starting 
04/09/2016 03:31:05 [13] DEBUG  GameListConversation          : Queuing game list request. 
04/09/2016 03:31:05 [13] DEBUG  InitiatedConversation         : Conversation Id  for initiated conversation: 8.4
04/09/2016 03:31:05 [13] DEBUG  PostMan                       : Sending UDP (Messages.RequestMessages.GameListRequest)
MsgID: 8.4
ConvId: 8.4
JSON: {"__type":"GameListRequest:#Messages.RequestMessages","ConvId":{"Pid":8,"Seq":4},"MsgId":{"Pid":8,"Seq":4},"StatusFilter":4}
04/09/2016 03:31:05 [13] DEBUG  PostMan                       : Message Delivered
04/09/2016 03:31:05 [11] DEBUG  PostMan                       : Received UDP (Messages.ReplyMessages.GameListReply)
MsgID: 1.62
ConvId: 8.4
JSON: {"__type":"GameListReply:#Messages.ReplyMessages","ConvId":{"Pid":8,"Seq":4},"MsgId":{"Pid":1,"Seq":62},"Note":null,"Success":true,"GameInfo":[{"CurrentProcesses":[{"HasUmbrellaRaised":false,"HitPoints":0,"LifePoints":100,"ProcessId":4,"Type":5},{"HasUmbrellaRaised":false,"HitPoints":0,"LifePoints":100,"ProcessId":5,"Type":4},{"HasUmbrellaRaised":false,"HitPoints":0,"LifePoints":100,"ProcessId":6,"Type":3},{"HasUmbrellaRaised":false,"HitPoints":0,"LifePoints":100,"ProcessId":7,"Type":3},{"HasUmbrellaRaised":false,"HitPoints":0,"LifePoints":100,"ProcessId":8,"Type":3}],"GameId":3,"GameManagerId":2,"Label":"GM16825's 1st Game","MaxPlayers":3,"MinPlayers":3,"StartingPlayers":[],"Status":4,"Winners":null}]}
04/09/2016 03:31:05 [11] INFO   Dispatcher                    : New Message Received: (Messages.ReplyMessages.GameListReply)
04/09/2016 03:31:05 [11] INFO   Dispatcher                    : MessageId: 1.62ConversationId: 8.4
04/09/2016 03:31:06 [11] DEBUG  PostMan                       : Received UDP (Messages.RequestMessages.AllowanceDeliveryRequest)
MsgID: 1.63
ConvId: 1.63
JSON: {"__type":"AllowanceDeliveryRequest:#Messages.RequestMessages","ConvId":{"Pid":1,"Seq":63},"MsgId":{"Pid":1,"Seq":63},"NumberOfPennies":400,"PortNumber":12996}
04/09/2016 03:31:06 [11] INFO   Dispatcher                    : New Message Received: (Messages.RequestMessages.AllowanceDeliveryRequest)
04/09/2016 03:31:06 [11] INFO   Dispatcher                    : MessageId: 1.63ConversationId: 1.63
04/09/2016 03:31:06 [11] DEBUG  Dispatcher                    : Conversation  with id= 1.63 does not exist, trying to create new conversation.
04/09/2016 03:31:06 [11] DEBUG  Dispatcher                    : Adding Conversation Player.Conversation.AllowanceDeliveryConversation, 1.63
04/09/2016 03:31:06 [11] DEBUG  Dispatcher                    :       New Queue ID: 1.63
04/09/2016 03:31:06 [11] INFO   BackgroundThread              : Starting 
04/09/2016 03:31:06 [14] DEBUG  AllowanceDeliveryConversation : Received Allowance Delivery Request. 
04/09/2016 03:31:06 [14] DEBUG  TCPSocket                     : Destination Endpoint is: 127.0.0.1:12996
04/09/2016 03:31:06 [14] INFO   BackgroundThread              : Starting 
04/09/2016 03:31:06 [14] DEBUG  TCPSocket                     : Opening Remote TCP Connection
04/09/2016 03:31:06 [14] DEBUG  TCPSocket                     : TCP Socket connected to 127.0.0.1:12996
04/09/2016 03:31:06 [14] DEBUG  TCPSocket                     : Reading a message, assuming the size of the message is contained in the first 4 bits
04/09/2016 03:31:06 [14] DEBUG  TCPSocket                     : Reading bytes in TCP Reader
04/09/2016 03:31:06 [14] DEBUG  TCPSocket                     : TCP Message (string):    #
04/09/2016 03:31:06 [14] DEBUG  TCPSocket                     : TCP Message (int): 35
04/09/2016 03:31:06 [14] DEBUG  TCPSocket                     : Message Size is: 35
04/09/2016 03:31:06 [14] DEBUG  TCPSocket                     : Reading bytes in TCP Reader
04/09/2016 03:31:06 [14] DEBUG  TCPSocket                     : TCP Message (string): {"DigitalSignature":null,"Id":1201}
04/09/2016 03:31:06 [14] DEBUG  TCPSocket                     : TCP Message (int): 2065843305
04/09/2016 03:31:06 [14] DEBUG  TCPSocket                     : Reading a message, assuming the size of the message is contained in the first 4 bits
04/09/2016 03:31:06 [14] DEBUG  TCPSocket                     : Reading bytes in TCP Reader
04/09/2016 03:31:06 [14] DEBUG  TCPSocket                     : System.Net.Sockets.SocketException (0x80004005): An existing connection was forcibly closed by the remote host
   at System.Net.Sockets.Socket.Receive(Byte[] buffer, Int32 offset, Int32 size, SocketFlags socketFlags)
   at System.Net.Sockets.Socket.Receive(Byte[] buffer, Int32 size, SocketFlags socketFlags)
   at CommunicationLayer.TCPSocket.Read(Socket handler, Int32 numBytes) in D:\Drive\School\CS5200\LocalGame\CommunicationLayer\TCPSocket.cs:line 106
   at CommunicationLayer.TCPSocket.ReadMessageFromSize(Socket handler) in D:\Drive\School\CS5200\LocalGame\CommunicationLayer\TCPSocket.cs:line 118
   at Player.Conversation.AllowanceDeliveryConversation.<OpenTCPStream>b__6_0(Socket handler) in D:\Drive\School\CS5200\LocalGame\Player\Conversation\AllowanceDeliveryConversation.cs:line 37
   at CommunicationLayer.TCPSocket.EstablishConnection(PublicEndPoint ep, Action`1 afterConnect) in D:\Drive\School\CS5200\LocalGame\CommunicationLayer\TCPSocket.cs:line 53
04/09/2016 03:31:06 [14] INFO   BackgroundThread              : Stopping 
04/09/2016 03:31:06 [14] DEBUG  BackgroundThread              : Leaving Stop
04/09/2016 03:31:10 [10] DEBUG  JoinGameConversation          : Received a game join message.
04/09/2016 03:31:10 [10] INFO   BackgroundThread              : Stopping 
04/09/2016 03:31:10 [10] DEBUG  BackgroundThread              : Leaving Stop
04/09/2016 03:31:10 [13] DEBUG  GameListConversation          : Received a game list reply message.
04/09/2016 03:31:10 [13] INFO   BackgroundThread              : Stopping 
04/09/2016 03:31:10 [13] DEBUG  BackgroundThread              : Leaving Stop
04/09/2016 03:31:12 [11] DEBUG  PostMan                       : Received UDP (Messages.RequestMessages.AliveRequest)
MsgID: 1.67
ConvId: 1.67
JSON: {"__type":"AliveRequest:#Messages.RequestMessages","ConvId":{"Pid":1,"Seq":67},"MsgId":{"Pid":1,"Seq":67}}
04/09/2016 03:31:12 [11] INFO   Dispatcher                    : New Message Received: (Messages.RequestMessages.AliveRequest)
04/09/2016 03:31:12 [11] INFO   Dispatcher                    : MessageId: 1.67ConversationId: 1.67
04/09/2016 03:31:12 [11] DEBUG  Dispatcher                    : Conversation  with id= 1.67 does not exist, trying to create new conversation.
04/09/2016 03:31:12 [11] DEBUG  Dispatcher                    : Adding Conversation Player.Conversation.AliveConversation, 1.67
04/09/2016 03:31:12 [11] DEBUG  Dispatcher                    :       New Queue ID: 1.67
04/09/2016 03:31:12 [11] INFO   BackgroundThread              : Starting 
04/09/2016 03:31:12 [10] DEBUG  AliveConversation             : Creating Alive Response
04/09/2016 03:31:12 [10] DEBUG  ResponseConversation          : Conversation Id  for Response conversation: 1.67
04/09/2016 03:31:12 [10] DEBUG  PostMan                       : Sending UDP (Messages.ReplyMessages.Reply)
MsgID: 8.5
ConvId: 1.67
JSON: {"__type":"Reply:#Messages.ReplyMessages","ConvId":{"Pid":1,"Seq":67},"MsgId":{"Pid":8,"Seq":5},"Note":"I'm Alive","Success":true}
04/09/2016 03:31:12 [10] DEBUG  PostMan                       : Message Delivered
04/09/2016 03:31:15 [11] DEBUG  PostMan                       : Received UDP (Messages.Routing)
MsgID: 2.45
ConvId: 2.45
JSON: {"__type":"Routing:#Messages","ConvId":{"Pid":2,"Seq":45},"MsgId":{"Pid":2,"Seq":45},"InnerMessage":{"__type":"ReadyToStart:#Messages.RequestMessages","ConvId":{"Pid":2,"Seq":45},"MsgId":{"Pid":2,"Seq":45},"GameId":3},"ToProcessIds":[6,7,8]}
04/09/2016 03:31:15 [11] INFO   Dispatcher                    : New Message Received: (Messages.Routing)
04/09/2016 03:31:15 [11] INFO   Dispatcher                    : MessageId: 2.45ConversationId: 2.45
04/09/2016 03:31:15 [11] DEBUG  Dispatcher                    : Conversation  with id= 2.45 does not exist, trying to create new conversation.
04/09/2016 03:31:15 [11] DEBUG  Dispatcher                    : Adding Conversation Player.Conversation.GameStartConversation, 2.45
04/09/2016 03:31:15 [11] DEBUG  Dispatcher                    :       New Queue ID: 2.45
04/09/2016 03:31:15 [11] INFO   BackgroundThread              : Starting 
04/09/2016 03:31:15 [10] ERROR  ResponseConversation          : Unable to retrieve received message. 
04/09/2016 03:31:16 [11] DEBUG  PostMan                       : Received UDP (Messages.RequestMessages.AllowanceDeliveryRequest)
MsgID: 1.63
ConvId: 1.63
JSON: {"__type":"AllowanceDeliveryRequest:#Messages.RequestMessages","ConvId":{"Pid":1,"Seq":63},"MsgId":{"Pid":1,"Seq":63},"NumberOfPennies":400,"PortNumber":12996}
04/09/2016 03:31:16 [11] INFO   Dispatcher                    : New Message Received: (Messages.RequestMessages.AllowanceDeliveryRequest)
04/09/2016 03:31:16 [11] INFO   Dispatcher                    : MessageId: 1.63ConversationId: 1.63
04/09/2016 03:31:25 [11] DEBUG  PostMan                       : Received UDP (Messages.Routing)
MsgID: 2.45
ConvId: 2.45
JSON: {"__type":"Routing:#Messages","ConvId":{"Pid":2,"Seq":45},"MsgId":{"Pid":2,"Seq":45},"InnerMessage":{"__type":"ReadyToStart:#Messages.RequestMessages","ConvId":{"Pid":2,"Seq":45},"MsgId":{"Pid":2,"Seq":45},"GameId":3},"ToProcessIds":[6,7,8]}
04/09/2016 03:31:25 [11] INFO   Dispatcher                    : New Message Received: (Messages.Routing)
04/09/2016 03:31:25 [11] INFO   Dispatcher                    : MessageId: 2.45ConversationId: 2.45
04/09/2016 03:31:26 [11] DEBUG  PostMan                       : Received UDP (Messages.RequestMessages.AllowanceDeliveryRequest)
MsgID: 1.63
ConvId: 1.63
JSON: {"__type":"AllowanceDeliveryRequest:#Messages.RequestMessages","ConvId":{"Pid":1,"Seq":63},"MsgId":{"Pid":1,"Seq":63},"NumberOfPennies":400,"PortNumber":12996}
04/09/2016 03:31:26 [11] INFO   Dispatcher                    : New Message Received: (Messages.RequestMessages.AllowanceDeliveryRequest)
04/09/2016 03:31:26 [11] INFO   Dispatcher                    : MessageId: 1.63ConversationId: 1.63
04/09/2016 03:31:35 [11] DEBUG  PostMan                       : Received UDP (Messages.Routing)
MsgID: 2.48
ConvId: 2.48
JSON: {"__type":"Routing:#Messages","ConvId":{"Pid":2,"Seq":48},"MsgId":{"Pid":2,"Seq":48},"InnerMessage":{"__type":"GameStatusNotification:#Messages.RequestMessages","ConvId":{"Pid":2,"Seq":48},"MsgId":{"Pid":2,"Seq":48},"Game":{"CurrentProcesses":[{"HasUmbrellaRaised":false,"HitPoints":0,"LifePoints":100,"ProcessId":4,"Type":5},{"HasUmbrellaRaised":false,"HitPoints":0,"LifePoints":100,"ProcessId":5,"Type":4},{"HasUmbrellaRaised":false,"HitPoints":0,"LifePoints":100,"ProcessId":6,"Type":3},{"HasUmbrellaRaised":false,"HitPoints":0,"LifePoints":100,"ProcessId":7,"Type":3},{"HasUmbrellaRaised":false,"HitPoints":0,"LifePoints":100,"ProcessId":8,"Type":3}],"GameId":3,"GameManagerId":2,"Label":"GM16825's 1st Game","MaxPlayers":3,"MinPlayers":3,"StartingPlayers":[],"Status":32,"Winners":null}},"ToProcessIds":[4,5,6,7,8]}
04/09/2016 03:31:35 [11] INFO   Dispatcher                    : New Message Received: (Messages.Routing)
04/09/2016 03:31:35 [11] INFO   Dispatcher                    : MessageId: 2.48ConversationId: 2.48
04/09/2016 03:31:35 [11] DEBUG  Dispatcher                    : Conversation  with id= 2.48 does not exist, trying to create new conversation.
04/09/2016 03:31:35 [11] DEBUG  Dispatcher                    : Adding Conversation Player.Conversation.GameStatusConversation, 2.48
04/09/2016 03:31:35 [11] DEBUG  Dispatcher                    :       New Queue ID: 2.48
04/09/2016 03:31:35 [11] INFO   BackgroundThread              : Starting 
04/09/2016 03:31:35 [13] DEBUG  GameStatusConversation        : Received Game Status Message
04/09/2016 03:31:35 [13] WARN   GameStatusConversation        : Game status: Game ending
04/09/2016 03:31:35 [ 9] DEBUG  PlayerProcess                 : In Process LeavingGame function.
04/09/2016 03:31:35 [ 9] DEBUG  PlayerProcess                 : In Process LeavingGame function.
04/09/2016 03:31:35 [ 9] DEBUG  PlayerProcess                 : In Process LeavingGame function.
04/09/2016 03:31:35 [ 9] DEBUG  PlayerProcess                 : In Process LeavingGame function.
04/09/2016 03:31:35 [ 9] DEBUG  PlayerProcess                 : In Process LeavingGame function.
04/09/2016 03:31:35 [ 9] DEBUG  PlayerProcess                 : In Process LeavingGame function.
04/09/2016 03:31:35 [ 9] DEBUG  PlayerProcess                 : In Process LeavingGame function.
04/09/2016 03:31:35 [ 9] DEBUG  PlayerProcess                 : In Process LeavingGame function.
04/09/2016 03:31:36 [ 9] DEBUG  PlayerProcess                 : In Process LeavingGame function.
04/09/2016 03:31:36 [ 9] DEBUG  PlayerProcess                 : In Process LeavingGame function.
04/09/2016 03:31:36 [ 9] DEBUG  PlayerProcess                 : In Process LeavingGame function.
04/09/2016 03:31:36 [ 9] DEBUG  PlayerProcess                 : In Process LeavingGame function.
04/09/2016 03:31:36 [ 9] DEBUG  PlayerProcess                 : In Process LeavingGame function.
04/09/2016 03:31:36 [ 9] DEBUG  PlayerProcess                 : In Process LeavingGame function.
04/09/2016 03:31:36 [ 9] DEBUG  PlayerProcess                 : In Process LeavingGame function.
04/09/2016 03:31:36 [ 9] DEBUG  PlayerProcess                 : In Process LeavingGame function.
04/09/2016 03:31:36 [ 9] DEBUG  PlayerProcess                 : In Process LeavingGame function.
04/09/2016 03:31:36 [ 9] DEBUG  PlayerProcess                 : In Process LeavingGame function.
04/09/2016 03:31:37 [ 9] DEBUG  PlayerProcess                 : In Process LeavingGame function.
04/09/2016 03:31:37 [ 9] DEBUG  PlayerProcess                 : In Process LeavingGame function.
04/09/2016 03:31:37 [ 9] DEBUG  PlayerProcess                 : In Process LeavingGame function.
04/09/2016 03:31:37 [ 9] DEBUG  PlayerProcess                 : In Process LeavingGame function.
04/09/2016 03:31:37 [ 9] DEBUG  PlayerProcess                 : In Process LeavingGame function.
04/09/2016 03:31:37 [ 9] DEBUG  PlayerProcess                 : In Process LeavingGame function.
04/09/2016 03:31:37 [ 9] DEBUG  PlayerProcess                 : In Process LeavingGame function.
04/09/2016 03:31:37 [ 9] DEBUG  PlayerProcess                 : In Process LeavingGame function.
04/09/2016 03:31:37 [ 9] DEBUG  PlayerProcess                 : In Process LeavingGame function.
04/09/2016 03:31:37 [ 9] DEBUG  PlayerProcess                 : In Process LeavingGame function.
04/09/2016 03:31:38 [ 9] DEBUG  PlayerProcess                 : In Process LeavingGame function.
04/09/2016 03:31:38 [ 9] DEBUG  PlayerProcess                 : In Process LeavingGame function.
04/09/2016 03:31:38 [ 9] DEBUG  PlayerProcess                 : In Process LeavingGame function.
04/09/2016 03:31:38 [ 9] DEBUG  PlayerProcess                 : In Process LeavingGame function.
04/09/2016 03:31:38 [ 9] DEBUG  PlayerProcess                 : In Process LeavingGame function.
04/09/2016 03:31:38 [ 9] DEBUG  PlayerProcess                 : In Process LeavingGame function.
04/09/2016 03:31:38 [ 9] DEBUG  PlayerProcess                 : In Process LeavingGame function.
04/09/2016 03:31:38 [ 9] DEBUG  PlayerProcess                 : In Process LeavingGame function.
04/09/2016 03:31:38 [ 9] DEBUG  PlayerProcess                 : In Process LeavingGame function.
04/09/2016 03:31:38 [ 9] DEBUG  PlayerProcess                 : In Process LeavingGame function.
04/09/2016 03:31:39 [ 9] DEBUG  PlayerProcess                 : In Process LeavingGame function.
04/09/2016 03:31:39 [ 9] DEBUG  PlayerProcess                 : In Process LeavingGame function.
04/09/2016 03:31:39 [ 9] DEBUG  PlayerProcess                 : In Process LeavingGame function.
04/09/2016 03:31:39 [ 9] DEBUG  PlayerProcess                 : In Process LeavingGame function.
04/09/2016 03:31:39 [ 9] DEBUG  PlayerProcess                 : In Process LeavingGame function.
04/09/2016 03:31:39 [ 9] DEBUG  PlayerProcess                 : In Process LeavingGame function.
04/09/2016 03:31:39 [ 9] DEBUG  PlayerProcess                 : In Process LeavingGame function.
04/09/2016 03:31:39 [ 9] DEBUG  PlayerProcess                 : In Process LeavingGame function.
04/09/2016 03:31:39 [ 9] DEBUG  PlayerProcess                 : In Process LeavingGame function.
04/09/2016 03:31:40 [ 9] DEBUG  PlayerProcess                 : In Process LeavingGame function.
04/09/2016 03:31:40 [ 9] DEBUG  PlayerProcess                 : In Process LeavingGame function.
04/09/2016 03:31:40 [ 9] DEBUG  PlayerProcess                 : In Process LeavingGame function.
04/09/2016 03:31:40 [ 9] DEBUG  PlayerProcess                 : In Process LeavingGame function.
04/09/2016 03:31:40 [ 9] DEBUG  PlayerProcess                 : In Process LeavingGame function.
04/09/2016 03:31:40 [ 9] DEBUG  PlayerProcess                 : In Process LeavingGame function.
04/09/2016 03:31:40 [ 9] DEBUG  PlayerProcess                 : In Process LeavingGame function.
04/09/2016 03:31:40 [ 9] DEBUG  PlayerProcess                 : In Process LeavingGame function.
04/09/2016 03:31:40 [ 9] DEBUG  PlayerProcess                 : In Process LeavingGame function.
04/09/2016 03:31:40 [ 9] DEBUG  PlayerProcess                 : In Process LeavingGame function.
04/09/2016 03:31:41 [ 9] DEBUG  PlayerProcess                 : In Process LeavingGame function.
04/09/2016 03:31:41 [ 9] DEBUG  PlayerProcess                 : In Process LeavingGame function.
04/09/2016 03:31:41 [ 9] DEBUG  PlayerProcess                 : In Process LeavingGame function.
04/09/2016 03:31:41 [ 9] DEBUG  PlayerProcess                 : In Process LeavingGame function.
04/09/2016 03:31:41 [ 9] DEBUG  PlayerProcess                 : In Process LeavingGame function.
04/09/2016 03:31:41 [ 9] DEBUG  PlayerProcess                 : In Process LeavingGame function.
04/09/2016 03:31:41 [ 9] DEBUG  PlayerProcess                 : In Process LeavingGame function.
04/09/2016 03:31:41 [ 9] DEBUG  PlayerProcess                 : In Process LeavingGame function.
04/09/2016 03:31:41 [ 9] DEBUG  PlayerProcess                 : In Process LeavingGame function.
04/09/2016 03:31:41 [ 9] DEBUG  PlayerProcess                 : In Process LeavingGame function.
04/09/2016 03:31:42 [ 9] DEBUG  PlayerProcess                 : In Process LeavingGame function.
04/09/2016 03:31:42 [ 9] DEBUG  PlayerProcess                 : In Process LeavingGame function.
04/09/2016 03:31:42 [ 9] DEBUG  PlayerProcess                 : In Process LeavingGame function.
04/09/2016 03:31:42 [ 9] DEBUG  PlayerProcess                 : In Process LeavingGame function.
04/09/2016 03:31:42 [ 9] DEBUG  PlayerProcess                 : In Process LeavingGame function.
04/09/2016 03:31:42 [ 9] DEBUG  PlayerProcess                 : In Process LeavingGame function.
04/09/2016 03:31:42 [ 9] DEBUG  PlayerProcess                 : In Process LeavingGame function.
04/09/2016 03:31:42 [ 9] DEBUG  PlayerProcess                 : In Process LeavingGame function.
04/09/2016 03:31:42 [ 9] DEBUG  PlayerProcess                 : In Process LeavingGame function.
04/09/2016 03:31:42 [ 9] DEBUG  PlayerProcess                 : In Process LeavingGame function.
04/09/2016 03:31:43 [ 9] DEBUG  PlayerProcess                 : In Process LeavingGame function.
04/09/2016 03:31:43 [ 9] DEBUG  PlayerProcess                 : In Process LeavingGame function.
04/09/2016 03:31:43 [ 9] DEBUG  PlayerProcess                 : In Process LeavingGame function.
04/09/2016 03:31:43 [ 9] DEBUG  PlayerProcess                 : In Process LeavingGame function.
04/09/2016 03:31:43 [ 9] DEBUG  PlayerProcess                 : In Process LeavingGame function.
04/09/2016 03:31:43 [ 9] DEBUG  PlayerProcess                 : In Process LeavingGame function.
04/09/2016 03:31:43 [ 9] DEBUG  PlayerProcess                 : In Process LeavingGame function.
04/09/2016 03:31:43 [ 9] DEBUG  PlayerProcess                 : In Process LeavingGame function.
04/09/2016 03:31:43 [11] DEBUG  PostMan                       : Received UDP (Messages.RequestMessages.AliveRequest)
MsgID: 1.71
ConvId: 1.71
JSON: {"__type":"AliveRequest:#Messages.RequestMessages","ConvId":{"Pid":1,"Seq":71},"MsgId":{"Pid":1,"Seq":71}}
04/09/2016 03:31:43 [11] INFO   Dispatcher                    : New Message Received: (Messages.RequestMessages.AliveRequest)
04/09/2016 03:31:43 [11] INFO   Dispatcher                    : MessageId: 1.71ConversationId: 1.71
04/09/2016 03:31:43 [11] DEBUG  Dispatcher                    : Conversation  with id= 1.71 does not exist, trying to create new conversation.
04/09/2016 03:31:43 [11] DEBUG  Dispatcher                    : Adding Conversation Player.Conversation.AliveConversation, 1.71
04/09/2016 03:31:43 [11] DEBUG  Dispatcher                    :       New Queue ID: 1.71
04/09/2016 03:31:43 [11] INFO   BackgroundThread              : Starting 
04/09/2016 03:31:43 [10] DEBUG  AliveConversation             : Creating Alive Response
04/09/2016 03:31:43 [10] DEBUG  ResponseConversation          : Conversation Id  for Response conversation: 1.71
04/09/2016 03:31:43 [ 9] DEBUG  PlayerProcess                 : In Process LeavingGame function.
04/09/2016 03:31:43 [10] DEBUG  PostMan                       : Sending UDP (Messages.ReplyMessages.Reply)
MsgID: 8.6
ConvId: 1.71
JSON: {"__type":"Reply:#Messages.ReplyMessages","ConvId":{"Pid":1,"Seq":71},"MsgId":{"Pid":8,"Seq":6},"Note":"I'm Alive","Success":true}
04/09/2016 03:31:43 [10] DEBUG  PostMan                       : Message Delivered
04/09/2016 03:31:44 [ 9] DEBUG  PlayerProcess                 : In Process LeavingGame function.
04/09/2016 03:31:44 [ 9] DEBUG  PlayerProcess                 : In Process LeavingGame function.
04/09/2016 03:31:44 [ 9] DEBUG  PlayerProcess                 : In Process LeavingGame function.
04/09/2016 03:31:44 [ 9] DEBUG  PlayerProcess                 : In Process LeavingGame function.
04/09/2016 03:31:44 [ 9] DEBUG  PlayerProcess                 : In Process LeavingGame function.
04/09/2016 03:31:44 [ 9] DEBUG  PlayerProcess                 : In Process LeavingGame function.
04/09/2016 03:31:44 [ 9] DEBUG  PlayerProcess                 : In Process LeavingGame function.
04/09/2016 03:31:44 [ 9] DEBUG  PlayerProcess                 : In Process LeavingGame function.
04/09/2016 03:31:44 [ 9] DEBUG  PlayerProcess                 : In Process LeavingGame function.
04/09/2016 03:31:44 [ 9] DEBUG  PlayerProcess                 : In Process LeavingGame function.
04/09/2016 03:31:45 [ 9] DEBUG  PlayerProcess                 : In Process LeavingGame function.
04/09/2016 03:31:45 [ 9] DEBUG  PlayerProcess                 : In Process LeavingGame function.
04/09/2016 03:31:45 [ 9] DEBUG  PlayerProcess                 : In Process LeavingGame function.
04/09/2016 03:31:45 [ 9] DEBUG  PlayerProcess                 : In Process LeavingGame function.
04/09/2016 03:31:45 [ 9] DEBUG  PlayerProcess                 : In Process LeavingGame function.
04/09/2016 03:31:45 [ 9] DEBUG  PlayerProcess                 : In Process LeavingGame function.
04/09/2016 03:31:45 [ 9] DEBUG  PlayerProcess                 : In Process LeavingGame function.
04/09/2016 03:31:45 [ 9] DEBUG  PlayerProcess                 : In Process LeavingGame function.
04/09/2016 03:31:45 [ 9] DEBUG  PlayerProcess                 : In Process LeavingGame function.
04/09/2016 03:31:45 [ 9] DEBUG  PlayerProcess                 : In Process LeavingGame function.
04/09/2016 03:31:46 [ 9] DEBUG  PlayerProcess                 : In Process LeavingGame function.
04/09/2016 03:31:46 [ 9] DEBUG  PlayerProcess                 : In Process LeavingGame function.
04/09/2016 03:31:46 [ 9] DEBUG  PlayerProcess                 : In Process LeavingGame function.
04/09/2016 03:31:46 [ 9] DEBUG  PlayerProcess                 : In Process LeavingGame function.
04/09/2016 03:31:46 [ 9] DEBUG  PlayerProcess                 : In Process LeavingGame function.
04/09/2016 03:31:46 [ 9] DEBUG  PlayerProcess                 : In Process LeavingGame function.
04/09/2016 03:31:46 [ 9] DEBUG  PlayerProcess                 : In Process LeavingGame function.
04/09/2016 03:31:46 [ 9] DEBUG  PlayerProcess                 : In Process LeavingGame function.
04/09/2016 03:31:46 [ 9] DEBUG  PlayerProcess                 : In Process LeavingGame function.
04/09/2016 03:31:47 [ 9] DEBUG  PlayerProcess                 : In Process LeavingGame function.
04/09/2016 03:31:47 [ 9] DEBUG  PlayerProcess                 : In Process LeavingGame function.
04/09/2016 03:31:47 [ 9] DEBUG  PlayerProcess                 : In Process LeavingGame function.
04/09/2016 03:31:47 [ 9] DEBUG  PlayerProcess                 : In Process LeavingGame function.
04/09/2016 03:31:47 [ 9] DEBUG  PlayerProcess                 : In Process LeavingGame function.
04/09/2016 03:31:47 [ 9] DEBUG  PlayerProcess                 : In Process LeavingGame function.
04/09/2016 03:31:47 [ 9] DEBUG  PlayerProcess                 : In Process LeavingGame function.
04/09/2016 03:31:47 [ 9] DEBUG  PlayerProcess                 : In Process LeavingGame function.
04/09/2016 03:31:47 [ 9] DEBUG  PlayerProcess                 : In Process LeavingGame function.
04/09/2016 03:31:47 [ 9] DEBUG  PlayerProcess                 : In Process LeavingGame function.
04/09/2016 03:31:48 [ 9] DEBUG  PlayerProcess                 : In Process LeavingGame function.
04/09/2016 03:31:48 [ 9] DEBUG  PlayerProcess                 : In Process LeavingGame function.
04/09/2016 03:31:48 [ 9] DEBUG  PlayerProcess                 : In Process LeavingGame function.
04/09/2016 03:31:48 [ 9] DEBUG  PlayerProcess                 : In Process LeavingGame function.
04/09/2016 03:31:48 [ 9] DEBUG  PlayerProcess                 : In Process LeavingGame function.
04/09/2016 03:31:48 [ 9] DEBUG  PlayerProcess                 : In Process LeavingGame function.
04/09/2016 03:31:48 [ 9] DEBUG  PlayerProcess                 : In Process LeavingGame function.
04/09/2016 03:31:48 [ 9] DEBUG  PlayerProcess                 : In Process LeavingGame function.
04/09/2016 03:31:48 [ 9] DEBUG  PlayerProcess                 : In Process LeavingGame function.
04/09/2016 03:31:48 [ 9] DEBUG  PlayerProcess                 : In Process LeavingGame function.
04/09/2016 03:31:49 [ 9] DEBUG  PlayerProcess                 : In Process LeavingGame function.
04/09/2016 03:31:49 [ 9] DEBUG  PlayerProcess                 : In Process LeavingGame function.
04/09/2016 03:31:49 [ 9] DEBUG  PlayerProcess                 : In Process LeavingGame function.
04/09/2016 03:31:49 [ 9] DEBUG  PlayerProcess                 : In Process LeavingGame function.
04/09/2016 03:31:49 [ 9] DEBUG  PlayerProcess                 : In Process LeavingGame function.
04/09/2016 03:31:49 [ 9] DEBUG  PlayerProcess                 : In Process LeavingGame function.
04/09/2016 03:31:49 [ 9] DEBUG  PlayerProcess                 : In Process LeavingGame function.
04/09/2016 03:31:49 [ 9] DEBUG  PlayerProcess                 : In Process LeavingGame function.
04/09/2016 03:31:49 [ 9] DEBUG  PlayerProcess                 : In Process LeavingGame function.
04/09/2016 03:31:49 [ 9] DEBUG  PlayerProcess                 : In Process LeavingGame function.
04/09/2016 03:31:50 [ 9] DEBUG  PlayerProcess                 : In Process LeavingGame function.
04/09/2016 03:31:50 [ 9] DEBUG  PlayerProcess                 : In Process LeavingGame function.
04/09/2016 03:31:50 [ 9] DEBUG  PlayerProcess                 : In Process LeavingGame function.
04/09/2016 03:31:50 [ 9] DEBUG  PlayerProcess                 : In Process LeavingGame function.
04/09/2016 03:31:50 [ 9] DEBUG  PlayerProcess                 : In Process LeavingGame function.
04/09/2016 03:31:50 [ 9] DEBUG  PlayerProcess                 : In Process LeavingGame function.
04/09/2016 03:31:50 [ 9] DEBUG  PlayerProcess                 : In Process LeavingGame function.
04/09/2016 03:31:50 [ 9] DEBUG  PlayerProcess                 : In Process LeavingGame function.
04/09/2016 03:31:50 [ 9] DEBUG  PlayerProcess                 : In Process LeavingGame function.
04/09/2016 03:31:50 [ 9] DEBUG  PlayerProcess                 : In Process LeavingGame function.
04/09/2016 03:31:51 [ 9] DEBUG  PlayerProcess                 : In Process LeavingGame function.
04/09/2016 03:31:51 [ 9] DEBUG  PlayerProcess                 : In Process LeavingGame function.
04/09/2016 03:31:51 [ 9] DEBUG  PlayerProcess                 : In Process LeavingGame function.
04/09/2016 03:31:51 [ 9] DEBUG  PlayerProcess                 : In Process LeavingGame function.
04/09/2016 03:31:51 [ 9] DEBUG  PlayerProcess                 : In Process LeavingGame function.
04/09/2016 03:31:51 [ 9] DEBUG  PlayerProcess                 : In Process LeavingGame function.
04/09/2016 03:31:51 [ 9] DEBUG  PlayerProcess                 : In Process LeavingGame function.
04/09/2016 03:31:51 [ 9] DEBUG  PlayerProcess                 : In Process LeavingGame function.
04/09/2016 03:31:51 [ 9] DEBUG  PlayerProcess                 : In Process LeavingGame function.
04/09/2016 03:31:52 [ 9] DEBUG  PlayerProcess                 : In Process LeavingGame function.
04/09/2016 03:31:52 [ 9] DEBUG  PlayerProcess                 : In Process LeavingGame function.
04/09/2016 03:31:52 [ 9] DEBUG  PlayerProcess                 : In Process LeavingGame function.
04/09/2016 03:31:52 [ 9] DEBUG  PlayerProcess                 : In Process LeavingGame function.
04/09/2016 03:31:52 [ 9] DEBUG  PlayerProcess                 : In Process LeavingGame function.
04/09/2016 03:31:52 [ 9] DEBUG  PlayerProcess                 : In Process LeavingGame function.
04/09/2016 03:31:52 [ 9] DEBUG  PlayerProcess                 : In Process LeavingGame function.
04/09/2016 03:31:52 [ 9] DEBUG  PlayerProcess                 : In Process LeavingGame function.
04/09/2016 03:31:52 [ 9] DEBUG  PlayerProcess                 : In Process LeavingGame function.
04/09/2016 03:31:52 [ 9] DEBUG  PlayerProcess                 : In Process LeavingGame function.
04/09/2016 03:31:53 [ 9] DEBUG  PlayerProcess                 : In Process LeavingGame function.
04/09/2016 03:31:53 [ 9] DEBUG  PlayerProcess                 : In Process LeavingGame function.
04/09/2016 03:31:53 [ 9] DEBUG  PlayerProcess                 : In Process LeavingGame function.
04/09/2016 03:31:53 [ 9] DEBUG  PlayerProcess                 : In Process LeavingGame function.
04/09/2016 03:31:53 [ 9] DEBUG  PlayerProcess                 : In Process LeavingGame function.
04/09/2016 03:31:53 [ 9] DEBUG  PlayerProcess                 : In Process LeavingGame function.
04/09/2016 03:31:53 [ 9] DEBUG  PlayerProcess                 : In Process LeavingGame function.
04/09/2016 03:31:53 [ 9] DEBUG  PlayerProcess                 : In Process LeavingGame function.
04/09/2016 03:31:53 [ 9] DEBUG  PlayerProcess                 : In Process LeavingGame function.
04/09/2016 03:31:53 [ 9] DEBUG  PlayerProcess                 : In Process LeavingGame function.
04/09/2016 03:31:54 [ 9] DEBUG  PlayerProcess                 : In Process LeavingGame function.
04/09/2016 03:31:54 [ 9] DEBUG  PlayerProcess                 : In Process LeavingGame function.
04/09/2016 03:31:54 [ 9] DEBUG  PlayerProcess                 : In Process LeavingGame function.
04/09/2016 03:31:54 [ 9] DEBUG  PlayerProcess                 : In Process LeavingGame function.
04/09/2016 03:31:54 [ 9] DEBUG  PlayerProcess                 : In Process LeavingGame function.
04/09/2016 03:31:54 [ 9] DEBUG  PlayerProcess                 : In Process LeavingGame function.
04/09/2016 03:31:54 [ 9] DEBUG  PlayerProcess                 : In Process LeavingGame function.
04/09/2016 03:31:54 [ 9] DEBUG  PlayerProcess                 : In Process LeavingGame function.
04/09/2016 03:31:54 [ 9] DEBUG  PlayerProcess                 : In Process LeavingGame function.
04/09/2016 03:31:54 [ 9] DEBUG  PlayerProcess                 : In Process LeavingGame function.
04/09/2016 03:31:55 [ 9] DEBUG  PlayerProcess                 : In Process LeavingGame function.
04/09/2016 03:31:55 [ 9] DEBUG  PlayerProcess                 : In Process LeavingGame function.
04/09/2016 03:31:55 [ 9] DEBUG  PlayerProcess                 : In Process LeavingGame function.
04/09/2016 03:31:55 [ 9] DEBUG  PlayerProcess                 : In Process LeavingGame function.
04/09/2016 03:31:55 [ 9] DEBUG  PlayerProcess                 : In Process LeavingGame function.
04/09/2016 03:31:55 [ 9] DEBUG  PlayerProcess                 : In Process LeavingGame function.
04/09/2016 03:31:55 [ 9] DEBUG  PlayerProcess                 : In Process LeavingGame function.
04/09/2016 03:31:55 [ 9] DEBUG  PlayerProcess                 : In Process LeavingGame function.
04/09/2016 03:31:55 [ 9] DEBUG  PlayerProcess                 : In Process LeavingGame function.
04/09/2016 03:31:56 [ 9] DEBUG  PlayerProcess                 : In Process LeavingGame function.
04/09/2016 03:31:56 [ 9] DEBUG  PlayerProcess                 : In Process LeavingGame function.
04/09/2016 03:31:56 [ 9] DEBUG  PlayerProcess                 : In Process LeavingGame function.
04/09/2016 03:31:56 [ 9] DEBUG  PlayerProcess                 : In Process LeavingGame function.
04/09/2016 03:31:56 [ 9] DEBUG  PlayerProcess                 : In Process LeavingGame function.
04/09/2016 03:31:56 [ 9] DEBUG  PlayerProcess                 : In Process LeavingGame function.
04/09/2016 03:31:56 [ 9] DEBUG  PlayerProcess                 : In Process LeavingGame function.
04/09/2016 03:31:56 [ 9] DEBUG  PlayerProcess                 : In Process LeavingGame function.
04/09/2016 03:31:56 [ 9] DEBUG  PlayerProcess                 : In Process LeavingGame function.
04/09/2016 03:31:56 [ 9] DEBUG  PlayerProcess                 : In Process LeavingGame function.
04/09/2016 03:31:57 [ 9] DEBUG  PlayerProcess                 : In Process LeavingGame function.
04/09/2016 03:31:57 [ 9] DEBUG  PlayerProcess                 : In Process LeavingGame function.
04/09/2016 03:31:57 [ 9] DEBUG  PlayerProcess                 : In Process LeavingGame function.
04/09/2016 03:31:57 [ 9] DEBUG  PlayerProcess                 : In Process LeavingGame function.
04/09/2016 03:31:57 [ 9] DEBUG  PlayerProcess                 : In Process LeavingGame function.
04/09/2016 03:31:57 [ 9] DEBUG  PlayerProcess                 : In Process LeavingGame function.
04/09/2016 03:31:57 [ 9] DEBUG  PlayerProcess                 : In Process LeavingGame function.
04/09/2016 03:31:57 [ 9] DEBUG  PlayerProcess                 : In Process LeavingGame function.
04/09/2016 03:31:57 [ 9] DEBUG  PlayerProcess                 : In Process LeavingGame function.
04/09/2016 03:31:57 [ 9] DEBUG  PlayerProcess                 : In Process LeavingGame function.
04/09/2016 03:31:58 [ 9] DEBUG  PlayerProcess                 : In Process LeavingGame function.
04/09/2016 03:31:58 [ 9] DEBUG  PlayerProcess                 : In Process LeavingGame function.
04/09/2016 03:31:58 [ 9] DEBUG  PlayerProcess                 : In Process LeavingGame function.
04/09/2016 03:31:58 [ 9] DEBUG  PlayerProcess                 : In Process LeavingGame function.
04/09/2016 03:31:58 [ 9] DEBUG  PlayerProcess                 : In Process LeavingGame function.
04/09/2016 03:31:58 [ 9] DEBUG  PlayerProcess                 : In Process LeavingGame function.
04/09/2016 03:31:58 [ 9] DEBUG  PlayerProcess                 : In Process LeavingGame function.
04/09/2016 03:31:58 [ 9] DEBUG  PlayerProcess                 : In Process LeavingGame function.
04/09/2016 03:31:58 [ 9] DEBUG  PlayerProcess                 : In Process LeavingGame function.
04/09/2016 03:31:58 [ 9] DEBUG  PlayerProcess                 : In Process LeavingGame function.
04/09/2016 03:31:59 [ 9] DEBUG  PlayerProcess                 : In Process LeavingGame function.
04/09/2016 03:31:59 [ 9] DEBUG  PlayerProcess                 : In Process LeavingGame function.
04/09/2016 03:31:59 [ 9] DEBUG  PlayerProcess                 : In Process LeavingGame function.
04/09/2016 03:31:59 [ 9] DEBUG  PlayerProcess                 : In Process LeavingGame function.
04/09/2016 03:31:59 [ 9] DEBUG  PlayerProcess                 : In Process LeavingGame function.
04/09/2016 03:31:59 [ 9] DEBUG  PlayerProcess                 : In Process LeavingGame function.
04/09/2016 03:31:59 [ 9] DEBUG  PlayerProcess                 : In Process LeavingGame function.
04/09/2016 03:31:59 [ 9] DEBUG  PlayerProcess                 : In Process LeavingGame function.
04/09/2016 03:31:59 [ 9] DEBUG  PlayerProcess                 : In Process LeavingGame function.
04/09/2016 03:31:59 [ 9] DEBUG  PlayerProcess                 : In Process LeavingGame function.
04/09/2016 03:32:00 [ 9] DEBUG  PlayerProcess                 : In Process LeavingGame function.
04/09/2016 03:32:00 [ 9] DEBUG  PlayerProcess                 : In Process LeavingGame function.
04/09/2016 03:32:00 [ 9] DEBUG  PlayerProcess                 : In Process LeavingGame function.
04/09/2016 03:32:00 [ 9] DEBUG  PlayerProcess                 : In Process LeavingGame function.
04/09/2016 03:32:00 [ 9] DEBUG  PlayerProcess                 : In Process LeavingGame function.
04/09/2016 03:32:00 [ 9] DEBUG  PlayerProcess                 : In Process LeavingGame function.
04/09/2016 03:32:00 [ 9] DEBUG  PlayerProcess                 : In Process LeavingGame function.
04/09/2016 03:32:00 [ 9] DEBUG  PlayerProcess                 : In Process LeavingGame function.
04/09/2016 03:32:00 [ 9] DEBUG  PlayerProcess                 : In Process LeavingGame function.
04/09/2016 03:32:00 [ 9] DEBUG  PlayerProcess                 : In Process LeavingGame function.
04/09/2016 03:32:01 [ 9] DEBUG  PlayerProcess                 : In Process LeavingGame function.
04/09/2016 03:32:01 [ 9] DEBUG  PlayerProcess                 : In Process LeavingGame function.
04/09/2016 03:32:01 [ 9] DEBUG  PlayerProcess                 : In Process LeavingGame function.
04/09/2016 03:32:01 [ 9] DEBUG  PlayerProcess                 : In Process LeavingGame function.
04/09/2016 03:32:01 [ 9] DEBUG  PlayerProcess                 : In Process LeavingGame function.
04/09/2016 03:32:01 [ 9] DEBUG  PlayerProcess                 : In Process LeavingGame function.
04/09/2016 03:32:01 [ 9] DEBUG  PlayerProcess                 : In Process LeavingGame function.
04/09/2016 03:32:01 [ 9] DEBUG  PlayerProcess                 : In Process LeavingGame function.
04/09/2016 03:32:01 [ 9] DEBUG  PlayerProcess                 : In Process LeavingGame function.
04/09/2016 03:32:01 [ 9] DEBUG  PlayerProcess                 : In Process LeavingGame function.
04/09/2016 03:32:02 [ 9] DEBUG  PlayerProcess                 : In Process LeavingGame function.
04/09/2016 03:32:02 [ 9] DEBUG  PlayerProcess                 : In Process LeavingGame function.
04/09/2016 03:32:02 [ 9] DEBUG  PlayerProcess                 : In Process LeavingGame function.
04/09/2016 03:32:02 [ 9] DEBUG  PlayerProcess                 : In Process LeavingGame function.
04/09/2016 03:32:02 [ 9] DEBUG  PlayerProcess                 : In Process LeavingGame function.
04/09/2016 03:32:02 [ 9] DEBUG  PlayerProcess                 : In Process LeavingGame function.
04/09/2016 03:32:02 [ 9] DEBUG  PlayerProcess                 : In Process LeavingGame function.
04/09/2016 03:32:02 [ 9] DEBUG  PlayerProcess                 : In Process LeavingGame function.
04/09/2016 03:32:02 [ 9] DEBUG  PlayerProcess                 : In Process LeavingGame function.
04/09/2016 03:32:03 [ 9] DEBUG  PlayerProcess                 : In Process LeavingGame function.
04/09/2016 03:32:03 [ 9] DEBUG  PlayerProcess                 : In Process LeavingGame function.
04/09/2016 03:32:03 [ 9] DEBUG  PlayerProcess                 : In Process LeavingGame function.
04/09/2016 03:32:03 [ 9] DEBUG  PlayerProcess                 : In Process LeavingGame function.
04/09/2016 03:32:03 [ 9] DEBUG  PlayerProcess                 : In Process LeavingGame function.
04/09/2016 03:32:03 [ 9] DEBUG  PlayerProcess                 : In Process LeavingGame function.
04/09/2016 03:32:03 [ 9] DEBUG  PlayerProcess                 : In Process LeavingGame function.
04/09/2016 03:32:03 [ 9] DEBUG  PlayerProcess                 : In Process LeavingGame function.
04/09/2016 03:32:03 [ 9] DEBUG  PlayerProcess                 : In Process LeavingGame function.
04/09/2016 03:32:03 [ 9] DEBUG  PlayerProcess                 : In Process LeavingGame function.
04/09/2016 03:32:04 [ 9] DEBUG  PlayerProcess                 : In Process LeavingGame function.
04/09/2016 03:32:04 [ 9] DEBUG  PlayerProcess                 : In Process LeavingGame function.
04/09/2016 03:32:04 [ 9] DEBUG  PlayerProcess                 : In Process LeavingGame function.
04/09/2016 03:32:04 [ 9] DEBUG  PlayerProcess                 : In Process LeavingGame function.
04/09/2016 03:32:04 [ 9] DEBUG  PlayerProcess                 : In Process LeavingGame function.
04/09/2016 03:32:04 [ 9] DEBUG  PlayerProcess                 : In Process LeavingGame function.
04/09/2016 03:32:04 [ 9] DEBUG  PlayerProcess                 : In Process LeavingGame function.
04/09/2016 03:32:04 [ 9] DEBUG  PlayerProcess                 : In Process LeavingGame function.
04/09/2016 03:32:04 [ 9] DEBUG  PlayerProcess                 : In Process LeavingGame function.
04/09/2016 03:32:04 [ 9] DEBUG  PlayerProcess                 : In Process LeavingGame function.
04/09/2016 03:32:05 [ 9] DEBUG  PlayerProcess                 : In Process LeavingGame function.
04/09/2016 03:32:05 [ 9] DEBUG  PlayerProcess                 : In Process LeavingGame function.
04/09/2016 03:32:05 [ 9] DEBUG  PlayerProcess                 : In Process LeavingGame function.
04/09/2016 03:32:05 [ 9] DEBUG  PlayerProcess                 : In Process LeavingGame function.
04/09/2016 03:32:05 [ 9] DEBUG  PlayerProcess                 : In Process LeavingGame function.
04/09/2016 03:32:05 [ 9] DEBUG  PlayerProcess                 : In Process LeavingGame function.
04/09/2016 03:32:05 [ 9] DEBUG  PlayerProcess                 : In Process LeavingGame function.
04/09/2016 03:32:05 [ 9] DEBUG  PlayerProcess                 : In Process LeavingGame function.
04/09/2016 03:32:05 [ 9] DEBUG  PlayerProcess                 : In Process LeavingGame function.
04/09/2016 03:32:05 [ 9] DEBUG  PlayerProcess                 : In Process LeavingGame function.
04/09/2016 03:32:06 [ 9] DEBUG  PlayerProcess                 : In Process LeavingGame function.
04/09/2016 03:32:06 [ 9] DEBUG  PlayerProcess                 : In Process LeavingGame function.
04/09/2016 03:32:06 [ 9] DEBUG  PlayerProcess                 : In Process LeavingGame function.
04/09/2016 03:32:06 [ 9] DEBUG  PlayerProcess                 : In Process LeavingGame function.
04/09/2016 03:32:06 [ 9] DEBUG  PlayerProcess                 : In Process LeavingGame function.
04/09/2016 03:32:06 [ 9] DEBUG  PlayerProcess                 : In Process LeavingGame function.
04/09/2016 03:32:06 [ 9] DEBUG  PlayerProcess                 : In Process LeavingGame function.
04/09/2016 03:32:06 [ 9] DEBUG  PlayerProcess                 : In Process LeavingGame function.
04/09/2016 03:32:06 [ 9] DEBUG  PlayerProcess                 : In Process LeavingGame function.
04/09/2016 03:32:06 [ 9] DEBUG  PlayerProcess                 : In Process LeavingGame function.
04/09/2016 03:32:07 [ 9] DEBUG  PlayerProcess                 : In Process LeavingGame function.
04/09/2016 03:32:07 [ 9] DEBUG  PlayerProcess                 : In Process LeavingGame function.
04/09/2016 03:32:07 [ 9] DEBUG  PlayerProcess                 : In Process LeavingGame function.
04/09/2016 03:32:07 [ 9] DEBUG  PlayerProcess                 : In Process LeavingGame function.
04/09/2016 03:32:07 [ 9] DEBUG  PlayerProcess                 : In Process LeavingGame function.
04/09/2016 03:32:07 [ 9] DEBUG  PlayerProcess                 : In Process LeavingGame function.
04/09/2016 03:32:07 [ 9] DEBUG  PlayerProcess                 : In Process LeavingGame function.
04/09/2016 03:32:07 [ 9] DEBUG  PlayerProcess                 : In Process LeavingGame function.
04/09/2016 03:32:07 [ 9] DEBUG  PlayerProcess                 : In Process LeavingGame function.
04/09/2016 03:32:07 [ 9] DEBUG  PlayerProcess                 : In Process LeavingGame function.
04/09/2016 03:32:08 [ 9] DEBUG  PlayerProcess                 : In Process LeavingGame function.
04/09/2016 03:32:08 [ 9] DEBUG  PlayerProcess                 : In Process LeavingGame function.
04/09/2016 03:32:08 [ 9] DEBUG  PlayerProcess                 : In Process LeavingGame function.
04/09/2016 03:32:08 [ 9] DEBUG  PlayerProcess                 : In Process LeavingGame function.
04/09/2016 03:32:08 [ 9] DEBUG  PlayerProcess                 : In Process LeavingGame function.
04/09/2016 03:32:08 [ 9] DEBUG  PlayerProcess                 : In Process LeavingGame function.
04/09/2016 03:32:08 [ 9] DEBUG  PlayerProcess                 : In Process LeavingGame function.
04/09/2016 03:32:08 [ 9] DEBUG  PlayerProcess                 : In Process LeavingGame function.
04/09/2016 03:32:08 [ 9] DEBUG  PlayerProcess                 : In Process LeavingGame function.
04/09/2016 03:32:08 [ 9] DEBUG  PlayerProcess                 : In Process LeavingGame function.
04/09/2016 03:32:09 [ 9] DEBUG  PlayerProcess                 : In Process LeavingGame function.
04/09/2016 03:32:09 [ 9] DEBUG  PlayerProcess                 : In Process LeavingGame function.
04/09/2016 03:32:09 [ 9] DEBUG  PlayerProcess                 : In Process LeavingGame function.
04/09/2016 03:32:09 [ 9] DEBUG  PlayerProcess                 : In Process LeavingGame function.
04/09/2016 03:32:09 [ 9] DEBUG  PlayerProcess                 : In Process LeavingGame function.
04/09/2016 03:32:09 [ 9] DEBUG  PlayerProcess                 : In Process LeavingGame function.
04/09/2016 03:32:09 [ 9] DEBUG  PlayerProcess                 : In Process LeavingGame function.
04/09/2016 03:32:09 [ 9] DEBUG  PlayerProcess                 : In Process LeavingGame function.
04/09/2016 03:32:09 [ 9] DEBUG  PlayerProcess                 : In Process LeavingGame function.
04/09/2016 03:32:10 [ 9] DEBUG  PlayerProcess                 : In Process LeavingGame function.
04/09/2016 03:32:10 [ 9] DEBUG  PlayerProcess                 : In Process LeavingGame function.
04/09/2016 03:32:10 [ 9] DEBUG  PlayerProcess                 : In Process LeavingGame function.
04/09/2016 03:32:10 [ 9] DEBUG  PlayerProcess                 : In Process LeavingGame function.
04/09/2016 03:32:10 [ 9] DEBUG  PlayerProcess                 : In Process LeavingGame function.
04/09/2016 03:32:10 [ 9] DEBUG  PlayerProcess                 : In Process LeavingGame function.
04/09/2016 03:32:10 [ 9] DEBUG  PlayerProcess                 : In Process LeavingGame function.
04/09/2016 03:32:10 [ 9] DEBUG  PlayerProcess                 : In Process LeavingGame function.
04/09/2016 03:32:10 [ 9] DEBUG  PlayerProcess                 : In Process LeavingGame function.
04/09/2016 03:32:10 [ 9] DEBUG  PlayerProcess                 : In Process LeavingGame function.
04/09/2016 03:32:11 [ 9] DEBUG  PlayerProcess                 : In Process LeavingGame function.
04/09/2016 03:32:11 [ 9] DEBUG  PlayerProcess                 : In Process LeavingGame function.
04/09/2016 03:32:11 [ 9] DEBUG  PlayerProcess                 : In Process LeavingGame function.
04/09/2016 03:32:11 [ 9] DEBUG  PlayerProcess                 : In Process LeavingGame function.
04/09/2016 03:32:11 [ 9] DEBUG  PlayerProcess                 : In Process LeavingGame function.
04/09/2016 03:32:11 [ 9] DEBUG  PlayerProcess                 : In Process LeavingGame function.
04/09/2016 03:32:11 [ 9] DEBUG  PlayerProcess                 : In Process LeavingGame function.
04/09/2016 03:32:11 [ 9] DEBUG  PlayerProcess                 : In Process LeavingGame function.
04/09/2016 03:32:11 [ 9] DEBUG  PlayerProcess                 : In Process LeavingGame function.
04/09/2016 03:32:11 [ 9] DEBUG  PlayerProcess                 : In Process LeavingGame function.
04/09/2016 03:32:12 [ 9] DEBUG  PlayerProcess                 : In Process LeavingGame function.
04/09/2016 03:32:12 [ 9] DEBUG  PlayerProcess                 : In Process LeavingGame function.
04/09/2016 03:32:12 [ 9] DEBUG  PlayerProcess                 : In Process LeavingGame function.
04/09/2016 03:32:12 [ 9] DEBUG  PlayerProcess                 : In Process LeavingGame function.
04/09/2016 03:32:12 [ 9] DEBUG  PlayerProcess                 : In Process LeavingGame function.
04/09/2016 03:32:12 [ 9] DEBUG  PlayerProcess                 : In Process LeavingGame function.
04/09/2016 03:32:12 [ 9] DEBUG  PlayerProcess                 : In Process LeavingGame function.
04/09/2016 03:32:12 [ 9] DEBUG  PlayerProcess                 : In Process LeavingGame function.
04/09/2016 03:32:12 [ 9] DEBUG  PlayerProcess                 : In Process LeavingGame function.
04/09/2016 03:32:12 [ 9] DEBUG  PlayerProcess                 : In Process LeavingGame function.
04/09/2016 03:32:13 [ 9] DEBUG  PlayerProcess                 : In Process LeavingGame function.
04/09/2016 03:32:13 [ 9] DEBUG  PlayerProcess                 : In Process LeavingGame function.
04/09/2016 03:32:13 [ 9] DEBUG  PlayerProcess                 : In Process LeavingGame function.
04/09/2016 03:32:13 [ 9] DEBUG  PlayerProcess                 : In Process LeavingGame function.
04/09/2016 03:32:13 [ 9] DEBUG  PlayerProcess                 : In Process LeavingGame function.
04/09/2016 03:32:13 [ 9] DEBUG  PlayerProcess                 : In Process LeavingGame function.
04/09/2016 03:32:13 [ 9] DEBUG  PlayerProcess                 : In Process LeavingGame function.
04/09/2016 03:32:13 [ 9] DEBUG  PlayerProcess                 : In Process LeavingGame function.
04/09/2016 03:32:13 [ 9] DEBUG  PlayerProcess                 : In Process LeavingGame function.
04/09/2016 03:32:13 [ 9] DEBUG  PlayerProcess                 : In Process LeavingGame function.
04/09/2016 03:32:14 [ 9] DEBUG  PlayerProcess                 : In Process LeavingGame function.
04/09/2016 03:32:14 [ 9] DEBUG  PlayerProcess                 : In Process LeavingGame function.
04/09/2016 03:32:14 [ 9] DEBUG  PlayerProcess                 : In Process LeavingGame function.
04/09/2016 03:32:14 [ 9] DEBUG  PlayerProcess                 : In Process LeavingGame function.
04/09/2016 03:32:14 [ 9] DEBUG  PlayerProcess                 : In Process LeavingGame function.
04/09/2016 03:32:14 [ 9] DEBUG  PlayerProcess                 : In Process LeavingGame function.
04/09/2016 03:32:14 [ 9] DEBUG  PlayerProcess                 : In Process LeavingGame function.
04/09/2016 03:32:14 [ 9] DEBUG  PlayerProcess                 : In Process LeavingGame function.
04/09/2016 03:32:14 [11] DEBUG  PostMan                       : Received UDP (Messages.RequestMessages.AliveRequest)
MsgID: 1.75
ConvId: 1.75
JSON: {"__type":"AliveRequest:#Messages.RequestMessages","ConvId":{"Pid":1,"Seq":75},"MsgId":{"Pid":1,"Seq":75}}
04/09/2016 03:32:14 [11] INFO   Dispatcher                    : New Message Received: (Messages.RequestMessages.AliveRequest)
04/09/2016 03:32:14 [11] INFO   Dispatcher                    : MessageId: 1.75ConversationId: 1.75
04/09/2016 03:32:14 [11] DEBUG  Dispatcher                    : Conversation  with id= 1.75 does not exist, trying to create new conversation.
04/09/2016 03:32:14 [11] DEBUG  Dispatcher                    : Adding Conversation Player.Conversation.AliveConversation, 1.75
04/09/2016 03:32:14 [11] DEBUG  Dispatcher                    :       New Queue ID: 1.75
04/09/2016 03:32:14 [11] INFO   BackgroundThread              : Starting 
04/09/2016 03:32:14 [10] ERROR  ResponseConversation          : Unable to retrieve received message. 
04/09/2016 03:32:14 [ 9] DEBUG  PlayerProcess                 : In Process LeavingGame function.
04/09/2016 03:32:14 [ 9] DEBUG  PlayerProcess                 : In Process LeavingGame function.
04/09/2016 03:32:15 [ 9] DEBUG  PlayerProcess                 : In Process LeavingGame function.
04/09/2016 03:32:15 [ 9] DEBUG  PlayerProcess                 : In Process LeavingGame function.
