04/13/2016 02:24:32 [ 7] DEBUG  PlayerConnection              : Using Local Settings.
04/13/2016 02:24:32 [ 7] DEBUG  PlayerConnection              : Starting Application. 
04/13/2016 02:24:32 [ 7] DEBUG  PlayerConnection              : Initializing Subsystem
04/13/2016 02:24:32 [ 7] DEBUG  PlayerProcess                 : Initializeing Player Subsystem.
04/13/2016 02:24:32 [ 7] DEBUG  PlayerConnection              : Initializing Player
04/13/2016 02:24:32 [ 7] DEBUG  PlayerProcess                 : Initializing Player Details.
04/13/2016 02:24:32 [ 7] INFO   BackgroundThread              : Starting 
04/13/2016 02:24:32 [12] INFO   BackgroundThread              : Starting 
04/13/2016 02:24:32 [12] DEBUG  PlayerProcess                 : In Process Login function.
04/13/2016 02:24:32 [12] DEBUG  ConversationFactory           : Creating Conversation of type LoginConversation
04/13/2016 02:24:32 [12] DEBUG  Dispatcher                    : Adding Conversation Player.Conversation.LoginConversation, 0.1
04/13/2016 02:24:32 [12] DEBUG  Dispatcher                    :       New Queue ID: 0.1
04/13/2016 02:24:32 [12] INFO   BackgroundThread              : Starting 
04/13/2016 02:24:34 [11] DEBUG  LoginConversation             : Creating login request. 
04/13/2016 02:24:34 [11] DEBUG  InitiatedConversation         : LoginConversation, ConversationID: 0.1: Conversation Id  for Initiated conversation: 0.1
04/13/2016 02:24:34 [11] DEBUG  Conversation                  : LoginConversation, ConversationID: 0.1: Setting Message IDs
04/13/2016 02:24:34 [11] DEBUG  Conversation                  : LoginConversation, ConversationID: 0.1: Conversation is initiating send.
04/13/2016 02:24:34 [11] DEBUG  PostMan                       : Sending UDP (Messages.RequestMessages.LoginRequest, MessageID: 0.1, ConversationID: 0.1)
Endpoint: 127.0.0.1:12000
JSON: {"__type":"LoginRequest:#Messages.RequestMessages","ConvId":{"Pid":0,"Seq":1},"MsgId":{"Pid":0,"Seq":1},"Identity":{"ANumber":"A00000001","Alias":"The Instructor","FirstName":"The","LastName":"Instructor"},"ProcessLabel":"The Instructor","ProcessType":3,"PublicKey":null}
04/13/2016 02:24:34 [11] DEBUG  PostMan                       : Message Delivered
04/13/2016 02:24:34 [11] DEBUG  Conversation                  : LoginConversation, ConversationID: 0.1: Send succeeded.
04/13/2016 02:24:34 [10] DEBUG  PostMan                       : Received UDP (Messages.ReplyMessages.LoginReply, MessageID: 1.2025, ConversationID: 0.1)
JSON: {"__type":"LoginReply:#Messages.ReplyMessages","ConvId":{"Pid":0,"Seq":1},"MsgId":{"Pid":1,"Seq":2025},"Note":"Logged in","Success":true,"PennyBankEndPoint":{"Host":"127.0.0.1","Port":12003},"PennyBankPublicKey":null,"ProcessInfo":{"EndPoint":{"Host":"127.0.0.1","Port":10000},"Label":"The Instructor","ProcessId":23,"Status":3,"Type":3},"ProxyEndPoint":{"Host":"127.0.0.1","Port":12002}}
04/13/2016 02:24:34 [13] INFO   ispatcher+<>c__DisplayClass7_0: New Message Received: (Messages.ReplyMessages.LoginReply)
04/13/2016 02:24:34 [13] INFO   ispatcher+<>c__DisplayClass7_0: MessageId: 1.2025ConversationId: 0.1
04/13/2016 02:24:34 [13] DEBUG  Dispatcher                    : Successsfully queued a new message of type LoginReply, for conversation: 0.1
04/13/2016 02:24:34 [11] DEBUG  Conversation                  : LoginConversation, ConversationID: 0.1: Message available!
04/13/2016 02:24:34 [11] DEBUG  Conversation                  : LoginConversation, ConversationID: 0.1: Message available!
04/13/2016 02:24:34 [11] DEBUG  Conversation                  : LoginConversation, ConversationID: 0.1: Received Message is valid
04/13/2016 02:24:34 [11] DEBUG  Conversation                  : Received a Message of type: LoginReply
04/13/2016 02:24:34 [11] DEBUG  LoginConversation             : Proxy endpoint is 127.0.0.1:12003
04/13/2016 02:24:34 [11] INFO   Conversation                  : Conversation Succeeded
04/13/2016 02:24:34 [11] INFO   Conversation                  : Conversation Succeeded
04/13/2016 02:24:34 [12] DEBUG  PlayerProcess                 : In Process GetGameList function.
04/13/2016 02:24:34 [12] DEBUG  ConversationFactory           : Creating Conversation of type GameListConversation
04/13/2016 02:24:34 [12] DEBUG  Dispatcher                    : Adding Conversation Player.Conversation.GameListConversation, 23.2
04/13/2016 02:24:34 [12] DEBUG  Dispatcher                    :       New Queue ID: 23.2
04/13/2016 02:24:34 [12] INFO   BackgroundThread              : Starting 
04/13/2016 02:24:37 [14] DEBUG  GameListConversation          : Queuing game list request. 
04/13/2016 02:24:37 [14] DEBUG  InitiatedConversation         : GameListConversation, ConversationID: 23.2: Conversation Id  for Initiated conversation: 23.2
04/13/2016 02:24:37 [14] DEBUG  Conversation                  : GameListConversation, ConversationID: 23.2: Setting Message IDs
04/13/2016 02:24:37 [14] DEBUG  Conversation                  : GameListConversation, ConversationID: 23.2: Conversation is initiating send.
04/13/2016 02:24:37 [14] DEBUG  PostMan                       : Sending UDP (Messages.RequestMessages.GameListRequest, MessageID: 23.2, ConversationID: 23.2)
Endpoint: 127.0.0.1:12000
JSON: {"__type":"GameListRequest:#Messages.RequestMessages","ConvId":{"Pid":23,"Seq":2},"MsgId":{"Pid":23,"Seq":2},"StatusFilter":4}
04/13/2016 02:24:37 [14] DEBUG  PostMan                       : Message Delivered
04/13/2016 02:24:37 [14] DEBUG  Conversation                  : GameListConversation, ConversationID: 23.2: Send succeeded.
04/13/2016 02:24:37 [10] DEBUG  PostMan                       : Received UDP (Messages.ReplyMessages.GameListReply, MessageID: 1.2026, ConversationID: 23.2)
JSON: {"__type":"GameListReply:#Messages.ReplyMessages","ConvId":{"Pid":23,"Seq":2},"MsgId":{"Pid":1,"Seq":2026},"Note":null,"Success":true,"GameInfo":[]}
04/13/2016 02:24:37 [11] INFO   ispatcher+<>c__DisplayClass7_0: New Message Received: (Messages.ReplyMessages.GameListReply)
04/13/2016 02:24:37 [11] INFO   ispatcher+<>c__DisplayClass7_0: MessageId: 1.2026ConversationId: 23.2
04/13/2016 02:24:37 [11] DEBUG  Dispatcher                    : Successsfully queued a new message of type GameListReply, for conversation: 23.2
04/13/2016 02:24:37 [14] DEBUG  Conversation                  : GameListConversation, ConversationID: 23.2: Message available!
04/13/2016 02:24:37 [14] DEBUG  Conversation                  : GameListConversation, ConversationID: 23.2: Message available!
04/13/2016 02:24:37 [14] DEBUG  Conversation                  : GameListConversation, ConversationID: 23.2: Received Message is valid
04/13/2016 02:24:37 [14] DEBUG  Conversation                  : Received a Message of type: GameListReply
04/13/2016 02:24:37 [14] ERROR  Conversation                  : GameListConversation, ConversationID: 23.2: No games are available. 
04/13/2016 02:24:37 [14] ERROR  Conversation                  : GameListConversation, ConversationID: 23.2: Conversation Failed
04/13/2016 02:24:37 [14] ERROR  Conversation                  : GameListConversation, ConversationID: 23.2: Conversation Ending
04/13/2016 02:24:37 [14] INFO   Conversation                  : Conversation Failed
04/13/2016 02:24:37 [14] INFO   BackgroundThread              : Stopping 
04/13/2016 02:24:37 [14] DEBUG  BackgroundThread              : Leaving Stop
04/13/2016 02:24:37 [14] ERROR  Conversation                  : GameListConversation, ConversationID: 23.2: Conversation Failed
04/13/2016 02:24:37 [14] ERROR  Conversation                  : GameListConversation, ConversationID: 23.2: Conversation Ending
04/13/2016 02:24:37 [14] INFO   Conversation                  : Conversation Failed
04/13/2016 02:24:37 [14] INFO   BackgroundThread              : Stopping 
04/13/2016 02:24:37 [14] DEBUG  BackgroundThread              : Leaving Stop
04/13/2016 02:24:37 [12] DEBUG  PlayerProcess                 : In Process GetGameList function.
04/13/2016 02:24:37 [12] DEBUG  ConversationFactory           : Creating Conversation of type GameListConversation
04/13/2016 02:24:37 [12] DEBUG  Dispatcher                    : Adding Conversation Player.Conversation.GameListConversation, 23.3
04/13/2016 02:24:37 [12] DEBUG  Dispatcher                    :       New Queue ID: 23.3
04/13/2016 02:24:37 [12] INFO   BackgroundThread              : Starting 
04/13/2016 02:24:40 [15] DEBUG  GameListConversation          : Queuing game list request. 
04/13/2016 02:24:40 [15] DEBUG  InitiatedConversation         : GameListConversation, ConversationID: 23.3: Conversation Id  for Initiated conversation: 23.3
04/13/2016 02:24:40 [15] DEBUG  Conversation                  : GameListConversation, ConversationID: 23.3: Setting Message IDs
04/13/2016 02:24:40 [15] DEBUG  Conversation                  : GameListConversation, ConversationID: 23.3: Conversation is initiating send.
04/13/2016 02:24:40 [15] DEBUG  PostMan                       : Sending UDP (Messages.RequestMessages.GameListRequest, MessageID: 23.3, ConversationID: 23.3)
Endpoint: 127.0.0.1:12000
JSON: {"__type":"GameListRequest:#Messages.RequestMessages","ConvId":{"Pid":23,"Seq":3},"MsgId":{"Pid":23,"Seq":3},"StatusFilter":4}
04/13/2016 02:24:40 [15] DEBUG  PostMan                       : Message Delivered
04/13/2016 02:24:40 [10] DEBUG  PostMan                       : Received UDP (Messages.ReplyMessages.GameListReply, MessageID: 1.2027, ConversationID: 23.3)
JSON: {"__type":"GameListReply:#Messages.ReplyMessages","ConvId":{"Pid":23,"Seq":3},"MsgId":{"Pid":1,"Seq":2027},"Note":null,"Success":true,"GameInfo":[]}
04/13/2016 02:24:40 [15] DEBUG  Conversation                  : GameListConversation, ConversationID: 23.3: Send succeeded.
04/13/2016 02:24:40 [13] INFO   ispatcher+<>c__DisplayClass7_0: New Message Received: (Messages.ReplyMessages.GameListReply)
04/13/2016 02:24:40 [13] INFO   ispatcher+<>c__DisplayClass7_0: MessageId: 1.2027ConversationId: 23.3
04/13/2016 02:24:40 [13] DEBUG  Dispatcher                    : Successsfully queued a new message of type GameListReply, for conversation: 23.3
04/13/2016 02:24:40 [15] DEBUG  Conversation                  : GameListConversation, ConversationID: 23.3: Message available!
04/13/2016 02:24:40 [15] DEBUG  Conversation                  : GameListConversation, ConversationID: 23.3: Message available!
04/13/2016 02:24:40 [15] DEBUG  Conversation                  : GameListConversation, ConversationID: 23.3: Received Message is valid
04/13/2016 02:24:40 [15] DEBUG  Conversation                  : Received a Message of type: GameListReply
04/13/2016 02:24:40 [15] ERROR  Conversation                  : GameListConversation, ConversationID: 23.3: No games are available. 
04/13/2016 02:24:40 [15] ERROR  Conversation                  : GameListConversation, ConversationID: 23.3: Conversation Failed
04/13/2016 02:24:40 [15] ERROR  Conversation                  : GameListConversation, ConversationID: 23.3: Conversation Ending
04/13/2016 02:24:40 [15] INFO   Conversation                  : Conversation Failed
04/13/2016 02:24:40 [15] INFO   BackgroundThread              : Stopping 
04/13/2016 02:24:40 [15] DEBUG  BackgroundThread              : Leaving Stop
04/13/2016 02:24:40 [15] ERROR  Conversation                  : GameListConversation, ConversationID: 23.3: Conversation Failed
04/13/2016 02:24:40 [15] ERROR  Conversation                  : GameListConversation, ConversationID: 23.3: Conversation Ending
04/13/2016 02:24:40 [15] INFO   Conversation                  : Conversation Failed
04/13/2016 02:24:40 [15] INFO   BackgroundThread              : Stopping 
04/13/2016 02:24:40 [15] DEBUG  BackgroundThread              : Leaving Stop
04/13/2016 02:24:40 [12] DEBUG  PlayerProcess                 : In Process GetGameList function.
04/13/2016 02:24:40 [12] DEBUG  ConversationFactory           : Creating Conversation of type GameListConversation
04/13/2016 02:24:40 [12] DEBUG  Dispatcher                    : Adding Conversation Player.Conversation.GameListConversation, 23.4
04/13/2016 02:24:40 [12] DEBUG  Dispatcher                    :       New Queue ID: 23.4
04/13/2016 02:24:40 [12] INFO   BackgroundThread              : Starting 
04/13/2016 02:24:42 [13] DEBUG  GameListConversation          : Queuing game list request. 
04/13/2016 02:24:42 [13] DEBUG  InitiatedConversation         : GameListConversation, ConversationID: 23.4: Conversation Id  for Initiated conversation: 23.4
04/13/2016 02:24:42 [13] DEBUG  Conversation                  : GameListConversation, ConversationID: 23.4: Setting Message IDs
04/13/2016 02:24:42 [13] DEBUG  Conversation                  : GameListConversation, ConversationID: 23.4: Conversation is initiating send.
04/13/2016 02:24:42 [13] DEBUG  PostMan                       : Sending UDP (Messages.RequestMessages.GameListRequest, MessageID: 23.4, ConversationID: 23.4)
Endpoint: 127.0.0.1:12000
JSON: {"__type":"GameListRequest:#Messages.RequestMessages","ConvId":{"Pid":23,"Seq":4},"MsgId":{"Pid":23,"Seq":4},"StatusFilter":4}
04/13/2016 02:24:42 [13] DEBUG  PostMan                       : Message Delivered
04/13/2016 02:24:42 [10] DEBUG  PostMan                       : Received UDP (Messages.ReplyMessages.GameListReply, MessageID: 1.2028, ConversationID: 23.4)
JSON: {"__type":"GameListReply:#Messages.ReplyMessages","ConvId":{"Pid":23,"Seq":4},"MsgId":{"Pid":1,"Seq":2028},"Note":null,"Success":true,"GameInfo":[]}
04/13/2016 02:24:42 [13] DEBUG  Conversation                  : GameListConversation, ConversationID: 23.4: Send succeeded.
04/13/2016 02:24:42 [15] INFO   ispatcher+<>c__DisplayClass7_0: New Message Received: (Messages.ReplyMessages.GameListReply)
04/13/2016 02:24:42 [15] INFO   ispatcher+<>c__DisplayClass7_0: MessageId: 1.2028ConversationId: 23.4
04/13/2016 02:24:42 [15] DEBUG  Dispatcher                    : Successsfully queued a new message of type GameListReply, for conversation: 23.4
04/13/2016 02:24:42 [13] DEBUG  Conversation                  : GameListConversation, ConversationID: 23.4: Message available!
04/13/2016 02:24:43 [13] DEBUG  Conversation                  : GameListConversation, ConversationID: 23.4: Message available!
04/13/2016 02:24:43 [13] DEBUG  Conversation                  : GameListConversation, ConversationID: 23.4: Received Message is valid
04/13/2016 02:24:43 [13] DEBUG  Conversation                  : Received a Message of type: GameListReply
04/13/2016 02:24:43 [13] ERROR  Conversation                  : GameListConversation, ConversationID: 23.4: No games are available. 
04/13/2016 02:24:43 [13] ERROR  Conversation                  : GameListConversation, ConversationID: 23.4: Conversation Failed
04/13/2016 02:24:43 [13] ERROR  Conversation                  : GameListConversation, ConversationID: 23.4: Conversation Ending
04/13/2016 02:24:43 [13] INFO   Conversation                  : Conversation Failed
04/13/2016 02:24:43 [13] INFO   BackgroundThread              : Stopping 
04/13/2016 02:24:43 [12] DEBUG  PlayerProcess                 : In Process GetGameList function.
04/13/2016 02:24:43 [13] DEBUG  BackgroundThread              : Leaving Stop
04/13/2016 02:24:43 [13] ERROR  Conversation                  : GameListConversation, ConversationID: 23.4: Conversation Failed
04/13/2016 02:24:43 [13] ERROR  Conversation                  : GameListConversation, ConversationID: 23.4: Conversation Ending
04/13/2016 02:24:43 [13] INFO   Conversation                  : Conversation Failed
04/13/2016 02:24:43 [13] INFO   BackgroundThread              : Stopping 
04/13/2016 02:24:43 [13] DEBUG  BackgroundThread              : Leaving Stop
04/13/2016 02:24:43 [12] DEBUG  ConversationFactory           : Creating Conversation of type GameListConversation
04/13/2016 02:24:43 [12] DEBUG  Dispatcher                    : Adding Conversation Player.Conversation.GameListConversation, 23.5
04/13/2016 02:24:43 [12] DEBUG  Dispatcher                    :       New Queue ID: 23.5
04/13/2016 02:24:43 [12] INFO   BackgroundThread              : Starting 
04/13/2016 02:24:45 [14] DEBUG  GameListConversation          : Queuing game list request. 
04/13/2016 02:24:45 [14] DEBUG  InitiatedConversation         : GameListConversation, ConversationID: 23.5: Conversation Id  for Initiated conversation: 23.5
04/13/2016 02:24:45 [14] DEBUG  Conversation                  : GameListConversation, ConversationID: 23.5: Setting Message IDs
04/13/2016 02:24:45 [14] DEBUG  Conversation                  : GameListConversation, ConversationID: 23.5: Conversation is initiating send.
04/13/2016 02:24:45 [14] DEBUG  PostMan                       : Sending UDP (Messages.RequestMessages.GameListRequest, MessageID: 23.5, ConversationID: 23.5)
Endpoint: 127.0.0.1:12000
JSON: {"__type":"GameListRequest:#Messages.RequestMessages","ConvId":{"Pid":23,"Seq":5},"MsgId":{"Pid":23,"Seq":5},"StatusFilter":4}
04/13/2016 02:24:45 [14] DEBUG  PostMan                       : Message Delivered
04/13/2016 02:24:45 [10] DEBUG  PostMan                       : Received UDP (Messages.ReplyMessages.GameListReply, MessageID: 1.2029, ConversationID: 23.5)
JSON: {"__type":"GameListReply:#Messages.ReplyMessages","ConvId":{"Pid":23,"Seq":5},"MsgId":{"Pid":1,"Seq":2029},"Note":null,"Success":true,"GameInfo":[]}
04/13/2016 02:24:45 [14] DEBUG  Conversation                  : GameListConversation, ConversationID: 23.5: Send succeeded.
04/13/2016 02:24:45 [11] INFO   ispatcher+<>c__DisplayClass7_0: New Message Received: (Messages.ReplyMessages.GameListReply)
04/13/2016 02:24:45 [11] INFO   ispatcher+<>c__DisplayClass7_0: MessageId: 1.2029ConversationId: 23.5
04/13/2016 02:24:45 [11] DEBUG  Dispatcher                    : Successsfully queued a new message of type GameListReply, for conversation: 23.5
04/13/2016 02:24:45 [14] DEBUG  Conversation                  : GameListConversation, ConversationID: 23.5: Message available!
04/13/2016 02:24:45 [14] DEBUG  Conversation                  : GameListConversation, ConversationID: 23.5: Message available!
04/13/2016 02:24:45 [14] DEBUG  Conversation                  : GameListConversation, ConversationID: 23.5: Received Message is valid
04/13/2016 02:24:45 [14] DEBUG  Conversation                  : Received a Message of type: GameListReply
04/13/2016 02:24:45 [14] ERROR  Conversation                  : GameListConversation, ConversationID: 23.5: No games are available. 
04/13/2016 02:24:45 [14] ERROR  Conversation                  : GameListConversation, ConversationID: 23.5: Conversation Failed
04/13/2016 02:24:46 [14] ERROR  Conversation                  : GameListConversation, ConversationID: 23.5: Conversation Ending
04/13/2016 02:24:46 [14] INFO   Conversation                  : Conversation Failed
04/13/2016 02:24:46 [14] INFO   BackgroundThread              : Stopping 
04/13/2016 02:24:46 [14] DEBUG  BackgroundThread              : Leaving Stop
04/13/2016 02:24:46 [14] ERROR  Conversation                  : GameListConversation, ConversationID: 23.5: Conversation Failed
04/13/2016 02:24:46 [14] ERROR  Conversation                  : GameListConversation, ConversationID: 23.5: Conversation Ending
04/13/2016 02:24:46 [14] INFO   Conversation                  : Conversation Failed
04/13/2016 02:24:46 [14] INFO   BackgroundThread              : Stopping 
04/13/2016 02:24:46 [14] DEBUG  BackgroundThread              : Leaving Stop
04/13/2016 02:24:46 [12] DEBUG  PlayerProcess                 : In Process GetGameList function.
04/13/2016 02:24:46 [12] DEBUG  ConversationFactory           : Creating Conversation of type GameListConversation
04/13/2016 02:24:46 [12] DEBUG  Dispatcher                    : Adding Conversation Player.Conversation.GameListConversation, 23.6
04/13/2016 02:24:46 [12] DEBUG  Dispatcher                    :       New Queue ID: 23.6
04/13/2016 02:24:46 [12] INFO   BackgroundThread              : Starting 
04/13/2016 02:24:48 [16] DEBUG  GameListConversation          : Queuing game list request. 
04/13/2016 02:24:48 [16] DEBUG  InitiatedConversation         : GameListConversation, ConversationID: 23.6: Conversation Id  for Initiated conversation: 23.6
04/13/2016 02:24:48 [16] DEBUG  Conversation                  : GameListConversation, ConversationID: 23.6: Setting Message IDs
04/13/2016 02:24:48 [16] DEBUG  Conversation                  : GameListConversation, ConversationID: 23.6: Conversation is initiating send.
04/13/2016 02:24:48 [16] DEBUG  PostMan                       : Sending UDP (Messages.RequestMessages.GameListRequest, MessageID: 23.6, ConversationID: 23.6)
Endpoint: 127.0.0.1:12000
JSON: {"__type":"GameListRequest:#Messages.RequestMessages","ConvId":{"Pid":23,"Seq":6},"MsgId":{"Pid":23,"Seq":6},"StatusFilter":4}
04/13/2016 02:24:48 [16] DEBUG  PostMan                       : Message Delivered
04/13/2016 02:24:48 [10] DEBUG  PostMan                       : Received UDP (Messages.ReplyMessages.GameListReply, MessageID: 1.2030, ConversationID: 23.6)
JSON: {"__type":"GameListReply:#Messages.ReplyMessages","ConvId":{"Pid":23,"Seq":6},"MsgId":{"Pid":1,"Seq":2030},"Note":null,"Success":true,"GameInfo":[]}
04/13/2016 02:24:48 [16] DEBUG  Conversation                  : GameListConversation, ConversationID: 23.6: Send succeeded.
04/13/2016 02:24:48 [15] INFO   ispatcher+<>c__DisplayClass7_0: New Message Received: (Messages.ReplyMessages.GameListReply)
04/13/2016 02:24:48 [15] INFO   ispatcher+<>c__DisplayClass7_0: MessageId: 1.2030ConversationId: 23.6
04/13/2016 02:24:48 [15] DEBUG  Dispatcher                    : Successsfully queued a new message of type GameListReply, for conversation: 23.6
04/13/2016 02:24:48 [16] DEBUG  Conversation                  : GameListConversation, ConversationID: 23.6: Message available!
04/13/2016 02:24:48 [16] DEBUG  Conversation                  : GameListConversation, ConversationID: 23.6: Message available!
04/13/2016 02:24:48 [16] DEBUG  Conversation                  : GameListConversation, ConversationID: 23.6: Received Message is valid
04/13/2016 02:24:48 [16] DEBUG  Conversation                  : Received a Message of type: GameListReply
04/13/2016 02:24:48 [16] ERROR  Conversation                  : GameListConversation, ConversationID: 23.6: No games are available. 
04/13/2016 02:24:48 [16] ERROR  Conversation                  : GameListConversation, ConversationID: 23.6: Conversation Failed
04/13/2016 02:24:48 [16] ERROR  Conversation                  : GameListConversation, ConversationID: 23.6: Conversation Ending
04/13/2016 02:24:48 [16] INFO   Conversation                  : Conversation Failed
04/13/2016 02:24:48 [16] INFO   BackgroundThread              : Stopping 
04/13/2016 02:24:48 [16] DEBUG  BackgroundThread              : Leaving Stop
04/13/2016 02:24:48 [16] ERROR  Conversation                  : GameListConversation, ConversationID: 23.6: Conversation Failed
04/13/2016 02:24:48 [16] ERROR  Conversation                  : GameListConversation, ConversationID: 23.6: Conversation Ending
04/13/2016 02:24:48 [16] INFO   Conversation                  : Conversation Failed
04/13/2016 02:24:48 [16] INFO   BackgroundThread              : Stopping 
04/13/2016 02:24:48 [16] DEBUG  BackgroundThread              : Leaving Stop
04/13/2016 02:24:49 [12] DEBUG  PlayerProcess                 : In Process GetGameList function.
04/13/2016 02:24:49 [12] DEBUG  ConversationFactory           : Creating Conversation of type GameListConversation
04/13/2016 02:24:49 [12] DEBUG  Dispatcher                    : Adding Conversation Player.Conversation.GameListConversation, 23.7
04/13/2016 02:24:49 [12] DEBUG  Dispatcher                    :       New Queue ID: 23.7
04/13/2016 02:24:49 [12] INFO   BackgroundThread              : Starting 
04/13/2016 02:24:51 [16] DEBUG  GameListConversation          : Queuing game list request. 
04/13/2016 02:24:51 [16] DEBUG  InitiatedConversation         : GameListConversation, ConversationID: 23.7: Conversation Id  for Initiated conversation: 23.7
04/13/2016 02:24:51 [16] DEBUG  Conversation                  : GameListConversation, ConversationID: 23.7: Setting Message IDs
04/13/2016 02:24:51 [16] DEBUG  Conversation                  : GameListConversation, ConversationID: 23.7: Conversation is initiating send.
04/13/2016 02:24:51 [16] DEBUG  PostMan                       : Sending UDP (Messages.RequestMessages.GameListRequest, MessageID: 23.7, ConversationID: 23.7)
Endpoint: 127.0.0.1:12000
JSON: {"__type":"GameListRequest:#Messages.RequestMessages","ConvId":{"Pid":23,"Seq":7},"MsgId":{"Pid":23,"Seq":7},"StatusFilter":4}
04/13/2016 02:24:51 [16] DEBUG  PostMan                       : Message Delivered
04/13/2016 02:24:51 [10] DEBUG  PostMan                       : Received UDP (Messages.ReplyMessages.GameListReply, MessageID: 1.2031, ConversationID: 23.7)
JSON: {"__type":"GameListReply:#Messages.ReplyMessages","ConvId":{"Pid":23,"Seq":7},"MsgId":{"Pid":1,"Seq":2031},"Note":null,"Success":true,"GameInfo":[]}
04/13/2016 02:24:51 [16] DEBUG  Conversation                  : GameListConversation, ConversationID: 23.7: Send succeeded.
04/13/2016 02:24:51 [14] INFO   ispatcher+<>c__DisplayClass7_0: New Message Received: (Messages.ReplyMessages.GameListReply)
04/13/2016 02:24:51 [14] INFO   ispatcher+<>c__DisplayClass7_0: MessageId: 1.2031ConversationId: 23.7
04/13/2016 02:24:51 [14] DEBUG  Dispatcher                    : Successsfully queued a new message of type GameListReply, for conversation: 23.7
04/13/2016 02:24:51 [16] DEBUG  Conversation                  : GameListConversation, ConversationID: 23.7: Message available!
04/13/2016 02:24:51 [16] DEBUG  Conversation                  : GameListConversation, ConversationID: 23.7: Message available!
04/13/2016 02:24:51 [16] DEBUG  Conversation                  : GameListConversation, ConversationID: 23.7: Received Message is valid
04/13/2016 02:24:51 [16] DEBUG  Conversation                  : Received a Message of type: GameListReply
04/13/2016 02:24:51 [16] ERROR  Conversation                  : GameListConversation, ConversationID: 23.7: No games are available. 
04/13/2016 02:24:51 [16] ERROR  Conversation                  : GameListConversation, ConversationID: 23.7: Conversation Failed
04/13/2016 02:24:51 [16] ERROR  Conversation                  : GameListConversation, ConversationID: 23.7: Conversation Ending
04/13/2016 02:24:51 [16] INFO   Conversation                  : Conversation Failed
04/13/2016 02:24:51 [16] INFO   BackgroundThread              : Stopping 
04/13/2016 02:24:51 [16] DEBUG  BackgroundThread              : Leaving Stop
04/13/2016 02:24:51 [16] ERROR  Conversation                  : GameListConversation, ConversationID: 23.7: Conversation Failed
04/13/2016 02:24:51 [16] ERROR  Conversation                  : GameListConversation, ConversationID: 23.7: Conversation Ending
04/13/2016 02:24:51 [16] INFO   Conversation                  : Conversation Failed
04/13/2016 02:24:51 [16] INFO   BackgroundThread              : Stopping 
04/13/2016 02:24:51 [16] DEBUG  BackgroundThread              : Leaving Stop
04/13/2016 02:24:51 [12] DEBUG  PlayerProcess                 : In Process GetGameList function.
04/13/2016 02:24:51 [12] DEBUG  ConversationFactory           : Creating Conversation of type GameListConversation
04/13/2016 02:24:51 [12] DEBUG  Dispatcher                    : Adding Conversation Player.Conversation.GameListConversation, 23.8
04/13/2016 02:24:51 [12] DEBUG  Dispatcher                    :       New Queue ID: 23.8
04/13/2016 02:24:51 [12] INFO   BackgroundThread              : Starting 
04/13/2016 02:24:54 [15] DEBUG  GameListConversation          : Queuing game list request. 
04/13/2016 02:24:54 [15] DEBUG  InitiatedConversation         : GameListConversation, ConversationID: 23.8: Conversation Id  for Initiated conversation: 23.8
04/13/2016 02:24:54 [15] DEBUG  Conversation                  : GameListConversation, ConversationID: 23.8: Setting Message IDs
04/13/2016 02:24:54 [15] DEBUG  Conversation                  : GameListConversation, ConversationID: 23.8: Conversation is initiating send.
04/13/2016 02:24:54 [15] DEBUG  PostMan                       : Sending UDP (Messages.RequestMessages.GameListRequest, MessageID: 23.8, ConversationID: 23.8)
Endpoint: 127.0.0.1:12000
JSON: {"__type":"GameListRequest:#Messages.RequestMessages","ConvId":{"Pid":23,"Seq":8},"MsgId":{"Pid":23,"Seq":8},"StatusFilter":4}
04/13/2016 02:24:54 [15] DEBUG  PostMan                       : Message Delivered
04/13/2016 02:24:54 [10] DEBUG  PostMan                       : Received UDP (Messages.ReplyMessages.GameListReply, MessageID: 1.2032, ConversationID: 23.8)
JSON: {"__type":"GameListReply:#Messages.ReplyMessages","ConvId":{"Pid":23,"Seq":8},"MsgId":{"Pid":1,"Seq":2032},"Note":null,"Success":true,"GameInfo":[]}
04/13/2016 02:24:54 [15] DEBUG  Conversation                  : GameListConversation, ConversationID: 23.8: Send succeeded.
04/13/2016 02:24:54 [11] INFO   ispatcher+<>c__DisplayClass7_0: New Message Received: (Messages.ReplyMessages.GameListReply)
04/13/2016 02:24:54 [11] INFO   ispatcher+<>c__DisplayClass7_0: MessageId: 1.2032ConversationId: 23.8
04/13/2016 02:24:54 [11] DEBUG  Dispatcher                    : Successsfully queued a new message of type GameListReply, for conversation: 23.8
04/13/2016 02:24:54 [15] DEBUG  Conversation                  : GameListConversation, ConversationID: 23.8: Message available!
04/13/2016 02:24:54 [15] DEBUG  Conversation                  : GameListConversation, ConversationID: 23.8: Message available!
04/13/2016 02:24:54 [15] DEBUG  Conversation                  : GameListConversation, ConversationID: 23.8: Received Message is valid
04/13/2016 02:24:54 [15] DEBUG  Conversation                  : Received a Message of type: GameListReply
04/13/2016 02:24:54 [15] ERROR  Conversation                  : GameListConversation, ConversationID: 23.8: No games are available. 
04/13/2016 02:24:54 [15] ERROR  Conversation                  : GameListConversation, ConversationID: 23.8: Conversation Failed
04/13/2016 02:24:54 [15] ERROR  Conversation                  : GameListConversation, ConversationID: 23.8: Conversation Ending
04/13/2016 02:24:54 [15] INFO   Conversation                  : Conversation Failed
04/13/2016 02:24:54 [15] INFO   BackgroundThread              : Stopping 
04/13/2016 02:24:54 [15] DEBUG  BackgroundThread              : Leaving Stop
04/13/2016 02:24:54 [15] ERROR  Conversation                  : GameListConversation, ConversationID: 23.8: Conversation Failed
04/13/2016 02:24:54 [15] ERROR  Conversation                  : GameListConversation, ConversationID: 23.8: Conversation Ending
04/13/2016 02:24:54 [15] INFO   Conversation                  : Conversation Failed
04/13/2016 02:24:54 [15] INFO   BackgroundThread              : Stopping 
04/13/2016 02:24:54 [15] DEBUG  BackgroundThread              : Leaving Stop
04/13/2016 02:24:54 [12] DEBUG  PlayerProcess                 : In Process GetGameList function.
04/13/2016 02:24:54 [12] DEBUG  ConversationFactory           : Creating Conversation of type GameListConversation
04/13/2016 02:24:54 [12] DEBUG  Dispatcher                    : Adding Conversation Player.Conversation.GameListConversation, 23.9
04/13/2016 02:24:54 [12] DEBUG  Dispatcher                    :       New Queue ID: 23.9
04/13/2016 02:24:54 [12] INFO   BackgroundThread              : Starting 
04/13/2016 02:24:55 [10] DEBUG  PostMan                       : Received UDP (Messages.RequestMessages.AliveRequest, MessageID: 1.2034, ConversationID: 1.2034)
JSON: {"__type":"AliveRequest:#Messages.RequestMessages","ConvId":{"Pid":1,"Seq":2034},"MsgId":{"Pid":1,"Seq":2034}}
04/13/2016 02:24:55 [11] INFO   ispatcher+<>c__DisplayClass7_0: New Message Received: (Messages.RequestMessages.AliveRequest)
04/13/2016 02:24:55 [11] INFO   ispatcher+<>c__DisplayClass7_0: MessageId: 1.2034ConversationId: 1.2034
04/13/2016 02:24:55 [11] DEBUG  Dispatcher                    : Conversation  with id= 1.2034 does not exist, trying to create new conversation.
04/13/2016 02:24:55 [11] DEBUG  ConversationFactory           : Creating Conversation of type AliveConversation
04/13/2016 02:24:55 [11] DEBUG  Dispatcher                    : Adding Conversation Player.Conversation.AliveConversation, 1.2034
04/13/2016 02:24:55 [11] DEBUG  Dispatcher                    :       New Queue ID: 1.2034
04/13/2016 02:24:55 [11] DEBUG  Dispatcher                    : Successsfully queued a new message of type AliveRequest, for conversation: 1.2034
04/13/2016 02:24:55 [11] INFO   BackgroundThread              : Starting 
04/13/2016 02:24:55 [15] DEBUG  Conversation                  : AliveConversation, ConversationID: 1.2034: Message available!
04/13/2016 02:24:55 [15] DEBUG  Conversation                  : AliveConversation, ConversationID: 1.2034: Message available!
04/13/2016 02:24:55 [15] DEBUG  Conversation                  : AliveConversation, ConversationID: 1.2034: Message available!
04/13/2016 02:24:55 [15] DEBUG  Conversation                  : AliveConversation, ConversationID: 1.2034: Received Message is valid
04/13/2016 02:24:55 [15] DEBUG  Conversation                  : Received a Message of type: AliveRequest
04/13/2016 02:24:55 [15] DEBUG  AliveConversation             : Creating Alive Response
04/13/2016 02:24:55 [15] DEBUG  ResponseConversation          : AliveConversation, ConversationID: 1.2034: Conversation Id  for Response conversation: 1.2034
04/13/2016 02:24:55 [15] DEBUG  Conversation                  : AliveConversation, ConversationID: 1.2034: Setting Message IDs
04/13/2016 02:24:55 [15] DEBUG  Conversation                  : AliveConversation, ConversationID: 1.2034: Conversation is initiating send.
04/13/2016 02:24:55 [15] DEBUG  PostMan                       : Sending UDP (Messages.ReplyMessages.Reply, MessageID: 23.10, ConversationID: 1.2034)
Endpoint: 127.0.0.1:12000
JSON: {"__type":"Reply:#Messages.ReplyMessages","ConvId":{"Pid":1,"Seq":2034},"MsgId":{"Pid":23,"Seq":10},"Note":"I'm Alive","Success":true}
04/13/2016 02:24:55 [15] DEBUG  PostMan                       : Message Delivered
04/13/2016 02:24:55 [15] DEBUG  Conversation                  : AliveConversation, ConversationID: 1.2034: Send succeeded.
04/13/2016 02:24:57 [13] DEBUG  GameListConversation          : Queuing game list request. 
04/13/2016 02:24:57 [13] DEBUG  InitiatedConversation         : GameListConversation, ConversationID: 23.9: Conversation Id  for Initiated conversation: 23.9
04/13/2016 02:24:57 [13] DEBUG  Conversation                  : GameListConversation, ConversationID: 23.9: Setting Message IDs
04/13/2016 02:24:57 [13] DEBUG  Conversation                  : GameListConversation, ConversationID: 23.9: Conversation is initiating send.
04/13/2016 02:24:57 [13] DEBUG  PostMan                       : Sending UDP (Messages.RequestMessages.GameListRequest, MessageID: 23.9, ConversationID: 23.9)
Endpoint: 127.0.0.1:12000
JSON: {"__type":"GameListRequest:#Messages.RequestMessages","ConvId":{"Pid":23,"Seq":9},"MsgId":{"Pid":23,"Seq":9},"StatusFilter":4}
04/13/2016 02:24:57 [13] DEBUG  PostMan                       : Message Delivered
04/13/2016 02:24:57 [10] DEBUG  PostMan                       : Received UDP (Messages.ReplyMessages.GameListReply, MessageID: 1.2035, ConversationID: 23.9)
JSON: {"__type":"GameListReply:#Messages.ReplyMessages","ConvId":{"Pid":23,"Seq":9},"MsgId":{"Pid":1,"Seq":2035},"Note":null,"Success":true,"GameInfo":[]}
04/13/2016 02:24:57 [13] DEBUG  Conversation                  : GameListConversation, ConversationID: 23.9: Send succeeded.
04/13/2016 02:24:57 [ 9] INFO   ispatcher+<>c__DisplayClass7_0: New Message Received: (Messages.ReplyMessages.GameListReply)
04/13/2016 02:24:57 [ 9] INFO   ispatcher+<>c__DisplayClass7_0: MessageId: 1.2035ConversationId: 23.9
04/13/2016 02:24:57 [ 9] DEBUG  Dispatcher                    : Successsfully queued a new message of type GameListReply, for conversation: 23.9
04/13/2016 02:24:57 [13] DEBUG  Conversation                  : GameListConversation, ConversationID: 23.9: Message available!
04/13/2016 02:24:57 [13] DEBUG  Conversation                  : GameListConversation, ConversationID: 23.9: Message available!
04/13/2016 02:24:57 [13] DEBUG  Conversation                  : GameListConversation, ConversationID: 23.9: Received Message is valid
04/13/2016 02:24:57 [13] DEBUG  Conversation                  : Received a Message of type: GameListReply
04/13/2016 02:24:57 [13] ERROR  Conversation                  : GameListConversation, ConversationID: 23.9: No games are available. 
04/13/2016 02:24:57 [13] ERROR  Conversation                  : GameListConversation, ConversationID: 23.9: Conversation Failed
04/13/2016 02:24:57 [13] ERROR  Conversation                  : GameListConversation, ConversationID: 23.9: Conversation Ending
04/13/2016 02:24:57 [13] INFO   Conversation                  : Conversation Failed
04/13/2016 02:24:57 [13] INFO   BackgroundThread              : Stopping 
04/13/2016 02:24:57 [13] DEBUG  BackgroundThread              : Leaving Stop
04/13/2016 02:24:57 [13] ERROR  Conversation                  : GameListConversation, ConversationID: 23.9: Conversation Failed
04/13/2016 02:24:57 [13] ERROR  Conversation                  : GameListConversation, ConversationID: 23.9: Conversation Ending
04/13/2016 02:24:57 [13] INFO   Conversation                  : Conversation Failed
04/13/2016 02:24:57 [13] INFO   BackgroundThread              : Stopping 
04/13/2016 02:24:57 [13] DEBUG  BackgroundThread              : Leaving Stop
04/13/2016 02:24:57 [12] DEBUG  PlayerProcess                 : In Process GetGameList function.
04/13/2016 02:24:57 [12] DEBUG  ConversationFactory           : Creating Conversation of type GameListConversation
04/13/2016 02:24:57 [12] DEBUG  Dispatcher                    : Adding Conversation Player.Conversation.GameListConversation, 23.11
04/13/2016 02:24:57 [12] DEBUG  Dispatcher                    :       New Queue ID: 23.11
04/13/2016 02:24:57 [12] INFO   BackgroundThread              : Starting 
04/13/2016 02:24:59 [14] DEBUG  GameListConversation          : Queuing game list request. 
04/13/2016 02:24:59 [14] DEBUG  InitiatedConversation         : GameListConversation, ConversationID: 23.11: Conversation Id  for Initiated conversation: 23.11
04/13/2016 02:24:59 [14] DEBUG  Conversation                  : GameListConversation, ConversationID: 23.11: Setting Message IDs
04/13/2016 02:24:59 [14] DEBUG  Conversation                  : GameListConversation, ConversationID: 23.11: Conversation is initiating send.
04/13/2016 02:24:59 [14] DEBUG  PostMan                       : Sending UDP (Messages.RequestMessages.GameListRequest, MessageID: 23.11, ConversationID: 23.11)
Endpoint: 127.0.0.1:12000
JSON: {"__type":"GameListRequest:#Messages.RequestMessages","ConvId":{"Pid":23,"Seq":11},"MsgId":{"Pid":23,"Seq":11},"StatusFilter":4}
04/13/2016 02:24:59 [14] DEBUG  PostMan                       : Message Delivered
04/13/2016 02:24:59 [10] DEBUG  PostMan                       : Received UDP (Messages.ReplyMessages.GameListReply, MessageID: 1.2036, ConversationID: 23.11)
JSON: {"__type":"GameListReply:#Messages.ReplyMessages","ConvId":{"Pid":23,"Seq":11},"MsgId":{"Pid":1,"Seq":2036},"Note":null,"Success":true,"GameInfo":[]}
04/13/2016 02:24:59 [14] DEBUG  Conversation                  : GameListConversation, ConversationID: 23.11: Send succeeded.
04/13/2016 02:24:59 [16] INFO   ispatcher+<>c__DisplayClass7_0: New Message Received: (Messages.ReplyMessages.GameListReply)
04/13/2016 02:24:59 [16] INFO   ispatcher+<>c__DisplayClass7_0: MessageId: 1.2036ConversationId: 23.11
04/13/2016 02:24:59 [16] DEBUG  Dispatcher                    : Successsfully queued a new message of type GameListReply, for conversation: 23.11
04/13/2016 02:24:59 [14] DEBUG  Conversation                  : GameListConversation, ConversationID: 23.11: Message available!
04/13/2016 02:24:59 [14] DEBUG  Conversation                  : GameListConversation, ConversationID: 23.11: Message available!
04/13/2016 02:25:00 [14] DEBUG  Conversation                  : GameListConversation, ConversationID: 23.11: Received Message is valid
04/13/2016 02:25:00 [14] DEBUG  Conversation                  : Received a Message of type: GameListReply
04/13/2016 02:25:00 [14] ERROR  Conversation                  : GameListConversation, ConversationID: 23.11: No games are available. 
04/13/2016 02:25:00 [14] ERROR  Conversation                  : GameListConversation, ConversationID: 23.11: Conversation Failed
04/13/2016 02:25:00 [14] ERROR  Conversation                  : GameListConversation, ConversationID: 23.11: Conversation Ending
04/13/2016 02:25:00 [14] INFO   Conversation                  : Conversation Failed
04/13/2016 02:25:00 [14] INFO   BackgroundThread              : Stopping 
04/13/2016 02:25:00 [14] DEBUG  BackgroundThread              : Leaving Stop
04/13/2016 02:25:00 [14] ERROR  Conversation                  : GameListConversation, ConversationID: 23.11: Conversation Failed
04/13/2016 02:25:00 [12] DEBUG  PlayerProcess                 : In Process GetGameList function.
04/13/2016 02:25:00 [14] ERROR  Conversation                  : GameListConversation, ConversationID: 23.11: Conversation Ending
04/13/2016 02:25:00 [12] DEBUG  ConversationFactory           : Creating Conversation of type GameListConversation
04/13/2016 02:25:00 [12] DEBUG  Dispatcher                    : Adding Conversation Player.Conversation.GameListConversation, 23.12
04/13/2016 02:25:00 [12] DEBUG  Dispatcher                    :       New Queue ID: 23.12
04/13/2016 02:25:00 [12] INFO   BackgroundThread              : Starting 
04/13/2016 02:25:00 [14] INFO   Conversation                  : Conversation Failed
04/13/2016 02:25:00 [14] INFO   BackgroundThread              : Stopping 
04/13/2016 02:25:00 [14] DEBUG  BackgroundThread              : Leaving Stop
04/13/2016 02:25:02 [11] DEBUG  GameListConversation          : Queuing game list request. 
04/13/2016 02:25:02 [11] DEBUG  InitiatedConversation         : GameListConversation, ConversationID: 23.12: Conversation Id  for Initiated conversation: 23.12
04/13/2016 02:25:02 [11] DEBUG  Conversation                  : GameListConversation, ConversationID: 23.12: Setting Message IDs
04/13/2016 02:25:02 [11] DEBUG  Conversation                  : GameListConversation, ConversationID: 23.12: Conversation is initiating send.
04/13/2016 02:25:02 [11] DEBUG  PostMan                       : Sending UDP (Messages.RequestMessages.GameListRequest, MessageID: 23.12, ConversationID: 23.12)
Endpoint: 127.0.0.1:12000
JSON: {"__type":"GameListRequest:#Messages.RequestMessages","ConvId":{"Pid":23,"Seq":12},"MsgId":{"Pid":23,"Seq":12},"StatusFilter":4}
04/13/2016 02:25:02 [11] DEBUG  PostMan                       : Message Delivered
04/13/2016 02:25:02 [10] DEBUG  PostMan                       : Received UDP (Messages.ReplyMessages.GameListReply, MessageID: 1.2037, ConversationID: 23.12)
JSON: {"__type":"GameListReply:#Messages.ReplyMessages","ConvId":{"Pid":23,"Seq":12},"MsgId":{"Pid":1,"Seq":2037},"Note":null,"Success":true,"GameInfo":[]}
04/13/2016 02:25:02 [11] DEBUG  Conversation                  : GameListConversation, ConversationID: 23.12: Send succeeded.
04/13/2016 02:25:02 [13] INFO   ispatcher+<>c__DisplayClass7_0: New Message Received: (Messages.ReplyMessages.GameListReply)
04/13/2016 02:25:02 [13] INFO   ispatcher+<>c__DisplayClass7_0: MessageId: 1.2037ConversationId: 23.12
04/13/2016 02:25:02 [13] DEBUG  Dispatcher                    : Successsfully queued a new message of type GameListReply, for conversation: 23.12
04/13/2016 02:25:02 [11] DEBUG  Conversation                  : GameListConversation, ConversationID: 23.12: Message available!
04/13/2016 02:25:02 [11] DEBUG  Conversation                  : GameListConversation, ConversationID: 23.12: Message available!
04/13/2016 02:25:02 [11] DEBUG  Conversation                  : GameListConversation, ConversationID: 23.12: Received Message is valid
04/13/2016 02:25:02 [11] DEBUG  Conversation                  : Received a Message of type: GameListReply
04/13/2016 02:25:02 [11] ERROR  Conversation                  : GameListConversation, ConversationID: 23.12: No games are available. 
04/13/2016 02:25:02 [11] ERROR  Conversation                  : GameListConversation, ConversationID: 23.12: Conversation Failed
04/13/2016 02:25:02 [11] ERROR  Conversation                  : GameListConversation, ConversationID: 23.12: Conversation Ending
04/13/2016 02:25:02 [11] INFO   Conversation                  : Conversation Failed
04/13/2016 02:25:02 [11] INFO   BackgroundThread              : Stopping 
04/13/2016 02:25:03 [11] DEBUG  BackgroundThread              : Leaving Stop
04/13/2016 02:25:03 [11] ERROR  Conversation                  : GameListConversation, ConversationID: 23.12: Conversation Failed
04/13/2016 02:25:03 [11] ERROR  Conversation                  : GameListConversation, ConversationID: 23.12: Conversation Ending
04/13/2016 02:25:03 [11] INFO   Conversation                  : Conversation Failed
04/13/2016 02:25:03 [11] INFO   BackgroundThread              : Stopping 
04/13/2016 02:25:03 [11] DEBUG  BackgroundThread              : Leaving Stop
04/13/2016 02:25:03 [12] DEBUG  PlayerProcess                 : In Process GetGameList function.
04/13/2016 02:25:03 [12] DEBUG  ConversationFactory           : Creating Conversation of type GameListConversation
04/13/2016 02:25:03 [12] DEBUG  Dispatcher                    : Adding Conversation Player.Conversation.GameListConversation, 23.13
04/13/2016 02:25:03 [12] DEBUG  Dispatcher                    :       New Queue ID: 23.13
04/13/2016 02:25:03 [12] INFO   BackgroundThread              : Starting 
04/13/2016 02:25:05 [13] DEBUG  GameListConversation          : Queuing game list request. 
04/13/2016 02:25:05 [13] DEBUG  InitiatedConversation         : GameListConversation, ConversationID: 23.13: Conversation Id  for Initiated conversation: 23.13
04/13/2016 02:25:05 [13] DEBUG  Conversation                  : GameListConversation, ConversationID: 23.13: Setting Message IDs
04/13/2016 02:25:05 [13] DEBUG  Conversation                  : GameListConversation, ConversationID: 23.13: Conversation is initiating send.
04/13/2016 02:25:05 [13] DEBUG  PostMan                       : Sending UDP (Messages.RequestMessages.GameListRequest, MessageID: 23.13, ConversationID: 23.13)
Endpoint: 127.0.0.1:12000
JSON: {"__type":"GameListRequest:#Messages.RequestMessages","ConvId":{"Pid":23,"Seq":13},"MsgId":{"Pid":23,"Seq":13},"StatusFilter":4}
04/13/2016 02:25:05 [13] DEBUG  PostMan                       : Message Delivered
04/13/2016 02:25:05 [10] DEBUG  PostMan                       : Received UDP (Messages.ReplyMessages.GameListReply, MessageID: 1.2038, ConversationID: 23.13)
JSON: {"__type":"GameListReply:#Messages.ReplyMessages","ConvId":{"Pid":23,"Seq":13},"MsgId":{"Pid":1,"Seq":2038},"Note":null,"Success":true,"GameInfo":[]}
04/13/2016 02:25:05 [13] DEBUG  Conversation                  : GameListConversation, ConversationID: 23.13: Send succeeded.
04/13/2016 02:25:05 [11] INFO   ispatcher+<>c__DisplayClass7_0: New Message Received: (Messages.ReplyMessages.GameListReply)
04/13/2016 02:25:05 [11] INFO   ispatcher+<>c__DisplayClass7_0: MessageId: 1.2038ConversationId: 23.13
04/13/2016 02:25:05 [11] DEBUG  Dispatcher                    : Successsfully queued a new message of type GameListReply, for conversation: 23.13
04/13/2016 02:25:05 [13] DEBUG  Conversation                  : GameListConversation, ConversationID: 23.13: Message available!
04/13/2016 02:25:05 [13] DEBUG  Conversation                  : GameListConversation, ConversationID: 23.13: Message available!
04/13/2016 02:25:05 [13] DEBUG  Conversation                  : GameListConversation, ConversationID: 23.13: Received Message is valid
04/13/2016 02:25:05 [13] DEBUG  Conversation                  : Received a Message of type: GameListReply
04/13/2016 02:25:05 [13] ERROR  Conversation                  : GameListConversation, ConversationID: 23.13: No games are available. 
04/13/2016 02:25:05 [13] ERROR  Conversation                  : GameListConversation, ConversationID: 23.13: Conversation Failed
04/13/2016 02:25:05 [13] ERROR  Conversation                  : GameListConversation, ConversationID: 23.13: Conversation Ending
04/13/2016 02:25:05 [13] INFO   Conversation                  : Conversation Failed
04/13/2016 02:25:05 [12] DEBUG  PlayerProcess                 : In Process GetGameList function.
04/13/2016 02:25:05 [13] INFO   BackgroundThread              : Stopping 
04/13/2016 02:25:05 [13] DEBUG  BackgroundThread              : Leaving Stop
04/13/2016 02:25:05 [13] ERROR  Conversation                  : GameListConversation, ConversationID: 23.13: Conversation Failed
04/13/2016 02:25:05 [13] ERROR  Conversation                  : GameListConversation, ConversationID: 23.13: Conversation Ending
04/13/2016 02:25:05 [13] INFO   Conversation                  : Conversation Failed
04/13/2016 02:25:05 [13] INFO   BackgroundThread              : Stopping 
04/13/2016 02:25:05 [13] DEBUG  BackgroundThread              : Leaving Stop
04/13/2016 02:25:05 [12] DEBUG  ConversationFactory           : Creating Conversation of type GameListConversation
04/13/2016 02:25:05 [12] DEBUG  Dispatcher                    : Adding Conversation Player.Conversation.GameListConversation, 23.14
04/13/2016 02:25:05 [12] DEBUG  Dispatcher                    :       New Queue ID: 23.14
04/13/2016 02:25:05 [12] INFO   BackgroundThread              : Starting 
04/13/2016 02:25:08 [11] DEBUG  GameListConversation          : Queuing game list request. 
04/13/2016 02:25:08 [11] DEBUG  InitiatedConversation         : GameListConversation, ConversationID: 23.14: Conversation Id  for Initiated conversation: 23.14
04/13/2016 02:25:08 [11] DEBUG  Conversation                  : GameListConversation, ConversationID: 23.14: Setting Message IDs
04/13/2016 02:25:08 [11] DEBUG  Conversation                  : GameListConversation, ConversationID: 23.14: Conversation is initiating send.
04/13/2016 02:25:08 [11] DEBUG  PostMan                       : Sending UDP (Messages.RequestMessages.GameListRequest, MessageID: 23.14, ConversationID: 23.14)
Endpoint: 127.0.0.1:12000
JSON: {"__type":"GameListRequest:#Messages.RequestMessages","ConvId":{"Pid":23,"Seq":14},"MsgId":{"Pid":23,"Seq":14},"StatusFilter":4}
04/13/2016 02:25:08 [11] DEBUG  PostMan                       : Message Delivered
04/13/2016 02:25:08 [10] DEBUG  PostMan                       : Received UDP (Messages.ReplyMessages.GameListReply, MessageID: 1.2039, ConversationID: 23.14)
JSON: {"__type":"GameListReply:#Messages.ReplyMessages","ConvId":{"Pid":23,"Seq":14},"MsgId":{"Pid":1,"Seq":2039},"Note":null,"Success":true,"GameInfo":[]}
04/13/2016 02:25:08 [11] DEBUG  Conversation                  : GameListConversation, ConversationID: 23.14: Send succeeded.
04/13/2016 02:25:08 [13] INFO   ispatcher+<>c__DisplayClass7_0: New Message Received: (Messages.ReplyMessages.GameListReply)
04/13/2016 02:25:08 [13] INFO   ispatcher+<>c__DisplayClass7_0: MessageId: 1.2039ConversationId: 23.14
04/13/2016 02:25:08 [13] DEBUG  Dispatcher                    : Successsfully queued a new message of type GameListReply, for conversation: 23.14
04/13/2016 02:25:08 [11] DEBUG  Conversation                  : GameListConversation, ConversationID: 23.14: Message available!
04/13/2016 02:25:08 [11] DEBUG  Conversation                  : GameListConversation, ConversationID: 23.14: Message available!
04/13/2016 02:25:08 [11] DEBUG  Conversation                  : GameListConversation, ConversationID: 23.14: Received Message is valid
04/13/2016 02:25:08 [11] DEBUG  Conversation                  : Received a Message of type: GameListReply
04/13/2016 02:25:08 [11] ERROR  Conversation                  : GameListConversation, ConversationID: 23.14: No games are available. 
04/13/2016 02:25:08 [11] ERROR  Conversation                  : GameListConversation, ConversationID: 23.14: Conversation Failed
04/13/2016 02:25:08 [11] ERROR  Conversation                  : GameListConversation, ConversationID: 23.14: Conversation Ending
04/13/2016 02:25:08 [11] INFO   Conversation                  : Conversation Failed
04/13/2016 02:25:08 [12] DEBUG  PlayerProcess                 : In Process GetGameList function.
04/13/2016 02:25:08 [11] INFO   BackgroundThread              : Stopping 
04/13/2016 02:25:08 [11] DEBUG  BackgroundThread              : Leaving Stop
04/13/2016 02:25:08 [11] ERROR  Conversation                  : GameListConversation, ConversationID: 23.14: Conversation Failed
04/13/2016 02:25:08 [11] ERROR  Conversation                  : GameListConversation, ConversationID: 23.14: Conversation Ending
04/13/2016 02:25:08 [11] INFO   Conversation                  : Conversation Failed
04/13/2016 02:25:08 [11] INFO   BackgroundThread              : Stopping 
04/13/2016 02:25:08 [11] DEBUG  BackgroundThread              : Leaving Stop
04/13/2016 02:25:08 [12] DEBUG  ConversationFactory           : Creating Conversation of type GameListConversation
04/13/2016 02:25:08 [12] DEBUG  Dispatcher                    : Adding Conversation Player.Conversation.GameListConversation, 23.15
04/13/2016 02:25:08 [12] DEBUG  Dispatcher                    :       New Queue ID: 23.15
04/13/2016 02:25:08 [12] INFO   BackgroundThread              : Starting 
04/13/2016 02:25:11 [13] DEBUG  GameListConversation          : Queuing game list request. 
04/13/2016 02:25:11 [13] DEBUG  InitiatedConversation         : GameListConversation, ConversationID: 23.15: Conversation Id  for Initiated conversation: 23.15
04/13/2016 02:25:11 [13] DEBUG  Conversation                  : GameListConversation, ConversationID: 23.15: Setting Message IDs
04/13/2016 02:25:11 [13] DEBUG  Conversation                  : GameListConversation, ConversationID: 23.15: Conversation is initiating send.
04/13/2016 02:25:11 [13] DEBUG  PostMan                       : Sending UDP (Messages.RequestMessages.GameListRequest, MessageID: 23.15, ConversationID: 23.15)
Endpoint: 127.0.0.1:12000
JSON: {"__type":"GameListRequest:#Messages.RequestMessages","ConvId":{"Pid":23,"Seq":15},"MsgId":{"Pid":23,"Seq":15},"StatusFilter":4}
04/13/2016 02:25:11 [13] DEBUG  PostMan                       : Message Delivered
04/13/2016 02:25:11 [10] DEBUG  PostMan                       : Received UDP (Messages.ReplyMessages.GameListReply, MessageID: 1.2040, ConversationID: 23.15)
JSON: {"__type":"GameListReply:#Messages.ReplyMessages","ConvId":{"Pid":23,"Seq":15},"MsgId":{"Pid":1,"Seq":2040},"Note":null,"Success":true,"GameInfo":[]}
04/13/2016 02:25:11 [13] DEBUG  Conversation                  : GameListConversation, ConversationID: 23.15: Send succeeded.
04/13/2016 02:25:11 [11] INFO   ispatcher+<>c__DisplayClass7_0: New Message Received: (Messages.ReplyMessages.GameListReply)
04/13/2016 02:25:11 [11] INFO   ispatcher+<>c__DisplayClass7_0: MessageId: 1.2040ConversationId: 23.15
04/13/2016 02:25:11 [11] DEBUG  Dispatcher                    : Successsfully queued a new message of type GameListReply, for conversation: 23.15
04/13/2016 02:25:11 [13] DEBUG  Conversation                  : GameListConversation, ConversationID: 23.15: Message available!
04/13/2016 02:25:11 [13] DEBUG  Conversation                  : GameListConversation, ConversationID: 23.15: Message available!
04/13/2016 02:25:11 [13] DEBUG  Conversation                  : GameListConversation, ConversationID: 23.15: Received Message is valid
04/13/2016 02:25:11 [13] DEBUG  Conversation                  : Received a Message of type: GameListReply
04/13/2016 02:25:11 [13] ERROR  Conversation                  : GameListConversation, ConversationID: 23.15: No games are available. 
04/13/2016 02:25:11 [13] ERROR  Conversation                  : GameListConversation, ConversationID: 23.15: Conversation Failed
04/13/2016 02:25:11 [13] ERROR  Conversation                  : GameListConversation, ConversationID: 23.15: Conversation Ending
04/13/2016 02:25:11 [13] INFO   Conversation                  : Conversation Failed
04/13/2016 02:25:11 [13] INFO   BackgroundThread              : Stopping 
04/13/2016 02:25:11 [13] DEBUG  BackgroundThread              : Leaving Stop
04/13/2016 02:25:11 [13] ERROR  Conversation                  : GameListConversation, ConversationID: 23.15: Conversation Failed
04/13/2016 02:25:11 [13] ERROR  Conversation                  : GameListConversation, ConversationID: 23.15: Conversation Ending
04/13/2016 02:25:11 [13] INFO   Conversation                  : Conversation Failed
04/13/2016 02:25:11 [13] INFO   BackgroundThread              : Stopping 
04/13/2016 02:25:11 [13] DEBUG  BackgroundThread              : Leaving Stop
04/13/2016 02:25:11 [12] DEBUG  PlayerProcess                 : In Process GetGameList function.
04/13/2016 02:25:11 [12] DEBUG  ConversationFactory           : Creating Conversation of type GameListConversation
04/13/2016 02:25:11 [12] DEBUG  Dispatcher                    : Adding Conversation Player.Conversation.GameListConversation, 23.16
04/13/2016 02:25:11 [12] DEBUG  Dispatcher                    :       New Queue ID: 23.16
04/13/2016 02:25:11 [12] INFO   BackgroundThread              : Starting 
04/13/2016 02:25:13 [11] DEBUG  GameListConversation          : Queuing game list request. 
04/13/2016 02:25:13 [11] DEBUG  InitiatedConversation         : GameListConversation, ConversationID: 23.16: Conversation Id  for Initiated conversation: 23.16
04/13/2016 02:25:13 [11] DEBUG  Conversation                  : GameListConversation, ConversationID: 23.16: Setting Message IDs
04/13/2016 02:25:14 [11] DEBUG  Conversation                  : GameListConversation, ConversationID: 23.16: Conversation is initiating send.
04/13/2016 02:25:14 [11] DEBUG  PostMan                       : Sending UDP (Messages.RequestMessages.GameListRequest, MessageID: 23.16, ConversationID: 23.16)
Endpoint: 127.0.0.1:12000
JSON: {"__type":"GameListRequest:#Messages.RequestMessages","ConvId":{"Pid":23,"Seq":16},"MsgId":{"Pid":23,"Seq":16},"StatusFilter":4}
04/13/2016 02:25:14 [11] DEBUG  PostMan                       : Message Delivered
04/13/2016 02:25:14 [10] DEBUG  PostMan                       : Received UDP (Messages.ReplyMessages.GameListReply, MessageID: 1.2041, ConversationID: 23.16)
JSON: {"__type":"GameListReply:#Messages.ReplyMessages","ConvId":{"Pid":23,"Seq":16},"MsgId":{"Pid":1,"Seq":2041},"Note":null,"Success":true,"GameInfo":[]}
04/13/2016 02:25:14 [11] DEBUG  Conversation                  : GameListConversation, ConversationID: 23.16: Send succeeded.
04/13/2016 02:25:14 [13] INFO   ispatcher+<>c__DisplayClass7_0: New Message Received: (Messages.ReplyMessages.GameListReply)
04/13/2016 02:25:14 [13] INFO   ispatcher+<>c__DisplayClass7_0: MessageId: 1.2041ConversationId: 23.16
04/13/2016 02:25:14 [13] DEBUG  Dispatcher                    : Successsfully queued a new message of type GameListReply, for conversation: 23.16
04/13/2016 02:25:14 [11] DEBUG  Conversation                  : GameListConversation, ConversationID: 23.16: Message available!
04/13/2016 02:25:14 [11] DEBUG  Conversation                  : GameListConversation, ConversationID: 23.16: Message available!
04/13/2016 02:25:14 [11] DEBUG  Conversation                  : GameListConversation, ConversationID: 23.16: Received Message is valid
04/13/2016 02:25:14 [11] DEBUG  Conversation                  : Received a Message of type: GameListReply
04/13/2016 02:25:14 [11] ERROR  Conversation                  : GameListConversation, ConversationID: 23.16: No games are available. 
04/13/2016 02:25:14 [11] ERROR  Conversation                  : GameListConversation, ConversationID: 23.16: Conversation Failed
04/13/2016 02:25:14 [11] ERROR  Conversation                  : GameListConversation, ConversationID: 23.16: Conversation Ending
04/13/2016 02:25:14 [11] INFO   Conversation                  : Conversation Failed
04/13/2016 02:25:14 [11] INFO   BackgroundThread              : Stopping 
04/13/2016 02:25:14 [11] DEBUG  BackgroundThread              : Leaving Stop
04/13/2016 02:25:14 [11] ERROR  Conversation                  : GameListConversation, ConversationID: 23.16: Conversation Failed
04/13/2016 02:25:14 [11] ERROR  Conversation                  : GameListConversation, ConversationID: 23.16: Conversation Ending
04/13/2016 02:25:14 [11] INFO   Conversation                  : Conversation Failed
04/13/2016 02:25:14 [11] INFO   BackgroundThread              : Stopping 
04/13/2016 02:25:14 [11] DEBUG  BackgroundThread              : Leaving Stop
04/13/2016 02:25:14 [12] DEBUG  PlayerProcess                 : In Process GetGameList function.
04/13/2016 02:25:14 [12] DEBUG  ConversationFactory           : Creating Conversation of type GameListConversation
04/13/2016 02:25:14 [12] DEBUG  Dispatcher                    : Adding Conversation Player.Conversation.GameListConversation, 23.17
04/13/2016 02:25:14 [12] DEBUG  Dispatcher                    :       New Queue ID: 23.17
04/13/2016 02:25:14 [12] INFO   BackgroundThread              : Starting 
04/13/2016 02:25:16 [14] DEBUG  GameListConversation          : Queuing game list request. 
04/13/2016 02:25:16 [14] DEBUG  InitiatedConversation         : GameListConversation, ConversationID: 23.17: Conversation Id  for Initiated conversation: 23.17
04/13/2016 02:25:16 [14] DEBUG  Conversation                  : GameListConversation, ConversationID: 23.17: Setting Message IDs
04/13/2016 02:25:16 [14] DEBUG  Conversation                  : GameListConversation, ConversationID: 23.17: Conversation is initiating send.
04/13/2016 02:25:16 [14] DEBUG  PostMan                       : Sending UDP (Messages.RequestMessages.GameListRequest, MessageID: 23.17, ConversationID: 23.17)
Endpoint: 127.0.0.1:12000
JSON: {"__type":"GameListRequest:#Messages.RequestMessages","ConvId":{"Pid":23,"Seq":17},"MsgId":{"Pid":23,"Seq":17},"StatusFilter":4}
04/13/2016 02:25:16 [14] DEBUG  PostMan                       : Message Delivered
04/13/2016 02:25:16 [10] DEBUG  PostMan                       : Received UDP (Messages.ReplyMessages.GameListReply, MessageID: 1.2042, ConversationID: 23.17)
JSON: {"__type":"GameListReply:#Messages.ReplyMessages","ConvId":{"Pid":23,"Seq":17},"MsgId":{"Pid":1,"Seq":2042},"Note":null,"Success":true,"GameInfo":[]}
04/13/2016 02:25:16 [14] DEBUG  Conversation                  : GameListConversation, ConversationID: 23.17: Send succeeded.
04/13/2016 02:25:16 [16] INFO   ispatcher+<>c__DisplayClass7_0: New Message Received: (Messages.ReplyMessages.GameListReply)
04/13/2016 02:25:16 [16] INFO   ispatcher+<>c__DisplayClass7_0: MessageId: 1.2042ConversationId: 23.17
04/13/2016 02:25:16 [16] DEBUG  Dispatcher                    : Successsfully queued a new message of type GameListReply, for conversation: 23.17
04/13/2016 02:25:16 [14] DEBUG  Conversation                  : GameListConversation, ConversationID: 23.17: Message available!
04/13/2016 02:25:16 [14] DEBUG  Conversation                  : GameListConversation, ConversationID: 23.17: Message available!
04/13/2016 02:25:16 [14] DEBUG  Conversation                  : GameListConversation, ConversationID: 23.17: Received Message is valid
04/13/2016 02:25:16 [14] DEBUG  Conversation                  : Received a Message of type: GameListReply
04/13/2016 02:25:17 [14] ERROR  Conversation                  : GameListConversation, ConversationID: 23.17: No games are available. 
04/13/2016 02:25:17 [14] ERROR  Conversation                  : GameListConversation, ConversationID: 23.17: Conversation Failed
04/13/2016 02:25:17 [14] ERROR  Conversation                  : GameListConversation, ConversationID: 23.17: Conversation Ending
04/13/2016 02:25:17 [14] INFO   Conversation                  : Conversation Failed
04/13/2016 02:25:17 [14] INFO   BackgroundThread              : Stopping 
04/13/2016 02:25:17 [14] DEBUG  BackgroundThread              : Leaving Stop
04/13/2016 02:25:17 [14] ERROR  Conversation                  : GameListConversation, ConversationID: 23.17: Conversation Failed
04/13/2016 02:25:17 [14] ERROR  Conversation                  : GameListConversation, ConversationID: 23.17: Conversation Ending
04/13/2016 02:25:17 [14] INFO   Conversation                  : Conversation Failed
04/13/2016 02:25:17 [14] INFO   BackgroundThread              : Stopping 
04/13/2016 02:25:17 [14] DEBUG  BackgroundThread              : Leaving Stop
04/13/2016 02:25:17 [12] DEBUG  PlayerProcess                 : In Process GetGameList function.
04/13/2016 02:25:17 [12] DEBUG  ConversationFactory           : Creating Conversation of type GameListConversation
04/13/2016 02:25:17 [12] DEBUG  Dispatcher                    : Adding Conversation Player.Conversation.GameListConversation, 23.18
04/13/2016 02:25:17 [12] DEBUG  Dispatcher                    :       New Queue ID: 23.18
04/13/2016 02:25:17 [12] INFO   BackgroundThread              : Starting 
04/13/2016 02:25:19 [13] DEBUG  GameListConversation          : Queuing game list request. 
04/13/2016 02:25:19 [13] DEBUG  InitiatedConversation         : GameListConversation, ConversationID: 23.18: Conversation Id  for Initiated conversation: 23.18
04/13/2016 02:25:19 [13] DEBUG  Conversation                  : GameListConversation, ConversationID: 23.18: Setting Message IDs
04/13/2016 02:25:19 [13] DEBUG  Conversation                  : GameListConversation, ConversationID: 23.18: Conversation is initiating send.
04/13/2016 02:25:19 [13] DEBUG  PostMan                       : Sending UDP (Messages.RequestMessages.GameListRequest, MessageID: 23.18, ConversationID: 23.18)
Endpoint: 127.0.0.1:12000
JSON: {"__type":"GameListRequest:#Messages.RequestMessages","ConvId":{"Pid":23,"Seq":18},"MsgId":{"Pid":23,"Seq":18},"StatusFilter":4}
04/13/2016 02:25:19 [13] DEBUG  PostMan                       : Message Delivered
04/13/2016 02:25:19 [10] DEBUG  PostMan                       : Received UDP (Messages.ReplyMessages.GameListReply, MessageID: 1.2043, ConversationID: 23.18)
JSON: {"__type":"GameListReply:#Messages.ReplyMessages","ConvId":{"Pid":23,"Seq":18},"MsgId":{"Pid":1,"Seq":2043},"Note":null,"Success":true,"GameInfo":[]}
04/13/2016 02:25:19 [13] DEBUG  Conversation                  : GameListConversation, ConversationID: 23.18: Send succeeded.
04/13/2016 02:25:19 [17] INFO   ispatcher+<>c__DisplayClass7_0: New Message Received: (Messages.ReplyMessages.GameListReply)
04/13/2016 02:25:19 [17] INFO   ispatcher+<>c__DisplayClass7_0: MessageId: 1.2043ConversationId: 23.18
04/13/2016 02:25:19 [17] DEBUG  Dispatcher                    : Successsfully queued a new message of type GameListReply, for conversation: 23.18
04/13/2016 02:25:19 [13] DEBUG  Conversation                  : GameListConversation, ConversationID: 23.18: Message available!
04/13/2016 02:25:19 [13] DEBUG  Conversation                  : GameListConversation, ConversationID: 23.18: Message available!
04/13/2016 02:25:19 [13] DEBUG  Conversation                  : GameListConversation, ConversationID: 23.18: Received Message is valid
04/13/2016 02:25:19 [13] DEBUG  Conversation                  : Received a Message of type: GameListReply
04/13/2016 02:25:19 [13] ERROR  Conversation                  : GameListConversation, ConversationID: 23.18: No games are available. 
04/13/2016 02:25:19 [13] ERROR  Conversation                  : GameListConversation, ConversationID: 23.18: Conversation Failed
04/13/2016 02:25:19 [13] ERROR  Conversation                  : GameListConversation, ConversationID: 23.18: Conversation Ending
04/13/2016 02:25:19 [13] INFO   Conversation                  : Conversation Failed
04/13/2016 02:25:19 [13] INFO   BackgroundThread              : Stopping 
04/13/2016 02:25:19 [13] DEBUG  BackgroundThread              : Leaving Stop
04/13/2016 02:25:19 [13] ERROR  Conversation                  : GameListConversation, ConversationID: 23.18: Conversation Failed
04/13/2016 02:25:19 [13] ERROR  Conversation                  : GameListConversation, ConversationID: 23.18: Conversation Ending
04/13/2016 02:25:19 [13] INFO   Conversation                  : Conversation Failed
04/13/2016 02:25:19 [13] INFO   BackgroundThread              : Stopping 
04/13/2016 02:25:19 [13] DEBUG  BackgroundThread              : Leaving Stop
04/13/2016 02:25:20 [12] DEBUG  PlayerProcess                 : In Process GetGameList function.
04/13/2016 02:25:20 [12] DEBUG  ConversationFactory           : Creating Conversation of type GameListConversation
04/13/2016 02:25:20 [12] DEBUG  Dispatcher                    : Adding Conversation Player.Conversation.GameListConversation, 23.19
04/13/2016 02:25:20 [12] DEBUG  Dispatcher                    :       New Queue ID: 23.19
04/13/2016 02:25:20 [12] INFO   BackgroundThread              : Starting 
04/13/2016 02:25:22 [ 9] DEBUG  GameListConversation          : Queuing game list request. 
04/13/2016 02:25:22 [ 9] DEBUG  InitiatedConversation         : GameListConversation, ConversationID: 23.19: Conversation Id  for Initiated conversation: 23.19
04/13/2016 02:25:22 [ 9] DEBUG  Conversation                  : GameListConversation, ConversationID: 23.19: Setting Message IDs
04/13/2016 02:25:22 [ 9] DEBUG  Conversation                  : GameListConversation, ConversationID: 23.19: Conversation is initiating send.
04/13/2016 02:25:22 [ 9] DEBUG  PostMan                       : Sending UDP (Messages.RequestMessages.GameListRequest, MessageID: 23.19, ConversationID: 23.19)
Endpoint: 127.0.0.1:12000
JSON: {"__type":"GameListRequest:#Messages.RequestMessages","ConvId":{"Pid":23,"Seq":19},"MsgId":{"Pid":23,"Seq":19},"StatusFilter":4}
04/13/2016 02:25:22 [ 9] DEBUG  PostMan                       : Message Delivered
04/13/2016 02:25:22 [10] DEBUG  PostMan                       : Received UDP (Messages.ReplyMessages.GameListReply, MessageID: 1.2044, ConversationID: 23.19)
JSON: {"__type":"GameListReply:#Messages.ReplyMessages","ConvId":{"Pid":23,"Seq":19},"MsgId":{"Pid":1,"Seq":2044},"Note":null,"Success":true,"GameInfo":[]}
04/13/2016 02:25:22 [ 9] DEBUG  Conversation                  : GameListConversation, ConversationID: 23.19: Send succeeded.
04/13/2016 02:25:22 [11] INFO   ispatcher+<>c__DisplayClass7_0: New Message Received: (Messages.ReplyMessages.GameListReply)
04/13/2016 02:25:22 [11] INFO   ispatcher+<>c__DisplayClass7_0: MessageId: 1.2044ConversationId: 23.19
04/13/2016 02:25:22 [11] DEBUG  Dispatcher                    : Successsfully queued a new message of type GameListReply, for conversation: 23.19
04/13/2016 02:25:22 [ 9] DEBUG  Conversation                  : GameListConversation, ConversationID: 23.19: Message available!
04/13/2016 02:25:22 [ 9] DEBUG  Conversation                  : GameListConversation, ConversationID: 23.19: Message available!
04/13/2016 02:25:22 [ 9] DEBUG  Conversation                  : GameListConversation, ConversationID: 23.19: Received Message is valid
04/13/2016 02:25:22 [ 9] DEBUG  Conversation                  : Received a Message of type: GameListReply
04/13/2016 02:25:22 [ 9] ERROR  Conversation                  : GameListConversation, ConversationID: 23.19: No games are available. 
04/13/2016 02:25:22 [ 9] ERROR  Conversation                  : GameListConversation, ConversationID: 23.19: Conversation Failed
04/13/2016 02:25:22 [ 9] ERROR  Conversation                  : GameListConversation, ConversationID: 23.19: Conversation Ending
04/13/2016 02:25:22 [ 9] INFO   Conversation                  : Conversation Failed
04/13/2016 02:25:22 [ 9] INFO   BackgroundThread              : Stopping 
04/13/2016 02:25:22 [ 9] DEBUG  BackgroundThread              : Leaving Stop
04/13/2016 02:25:22 [ 9] ERROR  Conversation                  : GameListConversation, ConversationID: 23.19: Conversation Failed
