04/09/2016 06:10:50 [ 7] DEBUG  PlayerConnection              : Using Local Settings.
04/09/2016 06:10:50 [ 7] DEBUG  PlayerConnection              : Starting Application. 
04/09/2016 06:10:50 [ 7] DEBUG  PlayerProcess                 : Initializeing Player Subsystem.
04/09/2016 06:10:50 [ 7] DEBUG  PlayerProcess                 : Initializing Player Details.
04/09/2016 06:10:50 [ 7] INFO   BackgroundThread              : Starting 
04/09/2016 06:10:50 [ 9] INFO   BackgroundThread              : Starting 
04/09/2016 06:10:50 [ 9] DEBUG  PlayerProcess                 : In Process Login function.
04/09/2016 06:10:50 [ 9] DEBUG  Dispatcher                    : Adding Conversation Player.Conversation.LoginConversation, 0.1
04/09/2016 06:10:50 [ 9] DEBUG  Dispatcher                    :       New Queue ID: 0.1
04/09/2016 06:10:50 [ 9] INFO   BackgroundThread              : Starting 
04/09/2016 06:10:50 [11] DEBUG  LoginConversation             : Creating login request. 
04/09/2016 06:10:50 [11] DEBUG  InitiatedConversation         : Conversation Id  for initiated conversation: 0.1
04/09/2016 06:10:50 [11] DEBUG  PostMan                       : Sending UDP (Messages.RequestMessages.LoginRequest, MessageID: 0.1, ConversationID: 0.1)
JSON: {"__type":"LoginRequest:#Messages.RequestMessages","ConvId":{"Pid":0,"Seq":1},"MsgId":{"Pid":0,"Seq":1},"Identity":{"ANumber":"A00000001","Alias":"The Instructor","FirstName":"The","LastName":"Instructor"},"ProcessLabel":"The Instructor","ProcessType":3,"PublicKey":null}
04/09/2016 06:10:50 [11] DEBUG  PostMan                       : Message Delivered
04/09/2016 06:10:50 [10] DEBUG  PostMan                       : Received UDP (Messages.ReplyMessages.LoginReply, MessageID: 1.64, ConversationID: 0.1)
JSON: {"__type":"LoginReply:#Messages.ReplyMessages","ConvId":{"Pid":0,"Seq":1},"MsgId":{"Pid":1,"Seq":64},"Note":"Logged in","Success":true,"PennyBankEndPoint":{"Host":"127.0.0.1","Port":12003},"PennyBankPublicKey":null,"ProcessInfo":{"EndPoint":{"Host":"127.0.0.1","Port":10000},"Label":"The Instructor","ProcessId":8,"Status":3,"Type":3},"ProxyEndPoint":{"Host":"127.0.0.1","Port":12002}}
04/09/2016 06:10:50 [10] INFO   Dispatcher                    : New Message Received: (Messages.ReplyMessages.LoginReply)
04/09/2016 06:10:51 [10] INFO   Dispatcher                    : MessageId: 1.64ConversationId: 0.1
04/09/2016 06:10:55 [11] DEBUG  LoginConversation             : Received a login reply message.
04/09/2016 06:10:56 [11] INFO   BackgroundThread              : Stopping 
04/09/2016 06:10:56 [11] DEBUG  BackgroundThread              : Leaving Stop
04/09/2016 06:10:56 [ 9] DEBUG  PlayerProcess                 : In Process GetGameList function.
04/09/2016 06:10:56 [ 9] DEBUG  Dispatcher                    : Adding Conversation Player.Conversation.GameListConversation, 8.2
04/09/2016 06:10:56 [ 9] DEBUG  Dispatcher                    :       New Queue ID: 8.2
04/09/2016 06:10:56 [ 9] INFO   BackgroundThread              : Starting 
04/09/2016 06:10:56 [12] DEBUG  GameListConversation          : Queuing game list request. 
04/09/2016 06:10:56 [12] DEBUG  InitiatedConversation         : Conversation Id  for initiated conversation: 8.2
04/09/2016 06:10:56 [12] DEBUG  PostMan                       : Sending UDP (Messages.RequestMessages.GameListRequest, MessageID: 8.2, ConversationID: 8.2)
JSON: {"__type":"GameListRequest:#Messages.RequestMessages","ConvId":{"Pid":8,"Seq":2},"MsgId":{"Pid":8,"Seq":2},"StatusFilter":4}
04/09/2016 06:10:56 [12] DEBUG  PostMan                       : Message Delivered
04/09/2016 06:10:56 [10] DEBUG  PostMan                       : Received UDP (Messages.ReplyMessages.GameListReply, MessageID: 1.65, ConversationID: 8.2)
JSON: {"__type":"GameListReply:#Messages.ReplyMessages","ConvId":{"Pid":8,"Seq":2},"MsgId":{"Pid":1,"Seq":65},"Note":null,"Success":true,"GameInfo":[]}
04/09/2016 06:10:56 [10] INFO   Dispatcher                    : New Message Received: (Messages.ReplyMessages.GameListReply)
04/09/2016 06:10:56 [10] INFO   Dispatcher                    : MessageId: 1.65ConversationId: 8.2
04/09/2016 06:10:57 [10] DEBUG  PostMan                       : Received UDP (Messages.RequestMessages.AliveRequest, MessageID: 1.60, ConversationID: 1.60)
JSON: {"__type":"AliveRequest:#Messages.RequestMessages","ConvId":{"Pid":1,"Seq":60},"MsgId":{"Pid":1,"Seq":60}}
04/09/2016 06:10:57 [10] INFO   Dispatcher                    : New Message Received: (Messages.RequestMessages.AliveRequest)
04/09/2016 06:10:57 [10] INFO   Dispatcher                    : MessageId: 1.60ConversationId: 1.60
04/09/2016 06:10:57 [10] DEBUG  Dispatcher                    : Conversation  with id= 1.60 does not exist, trying to create new conversation.
04/09/2016 06:10:57 [10] DEBUG  Dispatcher                    : Adding Conversation Player.Conversation.AliveConversation, 1.60
04/09/2016 06:10:57 [10] DEBUG  Dispatcher                    :       New Queue ID: 1.60
04/09/2016 06:10:57 [10] INFO   BackgroundThread              : Starting 
04/09/2016 06:10:57 [11] DEBUG  AliveConversation             : Creating Alive Response
04/09/2016 06:10:57 [11] DEBUG  ResponseConversation          : Conversation Id  for Response conversation: 1.60
04/09/2016 06:10:57 [11] DEBUG  PostMan                       : Sending UDP (Messages.ReplyMessages.Reply, MessageID: 8.3, ConversationID: 1.60)
JSON: {"__type":"Reply:#Messages.ReplyMessages","ConvId":{"Pid":1,"Seq":60},"MsgId":{"Pid":8,"Seq":3},"Note":"I'm Alive","Success":true}
04/09/2016 06:10:57 [11] DEBUG  PostMan                       : Message Delivered
04/09/2016 06:11:01 [12] DEBUG  GameListConversation          : Received a game list reply message.
04/09/2016 06:11:01 [12] ERROR  GameListConversation          : Either the message received was null, or no games are available. 
04/09/2016 06:11:01 [12] INFO   BackgroundThread              : Stopping 
04/09/2016 06:11:01 [12] DEBUG  BackgroundThread              : Leaving Stop
04/09/2016 06:11:01 [ 9] DEBUG  PlayerProcess                 : In Process GetGameList function.
04/09/2016 06:11:01 [ 9] DEBUG  Dispatcher                    : Adding Conversation Player.Conversation.GameListConversation, 8.4
04/09/2016 06:11:01 [ 9] DEBUG  Dispatcher                    :       New Queue ID: 8.4
04/09/2016 06:11:01 [ 9] INFO   BackgroundThread              : Starting 
04/09/2016 06:11:01 [13] DEBUG  GameListConversation          : Queuing game list request. 
04/09/2016 06:11:01 [13] DEBUG  InitiatedConversation         : Conversation Id  for initiated conversation: 8.4
04/09/2016 06:11:01 [13] DEBUG  PostMan                       : Sending UDP (Messages.RequestMessages.GameListRequest, MessageID: 8.4, ConversationID: 8.4)
JSON: {"__type":"GameListRequest:#Messages.RequestMessages","ConvId":{"Pid":8,"Seq":4},"MsgId":{"Pid":8,"Seq":4},"StatusFilter":4}
04/09/2016 06:11:01 [13] DEBUG  PostMan                       : Message Delivered
04/09/2016 06:11:01 [10] DEBUG  PostMan                       : Received UDP (Messages.ReplyMessages.GameListReply, MessageID: 1.66, ConversationID: 8.4)
JSON: {"__type":"GameListReply:#Messages.ReplyMessages","ConvId":{"Pid":8,"Seq":4},"MsgId":{"Pid":1,"Seq":66},"Note":null,"Success":true,"GameInfo":[]}
04/09/2016 06:11:01 [10] INFO   Dispatcher                    : New Message Received: (Messages.ReplyMessages.GameListReply)
04/09/2016 06:11:01 [10] INFO   Dispatcher                    : MessageId: 1.66ConversationId: 8.4
04/09/2016 06:11:06 [13] DEBUG  GameListConversation          : Received a game list reply message.
04/09/2016 06:11:06 [13] ERROR  GameListConversation          : Either the message received was null, or no games are available. 
04/09/2016 06:11:06 [13] INFO   BackgroundThread              : Stopping 
04/09/2016 06:11:06 [13] DEBUG  BackgroundThread              : Leaving Stop
04/09/2016 06:11:06 [ 9] DEBUG  PlayerProcess                 : In Process GetGameList function.
04/09/2016 06:11:06 [ 9] DEBUG  Dispatcher                    : Adding Conversation Player.Conversation.GameListConversation, 8.5
04/09/2016 06:11:06 [ 9] DEBUG  Dispatcher                    :       New Queue ID: 8.5
04/09/2016 06:11:06 [ 9] INFO   BackgroundThread              : Starting 
04/09/2016 06:11:06 [11] DEBUG  GameListConversation          : Queuing game list request. 
04/09/2016 06:11:06 [11] DEBUG  InitiatedConversation         : Conversation Id  for initiated conversation: 8.5
04/09/2016 06:11:06 [11] DEBUG  PostMan                       : Sending UDP (Messages.RequestMessages.GameListRequest, MessageID: 8.5, ConversationID: 8.5)
JSON: {"__type":"GameListRequest:#Messages.RequestMessages","ConvId":{"Pid":8,"Seq":5},"MsgId":{"Pid":8,"Seq":5},"StatusFilter":4}
04/09/2016 06:11:06 [11] DEBUG  PostMan                       : Message Delivered
04/09/2016 06:11:06 [10] DEBUG  PostMan                       : Received UDP (Messages.ReplyMessages.GameListReply, MessageID: 1.67, ConversationID: 8.5)
JSON: {"__type":"GameListReply:#Messages.ReplyMessages","ConvId":{"Pid":8,"Seq":5},"MsgId":{"Pid":1,"Seq":67},"Note":null,"Success":true,"GameInfo":[]}
04/09/2016 06:11:06 [10] INFO   Dispatcher                    : New Message Received: (Messages.ReplyMessages.GameListReply)
04/09/2016 06:11:06 [10] INFO   Dispatcher                    : MessageId: 1.67ConversationId: 8.5
04/09/2016 06:11:08 [10] DEBUG  PostMan                       : Received UDP (Messages.RequestMessages.AliveRequest, MessageID: 1.68, ConversationID: 1.68)
JSON: {"__type":"AliveRequest:#Messages.RequestMessages","ConvId":{"Pid":1,"Seq":68},"MsgId":{"Pid":1,"Seq":68}}
04/09/2016 06:11:08 [10] INFO   Dispatcher                    : New Message Received: (Messages.RequestMessages.AliveRequest)
04/09/2016 06:11:08 [10] INFO   Dispatcher                    : MessageId: 1.68ConversationId: 1.68
04/09/2016 06:11:08 [10] DEBUG  Dispatcher                    : Conversation  with id= 1.68 does not exist, trying to create new conversation.
04/09/2016 06:11:08 [10] DEBUG  Dispatcher                    : Adding Conversation Player.Conversation.AliveConversation, 1.68
04/09/2016 06:11:08 [10] DEBUG  Dispatcher                    :       New Queue ID: 1.68
04/09/2016 06:11:08 [10] INFO   BackgroundThread              : Starting 
04/09/2016 06:11:08 [12] ERROR  ResponseConversation          : Unable to retrieve received message. 
04/09/2016 06:11:11 [11] DEBUG  GameListConversation          : Received a game list reply message.
04/09/2016 06:11:11 [11] ERROR  GameListConversation          : Either the message received was null, or no games are available. 
04/09/2016 06:11:11 [11] INFO   BackgroundThread              : Stopping 
04/09/2016 06:11:11 [11] DEBUG  BackgroundThread              : Leaving Stop
04/09/2016 06:11:11 [ 9] DEBUG  PlayerProcess                 : In Process GetGameList function.
04/09/2016 06:11:11 [ 9] DEBUG  Dispatcher                    : Adding Conversation Player.Conversation.GameListConversation, 8.6
04/09/2016 06:11:11 [ 9] DEBUG  Dispatcher                    :       New Queue ID: 8.6
04/09/2016 06:11:11 [ 9] INFO   BackgroundThread              : Starting 
04/09/2016 06:11:11 [12] DEBUG  GameListConversation          : Queuing game list request. 
04/09/2016 06:11:11 [12] DEBUG  InitiatedConversation         : Conversation Id  for initiated conversation: 8.6
04/09/2016 06:11:11 [12] DEBUG  PostMan                       : Sending UDP (Messages.RequestMessages.GameListRequest, MessageID: 8.6, ConversationID: 8.6)
JSON: {"__type":"GameListRequest:#Messages.RequestMessages","ConvId":{"Pid":8,"Seq":6},"MsgId":{"Pid":8,"Seq":6},"StatusFilter":4}
04/09/2016 06:11:11 [12] DEBUG  PostMan                       : Message Delivered
04/09/2016 06:11:11 [10] DEBUG  PostMan                       : Received UDP (Messages.ReplyMessages.GameListReply, MessageID: 1.72, ConversationID: 8.6)
JSON: {"__type":"GameListReply:#Messages.ReplyMessages","ConvId":{"Pid":8,"Seq":6},"MsgId":{"Pid":1,"Seq":72},"Note":null,"Success":true,"GameInfo":[]}
04/09/2016 06:11:11 [10] INFO   Dispatcher                    : New Message Received: (Messages.ReplyMessages.GameListReply)
04/09/2016 06:11:11 [10] INFO   Dispatcher                    : MessageId: 1.72ConversationId: 8.6
04/09/2016 06:11:16 [12] DEBUG  GameListConversation          : Received a game list reply message.
04/09/2016 06:11:16 [12] ERROR  GameListConversation          : Either the message received was null, or no games are available. 
04/09/2016 06:11:16 [12] INFO   BackgroundThread              : Stopping 
04/09/2016 06:11:16 [12] DEBUG  BackgroundThread              : Leaving Stop
04/09/2016 06:11:16 [ 9] DEBUG  PlayerProcess                 : In Process GetGameList function.
04/09/2016 06:11:16 [ 9] DEBUG  Dispatcher                    : Adding Conversation Player.Conversation.GameListConversation, 8.7
04/09/2016 06:11:16 [ 9] DEBUG  Dispatcher                    :       New Queue ID: 8.7
04/09/2016 06:11:16 [ 9] INFO   BackgroundThread              : Starting 
04/09/2016 06:11:16 [11] DEBUG  GameListConversation          : Queuing game list request. 
04/09/2016 06:11:16 [11] DEBUG  InitiatedConversation         : Conversation Id  for initiated conversation: 8.7
04/09/2016 06:11:16 [11] DEBUG  PostMan                       : Sending UDP (Messages.RequestMessages.GameListRequest, MessageID: 8.7, ConversationID: 8.7)
JSON: {"__type":"GameListRequest:#Messages.RequestMessages","ConvId":{"Pid":8,"Seq":7},"MsgId":{"Pid":8,"Seq":7},"StatusFilter":4}
04/09/2016 06:11:16 [11] DEBUG  PostMan                       : Message Delivered
04/09/2016 06:11:16 [10] DEBUG  PostMan                       : Received UDP (Messages.ReplyMessages.GameListReply, MessageID: 1.73, ConversationID: 8.7)
JSON: {"__type":"GameListReply:#Messages.ReplyMessages","ConvId":{"Pid":8,"Seq":7},"MsgId":{"Pid":1,"Seq":73},"Note":null,"Success":true,"GameInfo":[]}
04/09/2016 06:11:16 [10] INFO   Dispatcher                    : New Message Received: (Messages.ReplyMessages.GameListReply)
04/09/2016 06:11:16 [10] INFO   Dispatcher                    : MessageId: 1.73ConversationId: 8.7
04/09/2016 06:11:18 [10] DEBUG  PostMan                       : Received UDP (Messages.RequestMessages.AliveRequest, MessageID: 1.68, ConversationID: 1.68)
JSON: {"__type":"AliveRequest:#Messages.RequestMessages","ConvId":{"Pid":1,"Seq":68},"MsgId":{"Pid":1,"Seq":68}}
04/09/2016 06:11:18 [10] INFO   Dispatcher                    : New Message Received: (Messages.RequestMessages.AliveRequest)
04/09/2016 06:11:18 [10] INFO   Dispatcher                    : MessageId: 1.68ConversationId: 1.68
04/09/2016 06:11:21 [11] DEBUG  GameListConversation          : Received a game list reply message.
04/09/2016 06:11:21 [11] ERROR  GameListConversation          : Either the message received was null, or no games are available. 
04/09/2016 06:11:21 [11] INFO   BackgroundThread              : Stopping 
04/09/2016 06:11:21 [11] DEBUG  BackgroundThread              : Leaving Stop
04/09/2016 06:11:21 [ 9] DEBUG  PlayerProcess                 : In Process GetGameList function.
04/09/2016 06:11:21 [ 9] DEBUG  Dispatcher                    : Adding Conversation Player.Conversation.GameListConversation, 8.8
04/09/2016 06:11:21 [ 9] DEBUG  Dispatcher                    :       New Queue ID: 8.8
04/09/2016 06:11:21 [ 9] INFO   BackgroundThread              : Starting 
04/09/2016 06:11:21 [12] DEBUG  GameListConversation          : Queuing game list request. 
04/09/2016 06:11:21 [12] DEBUG  InitiatedConversation         : Conversation Id  for initiated conversation: 8.8
04/09/2016 06:11:21 [12] DEBUG  PostMan                       : Sending UDP (Messages.RequestMessages.GameListRequest, MessageID: 8.8, ConversationID: 8.8)
JSON: {"__type":"GameListRequest:#Messages.RequestMessages","ConvId":{"Pid":8,"Seq":8},"MsgId":{"Pid":8,"Seq":8},"StatusFilter":4}
04/09/2016 06:11:21 [12] DEBUG  PostMan                       : Message Delivered
04/09/2016 06:11:21 [10] DEBUG  PostMan                       : Received UDP (Messages.ReplyMessages.GameListReply, MessageID: 1.74, ConversationID: 8.8)
JSON: {"__type":"GameListReply:#Messages.ReplyMessages","ConvId":{"Pid":8,"Seq":8},"MsgId":{"Pid":1,"Seq":74},"Note":null,"Success":true,"GameInfo":[]}
04/09/2016 06:11:21 [10] INFO   Dispatcher                    : New Message Received: (Messages.ReplyMessages.GameListReply)
04/09/2016 06:11:21 [10] INFO   Dispatcher                    : MessageId: 1.74ConversationId: 8.8
04/09/2016 06:11:26 [12] DEBUG  GameListConversation          : Received a game list reply message.
04/09/2016 06:11:26 [12] ERROR  GameListConversation          : Either the message received was null, or no games are available. 
04/09/2016 06:11:26 [12] INFO   BackgroundThread              : Stopping 
04/09/2016 06:11:26 [12] DEBUG  BackgroundThread              : Leaving Stop
04/09/2016 06:11:26 [ 9] DEBUG  PlayerProcess                 : In Process GetGameList function.
04/09/2016 06:11:26 [ 9] DEBUG  Dispatcher                    : Adding Conversation Player.Conversation.GameListConversation, 8.9
04/09/2016 06:11:26 [ 9] DEBUG  Dispatcher                    :       New Queue ID: 8.9
04/09/2016 06:11:26 [ 9] INFO   BackgroundThread              : Starting 
04/09/2016 06:11:26 [13] DEBUG  GameListConversation          : Queuing game list request. 
04/09/2016 06:11:26 [13] DEBUG  InitiatedConversation         : Conversation Id  for initiated conversation: 8.9
04/09/2016 06:11:26 [13] DEBUG  PostMan                       : Sending UDP (Messages.RequestMessages.GameListRequest, MessageID: 8.9, ConversationID: 8.9)
JSON: {"__type":"GameListRequest:#Messages.RequestMessages","ConvId":{"Pid":8,"Seq":9},"MsgId":{"Pid":8,"Seq":9},"StatusFilter":4}
04/09/2016 06:11:26 [13] DEBUG  PostMan                       : Message Delivered
04/09/2016 06:11:26 [10] DEBUG  PostMan                       : Received UDP (Messages.ReplyMessages.GameListReply, MessageID: 1.75, ConversationID: 8.9)
JSON: {"__type":"GameListReply:#Messages.ReplyMessages","ConvId":{"Pid":8,"Seq":9},"MsgId":{"Pid":1,"Seq":75},"Note":null,"Success":true,"GameInfo":[]}
04/09/2016 06:11:27 [10] INFO   Dispatcher                    : New Message Received: (Messages.ReplyMessages.GameListReply)
04/09/2016 06:11:27 [10] INFO   Dispatcher                    : MessageId: 1.75ConversationId: 8.9
04/09/2016 06:11:28 [10] DEBUG  PostMan                       : Received UDP (Messages.RequestMessages.AliveRequest, MessageID: 1.68, ConversationID: 1.68)
JSON: {"__type":"AliveRequest:#Messages.RequestMessages","ConvId":{"Pid":1,"Seq":68},"MsgId":{"Pid":1,"Seq":68}}
04/09/2016 06:11:28 [10] INFO   Dispatcher                    : New Message Received: (Messages.RequestMessages.AliveRequest)
04/09/2016 06:11:28 [10] INFO   Dispatcher                    : MessageId: 1.68ConversationId: 1.68
04/09/2016 06:11:31 [13] DEBUG  GameListConversation          : Received a game list reply message.
04/09/2016 06:11:31 [13] ERROR  GameListConversation          : Either the message received was null, or no games are available. 
04/09/2016 06:11:31 [13] INFO   BackgroundThread              : Stopping 
04/09/2016 06:11:31 [13] DEBUG  BackgroundThread              : Leaving Stop
04/09/2016 06:11:32 [ 9] DEBUG  PlayerProcess                 : In Process GetGameList function.
04/09/2016 06:11:32 [ 9] DEBUG  Dispatcher                    : Adding Conversation Player.Conversation.GameListConversation, 8.10
04/09/2016 06:11:32 [ 9] DEBUG  Dispatcher                    :       New Queue ID: 8.10
04/09/2016 06:11:32 [ 9] INFO   BackgroundThread              : Starting 
04/09/2016 06:11:32 [11] DEBUG  GameListConversation          : Queuing game list request. 
04/09/2016 06:11:32 [11] DEBUG  InitiatedConversation         : Conversation Id  for initiated conversation: 8.10
04/09/2016 06:11:32 [11] DEBUG  PostMan                       : Sending UDP (Messages.RequestMessages.GameListRequest, MessageID: 8.10, ConversationID: 8.10)
JSON: {"__type":"GameListRequest:#Messages.RequestMessages","ConvId":{"Pid":8,"Seq":10},"MsgId":{"Pid":8,"Seq":10},"StatusFilter":4}
04/09/2016 06:11:32 [11] DEBUG  PostMan                       : Message Delivered
04/09/2016 06:11:32 [10] DEBUG  PostMan                       : Received UDP (Messages.ReplyMessages.GameListReply, MessageID: 1.76, ConversationID: 8.10)
JSON: {"__type":"GameListReply:#Messages.ReplyMessages","ConvId":{"Pid":8,"Seq":10},"MsgId":{"Pid":1,"Seq":76},"Note":null,"Success":true,"GameInfo":[]}
04/09/2016 06:11:32 [10] INFO   Dispatcher                    : New Message Received: (Messages.ReplyMessages.GameListReply)
04/09/2016 06:11:32 [10] INFO   Dispatcher                    : MessageId: 1.76ConversationId: 8.10
04/09/2016 06:11:37 [11] DEBUG  GameListConversation          : Received a game list reply message.
04/09/2016 06:11:37 [11] ERROR  GameListConversation          : Either the message received was null, or no games are available. 
04/09/2016 06:11:37 [11] INFO   BackgroundThread              : Stopping 
04/09/2016 06:11:37 [11] DEBUG  BackgroundThread              : Leaving Stop
04/09/2016 06:11:37 [ 9] DEBUG  PlayerProcess                 : In Process GetGameList function.
04/09/2016 06:11:37 [ 9] DEBUG  Dispatcher                    : Adding Conversation Player.Conversation.GameListConversation, 8.11
04/09/2016 06:11:37 [ 9] DEBUG  Dispatcher                    :       New Queue ID: 8.11
04/09/2016 06:11:37 [ 9] INFO   BackgroundThread              : Starting 
04/09/2016 06:11:37 [12] DEBUG  GameListConversation          : Queuing game list request. 
04/09/2016 06:11:37 [12] DEBUG  InitiatedConversation         : Conversation Id  for initiated conversation: 8.11
04/09/2016 06:11:37 [12] DEBUG  PostMan                       : Sending UDP (Messages.RequestMessages.GameListRequest, MessageID: 8.11, ConversationID: 8.11)
JSON: {"__type":"GameListRequest:#Messages.RequestMessages","ConvId":{"Pid":8,"Seq":11},"MsgId":{"Pid":8,"Seq":11},"StatusFilter":4}
04/09/2016 06:11:37 [12] DEBUG  PostMan                       : Message Delivered
04/09/2016 06:11:37 [10] DEBUG  PostMan                       : Received UDP (Messages.ReplyMessages.GameListReply, MessageID: 1.77, ConversationID: 8.11)
JSON: {"__type":"GameListReply:#Messages.ReplyMessages","ConvId":{"Pid":8,"Seq":11},"MsgId":{"Pid":1,"Seq":77},"Note":null,"Success":true,"GameInfo":[]}
04/09/2016 06:11:37 [10] INFO   Dispatcher                    : New Message Received: (Messages.ReplyMessages.GameListReply)
04/09/2016 06:11:37 [10] INFO   Dispatcher                    : MessageId: 1.77ConversationId: 8.11
04/09/2016 06:11:38 [10] DEBUG  PostMan                       : Received UDP (Messages.RequestMessages.DeadProcessNotification, MessageID: 1.79, ConversationID: 1.79)
JSON: {"__type":"DeadProcessNotification:#Messages.RequestMessages","ConvId":{"Pid":1,"Seq":79},"MsgId":{"Pid":1,"Seq":79},"ProcessId":5}
04/09/2016 06:11:38 [10] INFO   Dispatcher                    : New Message Received: (Messages.RequestMessages.DeadProcessNotification)
04/09/2016 06:11:38 [10] INFO   Dispatcher                    : MessageId: 1.79ConversationId: 1.79
04/09/2016 06:11:38 [10] DEBUG  Dispatcher                    : Conversation  with id= 1.79 does not exist, trying to create new conversation.
04/09/2016 06:11:38 [10] ERROR  Dispatcher                    : New conversation returned from factory is Null!
04/09/2016 06:11:39 [10] DEBUG  PostMan                       : Received UDP (Messages.RequestMessages.AliveRequest, MessageID: 1.81, ConversationID: 1.81)
JSON: {"__type":"AliveRequest:#Messages.RequestMessages","ConvId":{"Pid":1,"Seq":81},"MsgId":{"Pid":1,"Seq":81}}
04/09/2016 06:11:39 [10] INFO   Dispatcher                    : New Message Received: (Messages.RequestMessages.AliveRequest)
04/09/2016 06:11:39 [10] INFO   Dispatcher                    : MessageId: 1.81ConversationId: 1.81
04/09/2016 06:11:39 [10] DEBUG  Dispatcher                    : Conversation  with id= 1.81 does not exist, trying to create new conversation.
04/09/2016 06:11:39 [10] DEBUG  Dispatcher                    : Adding Conversation Player.Conversation.AliveConversation, 1.81
04/09/2016 06:11:39 [10] DEBUG  Dispatcher                    :       New Queue ID: 1.81
04/09/2016 06:11:39 [10] INFO   BackgroundThread              : Starting 
04/09/2016 06:11:39 [15] DEBUG  AliveConversation             : Creating Alive Response
04/09/2016 06:11:39 [15] DEBUG  ResponseConversation          : Conversation Id  for Response conversation: 1.81
04/09/2016 06:11:39 [15] DEBUG  PostMan                       : Sending UDP (Messages.ReplyMessages.Reply, MessageID: 8.12, ConversationID: 1.81)
JSON: {"__type":"Reply:#Messages.ReplyMessages","ConvId":{"Pid":1,"Seq":81},"MsgId":{"Pid":8,"Seq":12},"Note":"I'm Alive","Success":true}
04/09/2016 06:11:39 [15] DEBUG  PostMan                       : Message Delivered
04/09/2016 06:11:42 [12] DEBUG  GameListConversation          : Received a game list reply message.
04/09/2016 06:11:42 [12] ERROR  GameListConversation          : Either the message received was null, or no games are available. 
04/09/2016 06:11:42 [12] INFO   BackgroundThread              : Stopping 
04/09/2016 06:11:42 [12] DEBUG  BackgroundThread              : Leaving Stop
04/09/2016 06:11:42 [ 9] DEBUG  PlayerProcess                 : In Process GetGameList function.
04/09/2016 06:11:42 [ 9] DEBUG  Dispatcher                    : Adding Conversation Player.Conversation.GameListConversation, 8.13
04/09/2016 06:11:42 [ 9] DEBUG  Dispatcher                    :       New Queue ID: 8.13
04/09/2016 06:11:42 [ 9] INFO   BackgroundThread              : Starting 
04/09/2016 06:11:42 [11] DEBUG  GameListConversation          : Queuing game list request. 
04/09/2016 06:11:42 [11] DEBUG  InitiatedConversation         : Conversation Id  for initiated conversation: 8.13
04/09/2016 06:11:42 [11] DEBUG  PostMan                       : Sending UDP (Messages.RequestMessages.GameListRequest, MessageID: 8.13, ConversationID: 8.13)
JSON: {"__type":"GameListRequest:#Messages.RequestMessages","ConvId":{"Pid":8,"Seq":13},"MsgId":{"Pid":8,"Seq":13},"StatusFilter":4}
04/09/2016 06:11:42 [11] DEBUG  PostMan                       : Message Delivered
04/09/2016 06:11:42 [10] DEBUG  PostMan                       : Received UDP (Messages.ReplyMessages.GameListReply, MessageID: 1.89, ConversationID: 8.13)
JSON: {"__type":"GameListReply:#Messages.ReplyMessages","ConvId":{"Pid":8,"Seq":13},"MsgId":{"Pid":1,"Seq":89},"Note":null,"Success":true,"GameInfo":[{"CurrentProcesses":[{"HasUmbrellaRaised":false,"HitPoints":0,"LifePoints":100,"ProcessId":12,"Type":4},{"HasUmbrellaRaised":false,"HitPoints":0,"LifePoints":100,"ProcessId":11,"Type":5}],"GameId":10,"GameManagerId":9,"Label":"GM46598's 1st Game","MaxPlayers":2,"MinPlayers":2,"StartingPlayers":[],"Status":4,"Winners":null}]}
04/09/2016 06:11:42 [10] INFO   Dispatcher                    : New Message Received: (Messages.ReplyMessages.GameListReply)
04/09/2016 06:11:42 [10] INFO   Dispatcher                    : MessageId: 1.89ConversationId: 8.13
04/09/2016 06:11:47 [11] DEBUG  GameListConversation          : Received a game list reply message.
04/09/2016 06:11:47 [11] INFO   BackgroundThread              : Stopping 
04/09/2016 06:11:47 [11] DEBUG  BackgroundThread              : Leaving Stop
04/09/2016 06:11:47 [ 9] DEBUG  PlayerProcess                 : Life points is null, game needs to be started.
04/09/2016 06:11:47 [ 9] DEBUG  Dispatcher                    : Adding Conversation Player.Conversation.JoinGameConversation, 8.14
04/09/2016 06:11:47 [ 9] DEBUG  Dispatcher                    :       New Queue ID: 8.14
04/09/2016 06:11:47 [ 9] INFO   BackgroundThread              : Starting 
04/09/2016 06:11:47 [12] DEBUG  JoinGameConversation          : Queuing join game request. 
04/09/2016 06:11:47 [12] DEBUG  JoinGameConversation          : Requesting GameId: 10
04/09/2016 06:11:47 [12] DEBUG  InitiatedConversation         : Conversation Id  for initiated conversation: 8.14
04/09/2016 06:11:47 [12] DEBUG  PostMan                       : Sending UDP (Messages.Routing, MessageID: 8.14, ConversationID: 8.14)
JSON: {"__type":"Routing:#Messages","ConvId":{"Pid":8,"Seq":14},"MsgId":{"Pid":8,"Seq":14},"InnerMessage":{"__type":"JoinGameRequest:#Messages.RequestMessages","ConvId":{"Pid":8,"Seq":14},"MsgId":{"Pid":8,"Seq":14},"GameId":10,"Process":{"EndPoint":{"Host":"127.0.0.1","Port":10000},"Label":"The Instructor","ProcessId":8,"Status":4,"Type":3}},"ToProcessIds":[9]}
04/09/2016 06:11:47 [12] DEBUG  PostMan                       : Message Delivered
04/09/2016 06:11:47 [ 9] DEBUG  PlayerProcess                 : No games available, setting status to 'Registered'
04/09/2016 06:11:47 [10] DEBUG  PostMan                       : Received UDP (Messages.Routing, MessageID: 9.15, ConversationID: 8.14)
JSON: {"__type":"Routing:#Messages","ConvId":{"Pid":8,"Seq":14},"MsgId":{"Pid":9,"Seq":15},"InnerMessage":{"__type":"JoinGameReply:#Messages.ReplyMessages","ConvId":{"Pid":8,"Seq":14},"MsgId":{"Pid":9,"Seq":15},"Note":null,"Success":true,"GameId":10,"InitialLifePoints":100},"ToProcessIds":[8]}
04/09/2016 06:11:47 [10] INFO   Dispatcher                    : New Message Received: (Messages.Routing)
04/09/2016 06:11:47 [10] INFO   Dispatcher                    : MessageId: 9.15ConversationId: 8.14
04/09/2016 06:11:47 [ 9] DEBUG  PlayerProcess                 : In Process GetGameList function.
04/09/2016 06:11:47 [ 9] DEBUG  Dispatcher                    : Adding Conversation Player.Conversation.GameListConversation, 8.15
04/09/2016 06:11:47 [ 9] DEBUG  Dispatcher                    :       New Queue ID: 8.15
04/09/2016 06:11:47 [ 9] INFO   BackgroundThread              : Starting 
04/09/2016 06:11:47 [11] DEBUG  GameListConversation          : Queuing game list request. 
04/09/2016 06:11:47 [11] DEBUG  InitiatedConversation         : Conversation Id  for initiated conversation: 8.15
04/09/2016 06:11:47 [11] DEBUG  PostMan                       : Sending UDP (Messages.RequestMessages.GameListRequest, MessageID: 8.15, ConversationID: 8.15)
JSON: {"__type":"GameListRequest:#Messages.RequestMessages","ConvId":{"Pid":8,"Seq":15},"MsgId":{"Pid":8,"Seq":15},"StatusFilter":4}
04/09/2016 06:11:47 [11] DEBUG  PostMan                       : Message Delivered
04/09/2016 06:11:47 [10] DEBUG  PostMan                       : Received UDP (Messages.ReplyMessages.GameListReply, MessageID: 1.92, ConversationID: 8.15)
JSON: {"__type":"GameListReply:#Messages.ReplyMessages","ConvId":{"Pid":8,"Seq":15},"MsgId":{"Pid":1,"Seq":92},"Note":null,"Success":true,"GameInfo":[{"CurrentProcesses":[{"HasUmbrellaRaised":false,"HitPoints":0,"LifePoints":100,"ProcessId":12,"Type":4},{"HasUmbrellaRaised":false,"HitPoints":0,"LifePoints":100,"ProcessId":11,"Type":5},{"HasUmbrellaRaised":false,"HitPoints":0,"LifePoints":100,"ProcessId":8,"Type":3}],"GameId":10,"GameManagerId":9,"Label":"GM46598's 1st Game","MaxPlayers":2,"MinPlayers":2,"StartingPlayers":[],"Status":4,"Winners":null}]}
04/09/2016 06:11:48 [10] INFO   Dispatcher                    : New Message Received: (Messages.ReplyMessages.GameListReply)
04/09/2016 06:11:48 [10] INFO   Dispatcher                    : MessageId: 1.92ConversationId: 8.15
04/09/2016 06:11:48 [10] DEBUG  PostMan                       : Received UDP (Messages.RequestMessages.AllowanceDeliveryRequest, MessageID: 1.93, ConversationID: 1.93)
JSON: {"__type":"AllowanceDeliveryRequest:#Messages.RequestMessages","ConvId":{"Pid":1,"Seq":93},"MsgId":{"Pid":1,"Seq":93},"NumberOfPennies":400,"PortNumber":12997}
04/09/2016 06:11:48 [10] INFO   Dispatcher                    : New Message Received: (Messages.RequestMessages.AllowanceDeliveryRequest)
04/09/2016 06:11:48 [10] INFO   Dispatcher                    : MessageId: 1.93ConversationId: 1.93
04/09/2016 06:11:48 [10] DEBUG  Dispatcher                    : Conversation  with id= 1.93 does not exist, trying to create new conversation.
04/09/2016 06:11:48 [10] DEBUG  Dispatcher                    : Adding Conversation Player.Conversation.AllowanceDeliveryConversation, 1.93
04/09/2016 06:11:48 [10] DEBUG  Dispatcher                    :       New Queue ID: 1.93
04/09/2016 06:11:48 [10] INFO   BackgroundThread              : Starting 
04/09/2016 06:11:48 [17] DEBUG  AllowanceDeliveryConversation : Received Allowance Delivery Request. 
04/09/2016 06:11:48 [17] DEBUG  TCPSocket                     : Destination Endpoint is: 127.0.0.1:12997
04/09/2016 06:11:48 [17] INFO   BackgroundThread              : Starting 
04/09/2016 06:11:48 [14] DEBUG  TCPSocket                     : Opening Remote TCP Connection
04/09/2016 06:11:48 [14] DEBUG  TCPSocket                     : TCP Socket connected to 127.0.0.1:12997
04/09/2016 06:11:48 [14] INFO   AllowanceDeliveryConversation : IN TCP RECEIVE!!!!
04/09/2016 06:11:48 [14] INFO   AllowanceDeliveryConversation : IN TCP RECEIVE!!!!
04/09/2016 06:11:48 [14] INFO   AllowanceDeliveryConversation : IN TCP RECEIVE!!!!
04/09/2016 06:11:48 [14] INFO   AllowanceDeliveryConversation : IN TCP RECEIVE!!!!
04/09/2016 06:11:48 [14] INFO   AllowanceDeliveryConversation : IN TCP RECEIVE!!!!
04/09/2016 06:11:48 [14] INFO   AllowanceDeliveryConversation : IN TCP RECEIVE!!!!
04/09/2016 06:11:48 [14] INFO   AllowanceDeliveryConversation : IN TCP RECEIVE!!!!
04/09/2016 06:11:48 [14] INFO   AllowanceDeliveryConversation : IN TCP RECEIVE!!!!
04/09/2016 06:11:48 [14] INFO   AllowanceDeliveryConversation : IN TCP RECEIVE!!!!
04/09/2016 06:11:48 [14] INFO   AllowanceDeliveryConversation : IN TCP RECEIVE!!!!
04/09/2016 06:12:00 [11] DEBUG  GameListConversation          : Received a game list reply message.
04/09/2016 06:12:00 [12] DEBUG  JoinGameConversation          : Received a game join message.
04/09/2016 06:12:00 [14] DEBUG  TCPSocket                     : System.IO.IOException: Unable to read data from the transport connection: An existing connection was forcibly closed by the remote host. ---> System.Net.Sockets.SocketException: An existing connection was forcibly closed by the remote host
   at System.Net.Sockets.Socket.Receive(Byte[] buffer, Int32 offset, Int32 size, SocketFlags socketFlags)
   at System.Net.Sockets.NetworkStream.Read(Byte[] buffer, Int32 offset, Int32 size)
   --- End of inner exception stack trace ---
   at System.Net.Sockets.NetworkStream.Read(Byte[] buffer, Int32 offset, Int32 size)
   at CommunicationLayer.TCPSocket.ReadStream(Socket handler) in D:\Drive\School\CS5200\LocalGame\CommunicationLayer\TCPSocket.cs:line 124
   at Player.Conversation.AllowanceDeliveryConversation.<OpenTCPStream>b__6_0(Socket handler) in D:\Drive\School\CS5200\LocalGame\Player\Conversation\AllowanceDeliveryConversation.cs:line 40
   at CommunicationLayer.TCPSocket.EstablishConnection(PublicEndPoint ep, Action`1 afterConnect) in D:\Drive\School\CS5200\LocalGame\CommunicationLayer\TCPSocket.cs:line 54
04/09/2016 06:12:00 [11] INFO   BackgroundThread              : Stopping 
04/09/2016 06:12:00 [12] INFO   BackgroundThread              : Stopping 
04/09/2016 06:12:01 [14] INFO   BackgroundThread              : Stopping 
04/09/2016 06:12:01 [14] DEBUG  BackgroundThread              : Leaving Stop
04/09/2016 06:12:01 [12] DEBUG  BackgroundThread              : Leaving Stop
04/09/2016 06:12:01 [11] DEBUG  BackgroundThread              : Leaving Stop
04/09/2016 06:12:08 [10] DEBUG  PostMan                       : Received UDP (Messages.RequestMessages.AllowanceDeliveryRequest, MessageID: 1.93, ConversationID: 1.93)
JSON: {"__type":"AllowanceDeliveryRequest:#Messages.RequestMessages","ConvId":{"Pid":1,"Seq":93},"MsgId":{"Pid":1,"Seq":93},"NumberOfPennies":400,"PortNumber":12997}
04/09/2016 06:12:08 [10] INFO   Dispatcher                    : New Message Received: (Messages.RequestMessages.AllowanceDeliveryRequest)
04/09/2016 06:12:08 [10] INFO   Dispatcher                    : MessageId: 1.93ConversationId: 1.93
04/09/2016 06:12:10 [10] DEBUG  PostMan                       : Received UDP (Messages.RequestMessages.AliveRequest, MessageID: 1.94, ConversationID: 1.94)
JSON: {"__type":"AliveRequest:#Messages.RequestMessages","ConvId":{"Pid":1,"Seq":94},"MsgId":{"Pid":1,"Seq":94}}
04/09/2016 06:12:10 [10] INFO   Dispatcher                    : New Message Received: (Messages.RequestMessages.AliveRequest)
04/09/2016 06:12:10 [10] INFO   Dispatcher                    : MessageId: 1.94ConversationId: 1.94
04/09/2016 06:12:10 [10] DEBUG  Dispatcher                    : Conversation  with id= 1.94 does not exist, trying to create new conversation.
04/09/2016 06:12:10 [10] DEBUG  Dispatcher                    : Adding Conversation Player.Conversation.AliveConversation, 1.94
04/09/2016 06:12:10 [10] DEBUG  Dispatcher                    :       New Queue ID: 1.94
04/09/2016 06:12:10 [10] INFO   BackgroundThread              : Starting 
04/09/2016 06:12:10 [11] ERROR  ResponseConversation          : Unable to retrieve received message. 
04/09/2016 06:12:20 [10] DEBUG  PostMan                       : Received UDP (Messages.RequestMessages.AliveRequest, MessageID: 1.94, ConversationID: 1.94)
JSON: {"__type":"AliveRequest:#Messages.RequestMessages","ConvId":{"Pid":1,"Seq":94},"MsgId":{"Pid":1,"Seq":94}}
04/09/2016 06:12:20 [10] INFO   Dispatcher                    : New Message Received: (Messages.RequestMessages.AliveRequest)
04/09/2016 06:12:20 [10] INFO   Dispatcher                    : MessageId: 1.94ConversationId: 1.94
04/09/2016 06:12:30 [10] DEBUG  PostMan                       : Received UDP (Messages.RequestMessages.AliveRequest, MessageID: 1.94, ConversationID: 1.94)
JSON: {"__type":"AliveRequest:#Messages.RequestMessages","ConvId":{"Pid":1,"Seq":94},"MsgId":{"Pid":1,"Seq":94}}
04/09/2016 06:12:30 [10] INFO   Dispatcher                    : New Message Received: (Messages.RequestMessages.AliveRequest)
04/09/2016 06:12:30 [10] INFO   Dispatcher                    : MessageId: 1.94ConversationId: 1.94
04/09/2016 06:12:41 [10] DEBUG  PostMan                       : Received UDP (Messages.RequestMessages.AliveRequest, MessageID: 1.99, ConversationID: 1.99)
JSON: {"__type":"AliveRequest:#Messages.RequestMessages","ConvId":{"Pid":1,"Seq":99},"MsgId":{"Pid":1,"Seq":99}}
04/09/2016 06:12:41 [10] INFO   Dispatcher                    : New Message Received: (Messages.RequestMessages.AliveRequest)
04/09/2016 06:12:41 [10] INFO   Dispatcher                    : MessageId: 1.99ConversationId: 1.99
04/09/2016 06:12:41 [10] DEBUG  Dispatcher                    : Conversation  with id= 1.99 does not exist, trying to create new conversation.
04/09/2016 06:12:41 [10] DEBUG  Dispatcher                    : Adding Conversation Player.Conversation.AliveConversation, 1.99
04/09/2016 06:12:41 [10] DEBUG  Dispatcher                    :       New Queue ID: 1.99
04/09/2016 06:12:41 [10] INFO   BackgroundThread              : Starting 
04/09/2016 06:12:41 [19] DEBUG  AliveConversation             : Creating Alive Response
04/09/2016 06:12:41 [19] DEBUG  ResponseConversation          : Conversation Id  for Response conversation: 1.99
04/09/2016 06:12:41 [19] DEBUG  PostMan                       : Sending UDP (Messages.ReplyMessages.Reply, MessageID: 8.16, ConversationID: 1.99)
JSON: {"__type":"Reply:#Messages.ReplyMessages","ConvId":{"Pid":1,"Seq":99},"MsgId":{"Pid":8,"Seq":16},"Note":"I'm Alive","Success":true}
04/09/2016 06:12:41 [19] DEBUG  PostMan                       : Message Delivered
