04/09/2016 04:31:30 [ 7] DEBUG  PlayerConnection              : Using Local Settings.
04/09/2016 04:31:30 [ 7] DEBUG  PlayerConnection              : Starting Application. 
04/09/2016 04:31:30 [ 7] DEBUG  PlayerProcess                 : Initializeing Player Subsystem.
04/09/2016 04:31:30 [ 7] DEBUG  PlayerProcess                 : Initializing Player Details.
04/09/2016 04:31:30 [ 7] INFO   BackgroundThread              : Starting 
04/09/2016 04:31:30 [ 9] INFO   BackgroundThread              : Starting 
04/09/2016 04:31:30 [ 9] DEBUG  PlayerProcess                 : In Process Login function.
04/09/2016 04:31:30 [ 9] DEBUG  Dispatcher                    : Adding Conversation Player.Conversation.LoginConversation, 0.1
04/09/2016 04:31:30 [ 9] DEBUG  Dispatcher                    :       New Queue ID: 0.1
04/09/2016 04:31:30 [ 9] INFO   BackgroundThread              : Starting 
04/09/2016 04:31:30 [10] DEBUG  LoginConversation             : Creating login request. 
04/09/2016 04:31:30 [10] DEBUG  InitiatedConversation         : Conversation Id  for initiated conversation: 0.1
04/09/2016 04:31:30 [10] DEBUG  PostMan                       : Sending UDP (Messages.RequestMessages.LoginRequest, MessageID: 0.1, ConversationID: 0.1)
JSON: {"__type":"LoginRequest:#Messages.RequestMessages","ConvId":{"Pid":0,"Seq":1},"MsgId":{"Pid":0,"Seq":1},"Identity":{"ANumber":"A00000001","Alias":"The Instructor","FirstName":"The","LastName":"Instructor"},"ProcessLabel":"The Instructor","ProcessType":3,"PublicKey":null}
04/09/2016 04:31:30 [10] DEBUG  PostMan                       : Message Delivered
04/09/2016 04:31:36 [10] ERROR  LoginConversation             : Login reply was null or LoginReply.Success was false
04/09/2016 04:31:36 [10] INFO   BackgroundThread              : Stopping 
04/09/2016 04:31:36 [10] DEBUG  BackgroundThread              : Leaving Stop
04/09/2016 04:31:36 [ 9] DEBUG  PlayerProcess                 : In Process Login function.
04/09/2016 04:31:36 [ 9] DEBUG  Dispatcher                    : Adding Conversation Player.Conversation.LoginConversation, 0.2
04/09/2016 04:31:36 [ 9] DEBUG  Dispatcher                    :       New Queue ID: 0.2
04/09/2016 04:31:36 [ 9] INFO   BackgroundThread              : Starting 
04/09/2016 04:31:36 [13] DEBUG  LoginConversation             : Creating login request. 
04/09/2016 04:31:36 [13] DEBUG  InitiatedConversation         : Conversation Id  for initiated conversation: 0.2
04/09/2016 04:31:36 [13] DEBUG  PostMan                       : Sending UDP (Messages.RequestMessages.LoginRequest, MessageID: 0.2, ConversationID: 0.2)
JSON: {"__type":"LoginRequest:#Messages.RequestMessages","ConvId":{"Pid":0,"Seq":2},"MsgId":{"Pid":0,"Seq":2},"Identity":{"ANumber":"A00000001","Alias":"The Instructor","FirstName":"The","LastName":"Instructor"},"ProcessLabel":"The Instructor","ProcessType":3,"PublicKey":null}
04/09/2016 04:31:36 [13] DEBUG  PostMan                       : Message Delivered
