04/07/2016 03:11:10 [ 7] DEBUG  PlayerConnection              : Using Local Settings.
04/07/2016 03:11:10 [ 7] DEBUG  PlayerConnection              : Starting Application. 
04/07/2016 03:11:10 [ 7] DEBUG  PlayerProcess                 : Initializeing Player Subsystem.
04/07/2016 03:11:10 [ 7] DEBUG  PostMan                       : Port is: 10000
04/07/2016 03:11:10 [ 7] DEBUG  PlayerProcess                 : Initializing Player Details.
04/07/2016 03:11:11 [ 7] INFO   BackgroundThread              : Starting 
04/07/2016 03:11:11 [10] INFO   BackgroundThread              : Starting 
04/07/2016 03:11:11 [10] DEBUG  PlayerProcess                 : In Process Login function.
04/07/2016 03:11:11 [10] DEBUG  Dispatcher                    : Adding Conversation Player.Conversation.LoginConversation, 0.1
04/07/2016 03:11:11 [10] DEBUG  Dispatcher                    :       New Queue ID: 0.1
04/07/2016 03:11:11 [10] INFO   BackgroundThread              : Starting 
04/07/2016 03:11:11 [11] DEBUG  LoginConversation             : Creating login request. 
04/07/2016 03:11:11 [11] DEBUG  InitiatedConversation         : Conversation Id  for initiated conversation: 0.1
04/07/2016 03:11:11 [11] DEBUG  PostMan                       : Sending UDP (Messages.RequestMessages.LoginRequest)
04/07/2016 03:11:11 [11] DEBUG  PostMan                       : MessageId: 0.1ConversationId: 0.1
04/07/2016 03:11:11 [11] DEBUG  PostMan                       : Message Delivered
04/07/2016 03:11:11 [12] DEBUG  PostMan                       : Message Received!
04/07/2016 03:11:11 [12] DEBUG  PostMan                       : Raw Message: 
04/07/2016 03:11:11 [12] DEBUG  PostMan                       : {"__type":"LoginReply:#Messages.ReplyMessages","ConvId":{"Pid":0,"Seq":1},"MsgId":{"Pid":1,"Seq":137},"Note":"Logged in","Success":true,"PennyBankEndPoint":{"Host":"127.0.0.1","Port":12003},"PennyBankPublicKey":null,"ProcessInfo":{"EndPoint":{"Host":"127.0.0.1","Port":10000},"Label":"The Instructor","ProcessId":8,"Status":3,"Type":3},"ProxyEndPoint":{"Host":"127.0.0.1","Port":12002}}
04/07/2016 03:11:11 [12] DEBUG  PostMan                       : Message ID: 1.137, ConversationId: 0.1
04/07/2016 03:11:11 [12] DEBUG  Dispatcher                    : Received (Messages.ReplyMessages.LoginReply)
04/07/2016 03:11:11 [12] DEBUG  Dispatcher                    : MessageId: 1.137ConversationId: 0.1
04/07/2016 03:11:16 [11] DEBUG  LoginConversation             : Received a login reply message.
04/07/2016 03:11:16 [11] INFO   BackgroundThread              : Stopping 
04/07/2016 03:11:16 [11] DEBUG  BackgroundThread              : Leaving Stop
04/07/2016 03:11:16 [10] DEBUG  PlayerProcess                 : In Process GetGameList function.
04/07/2016 03:11:16 [10] DEBUG  Dispatcher                    : Adding Conversation Player.Conversation.GameListConversation, 8.2
04/07/2016 03:11:16 [10] DEBUG  Dispatcher                    :       New Queue ID: 8.2
04/07/2016 03:11:16 [10] INFO   BackgroundThread              : Starting 
04/07/2016 03:11:16 [14] DEBUG  GameListConversation          : Queuing game list request. 
04/07/2016 03:11:16 [14] DEBUG  InitiatedConversation         : Conversation Id  for initiated conversation: 8.2
04/07/2016 03:11:16 [14] DEBUG  PostMan                       : Sending UDP (Messages.RequestMessages.GameListRequest)
04/07/2016 03:11:16 [14] DEBUG  PostMan                       : MessageId: 8.2ConversationId: 8.2
04/07/2016 03:11:16 [14] DEBUG  PostMan                       : Message Delivered
04/07/2016 03:11:16 [12] DEBUG  PostMan                       : Message Received!
04/07/2016 03:11:16 [12] DEBUG  PostMan                       : Raw Message: 
04/07/2016 03:11:16 [12] DEBUG  PostMan                       : {"__type":"GameListReply:#Messages.ReplyMessages","ConvId":{"Pid":8,"Seq":2},"MsgId":{"Pid":1,"Seq":138},"Note":null,"Success":true,"GameInfo":[{"CurrentProcesses":[{"HasUmbrellaRaised":false,"HitPoints":0,"LifePoints":100,"ProcessId":5,"Type":4},{"HasUmbrellaRaised":false,"HitPoints":0,"LifePoints":100,"ProcessId":4,"Type":5},{"HasUmbrellaRaised":false,"HitPoints":0,"LifePoints":100,"ProcessId":6,"Type":3},{"HasUmbrellaRaised":false,"HitPoints":0,"LifePoints":100,"ProcessId":7,"Type":3}],"GameId":3,"GameManagerId":2,"Label":"GM81339's 1st Game","MaxPlayers":3,"MinPlayers":3,"StartingPlayers":[],"Status":4,"Winners":null}]}
04/07/2016 03:11:16 [12] DEBUG  PostMan                       : Message ID: 1.138, ConversationId: 8.2
04/07/2016 03:11:16 [12] DEBUG  Dispatcher                    : Received (Messages.ReplyMessages.GameListReply)
04/07/2016 03:11:16 [12] DEBUG  Dispatcher                    : MessageId: 1.138ConversationId: 8.2
04/07/2016 03:11:21 [14] DEBUG  GameListConversation          : Received a game list reply message.
04/07/2016 03:11:21 [14] INFO   BackgroundThread              : Stopping 
04/07/2016 03:11:21 [14] DEBUG  BackgroundThread              : Leaving Stop
04/07/2016 03:11:21 [10] DEBUG  PlayerProcess                 : Life points is null, game needs to be started.
04/07/2016 03:11:21 [10] DEBUG  Dispatcher                    : Adding Conversation Player.Conversation.JoinGameConversation, 8.3
04/07/2016 03:11:21 [10] DEBUG  Dispatcher                    :       New Queue ID: 8.3
04/07/2016 03:11:21 [10] INFO   BackgroundThread              : Starting 
04/07/2016 03:11:21 [11] DEBUG  JoinGameConversation          : Queuing join game request. 
04/07/2016 03:11:21 [11] DEBUG  JoinGameConversation          : Requesting GameId: 3
04/07/2016 03:11:21 [11] DEBUG  InitiatedConversation         : Conversation Id  for initiated conversation: 8.3
04/07/2016 03:11:21 [11] DEBUG  PostMan                       : Sending UDP (Messages.Routing)
04/07/2016 03:11:21 [11] DEBUG  PostMan                       : MessageId: 8.3ConversationId: 8.3
04/07/2016 03:11:21 [11] DEBUG  PostMan                       : Message Delivered
04/07/2016 03:11:21 [12] DEBUG  PostMan                       : Message Received!
04/07/2016 03:11:21 [12] DEBUG  PostMan                       : Raw Message: 
04/07/2016 03:11:21 [12] DEBUG  PostMan                       : {"__type":"Routing:#Messages","ConvId":{"Pid":8,"Seq":3},"MsgId":{"Pid":2,"Seq":65},"InnerMessage":{"__type":"JoinGameReply:#Messages.ReplyMessages","ConvId":{"Pid":8,"Seq":3},"MsgId":{"Pid":2,"Seq":65},"Note":null,"Success":true,"GameId":3,"InitialLifePoints":100},"ToProcessIds":[8]}
04/07/2016 03:11:21 [10] DEBUG  PlayerProcess                 : No games available, setting status to 'Registered'
04/07/2016 03:11:21 [12] DEBUG  PostMan                       : Message ID: 2.65, ConversationId: 8.3
04/07/2016 03:11:21 [12] DEBUG  Dispatcher                    : Received (Messages.Routing)
04/07/2016 03:11:21 [12] DEBUG  Dispatcher                    : MessageId: 2.65ConversationId: 8.3
04/07/2016 03:11:21 [10] DEBUG  PlayerProcess                 : In Process GetGameList function.
04/07/2016 03:11:21 [10] DEBUG  Dispatcher                    : Adding Conversation Player.Conversation.GameListConversation, 8.4
04/07/2016 03:11:21 [10] DEBUG  Dispatcher                    :       New Queue ID: 8.4
04/07/2016 03:11:21 [10] INFO   BackgroundThread              : Starting 
04/07/2016 03:11:21 [16] DEBUG  GameListConversation          : Queuing game list request. 
04/07/2016 03:11:21 [16] DEBUG  InitiatedConversation         : Conversation Id  for initiated conversation: 8.4
04/07/2016 03:11:21 [16] DEBUG  PostMan                       : Sending UDP (Messages.RequestMessages.GameListRequest)
04/07/2016 03:11:21 [16] DEBUG  PostMan                       : MessageId: 8.4ConversationId: 8.4
04/07/2016 03:11:21 [16] DEBUG  PostMan                       : Message Delivered
04/07/2016 03:11:21 [12] DEBUG  PostMan                       : Message Received!
04/07/2016 03:11:21 [12] DEBUG  PostMan                       : Raw Message: 
04/07/2016 03:11:21 [12] DEBUG  PostMan                       : {"__type":"GameListReply:#Messages.ReplyMessages","ConvId":{"Pid":8,"Seq":4},"MsgId":{"Pid":1,"Seq":141},"Note":null,"Success":true,"GameInfo":[{"CurrentProcesses":[{"HasUmbrellaRaised":false,"HitPoints":0,"LifePoints":100,"ProcessId":5,"Type":4},{"HasUmbrellaRaised":false,"HitPoints":0,"LifePoints":100,"ProcessId":4,"Type":5},{"HasUmbrellaRaised":false,"HitPoints":0,"LifePoints":100,"ProcessId":6,"Type":3},{"HasUmbrellaRaised":false,"HitPoints":0,"LifePoints":100,"ProcessId":7,"Type":3},{"HasUmbrellaRaised":false,"HitPoints":0,"LifePoints":100,"ProcessId":8,"Type":3}],"GameId":3,"GameManagerId":2,"Label":"GM81339's 1st Game","MaxPlayers":3,"MinPlayers":3,"StartingPlayers":[],"Status":4,"Winners":null}]}
04/07/2016 03:11:21 [12] DEBUG  PostMan                       : Message ID: 1.141, ConversationId: 8.4
04/07/2016 03:11:21 [12] DEBUG  Dispatcher                    : Received (Messages.ReplyMessages.GameListReply)
04/07/2016 03:11:21 [12] DEBUG  Dispatcher                    : MessageId: 1.141ConversationId: 8.4
04/07/2016 03:11:22 [12] DEBUG  PostMan                       : Message Received!
04/07/2016 03:11:22 [12] DEBUG  PostMan                       : Raw Message: 
04/07/2016 03:11:22 [12] DEBUG  PostMan                       : {"__type":"AllowanceDeliveryRequest:#Messages.RequestMessages","ConvId":{"Pid":1,"Seq":142},"MsgId":{"Pid":1,"Seq":142},"NumberOfPennies":400,"PortNumber":12997}
04/07/2016 03:11:22 [12] DEBUG  PostMan                       : Message ID: 1.142, ConversationId: 1.142
04/07/2016 03:11:22 [12] DEBUG  Dispatcher                    : Received (Messages.RequestMessages.AllowanceDeliveryRequest)
04/07/2016 03:11:22 [12] DEBUG  Dispatcher                    : MessageId: 1.142ConversationId: 1.142
04/07/2016 03:11:22 [12] DEBUG  Dispatcher                    : Conversation  with id= 1.142 does not exist, trying to create new conversation.
04/07/2016 03:11:22 [12] DEBUG  Dispatcher                    : Adding Conversation Player.Conversation.AllowanceDeliveryConversation, 1.142
04/07/2016 03:11:22 [12] DEBUG  Dispatcher                    :       New Queue ID: 1.142
04/07/2016 03:11:22 [12] INFO   BackgroundThread              : Starting 
04/07/2016 03:11:22 [14] DEBUG  AllowanceDeliveryConversation : Received Allowance Delivery Request. 
04/07/2016 03:11:22 [14] DEBUG  AllowanceDeliveryConversation : Creating Reply to Allowance Delivery request. 
04/07/2016 03:11:22 [14] DEBUG  ResponseConversation          : Conversation Id  for Response conversation: 1.142
04/07/2016 03:11:22 [14] DEBUG  PostMan                       : Sending UDP (Messages.ReplyMessages.Reply)
04/07/2016 03:11:22 [14] DEBUG  PostMan                       : MessageId: 1.142ConversationId: 8.5
04/07/2016 03:11:22 [14] DEBUG  PostMan                       : Message Delivered
04/07/2016 03:11:22 [14] DEBUG  TCPStreamReader               : Starting TCP Listener
04/07/2016 03:11:22 [14] DEBUG  TCPStreamReader               : Endpoing is: 127.0.0.1:12997
04/07/2016 03:11:26 [11] DEBUG  JoinGameConversation          : Received a game join message.
04/07/2016 03:11:26 [11] INFO   BackgroundThread              : Stopping 
04/07/2016 03:11:26 [11] DEBUG  BackgroundThread              : Leaving Stop
04/07/2016 03:11:26 [16] DEBUG  GameListConversation          : Received a game list reply message.
04/07/2016 03:11:26 [16] INFO   BackgroundThread              : Stopping 
04/07/2016 03:11:26 [16] DEBUG  BackgroundThread              : Leaving Stop
04/07/2016 03:11:28 [12] DEBUG  PostMan                       : Message Received!
04/07/2016 03:11:28 [12] DEBUG  PostMan                       : Raw Message: 
04/07/2016 03:11:28 [12] DEBUG  PostMan                       : {"__type":"AliveRequest:#Messages.RequestMessages","ConvId":{"Pid":1,"Seq":146},"MsgId":{"Pid":1,"Seq":146}}
04/07/2016 03:11:28 [12] DEBUG  PostMan                       : Message ID: 1.146, ConversationId: 1.146
04/07/2016 03:11:28 [12] DEBUG  Dispatcher                    : Received (Messages.RequestMessages.AliveRequest)
04/07/2016 03:11:28 [12] DEBUG  Dispatcher                    : MessageId: 1.146ConversationId: 1.146
04/07/2016 03:11:28 [12] DEBUG  Dispatcher                    : Conversation  with id= 1.146 does not exist, trying to create new conversation.
04/07/2016 03:11:28 [12] DEBUG  Dispatcher                    : Adding Conversation Player.Conversation.AliveConversation, 1.146
04/07/2016 03:11:28 [12] DEBUG  Dispatcher                    :       New Queue ID: 1.146
04/07/2016 03:11:28 [12] INFO   BackgroundThread              : Starting 
04/07/2016 03:11:28 [11] ERROR  ResponseConversation          : Unable to retrieve received message. 
04/07/2016 03:11:31 [12] DEBUG  PostMan                       : Message Received!
04/07/2016 03:11:31 [12] DEBUG  PostMan                       : Raw Message: 
04/07/2016 03:11:31 [12] DEBUG  PostMan                       : {"__type":"Routing:#Messages","ConvId":{"Pid":2,"Seq":69},"MsgId":{"Pid":2,"Seq":69},"InnerMessage":{"__type":"ReadyToStart:#Messages.RequestMessages","ConvId":{"Pid":2,"Seq":69},"MsgId":{"Pid":2,"Seq":69},"GameId":3},"ToProcessIds":[6,7,8]}
04/07/2016 03:11:31 [12] DEBUG  PostMan                       : Message ID: 2.69, ConversationId: 2.69
04/07/2016 03:11:31 [12] DEBUG  Dispatcher                    : Received (Messages.Routing)
04/07/2016 03:11:31 [12] DEBUG  Dispatcher                    : MessageId: 2.69ConversationId: 2.69
04/07/2016 03:11:31 [12] DEBUG  Dispatcher                    : Conversation  with id= 2.69 does not exist, trying to create new conversation.
04/07/2016 03:11:31 [12] DEBUG  Dispatcher                    : Adding Conversation Player.Conversation.GameStartConversation, 2.69
04/07/2016 03:11:31 [12] DEBUG  Dispatcher                    :       New Queue ID: 2.69
04/07/2016 03:11:31 [12] INFO   BackgroundThread              : Starting 
04/07/2016 03:11:31 [13] DEBUG  GameStartConversation         : Responding to Game Start Request
04/07/2016 03:11:31 [13] DEBUG  ResponseConversation          : Conversation Id  for Response conversation: 2.69
04/07/2016 03:11:31 [13] DEBUG  PostMan                       : Sending UDP (Messages.Routing)
04/07/2016 03:11:31 [13] DEBUG  PostMan                       : MessageId: 2.69ConversationId: 8.6
04/07/2016 03:11:31 [13] DEBUG  PostMan                       : Message Delivered
04/07/2016 03:11:32 [12] DEBUG  PostMan                       : Message Received!
04/07/2016 03:11:32 [12] DEBUG  PostMan                       : Raw Message: 
04/07/2016 03:11:32 [12] DEBUG  PostMan                       : {"__type":"AllowanceDeliveryRequest:#Messages.RequestMessages","ConvId":{"Pid":1,"Seq":142},"MsgId":{"Pid":1,"Seq":142},"NumberOfPennies":400,"PortNumber":12997}
04/07/2016 03:11:32 [12] DEBUG  PostMan                       : Message ID: 1.142, ConversationId: 1.142
04/07/2016 03:11:32 [12] DEBUG  Dispatcher                    : Received (Messages.RequestMessages.AllowanceDeliveryRequest)
04/07/2016 03:11:32 [12] DEBUG  Dispatcher                    : MessageId: 1.142ConversationId: 1.142
04/07/2016 03:11:38 [12] DEBUG  PostMan                       : Message Received!
04/07/2016 03:11:38 [12] DEBUG  PostMan                       : Raw Message: 
04/07/2016 03:11:38 [12] DEBUG  PostMan                       : {"__type":"AliveRequest:#Messages.RequestMessages","ConvId":{"Pid":1,"Seq":146},"MsgId":{"Pid":1,"Seq":146}}
04/07/2016 03:11:38 [12] DEBUG  PostMan                       : Message ID: 1.146, ConversationId: 1.146
04/07/2016 03:11:38 [12] DEBUG  Dispatcher                    : Received (Messages.RequestMessages.AliveRequest)
04/07/2016 03:11:38 [12] DEBUG  Dispatcher                    : MessageId: 1.146ConversationId: 1.146
04/07/2016 03:11:41 [12] DEBUG  PostMan                       : Message Received!
04/07/2016 03:11:41 [12] DEBUG  PostMan                       : Raw Message: 
04/07/2016 03:11:41 [12] DEBUG  PostMan                       : {"__type":"Routing:#Messages","ConvId":{"Pid":2,"Seq":69},"MsgId":{"Pid":2,"Seq":69},"InnerMessage":{"__type":"ReadyToStart:#Messages.RequestMessages","ConvId":{"Pid":2,"Seq":69},"MsgId":{"Pid":2,"Seq":69},"GameId":3},"ToProcessIds":[6,7,8]}
04/07/2016 03:11:41 [12] DEBUG  PostMan                       : Message ID: 2.69, ConversationId: 2.69
04/07/2016 03:11:41 [12] DEBUG  Dispatcher                    : Received (Messages.Routing)
04/07/2016 03:11:41 [12] DEBUG  Dispatcher                    : MessageId: 2.69ConversationId: 2.69
04/07/2016 03:11:42 [12] DEBUG  PostMan                       : Message Received!
04/07/2016 03:11:42 [12] DEBUG  PostMan                       : Raw Message: 
04/07/2016 03:11:42 [12] DEBUG  PostMan                       : {"__type":"AllowanceDeliveryRequest:#Messages.RequestMessages","ConvId":{"Pid":1,"Seq":142},"MsgId":{"Pid":1,"Seq":142},"NumberOfPennies":400,"PortNumber":12997}
04/07/2016 03:11:42 [12] DEBUG  PostMan                       : Message ID: 1.142, ConversationId: 1.142
04/07/2016 03:11:42 [12] DEBUG  Dispatcher                    : Received (Messages.RequestMessages.AllowanceDeliveryRequest)
04/07/2016 03:11:42 [12] DEBUG  Dispatcher                    : MessageId: 1.142ConversationId: 1.142
04/07/2016 03:11:48 [12] DEBUG  PostMan                       : Message Received!
04/07/2016 03:11:48 [12] DEBUG  PostMan                       : Raw Message: 
04/07/2016 03:11:48 [12] DEBUG  PostMan                       : {"__type":"AliveRequest:#Messages.RequestMessages","ConvId":{"Pid":1,"Seq":146},"MsgId":{"Pid":1,"Seq":146}}
04/07/2016 03:11:48 [12] DEBUG  PostMan                       : Message ID: 1.146, ConversationId: 1.146
04/07/2016 03:11:48 [12] DEBUG  Dispatcher                    : Received (Messages.RequestMessages.AliveRequest)
04/07/2016 03:11:48 [12] DEBUG  Dispatcher                    : MessageId: 1.146ConversationId: 1.146
04/07/2016 03:11:51 [12] DEBUG  PostMan                       : Message Received!
04/07/2016 03:11:51 [12] DEBUG  PostMan                       : Raw Message: 
04/07/2016 03:11:51 [12] DEBUG  PostMan                       : {"__type":"Routing:#Messages","ConvId":{"Pid":2,"Seq":72},"MsgId":{"Pid":2,"Seq":72},"InnerMessage":{"__type":"GameStatusNotification:#Messages.RequestMessages","ConvId":{"Pid":2,"Seq":72},"MsgId":{"Pid":2,"Seq":72},"Game":{"CurrentProcesses":[{"HasUmbrellaRaised":false,"HitPoints":0,"LifePoints":100,"ProcessId":5,"Type":4},{"HasUmbrellaRaised":false,"HitPoints":0,"LifePoints":100,"ProcessId":4,"Type":5},{"HasUmbrellaRaised":false,"HitPoints":0,"LifePoints":100,"ProcessId":6,"Type":3},{"HasUmbrellaRaised":false,"HitPoints":0,"LifePoints":100,"ProcessId":7,"Type":3},{"HasUmbrellaRaised":false,"HitPoints":0,"LifePoints":100,"ProcessId":8,"Type":3}],"GameId":3,"GameManagerId":2,"Label":"GM81339's 1st Game","MaxPlayers":3,"MinPlayers":3,"StartingPlayers":[],"Status":32,"Winners":null}},"ToProcessIds":[5,4,6,7,8]}
04/07/2016 03:11:51 [12] DEBUG  PostMan                       : Message ID: 2.72, ConversationId: 2.72
04/07/2016 03:11:51 [12] DEBUG  Dispatcher                    : Received (Messages.Routing)
04/07/2016 03:11:51 [12] DEBUG  Dispatcher                    : MessageId: 2.72ConversationId: 2.72
04/07/2016 03:11:51 [12] DEBUG  Dispatcher                    : Conversation  with id= 2.72 does not exist, trying to create new conversation.
04/07/2016 03:11:51 [12] DEBUG  Dispatcher                    : Adding Conversation Player.Conversation.GameStatusConversation, 2.72
04/07/2016 03:11:51 [12] DEBUG  Dispatcher                    :       New Queue ID: 2.72
04/07/2016 03:11:51 [12] INFO   BackgroundThread              : Starting 
04/07/2016 03:11:51 [11] DEBUG  GameStatusConversation        : Received Game Status Message
04/07/2016 03:11:51 [11] WARN   GameStatusConversation        : Game status: Game ending
04/07/2016 03:11:51 [10] DEBUG  PlayerProcess                 : In Process LeavingGame function.
04/07/2016 03:11:51 [10] DEBUG  PlayerProcess                 : In Process LeavingGame function.
04/07/2016 03:11:51 [10] DEBUG  PlayerProcess                 : In Process LeavingGame function.
04/07/2016 03:11:51 [10] DEBUG  PlayerProcess                 : In Process LeavingGame function.
04/07/2016 03:11:52 [10] DEBUG  PlayerProcess                 : In Process LeavingGame function.
04/07/2016 03:11:52 [10] DEBUG  PlayerProcess                 : In Process LeavingGame function.
04/07/2016 03:11:52 [10] DEBUG  PlayerProcess                 : In Process LeavingGame function.
04/07/2016 03:11:52 [10] DEBUG  PlayerProcess                 : In Process LeavingGame function.
04/07/2016 03:11:52 [10] DEBUG  PlayerProcess                 : In Process LeavingGame function.
04/07/2016 03:11:52 [10] DEBUG  PlayerProcess                 : In Process LeavingGame function.
04/07/2016 03:11:52 [10] DEBUG  PlayerProcess                 : In Process LeavingGame function.
04/07/2016 03:11:52 [10] DEBUG  PlayerProcess                 : In Process LeavingGame function.
04/07/2016 03:11:52 [10] DEBUG  PlayerProcess                 : In Process LeavingGame function.
04/07/2016 03:11:52 [10] DEBUG  PlayerProcess                 : In Process LeavingGame function.
04/07/2016 03:11:53 [10] DEBUG  PlayerProcess                 : In Process LeavingGame function.
04/07/2016 03:11:53 [10] DEBUG  PlayerProcess                 : In Process LeavingGame function.
04/07/2016 03:11:53 [10] DEBUG  PlayerProcess                 : In Process LeavingGame function.
04/07/2016 03:11:53 [10] DEBUG  PlayerProcess                 : In Process LeavingGame function.
04/07/2016 03:11:53 [10] DEBUG  PlayerProcess                 : In Process LeavingGame function.
04/07/2016 03:11:53 [10] DEBUG  PlayerProcess                 : In Process LeavingGame function.
04/07/2016 03:11:53 [10] DEBUG  PlayerProcess                 : In Process LeavingGame function.
04/07/2016 03:11:53 [10] DEBUG  PlayerProcess                 : In Process LeavingGame function.
04/07/2016 03:11:53 [10] DEBUG  PlayerProcess                 : In Process LeavingGame function.
04/07/2016 03:11:53 [10] DEBUG  PlayerProcess                 : In Process LeavingGame function.
04/07/2016 03:11:54 [10] DEBUG  PlayerProcess                 : In Process LeavingGame function.
04/07/2016 03:11:54 [10] DEBUG  PlayerProcess                 : In Process LeavingGame function.
04/07/2016 03:11:54 [10] DEBUG  PlayerProcess                 : In Process LeavingGame function.
04/07/2016 03:11:54 [10] DEBUG  PlayerProcess                 : In Process LeavingGame function.
04/07/2016 03:11:54 [10] DEBUG  PlayerProcess                 : In Process LeavingGame function.
04/07/2016 03:11:54 [10] DEBUG  PlayerProcess                 : In Process LeavingGame function.
04/07/2016 03:11:54 [10] DEBUG  PlayerProcess                 : In Process LeavingGame function.
04/07/2016 03:11:54 [10] DEBUG  PlayerProcess                 : In Process LeavingGame function.
04/07/2016 03:11:54 [10] DEBUG  PlayerProcess                 : In Process LeavingGame function.
04/07/2016 03:11:54 [10] DEBUG  PlayerProcess                 : In Process LeavingGame function.
04/07/2016 03:11:55 [10] DEBUG  PlayerProcess                 : In Process LeavingGame function.
04/07/2016 03:11:55 [10] DEBUG  PlayerProcess                 : In Process LeavingGame function.
04/07/2016 03:11:55 [10] DEBUG  PlayerProcess                 : In Process LeavingGame function.
04/07/2016 03:11:55 [10] DEBUG  PlayerProcess                 : In Process LeavingGame function.
04/07/2016 03:11:55 [10] DEBUG  PlayerProcess                 : In Process LeavingGame function.
04/07/2016 03:11:55 [10] DEBUG  PlayerProcess                 : In Process LeavingGame function.
04/07/2016 03:11:55 [10] DEBUG  PlayerProcess                 : In Process LeavingGame function.
04/07/2016 03:11:55 [10] DEBUG  PlayerProcess                 : In Process LeavingGame function.
04/07/2016 03:11:55 [10] DEBUG  PlayerProcess                 : In Process LeavingGame function.
04/07/2016 03:11:55 [10] DEBUG  PlayerProcess                 : In Process LeavingGame function.
04/07/2016 03:11:56 [10] DEBUG  PlayerProcess                 : In Process LeavingGame function.
04/07/2016 03:11:56 [10] DEBUG  PlayerProcess                 : In Process LeavingGame function.
04/07/2016 03:11:56 [10] DEBUG  PlayerProcess                 : In Process LeavingGame function.
04/07/2016 03:11:56 [10] DEBUG  PlayerProcess                 : In Process LeavingGame function.
04/07/2016 03:11:56 [10] DEBUG  PlayerProcess                 : In Process LeavingGame function.
04/07/2016 03:11:56 [10] DEBUG  PlayerProcess                 : In Process LeavingGame function.
04/07/2016 03:11:56 [10] DEBUG  PlayerProcess                 : In Process LeavingGame function.
04/07/2016 03:11:56 [10] DEBUG  PlayerProcess                 : In Process LeavingGame function.
04/07/2016 03:11:56 [10] DEBUG  PlayerProcess                 : In Process LeavingGame function.
04/07/2016 03:11:57 [10] DEBUG  PlayerProcess                 : In Process LeavingGame function.
04/07/2016 03:11:57 [10] DEBUG  PlayerProcess                 : In Process LeavingGame function.
