04/09/2016 03:19:42 [10] DEBUG  PlayerConnection              : Using Local Settings.
04/09/2016 03:19:42 [10] DEBUG  PlayerConnection              : Starting Application. 
04/09/2016 03:19:42 [10] DEBUG  PlayerProcess                 : Initializeing Player Subsystem.
04/09/2016 03:19:42 [10] DEBUG  PlayerProcess                 : Initializing Player Details.
04/09/2016 03:19:43 [10] INFO   BackgroundThread              : Starting 
04/09/2016 03:19:43 [ 6] INFO   BackgroundThread              : Starting 
04/09/2016 03:19:43 [ 6] DEBUG  PlayerProcess                 : In Process Login function.
04/09/2016 03:19:43 [ 6] DEBUG  Dispatcher                    : Adding Conversation Player.Conversation.LoginConversation, 0.1
04/09/2016 03:19:43 [ 6] DEBUG  Dispatcher                    :       New Queue ID: 0.1
04/09/2016 03:19:43 [ 6] INFO   BackgroundThread              : Starting 
04/09/2016 03:19:43 [12] DEBUG  LoginConversation             : Creating login request. 
04/09/2016 03:19:43 [12] DEBUG  InitiatedConversation         : Conversation Id  for initiated conversation: 0.1
04/09/2016 03:19:43 [12] DEBUG  PostMan                       : Sending UDP (Messages.RequestMessages.LoginRequest)
04/09/2016 03:19:43 [12] DEBUG  PostMan                       : MessageId: 0.1ConversationId: 0.1
04/09/2016 03:19:43 [12] DEBUG  PostMan                       : Message Delivered
04/09/2016 03:19:43 [14] DEBUG  PostMan                       : Message Received! Message ID: 1.8, ConversationId: 0.1
04/09/2016 03:19:43 [14] DEBUG  PostMan                       : JSON: {"__type":"LoginReply:#Messages.ReplyMessages","ConvId":{"Pid":0,"Seq":1},"MsgId":{"Pid":1,"Seq":8},"Note":"Logged in","Success":true,"PennyBankEndPoint":{"Host":"127.0.0.1","Port":12003},"PennyBankPublicKey":null,"ProcessInfo":{"EndPoint":{"Host":"127.0.0.1","Port":10000},"Label":"The Instructor","ProcessId":6,"Status":3,"Type":3},"ProxyEndPoint":{"Host":"127.0.0.1","Port":12002}}
04/09/2016 03:19:43 [14] INFO   Dispatcher                    : New Message Received: (Messages.ReplyMessages.LoginReply)
04/09/2016 03:19:43 [14] INFO   Dispatcher                    : MessageId: 1.8ConversationId: 0.1
04/09/2016 03:19:48 [12] DEBUG  LoginConversation             : Received a login reply message.
04/09/2016 03:19:48 [12] INFO   BackgroundThread              : Stopping 
04/09/2016 03:19:48 [12] DEBUG  BackgroundThread              : Leaving Stop
04/09/2016 03:19:48 [ 6] DEBUG  PlayerProcess                 : In Process GetGameList function.
04/09/2016 03:19:48 [ 6] DEBUG  Dispatcher                    : Adding Conversation Player.Conversation.GameListConversation, 6.2
04/09/2016 03:19:48 [ 6] DEBUG  Dispatcher                    :       New Queue ID: 6.2
04/09/2016 03:19:48 [ 6] INFO   BackgroundThread              : Starting 
04/09/2016 03:19:48 [15] DEBUG  GameListConversation          : Queuing game list request. 
04/09/2016 03:19:48 [15] DEBUG  InitiatedConversation         : Conversation Id  for initiated conversation: 6.2
04/09/2016 03:19:48 [15] DEBUG  PostMan                       : Sending UDP (Messages.RequestMessages.GameListRequest)
04/09/2016 03:19:48 [15] DEBUG  PostMan                       : MessageId: 6.2ConversationId: 6.2
04/09/2016 03:19:48 [15] DEBUG  PostMan                       : Message Delivered
04/09/2016 03:19:48 [14] DEBUG  PostMan                       : Message Received! Message ID: 1.9, ConversationId: 6.2
04/09/2016 03:19:48 [14] DEBUG  PostMan                       : JSON: {"__type":"GameListReply:#Messages.ReplyMessages","ConvId":{"Pid":6,"Seq":2},"MsgId":{"Pid":1,"Seq":9},"Note":null,"Success":true,"GameInfo":[{"CurrentProcesses":[{"HasUmbrellaRaised":false,"HitPoints":0,"LifePoints":100,"ProcessId":5,"Type":4},{"HasUmbrellaRaised":false,"HitPoints":0,"LifePoints":100,"ProcessId":4,"Type":5}],"GameId":3,"GameManagerId":2,"Label":"GM53421's 1st Game","MaxPlayers":3,"MinPlayers":3,"StartingPlayers":[],"Status":4,"Winners":null}]}
04/09/2016 03:19:48 [14] INFO   Dispatcher                    : New Message Received: (Messages.ReplyMessages.GameListReply)
04/09/2016 03:19:48 [14] INFO   Dispatcher                    : MessageId: 1.9ConversationId: 6.2
04/09/2016 03:19:53 [15] DEBUG  GameListConversation          : Received a game list reply message.
04/09/2016 03:19:53 [15] INFO   BackgroundThread              : Stopping 
04/09/2016 03:19:53 [15] DEBUG  BackgroundThread              : Leaving Stop
04/09/2016 03:19:53 [ 6] DEBUG  PlayerProcess                 : Life points is null, game needs to be started.
04/09/2016 03:19:53 [ 6] DEBUG  Dispatcher                    : Adding Conversation Player.Conversation.JoinGameConversation, 6.3
04/09/2016 03:19:53 [ 6] DEBUG  Dispatcher                    :       New Queue ID: 6.3
04/09/2016 03:19:53 [ 6] INFO   BackgroundThread              : Starting 
04/09/2016 03:19:53 [16] DEBUG  JoinGameConversation          : Queuing join game request. 
04/09/2016 03:19:53 [16] DEBUG  JoinGameConversation          : Requesting GameId: 3
04/09/2016 03:19:53 [16] DEBUG  InitiatedConversation         : Conversation Id  for initiated conversation: 6.3
04/09/2016 03:19:53 [16] DEBUG  PostMan                       : Sending UDP (Messages.Routing)
04/09/2016 03:19:53 [16] DEBUG  PostMan                       : MessageId: 6.3ConversationId: 6.3
04/09/2016 03:19:53 [16] DEBUG  PostMan                       : Message Delivered
04/09/2016 03:19:53 [14] DEBUG  PostMan                       : Message Received! Message ID: 2.15, ConversationId: 6.3
04/09/2016 03:19:53 [14] DEBUG  PostMan                       : JSON: {"__type":"Routing:#Messages","ConvId":{"Pid":6,"Seq":3},"MsgId":{"Pid":2,"Seq":15},"InnerMessage":{"__type":"JoinGameReply:#Messages.ReplyMessages","ConvId":{"Pid":6,"Seq":3},"MsgId":{"Pid":2,"Seq":15},"Note":null,"Success":true,"GameId":3,"InitialLifePoints":100},"ToProcessIds":[6]}
04/09/2016 03:19:53 [14] INFO   Dispatcher                    : New Message Received: (Messages.Routing)
04/09/2016 03:19:53 [ 6] DEBUG  PlayerProcess                 : No games available, setting status to 'Registered'
04/09/2016 03:19:53 [14] INFO   Dispatcher                    : MessageId: 2.15ConversationId: 6.3
04/09/2016 03:19:53 [ 6] DEBUG  PlayerProcess                 : In Process GetGameList function.
04/09/2016 03:19:53 [ 6] DEBUG  Dispatcher                    : Adding Conversation Player.Conversation.GameListConversation, 6.4
04/09/2016 03:19:53 [ 6] DEBUG  Dispatcher                    :       New Queue ID: 6.4
04/09/2016 03:19:53 [ 6] INFO   BackgroundThread              : Starting 
04/09/2016 03:19:53 [12] DEBUG  GameListConversation          : Queuing game list request. 
04/09/2016 03:19:53 [12] DEBUG  InitiatedConversation         : Conversation Id  for initiated conversation: 6.4
04/09/2016 03:19:53 [12] DEBUG  PostMan                       : Sending UDP (Messages.RequestMessages.GameListRequest)
04/09/2016 03:19:53 [12] DEBUG  PostMan                       : MessageId: 6.4ConversationId: 6.4
04/09/2016 03:19:53 [12] DEBUG  PostMan                       : Message Delivered
04/09/2016 03:19:53 [14] DEBUG  PostMan                       : Message Received! Message ID: 1.12, ConversationId: 6.4
04/09/2016 03:19:53 [14] DEBUG  PostMan                       : JSON: {"__type":"GameListReply:#Messages.ReplyMessages","ConvId":{"Pid":6,"Seq":4},"MsgId":{"Pid":1,"Seq":12},"Note":null,"Success":true,"GameInfo":[{"CurrentProcesses":[{"HasUmbrellaRaised":false,"HitPoints":0,"LifePoints":100,"ProcessId":5,"Type":4},{"HasUmbrellaRaised":false,"HitPoints":0,"LifePoints":100,"ProcessId":4,"Type":5},{"HasUmbrellaRaised":false,"HitPoints":0,"LifePoints":100,"ProcessId":6,"Type":3}],"GameId":3,"GameManagerId":2,"Label":"GM53421's 1st Game","MaxPlayers":3,"MinPlayers":3,"StartingPlayers":[],"Status":4,"Winners":null}]}
04/09/2016 03:19:53 [14] INFO   Dispatcher                    : New Message Received: (Messages.ReplyMessages.GameListReply)
04/09/2016 03:19:53 [14] INFO   Dispatcher                    : MessageId: 1.12ConversationId: 6.4
04/09/2016 03:19:54 [14] DEBUG  PostMan                       : Message Received! Message ID: 1.13, ConversationId: 1.13
04/09/2016 03:19:54 [14] DEBUG  PostMan                       : JSON: {"__type":"AllowanceDeliveryRequest:#Messages.RequestMessages","ConvId":{"Pid":1,"Seq":13},"MsgId":{"Pid":1,"Seq":13},"NumberOfPennies":400,"PortNumber":12999}
04/09/2016 03:19:54 [14] INFO   Dispatcher                    : New Message Received: (Messages.RequestMessages.AllowanceDeliveryRequest)
04/09/2016 03:19:54 [14] INFO   Dispatcher                    : MessageId: 1.13ConversationId: 1.13
04/09/2016 03:19:54 [14] DEBUG  Dispatcher                    : Conversation  with id= 1.13 does not exist, trying to create new conversation.
04/09/2016 03:19:54 [14] DEBUG  Dispatcher                    : Adding Conversation Player.Conversation.AllowanceDeliveryConversation, 1.13
04/09/2016 03:19:54 [14] DEBUG  Dispatcher                    :       New Queue ID: 1.13
04/09/2016 03:19:54 [14] INFO   BackgroundThread              : Starting 
04/09/2016 03:19:54 [13] DEBUG  AllowanceDeliveryConversation : Received Allowance Delivery Request. 
04/09/2016 03:19:54 [13] DEBUG  TCPSocket                     : Destination Endpoint is: 127.0.0.1:12999
04/09/2016 03:19:54 [13] INFO   BackgroundThread              : Starting 
04/09/2016 03:19:54 [13] DEBUG  TCPSocket                     : Opening Remote TCP Connection
04/09/2016 03:19:54 [13] DEBUG  TCPSocket                     : TCP Socket connected to 127.0.0.1:12999
04/09/2016 03:19:54 [13] DEBUG  TCPSocket                     : Reading a message, assuming the size of the message is contained in the first 4 bits
04/09/2016 03:19:54 [13] DEBUG  TCPSocket                     : Reading bytes in TCP Reader
04/09/2016 03:19:54 [13] DEBUG  TCPSocket                     : System.Net.Sockets.SocketException (0x80004005): An existing connection was forcibly closed by the remote host
   at System.Net.Sockets.Socket.Receive(Byte[] buffer, Int32 offset, Int32 size, SocketFlags socketFlags)
   at System.Net.Sockets.Socket.Receive(Byte[] buffer, Int32 size, SocketFlags socketFlags)
   at CommunicationLayer.TCPSocket.Read(Socket handler, Int32 numBytes) in D:\Drive\School\CS5200\LocalGame\CommunicationLayer\TCPSocket.cs:line 106
   at CommunicationLayer.TCPSocket.ReadMessageFromSize(Socket handler) in D:\Drive\School\CS5200\LocalGame\CommunicationLayer\TCPSocket.cs:line 118
   at Player.Conversation.AllowanceDeliveryConversation.<OpenTCPStream>b__6_0(Socket handler) in D:\Drive\School\CS5200\LocalGame\Player\Conversation\AllowanceDeliveryConversation.cs:line 37
   at CommunicationLayer.TCPSocket.EstablishConnection(PublicEndPoint ep, Action`1 afterConnect) in D:\Drive\School\CS5200\LocalGame\CommunicationLayer\TCPSocket.cs:line 53
04/09/2016 03:19:54 [13] INFO   BackgroundThread              : Stopping 
04/09/2016 03:19:54 [13] DEBUG  BackgroundThread              : Leaving Stop
04/09/2016 03:19:58 [16] DEBUG  JoinGameConversation          : Received a game join message.
04/09/2016 03:19:58 [16] INFO   BackgroundThread              : Stopping 
04/09/2016 03:19:58 [16] DEBUG  BackgroundThread              : Leaving Stop
04/09/2016 03:19:58 [12] DEBUG  GameListConversation          : Received a game list reply message.
04/09/2016 03:19:58 [12] INFO   BackgroundThread              : Stopping 
04/09/2016 03:19:58 [12] DEBUG  BackgroundThread              : Leaving Stop
04/09/2016 03:20:04 [14] DEBUG  PostMan                       : Message Received! Message ID: 1.13, ConversationId: 1.13
04/09/2016 03:20:04 [14] DEBUG  PostMan                       : JSON: {"__type":"AllowanceDeliveryRequest:#Messages.RequestMessages","ConvId":{"Pid":1,"Seq":13},"MsgId":{"Pid":1,"Seq":13},"NumberOfPennies":400,"PortNumber":12999}
04/09/2016 03:20:04 [14] INFO   Dispatcher                    : New Message Received: (Messages.RequestMessages.AllowanceDeliveryRequest)
04/09/2016 03:20:04 [14] INFO   Dispatcher                    : MessageId: 1.13ConversationId: 1.13
04/09/2016 03:20:06 [14] DEBUG  PostMan                       : Message Received! Message ID: 1.16, ConversationId: 1.16
04/09/2016 03:20:06 [14] DEBUG  PostMan                       : JSON: {"__type":"AliveRequest:#Messages.RequestMessages","ConvId":{"Pid":1,"Seq":16},"MsgId":{"Pid":1,"Seq":16}}
04/09/2016 03:20:06 [14] INFO   Dispatcher                    : New Message Received: (Messages.RequestMessages.AliveRequest)
04/09/2016 03:20:06 [14] INFO   Dispatcher                    : MessageId: 1.16ConversationId: 1.16
04/09/2016 03:20:06 [14] DEBUG  Dispatcher                    : Conversation  with id= 1.16 does not exist, trying to create new conversation.
04/09/2016 03:20:06 [14] DEBUG  Dispatcher                    : Adding Conversation Player.Conversation.AliveConversation, 1.16
04/09/2016 03:20:06 [14] DEBUG  Dispatcher                    :       New Queue ID: 1.16
04/09/2016 03:20:06 [14] INFO   BackgroundThread              : Starting 
04/09/2016 03:20:06 [12] DEBUG  AliveConversation             : Creating Alive Response
04/09/2016 03:20:06 [12] DEBUG  ResponseConversation          : Conversation Id  for Response conversation: 1.16
04/09/2016 03:20:06 [12] DEBUG  PostMan                       : Sending UDP (Messages.ReplyMessages.Reply)
04/09/2016 03:20:06 [12] DEBUG  PostMan                       : MessageId: 6.5ConversationId: 1.16
04/09/2016 03:20:06 [12] DEBUG  PostMan                       : Message Delivered
04/09/2016 03:20:14 [14] DEBUG  PostMan                       : Message Received! Message ID: 1.13, ConversationId: 1.13
04/09/2016 03:20:14 [14] DEBUG  PostMan                       : JSON: {"__type":"AllowanceDeliveryRequest:#Messages.RequestMessages","ConvId":{"Pid":1,"Seq":13},"MsgId":{"Pid":1,"Seq":13},"NumberOfPennies":400,"PortNumber":12999}
04/09/2016 03:20:14 [14] INFO   Dispatcher                    : New Message Received: (Messages.RequestMessages.AllowanceDeliveryRequest)
04/09/2016 03:20:14 [14] INFO   Dispatcher                    : MessageId: 1.13ConversationId: 1.13
04/09/2016 03:20:37 [14] DEBUG  PostMan                       : Message Received! Message ID: 1.21, ConversationId: 1.21
04/09/2016 03:20:37 [14] DEBUG  PostMan                       : JSON: {"__type":"AliveRequest:#Messages.RequestMessages","ConvId":{"Pid":1,"Seq":21},"MsgId":{"Pid":1,"Seq":21}}
04/09/2016 03:20:37 [14] INFO   Dispatcher                    : New Message Received: (Messages.RequestMessages.AliveRequest)
04/09/2016 03:20:37 [14] INFO   Dispatcher                    : MessageId: 1.21ConversationId: 1.21
04/09/2016 03:20:37 [14] DEBUG  Dispatcher                    : Conversation  with id= 1.21 does not exist, trying to create new conversation.
04/09/2016 03:20:37 [14] DEBUG  Dispatcher                    : Adding Conversation Player.Conversation.AliveConversation, 1.21
04/09/2016 03:20:37 [14] DEBUG  Dispatcher                    :       New Queue ID: 1.21
04/09/2016 03:20:37 [14] INFO   BackgroundThread              : Starting 
04/09/2016 03:20:37 [15] ERROR  ResponseConversation          : Unable to retrieve received message. 
04/09/2016 03:20:47 [14] DEBUG  PostMan                       : Message Received! Message ID: 1.21, ConversationId: 1.21
04/09/2016 03:20:47 [14] DEBUG  PostMan                       : JSON: {"__type":"AliveRequest:#Messages.RequestMessages","ConvId":{"Pid":1,"Seq":21},"MsgId":{"Pid":1,"Seq":21}}
04/09/2016 03:20:47 [14] INFO   Dispatcher                    : New Message Received: (Messages.RequestMessages.AliveRequest)
04/09/2016 03:20:47 [14] INFO   Dispatcher                    : MessageId: 1.21ConversationId: 1.21
04/09/2016 03:20:57 [14] DEBUG  PostMan                       : Message Received! Message ID: 1.21, ConversationId: 1.21
04/09/2016 03:20:57 [14] DEBUG  PostMan                       : JSON: {"__type":"AliveRequest:#Messages.RequestMessages","ConvId":{"Pid":1,"Seq":21},"MsgId":{"Pid":1,"Seq":21}}
04/09/2016 03:20:57 [14] INFO   Dispatcher                    : New Message Received: (Messages.RequestMessages.AliveRequest)
04/09/2016 03:20:57 [14] INFO   Dispatcher                    : MessageId: 1.21ConversationId: 1.21
04/09/2016 03:21:08 [14] DEBUG  PostMan                       : Message Received! Message ID: 1.25, ConversationId: 1.25
04/09/2016 03:21:08 [14] DEBUG  PostMan                       : JSON: {"__type":"AliveRequest:#Messages.RequestMessages","ConvId":{"Pid":1,"Seq":25},"MsgId":{"Pid":1,"Seq":25}}
04/09/2016 03:21:08 [14] INFO   Dispatcher                    : New Message Received: (Messages.RequestMessages.AliveRequest)
04/09/2016 03:21:08 [14] INFO   Dispatcher                    : MessageId: 1.25ConversationId: 1.25
04/09/2016 03:21:08 [14] DEBUG  Dispatcher                    : Conversation  with id= 1.25 does not exist, trying to create new conversation.
04/09/2016 03:21:08 [14] DEBUG  Dispatcher                    : Adding Conversation Player.Conversation.AliveConversation, 1.25
04/09/2016 03:21:08 [14] DEBUG  Dispatcher                    :       New Queue ID: 1.25
04/09/2016 03:21:08 [14] INFO   BackgroundThread              : Starting 
04/09/2016 03:21:08 [21] DEBUG  AliveConversation             : Creating Alive Response
04/09/2016 03:21:08 [21] DEBUG  ResponseConversation          : Conversation Id  for Response conversation: 1.25
04/09/2016 03:21:08 [21] DEBUG  PostMan                       : Sending UDP (Messages.ReplyMessages.Reply)
04/09/2016 03:21:08 [21] DEBUG  PostMan                       : MessageId: 6.6ConversationId: 1.25
04/09/2016 03:21:08 [21] DEBUG  PostMan                       : Message Delivered
04/09/2016 03:21:39 [14] DEBUG  PostMan                       : Message Received! Message ID: 1.29, ConversationId: 1.29
04/09/2016 03:21:39 [14] DEBUG  PostMan                       : JSON: {"__type":"AliveRequest:#Messages.RequestMessages","ConvId":{"Pid":1,"Seq":29},"MsgId":{"Pid":1,"Seq":29}}
04/09/2016 03:21:39 [14] INFO   Dispatcher                    : New Message Received: (Messages.RequestMessages.AliveRequest)
04/09/2016 03:21:39 [14] INFO   Dispatcher                    : MessageId: 1.29ConversationId: 1.29
04/09/2016 03:21:39 [14] DEBUG  Dispatcher                    : Conversation  with id= 1.29 does not exist, trying to create new conversation.
04/09/2016 03:21:39 [14] DEBUG  Dispatcher                    : Adding Conversation Player.Conversation.AliveConversation, 1.29
04/09/2016 03:21:39 [14] DEBUG  Dispatcher                    :       New Queue ID: 1.29
04/09/2016 03:21:39 [14] INFO   BackgroundThread              : Starting 
04/09/2016 03:21:39 [12] ERROR  ResponseConversation          : Unable to retrieve received message. 
04/09/2016 03:21:49 [14] DEBUG  PostMan                       : Message Received! Message ID: 1.29, ConversationId: 1.29
04/09/2016 03:21:49 [14] DEBUG  PostMan                       : JSON: {"__type":"AliveRequest:#Messages.RequestMessages","ConvId":{"Pid":1,"Seq":29},"MsgId":{"Pid":1,"Seq":29}}
04/09/2016 03:21:49 [14] INFO   Dispatcher                    : New Message Received: (Messages.RequestMessages.AliveRequest)
04/09/2016 03:21:49 [14] INFO   Dispatcher                    : MessageId: 1.29ConversationId: 1.29
04/09/2016 03:21:59 [14] DEBUG  PostMan                       : Message Received! Message ID: 1.29, ConversationId: 1.29
04/09/2016 03:21:59 [14] DEBUG  PostMan                       : JSON: {"__type":"AliveRequest:#Messages.RequestMessages","ConvId":{"Pid":1,"Seq":29},"MsgId":{"Pid":1,"Seq":29}}
04/09/2016 03:21:59 [14] INFO   Dispatcher                    : New Message Received: (Messages.RequestMessages.AliveRequest)
04/09/2016 03:21:59 [14] INFO   Dispatcher                    : MessageId: 1.29ConversationId: 1.29
04/09/2016 03:22:10 [14] DEBUG  PostMan                       : Message Received! Message ID: 1.33, ConversationId: 1.33
04/09/2016 03:22:10 [14] DEBUG  PostMan                       : JSON: {"__type":"AliveRequest:#Messages.RequestMessages","ConvId":{"Pid":1,"Seq":33},"MsgId":{"Pid":1,"Seq":33}}
04/09/2016 03:22:10 [14] INFO   Dispatcher                    : New Message Received: (Messages.RequestMessages.AliveRequest)
04/09/2016 03:22:10 [14] INFO   Dispatcher                    : MessageId: 1.33ConversationId: 1.33
04/09/2016 03:22:10 [14] DEBUG  Dispatcher                    : Conversation  with id= 1.33 does not exist, trying to create new conversation.
04/09/2016 03:22:10 [14] DEBUG  Dispatcher                    : Adding Conversation Player.Conversation.AliveConversation, 1.33
04/09/2016 03:22:10 [14] DEBUG  Dispatcher                    :       New Queue ID: 1.33
04/09/2016 03:22:10 [14] INFO   BackgroundThread              : Starting 
04/09/2016 03:22:10 [12] DEBUG  AliveConversation             : Creating Alive Response
04/09/2016 03:22:10 [12] DEBUG  ResponseConversation          : Conversation Id  for Response conversation: 1.33
04/09/2016 03:22:10 [12] DEBUG  PostMan                       : Sending UDP (Messages.ReplyMessages.Reply)
04/09/2016 03:22:10 [12] DEBUG  PostMan                       : MessageId: 6.7ConversationId: 1.33
04/09/2016 03:22:10 [12] DEBUG  PostMan                       : Message Delivered
