04/09/2016 06:18:50 [ 7] DEBUG  PlayerConnection              : Using Local Settings.
04/09/2016 06:18:50 [ 7] DEBUG  PlayerConnection              : Starting Application. 
04/09/2016 06:18:50 [ 7] DEBUG  PlayerProcess                 : Initializeing Player Subsystem.
04/09/2016 06:18:50 [ 7] DEBUG  PlayerProcess                 : Initializing Player Details.
04/09/2016 06:18:50 [ 7] INFO   BackgroundThread              : Starting 
04/09/2016 06:18:50 [11] INFO   BackgroundThread              : Starting 
04/09/2016 06:18:50 [11] DEBUG  PlayerProcess                 : In Process Login function.
04/09/2016 06:18:50 [11] DEBUG  Dispatcher                    : Adding Conversation Player.Conversation.LoginConversation, 0.1
04/09/2016 06:18:50 [11] DEBUG  Dispatcher                    :       New Queue ID: 0.1
04/09/2016 06:18:50 [11] INFO   BackgroundThread              : Starting 
04/09/2016 06:18:50 [10] DEBUG  LoginConversation             : Creating login request. 
04/09/2016 06:18:50 [10] DEBUG  InitiatedConversation         : Conversation Id  for initiated conversation: 0.1
04/09/2016 06:18:50 [10] DEBUG  PostMan                       : Sending UDP (Messages.RequestMessages.LoginRequest, MessageID: 0.1, ConversationID: 0.1)
JSON: {"__type":"LoginRequest:#Messages.RequestMessages","ConvId":{"Pid":0,"Seq":1},"MsgId":{"Pid":0,"Seq":1},"Identity":{"ANumber":"A00000001","Alias":"The Instructor","FirstName":"The","LastName":"Instructor"},"ProcessLabel":"The Instructor","ProcessType":3,"PublicKey":null}
04/09/2016 06:18:50 [10] DEBUG  PostMan                       : Message Delivered
04/09/2016 06:18:56 [10] ERROR  LoginConversation             : Login reply was null or LoginReply.Success was false
04/09/2016 06:18:56 [10] INFO   BackgroundThread              : Stopping 
04/09/2016 06:18:56 [11] DEBUG  PlayerProcess                 : In Process Login function.
04/09/2016 06:18:56 [10] DEBUG  BackgroundThread              : Leaving Stop
04/09/2016 06:18:56 [11] DEBUG  Dispatcher                    : Adding Conversation Player.Conversation.LoginConversation, 0.2
04/09/2016 06:18:56 [11] DEBUG  Dispatcher                    :       New Queue ID: 0.2
04/09/2016 06:18:56 [11] INFO   BackgroundThread              : Starting 
04/09/2016 06:18:56 [15] DEBUG  LoginConversation             : Creating login request. 
04/09/2016 06:18:56 [15] DEBUG  InitiatedConversation         : Conversation Id  for initiated conversation: 0.2
04/09/2016 06:18:56 [15] DEBUG  PostMan                       : Sending UDP (Messages.RequestMessages.LoginRequest, MessageID: 0.2, ConversationID: 0.2)
JSON: {"__type":"LoginRequest:#Messages.RequestMessages","ConvId":{"Pid":0,"Seq":2},"MsgId":{"Pid":0,"Seq":2},"Identity":{"ANumber":"A00000001","Alias":"The Instructor","FirstName":"The","LastName":"Instructor"},"ProcessLabel":"The Instructor","ProcessType":3,"PublicKey":null}
04/09/2016 06:18:56 [15] DEBUG  PostMan                       : Message Delivered
04/09/2016 06:19:02 [15] ERROR  LoginConversation             : Login reply was null or LoginReply.Success was false
04/09/2016 06:19:02 [15] INFO   BackgroundThread              : Stopping 
04/09/2016 06:19:02 [15] DEBUG  BackgroundThread              : Leaving Stop
04/09/2016 06:19:03 [11] DEBUG  PlayerProcess                 : In Process Login function.
04/09/2016 06:19:03 [11] DEBUG  Dispatcher                    : Adding Conversation Player.Conversation.LoginConversation, 0.3
04/09/2016 06:19:03 [11] DEBUG  Dispatcher                    :       New Queue ID: 0.3
04/09/2016 06:19:03 [11] INFO   BackgroundThread              : Starting 
04/09/2016 06:19:03 [10] DEBUG  LoginConversation             : Creating login request. 
04/09/2016 06:19:03 [10] DEBUG  InitiatedConversation         : Conversation Id  for initiated conversation: 0.3
04/09/2016 06:19:03 [10] DEBUG  PostMan                       : Sending UDP (Messages.RequestMessages.LoginRequest, MessageID: 0.3, ConversationID: 0.3)
JSON: {"__type":"LoginRequest:#Messages.RequestMessages","ConvId":{"Pid":0,"Seq":3},"MsgId":{"Pid":0,"Seq":3},"Identity":{"ANumber":"A00000001","Alias":"The Instructor","FirstName":"The","LastName":"Instructor"},"ProcessLabel":"The Instructor","ProcessType":3,"PublicKey":null}
04/09/2016 06:19:03 [10] DEBUG  PostMan                       : Message Delivered
04/09/2016 06:19:03 [ 9] DEBUG  PostMan                       : Received UDP (Messages.ReplyMessages.LoginReply, MessageID: 1.10, ConversationID: 0.3)
JSON: {"__type":"LoginReply:#Messages.ReplyMessages","ConvId":{"Pid":0,"Seq":3},"MsgId":{"Pid":1,"Seq":10},"Note":"Logged in","Success":true,"PennyBankEndPoint":{"Host":"127.0.0.1","Port":12003},"PennyBankPublicKey":null,"ProcessInfo":{"EndPoint":{"Host":"127.0.0.1","Port":10000},"Label":"The Instructor","ProcessId":7,"Status":3,"Type":3},"ProxyEndPoint":{"Host":"127.0.0.1","Port":12002}}
04/09/2016 06:19:03 [ 9] INFO   Dispatcher                    : New Message Received: (Messages.ReplyMessages.LoginReply)
04/09/2016 06:19:03 [ 9] INFO   Dispatcher                    : MessageId: 1.10ConversationId: 0.3
04/09/2016 06:19:08 [10] DEBUG  LoginConversation             : Received a login reply message.
04/09/2016 06:19:08 [10] INFO   BackgroundThread              : Stopping 
04/09/2016 06:19:08 [10] DEBUG  BackgroundThread              : Leaving Stop
04/09/2016 06:19:08 [11] DEBUG  PlayerProcess                 : In Process GetGameList function.
04/09/2016 06:19:08 [11] DEBUG  Dispatcher                    : Adding Conversation Player.Conversation.GameListConversation, 7.4
04/09/2016 06:19:08 [11] DEBUG  Dispatcher                    :       New Queue ID: 7.4
04/09/2016 06:19:08 [11] INFO   BackgroundThread              : Starting 
04/09/2016 06:19:08 [14] DEBUG  GameListConversation          : Queuing game list request. 
04/09/2016 06:19:08 [14] DEBUG  InitiatedConversation         : Conversation Id  for initiated conversation: 7.4
04/09/2016 06:19:08 [14] DEBUG  PostMan                       : Sending UDP (Messages.RequestMessages.GameListRequest, MessageID: 7.4, ConversationID: 7.4)
JSON: {"__type":"GameListRequest:#Messages.RequestMessages","ConvId":{"Pid":7,"Seq":4},"MsgId":{"Pid":7,"Seq":4},"StatusFilter":4}
04/09/2016 06:19:08 [14] DEBUG  PostMan                       : Message Delivered
04/09/2016 06:19:08 [ 9] DEBUG  PostMan                       : Received UDP (Messages.ReplyMessages.GameListReply, MessageID: 1.11, ConversationID: 7.4)
JSON: {"__type":"GameListReply:#Messages.ReplyMessages","ConvId":{"Pid":7,"Seq":4},"MsgId":{"Pid":1,"Seq":11},"Note":null,"Success":true,"GameInfo":[{"CurrentProcesses":[{"HasUmbrellaRaised":false,"HitPoints":0,"LifePoints":100,"ProcessId":4,"Type":4},{"HasUmbrellaRaised":false,"HitPoints":0,"LifePoints":100,"ProcessId":5,"Type":5},{"HasUmbrellaRaised":false,"HitPoints":0,"LifePoints":100,"ProcessId":6,"Type":5}],"GameId":3,"GameManagerId":2,"Label":"GM26331's 1st Game","MaxPlayers":4,"MinPlayers":2,"StartingPlayers":[],"Status":4,"Winners":null}]}
04/09/2016 06:19:08 [ 9] INFO   Dispatcher                    : New Message Received: (Messages.ReplyMessages.GameListReply)
04/09/2016 06:19:08 [ 9] INFO   Dispatcher                    : MessageId: 1.11ConversationId: 7.4
04/09/2016 06:19:13 [14] DEBUG  GameListConversation          : Received a game list reply message.
04/09/2016 06:19:13 [14] INFO   BackgroundThread              : Stopping 
04/09/2016 06:19:13 [14] DEBUG  BackgroundThread              : Leaving Stop
04/09/2016 06:19:13 [11] DEBUG  PlayerProcess                 : Life points is null, game needs to be started.
04/09/2016 06:19:13 [11] DEBUG  Dispatcher                    : Adding Conversation Player.Conversation.JoinGameConversation, 7.5
04/09/2016 06:19:13 [11] DEBUG  Dispatcher                    :       New Queue ID: 7.5
04/09/2016 06:19:13 [11] INFO   BackgroundThread              : Starting 
04/09/2016 06:19:13 [13] DEBUG  JoinGameConversation          : Queuing join game request. 
04/09/2016 06:19:13 [13] DEBUG  JoinGameConversation          : Requesting GameId: 3
04/09/2016 06:19:13 [13] DEBUG  InitiatedConversation         : Conversation Id  for initiated conversation: 7.5
04/09/2016 06:19:13 [13] DEBUG  PostMan                       : Sending UDP (Messages.Routing, MessageID: 7.5, ConversationID: 7.5)
JSON: {"__type":"Routing:#Messages","ConvId":{"Pid":7,"Seq":5},"MsgId":{"Pid":7,"Seq":5},"InnerMessage":{"__type":"JoinGameRequest:#Messages.RequestMessages","ConvId":{"Pid":7,"Seq":5},"MsgId":{"Pid":7,"Seq":5},"GameId":3,"Process":{"EndPoint":{"Host":"127.0.0.1","Port":10000},"Label":"The Instructor","ProcessId":7,"Status":4,"Type":3}},"ToProcessIds":[2]}
04/09/2016 06:19:13 [11] DEBUG  PlayerProcess                 : No games available, setting status to 'Registered'
04/09/2016 06:19:13 [13] DEBUG  PostMan                       : Message Delivered
04/09/2016 06:19:13 [ 9] DEBUG  PostMan                       : Received UDP (Messages.Routing, MessageID: 2.20, ConversationID: 7.5)
JSON: {"__type":"Routing:#Messages","ConvId":{"Pid":7,"Seq":5},"MsgId":{"Pid":2,"Seq":20},"InnerMessage":{"__type":"JoinGameReply:#Messages.ReplyMessages","ConvId":{"Pid":7,"Seq":5},"MsgId":{"Pid":2,"Seq":20},"Note":null,"Success":true,"GameId":3,"InitialLifePoints":100},"ToProcessIds":[7]}
04/09/2016 06:19:13 [ 9] INFO   Dispatcher                    : New Message Received: (Messages.Routing)
04/09/2016 06:19:13 [ 9] INFO   Dispatcher                    : MessageId: 2.20ConversationId: 7.5
04/09/2016 06:19:13 [11] DEBUG  PlayerProcess                 : In Process GetGameList function.
04/09/2016 06:19:13 [11] DEBUG  Dispatcher                    : Adding Conversation Player.Conversation.GameListConversation, 7.6
04/09/2016 06:19:13 [11] DEBUG  Dispatcher                    :       New Queue ID: 7.6
04/09/2016 06:19:13 [11] INFO   BackgroundThread              : Starting 
04/09/2016 06:19:13 [10] DEBUG  GameListConversation          : Queuing game list request. 
04/09/2016 06:19:13 [10] DEBUG  InitiatedConversation         : Conversation Id  for initiated conversation: 7.6
04/09/2016 06:19:13 [10] DEBUG  PostMan                       : Sending UDP (Messages.RequestMessages.GameListRequest, MessageID: 7.6, ConversationID: 7.6)
JSON: {"__type":"GameListRequest:#Messages.RequestMessages","ConvId":{"Pid":7,"Seq":6},"MsgId":{"Pid":7,"Seq":6},"StatusFilter":4}
04/09/2016 06:19:13 [10] DEBUG  PostMan                       : Message Delivered
04/09/2016 06:19:13 [ 9] DEBUG  PostMan                       : Received UDP (Messages.ReplyMessages.GameListReply, MessageID: 1.14, ConversationID: 7.6)
JSON: {"__type":"GameListReply:#Messages.ReplyMessages","ConvId":{"Pid":7,"Seq":6},"MsgId":{"Pid":1,"Seq":14},"Note":null,"Success":true,"GameInfo":[{"CurrentProcesses":[{"HasUmbrellaRaised":false,"HitPoints":0,"LifePoints":100,"ProcessId":4,"Type":4},{"HasUmbrellaRaised":false,"HitPoints":0,"LifePoints":100,"ProcessId":5,"Type":5},{"HasUmbrellaRaised":false,"HitPoints":0,"LifePoints":100,"ProcessId":6,"Type":5},{"HasUmbrellaRaised":false,"HitPoints":0,"LifePoints":100,"ProcessId":7,"Type":3}],"GameId":3,"GameManagerId":2,"Label":"GM26331's 1st Game","MaxPlayers":4,"MinPlayers":2,"StartingPlayers":[],"Status":4,"Winners":null}]}
04/09/2016 06:19:13 [ 9] INFO   Dispatcher                    : New Message Received: (Messages.ReplyMessages.GameListReply)
04/09/2016 06:19:13 [ 9] INFO   Dispatcher                    : MessageId: 1.14ConversationId: 7.6
04/09/2016 06:19:14 [ 9] DEBUG  PostMan                       : Received UDP (Messages.RequestMessages.AllowanceDeliveryRequest, MessageID: 1.15, ConversationID: 1.15)
JSON: {"__type":"AllowanceDeliveryRequest:#Messages.RequestMessages","ConvId":{"Pid":1,"Seq":15},"MsgId":{"Pid":1,"Seq":15},"NumberOfPennies":400,"PortNumber":12999}
04/09/2016 06:19:14 [ 9] INFO   Dispatcher                    : New Message Received: (Messages.RequestMessages.AllowanceDeliveryRequest)
04/09/2016 06:19:14 [ 9] INFO   Dispatcher                    : MessageId: 1.15ConversationId: 1.15
04/09/2016 06:19:14 [ 9] DEBUG  Dispatcher                    : Conversation  with id= 1.15 does not exist, trying to create new conversation.
04/09/2016 06:19:14 [ 9] DEBUG  Dispatcher                    : Adding Conversation Player.Conversation.AllowanceDeliveryConversation, 1.15
04/09/2016 06:19:14 [ 9] DEBUG  Dispatcher                    :       New Queue ID: 1.15
04/09/2016 06:19:14 [ 9] INFO   BackgroundThread              : Starting 
04/09/2016 06:19:14 [14] DEBUG  AllowanceDeliveryConversation : Received Allowance Delivery Request. 
04/09/2016 06:19:14 [14] DEBUG  TCPSocket                     : Destination Endpoint is: 127.0.0.1:12999
04/09/2016 06:19:14 [14] INFO   BackgroundThread              : Starting 
04/09/2016 06:19:14 [14] DEBUG  TCPSocket                     : Opening Remote TCP Connection
04/09/2016 06:19:14 [14] DEBUG  TCPSocket                     : TCP Socket connected to 127.0.0.1:12999
04/09/2016 06:19:14 [14] INFO   AllowanceDeliveryConversation : IN TCP RECEIVE!!!!
04/09/2016 06:19:14 [14] INFO   AllowanceDeliveryConversation : IN TCP RECEIVE!!!!
04/09/2016 06:19:14 [14] INFO   AllowanceDeliveryConversation : IN TCP RECEIVE!!!!
04/09/2016 06:19:14 [14] INFO   AllowanceDeliveryConversation : IN TCP RECEIVE!!!!
04/09/2016 06:19:14 [14] INFO   AllowanceDeliveryConversation : IN TCP RECEIVE!!!!
04/09/2016 06:19:14 [14] INFO   AllowanceDeliveryConversation : IN TCP RECEIVE!!!!
04/09/2016 06:19:14 [14] INFO   AllowanceDeliveryConversation : IN TCP RECEIVE!!!!
04/09/2016 06:19:14 [14] INFO   AllowanceDeliveryConversation : IN TCP RECEIVE!!!!
04/09/2016 06:19:14 [14] INFO   AllowanceDeliveryConversation : IN TCP RECEIVE!!!!
04/09/2016 06:19:14 [14] INFO   AllowanceDeliveryConversation : IN TCP RECEIVE!!!!
04/09/2016 06:19:17 [14] ERROR  TCPSocket                     : System.IO.IOException: Unable to read data from the transport connection: An existing connection was forcibly closed by the remote host. ---> System.Net.Sockets.SocketException: An existing connection was forcibly closed by the remote host
   at System.Net.Sockets.Socket.Receive(Byte[] buffer, Int32 offset, Int32 size, SocketFlags socketFlags)
   at System.Net.Sockets.NetworkStream.Read(Byte[] buffer, Int32 offset, Int32 size)
   --- End of inner exception stack trace ---
   at System.Net.Sockets.NetworkStream.Read(Byte[] buffer, Int32 offset, Int32 size)
   at CommunicationLayer.TCPSocket.ReadStream(Socket handler) in D:\Drive\School\CS5200\LocalGame\CommunicationLayer\TCPSocket.cs:line 125
04/09/2016 06:19:17 [14] INFO   AllowanceDeliveryConversation : Received 0 pennies.
04/09/2016 06:19:17 [14] INFO   AllowanceDeliveryConversation : Finished reading TCP Stream
04/09/2016 06:19:17 [14] ERROR  AllowanceDeliveryConversation : Something went wrong while reading TCP Message
04/09/2016 06:19:17 [14] ERROR  AllowanceDeliveryConversation : Expected 400 pennies. Received 0
04/09/2016 06:19:17 [14] INFO   BackgroundThread              : Stopping 
04/09/2016 06:19:17 [14] DEBUG  BackgroundThread              : Leaving Stop
04/09/2016 06:19:18 [13] DEBUG  JoinGameConversation          : Received a game join message.
04/09/2016 06:19:18 [13] INFO   BackgroundThread              : Stopping 
04/09/2016 06:19:18 [13] DEBUG  BackgroundThread              : Leaving Stop
04/09/2016 06:19:18 [10] DEBUG  GameListConversation          : Received a game list reply message.
04/09/2016 06:19:18 [10] INFO   BackgroundThread              : Stopping 
04/09/2016 06:19:18 [10] DEBUG  BackgroundThread              : Leaving Stop
04/09/2016 06:19:24 [ 9] DEBUG  PostMan                       : Received UDP (Messages.RequestMessages.AllowanceDeliveryRequest, MessageID: 1.15, ConversationID: 1.15)
JSON: {"__type":"AllowanceDeliveryRequest:#Messages.RequestMessages","ConvId":{"Pid":1,"Seq":15},"MsgId":{"Pid":1,"Seq":15},"NumberOfPennies":400,"PortNumber":12999}
04/09/2016 06:19:24 [ 9] INFO   Dispatcher                    : New Message Received: (Messages.RequestMessages.AllowanceDeliveryRequest)
04/09/2016 06:19:24 [ 9] INFO   Dispatcher                    : MessageId: 1.15ConversationId: 1.15
04/09/2016 06:19:27 [ 9] DEBUG  PostMan                       : Received UDP (Messages.RequestMessages.AliveRequest, MessageID: 1.20, ConversationID: 1.20)
JSON: {"__type":"AliveRequest:#Messages.RequestMessages","ConvId":{"Pid":1,"Seq":20},"MsgId":{"Pid":1,"Seq":20}}
04/09/2016 06:19:27 [ 9] INFO   Dispatcher                    : New Message Received: (Messages.RequestMessages.AliveRequest)
04/09/2016 06:19:27 [ 9] INFO   Dispatcher                    : MessageId: 1.20ConversationId: 1.20
04/09/2016 06:19:27 [ 9] DEBUG  Dispatcher                    : Conversation  with id= 1.20 does not exist, trying to create new conversation.
04/09/2016 06:19:27 [ 9] DEBUG  Dispatcher                    : Adding Conversation Player.Conversation.AliveConversation, 1.20
04/09/2016 06:19:27 [ 9] DEBUG  Dispatcher                    :       New Queue ID: 1.20
04/09/2016 06:19:27 [ 9] INFO   BackgroundThread              : Starting 
04/09/2016 06:19:27 [10] DEBUG  AliveConversation             : Creating Alive Response
04/09/2016 06:19:27 [10] DEBUG  ResponseConversation          : Conversation Id  for Response conversation: 1.20
04/09/2016 06:19:27 [10] DEBUG  PostMan                       : Sending UDP (Messages.ReplyMessages.Reply, MessageID: 7.7, ConversationID: 1.20)
JSON: {"__type":"Reply:#Messages.ReplyMessages","ConvId":{"Pid":1,"Seq":20},"MsgId":{"Pid":7,"Seq":7},"Note":"I'm Alive","Success":true}
04/09/2016 06:19:27 [10] DEBUG  PostMan                       : Message Delivered
04/09/2016 06:19:34 [ 9] DEBUG  PostMan                       : Received UDP (Messages.RequestMessages.AllowanceDeliveryRequest, MessageID: 1.15, ConversationID: 1.15)
JSON: {"__type":"AllowanceDeliveryRequest:#Messages.RequestMessages","ConvId":{"Pid":1,"Seq":15},"MsgId":{"Pid":1,"Seq":15},"NumberOfPennies":400,"PortNumber":12999}
04/09/2016 06:19:34 [ 9] INFO   Dispatcher                    : New Message Received: (Messages.RequestMessages.AllowanceDeliveryRequest)
04/09/2016 06:19:34 [ 9] INFO   Dispatcher                    : MessageId: 1.15ConversationId: 1.15
04/09/2016 06:19:58 [ 9] DEBUG  PostMan                       : Received UDP (Messages.RequestMessages.AliveRequest, MessageID: 1.25, ConversationID: 1.25)
JSON: {"__type":"AliveRequest:#Messages.RequestMessages","ConvId":{"Pid":1,"Seq":25},"MsgId":{"Pid":1,"Seq":25}}
04/09/2016 06:19:58 [ 9] INFO   Dispatcher                    : New Message Received: (Messages.RequestMessages.AliveRequest)
04/09/2016 06:19:58 [ 9] INFO   Dispatcher                    : MessageId: 1.25ConversationId: 1.25
04/09/2016 06:19:58 [ 9] DEBUG  Dispatcher                    : Conversation  with id= 1.25 does not exist, trying to create new conversation.
04/09/2016 06:19:58 [ 9] DEBUG  Dispatcher                    : Adding Conversation Player.Conversation.AliveConversation, 1.25
04/09/2016 06:19:58 [ 9] DEBUG  Dispatcher                    :       New Queue ID: 1.25
04/09/2016 06:19:58 [ 9] INFO   BackgroundThread              : Starting 
04/09/2016 06:19:58 [10] DEBUG  AliveConversation             : Creating Alive Response
04/09/2016 06:19:58 [10] DEBUG  ResponseConversation          : Conversation Id  for Response conversation: 1.25
04/09/2016 06:19:58 [10] DEBUG  PostMan                       : Sending UDP (Messages.ReplyMessages.Reply, MessageID: 7.8, ConversationID: 1.25)
JSON: {"__type":"Reply:#Messages.ReplyMessages","ConvId":{"Pid":1,"Seq":25},"MsgId":{"Pid":7,"Seq":8},"Note":"I'm Alive","Success":true}
04/09/2016 06:19:58 [10] DEBUG  PostMan                       : Message Delivered
04/09/2016 06:20:29 [ 9] DEBUG  PostMan                       : Received UDP (Messages.RequestMessages.AliveRequest, MessageID: 1.30, ConversationID: 1.30)
JSON: {"__type":"AliveRequest:#Messages.RequestMessages","ConvId":{"Pid":1,"Seq":30},"MsgId":{"Pid":1,"Seq":30}}
04/09/2016 06:20:29 [ 9] INFO   Dispatcher                    : New Message Received: (Messages.RequestMessages.AliveRequest)
04/09/2016 06:20:29 [ 9] INFO   Dispatcher                    : MessageId: 1.30ConversationId: 1.30
04/09/2016 06:20:29 [ 9] DEBUG  Dispatcher                    : Conversation  with id= 1.30 does not exist, trying to create new conversation.
04/09/2016 06:20:29 [ 9] DEBUG  Dispatcher                    : Adding Conversation Player.Conversation.AliveConversation, 1.30
04/09/2016 06:20:29 [ 9] DEBUG  Dispatcher                    :       New Queue ID: 1.30
04/09/2016 06:20:29 [ 9] INFO   BackgroundThread              : Starting 
04/09/2016 06:20:29 [13] DEBUG  AliveConversation             : Creating Alive Response
04/09/2016 06:20:29 [13] DEBUG  ResponseConversation          : Conversation Id  for Response conversation: 1.30
04/09/2016 06:20:29 [13] DEBUG  PostMan                       : Sending UDP (Messages.ReplyMessages.Reply, MessageID: 7.9, ConversationID: 1.30)
JSON: {"__type":"Reply:#Messages.ReplyMessages","ConvId":{"Pid":1,"Seq":30},"MsgId":{"Pid":7,"Seq":9},"Note":"I'm Alive","Success":true}
04/09/2016 06:20:29 [13] DEBUG  PostMan                       : Message Delivered
