04/13/2016 08:59:06 [ 7] DEBUG  PlayerConnection              : Using Local Settings.
04/13/2016 08:59:06 [ 7] DEBUG  PlayerConnection              : Starting Application. 
04/13/2016 08:59:06 [ 7] DEBUG  PlayerConnection              : Initializing Subsystem
04/13/2016 08:59:06 [ 7] DEBUG  PlayerProcess                 : Initializeing Player Subsystem.
04/13/2016 08:59:06 [ 7] DEBUG  PlayerConnection              : Initializing Player
04/13/2016 08:59:06 [ 7] DEBUG  PlayerProcess                 : Initializing Player Details.
04/13/2016 08:59:06 [ 7] INFO   BackgroundThread              : Starting 
04/13/2016 08:59:06 [10] INFO   BackgroundThread              : Starting 
04/13/2016 08:59:06 [10] DEBUG  PlayerProcess                 : In Process Login function.
04/13/2016 08:59:06 [10] DEBUG  ConversationFactory           : Creating Conversation of type LoginConversation
04/13/2016 08:59:06 [10] DEBUG  Dispatcher                    : Adding Conversation Player.Conversation.LoginConversation, 0.1
04/13/2016 08:59:06 [10] DEBUG  Dispatcher                    :       New Queue ID: 0.1
04/13/2016 08:59:06 [10] INFO   BackgroundThread              : Starting 
04/13/2016 08:59:08 [11] DEBUG  LoginConversation             : Creating login request. 
04/13/2016 08:59:08 [11] DEBUG  InitiatedConversation         : LoginConversation, ConversationID: 0.1: Conversation Id  for Initiated conversation: 0.1
04/13/2016 08:59:08 [11] DEBUG  Conversation                  : LoginConversation, ConversationID: 0.1: Setting Message IDs
04/13/2016 08:59:08 [11] DEBUG  Conversation                  : LoginConversation, ConversationID: 0.1: Conversation is initiating send.
04/13/2016 08:59:08 [11] DEBUG  PostMan                       : Sending UDP (Messages.RequestMessages.LoginRequest, MessageID: 0.1, ConversationID: 0.1)
Endpoint: 127.0.0.1:12000
JSON: {"__type":"LoginRequest:#Messages.RequestMessages","ConvId":{"Pid":0,"Seq":1},"MsgId":{"Pid":0,"Seq":1},"Identity":{"ANumber":"A00000001","Alias":"The Instructor","FirstName":"The","LastName":"Instructor"},"ProcessLabel":null,"ProcessType":3,"PublicKey":null}
04/13/2016 08:59:08 [11] DEBUG  PostMan                       : Message Delivered
04/13/2016 08:59:08 [11] DEBUG  Conversation                  : LoginConversation, ConversationID: 0.1: Send succeeded.
04/13/2016 08:59:14 [11] DEBUG  LoginConversation             : Creating login request. 
04/13/2016 08:59:14 [11] DEBUG  InitiatedConversation         : LoginConversation, ConversationID: 0.1: Conversation Id  for Initiated conversation: 0.1
04/13/2016 08:59:14 [11] DEBUG  Conversation                  : LoginConversation, ConversationID: 0.1: Setting Message IDs
04/13/2016 08:59:15 [11] DEBUG  Conversation                  : LoginConversation, ConversationID: 0.1: Conversation is initiating send.
04/13/2016 08:59:15 [11] DEBUG  PostMan                       : Sending UDP (Messages.RequestMessages.LoginRequest, MessageID: 0.1, ConversationID: 0.1)
Endpoint: 127.0.0.1:12000
JSON: {"__type":"LoginRequest:#Messages.RequestMessages","ConvId":{"Pid":0,"Seq":1},"MsgId":{"Pid":0,"Seq":1},"Identity":{"ANumber":"A00000001","Alias":"The Instructor","FirstName":"The","LastName":"Instructor"},"ProcessLabel":null,"ProcessType":3,"PublicKey":null}
04/13/2016 08:59:15 [11] DEBUG  PostMan                       : Message Delivered
04/13/2016 08:59:15 [11] DEBUG  Conversation                  : LoginConversation, ConversationID: 0.1: Send succeeded.
04/13/2016 08:59:21 [11] DEBUG  LoginConversation             : Creating login request. 
04/13/2016 08:59:21 [11] DEBUG  InitiatedConversation         : LoginConversation, ConversationID: 0.1: Conversation Id  for Initiated conversation: 0.1
04/13/2016 08:59:21 [11] DEBUG  Conversation                  : LoginConversation, ConversationID: 0.1: Setting Message IDs
04/13/2016 08:59:21 [11] DEBUG  Conversation                  : LoginConversation, ConversationID: 0.1: Conversation is initiating send.
04/13/2016 08:59:21 [11] DEBUG  PostMan                       : Sending UDP (Messages.RequestMessages.LoginRequest, MessageID: 0.1, ConversationID: 0.1)
Endpoint: 127.0.0.1:12000
JSON: {"__type":"LoginRequest:#Messages.RequestMessages","ConvId":{"Pid":0,"Seq":1},"MsgId":{"Pid":0,"Seq":1},"Identity":{"ANumber":"A00000001","Alias":"The Instructor","FirstName":"The","LastName":"Instructor"},"ProcessLabel":null,"ProcessType":3,"PublicKey":null}
04/13/2016 08:59:21 [11] DEBUG  PostMan                       : Message Delivered
04/13/2016 08:59:21 [11] DEBUG  Conversation                  : LoginConversation, ConversationID: 0.1: Send succeeded.
04/13/2016 08:59:25 [11] ERROR  Conversation                  : LoginConversation, ConversationID: 0.1: Conversation Failed
04/13/2016 08:59:25 [11] ERROR  Conversation                  : LoginConversation, ConversationID: 0.1: Conversation Ending
04/13/2016 08:59:25 [11] INFO   Conversation                  : Conversation Failed
04/13/2016 08:59:25 [11] INFO   BackgroundThread              : Stopping 
04/13/2016 08:59:25 [11] DEBUG  BackgroundThread              : Leaving Stop
04/13/2016 08:59:25 [10] DEBUG  PlayerProcess                 : In Process Login function.
04/13/2016 08:59:25 [10] DEBUG  ConversationFactory           : Creating Conversation of type LoginConversation
04/13/2016 08:59:25 [10] DEBUG  Dispatcher                    : Adding Conversation Player.Conversation.LoginConversation, 0.2
04/13/2016 08:59:25 [10] DEBUG  Dispatcher                    :       New Queue ID: 0.2
04/13/2016 08:59:25 [10] INFO   BackgroundThread              : Starting 
04/13/2016 08:59:27 [14] DEBUG  LoginConversation             : Creating login request. 
04/13/2016 08:59:27 [14] DEBUG  InitiatedConversation         : LoginConversation, ConversationID: 0.2: Conversation Id  for Initiated conversation: 0.2
04/13/2016 08:59:27 [14] DEBUG  Conversation                  : LoginConversation, ConversationID: 0.2: Setting Message IDs
04/13/2016 08:59:27 [14] DEBUG  Conversation                  : LoginConversation, ConversationID: 0.2: Conversation is initiating send.
04/13/2016 08:59:27 [14] DEBUG  PostMan                       : Sending UDP (Messages.RequestMessages.LoginRequest, MessageID: 0.2, ConversationID: 0.2)
Endpoint: 127.0.0.1:12000
JSON: {"__type":"LoginRequest:#Messages.RequestMessages","ConvId":{"Pid":0,"Seq":2},"MsgId":{"Pid":0,"Seq":2},"Identity":{"ANumber":"A00000001","Alias":"The Instructor","FirstName":"The","LastName":"Instructor"},"ProcessLabel":null,"ProcessType":3,"PublicKey":null}
04/13/2016 08:59:27 [14] DEBUG  PostMan                       : Message Delivered
04/13/2016 08:59:27 [14] DEBUG  Conversation                  : LoginConversation, ConversationID: 0.2: Send succeeded.
04/13/2016 08:59:34 [14] DEBUG  LoginConversation             : Creating login request. 
04/13/2016 08:59:34 [14] DEBUG  InitiatedConversation         : LoginConversation, ConversationID: 0.2: Conversation Id  for Initiated conversation: 0.2
04/13/2016 08:59:34 [14] DEBUG  Conversation                  : LoginConversation, ConversationID: 0.2: Setting Message IDs
04/13/2016 08:59:34 [14] DEBUG  Conversation                  : LoginConversation, ConversationID: 0.2: Conversation is initiating send.
04/13/2016 08:59:34 [14] DEBUG  PostMan                       : Sending UDP (Messages.RequestMessages.LoginRequest, MessageID: 0.2, ConversationID: 0.2)
Endpoint: 127.0.0.1:12000
JSON: {"__type":"LoginRequest:#Messages.RequestMessages","ConvId":{"Pid":0,"Seq":2},"MsgId":{"Pid":0,"Seq":2},"Identity":{"ANumber":"A00000001","Alias":"The Instructor","FirstName":"The","LastName":"Instructor"},"ProcessLabel":null,"ProcessType":3,"PublicKey":null}
04/13/2016 08:59:34 [14] DEBUG  PostMan                       : Message Delivered
04/13/2016 08:59:34 [14] DEBUG  Conversation                  : LoginConversation, ConversationID: 0.2: Send succeeded.
04/13/2016 08:59:40 [14] DEBUG  LoginConversation             : Creating login request. 
04/13/2016 08:59:40 [14] DEBUG  InitiatedConversation         : LoginConversation, ConversationID: 0.2: Conversation Id  for Initiated conversation: 0.2
04/13/2016 08:59:40 [14] DEBUG  Conversation                  : LoginConversation, ConversationID: 0.2: Setting Message IDs
04/13/2016 08:59:40 [14] DEBUG  Conversation                  : LoginConversation, ConversationID: 0.2: Conversation is initiating send.
04/13/2016 08:59:40 [14] DEBUG  PostMan                       : Sending UDP (Messages.RequestMessages.LoginRequest, MessageID: 0.2, ConversationID: 0.2)
Endpoint: 127.0.0.1:12000
JSON: {"__type":"LoginRequest:#Messages.RequestMessages","ConvId":{"Pid":0,"Seq":2},"MsgId":{"Pid":0,"Seq":2},"Identity":{"ANumber":"A00000001","Alias":"The Instructor","FirstName":"The","LastName":"Instructor"},"ProcessLabel":null,"ProcessType":3,"PublicKey":null}
04/13/2016 08:59:40 [14] DEBUG  PostMan                       : Message Delivered
04/13/2016 08:59:40 [14] DEBUG  Conversation                  : LoginConversation, ConversationID: 0.2: Send succeeded.
04/13/2016 08:59:44 [14] ERROR  Conversation                  : LoginConversation, ConversationID: 0.2: Conversation Failed
04/13/2016 08:59:44 [14] ERROR  Conversation                  : LoginConversation, ConversationID: 0.2: Conversation Ending
04/13/2016 08:59:44 [14] INFO   Conversation                  : Conversation Failed
04/13/2016 08:59:44 [14] INFO   BackgroundThread              : Stopping 
04/13/2016 08:59:44 [14] DEBUG  BackgroundThread              : Leaving Stop
04/13/2016 08:59:45 [10] DEBUG  PlayerProcess                 : In Process Login function.
04/13/2016 08:59:45 [10] DEBUG  ConversationFactory           : Creating Conversation of type LoginConversation
04/13/2016 08:59:45 [10] DEBUG  Dispatcher                    : Adding Conversation Player.Conversation.LoginConversation, 0.3
04/13/2016 08:59:45 [10] DEBUG  Dispatcher                    :       New Queue ID: 0.3
04/13/2016 08:59:45 [10] INFO   BackgroundThread              : Starting 
04/13/2016 08:59:47 [11] DEBUG  LoginConversation             : Creating login request. 
04/13/2016 08:59:47 [11] DEBUG  InitiatedConversation         : LoginConversation, ConversationID: 0.3: Conversation Id  for Initiated conversation: 0.3
04/13/2016 08:59:47 [11] DEBUG  Conversation                  : LoginConversation, ConversationID: 0.3: Setting Message IDs
04/13/2016 08:59:47 [11] DEBUG  Conversation                  : LoginConversation, ConversationID: 0.3: Conversation is initiating send.
04/13/2016 08:59:47 [11] DEBUG  PostMan                       : Sending UDP (Messages.RequestMessages.LoginRequest, MessageID: 0.3, ConversationID: 0.3)
Endpoint: 127.0.0.1:12000
JSON: {"__type":"LoginRequest:#Messages.RequestMessages","ConvId":{"Pid":0,"Seq":3},"MsgId":{"Pid":0,"Seq":3},"Identity":{"ANumber":"A00000001","Alias":"The Instructor","FirstName":"The","LastName":"Instructor"},"ProcessLabel":null,"ProcessType":3,"PublicKey":null}
04/13/2016 08:59:47 [11] DEBUG  PostMan                       : Message Delivered
04/13/2016 08:59:47 [11] DEBUG  Conversation                  : LoginConversation, ConversationID: 0.3: Send succeeded.
04/13/2016 08:59:53 [11] DEBUG  LoginConversation             : Creating login request. 
04/13/2016 08:59:53 [11] DEBUG  InitiatedConversation         : LoginConversation, ConversationID: 0.3: Conversation Id  for Initiated conversation: 0.3
04/13/2016 08:59:53 [11] DEBUG  Conversation                  : LoginConversation, ConversationID: 0.3: Setting Message IDs
04/13/2016 08:59:53 [11] DEBUG  Conversation                  : LoginConversation, ConversationID: 0.3: Conversation is initiating send.
04/13/2016 08:59:53 [11] DEBUG  PostMan                       : Sending UDP (Messages.RequestMessages.LoginRequest, MessageID: 0.3, ConversationID: 0.3)
Endpoint: 127.0.0.1:12000
JSON: {"__type":"LoginRequest:#Messages.RequestMessages","ConvId":{"Pid":0,"Seq":3},"MsgId":{"Pid":0,"Seq":3},"Identity":{"ANumber":"A00000001","Alias":"The Instructor","FirstName":"The","LastName":"Instructor"},"ProcessLabel":null,"ProcessType":3,"PublicKey":null}
04/13/2016 08:59:53 [11] DEBUG  PostMan                       : Message Delivered
04/13/2016 08:59:53 [11] DEBUG  Conversation                  : LoginConversation, ConversationID: 0.3: Send succeeded.
04/13/2016 08:59:59 [11] DEBUG  LoginConversation             : Creating login request. 
04/13/2016 08:59:59 [11] DEBUG  InitiatedConversation         : LoginConversation, ConversationID: 0.3: Conversation Id  for Initiated conversation: 0.3
04/13/2016 08:59:59 [11] DEBUG  Conversation                  : LoginConversation, ConversationID: 0.3: Setting Message IDs
04/13/2016 08:59:59 [11] DEBUG  Conversation                  : LoginConversation, ConversationID: 0.3: Conversation is initiating send.
04/13/2016 08:59:59 [11] DEBUG  PostMan                       : Sending UDP (Messages.RequestMessages.LoginRequest, MessageID: 0.3, ConversationID: 0.3)
Endpoint: 127.0.0.1:12000
JSON: {"__type":"LoginRequest:#Messages.RequestMessages","ConvId":{"Pid":0,"Seq":3},"MsgId":{"Pid":0,"Seq":3},"Identity":{"ANumber":"A00000001","Alias":"The Instructor","FirstName":"The","LastName":"Instructor"},"ProcessLabel":null,"ProcessType":3,"PublicKey":null}
04/13/2016 08:59:59 [11] DEBUG  PostMan                       : Message Delivered
04/13/2016 08:59:59 [11] DEBUG  Conversation                  : LoginConversation, ConversationID: 0.3: Send succeeded.
04/13/2016 09:00:04 [11] ERROR  Conversation                  : LoginConversation, ConversationID: 0.3: Conversation Failed
04/13/2016 09:00:04 [11] ERROR  Conversation                  : LoginConversation, ConversationID: 0.3: Conversation Ending
04/13/2016 09:00:04 [11] INFO   Conversation                  : Conversation Failed
04/13/2016 09:00:04 [11] INFO   BackgroundThread              : Stopping 
04/13/2016 09:00:04 [11] DEBUG  BackgroundThread              : Leaving Stop
04/13/2016 09:00:04 [10] DEBUG  PlayerProcess                 : In Process Login function.
04/13/2016 09:00:04 [10] DEBUG  ConversationFactory           : Creating Conversation of type LoginConversation
04/13/2016 09:00:04 [10] DEBUG  Dispatcher                    : Adding Conversation Player.Conversation.LoginConversation, 0.4
04/13/2016 09:00:04 [10] DEBUG  Dispatcher                    :       New Queue ID: 0.4
04/13/2016 09:00:04 [10] INFO   BackgroundThread              : Starting 
04/13/2016 09:00:06 [14] DEBUG  LoginConversation             : Creating login request. 
04/13/2016 09:00:06 [14] DEBUG  InitiatedConversation         : LoginConversation, ConversationID: 0.4: Conversation Id  for Initiated conversation: 0.4
04/13/2016 09:00:06 [14] DEBUG  Conversation                  : LoginConversation, ConversationID: 0.4: Setting Message IDs
04/13/2016 09:00:06 [14] DEBUG  Conversation                  : LoginConversation, ConversationID: 0.4: Conversation is initiating send.
04/13/2016 09:00:06 [14] DEBUG  PostMan                       : Sending UDP (Messages.RequestMessages.LoginRequest, MessageID: 0.4, ConversationID: 0.4)
Endpoint: 127.0.0.1:12000
JSON: {"__type":"LoginRequest:#Messages.RequestMessages","ConvId":{"Pid":0,"Seq":4},"MsgId":{"Pid":0,"Seq":4},"Identity":{"ANumber":"A00000001","Alias":"The Instructor","FirstName":"The","LastName":"Instructor"},"ProcessLabel":null,"ProcessType":3,"PublicKey":null}
04/13/2016 09:00:06 [14] DEBUG  PostMan                       : Message Delivered
04/13/2016 09:00:06 [14] DEBUG  Conversation                  : LoginConversation, ConversationID: 0.4: Send succeeded.
04/13/2016 09:00:12 [14] DEBUG  LoginConversation             : Creating login request. 
04/13/2016 09:00:12 [14] DEBUG  InitiatedConversation         : LoginConversation, ConversationID: 0.4: Conversation Id  for Initiated conversation: 0.4
04/13/2016 09:00:12 [14] DEBUG  Conversation                  : LoginConversation, ConversationID: 0.4: Setting Message IDs
04/13/2016 09:00:12 [14] DEBUG  Conversation                  : LoginConversation, ConversationID: 0.4: Conversation is initiating send.
04/13/2016 09:00:12 [14] DEBUG  PostMan                       : Sending UDP (Messages.RequestMessages.LoginRequest, MessageID: 0.4, ConversationID: 0.4)
Endpoint: 127.0.0.1:12000
JSON: {"__type":"LoginRequest:#Messages.RequestMessages","ConvId":{"Pid":0,"Seq":4},"MsgId":{"Pid":0,"Seq":4},"Identity":{"ANumber":"A00000001","Alias":"The Instructor","FirstName":"The","LastName":"Instructor"},"ProcessLabel":null,"ProcessType":3,"PublicKey":null}
04/13/2016 09:00:12 [14] DEBUG  PostMan                       : Message Delivered
04/13/2016 09:00:12 [14] DEBUG  Conversation                  : LoginConversation, ConversationID: 0.4: Send succeeded.
04/13/2016 09:00:19 [14] DEBUG  LoginConversation             : Creating login request. 
04/13/2016 09:00:19 [14] DEBUG  InitiatedConversation         : LoginConversation, ConversationID: 0.4: Conversation Id  for Initiated conversation: 0.4
04/13/2016 09:00:19 [14] DEBUG  Conversation                  : LoginConversation, ConversationID: 0.4: Setting Message IDs
04/13/2016 09:00:19 [14] DEBUG  Conversation                  : LoginConversation, ConversationID: 0.4: Conversation is initiating send.
04/13/2016 09:00:19 [14] DEBUG  PostMan                       : Sending UDP (Messages.RequestMessages.LoginRequest, MessageID: 0.4, ConversationID: 0.4)
Endpoint: 127.0.0.1:12000
JSON: {"__type":"LoginRequest:#Messages.RequestMessages","ConvId":{"Pid":0,"Seq":4},"MsgId":{"Pid":0,"Seq":4},"Identity":{"ANumber":"A00000001","Alias":"The Instructor","FirstName":"The","LastName":"Instructor"},"ProcessLabel":null,"ProcessType":3,"PublicKey":null}
04/13/2016 09:00:19 [14] DEBUG  PostMan                       : Message Delivered
04/13/2016 09:00:19 [14] DEBUG  Conversation                  : LoginConversation, ConversationID: 0.4: Send succeeded.
04/13/2016 09:00:23 [14] ERROR  Conversation                  : LoginConversation, ConversationID: 0.4: Conversation Failed
04/13/2016 09:00:23 [14] ERROR  Conversation                  : LoginConversation, ConversationID: 0.4: Conversation Ending
04/13/2016 09:00:23 [14] INFO   Conversation                  : Conversation Failed
04/13/2016 09:00:23 [14] INFO   BackgroundThread              : Stopping 
04/13/2016 09:00:23 [14] DEBUG  BackgroundThread              : Leaving Stop
04/13/2016 09:00:23 [10] DEBUG  PlayerProcess                 : In Process Login function.
04/13/2016 09:00:23 [10] DEBUG  ConversationFactory           : Creating Conversation of type LoginConversation
04/13/2016 09:00:23 [10] DEBUG  Dispatcher                    : Adding Conversation Player.Conversation.LoginConversation, 0.5
04/13/2016 09:00:23 [10] DEBUG  Dispatcher                    :       New Queue ID: 0.5
04/13/2016 09:00:23 [10] INFO   BackgroundThread              : Starting 
04/13/2016 09:00:25 [13] DEBUG  LoginConversation             : Creating login request. 
04/13/2016 09:00:25 [13] DEBUG  InitiatedConversation         : LoginConversation, ConversationID: 0.5: Conversation Id  for Initiated conversation: 0.5
04/13/2016 09:00:25 [13] DEBUG  Conversation                  : LoginConversation, ConversationID: 0.5: Setting Message IDs
04/13/2016 09:00:25 [13] DEBUG  Conversation                  : LoginConversation, ConversationID: 0.5: Conversation is initiating send.
04/13/2016 09:00:25 [13] DEBUG  PostMan                       : Sending UDP (Messages.RequestMessages.LoginRequest, MessageID: 0.5, ConversationID: 0.5)
Endpoint: 127.0.0.1:12000
JSON: {"__type":"LoginRequest:#Messages.RequestMessages","ConvId":{"Pid":0,"Seq":5},"MsgId":{"Pid":0,"Seq":5},"Identity":{"ANumber":"A00000001","Alias":"The Instructor","FirstName":"The","LastName":"Instructor"},"ProcessLabel":null,"ProcessType":3,"PublicKey":null}
04/13/2016 09:00:25 [13] DEBUG  PostMan                       : Message Delivered
04/13/2016 09:00:25 [13] DEBUG  Conversation                  : LoginConversation, ConversationID: 0.5: Send succeeded.
04/13/2016 09:00:32 [13] DEBUG  LoginConversation             : Creating login request. 
04/13/2016 09:00:32 [13] DEBUG  InitiatedConversation         : LoginConversation, ConversationID: 0.5: Conversation Id  for Initiated conversation: 0.5
04/13/2016 09:00:32 [13] DEBUG  Conversation                  : LoginConversation, ConversationID: 0.5: Setting Message IDs
04/13/2016 09:00:32 [13] DEBUG  Conversation                  : LoginConversation, ConversationID: 0.5: Conversation is initiating send.
04/13/2016 09:00:32 [13] DEBUG  PostMan                       : Sending UDP (Messages.RequestMessages.LoginRequest, MessageID: 0.5, ConversationID: 0.5)
Endpoint: 127.0.0.1:12000
JSON: {"__type":"LoginRequest:#Messages.RequestMessages","ConvId":{"Pid":0,"Seq":5},"MsgId":{"Pid":0,"Seq":5},"Identity":{"ANumber":"A00000001","Alias":"The Instructor","FirstName":"The","LastName":"Instructor"},"ProcessLabel":null,"ProcessType":3,"PublicKey":null}
04/13/2016 09:00:32 [13] DEBUG  PostMan                       : Message Delivered
04/13/2016 09:00:32 [13] DEBUG  Conversation                  : LoginConversation, ConversationID: 0.5: Send succeeded.
04/13/2016 09:00:38 [13] DEBUG  LoginConversation             : Creating login request. 
04/13/2016 09:00:38 [13] DEBUG  InitiatedConversation         : LoginConversation, ConversationID: 0.5: Conversation Id  for Initiated conversation: 0.5
04/13/2016 09:00:38 [13] DEBUG  Conversation                  : LoginConversation, ConversationID: 0.5: Setting Message IDs
04/13/2016 09:00:38 [13] DEBUG  Conversation                  : LoginConversation, ConversationID: 0.5: Conversation is initiating send.
04/13/2016 09:00:38 [13] DEBUG  PostMan                       : Sending UDP (Messages.RequestMessages.LoginRequest, MessageID: 0.5, ConversationID: 0.5)
Endpoint: 127.0.0.1:12000
JSON: {"__type":"LoginRequest:#Messages.RequestMessages","ConvId":{"Pid":0,"Seq":5},"MsgId":{"Pid":0,"Seq":5},"Identity":{"ANumber":"A00000001","Alias":"The Instructor","FirstName":"The","LastName":"Instructor"},"ProcessLabel":null,"ProcessType":3,"PublicKey":null}
04/13/2016 09:00:38 [13] DEBUG  PostMan                       : Message Delivered
04/13/2016 09:00:38 [13] DEBUG  Conversation                  : LoginConversation, ConversationID: 0.5: Send succeeded.
04/13/2016 09:00:42 [13] ERROR  Conversation                  : LoginConversation, ConversationID: 0.5: Conversation Failed
04/13/2016 09:00:42 [13] ERROR  Conversation                  : LoginConversation, ConversationID: 0.5: Conversation Ending
04/13/2016 09:00:42 [13] INFO   Conversation                  : Conversation Failed
04/13/2016 09:00:42 [13] INFO   BackgroundThread              : Stopping 
04/13/2016 09:00:42 [13] DEBUG  BackgroundThread              : Leaving Stop
04/13/2016 09:00:42 [10] DEBUG  PlayerProcess                 : In Process Login function.
04/13/2016 09:00:42 [10] DEBUG  ConversationFactory           : Creating Conversation of type LoginConversation
04/13/2016 09:00:42 [10] DEBUG  Dispatcher                    : Adding Conversation Player.Conversation.LoginConversation, 0.6
04/13/2016 09:00:42 [10] DEBUG  Dispatcher                    :       New Queue ID: 0.6
04/13/2016 09:00:42 [10] INFO   BackgroundThread              : Starting 
04/13/2016 09:00:45 [14] DEBUG  LoginConversation             : Creating login request. 
04/13/2016 09:00:45 [14] DEBUG  InitiatedConversation         : LoginConversation, ConversationID: 0.6: Conversation Id  for Initiated conversation: 0.6
04/13/2016 09:00:45 [14] DEBUG  Conversation                  : LoginConversation, ConversationID: 0.6: Setting Message IDs
04/13/2016 09:00:45 [14] DEBUG  Conversation                  : LoginConversation, ConversationID: 0.6: Conversation is initiating send.
04/13/2016 09:00:45 [14] DEBUG  PostMan                       : Sending UDP (Messages.RequestMessages.LoginRequest, MessageID: 0.6, ConversationID: 0.6)
Endpoint: 127.0.0.1:12000
JSON: {"__type":"LoginRequest:#Messages.RequestMessages","ConvId":{"Pid":0,"Seq":6},"MsgId":{"Pid":0,"Seq":6},"Identity":{"ANumber":"A00000001","Alias":"The Instructor","FirstName":"The","LastName":"Instructor"},"ProcessLabel":null,"ProcessType":3,"PublicKey":null}
04/13/2016 09:00:45 [14] DEBUG  PostMan                       : Message Delivered
04/13/2016 09:00:45 [14] DEBUG  Conversation                  : LoginConversation, ConversationID: 0.6: Send succeeded.
04/13/2016 09:00:51 [14] DEBUG  LoginConversation             : Creating login request. 
04/13/2016 09:00:51 [14] DEBUG  InitiatedConversation         : LoginConversation, ConversationID: 0.6: Conversation Id  for Initiated conversation: 0.6
04/13/2016 09:00:51 [14] DEBUG  Conversation                  : LoginConversation, ConversationID: 0.6: Setting Message IDs
04/13/2016 09:00:51 [14] DEBUG  Conversation                  : LoginConversation, ConversationID: 0.6: Conversation is initiating send.
04/13/2016 09:00:51 [14] DEBUG  PostMan                       : Sending UDP (Messages.RequestMessages.LoginRequest, MessageID: 0.6, ConversationID: 0.6)
Endpoint: 127.0.0.1:12000
JSON: {"__type":"LoginRequest:#Messages.RequestMessages","ConvId":{"Pid":0,"Seq":6},"MsgId":{"Pid":0,"Seq":6},"Identity":{"ANumber":"A00000001","Alias":"The Instructor","FirstName":"The","LastName":"Instructor"},"ProcessLabel":null,"ProcessType":3,"PublicKey":null}
04/13/2016 09:00:51 [14] DEBUG  PostMan                       : Message Delivered
04/13/2016 09:00:51 [14] DEBUG  Conversation                  : LoginConversation, ConversationID: 0.6: Send succeeded.
04/13/2016 09:00:57 [14] DEBUG  LoginConversation             : Creating login request. 
04/13/2016 09:00:57 [14] DEBUG  InitiatedConversation         : LoginConversation, ConversationID: 0.6: Conversation Id  for Initiated conversation: 0.6
04/13/2016 09:00:57 [14] DEBUG  Conversation                  : LoginConversation, ConversationID: 0.6: Setting Message IDs
04/13/2016 09:00:57 [14] DEBUG  Conversation                  : LoginConversation, ConversationID: 0.6: Conversation is initiating send.
04/13/2016 09:00:57 [14] DEBUG  PostMan                       : Sending UDP (Messages.RequestMessages.LoginRequest, MessageID: 0.6, ConversationID: 0.6)
Endpoint: 127.0.0.1:12000
JSON: {"__type":"LoginRequest:#Messages.RequestMessages","ConvId":{"Pid":0,"Seq":6},"MsgId":{"Pid":0,"Seq":6},"Identity":{"ANumber":"A00000001","Alias":"The Instructor","FirstName":"The","LastName":"Instructor"},"ProcessLabel":null,"ProcessType":3,"PublicKey":null}
04/13/2016 09:00:57 [14] DEBUG  PostMan                       : Message Delivered
04/13/2016 09:00:57 [14] DEBUG  Conversation                  : LoginConversation, ConversationID: 0.6: Send succeeded.
04/13/2016 09:01:02 [14] ERROR  Conversation                  : LoginConversation, ConversationID: 0.6: Conversation Failed
04/13/2016 09:01:02 [14] ERROR  Conversation                  : LoginConversation, ConversationID: 0.6: Conversation Ending
04/13/2016 09:01:02 [14] INFO   Conversation                  : Conversation Failed
04/13/2016 09:01:02 [14] INFO   BackgroundThread              : Stopping 
04/13/2016 09:01:02 [14] DEBUG  BackgroundThread              : Leaving Stop
04/13/2016 09:01:02 [10] DEBUG  PlayerProcess                 : In Process Login function.
04/13/2016 09:01:02 [10] DEBUG  ConversationFactory           : Creating Conversation of type LoginConversation
04/13/2016 09:01:02 [10] DEBUG  Dispatcher                    : Adding Conversation Player.Conversation.LoginConversation, 0.7
04/13/2016 09:01:02 [10] DEBUG  Dispatcher                    :       New Queue ID: 0.7
04/13/2016 09:01:02 [10] INFO   BackgroundThread              : Starting 
04/13/2016 09:01:04 [11] DEBUG  LoginConversation             : Creating login request. 
04/13/2016 09:01:04 [11] DEBUG  InitiatedConversation         : LoginConversation, ConversationID: 0.7: Conversation Id  for Initiated conversation: 0.7
04/13/2016 09:01:04 [11] DEBUG  Conversation                  : LoginConversation, ConversationID: 0.7: Setting Message IDs
04/13/2016 09:01:04 [11] DEBUG  Conversation                  : LoginConversation, ConversationID: 0.7: Conversation is initiating send.
04/13/2016 09:01:04 [11] DEBUG  PostMan                       : Sending UDP (Messages.RequestMessages.LoginRequest, MessageID: 0.7, ConversationID: 0.7)
Endpoint: 127.0.0.1:12000
JSON: {"__type":"LoginRequest:#Messages.RequestMessages","ConvId":{"Pid":0,"Seq":7},"MsgId":{"Pid":0,"Seq":7},"Identity":{"ANumber":"A00000001","Alias":"The Instructor","FirstName":"The","LastName":"Instructor"},"ProcessLabel":null,"ProcessType":3,"PublicKey":null}
04/13/2016 09:01:04 [11] DEBUG  PostMan                       : Message Delivered
04/13/2016 09:01:04 [11] DEBUG  Conversation                  : LoginConversation, ConversationID: 0.7: Send succeeded.
04/13/2016 09:01:10 [11] DEBUG  LoginConversation             : Creating login request. 
04/13/2016 09:01:10 [11] DEBUG  InitiatedConversation         : LoginConversation, ConversationID: 0.7: Conversation Id  for Initiated conversation: 0.7
04/13/2016 09:01:10 [11] DEBUG  Conversation                  : LoginConversation, ConversationID: 0.7: Setting Message IDs
04/13/2016 09:01:10 [11] DEBUG  Conversation                  : LoginConversation, ConversationID: 0.7: Conversation is initiating send.
04/13/2016 09:01:10 [11] DEBUG  PostMan                       : Sending UDP (Messages.RequestMessages.LoginRequest, MessageID: 0.7, ConversationID: 0.7)
Endpoint: 127.0.0.1:12000
JSON: {"__type":"LoginRequest:#Messages.RequestMessages","ConvId":{"Pid":0,"Seq":7},"MsgId":{"Pid":0,"Seq":7},"Identity":{"ANumber":"A00000001","Alias":"The Instructor","FirstName":"The","LastName":"Instructor"},"ProcessLabel":null,"ProcessType":3,"PublicKey":null}
04/13/2016 09:01:10 [11] DEBUG  PostMan                       : Message Delivered
04/13/2016 09:01:10 [11] DEBUG  Conversation                  : LoginConversation, ConversationID: 0.7: Send succeeded.
04/13/2016 09:01:17 [11] DEBUG  LoginConversation             : Creating login request. 
04/13/2016 09:01:17 [11] DEBUG  InitiatedConversation         : LoginConversation, ConversationID: 0.7: Conversation Id  for Initiated conversation: 0.7
04/13/2016 09:01:17 [11] DEBUG  Conversation                  : LoginConversation, ConversationID: 0.7: Setting Message IDs
04/13/2016 09:01:17 [11] DEBUG  Conversation                  : LoginConversation, ConversationID: 0.7: Conversation is initiating send.
04/13/2016 09:01:17 [11] DEBUG  PostMan                       : Sending UDP (Messages.RequestMessages.LoginRequest, MessageID: 0.7, ConversationID: 0.7)
Endpoint: 127.0.0.1:12000
JSON: {"__type":"LoginRequest:#Messages.RequestMessages","ConvId":{"Pid":0,"Seq":7},"MsgId":{"Pid":0,"Seq":7},"Identity":{"ANumber":"A00000001","Alias":"The Instructor","FirstName":"The","LastName":"Instructor"},"ProcessLabel":null,"ProcessType":3,"PublicKey":null}
04/13/2016 09:01:17 [11] DEBUG  PostMan                       : Message Delivered
04/13/2016 09:01:17 [11] DEBUG  Conversation                  : LoginConversation, ConversationID: 0.7: Send succeeded.
04/13/2016 09:01:21 [11] ERROR  Conversation                  : LoginConversation, ConversationID: 0.7: Conversation Failed
04/13/2016 09:01:21 [11] ERROR  Conversation                  : LoginConversation, ConversationID: 0.7: Conversation Ending
04/13/2016 09:01:21 [11] INFO   Conversation                  : Conversation Failed
04/13/2016 09:01:21 [11] INFO   BackgroundThread              : Stopping 
04/13/2016 09:01:21 [11] DEBUG  BackgroundThread              : Leaving Stop
04/13/2016 09:01:21 [10] DEBUG  PlayerProcess                 : In Process Login function.
04/13/2016 09:01:21 [10] DEBUG  ConversationFactory           : Creating Conversation of type LoginConversation
04/13/2016 09:01:21 [10] DEBUG  Dispatcher                    : Adding Conversation Player.Conversation.LoginConversation, 0.8
04/13/2016 09:01:21 [10] DEBUG  Dispatcher                    :       New Queue ID: 0.8
04/13/2016 09:01:21 [10] INFO   BackgroundThread              : Starting 
04/13/2016 09:01:23 [14] DEBUG  LoginConversation             : Creating login request. 
04/13/2016 09:01:23 [14] DEBUG  InitiatedConversation         : LoginConversation, ConversationID: 0.8: Conversation Id  for Initiated conversation: 0.8
04/13/2016 09:01:23 [14] DEBUG  Conversation                  : LoginConversation, ConversationID: 0.8: Setting Message IDs
04/13/2016 09:01:23 [14] DEBUG  Conversation                  : LoginConversation, ConversationID: 0.8: Conversation is initiating send.
04/13/2016 09:01:23 [14] DEBUG  PostMan                       : Sending UDP (Messages.RequestMessages.LoginRequest, MessageID: 0.8, ConversationID: 0.8)
Endpoint: 127.0.0.1:12000
JSON: {"__type":"LoginRequest:#Messages.RequestMessages","ConvId":{"Pid":0,"Seq":8},"MsgId":{"Pid":0,"Seq":8},"Identity":{"ANumber":"A00000001","Alias":"The Instructor","FirstName":"The","LastName":"Instructor"},"ProcessLabel":null,"ProcessType":3,"PublicKey":null}
04/13/2016 09:01:23 [14] DEBUG  PostMan                       : Message Delivered
04/13/2016 09:01:23 [14] DEBUG  Conversation                  : LoginConversation, ConversationID: 0.8: Send succeeded.
04/13/2016 09:01:29 [14] DEBUG  LoginConversation             : Creating login request. 
04/13/2016 09:01:29 [14] DEBUG  InitiatedConversation         : LoginConversation, ConversationID: 0.8: Conversation Id  for Initiated conversation: 0.8
04/13/2016 09:01:29 [14] DEBUG  Conversation                  : LoginConversation, ConversationID: 0.8: Setting Message IDs
04/13/2016 09:01:29 [14] DEBUG  Conversation                  : LoginConversation, ConversationID: 0.8: Conversation is initiating send.
04/13/2016 09:01:29 [14] DEBUG  PostMan                       : Sending UDP (Messages.RequestMessages.LoginRequest, MessageID: 0.8, ConversationID: 0.8)
Endpoint: 127.0.0.1:12000
JSON: {"__type":"LoginRequest:#Messages.RequestMessages","ConvId":{"Pid":0,"Seq":8},"MsgId":{"Pid":0,"Seq":8},"Identity":{"ANumber":"A00000001","Alias":"The Instructor","FirstName":"The","LastName":"Instructor"},"ProcessLabel":null,"ProcessType":3,"PublicKey":null}
04/13/2016 09:01:29 [14] DEBUG  PostMan                       : Message Delivered
04/13/2016 09:01:29 [14] DEBUG  Conversation                  : LoginConversation, ConversationID: 0.8: Send succeeded.
04/13/2016 09:01:36 [14] DEBUG  LoginConversation             : Creating login request. 
04/13/2016 09:01:36 [14] DEBUG  InitiatedConversation         : LoginConversation, ConversationID: 0.8: Conversation Id  for Initiated conversation: 0.8
04/13/2016 09:01:36 [14] DEBUG  Conversation                  : LoginConversation, ConversationID: 0.8: Setting Message IDs
04/13/2016 09:01:36 [14] DEBUG  Conversation                  : LoginConversation, ConversationID: 0.8: Conversation is initiating send.
04/13/2016 09:01:36 [14] DEBUG  PostMan                       : Sending UDP (Messages.RequestMessages.LoginRequest, MessageID: 0.8, ConversationID: 0.8)
Endpoint: 127.0.0.1:12000
JSON: {"__type":"LoginRequest:#Messages.RequestMessages","ConvId":{"Pid":0,"Seq":8},"MsgId":{"Pid":0,"Seq":8},"Identity":{"ANumber":"A00000001","Alias":"The Instructor","FirstName":"The","LastName":"Instructor"},"ProcessLabel":null,"ProcessType":3,"PublicKey":null}
04/13/2016 09:01:36 [14] DEBUG  PostMan                       : Message Delivered
04/13/2016 09:01:36 [14] DEBUG  Conversation                  : LoginConversation, ConversationID: 0.8: Send succeeded.
04/13/2016 09:01:40 [14] ERROR  Conversation                  : LoginConversation, ConversationID: 0.8: Conversation Failed
04/13/2016 09:01:40 [14] ERROR  Conversation                  : LoginConversation, ConversationID: 0.8: Conversation Ending
04/13/2016 09:01:40 [14] INFO   Conversation                  : Conversation Failed
04/13/2016 09:01:40 [14] INFO   BackgroundThread              : Stopping 
04/13/2016 09:01:40 [14] DEBUG  BackgroundThread              : Leaving Stop
04/13/2016 09:01:40 [10] DEBUG  PlayerProcess                 : In Process Login function.
04/13/2016 09:01:40 [10] DEBUG  ConversationFactory           : Creating Conversation of type LoginConversation
04/13/2016 09:01:40 [10] DEBUG  Dispatcher                    : Adding Conversation Player.Conversation.LoginConversation, 0.9
04/13/2016 09:01:40 [10] DEBUG  Dispatcher                    :       New Queue ID: 0.9
04/13/2016 09:01:40 [10] INFO   BackgroundThread              : Starting 
04/13/2016 09:01:42 [13] DEBUG  LoginConversation             : Creating login request. 
04/13/2016 09:01:42 [13] DEBUG  InitiatedConversation         : LoginConversation, ConversationID: 0.9: Conversation Id  for Initiated conversation: 0.9
04/13/2016 09:01:42 [13] DEBUG  Conversation                  : LoginConversation, ConversationID: 0.9: Setting Message IDs
04/13/2016 09:01:42 [13] DEBUG  Conversation                  : LoginConversation, ConversationID: 0.9: Conversation is initiating send.
04/13/2016 09:01:42 [13] DEBUG  PostMan                       : Sending UDP (Messages.RequestMessages.LoginRequest, MessageID: 0.9, ConversationID: 0.9)
Endpoint: 127.0.0.1:12000
JSON: {"__type":"LoginRequest:#Messages.RequestMessages","ConvId":{"Pid":0,"Seq":9},"MsgId":{"Pid":0,"Seq":9},"Identity":{"ANumber":"A00000001","Alias":"The Instructor","FirstName":"The","LastName":"Instructor"},"ProcessLabel":null,"ProcessType":3,"PublicKey":null}
04/13/2016 09:01:42 [13] DEBUG  PostMan                       : Message Delivered
04/13/2016 09:01:42 [13] DEBUG  Conversation                  : LoginConversation, ConversationID: 0.9: Send succeeded.
04/13/2016 09:01:49 [13] DEBUG  LoginConversation             : Creating login request. 
04/13/2016 09:01:49 [13] DEBUG  InitiatedConversation         : LoginConversation, ConversationID: 0.9: Conversation Id  for Initiated conversation: 0.9
04/13/2016 09:01:49 [13] DEBUG  Conversation                  : LoginConversation, ConversationID: 0.9: Setting Message IDs
04/13/2016 09:01:49 [13] DEBUG  Conversation                  : LoginConversation, ConversationID: 0.9: Conversation is initiating send.
04/13/2016 09:01:49 [13] DEBUG  PostMan                       : Sending UDP (Messages.RequestMessages.LoginRequest, MessageID: 0.9, ConversationID: 0.9)
Endpoint: 127.0.0.1:12000
JSON: {"__type":"LoginRequest:#Messages.RequestMessages","ConvId":{"Pid":0,"Seq":9},"MsgId":{"Pid":0,"Seq":9},"Identity":{"ANumber":"A00000001","Alias":"The Instructor","FirstName":"The","LastName":"Instructor"},"ProcessLabel":null,"ProcessType":3,"PublicKey":null}
04/13/2016 09:01:49 [13] DEBUG  PostMan                       : Message Delivered
04/13/2016 09:01:49 [13] DEBUG  Conversation                  : LoginConversation, ConversationID: 0.9: Send succeeded.
04/13/2016 09:01:55 [13] DEBUG  LoginConversation             : Creating login request. 
04/13/2016 09:01:55 [13] DEBUG  InitiatedConversation         : LoginConversation, ConversationID: 0.9: Conversation Id  for Initiated conversation: 0.9
04/13/2016 09:01:55 [13] DEBUG  Conversation                  : LoginConversation, ConversationID: 0.9: Setting Message IDs
04/13/2016 09:01:55 [13] DEBUG  Conversation                  : LoginConversation, ConversationID: 0.9: Conversation is initiating send.
04/13/2016 09:01:55 [13] DEBUG  PostMan                       : Sending UDP (Messages.RequestMessages.LoginRequest, MessageID: 0.9, ConversationID: 0.9)
Endpoint: 127.0.0.1:12000
JSON: {"__type":"LoginRequest:#Messages.RequestMessages","ConvId":{"Pid":0,"Seq":9},"MsgId":{"Pid":0,"Seq":9},"Identity":{"ANumber":"A00000001","Alias":"The Instructor","FirstName":"The","LastName":"Instructor"},"ProcessLabel":null,"ProcessType":3,"PublicKey":null}
04/13/2016 09:01:55 [13] DEBUG  PostMan                       : Message Delivered
04/13/2016 09:01:55 [13] DEBUG  Conversation                  : LoginConversation, ConversationID: 0.9: Send succeeded.
04/13/2016 09:01:59 [13] ERROR  Conversation                  : LoginConversation, ConversationID: 0.9: Conversation Failed
04/13/2016 09:01:59 [13] ERROR  Conversation                  : LoginConversation, ConversationID: 0.9: Conversation Ending
04/13/2016 09:01:59 [13] INFO   Conversation                  : Conversation Failed
04/13/2016 09:01:59 [13] INFO   BackgroundThread              : Stopping 
04/13/2016 09:01:59 [13] DEBUG  BackgroundThread              : Leaving Stop
04/13/2016 09:01:59 [10] DEBUG  PlayerProcess                 : In Process Login function.
04/13/2016 09:01:59 [10] DEBUG  ConversationFactory           : Creating Conversation of type LoginConversation
04/13/2016 09:01:59 [10] DEBUG  Dispatcher                    : Adding Conversation Player.Conversation.LoginConversation, 0.10
04/13/2016 09:01:59 [10] DEBUG  Dispatcher                    :       New Queue ID: 0.10
04/13/2016 09:01:59 [10] INFO   BackgroundThread              : Starting 
04/13/2016 09:02:02 [14] DEBUG  LoginConversation             : Creating login request. 
04/13/2016 09:02:02 [14] DEBUG  InitiatedConversation         : LoginConversation, ConversationID: 0.10: Conversation Id  for Initiated conversation: 0.10
04/13/2016 09:02:02 [14] DEBUG  Conversation                  : LoginConversation, ConversationID: 0.10: Setting Message IDs
04/13/2016 09:02:02 [14] DEBUG  Conversation                  : LoginConversation, ConversationID: 0.10: Conversation is initiating send.
04/13/2016 09:02:02 [14] DEBUG  PostMan                       : Sending UDP (Messages.RequestMessages.LoginRequest, MessageID: 0.10, ConversationID: 0.10)
Endpoint: 127.0.0.1:12000
JSON: {"__type":"LoginRequest:#Messages.RequestMessages","ConvId":{"Pid":0,"Seq":10},"MsgId":{"Pid":0,"Seq":10},"Identity":{"ANumber":"A00000001","Alias":"The Instructor","FirstName":"The","LastName":"Instructor"},"ProcessLabel":null,"ProcessType":3,"PublicKey":null}
04/13/2016 09:02:02 [14] DEBUG  PostMan                       : Message Delivered
04/13/2016 09:02:02 [14] DEBUG  Conversation                  : LoginConversation, ConversationID: 0.10: Send succeeded.
04/13/2016 09:02:08 [14] DEBUG  LoginConversation             : Creating login request. 
04/13/2016 09:02:08 [14] DEBUG  InitiatedConversation         : LoginConversation, ConversationID: 0.10: Conversation Id  for Initiated conversation: 0.10
04/13/2016 09:02:08 [14] DEBUG  Conversation                  : LoginConversation, ConversationID: 0.10: Setting Message IDs
04/13/2016 09:02:08 [14] DEBUG  Conversation                  : LoginConversation, ConversationID: 0.10: Conversation is initiating send.
04/13/2016 09:02:08 [14] DEBUG  PostMan                       : Sending UDP (Messages.RequestMessages.LoginRequest, MessageID: 0.10, ConversationID: 0.10)
Endpoint: 127.0.0.1:12000
JSON: {"__type":"LoginRequest:#Messages.RequestMessages","ConvId":{"Pid":0,"Seq":10},"MsgId":{"Pid":0,"Seq":10},"Identity":{"ANumber":"A00000001","Alias":"The Instructor","FirstName":"The","LastName":"Instructor"},"ProcessLabel":null,"ProcessType":3,"PublicKey":null}
04/13/2016 09:02:08 [14] DEBUG  PostMan                       : Message Delivered
04/13/2016 09:02:08 [14] DEBUG  Conversation                  : LoginConversation, ConversationID: 0.10: Send succeeded.
04/13/2016 09:02:15 [14] DEBUG  LoginConversation             : Creating login request. 
04/13/2016 09:02:15 [14] DEBUG  InitiatedConversation         : LoginConversation, ConversationID: 0.10: Conversation Id  for Initiated conversation: 0.10
04/13/2016 09:02:15 [14] DEBUG  Conversation                  : LoginConversation, ConversationID: 0.10: Setting Message IDs
04/13/2016 09:02:15 [14] DEBUG  Conversation                  : LoginConversation, ConversationID: 0.10: Conversation is initiating send.
04/13/2016 09:02:15 [14] DEBUG  PostMan                       : Sending UDP (Messages.RequestMessages.LoginRequest, MessageID: 0.10, ConversationID: 0.10)
Endpoint: 127.0.0.1:12000
JSON: {"__type":"LoginRequest:#Messages.RequestMessages","ConvId":{"Pid":0,"Seq":10},"MsgId":{"Pid":0,"Seq":10},"Identity":{"ANumber":"A00000001","Alias":"The Instructor","FirstName":"The","LastName":"Instructor"},"ProcessLabel":null,"ProcessType":3,"PublicKey":null}
04/13/2016 09:02:15 [14] DEBUG  PostMan                       : Message Delivered
04/13/2016 09:02:15 [14] DEBUG  Conversation                  : LoginConversation, ConversationID: 0.10: Send succeeded.
04/13/2016 09:02:19 [14] ERROR  Conversation                  : LoginConversation, ConversationID: 0.10: Conversation Failed
04/13/2016 09:02:19 [14] ERROR  Conversation                  : LoginConversation, ConversationID: 0.10: Conversation Ending
04/13/2016 09:02:19 [14] INFO   Conversation                  : Conversation Failed
04/13/2016 09:02:19 [14] INFO   BackgroundThread              : Stopping 
04/13/2016 09:02:19 [14] DEBUG  BackgroundThread              : Leaving Stop
04/13/2016 09:02:19 [10] DEBUG  PlayerProcess                 : In Process Login function.
04/13/2016 09:02:19 [10] DEBUG  ConversationFactory           : Creating Conversation of type LoginConversation
04/13/2016 09:02:19 [10] DEBUG  Dispatcher                    : Adding Conversation Player.Conversation.LoginConversation, 0.11
04/13/2016 09:02:19 [10] DEBUG  Dispatcher                    :       New Queue ID: 0.11
04/13/2016 09:02:19 [10] INFO   BackgroundThread              : Starting 
04/13/2016 09:02:21 [13] DEBUG  LoginConversation             : Creating login request. 
04/13/2016 09:02:21 [13] DEBUG  InitiatedConversation         : LoginConversation, ConversationID: 0.11: Conversation Id  for Initiated conversation: 0.11
04/13/2016 09:02:21 [13] DEBUG  Conversation                  : LoginConversation, ConversationID: 0.11: Setting Message IDs
04/13/2016 09:02:21 [13] DEBUG  Conversation                  : LoginConversation, ConversationID: 0.11: Conversation is initiating send.
04/13/2016 09:02:21 [13] DEBUG  PostMan                       : Sending UDP (Messages.RequestMessages.LoginRequest, MessageID: 0.11, ConversationID: 0.11)
Endpoint: 127.0.0.1:12000
JSON: {"__type":"LoginRequest:#Messages.RequestMessages","ConvId":{"Pid":0,"Seq":11},"MsgId":{"Pid":0,"Seq":11},"Identity":{"ANumber":"A00000001","Alias":"The Instructor","FirstName":"The","LastName":"Instructor"},"ProcessLabel":null,"ProcessType":3,"PublicKey":null}
04/13/2016 09:02:21 [13] DEBUG  PostMan                       : Message Delivered
04/13/2016 09:02:21 [13] DEBUG  Conversation                  : LoginConversation, ConversationID: 0.11: Send succeeded.
04/13/2016 09:02:28 [13] DEBUG  LoginConversation             : Creating login request. 
04/13/2016 09:02:28 [13] DEBUG  InitiatedConversation         : LoginConversation, ConversationID: 0.11: Conversation Id  for Initiated conversation: 0.11
04/13/2016 09:02:28 [13] DEBUG  Conversation                  : LoginConversation, ConversationID: 0.11: Setting Message IDs
04/13/2016 09:02:28 [13] DEBUG  Conversation                  : LoginConversation, ConversationID: 0.11: Conversation is initiating send.
04/13/2016 09:02:28 [13] DEBUG  PostMan                       : Sending UDP (Messages.RequestMessages.LoginRequest, MessageID: 0.11, ConversationID: 0.11)
Endpoint: 127.0.0.1:12000
JSON: {"__type":"LoginRequest:#Messages.RequestMessages","ConvId":{"Pid":0,"Seq":11},"MsgId":{"Pid":0,"Seq":11},"Identity":{"ANumber":"A00000001","Alias":"The Instructor","FirstName":"The","LastName":"Instructor"},"ProcessLabel":null,"ProcessType":3,"PublicKey":null}
04/13/2016 09:02:28 [13] DEBUG  PostMan                       : Message Delivered
04/13/2016 09:02:28 [13] DEBUG  Conversation                  : LoginConversation, ConversationID: 0.11: Send succeeded.
04/13/2016 09:02:34 [13] DEBUG  LoginConversation             : Creating login request. 
04/13/2016 09:02:34 [13] DEBUG  InitiatedConversation         : LoginConversation, ConversationID: 0.11: Conversation Id  for Initiated conversation: 0.11
04/13/2016 09:02:34 [13] DEBUG  Conversation                  : LoginConversation, ConversationID: 0.11: Setting Message IDs
04/13/2016 09:02:34 [13] DEBUG  Conversation                  : LoginConversation, ConversationID: 0.11: Conversation is initiating send.
04/13/2016 09:02:34 [13] DEBUG  PostMan                       : Sending UDP (Messages.RequestMessages.LoginRequest, MessageID: 0.11, ConversationID: 0.11)
Endpoint: 127.0.0.1:12000
JSON: {"__type":"LoginRequest:#Messages.RequestMessages","ConvId":{"Pid":0,"Seq":11},"MsgId":{"Pid":0,"Seq":11},"Identity":{"ANumber":"A00000001","Alias":"The Instructor","FirstName":"The","LastName":"Instructor"},"ProcessLabel":null,"ProcessType":3,"PublicKey":null}
04/13/2016 09:02:34 [13] DEBUG  PostMan                       : Message Delivered
04/13/2016 09:02:34 [13] DEBUG  Conversation                  : LoginConversation, ConversationID: 0.11: Send succeeded.
04/13/2016 09:02:39 [13] ERROR  Conversation                  : LoginConversation, ConversationID: 0.11: Conversation Failed
04/13/2016 09:02:39 [13] ERROR  Conversation                  : LoginConversation, ConversationID: 0.11: Conversation Ending
04/13/2016 09:02:39 [13] INFO   Conversation                  : Conversation Failed
04/13/2016 09:02:39 [13] INFO   BackgroundThread              : Stopping 
04/13/2016 09:02:39 [13] DEBUG  BackgroundThread              : Leaving Stop
04/13/2016 09:02:39 [10] DEBUG  PlayerProcess                 : In Process Login function.
04/13/2016 09:02:39 [10] DEBUG  ConversationFactory           : Creating Conversation of type LoginConversation
04/13/2016 09:02:39 [10] DEBUG  Dispatcher                    : Adding Conversation Player.Conversation.LoginConversation, 0.12
04/13/2016 09:02:39 [10] DEBUG  Dispatcher                    :       New Queue ID: 0.12
04/13/2016 09:02:39 [10] INFO   BackgroundThread              : Starting 
04/13/2016 09:02:41 [14] DEBUG  LoginConversation             : Creating login request. 
04/13/2016 09:02:41 [14] DEBUG  InitiatedConversation         : LoginConversation, ConversationID: 0.12: Conversation Id  for Initiated conversation: 0.12
04/13/2016 09:02:41 [14] DEBUG  Conversation                  : LoginConversation, ConversationID: 0.12: Setting Message IDs
04/13/2016 09:02:41 [14] DEBUG  Conversation                  : LoginConversation, ConversationID: 0.12: Conversation is initiating send.
04/13/2016 09:02:41 [14] DEBUG  PostMan                       : Sending UDP (Messages.RequestMessages.LoginRequest, MessageID: 0.12, ConversationID: 0.12)
Endpoint: 127.0.0.1:12000
JSON: {"__type":"LoginRequest:#Messages.RequestMessages","ConvId":{"Pid":0,"Seq":12},"MsgId":{"Pid":0,"Seq":12},"Identity":{"ANumber":"A00000001","Alias":"The Instructor","FirstName":"The","LastName":"Instructor"},"ProcessLabel":null,"ProcessType":3,"PublicKey":null}
04/13/2016 09:02:41 [14] DEBUG  PostMan                       : Message Delivered
04/13/2016 09:02:41 [14] DEBUG  Conversation                  : LoginConversation, ConversationID: 0.12: Send succeeded.
04/13/2016 09:02:47 [14] DEBUG  LoginConversation             : Creating login request. 
04/13/2016 09:02:47 [14] DEBUG  InitiatedConversation         : LoginConversation, ConversationID: 0.12: Conversation Id  for Initiated conversation: 0.12
04/13/2016 09:02:47 [14] DEBUG  Conversation                  : LoginConversation, ConversationID: 0.12: Setting Message IDs
04/13/2016 09:02:47 [14] DEBUG  Conversation                  : LoginConversation, ConversationID: 0.12: Conversation is initiating send.
04/13/2016 09:02:47 [14] DEBUG  PostMan                       : Sending UDP (Messages.RequestMessages.LoginRequest, MessageID: 0.12, ConversationID: 0.12)
Endpoint: 127.0.0.1:12000
JSON: {"__type":"LoginRequest:#Messages.RequestMessages","ConvId":{"Pid":0,"Seq":12},"MsgId":{"Pid":0,"Seq":12},"Identity":{"ANumber":"A00000001","Alias":"The Instructor","FirstName":"The","LastName":"Instructor"},"ProcessLabel":null,"ProcessType":3,"PublicKey":null}
04/13/2016 09:02:47 [14] DEBUG  PostMan                       : Message Delivered
04/13/2016 09:02:48 [14] DEBUG  Conversation                  : LoginConversation, ConversationID: 0.12: Send succeeded.
04/13/2016 09:02:54 [14] DEBUG  LoginConversation             : Creating login request. 
04/13/2016 09:02:54 [14] DEBUG  InitiatedConversation         : LoginConversation, ConversationID: 0.12: Conversation Id  for Initiated conversation: 0.12
04/13/2016 09:02:54 [14] DEBUG  Conversation                  : LoginConversation, ConversationID: 0.12: Setting Message IDs
04/13/2016 09:02:54 [14] DEBUG  Conversation                  : LoginConversation, ConversationID: 0.12: Conversation is initiating send.
04/13/2016 09:02:54 [14] DEBUG  PostMan                       : Sending UDP (Messages.RequestMessages.LoginRequest, MessageID: 0.12, ConversationID: 0.12)
Endpoint: 127.0.0.1:12000
JSON: {"__type":"LoginRequest:#Messages.RequestMessages","ConvId":{"Pid":0,"Seq":12},"MsgId":{"Pid":0,"Seq":12},"Identity":{"ANumber":"A00000001","Alias":"The Instructor","FirstName":"The","LastName":"Instructor"},"ProcessLabel":null,"ProcessType":3,"PublicKey":null}
04/13/2016 09:02:54 [14] DEBUG  PostMan                       : Message Delivered
04/13/2016 09:02:54 [14] DEBUG  Conversation                  : LoginConversation, ConversationID: 0.12: Send succeeded.
04/13/2016 09:02:58 [14] ERROR  Conversation                  : LoginConversation, ConversationID: 0.12: Conversation Failed
04/13/2016 09:02:58 [14] ERROR  Conversation                  : LoginConversation, ConversationID: 0.12: Conversation Ending
04/13/2016 09:02:58 [14] INFO   Conversation                  : Conversation Failed
04/13/2016 09:02:58 [14] INFO   BackgroundThread              : Stopping 
04/13/2016 09:02:58 [14] DEBUG  BackgroundThread              : Leaving Stop
04/13/2016 09:02:58 [10] DEBUG  PlayerProcess                 : In Process Login function.
04/13/2016 09:02:58 [10] DEBUG  ConversationFactory           : Creating Conversation of type LoginConversation
04/13/2016 09:02:58 [10] DEBUG  Dispatcher                    : Adding Conversation Player.Conversation.LoginConversation, 0.13
04/13/2016 09:02:58 [10] DEBUG  Dispatcher                    :       New Queue ID: 0.13
04/13/2016 09:02:58 [10] INFO   BackgroundThread              : Starting 
04/13/2016 09:03:01 [13] DEBUG  LoginConversation             : Creating login request. 
04/13/2016 09:03:01 [13] DEBUG  InitiatedConversation         : LoginConversation, ConversationID: 0.13: Conversation Id  for Initiated conversation: 0.13
04/13/2016 09:03:01 [13] DEBUG  Conversation                  : LoginConversation, ConversationID: 0.13: Setting Message IDs
04/13/2016 09:03:01 [13] DEBUG  Conversation                  : LoginConversation, ConversationID: 0.13: Conversation is initiating send.
04/13/2016 09:03:01 [13] DEBUG  PostMan                       : Sending UDP (Messages.RequestMessages.LoginRequest, MessageID: 0.13, ConversationID: 0.13)
Endpoint: 127.0.0.1:12000
JSON: {"__type":"LoginRequest:#Messages.RequestMessages","ConvId":{"Pid":0,"Seq":13},"MsgId":{"Pid":0,"Seq":13},"Identity":{"ANumber":"A00000001","Alias":"The Instructor","FirstName":"The","LastName":"Instructor"},"ProcessLabel":null,"ProcessType":3,"PublicKey":null}
04/13/2016 09:03:01 [13] DEBUG  PostMan                       : Message Delivered
04/13/2016 09:03:01 [13] DEBUG  Conversation                  : LoginConversation, ConversationID: 0.13: Send succeeded.
04/13/2016 09:03:07 [13] DEBUG  LoginConversation             : Creating login request. 
04/13/2016 09:03:07 [13] DEBUG  InitiatedConversation         : LoginConversation, ConversationID: 0.13: Conversation Id  for Initiated conversation: 0.13
04/13/2016 09:03:07 [13] DEBUG  Conversation                  : LoginConversation, ConversationID: 0.13: Setting Message IDs
04/13/2016 09:03:07 [13] DEBUG  Conversation                  : LoginConversation, ConversationID: 0.13: Conversation is initiating send.
04/13/2016 09:03:07 [13] DEBUG  PostMan                       : Sending UDP (Messages.RequestMessages.LoginRequest, MessageID: 0.13, ConversationID: 0.13)
Endpoint: 127.0.0.1:12000
JSON: {"__type":"LoginRequest:#Messages.RequestMessages","ConvId":{"Pid":0,"Seq":13},"MsgId":{"Pid":0,"Seq":13},"Identity":{"ANumber":"A00000001","Alias":"The Instructor","FirstName":"The","LastName":"Instructor"},"ProcessLabel":null,"ProcessType":3,"PublicKey":null}
04/13/2016 09:03:07 [13] DEBUG  PostMan                       : Message Delivered
04/13/2016 09:03:07 [13] DEBUG  Conversation                  : LoginConversation, ConversationID: 0.13: Send succeeded.
04/13/2016 09:03:13 [13] DEBUG  LoginConversation             : Creating login request. 
04/13/2016 09:03:13 [13] DEBUG  InitiatedConversation         : LoginConversation, ConversationID: 0.13: Conversation Id  for Initiated conversation: 0.13
04/13/2016 09:03:14 [13] DEBUG  Conversation                  : LoginConversation, ConversationID: 0.13: Setting Message IDs
04/13/2016 09:03:14 [13] DEBUG  Conversation                  : LoginConversation, ConversationID: 0.13: Conversation is initiating send.
04/13/2016 09:03:14 [13] DEBUG  PostMan                       : Sending UDP (Messages.RequestMessages.LoginRequest, MessageID: 0.13, ConversationID: 0.13)
Endpoint: 127.0.0.1:12000
JSON: {"__type":"LoginRequest:#Messages.RequestMessages","ConvId":{"Pid":0,"Seq":13},"MsgId":{"Pid":0,"Seq":13},"Identity":{"ANumber":"A00000001","Alias":"The Instructor","FirstName":"The","LastName":"Instructor"},"ProcessLabel":null,"ProcessType":3,"PublicKey":null}
04/13/2016 09:03:14 [13] DEBUG  PostMan                       : Message Delivered
04/13/2016 09:03:14 [13] DEBUG  Conversation                  : LoginConversation, ConversationID: 0.13: Send succeeded.
