04/07/2016 10:20:31 [ 7] DEBUG  PlayerConnection              : Using Local Settings.
04/07/2016 10:20:31 [ 7] DEBUG  PlayerConnection              : Starting Application. 
04/07/2016 10:20:31 [ 7] DEBUG  PlayerProcess                 : Initializeing Player Subsystem.
04/07/2016 10:20:31 [ 7] DEBUG  PostMan                       : Port is: 10000
04/07/2016 10:20:31 [ 7] DEBUG  PlayerProcess                 : Initializing Player Details.
04/07/2016 10:20:31 [ 7] INFO   BackgroundThread              : Starting 
04/07/2016 10:20:31 [10] INFO   BackgroundThread              : Starting 
04/07/2016 10:20:31 [10] DEBUG  PlayerProcess                 : In Process Login function.
04/07/2016 10:20:31 [10] DEBUG  Dispatcher                    : Adding Conversation Player.Conversation.LoginConversation, 0.1
04/07/2016 10:20:31 [10] DEBUG  Dispatcher                    :       New Queue ID: 0.1
04/07/2016 10:20:31 [10] INFO   BackgroundThread              : Starting 
04/07/2016 10:20:31 [11] DEBUG  LoginConversation             : Creating login request. 
04/07/2016 10:20:31 [11] DEBUG  InitiatedConversation         : Conversation Id  for initiated conversation: 0.1
04/07/2016 10:20:31 [11] DEBUG  PostMan                       : Sending UDP (Messages.RequestMessages.LoginRequest)
04/07/2016 10:20:31 [11] DEBUG  PostMan                       : MessageId: 0.1ConversationId: 0.1
04/07/2016 10:20:31 [11] DEBUG  PostMan                       : Message Delivered
04/07/2016 10:20:31 [12] DEBUG  PostMan                       : Message Received!
04/07/2016 10:20:31 [12] DEBUG  PostMan                       : Raw Message: 
04/07/2016 10:20:31 [12] DEBUG  PostMan                       : {"__type":"LoginReply:#Messages.ReplyMessages","ConvId":{"Pid":0,"Seq":1},"MsgId":{"Pid":1,"Seq":10},"Note":"Logged in","Success":true,"PennyBankEndPoint":{"Host":"127.0.0.1","Port":12003},"PennyBankPublicKey":null,"ProcessInfo":{"EndPoint":{"Host":"127.0.0.1","Port":10000},"Label":"The Instructor","ProcessId":7,"Status":3,"Type":3},"ProxyEndPoint":{"Host":"127.0.0.1","Port":12002}}
04/07/2016 10:20:31 [12] DEBUG  PostMan                       : Message ID: 1.10, ConversationId: 0.1
04/07/2016 10:20:31 [12] DEBUG  Dispatcher                    : Received (Messages.ReplyMessages.LoginReply)
04/07/2016 10:20:31 [12] DEBUG  Dispatcher                    : MessageId: 1.10ConversationId: 0.1
04/07/2016 10:20:36 [11] DEBUG  LoginConversation             : Received a login reply message.
04/07/2016 10:20:36 [11] INFO   BackgroundThread              : Stopping 
04/07/2016 10:20:36 [11] DEBUG  BackgroundThread              : Leaving Stop
04/07/2016 10:20:36 [10] DEBUG  PlayerProcess                 : In Process GetGameList function.
04/07/2016 10:20:36 [10] DEBUG  Dispatcher                    : Adding Conversation Player.Conversation.GameListConversation, 7.2
04/07/2016 10:20:36 [10] DEBUG  Dispatcher                    :       New Queue ID: 7.2
04/07/2016 10:20:36 [10] INFO   BackgroundThread              : Starting 
04/07/2016 10:20:36 [15] DEBUG  GameListConversation          : Queuing game list request. 
04/07/2016 10:20:36 [15] DEBUG  InitiatedConversation         : Conversation Id  for initiated conversation: 7.2
04/07/2016 10:20:36 [15] DEBUG  PostMan                       : Sending UDP (Messages.RequestMessages.GameListRequest)
04/07/2016 10:20:36 [15] DEBUG  PostMan                       : MessageId: 7.2ConversationId: 7.2
04/07/2016 10:20:36 [15] DEBUG  PostMan                       : Message Delivered
04/07/2016 10:20:36 [12] DEBUG  PostMan                       : Message Received!
04/07/2016 10:20:36 [12] DEBUG  PostMan                       : Raw Message: 
04/07/2016 10:20:36 [12] DEBUG  PostMan                       : {"__type":"GameListReply:#Messages.ReplyMessages","ConvId":{"Pid":7,"Seq":2},"MsgId":{"Pid":1,"Seq":11},"Note":null,"Success":true,"GameInfo":[{"CurrentProcesses":[{"HasUmbrellaRaised":false,"HitPoints":0,"LifePoints":100,"ProcessId":5,"Type":5},{"HasUmbrellaRaised":false,"HitPoints":0,"LifePoints":100,"ProcessId":4,"Type":5},{"HasUmbrellaRaised":false,"HitPoints":0,"LifePoints":100,"ProcessId":6,"Type":4}],"GameId":3,"GameManagerId":2,"Label":"GM13486's 1st Game","MaxPlayers":5,"MinPlayers":2,"StartingPlayers":[],"Status":4,"Winners":null}]}
04/07/2016 10:20:36 [12] DEBUG  PostMan                       : Message ID: 1.11, ConversationId: 7.2
04/07/2016 10:20:36 [12] DEBUG  Dispatcher                    : Received (Messages.ReplyMessages.GameListReply)
04/07/2016 10:20:36 [12] DEBUG  Dispatcher                    : MessageId: 1.11ConversationId: 7.2
04/07/2016 10:20:39 [12] DEBUG  PostMan                       : Message Received!
04/07/2016 10:20:39 [12] DEBUG  PostMan                       : Raw Message: 
04/07/2016 10:20:39 [12] DEBUG  PostMan                       : {"__type":"AliveRequest:#Messages.RequestMessages","ConvId":{"Pid":1,"Seq":16},"MsgId":{"Pid":1,"Seq":16}}
04/07/2016 10:20:40 [12] DEBUG  PostMan                       : Message ID: 1.16, ConversationId: 1.16
04/07/2016 10:20:40 [12] DEBUG  Dispatcher                    : Received (Messages.RequestMessages.AliveRequest)
04/07/2016 10:20:40 [12] DEBUG  Dispatcher                    : MessageId: 1.16ConversationId: 1.16
04/07/2016 10:20:40 [12] DEBUG  Dispatcher                    : Conversation  with id= 1.16 does not exist, trying to create new conversation.
04/07/2016 10:20:40 [12] DEBUG  Dispatcher                    : Adding Conversation Player.Conversation.AliveConversation, 1.16
04/07/2016 10:20:40 [12] DEBUG  Dispatcher                    :       New Queue ID: 1.16
04/07/2016 10:20:40 [12] INFO   BackgroundThread              : Starting 
04/07/2016 10:20:40 [11] DEBUG  AliveConversation             : Creating Alive Response
04/07/2016 10:20:40 [11] DEBUG  ResponseConversation          : Conversation Id  for Response conversation: 1.16
04/07/2016 10:20:40 [11] DEBUG  PostMan                       : Sending UDP (Messages.ReplyMessages.Reply)
04/07/2016 10:20:40 [11] DEBUG  PostMan                       : MessageId: 1.16ConversationId: 7.3
04/07/2016 10:20:40 [11] DEBUG  PostMan                       : Message Delivered
04/07/2016 10:20:41 [15] DEBUG  GameListConversation          : Received a game list reply message.
04/07/2016 10:20:41 [15] INFO   BackgroundThread              : Stopping 
04/07/2016 10:20:41 [10] DEBUG  PlayerProcess                 : Life points is null, game needs to be started.
04/07/2016 10:20:41 [15] DEBUG  BackgroundThread              : Leaving Stop
04/07/2016 10:20:41 [10] DEBUG  Dispatcher                    : Adding Conversation Player.Conversation.JoinGameConversation, 7.4
04/07/2016 10:20:41 [10] DEBUG  Dispatcher                    :       New Queue ID: 7.4
04/07/2016 10:20:41 [10] INFO   BackgroundThread              : Starting 
04/07/2016 10:20:41 [14] DEBUG  JoinGameConversation          : Queuing join game request. 
04/07/2016 10:20:41 [14] DEBUG  JoinGameConversation          : Requesting GameId: 3
04/07/2016 10:20:41 [14] DEBUG  InitiatedConversation         : Conversation Id  for initiated conversation: 7.4
04/07/2016 10:20:41 [14] DEBUG  PostMan                       : Sending UDP (Messages.Routing)
04/07/2016 10:20:41 [14] DEBUG  PostMan                       : MessageId: 7.4ConversationId: 7.4
04/07/2016 10:20:41 [14] DEBUG  PostMan                       : Message Delivered
04/07/2016 10:20:41 [12] DEBUG  PostMan                       : Message Received!
04/07/2016 10:20:41 [12] DEBUG  PostMan                       : Raw Message: 
04/07/2016 10:20:41 [10] DEBUG  PlayerProcess                 : No games available, setting status to 'Registered'
04/07/2016 10:20:41 [12] DEBUG  PostMan                       : {"__type":"Routing:#Messages","ConvId":{"Pid":7,"Seq":4},"MsgId":{"Pid":2,"Seq":19},"InnerMessage":{"__type":"JoinGameReply:#Messages.ReplyMessages","ConvId":{"Pid":7,"Seq":4},"MsgId":{"Pid":2,"Seq":19},"Note":null,"Success":true,"GameId":3,"InitialLifePoints":100},"ToProcessIds":[7]}
04/07/2016 10:20:41 [12] DEBUG  PostMan                       : Message ID: 2.19, ConversationId: 7.4
04/07/2016 10:20:41 [12] DEBUG  Dispatcher                    : Received (Messages.Routing)
04/07/2016 10:20:41 [12] DEBUG  Dispatcher                    : MessageId: 2.19ConversationId: 7.4
04/07/2016 10:20:41 [10] DEBUG  PlayerProcess                 : In Process GetGameList function.
04/07/2016 10:20:41 [10] DEBUG  Dispatcher                    : Adding Conversation Player.Conversation.GameListConversation, 7.5
04/07/2016 10:20:41 [10] DEBUG  Dispatcher                    :       New Queue ID: 7.5
04/07/2016 10:20:41 [10] INFO   BackgroundThread              : Starting 
04/07/2016 10:20:41 [13] DEBUG  GameListConversation          : Queuing game list request. 
04/07/2016 10:20:41 [13] DEBUG  InitiatedConversation         : Conversation Id  for initiated conversation: 7.5
04/07/2016 10:20:41 [13] DEBUG  PostMan                       : Sending UDP (Messages.RequestMessages.GameListRequest)
04/07/2016 10:20:41 [13] DEBUG  PostMan                       : MessageId: 7.5ConversationId: 7.5
04/07/2016 10:20:41 [13] DEBUG  PostMan                       : Message Delivered
04/07/2016 10:20:41 [12] DEBUG  PostMan                       : Message Received!
04/07/2016 10:20:41 [12] DEBUG  PostMan                       : Raw Message: 
04/07/2016 10:20:41 [12] DEBUG  PostMan                       : {"__type":"GameListReply:#Messages.ReplyMessages","ConvId":{"Pid":7,"Seq":5},"MsgId":{"Pid":1,"Seq":19},"Note":null,"Success":true,"GameInfo":[{"CurrentProcesses":[{"HasUmbrellaRaised":false,"HitPoints":0,"LifePoints":100,"ProcessId":5,"Type":5},{"HasUmbrellaRaised":false,"HitPoints":0,"LifePoints":100,"ProcessId":4,"Type":5},{"HasUmbrellaRaised":false,"HitPoints":0,"LifePoints":100,"ProcessId":6,"Type":4},{"HasUmbrellaRaised":false,"HitPoints":0,"LifePoints":100,"ProcessId":7,"Type":3}],"GameId":3,"GameManagerId":2,"Label":"GM13486's 1st Game","MaxPlayers":5,"MinPlayers":2,"StartingPlayers":[],"Status":4,"Winners":null}]}
04/07/2016 10:20:42 [12] DEBUG  PostMan                       : Message ID: 1.19, ConversationId: 7.5
04/07/2016 10:20:42 [12] DEBUG  Dispatcher                    : Received (Messages.ReplyMessages.GameListReply)
04/07/2016 10:20:42 [12] DEBUG  Dispatcher                    : MessageId: 1.19ConversationId: 7.5
04/07/2016 10:20:46 [14] DEBUG  JoinGameConversation          : Received a game join message.
04/07/2016 10:20:46 [14] INFO   BackgroundThread              : Stopping 
04/07/2016 10:20:46 [14] DEBUG  BackgroundThread              : Leaving Stop
04/07/2016 10:20:46 [13] DEBUG  GameListConversation          : Received a game list reply message.
04/07/2016 10:20:46 [13] INFO   BackgroundThread              : Stopping 
04/07/2016 10:20:46 [13] DEBUG  BackgroundThread              : Leaving Stop
04/07/2016 10:21:01 [12] DEBUG  PostMan                       : Message Received!
04/07/2016 10:21:01 [12] DEBUG  PostMan                       : Raw Message: 
04/07/2016 10:21:01 [12] DEBUG  PostMan                       : {"__type":"AllowanceDeliveryRequest:#Messages.RequestMessages","ConvId":{"Pid":1,"Seq":20},"MsgId":{"Pid":1,"Seq":20},"NumberOfPennies":400,"PortNumber":12999}
04/07/2016 10:21:01 [12] DEBUG  PostMan                       : Message ID: 1.20, ConversationId: 1.20
04/07/2016 10:21:01 [12] DEBUG  Dispatcher                    : Received (Messages.RequestMessages.AllowanceDeliveryRequest)
04/07/2016 10:21:01 [12] DEBUG  Dispatcher                    : MessageId: 1.20ConversationId: 1.20
04/07/2016 10:21:01 [12] DEBUG  Dispatcher                    : Conversation  with id= 1.20 does not exist, trying to create new conversation.
04/07/2016 10:21:01 [12] DEBUG  Dispatcher                    : Adding Conversation Player.Conversation.AllowanceDeliveryConversation, 1.20
04/07/2016 10:21:01 [12] DEBUG  Dispatcher                    :       New Queue ID: 1.20
04/07/2016 10:21:01 [12] INFO   BackgroundThread              : Starting 
04/07/2016 10:21:01 [11] DEBUG  AllowanceDeliveryConversation : Received Allowance Delivery Request. 
04/07/2016 10:21:01 [11] DEBUG  AllowanceDeliveryConversation : Creating Reply to Allowance Delivery request. 
04/07/2016 10:21:01 [11] DEBUG  ResponseConversation          : Conversation Id  for Response conversation: 1.20
04/07/2016 10:21:01 [11] DEBUG  PostMan                       : Sending UDP (Messages.ReplyMessages.Reply)
04/07/2016 10:21:01 [11] DEBUG  PostMan                       : MessageId: 1.20ConversationId: 7.6
04/07/2016 10:21:01 [11] DEBUG  PostMan                       : Message Delivered
04/07/2016 10:21:01 [11] DEBUG  TCPStreamReader               : Endpoing is: 0.0.0.0:12999
04/07/2016 10:21:01 [11] INFO   BackgroundThread              : Starting 
04/07/2016 10:21:02 [11] DEBUG  TCPStreamReader               : Opening TCP Socket
04/07/2016 10:21:02 [11] DEBUG  TCPStreamReader               : Binding to local Endpoint
