04/09/2016 04:21:38 [ 8] DEBUG  PlayerConnection              : Using Local Settings.
04/09/2016 04:21:38 [ 8] DEBUG  PlayerConnection              : Starting Application. 
04/09/2016 04:21:38 [ 8] DEBUG  PlayerProcess                 : Initializeing Player Subsystem.
04/09/2016 04:21:38 [ 8] DEBUG  PlayerProcess                 : Initializing Player Details.
04/09/2016 04:21:38 [ 8] INFO   BackgroundThread              : Starting 
04/09/2016 04:21:39 [10] INFO   BackgroundThread              : Starting 
04/09/2016 04:21:39 [10] DEBUG  PlayerProcess                 : In Process Login function.
04/09/2016 04:21:39 [10] DEBUG  Dispatcher                    : Adding Conversation Player.Conversation.LoginConversation, 0.1
04/09/2016 04:21:39 [10] DEBUG  Dispatcher                    :       New Queue ID: 0.1
04/09/2016 04:21:39 [10] INFO   BackgroundThread              : Starting 
04/09/2016 04:21:39 [14] DEBUG  LoginConversation             : Creating login request. 
04/09/2016 04:21:39 [14] DEBUG  InitiatedConversation         : Conversation Id  for initiated conversation: 0.1
04/09/2016 04:21:39 [14] DEBUG  PostMan                       : Sending UDP (Messages.RequestMessages.LoginRequest, MessageID: 0.1, ConversationID: 0.1)
JSON: {"__type":"LoginRequest:#Messages.RequestMessages","ConvId":{"Pid":0,"Seq":1},"MsgId":{"Pid":0,"Seq":1},"Identity":{"ANumber":"A00000001","Alias":"The Instructor","FirstName":"The","LastName":"Instructor"},"ProcessLabel":"The Instructor","ProcessType":3,"PublicKey":null}
04/09/2016 04:21:39 [14] DEBUG  PostMan                       : Message Delivered
04/09/2016 04:21:45 [14] ERROR  LoginConversation             : Login reply was null or LoginReply.Success was false
04/09/2016 04:21:45 [14] INFO   BackgroundThread              : Stopping 
04/09/2016 04:21:45 [14] DEBUG  BackgroundThread              : Leaving Stop
04/09/2016 04:21:45 [10] DEBUG  PlayerProcess                 : In Process Login function.
04/09/2016 04:21:45 [10] DEBUG  Dispatcher                    : Adding Conversation Player.Conversation.LoginConversation, 0.2
04/09/2016 04:21:45 [10] DEBUG  Dispatcher                    :       New Queue ID: 0.2
04/09/2016 04:21:45 [10] INFO   BackgroundThread              : Starting 
04/09/2016 04:21:45 [11] DEBUG  LoginConversation             : Creating login request. 
04/09/2016 04:21:45 [11] DEBUG  InitiatedConversation         : Conversation Id  for initiated conversation: 0.2
04/09/2016 04:21:45 [11] DEBUG  PostMan                       : Sending UDP (Messages.RequestMessages.LoginRequest, MessageID: 0.2, ConversationID: 0.2)
JSON: {"__type":"LoginRequest:#Messages.RequestMessages","ConvId":{"Pid":0,"Seq":2},"MsgId":{"Pid":0,"Seq":2},"Identity":{"ANumber":"A00000001","Alias":"The Instructor","FirstName":"The","LastName":"Instructor"},"ProcessLabel":"The Instructor","ProcessType":3,"PublicKey":null}
04/09/2016 04:21:45 [11] DEBUG  PostMan                       : Message Delivered
04/09/2016 04:21:51 [11] ERROR  LoginConversation             : Login reply was null or LoginReply.Success was false
04/09/2016 04:21:51 [11] INFO   BackgroundThread              : Stopping 
04/09/2016 04:21:51 [11] DEBUG  BackgroundThread              : Leaving Stop
04/09/2016 04:21:51 [10] DEBUG  PlayerProcess                 : In Process Login function.
04/09/2016 04:21:51 [10] DEBUG  Dispatcher                    : Adding Conversation Player.Conversation.LoginConversation, 0.3
04/09/2016 04:21:51 [10] DEBUG  Dispatcher                    :       New Queue ID: 0.3
04/09/2016 04:21:51 [10] INFO   BackgroundThread              : Starting 
04/09/2016 04:21:51 [14] DEBUG  LoginConversation             : Creating login request. 
04/09/2016 04:21:51 [14] DEBUG  InitiatedConversation         : Conversation Id  for initiated conversation: 0.3
04/09/2016 04:21:51 [14] DEBUG  PostMan                       : Sending UDP (Messages.RequestMessages.LoginRequest, MessageID: 0.3, ConversationID: 0.3)
JSON: {"__type":"LoginRequest:#Messages.RequestMessages","ConvId":{"Pid":0,"Seq":3},"MsgId":{"Pid":0,"Seq":3},"Identity":{"ANumber":"A00000001","Alias":"The Instructor","FirstName":"The","LastName":"Instructor"},"ProcessLabel":"The Instructor","ProcessType":3,"PublicKey":null}
04/09/2016 04:21:51 [14] DEBUG  PostMan                       : Message Delivered
04/09/2016 04:21:57 [14] ERROR  LoginConversation             : Login reply was null or LoginReply.Success was false
04/09/2016 04:21:57 [14] INFO   BackgroundThread              : Stopping 
04/09/2016 04:21:57 [14] DEBUG  BackgroundThread              : Leaving Stop
04/09/2016 04:21:57 [10] DEBUG  PlayerProcess                 : In Process Login function.
04/09/2016 04:21:57 [10] DEBUG  Dispatcher                    : Adding Conversation Player.Conversation.LoginConversation, 0.4
04/09/2016 04:21:57 [10] DEBUG  Dispatcher                    :       New Queue ID: 0.4
04/09/2016 04:21:57 [10] INFO   BackgroundThread              : Starting 
04/09/2016 04:21:57 [13] DEBUG  LoginConversation             : Creating login request. 
04/09/2016 04:21:57 [13] DEBUG  InitiatedConversation         : Conversation Id  for initiated conversation: 0.4
04/09/2016 04:21:57 [13] DEBUG  PostMan                       : Sending UDP (Messages.RequestMessages.LoginRequest, MessageID: 0.4, ConversationID: 0.4)
JSON: {"__type":"LoginRequest:#Messages.RequestMessages","ConvId":{"Pid":0,"Seq":4},"MsgId":{"Pid":0,"Seq":4},"Identity":{"ANumber":"A00000001","Alias":"The Instructor","FirstName":"The","LastName":"Instructor"},"ProcessLabel":"The Instructor","ProcessType":3,"PublicKey":null}
04/09/2016 04:21:57 [13] DEBUG  PostMan                       : Message Delivered
04/09/2016 04:22:03 [13] ERROR  LoginConversation             : Login reply was null or LoginReply.Success was false
04/09/2016 04:22:03 [13] INFO   BackgroundThread              : Stopping 
04/09/2016 04:22:03 [13] DEBUG  BackgroundThread              : Leaving Stop
04/09/2016 04:22:03 [10] DEBUG  PlayerProcess                 : In Process Login function.
04/09/2016 04:22:03 [10] DEBUG  Dispatcher                    : Adding Conversation Player.Conversation.LoginConversation, 0.5
04/09/2016 04:22:03 [10] DEBUG  Dispatcher                    :       New Queue ID: 0.5
04/09/2016 04:22:03 [10] INFO   BackgroundThread              : Starting 
04/09/2016 04:22:03 [11] DEBUG  LoginConversation             : Creating login request. 
04/09/2016 04:22:03 [11] DEBUG  InitiatedConversation         : Conversation Id  for initiated conversation: 0.5
04/09/2016 04:22:03 [11] DEBUG  PostMan                       : Sending UDP (Messages.RequestMessages.LoginRequest, MessageID: 0.5, ConversationID: 0.5)
JSON: {"__type":"LoginRequest:#Messages.RequestMessages","ConvId":{"Pid":0,"Seq":5},"MsgId":{"Pid":0,"Seq":5},"Identity":{"ANumber":"A00000001","Alias":"The Instructor","FirstName":"The","LastName":"Instructor"},"ProcessLabel":"The Instructor","ProcessType":3,"PublicKey":null}
04/09/2016 04:22:03 [11] DEBUG  PostMan                       : Message Delivered
04/09/2016 04:22:09 [11] ERROR  LoginConversation             : Login reply was null or LoginReply.Success was false
04/09/2016 04:22:09 [11] INFO   BackgroundThread              : Stopping 
04/09/2016 04:22:09 [11] DEBUG  BackgroundThread              : Leaving Stop
04/09/2016 04:22:09 [10] DEBUG  PlayerProcess                 : In Process Login function.
04/09/2016 04:22:09 [10] DEBUG  Dispatcher                    : Adding Conversation Player.Conversation.LoginConversation, 0.6
04/09/2016 04:22:09 [10] DEBUG  Dispatcher                    :       New Queue ID: 0.6
04/09/2016 04:22:09 [10] INFO   BackgroundThread              : Starting 
04/09/2016 04:22:09 [11] DEBUG  LoginConversation             : Creating login request. 
04/09/2016 04:22:09 [11] DEBUG  InitiatedConversation         : Conversation Id  for initiated conversation: 0.6
04/09/2016 04:22:09 [11] DEBUG  PostMan                       : Sending UDP (Messages.RequestMessages.LoginRequest, MessageID: 0.6, ConversationID: 0.6)
JSON: {"__type":"LoginRequest:#Messages.RequestMessages","ConvId":{"Pid":0,"Seq":6},"MsgId":{"Pid":0,"Seq":6},"Identity":{"ANumber":"A00000001","Alias":"The Instructor","FirstName":"The","LastName":"Instructor"},"ProcessLabel":"The Instructor","ProcessType":3,"PublicKey":null}
04/09/2016 04:22:09 [11] DEBUG  PostMan                       : Message Delivered
04/09/2016 04:22:15 [11] ERROR  LoginConversation             : Login reply was null or LoginReply.Success was false
04/09/2016 04:22:15 [11] INFO   BackgroundThread              : Stopping 
04/09/2016 04:22:15 [11] DEBUG  BackgroundThread              : Leaving Stop
04/09/2016 04:22:15 [10] DEBUG  PlayerProcess                 : In Process Login function.
04/09/2016 04:22:15 [10] DEBUG  Dispatcher                    : Adding Conversation Player.Conversation.LoginConversation, 0.7
04/09/2016 04:22:15 [10] DEBUG  Dispatcher                    :       New Queue ID: 0.7
04/09/2016 04:22:15 [10] INFO   BackgroundThread              : Starting 
04/09/2016 04:22:15 [11] DEBUG  LoginConversation             : Creating login request. 
04/09/2016 04:22:15 [11] DEBUG  InitiatedConversation         : Conversation Id  for initiated conversation: 0.7
04/09/2016 04:22:15 [11] DEBUG  PostMan                       : Sending UDP (Messages.RequestMessages.LoginRequest, MessageID: 0.7, ConversationID: 0.7)
JSON: {"__type":"LoginRequest:#Messages.RequestMessages","ConvId":{"Pid":0,"Seq":7},"MsgId":{"Pid":0,"Seq":7},"Identity":{"ANumber":"A00000001","Alias":"The Instructor","FirstName":"The","LastName":"Instructor"},"ProcessLabel":"The Instructor","ProcessType":3,"PublicKey":null}
04/09/2016 04:22:15 [11] DEBUG  PostMan                       : Message Delivered
04/09/2016 04:22:21 [11] ERROR  LoginConversation             : Login reply was null or LoginReply.Success was false
04/09/2016 04:22:21 [11] INFO   BackgroundThread              : Stopping 
04/09/2016 04:22:21 [11] DEBUG  BackgroundThread              : Leaving Stop
04/09/2016 04:22:21 [10] DEBUG  PlayerProcess                 : In Process Login function.
04/09/2016 04:22:21 [10] DEBUG  Dispatcher                    : Adding Conversation Player.Conversation.LoginConversation, 0.8
04/09/2016 04:22:21 [10] DEBUG  Dispatcher                    :       New Queue ID: 0.8
04/09/2016 04:22:21 [10] INFO   BackgroundThread              : Starting 
04/09/2016 04:22:21 [14] DEBUG  LoginConversation             : Creating login request. 
04/09/2016 04:22:21 [14] DEBUG  InitiatedConversation         : Conversation Id  for initiated conversation: 0.8
04/09/2016 04:22:21 [14] DEBUG  PostMan                       : Sending UDP (Messages.RequestMessages.LoginRequest, MessageID: 0.8, ConversationID: 0.8)
JSON: {"__type":"LoginRequest:#Messages.RequestMessages","ConvId":{"Pid":0,"Seq":8},"MsgId":{"Pid":0,"Seq":8},"Identity":{"ANumber":"A00000001","Alias":"The Instructor","FirstName":"The","LastName":"Instructor"},"ProcessLabel":"The Instructor","ProcessType":3,"PublicKey":null}
04/09/2016 04:22:21 [14] DEBUG  PostMan                       : Message Delivered
04/09/2016 04:22:27 [14] ERROR  LoginConversation             : Login reply was null or LoginReply.Success was false
04/09/2016 04:22:27 [14] INFO   BackgroundThread              : Stopping 
04/09/2016 04:22:27 [14] DEBUG  BackgroundThread              : Leaving Stop
04/09/2016 04:22:27 [10] DEBUG  PlayerProcess                 : In Process Login function.
04/09/2016 04:22:27 [10] DEBUG  Dispatcher                    : Adding Conversation Player.Conversation.LoginConversation, 0.9
04/09/2016 04:22:27 [10] DEBUG  Dispatcher                    :       New Queue ID: 0.9
04/09/2016 04:22:27 [10] INFO   BackgroundThread              : Starting 
04/09/2016 04:22:27 [13] DEBUG  LoginConversation             : Creating login request. 
04/09/2016 04:22:27 [13] DEBUG  InitiatedConversation         : Conversation Id  for initiated conversation: 0.9
04/09/2016 04:22:27 [13] DEBUG  PostMan                       : Sending UDP (Messages.RequestMessages.LoginRequest, MessageID: 0.9, ConversationID: 0.9)
JSON: {"__type":"LoginRequest:#Messages.RequestMessages","ConvId":{"Pid":0,"Seq":9},"MsgId":{"Pid":0,"Seq":9},"Identity":{"ANumber":"A00000001","Alias":"The Instructor","FirstName":"The","LastName":"Instructor"},"ProcessLabel":"The Instructor","ProcessType":3,"PublicKey":null}
04/09/2016 04:22:27 [13] DEBUG  PostMan                       : Message Delivered
