04/12/2016 12:11:06 [ 7] DEBUG  PlayerConnection              : Using Local Settings.
04/12/2016 12:11:06 [ 7] DEBUG  PlayerConnection              : Starting Application. 
04/12/2016 12:11:06 [ 7] DEBUG  PlayerConnection              : Initializing Subsystem
04/12/2016 12:11:06 [ 7] DEBUG  PlayerProcess                 : Initializeing Player Subsystem.
04/12/2016 12:11:06 [ 7] DEBUG  PlayerConnection              : Initializing Player
04/12/2016 12:11:06 [ 7] DEBUG  PlayerProcess                 : Initializing Player Details.
04/12/2016 12:11:06 [ 7] INFO   BackgroundThread              : Starting 
04/12/2016 12:11:06 [ 9] INFO   BackgroundThread              : Starting 
04/12/2016 12:11:07 [ 9] DEBUG  PlayerProcess                 : ------------- At top of Player process loop -------------
04/12/2016 12:11:07 [ 9] DEBUG  PlayerProcess                 : In Process Login function.
04/12/2016 12:11:07 [ 9] DEBUG  ConversationFactory           : Creating Conversation of type LoginConversation
04/12/2016 12:11:07 [ 9] DEBUG  Dispatcher                    : Adding Conversation Player.Conversation.LoginConversation, 0.1
04/12/2016 12:11:07 [ 9] DEBUG  Dispatcher                    :       New Queue ID: 0.1
04/12/2016 12:11:07 [ 9] INFO   BackgroundThread              : Starting 
04/12/2016 12:11:08 [11] DEBUG  LoginConversation             : Creating login request. 
04/12/2016 12:11:08 [11] DEBUG  InitiatedConversation         : LoginConversation, ConversationID: 0.1: Conversation Id  for Initiated conversation: 0.1
04/12/2016 12:11:08 [11] DEBUG  Conversation                  : LoginConversation, ConversationID: 0.1: Setting Message IDs
04/12/2016 12:11:08 [11] DEBUG  Conversation                  : LoginConversation, ConversationID: 0.1: Message has IDs
04/12/2016 12:11:08 [11] DEBUG  Conversation                  : LoginConversation, ConversationID: 0.1: Message is valid
04/12/2016 12:11:08 [11] DEBUG  Conversation                  : LoginConversation, ConversationID: 0.1: Envelope is valid
04/12/2016 12:11:08 [11] DEBUG  Conversation                  : LoginConversation, ConversationID: 0.1: Conversation is initiating send.
04/12/2016 12:11:08 [11] DEBUG  PostMan                       : Sending UDP (Messages.RequestMessages.LoginRequest, MessageID: 0.1, ConversationID: 0.1)
Endpoint: 127.0.0.1:12000
JSON: {"__type":"LoginRequest:#Messages.RequestMessages","ConvId":{"Pid":0,"Seq":1},"MsgId":{"Pid":0,"Seq":1},"Identity":{"ANumber":"A00000001","Alias":"The Instructor","FirstName":"The","LastName":"Instructor"},"ProcessLabel":"The Instructor","ProcessType":3,"PublicKey":null}
04/12/2016 12:11:08 [11] DEBUG  PostMan                       : Message Delivered
04/12/2016 12:11:08 [11] DEBUG  Conversation                  : LoginConversation, ConversationID: 0.1: Send succeeded.
04/12/2016 12:11:08 [10] DEBUG  PostMan                       : Received UDP (Messages.ReplyMessages.LoginReply, MessageID: 1.241, ConversationID: 0.1)
JSON: {"__type":"LoginReply:#Messages.ReplyMessages","ConvId":{"Pid":0,"Seq":1},"MsgId":{"Pid":1,"Seq":241},"Note":"Logged in","Success":true,"PennyBankEndPoint":{"Host":"127.0.0.1","Port":12003},"PennyBankPublicKey":null,"ProcessInfo":{"EndPoint":{"Host":"127.0.0.1","Port":10000},"Label":"The Instructor","ProcessId":9,"Status":3,"Type":3},"ProxyEndPoint":{"Host":"127.0.0.1","Port":12002}}
04/12/2016 12:11:08 [14] INFO   ispatcher+<>c__DisplayClass7_0: New Message Received: (Messages.ReplyMessages.LoginReply)
04/12/2016 12:11:08 [14] INFO   ispatcher+<>c__DisplayClass7_0: MessageId: 1.241ConversationId: 0.1
04/12/2016 12:11:08 [14] DEBUG  Dispatcher                    : Successsfully queued a new message of type LoginReply, for conversation: 0.1
04/12/2016 12:11:08 [11] DEBUG  Conversation                  : LoginConversation, ConversationID: 0.1: Message available!
04/12/2016 12:11:08 [11] DEBUG  Conversation                  : LoginConversation, ConversationID: 0.1: Message has IDs
04/12/2016 12:11:08 [11] DEBUG  Conversation                  : LoginConversation, ConversationID: 0.1: Message is valid
04/12/2016 12:11:08 [11] DEBUG  Conversation                  : LoginConversation, ConversationID: 0.1: Envelope is valid
04/12/2016 12:11:08 [11] DEBUG  Conversation                  : LoginConversation, ConversationID: 0.1: Received Message is valid
04/12/2016 12:11:08 [11] DEBUG  LoginConversation             : Received a login reply message.
04/12/2016 12:11:08 [11] DEBUG  LoginConversation             : Proxy endpoint is 127.0.0.1:12003
04/12/2016 12:11:08 [ 9] DEBUG  PlayerProcess                 : ------------- At top of Player process loop -------------
04/12/2016 12:11:08 [ 9] DEBUG  PlayerProcess                 : In Process GetGameList function.
04/12/2016 12:11:08 [ 9] DEBUG  ConversationFactory           : Creating Conversation of type GameListConversation
04/12/2016 12:11:08 [ 9] DEBUG  Dispatcher                    : Adding Conversation Player.Conversation.GameListConversation, 9.2
04/12/2016 12:11:08 [ 9] DEBUG  Dispatcher                    :       New Queue ID: 9.2
04/12/2016 12:11:08 [ 9] INFO   BackgroundThread              : Starting 
04/12/2016 12:11:09 [14] DEBUG  GameListConversation          : Queuing game list request. 
04/12/2016 12:11:09 [14] DEBUG  InitiatedConversation         : GameListConversation, ConversationID: 9.2: Conversation Id  for Initiated conversation: 9.2
04/12/2016 12:11:09 [14] DEBUG  Conversation                  : GameListConversation, ConversationID: 9.2: Setting Message IDs
04/12/2016 12:11:09 [14] DEBUG  Conversation                  : GameListConversation, ConversationID: 9.2: Message has IDs
04/12/2016 12:11:09 [14] DEBUG  Conversation                  : GameListConversation, ConversationID: 9.2: Message is valid
04/12/2016 12:11:09 [14] DEBUG  Conversation                  : GameListConversation, ConversationID: 9.2: Envelope is valid
04/12/2016 12:11:09 [14] DEBUG  Conversation                  : GameListConversation, ConversationID: 9.2: Conversation is initiating send.
04/12/2016 12:11:10 [14] DEBUG  PostMan                       : Sending UDP (Messages.RequestMessages.GameListRequest, MessageID: 9.2, ConversationID: 9.2)
Endpoint: 127.0.0.1:12000
JSON: {"__type":"GameListRequest:#Messages.RequestMessages","ConvId":{"Pid":9,"Seq":2},"MsgId":{"Pid":9,"Seq":2},"StatusFilter":4}
04/12/2016 12:11:10 [14] DEBUG  PostMan                       : Message Delivered
04/12/2016 12:11:10 [14] DEBUG  Conversation                  : GameListConversation, ConversationID: 9.2: Send succeeded.
04/12/2016 12:11:10 [10] DEBUG  PostMan                       : Received UDP (Messages.ReplyMessages.GameListReply, MessageID: 1.242, ConversationID: 9.2)
JSON: {"__type":"GameListReply:#Messages.ReplyMessages","ConvId":{"Pid":9,"Seq":2},"MsgId":{"Pid":1,"Seq":242},"Note":null,"Success":true,"GameInfo":[{"CurrentProcesses":[{"HasUmbrellaRaised":false,"HitPoints":0,"LifePoints":100,"ProcessId":5,"Type":4},{"HasUmbrellaRaised":false,"HitPoints":0,"LifePoints":100,"ProcessId":4,"Type":5}],"GameId":3,"GameManagerId":2,"Label":"GM67195's 1st Game","MaxPlayers":5,"MinPlayers":3,"StartingPlayers":[],"Status":4,"Winners":null}]}
04/12/2016 12:11:10 [12] INFO   ispatcher+<>c__DisplayClass7_0: New Message Received: (Messages.ReplyMessages.GameListReply)
04/12/2016 12:11:10 [12] INFO   ispatcher+<>c__DisplayClass7_0: MessageId: 1.242ConversationId: 9.2
04/12/2016 12:11:10 [12] DEBUG  Dispatcher                    : Successsfully queued a new message of type GameListReply, for conversation: 9.2
04/12/2016 12:11:10 [14] DEBUG  Conversation                  : GameListConversation, ConversationID: 9.2: Message available!
04/12/2016 12:11:10 [14] DEBUG  Conversation                  : GameListConversation, ConversationID: 9.2: Message has IDs
04/12/2016 12:11:10 [14] DEBUG  Conversation                  : GameListConversation, ConversationID: 9.2: Message is valid
04/12/2016 12:11:10 [14] DEBUG  Conversation                  : GameListConversation, ConversationID: 9.2: Envelope is valid
04/12/2016 12:11:10 [14] DEBUG  Conversation                  : GameListConversation, ConversationID: 9.2: Received Message is valid
04/12/2016 12:11:10 [14] DEBUG  GameListConversation          : Received a game list reply message.
04/12/2016 12:11:11 [10] DEBUG  PostMan                       : Received UDP (Messages.RequestMessages.AliveRequest, MessageID: 1.246, ConversationID: 1.246)
JSON: {"__type":"AliveRequest:#Messages.RequestMessages","ConvId":{"Pid":1,"Seq":246},"MsgId":{"Pid":1,"Seq":246}}
04/12/2016 12:11:11 [11] INFO   ispatcher+<>c__DisplayClass7_0: New Message Received: (Messages.RequestMessages.AliveRequest)
04/12/2016 12:11:11 [11] INFO   ispatcher+<>c__DisplayClass7_0: MessageId: 1.246ConversationId: 1.246
04/12/2016 12:11:11 [11] DEBUG  Dispatcher                    : Conversation  with id= 1.246 does not exist, trying to create new conversation.
04/12/2016 12:11:11 [11] DEBUG  ConversationFactory           : Creating Conversation of type AliveConversation
04/12/2016 12:11:11 [11] DEBUG  Dispatcher                    : Adding Conversation Player.Conversation.AliveConversation, 1.246
04/12/2016 12:11:11 [11] DEBUG  Dispatcher                    :       New Queue ID: 1.246
04/12/2016 12:11:11 [11] DEBUG  Dispatcher                    : Successsfully queued a new message of type AliveRequest, for conversation: 1.246
04/12/2016 12:11:11 [11] INFO   BackgroundThread              : Starting 
04/12/2016 12:11:11 [13] DEBUG  Conversation                  : AliveConversation, ConversationID: 1.246: Message available!
04/12/2016 12:11:11 [13] DEBUG  Conversation                  : AliveConversation, ConversationID: 1.246: Message has IDs
04/12/2016 12:11:11 [13] DEBUG  Conversation                  : AliveConversation, ConversationID: 1.246: Message is valid
04/12/2016 12:11:11 [13] DEBUG  Conversation                  : AliveConversation, ConversationID: 1.246: Envelope is valid
04/12/2016 12:11:11 [13] DEBUG  Conversation                  : AliveConversation, ConversationID: 1.246: Received Message is valid
04/12/2016 12:11:11 [13] DEBUG  AliveConversation             : Creating Alive Response
04/12/2016 12:11:11 [13] DEBUG  ResponseConversation          : AliveConversation, ConversationID: 1.246: Conversation Id  for Response conversation: 1.246
04/12/2016 12:11:11 [13] DEBUG  Conversation                  : AliveConversation, ConversationID: 1.246: Setting Message IDs
04/12/2016 12:11:11 [13] DEBUG  Conversation                  : AliveConversation, ConversationID: 1.246: Message has IDs
04/12/2016 12:11:11 [13] DEBUG  Conversation                  : AliveConversation, ConversationID: 1.246: Message is valid
04/12/2016 12:11:11 [13] DEBUG  Conversation                  : AliveConversation, ConversationID: 1.246: Envelope is valid
04/12/2016 12:11:11 [13] DEBUG  Conversation                  : AliveConversation, ConversationID: 1.246: Conversation is initiating send.
04/12/2016 12:11:11 [13] DEBUG  PostMan                       : Sending UDP (Messages.ReplyMessages.Reply, MessageID: 9.3, ConversationID: 1.246)
Endpoint: 127.0.0.1:12000
JSON: {"__type":"Reply:#Messages.ReplyMessages","ConvId":{"Pid":1,"Seq":246},"MsgId":{"Pid":9,"Seq":3},"Note":"I'm Alive","Success":true}
04/12/2016 12:11:11 [13] DEBUG  PostMan                       : Message Delivered
04/12/2016 12:11:11 [13] DEBUG  Conversation                  : AliveConversation, ConversationID: 1.246: Send succeeded.
04/12/2016 12:11:42 [10] DEBUG  PostMan                       : Received UDP (Messages.RequestMessages.AliveRequest, MessageID: 1.250, ConversationID: 1.250)
JSON: {"__type":"AliveRequest:#Messages.RequestMessages","ConvId":{"Pid":1,"Seq":250},"MsgId":{"Pid":1,"Seq":250}}
04/12/2016 12:11:42 [16] INFO   ispatcher+<>c__DisplayClass7_0: New Message Received: (Messages.RequestMessages.AliveRequest)
04/12/2016 12:11:42 [16] INFO   ispatcher+<>c__DisplayClass7_0: MessageId: 1.250ConversationId: 1.250
04/12/2016 12:11:42 [16] DEBUG  Dispatcher                    : Conversation  with id= 1.250 does not exist, trying to create new conversation.
04/12/2016 12:11:42 [16] DEBUG  ConversationFactory           : Creating Conversation of type AliveConversation
04/12/2016 12:11:42 [16] DEBUG  Dispatcher                    : Adding Conversation Player.Conversation.AliveConversation, 1.250
04/12/2016 12:11:42 [16] DEBUG  Dispatcher                    :       New Queue ID: 1.250
04/12/2016 12:11:42 [16] DEBUG  Dispatcher                    : Successsfully queued a new message of type AliveRequest, for conversation: 1.250
04/12/2016 12:11:42 [16] INFO   BackgroundThread              : Starting 
04/12/2016 12:11:42 [16] DEBUG  Conversation                  : AliveConversation, ConversationID: 1.250: Message available!
04/12/2016 12:11:42 [16] DEBUG  Conversation                  : AliveConversation, ConversationID: 1.250: Message has IDs
04/12/2016 12:11:42 [16] DEBUG  Conversation                  : AliveConversation, ConversationID: 1.250: Message is valid
04/12/2016 12:11:42 [16] DEBUG  Conversation                  : AliveConversation, ConversationID: 1.250: Envelope is valid
04/12/2016 12:11:42 [16] DEBUG  Conversation                  : AliveConversation, ConversationID: 1.250: Received Message is valid
04/12/2016 12:11:42 [16] DEBUG  AliveConversation             : Creating Alive Response
04/12/2016 12:11:42 [16] DEBUG  ResponseConversation          : AliveConversation, ConversationID: 1.250: Conversation Id  for Response conversation: 1.250
04/12/2016 12:11:42 [16] DEBUG  Conversation                  : AliveConversation, ConversationID: 1.250: Setting Message IDs
04/12/2016 12:11:42 [16] DEBUG  Conversation                  : AliveConversation, ConversationID: 1.250: Message has IDs
04/12/2016 12:11:42 [16] DEBUG  Conversation                  : AliveConversation, ConversationID: 1.250: Message is valid
04/12/2016 12:11:42 [16] DEBUG  Conversation                  : AliveConversation, ConversationID: 1.250: Envelope is valid
04/12/2016 12:11:42 [16] DEBUG  Conversation                  : AliveConversation, ConversationID: 1.250: Conversation is initiating send.
04/12/2016 12:11:42 [16] DEBUG  PostMan                       : Sending UDP (Messages.ReplyMessages.Reply, MessageID: 9.4, ConversationID: 1.250)
Endpoint: 127.0.0.1:12000
JSON: {"__type":"Reply:#Messages.ReplyMessages","ConvId":{"Pid":1,"Seq":250},"MsgId":{"Pid":9,"Seq":4},"Note":"I'm Alive","Success":true}
04/12/2016 12:11:42 [16] DEBUG  PostMan                       : Message Delivered
04/12/2016 12:11:42 [16] DEBUG  Conversation                  : AliveConversation, ConversationID: 1.250: Send succeeded.
