04/09/2016 04:48:10 [ 7] DEBUG  PlayerConnection              : Using Local Settings.
04/09/2016 04:48:10 [ 7] DEBUG  PlayerConnection              : Starting Application. 
04/09/2016 04:48:10 [ 7] DEBUG  PlayerProcess                 : Initializeing Player Subsystem.
04/09/2016 04:48:10 [ 7] DEBUG  PlayerProcess                 : Initializing Player Details.
04/09/2016 04:48:10 [ 7] INFO   BackgroundThread              : Starting 
04/09/2016 04:48:10 [ 9] INFO   BackgroundThread              : Starting 
04/09/2016 04:48:10 [ 9] DEBUG  PlayerProcess                 : In Process Login function.
04/09/2016 04:48:10 [ 9] DEBUG  Dispatcher                    : Adding Conversation Player.Conversation.LoginConversation, 0.1
04/09/2016 04:48:10 [ 9] DEBUG  Dispatcher                    :       New Queue ID: 0.1
04/09/2016 04:48:10 [ 9] INFO   BackgroundThread              : Starting 
04/09/2016 04:48:10 [10] DEBUG  LoginConversation             : Creating login request. 
04/09/2016 04:48:10 [10] DEBUG  InitiatedConversation         : Conversation Id  for initiated conversation: 0.1
04/09/2016 04:48:10 [10] DEBUG  PostMan                       : Sending UDP (Messages.RequestMessages.LoginRequest, MessageID: 0.1, ConversationID: 0.1)
JSON: {"__type":"LoginRequest:#Messages.RequestMessages","ConvId":{"Pid":0,"Seq":1},"MsgId":{"Pid":0,"Seq":1},"Identity":{"ANumber":"A00000001","Alias":"The Instructor","FirstName":"The","LastName":"Instructor"},"ProcessLabel":"The Instructor","ProcessType":3,"PublicKey":null}
04/09/2016 04:48:10 [10] DEBUG  PostMan                       : Message Delivered
04/09/2016 04:48:16 [10] ERROR  LoginConversation             : Login reply was null or LoginReply.Success was false
04/09/2016 04:48:16 [10] INFO   BackgroundThread              : Stopping 
04/09/2016 04:48:16 [10] DEBUG  BackgroundThread              : Leaving Stop
04/09/2016 04:48:16 [ 9] DEBUG  PlayerProcess                 : In Process Login function.
04/09/2016 04:48:16 [ 9] DEBUG  Dispatcher                    : Adding Conversation Player.Conversation.LoginConversation, 0.2
04/09/2016 04:48:16 [ 9] DEBUG  Dispatcher                    :       New Queue ID: 0.2
04/09/2016 04:48:16 [ 9] INFO   BackgroundThread              : Starting 
04/09/2016 04:48:16 [10] DEBUG  LoginConversation             : Creating login request. 
04/09/2016 04:48:16 [10] DEBUG  InitiatedConversation         : Conversation Id  for initiated conversation: 0.2
04/09/2016 04:48:16 [10] DEBUG  PostMan                       : Sending UDP (Messages.RequestMessages.LoginRequest, MessageID: 0.2, ConversationID: 0.2)
JSON: {"__type":"LoginRequest:#Messages.RequestMessages","ConvId":{"Pid":0,"Seq":2},"MsgId":{"Pid":0,"Seq":2},"Identity":{"ANumber":"A00000001","Alias":"The Instructor","FirstName":"The","LastName":"Instructor"},"ProcessLabel":"The Instructor","ProcessType":3,"PublicKey":null}
04/09/2016 04:48:16 [10] DEBUG  PostMan                       : Message Delivered
04/09/2016 04:48:22 [10] ERROR  LoginConversation             : Login reply was null or LoginReply.Success was false
04/09/2016 04:48:22 [10] INFO   BackgroundThread              : Stopping 
04/09/2016 04:48:22 [10] DEBUG  BackgroundThread              : Leaving Stop
04/09/2016 04:48:23 [ 9] DEBUG  PlayerProcess                 : In Process Login function.
04/09/2016 04:48:23 [ 9] DEBUG  Dispatcher                    : Adding Conversation Player.Conversation.LoginConversation, 0.3
04/09/2016 04:48:23 [ 9] DEBUG  Dispatcher                    :       New Queue ID: 0.3
04/09/2016 04:48:23 [ 9] INFO   BackgroundThread              : Starting 
04/09/2016 04:48:23 [15] DEBUG  LoginConversation             : Creating login request. 
04/09/2016 04:48:23 [15] DEBUG  InitiatedConversation         : Conversation Id  for initiated conversation: 0.3
04/09/2016 04:48:23 [15] DEBUG  PostMan                       : Sending UDP (Messages.RequestMessages.LoginRequest, MessageID: 0.3, ConversationID: 0.3)
JSON: {"__type":"LoginRequest:#Messages.RequestMessages","ConvId":{"Pid":0,"Seq":3},"MsgId":{"Pid":0,"Seq":3},"Identity":{"ANumber":"A00000001","Alias":"The Instructor","FirstName":"The","LastName":"Instructor"},"ProcessLabel":"The Instructor","ProcessType":3,"PublicKey":null}
04/09/2016 04:48:23 [15] DEBUG  PostMan                       : Message Delivered
04/09/2016 04:48:29 [15] ERROR  LoginConversation             : Login reply was null or LoginReply.Success was false
04/09/2016 04:48:29 [15] INFO   BackgroundThread              : Stopping 
04/09/2016 04:48:29 [15] DEBUG  BackgroundThread              : Leaving Stop
04/09/2016 04:48:29 [ 9] DEBUG  PlayerProcess                 : In Process Login function.
04/09/2016 04:48:29 [ 9] DEBUG  Dispatcher                    : Adding Conversation Player.Conversation.LoginConversation, 0.4
04/09/2016 04:48:29 [ 9] DEBUG  Dispatcher                    :       New Queue ID: 0.4
04/09/2016 04:48:29 [ 9] INFO   BackgroundThread              : Starting 
04/09/2016 04:48:29 [14] DEBUG  LoginConversation             : Creating login request. 
04/09/2016 04:48:29 [14] DEBUG  InitiatedConversation         : Conversation Id  for initiated conversation: 0.4
04/09/2016 04:48:29 [14] DEBUG  PostMan                       : Sending UDP (Messages.RequestMessages.LoginRequest, MessageID: 0.4, ConversationID: 0.4)
JSON: {"__type":"LoginRequest:#Messages.RequestMessages","ConvId":{"Pid":0,"Seq":4},"MsgId":{"Pid":0,"Seq":4},"Identity":{"ANumber":"A00000001","Alias":"The Instructor","FirstName":"The","LastName":"Instructor"},"ProcessLabel":"The Instructor","ProcessType":3,"PublicKey":null}
04/09/2016 04:48:29 [14] DEBUG  PostMan                       : Message Delivered
04/09/2016 04:48:35 [14] ERROR  LoginConversation             : Login reply was null or LoginReply.Success was false
04/09/2016 04:48:35 [14] INFO   BackgroundThread              : Stopping 
04/09/2016 04:48:35 [14] DEBUG  BackgroundThread              : Leaving Stop
04/09/2016 04:48:35 [ 9] DEBUG  PlayerProcess                 : In Process Login function.
04/09/2016 04:48:35 [ 9] DEBUG  Dispatcher                    : Adding Conversation Player.Conversation.LoginConversation, 0.5
04/09/2016 04:48:35 [ 9] DEBUG  Dispatcher                    :       New Queue ID: 0.5
04/09/2016 04:48:35 [ 9] INFO   BackgroundThread              : Starting 
04/09/2016 04:48:35 [10] DEBUG  LoginConversation             : Creating login request. 
04/09/2016 04:48:35 [10] DEBUG  InitiatedConversation         : Conversation Id  for initiated conversation: 0.5
04/09/2016 04:48:35 [10] DEBUG  PostMan                       : Sending UDP (Messages.RequestMessages.LoginRequest, MessageID: 0.5, ConversationID: 0.5)
JSON: {"__type":"LoginRequest:#Messages.RequestMessages","ConvId":{"Pid":0,"Seq":5},"MsgId":{"Pid":0,"Seq":5},"Identity":{"ANumber":"A00000001","Alias":"The Instructor","FirstName":"The","LastName":"Instructor"},"ProcessLabel":"The Instructor","ProcessType":3,"PublicKey":null}
04/09/2016 04:48:35 [10] DEBUG  PostMan                       : Message Delivered
04/09/2016 04:48:41 [10] ERROR  LoginConversation             : Login reply was null or LoginReply.Success was false
04/09/2016 04:48:41 [10] INFO   BackgroundThread              : Stopping 
04/09/2016 04:48:41 [ 9] DEBUG  PlayerProcess                 : In Process Login function.
04/09/2016 04:48:41 [10] DEBUG  BackgroundThread              : Leaving Stop
04/09/2016 04:48:41 [ 9] DEBUG  Dispatcher                    : Adding Conversation Player.Conversation.LoginConversation, 0.6
04/09/2016 04:48:41 [ 9] DEBUG  Dispatcher                    :       New Queue ID: 0.6
04/09/2016 04:48:41 [ 9] INFO   BackgroundThread              : Starting 
04/09/2016 04:48:41 [15] DEBUG  LoginConversation             : Creating login request. 
04/09/2016 04:48:41 [15] DEBUG  InitiatedConversation         : Conversation Id  for initiated conversation: 0.6
04/09/2016 04:48:41 [15] DEBUG  PostMan                       : Sending UDP (Messages.RequestMessages.LoginRequest, MessageID: 0.6, ConversationID: 0.6)
JSON: {"__type":"LoginRequest:#Messages.RequestMessages","ConvId":{"Pid":0,"Seq":6},"MsgId":{"Pid":0,"Seq":6},"Identity":{"ANumber":"A00000001","Alias":"The Instructor","FirstName":"The","LastName":"Instructor"},"ProcessLabel":"The Instructor","ProcessType":3,"PublicKey":null}
04/09/2016 04:48:41 [15] DEBUG  PostMan                       : Message Delivered
04/09/2016 04:48:47 [15] ERROR  LoginConversation             : Login reply was null or LoginReply.Success was false
04/09/2016 04:48:47 [15] INFO   BackgroundThread              : Stopping 
04/09/2016 04:48:47 [15] DEBUG  BackgroundThread              : Leaving Stop
04/09/2016 04:48:47 [ 9] DEBUG  PlayerProcess                 : In Process Login function.
04/09/2016 04:48:47 [ 9] DEBUG  Dispatcher                    : Adding Conversation Player.Conversation.LoginConversation, 0.7
04/09/2016 04:48:47 [ 9] DEBUG  Dispatcher                    :       New Queue ID: 0.7
04/09/2016 04:48:47 [ 9] INFO   BackgroundThread              : Starting 
04/09/2016 04:48:47 [10] DEBUG  LoginConversation             : Creating login request. 
04/09/2016 04:48:47 [10] DEBUG  InitiatedConversation         : Conversation Id  for initiated conversation: 0.7
04/09/2016 04:48:47 [10] DEBUG  PostMan                       : Sending UDP (Messages.RequestMessages.LoginRequest, MessageID: 0.7, ConversationID: 0.7)
JSON: {"__type":"LoginRequest:#Messages.RequestMessages","ConvId":{"Pid":0,"Seq":7},"MsgId":{"Pid":0,"Seq":7},"Identity":{"ANumber":"A00000001","Alias":"The Instructor","FirstName":"The","LastName":"Instructor"},"ProcessLabel":"The Instructor","ProcessType":3,"PublicKey":null}
04/09/2016 04:48:47 [10] DEBUG  PostMan                       : Message Delivered
04/09/2016 04:48:53 [10] ERROR  LoginConversation             : Login reply was null or LoginReply.Success was false
04/09/2016 04:48:53 [10] INFO   BackgroundThread              : Stopping 
04/09/2016 04:48:54 [10] DEBUG  BackgroundThread              : Leaving Stop
04/09/2016 04:48:54 [ 9] DEBUG  PlayerProcess                 : In Process Login function.
04/09/2016 04:48:54 [ 9] DEBUG  Dispatcher                    : Adding Conversation Player.Conversation.LoginConversation, 0.8
04/09/2016 04:48:54 [ 9] DEBUG  Dispatcher                    :       New Queue ID: 0.8
04/09/2016 04:48:54 [ 9] INFO   BackgroundThread              : Starting 
04/09/2016 04:48:54 [13] DEBUG  LoginConversation             : Creating login request. 
04/09/2016 04:48:54 [13] DEBUG  InitiatedConversation         : Conversation Id  for initiated conversation: 0.8
04/09/2016 04:48:54 [13] DEBUG  PostMan                       : Sending UDP (Messages.RequestMessages.LoginRequest, MessageID: 0.8, ConversationID: 0.8)
JSON: {"__type":"LoginRequest:#Messages.RequestMessages","ConvId":{"Pid":0,"Seq":8},"MsgId":{"Pid":0,"Seq":8},"Identity":{"ANumber":"A00000001","Alias":"The Instructor","FirstName":"The","LastName":"Instructor"},"ProcessLabel":"The Instructor","ProcessType":3,"PublicKey":null}
04/09/2016 04:48:54 [13] DEBUG  PostMan                       : Message Delivered
04/09/2016 04:49:00 [13] ERROR  LoginConversation             : Login reply was null or LoginReply.Success was false
04/09/2016 04:49:00 [13] INFO   BackgroundThread              : Stopping 
04/09/2016 04:49:00 [13] DEBUG  BackgroundThread              : Leaving Stop
04/09/2016 04:49:00 [ 9] DEBUG  PlayerProcess                 : In Process Login function.
04/09/2016 04:49:00 [ 9] DEBUG  Dispatcher                    : Adding Conversation Player.Conversation.LoginConversation, 0.9
04/09/2016 04:49:00 [ 9] DEBUG  Dispatcher                    :       New Queue ID: 0.9
04/09/2016 04:49:00 [ 9] INFO   BackgroundThread              : Starting 
04/09/2016 04:49:00 [12] DEBUG  LoginConversation             : Creating login request. 
04/09/2016 04:49:00 [12] DEBUG  InitiatedConversation         : Conversation Id  for initiated conversation: 0.9
04/09/2016 04:49:00 [12] DEBUG  PostMan                       : Sending UDP (Messages.RequestMessages.LoginRequest, MessageID: 0.9, ConversationID: 0.9)
JSON: {"__type":"LoginRequest:#Messages.RequestMessages","ConvId":{"Pid":0,"Seq":9},"MsgId":{"Pid":0,"Seq":9},"Identity":{"ANumber":"A00000001","Alias":"The Instructor","FirstName":"The","LastName":"Instructor"},"ProcessLabel":"The Instructor","ProcessType":3,"PublicKey":null}
04/09/2016 04:49:00 [12] DEBUG  PostMan                       : Message Delivered
04/09/2016 04:49:06 [12] ERROR  LoginConversation             : Login reply was null or LoginReply.Success was false
04/09/2016 04:49:06 [12] INFO   BackgroundThread              : Stopping 
04/09/2016 04:49:06 [12] DEBUG  BackgroundThread              : Leaving Stop
04/09/2016 04:49:06 [ 9] DEBUG  PlayerProcess                 : In Process Login function.
04/09/2016 04:49:06 [ 9] DEBUG  Dispatcher                    : Adding Conversation Player.Conversation.LoginConversation, 0.10
04/09/2016 04:49:06 [ 9] DEBUG  Dispatcher                    :       New Queue ID: 0.10
04/09/2016 04:49:06 [ 9] INFO   BackgroundThread              : Starting 
04/09/2016 04:49:06 [10] DEBUG  LoginConversation             : Creating login request. 
04/09/2016 04:49:06 [10] DEBUG  InitiatedConversation         : Conversation Id  for initiated conversation: 0.10
04/09/2016 04:49:06 [10] DEBUG  PostMan                       : Sending UDP (Messages.RequestMessages.LoginRequest, MessageID: 0.10, ConversationID: 0.10)
JSON: {"__type":"LoginRequest:#Messages.RequestMessages","ConvId":{"Pid":0,"Seq":10},"MsgId":{"Pid":0,"Seq":10},"Identity":{"ANumber":"A00000001","Alias":"The Instructor","FirstName":"The","LastName":"Instructor"},"ProcessLabel":"The Instructor","ProcessType":3,"PublicKey":null}
04/09/2016 04:49:06 [10] DEBUG  PostMan                       : Message Delivered
04/09/2016 04:49:12 [10] ERROR  LoginConversation             : Login reply was null or LoginReply.Success was false
04/09/2016 04:49:12 [10] INFO   BackgroundThread              : Stopping 
04/09/2016 04:49:12 [10] DEBUG  BackgroundThread              : Leaving Stop
04/09/2016 04:49:12 [ 9] DEBUG  PlayerProcess                 : In Process Login function.
04/09/2016 04:49:12 [ 9] DEBUG  Dispatcher                    : Adding Conversation Player.Conversation.LoginConversation, 0.11
04/09/2016 04:49:12 [ 9] DEBUG  Dispatcher                    :       New Queue ID: 0.11
04/09/2016 04:49:12 [ 9] INFO   BackgroundThread              : Starting 
04/09/2016 04:49:12 [10] DEBUG  LoginConversation             : Creating login request. 
04/09/2016 04:49:12 [10] DEBUG  InitiatedConversation         : Conversation Id  for initiated conversation: 0.11
04/09/2016 04:49:12 [10] DEBUG  PostMan                       : Sending UDP (Messages.RequestMessages.LoginRequest, MessageID: 0.11, ConversationID: 0.11)
JSON: {"__type":"LoginRequest:#Messages.RequestMessages","ConvId":{"Pid":0,"Seq":11},"MsgId":{"Pid":0,"Seq":11},"Identity":{"ANumber":"A00000001","Alias":"The Instructor","FirstName":"The","LastName":"Instructor"},"ProcessLabel":"The Instructor","ProcessType":3,"PublicKey":null}
04/09/2016 04:49:12 [10] DEBUG  PostMan                       : Message Delivered
04/09/2016 04:49:18 [10] ERROR  LoginConversation             : Login reply was null or LoginReply.Success was false
04/09/2016 04:49:18 [10] INFO   BackgroundThread              : Stopping 
04/09/2016 04:49:18 [10] DEBUG  BackgroundThread              : Leaving Stop
04/09/2016 04:49:18 [ 9] DEBUG  PlayerProcess                 : In Process Login function.
04/09/2016 04:49:18 [ 9] DEBUG  Dispatcher                    : Adding Conversation Player.Conversation.LoginConversation, 0.12
04/09/2016 04:49:18 [ 9] DEBUG  Dispatcher                    :       New Queue ID: 0.12
04/09/2016 04:49:18 [ 9] INFO   BackgroundThread              : Starting 
04/09/2016 04:49:18 [10] DEBUG  LoginConversation             : Creating login request. 
04/09/2016 04:49:18 [10] DEBUG  InitiatedConversation         : Conversation Id  for initiated conversation: 0.12
04/09/2016 04:49:18 [10] DEBUG  PostMan                       : Sending UDP (Messages.RequestMessages.LoginRequest, MessageID: 0.12, ConversationID: 0.12)
JSON: {"__type":"LoginRequest:#Messages.RequestMessages","ConvId":{"Pid":0,"Seq":12},"MsgId":{"Pid":0,"Seq":12},"Identity":{"ANumber":"A00000001","Alias":"The Instructor","FirstName":"The","LastName":"Instructor"},"ProcessLabel":"The Instructor","ProcessType":3,"PublicKey":null}
04/09/2016 04:49:18 [10] DEBUG  PostMan                       : Message Delivered
04/09/2016 04:49:25 [10] ERROR  LoginConversation             : Login reply was null or LoginReply.Success was false
04/09/2016 04:49:25 [10] INFO   BackgroundThread              : Stopping 
04/09/2016 04:49:25 [10] DEBUG  BackgroundThread              : Leaving Stop
04/09/2016 04:49:25 [ 9] DEBUG  PlayerProcess                 : In Process Login function.
04/09/2016 04:49:25 [ 9] DEBUG  Dispatcher                    : Adding Conversation Player.Conversation.LoginConversation, 0.13
04/09/2016 04:49:25 [ 9] DEBUG  Dispatcher                    :       New Queue ID: 0.13
04/09/2016 04:49:25 [ 9] INFO   BackgroundThread              : Starting 
04/09/2016 04:49:25 [10] DEBUG  LoginConversation             : Creating login request. 
04/09/2016 04:49:25 [10] DEBUG  InitiatedConversation         : Conversation Id  for initiated conversation: 0.13
04/09/2016 04:49:25 [10] DEBUG  PostMan                       : Sending UDP (Messages.RequestMessages.LoginRequest, MessageID: 0.13, ConversationID: 0.13)
JSON: {"__type":"LoginRequest:#Messages.RequestMessages","ConvId":{"Pid":0,"Seq":13},"MsgId":{"Pid":0,"Seq":13},"Identity":{"ANumber":"A00000001","Alias":"The Instructor","FirstName":"The","LastName":"Instructor"},"ProcessLabel":"The Instructor","ProcessType":3,"PublicKey":null}
04/09/2016 04:49:25 [10] DEBUG  PostMan                       : Message Delivered
04/09/2016 04:49:31 [10] ERROR  LoginConversation             : Login reply was null or LoginReply.Success was false
04/09/2016 04:49:31 [10] INFO   BackgroundThread              : Stopping 
04/09/2016 04:49:31 [ 9] DEBUG  PlayerProcess                 : In Process Login function.
04/09/2016 04:49:31 [10] DEBUG  BackgroundThread              : Leaving Stop
04/09/2016 04:49:31 [ 9] DEBUG  Dispatcher                    : Adding Conversation Player.Conversation.LoginConversation, 0.14
04/09/2016 04:49:31 [ 9] DEBUG  Dispatcher                    :       New Queue ID: 0.14
04/09/2016 04:49:31 [ 9] INFO   BackgroundThread              : Starting 
04/09/2016 04:49:31 [13] DEBUG  LoginConversation             : Creating login request. 
04/09/2016 04:49:31 [13] DEBUG  InitiatedConversation         : Conversation Id  for initiated conversation: 0.14
04/09/2016 04:49:31 [13] DEBUG  PostMan                       : Sending UDP (Messages.RequestMessages.LoginRequest, MessageID: 0.14, ConversationID: 0.14)
JSON: {"__type":"LoginRequest:#Messages.RequestMessages","ConvId":{"Pid":0,"Seq":14},"MsgId":{"Pid":0,"Seq":14},"Identity":{"ANumber":"A00000001","Alias":"The Instructor","FirstName":"The","LastName":"Instructor"},"ProcessLabel":"The Instructor","ProcessType":3,"PublicKey":null}
04/09/2016 04:49:31 [13] DEBUG  PostMan                       : Message Delivered
04/09/2016 04:49:37 [13] ERROR  LoginConversation             : Login reply was null or LoginReply.Success was false
04/09/2016 04:49:37 [13] INFO   BackgroundThread              : Stopping 
04/09/2016 04:49:37 [13] DEBUG  BackgroundThread              : Leaving Stop
04/09/2016 04:49:37 [ 9] DEBUG  PlayerProcess                 : In Process Login function.
04/09/2016 04:49:37 [ 9] DEBUG  Dispatcher                    : Adding Conversation Player.Conversation.LoginConversation, 0.15
04/09/2016 04:49:37 [ 9] DEBUG  Dispatcher                    :       New Queue ID: 0.15
04/09/2016 04:49:37 [ 9] INFO   BackgroundThread              : Starting 
04/09/2016 04:49:37 [15] DEBUG  LoginConversation             : Creating login request. 
04/09/2016 04:49:37 [15] DEBUG  InitiatedConversation         : Conversation Id  for initiated conversation: 0.15
04/09/2016 04:49:37 [15] DEBUG  PostMan                       : Sending UDP (Messages.RequestMessages.LoginRequest, MessageID: 0.15, ConversationID: 0.15)
JSON: {"__type":"LoginRequest:#Messages.RequestMessages","ConvId":{"Pid":0,"Seq":15},"MsgId":{"Pid":0,"Seq":15},"Identity":{"ANumber":"A00000001","Alias":"The Instructor","FirstName":"The","LastName":"Instructor"},"ProcessLabel":"The Instructor","ProcessType":3,"PublicKey":null}
04/09/2016 04:49:37 [15] DEBUG  PostMan                       : Message Delivered
04/09/2016 04:49:43 [15] ERROR  LoginConversation             : Login reply was null or LoginReply.Success was false
04/09/2016 04:49:43 [15] INFO   BackgroundThread              : Stopping 
04/09/2016 04:49:43 [15] DEBUG  BackgroundThread              : Leaving Stop
04/09/2016 04:49:43 [ 9] DEBUG  PlayerProcess                 : In Process Login function.
04/09/2016 04:49:43 [ 9] DEBUG  Dispatcher                    : Adding Conversation Player.Conversation.LoginConversation, 0.16
04/09/2016 04:49:43 [ 9] DEBUG  Dispatcher                    :       New Queue ID: 0.16
04/09/2016 04:49:43 [ 9] INFO   BackgroundThread              : Starting 
04/09/2016 04:49:43 [12] DEBUG  LoginConversation             : Creating login request. 
04/09/2016 04:49:43 [12] DEBUG  InitiatedConversation         : Conversation Id  for initiated conversation: 0.16
04/09/2016 04:49:43 [12] DEBUG  PostMan                       : Sending UDP (Messages.RequestMessages.LoginRequest, MessageID: 0.16, ConversationID: 0.16)
JSON: {"__type":"LoginRequest:#Messages.RequestMessages","ConvId":{"Pid":0,"Seq":16},"MsgId":{"Pid":0,"Seq":16},"Identity":{"ANumber":"A00000001","Alias":"The Instructor","FirstName":"The","LastName":"Instructor"},"ProcessLabel":"The Instructor","ProcessType":3,"PublicKey":null}
04/09/2016 04:49:43 [12] DEBUG  PostMan                       : Message Delivered
04/09/2016 04:49:50 [12] ERROR  LoginConversation             : Login reply was null or LoginReply.Success was false
04/09/2016 04:49:50 [12] INFO   BackgroundThread              : Stopping 
04/09/2016 04:49:50 [12] DEBUG  BackgroundThread              : Leaving Stop
04/09/2016 04:49:50 [ 9] DEBUG  PlayerProcess                 : In Process Login function.
04/09/2016 04:49:50 [ 9] DEBUG  Dispatcher                    : Adding Conversation Player.Conversation.LoginConversation, 0.17
04/09/2016 04:49:50 [ 9] DEBUG  Dispatcher                    :       New Queue ID: 0.17
04/09/2016 04:49:50 [ 9] INFO   BackgroundThread              : Starting 
04/09/2016 04:49:50 [15] DEBUG  LoginConversation             : Creating login request. 
04/09/2016 04:49:50 [15] DEBUG  InitiatedConversation         : Conversation Id  for initiated conversation: 0.17
04/09/2016 04:49:50 [15] DEBUG  PostMan                       : Sending UDP (Messages.RequestMessages.LoginRequest, MessageID: 0.17, ConversationID: 0.17)
JSON: {"__type":"LoginRequest:#Messages.RequestMessages","ConvId":{"Pid":0,"Seq":17},"MsgId":{"Pid":0,"Seq":17},"Identity":{"ANumber":"A00000001","Alias":"The Instructor","FirstName":"The","LastName":"Instructor"},"ProcessLabel":"The Instructor","ProcessType":3,"PublicKey":null}
04/09/2016 04:49:50 [15] DEBUG  PostMan                       : Message Delivered
04/09/2016 04:49:56 [15] ERROR  LoginConversation             : Login reply was null or LoginReply.Success was false
04/09/2016 04:49:56 [15] INFO   BackgroundThread              : Stopping 
04/09/2016 04:49:56 [15] DEBUG  BackgroundThread              : Leaving Stop
04/09/2016 04:49:56 [ 9] DEBUG  PlayerProcess                 : In Process Login function.
04/09/2016 04:49:56 [ 9] DEBUG  Dispatcher                    : Adding Conversation Player.Conversation.LoginConversation, 0.18
04/09/2016 04:49:56 [ 9] DEBUG  Dispatcher                    :       New Queue ID: 0.18
04/09/2016 04:49:56 [ 9] INFO   BackgroundThread              : Starting 
04/09/2016 04:49:56 [12] DEBUG  LoginConversation             : Creating login request. 
04/09/2016 04:49:56 [12] DEBUG  InitiatedConversation         : Conversation Id  for initiated conversation: 0.18
04/09/2016 04:49:56 [12] DEBUG  PostMan                       : Sending UDP (Messages.RequestMessages.LoginRequest, MessageID: 0.18, ConversationID: 0.18)
JSON: {"__type":"LoginRequest:#Messages.RequestMessages","ConvId":{"Pid":0,"Seq":18},"MsgId":{"Pid":0,"Seq":18},"Identity":{"ANumber":"A00000001","Alias":"The Instructor","FirstName":"The","LastName":"Instructor"},"ProcessLabel":"The Instructor","ProcessType":3,"PublicKey":null}
04/09/2016 04:49:56 [12] DEBUG  PostMan                       : Message Delivered
04/09/2016 04:50:02 [12] ERROR  LoginConversation             : Login reply was null or LoginReply.Success was false
04/09/2016 04:50:02 [12] INFO   BackgroundThread              : Stopping 
04/09/2016 04:50:02 [12] DEBUG  BackgroundThread              : Leaving Stop
04/09/2016 04:50:02 [ 9] DEBUG  PlayerProcess                 : In Process Login function.
04/09/2016 04:50:02 [ 9] DEBUG  Dispatcher                    : Adding Conversation Player.Conversation.LoginConversation, 0.19
04/09/2016 04:50:02 [ 9] DEBUG  Dispatcher                    :       New Queue ID: 0.19
04/09/2016 04:50:02 [ 9] INFO   BackgroundThread              : Starting 
04/09/2016 04:50:02 [10] DEBUG  LoginConversation             : Creating login request. 
04/09/2016 04:50:02 [10] DEBUG  InitiatedConversation         : Conversation Id  for initiated conversation: 0.19
04/09/2016 04:50:02 [10] DEBUG  PostMan                       : Sending UDP (Messages.RequestMessages.LoginRequest, MessageID: 0.19, ConversationID: 0.19)
JSON: {"__type":"LoginRequest:#Messages.RequestMessages","ConvId":{"Pid":0,"Seq":19},"MsgId":{"Pid":0,"Seq":19},"Identity":{"ANumber":"A00000001","Alias":"The Instructor","FirstName":"The","LastName":"Instructor"},"ProcessLabel":"The Instructor","ProcessType":3,"PublicKey":null}
04/09/2016 04:50:02 [10] DEBUG  PostMan                       : Message Delivered
04/09/2016 04:50:08 [10] ERROR  LoginConversation             : Login reply was null or LoginReply.Success was false
04/09/2016 04:50:08 [10] INFO   BackgroundThread              : Stopping 
04/09/2016 04:50:08 [10] DEBUG  BackgroundThread              : Leaving Stop
04/09/2016 04:50:08 [ 9] DEBUG  PlayerProcess                 : In Process Login function.
04/09/2016 04:50:08 [ 9] DEBUG  Dispatcher                    : Adding Conversation Player.Conversation.LoginConversation, 0.20
04/09/2016 04:50:08 [ 9] DEBUG  Dispatcher                    :       New Queue ID: 0.20
04/09/2016 04:50:08 [ 9] INFO   BackgroundThread              : Starting 
04/09/2016 04:50:08 [13] DEBUG  LoginConversation             : Creating login request. 
04/09/2016 04:50:08 [13] DEBUG  InitiatedConversation         : Conversation Id  for initiated conversation: 0.20
04/09/2016 04:50:08 [13] DEBUG  PostMan                       : Sending UDP (Messages.RequestMessages.LoginRequest, MessageID: 0.20, ConversationID: 0.20)
JSON: {"__type":"LoginRequest:#Messages.RequestMessages","ConvId":{"Pid":0,"Seq":20},"MsgId":{"Pid":0,"Seq":20},"Identity":{"ANumber":"A00000001","Alias":"The Instructor","FirstName":"The","LastName":"Instructor"},"ProcessLabel":"The Instructor","ProcessType":3,"PublicKey":null}
04/09/2016 04:50:08 [13] DEBUG  PostMan                       : Message Delivered
04/09/2016 04:50:14 [13] ERROR  LoginConversation             : Login reply was null or LoginReply.Success was false
04/09/2016 04:50:14 [13] INFO   BackgroundThread              : Stopping 
04/09/2016 04:50:14 [13] DEBUG  BackgroundThread              : Leaving Stop
04/09/2016 04:50:14 [ 9] DEBUG  PlayerProcess                 : In Process Login function.
04/09/2016 04:50:14 [ 9] DEBUG  Dispatcher                    : Adding Conversation Player.Conversation.LoginConversation, 0.21
04/09/2016 04:50:14 [ 9] DEBUG  Dispatcher                    :       New Queue ID: 0.21
04/09/2016 04:50:14 [ 9] INFO   BackgroundThread              : Starting 
04/09/2016 04:50:14 [10] DEBUG  LoginConversation             : Creating login request. 
04/09/2016 04:50:15 [10] DEBUG  InitiatedConversation         : Conversation Id  for initiated conversation: 0.21
04/09/2016 04:50:15 [10] DEBUG  PostMan                       : Sending UDP (Messages.RequestMessages.LoginRequest, MessageID: 0.21, ConversationID: 0.21)
JSON: {"__type":"LoginRequest:#Messages.RequestMessages","ConvId":{"Pid":0,"Seq":21},"MsgId":{"Pid":0,"Seq":21},"Identity":{"ANumber":"A00000001","Alias":"The Instructor","FirstName":"The","LastName":"Instructor"},"ProcessLabel":"The Instructor","ProcessType":3,"PublicKey":null}
04/09/2016 04:50:15 [10] DEBUG  PostMan                       : Message Delivered
04/09/2016 04:50:21 [10] ERROR  LoginConversation             : Login reply was null or LoginReply.Success was false
04/09/2016 04:50:21 [10] INFO   BackgroundThread              : Stopping 
04/09/2016 04:50:21 [10] DEBUG  BackgroundThread              : Leaving Stop
04/09/2016 04:50:21 [ 9] DEBUG  PlayerProcess                 : In Process Login function.
04/09/2016 04:50:21 [ 9] DEBUG  Dispatcher                    : Adding Conversation Player.Conversation.LoginConversation, 0.22
04/09/2016 04:50:21 [ 9] DEBUG  Dispatcher                    :       New Queue ID: 0.22
04/09/2016 04:50:21 [ 9] INFO   BackgroundThread              : Starting 
04/09/2016 04:50:21 [10] DEBUG  LoginConversation             : Creating login request. 
04/09/2016 04:50:21 [10] DEBUG  InitiatedConversation         : Conversation Id  for initiated conversation: 0.22
04/09/2016 04:50:21 [10] DEBUG  PostMan                       : Sending UDP (Messages.RequestMessages.LoginRequest, MessageID: 0.22, ConversationID: 0.22)
JSON: {"__type":"LoginRequest:#Messages.RequestMessages","ConvId":{"Pid":0,"Seq":22},"MsgId":{"Pid":0,"Seq":22},"Identity":{"ANumber":"A00000001","Alias":"The Instructor","FirstName":"The","LastName":"Instructor"},"ProcessLabel":"The Instructor","ProcessType":3,"PublicKey":null}
04/09/2016 04:50:21 [10] DEBUG  PostMan                       : Message Delivered
