04/09/2016 05:46:40 [ 7] DEBUG  PlayerConnection              : Using Local Settings.
04/09/2016 05:46:40 [ 7] DEBUG  PlayerConnection              : Starting Application. 
04/09/2016 05:46:40 [ 7] DEBUG  PlayerProcess                 : Initializeing Player Subsystem.
04/09/2016 05:46:40 [ 7] DEBUG  PlayerProcess                 : Initializing Player Details.
04/09/2016 05:46:40 [ 7] INFO   BackgroundThread              : Starting 
04/09/2016 05:46:40 [ 9] INFO   BackgroundThread              : Starting 
04/09/2016 05:46:40 [ 9] DEBUG  PlayerProcess                 : In Process Login function.
04/09/2016 05:46:40 [ 9] DEBUG  Dispatcher                    : Adding Conversation Player.Conversation.LoginConversation, 0.1
04/09/2016 05:46:40 [ 9] DEBUG  Dispatcher                    :       New Queue ID: 0.1
04/09/2016 05:46:40 [ 9] INFO   BackgroundThread              : Starting 
04/09/2016 05:46:40 [10] DEBUG  LoginConversation             : Creating login request. 
04/09/2016 05:46:40 [10] DEBUG  InitiatedConversation         : Conversation Id  for initiated conversation: 0.1
04/09/2016 05:46:40 [10] DEBUG  PostMan                       : Sending UDP (Messages.RequestMessages.LoginRequest, MessageID: 0.1, ConversationID: 0.1)
JSON: {"__type":"LoginRequest:#Messages.RequestMessages","ConvId":{"Pid":0,"Seq":1},"MsgId":{"Pid":0,"Seq":1},"Identity":{"ANumber":"A00000001","Alias":"The Instructor","FirstName":"The","LastName":"Instructor"},"ProcessLabel":"The Instructor","ProcessType":3,"PublicKey":null}
04/09/2016 05:46:40 [10] DEBUG  PostMan                       : Message Delivered
04/09/2016 05:46:46 [10] ERROR  LoginConversation             : Login reply was null or LoginReply.Success was false
04/09/2016 05:46:46 [10] INFO   BackgroundThread              : Stopping 
04/09/2016 05:46:46 [10] DEBUG  BackgroundThread              : Leaving Stop
04/09/2016 05:46:47 [ 9] DEBUG  PlayerProcess                 : In Process Login function.
04/09/2016 05:46:47 [ 9] DEBUG  Dispatcher                    : Adding Conversation Player.Conversation.LoginConversation, 0.2
04/09/2016 05:46:47 [ 9] DEBUG  Dispatcher                    :       New Queue ID: 0.2
04/09/2016 05:46:47 [ 9] INFO   BackgroundThread              : Starting 
04/09/2016 05:46:47 [13] DEBUG  LoginConversation             : Creating login request. 
04/09/2016 05:46:47 [13] DEBUG  InitiatedConversation         : Conversation Id  for initiated conversation: 0.2
04/09/2016 05:46:47 [13] DEBUG  PostMan                       : Sending UDP (Messages.RequestMessages.LoginRequest, MessageID: 0.2, ConversationID: 0.2)
JSON: {"__type":"LoginRequest:#Messages.RequestMessages","ConvId":{"Pid":0,"Seq":2},"MsgId":{"Pid":0,"Seq":2},"Identity":{"ANumber":"A00000001","Alias":"The Instructor","FirstName":"The","LastName":"Instructor"},"ProcessLabel":"The Instructor","ProcessType":3,"PublicKey":null}
04/09/2016 05:46:47 [13] DEBUG  PostMan                       : Message Delivered
04/09/2016 05:46:53 [13] ERROR  LoginConversation             : Login reply was null or LoginReply.Success was false
04/09/2016 05:46:53 [13] INFO   BackgroundThread              : Stopping 
04/09/2016 05:46:53 [13] DEBUG  BackgroundThread              : Leaving Stop
04/09/2016 05:46:53 [ 9] DEBUG  PlayerProcess                 : In Process Login function.
04/09/2016 05:46:53 [ 9] DEBUG  Dispatcher                    : Adding Conversation Player.Conversation.LoginConversation, 0.3
04/09/2016 05:46:53 [ 9] DEBUG  Dispatcher                    :       New Queue ID: 0.3
04/09/2016 05:46:53 [ 9] INFO   BackgroundThread              : Starting 
04/09/2016 05:46:53 [10] DEBUG  LoginConversation             : Creating login request. 
04/09/2016 05:46:53 [10] DEBUG  InitiatedConversation         : Conversation Id  for initiated conversation: 0.3
04/09/2016 05:46:53 [10] DEBUG  PostMan                       : Sending UDP (Messages.RequestMessages.LoginRequest, MessageID: 0.3, ConversationID: 0.3)
JSON: {"__type":"LoginRequest:#Messages.RequestMessages","ConvId":{"Pid":0,"Seq":3},"MsgId":{"Pid":0,"Seq":3},"Identity":{"ANumber":"A00000001","Alias":"The Instructor","FirstName":"The","LastName":"Instructor"},"ProcessLabel":"The Instructor","ProcessType":3,"PublicKey":null}
04/09/2016 05:46:53 [10] DEBUG  PostMan                       : Message Delivered
04/09/2016 05:46:53 [11] DEBUG  PostMan                       : Received UDP (Messages.ReplyMessages.LoginReply, MessageID: 1.1, ConversationID: 0.3)
JSON: {"__type":"LoginReply:#Messages.ReplyMessages","ConvId":{"Pid":0,"Seq":3},"MsgId":{"Pid":1,"Seq":1},"Note":"Logged in","Success":true,"PennyBankEndPoint":{"Host":"127.0.0.1","Port":12003},"PennyBankPublicKey":null,"ProcessInfo":{"EndPoint":{"Host":"127.0.0.1","Port":10000},"Label":"The Instructor","ProcessId":2,"Status":3,"Type":3},"ProxyEndPoint":{"Host":"127.0.0.1","Port":12002}}
04/09/2016 05:46:53 [11] INFO   Dispatcher                    : New Message Received: (Messages.ReplyMessages.LoginReply)
04/09/2016 05:46:53 [11] INFO   Dispatcher                    : MessageId: 1.1ConversationId: 0.3
04/09/2016 05:46:58 [10] DEBUG  LoginConversation             : Received a login reply message.
04/09/2016 05:46:58 [10] INFO   BackgroundThread              : Stopping 
04/09/2016 05:46:58 [10] DEBUG  BackgroundThread              : Leaving Stop
04/09/2016 05:46:58 [ 9] DEBUG  PlayerProcess                 : In Process GetGameList function.
04/09/2016 05:46:58 [ 9] DEBUG  Dispatcher                    : Adding Conversation Player.Conversation.GameListConversation, 2.4
04/09/2016 05:46:58 [ 9] DEBUG  Dispatcher                    :       New Queue ID: 2.4
04/09/2016 05:46:58 [ 9] INFO   BackgroundThread              : Starting 
04/09/2016 05:46:58 [12] DEBUG  GameListConversation          : Queuing game list request. 
04/09/2016 05:46:58 [12] DEBUG  InitiatedConversation         : Conversation Id  for initiated conversation: 2.4
04/09/2016 05:46:58 [12] DEBUG  PostMan                       : Sending UDP (Messages.RequestMessages.GameListRequest, MessageID: 2.4, ConversationID: 2.4)
JSON: {"__type":"GameListRequest:#Messages.RequestMessages","ConvId":{"Pid":2,"Seq":4},"MsgId":{"Pid":2,"Seq":4},"StatusFilter":4}
04/09/2016 05:46:58 [12] DEBUG  PostMan                       : Message Delivered
04/09/2016 05:46:58 [11] DEBUG  PostMan                       : Received UDP (Messages.ReplyMessages.GameListReply, MessageID: 1.9, ConversationID: 2.4)
JSON: {"__type":"GameListReply:#Messages.ReplyMessages","ConvId":{"Pid":2,"Seq":4},"MsgId":{"Pid":1,"Seq":9},"Note":null,"Success":true,"GameInfo":[{"CurrentProcesses":[{"HasUmbrellaRaised":false,"HitPoints":0,"LifePoints":100,"ProcessId":5,"Type":5},{"HasUmbrellaRaised":false,"HitPoints":0,"LifePoints":100,"ProcessId":6,"Type":4}],"GameId":4,"GameManagerId":3,"Label":"GM73720's 1st Game","MaxPlayers":3,"MinPlayers":3,"StartingPlayers":[],"Status":4,"Winners":null}]}
04/09/2016 05:46:58 [11] INFO   Dispatcher                    : New Message Received: (Messages.ReplyMessages.GameListReply)
04/09/2016 05:46:58 [11] INFO   Dispatcher                    : MessageId: 1.9ConversationId: 2.4
04/09/2016 05:47:03 [12] DEBUG  GameListConversation          : Received a game list reply message.
04/09/2016 05:47:03 [12] INFO   BackgroundThread              : Stopping 
04/09/2016 05:47:03 [12] DEBUG  BackgroundThread              : Leaving Stop
04/09/2016 05:47:03 [ 9] DEBUG  PlayerProcess                 : Life points is null, game needs to be started.
04/09/2016 05:47:03 [ 9] DEBUG  Dispatcher                    : Adding Conversation Player.Conversation.JoinGameConversation, 2.5
04/09/2016 05:47:03 [ 9] DEBUG  Dispatcher                    :       New Queue ID: 2.5
04/09/2016 05:47:03 [ 9] INFO   BackgroundThread              : Starting 
04/09/2016 05:47:03 [14] DEBUG  JoinGameConversation          : Queuing join game request. 
04/09/2016 05:47:03 [14] DEBUG  JoinGameConversation          : Requesting GameId: 4
04/09/2016 05:47:03 [14] DEBUG  InitiatedConversation         : Conversation Id  for initiated conversation: 2.5
04/09/2016 05:47:03 [14] DEBUG  PostMan                       : Sending UDP (Messages.Routing, MessageID: 2.5, ConversationID: 2.5)
JSON: {"__type":"Routing:#Messages","ConvId":{"Pid":2,"Seq":5},"MsgId":{"Pid":2,"Seq":5},"InnerMessage":{"__type":"JoinGameRequest:#Messages.RequestMessages","ConvId":{"Pid":2,"Seq":5},"MsgId":{"Pid":2,"Seq":5},"GameId":4,"Process":{"EndPoint":{"Host":"127.0.0.1","Port":10000},"Label":"The Instructor","ProcessId":2,"Status":4,"Type":3}},"ToProcessIds":[3]}
04/09/2016 05:47:03 [ 9] DEBUG  PlayerProcess                 : No games available, setting status to 'Registered'
04/09/2016 05:47:03 [14] DEBUG  PostMan                       : Message Delivered
04/09/2016 05:47:03 [11] DEBUG  PostMan                       : Received UDP (Messages.Routing, MessageID: 3.15, ConversationID: 2.5)
JSON: {"__type":"Routing:#Messages","ConvId":{"Pid":2,"Seq":5},"MsgId":{"Pid":3,"Seq":15},"InnerMessage":{"__type":"JoinGameReply:#Messages.ReplyMessages","ConvId":{"Pid":2,"Seq":5},"MsgId":{"Pid":3,"Seq":15},"Note":null,"Success":true,"GameId":4,"InitialLifePoints":100},"ToProcessIds":[2]}
04/09/2016 05:47:03 [11] INFO   Dispatcher                    : New Message Received: (Messages.Routing)
04/09/2016 05:47:03 [11] INFO   Dispatcher                    : MessageId: 3.15ConversationId: 2.5
04/09/2016 05:47:03 [11] DEBUG  PostMan                       : Received UDP (Messages.Routing, MessageID: 3.18, ConversationID: 3.18)
JSON: {"__type":"Routing:#Messages","ConvId":{"Pid":3,"Seq":18},"MsgId":{"Pid":3,"Seq":18},"InnerMessage":{"__type":"GameStatusNotification:#Messages.RequestMessages","ConvId":{"Pid":3,"Seq":18},"MsgId":{"Pid":3,"Seq":18},"Game":{"CurrentProcesses":[{"HasUmbrellaRaised":false,"HitPoints":0,"LifePoints":100,"ProcessId":5,"Type":5},{"HasUmbrellaRaised":false,"HitPoints":0,"LifePoints":100,"ProcessId":6,"Type":4},{"HasUmbrellaRaised":false,"HitPoints":0,"LifePoints":100,"ProcessId":2,"Type":3}],"GameId":4,"GameManagerId":3,"Label":"GM73720's 1st Game","MaxPlayers":3,"MinPlayers":3,"StartingPlayers":[],"Status":4,"Winners":null}},"ToProcessIds":[5,6,2]}
04/09/2016 05:47:03 [ 9] DEBUG  PlayerProcess                 : In Process GetGameList function.
04/09/2016 05:47:03 [11] INFO   Dispatcher                    : New Message Received: (Messages.Routing)
04/09/2016 05:47:03 [11] INFO   Dispatcher                    : MessageId: 3.18ConversationId: 3.18
04/09/2016 05:47:03 [ 9] DEBUG  Dispatcher                    : Adding Conversation Player.Conversation.GameListConversation, 2.6
04/09/2016 05:47:04 [11] DEBUG  Dispatcher                    : Conversation  with id= 3.18 does not exist, trying to create new conversation.
04/09/2016 05:47:04 [11] DEBUG  Dispatcher                    : Adding Conversation Player.Conversation.GameStatusConversation, 3.18
04/09/2016 05:47:04 [11] DEBUG  Dispatcher                    :       New Queue ID: 3.18
04/09/2016 05:47:04 [11] INFO   BackgroundThread              : Starting 
04/09/2016 05:47:04 [16] DEBUG  GameStatusConversation        : Received Game Status Message
04/09/2016 05:47:04 [ 9] DEBUG  Dispatcher                    :       New Queue ID: 2.6
04/09/2016 05:47:04 [ 9] INFO   BackgroundThread              : Starting 
04/09/2016 05:47:04 [12] DEBUG  GameListConversation          : Queuing game list request. 
04/09/2016 05:47:04 [12] DEBUG  InitiatedConversation         : Conversation Id  for initiated conversation: 2.6
04/09/2016 05:47:04 [12] DEBUG  PostMan                       : Sending UDP (Messages.RequestMessages.GameListRequest, MessageID: 2.6, ConversationID: 2.6)
JSON: {"__type":"GameListRequest:#Messages.RequestMessages","ConvId":{"Pid":2,"Seq":6},"MsgId":{"Pid":2,"Seq":6},"StatusFilter":4}
04/09/2016 05:47:04 [11] DEBUG  PostMan                       : Received UDP (Messages.RequestMessages.AllowanceDeliveryRequest, MessageID: 1.12, ConversationID: 1.12)
JSON: {"__type":"AllowanceDeliveryRequest:#Messages.RequestMessages","ConvId":{"Pid":1,"Seq":12},"MsgId":{"Pid":1,"Seq":12},"NumberOfPennies":400,"PortNumber":12999}
04/09/2016 05:47:04 [12] DEBUG  PostMan                       : Message Delivered
04/09/2016 05:47:04 [11] INFO   Dispatcher                    : New Message Received: (Messages.RequestMessages.AllowanceDeliveryRequest)
04/09/2016 05:47:04 [11] INFO   Dispatcher                    : MessageId: 1.12ConversationId: 1.12
04/09/2016 05:47:04 [11] DEBUG  Dispatcher                    : Conversation  with id= 1.12 does not exist, trying to create new conversation.
04/09/2016 05:47:04 [11] DEBUG  Dispatcher                    : Adding Conversation Player.Conversation.AllowanceDeliveryConversation, 1.12
04/09/2016 05:47:04 [11] DEBUG  Dispatcher                    :       New Queue ID: 1.12
04/09/2016 05:47:04 [11] INFO   BackgroundThread              : Starting 
04/09/2016 05:47:04 [15] DEBUG  AllowanceDeliveryConversation : Received Allowance Delivery Request. 
04/09/2016 05:47:04 [15] DEBUG  TCPSocket                     : Destination Endpoint is: 127.0.0.1:12999
04/09/2016 05:47:04 [15] INFO   BackgroundThread              : Starting 
04/09/2016 05:47:04 [13] DEBUG  TCPSocket                     : Opening Remote TCP Connection
04/09/2016 05:47:04 [13] DEBUG  TCPSocket                     : TCP Socket connected to 127.0.0.1:12999
