04/13/2016 08:39:40 [ 9] DEBUG  PlayerConnection              : Using Local Settings.
04/13/2016 08:39:40 [ 9] DEBUG  PlayerConnection              : Starting Application. 
04/13/2016 08:39:40 [ 9] DEBUG  PlayerConnection              : Initializing Subsystem
04/13/2016 08:39:40 [ 9] DEBUG  PlayerProcess                 : Initializeing Player Subsystem.
04/13/2016 08:39:40 [ 9] DEBUG  PlayerConnection              : Initializing Player
04/13/2016 08:39:40 [ 9] DEBUG  PlayerProcess                 : Initializing Player Details.
04/13/2016 08:39:40 [ 9] INFO   BackgroundThread              : Starting 
04/13/2016 08:39:40 [ 6] INFO   BackgroundThread              : Starting 
04/13/2016 08:39:40 [ 6] DEBUG  PlayerProcess                 : In Process Login function.
04/13/2016 08:39:40 [ 6] DEBUG  ConversationFactory           : Creating Conversation of type LoginConversation
04/13/2016 08:39:40 [ 6] DEBUG  Dispatcher                    : Adding Conversation Player.Conversation.LoginConversation, 0.1
04/13/2016 08:39:40 [ 6] DEBUG  Dispatcher                    :       New Queue ID: 0.1
04/13/2016 08:39:40 [ 6] INFO   BackgroundThread              : Starting 
04/13/2016 08:39:42 [13] DEBUG  LoginConversation             : Creating login request. 
04/13/2016 08:39:42 [13] DEBUG  InitiatedConversation         : LoginConversation, ConversationID: 0.1: Conversation Id  for Initiated conversation: 0.1
04/13/2016 08:39:42 [13] DEBUG  Conversation                  : LoginConversation, ConversationID: 0.1: Setting Message IDs
04/13/2016 08:39:42 [13] DEBUG  Conversation                  : LoginConversation, ConversationID: 0.1: Conversation is initiating send.
04/13/2016 08:39:42 [13] DEBUG  PostMan                       : Sending UDP (Messages.RequestMessages.LoginRequest, MessageID: 0.1, ConversationID: 0.1)
Endpoint: 127.0.0.1:12000
JSON: {"__type":"LoginRequest:#Messages.RequestMessages","ConvId":{"Pid":0,"Seq":1},"MsgId":{"Pid":0,"Seq":1},"Identity":{"ANumber":"A00000001","Alias":"The Instructor","FirstName":"The","LastName":"Instructor"},"ProcessLabel":"The Instructor","ProcessType":3,"PublicKey":null}
04/13/2016 08:39:42 [13] DEBUG  PostMan                       : Message Delivered
04/13/2016 08:39:42 [13] DEBUG  Conversation                  : LoginConversation, ConversationID: 0.1: Send succeeded.
04/13/2016 08:39:42 [12] DEBUG  PostMan                       : Received UDP (Messages.ReplyMessages.LoginReply, MessageID: 1.4, ConversationID: 0.1)
JSON: {"__type":"LoginReply:#Messages.ReplyMessages","ConvId":{"Pid":0,"Seq":1},"MsgId":{"Pid":1,"Seq":4},"Note":"Logged in","Success":true,"PennyBankEndPoint":{"Host":"127.0.0.1","Port":12002},"PennyBankPublicKey":null,"ProcessInfo":{"EndPoint":{"Host":"127.0.0.1","Port":10000},"Label":"The Instructor","ProcessId":2,"Status":3,"Type":3},"ProxyEndPoint":{"Host":"127.0.0.1","Port":12001}}
04/13/2016 08:39:42 [16] INFO   ispatcher+<>c__DisplayClass7_0: New Message Received: (Messages.ReplyMessages.LoginReply)
04/13/2016 08:39:42 [16] INFO   ispatcher+<>c__DisplayClass7_0: MessageId: 1.4ConversationId: 0.1
04/13/2016 08:39:42 [16] DEBUG  Dispatcher                    : Successsfully queued a new message of type LoginReply, for conversation: 0.1
04/13/2016 08:39:42 [13] DEBUG  Conversation                  : LoginConversation, ConversationID: 0.1: Message available!
04/13/2016 08:39:42 [13] DEBUG  Conversation                  : LoginConversation, ConversationID: 0.1: Message available!
04/13/2016 08:39:43 [13] DEBUG  Conversation                  : LoginConversation, ConversationID: 0.1: Received Message is valid
04/13/2016 08:39:43 [13] DEBUG  Conversation                  : Received a Message of type: LoginReply
04/13/2016 08:39:43 [13] DEBUG  LoginConversation             : Proxy endpoint is 127.0.0.1:12002
04/13/2016 08:39:43 [13] INFO   Conversation                  : Conversation Succeeded
04/13/2016 08:39:43 [13] INFO   Conversation                  : Conversation Succeeded
04/13/2016 08:39:43 [ 6] DEBUG  PlayerProcess                 : In Process GetGameList function.
04/13/2016 08:39:43 [ 6] DEBUG  ConversationFactory           : Creating Conversation of type GameListConversation
04/13/2016 08:39:43 [ 6] DEBUG  Dispatcher                    : Adding Conversation Player.Conversation.GameListConversation, 2.2
04/13/2016 08:39:43 [ 6] DEBUG  Dispatcher                    :       New Queue ID: 2.2
04/13/2016 08:39:43 [ 6] INFO   BackgroundThread              : Starting 
04/13/2016 08:39:45 [16] DEBUG  GameListConversation          : Queuing game list request. 
04/13/2016 08:39:45 [16] DEBUG  InitiatedConversation         : GameListConversation, ConversationID: 2.2: Conversation Id  for Initiated conversation: 2.2
04/13/2016 08:39:45 [16] DEBUG  Conversation                  : GameListConversation, ConversationID: 2.2: Setting Message IDs
04/13/2016 08:39:45 [16] DEBUG  Conversation                  : GameListConversation, ConversationID: 2.2: Conversation is initiating send.
04/13/2016 08:39:45 [16] DEBUG  PostMan                       : Sending UDP (Messages.RequestMessages.GameListRequest, MessageID: 2.2, ConversationID: 2.2)
Endpoint: 127.0.0.1:12000
JSON: {"__type":"GameListRequest:#Messages.RequestMessages","ConvId":{"Pid":2,"Seq":2},"MsgId":{"Pid":2,"Seq":2},"StatusFilter":4}
04/13/2016 08:39:45 [16] DEBUG  PostMan                       : Message Delivered
04/13/2016 08:39:45 [16] DEBUG  Conversation                  : GameListConversation, ConversationID: 2.2: Send succeeded.
04/13/2016 08:39:45 [12] DEBUG  PostMan                       : Received UDP (Messages.ReplyMessages.GameListReply, MessageID: 1.5, ConversationID: 2.2)
JSON: {"__type":"GameListReply:#Messages.ReplyMessages","ConvId":{"Pid":2,"Seq":2},"MsgId":{"Pid":1,"Seq":5},"Note":null,"Success":true,"GameInfo":[]}
04/13/2016 08:39:45 [15] INFO   ispatcher+<>c__DisplayClass7_0: New Message Received: (Messages.ReplyMessages.GameListReply)
04/13/2016 08:39:45 [15] INFO   ispatcher+<>c__DisplayClass7_0: MessageId: 1.5ConversationId: 2.2
04/13/2016 08:39:45 [15] DEBUG  Dispatcher                    : Successsfully queued a new message of type GameListReply, for conversation: 2.2
04/13/2016 08:39:45 [16] DEBUG  Conversation                  : GameListConversation, ConversationID: 2.2: Message available!
04/13/2016 08:39:45 [16] DEBUG  Conversation                  : GameListConversation, ConversationID: 2.2: Message available!
04/13/2016 08:39:45 [16] DEBUG  Conversation                  : GameListConversation, ConversationID: 2.2: Received Message is valid
04/13/2016 08:39:45 [16] DEBUG  Conversation                  : Received a Message of type: GameListReply
04/13/2016 08:39:45 [16] ERROR  Conversation                  : GameListConversation, ConversationID: 2.2: No games are available. 
04/13/2016 08:39:45 [16] ERROR  Conversation                  : GameListConversation, ConversationID: 2.2: Conversation Failed
04/13/2016 08:39:45 [16] ERROR  Conversation                  : GameListConversation, ConversationID: 2.2: Conversation Ending
04/13/2016 08:39:45 [16] INFO   Conversation                  : Conversation Failed
04/13/2016 08:39:45 [16] INFO   BackgroundThread              : Stopping 
04/13/2016 08:39:45 [16] DEBUG  BackgroundThread              : Leaving Stop
04/13/2016 08:39:45 [16] ERROR  Conversation                  : GameListConversation, ConversationID: 2.2: Conversation Failed
04/13/2016 08:39:45 [16] ERROR  Conversation                  : GameListConversation, ConversationID: 2.2: Conversation Ending
04/13/2016 08:39:45 [16] INFO   Conversation                  : Conversation Failed
04/13/2016 08:39:45 [16] INFO   BackgroundThread              : Stopping 
04/13/2016 08:39:45 [16] DEBUG  BackgroundThread              : Leaving Stop
04/13/2016 08:39:46 [ 6] DEBUG  PlayerProcess                 : In Process GetGameList function.
04/13/2016 08:39:46 [ 6] DEBUG  ConversationFactory           : Creating Conversation of type GameListConversation
04/13/2016 08:39:46 [ 6] DEBUG  Dispatcher                    : Adding Conversation Player.Conversation.GameListConversation, 2.3
04/13/2016 08:39:46 [ 6] DEBUG  Dispatcher                    :       New Queue ID: 2.3
04/13/2016 08:39:46 [ 6] INFO   BackgroundThread              : Starting 
04/13/2016 08:39:47 [ 9] DEBUG  PlayerProcess+<Logout>d__18   : In Process Logout function.
04/13/2016 08:39:47 [13] DEBUG  ConversationFactory           : Creating Conversation of type LogoutConversation
04/13/2016 08:39:47 [13] DEBUG  Dispatcher                    : Adding Conversation Player.Conversation.LogoutConversation, 2.4
04/13/2016 08:39:47 [13] DEBUG  Dispatcher                    :       New Queue ID: 2.4
04/13/2016 08:39:47 [13] INFO   BackgroundThread              : Starting 
04/13/2016 08:39:48 [16] DEBUG  GameListConversation          : Queuing game list request. 
04/13/2016 08:39:48 [16] DEBUG  InitiatedConversation         : GameListConversation, ConversationID: 2.3: Conversation Id  for Initiated conversation: 2.3
04/13/2016 08:39:48 [16] DEBUG  Conversation                  : GameListConversation, ConversationID: 2.3: Setting Message IDs
04/13/2016 08:39:48 [16] DEBUG  Conversation                  : GameListConversation, ConversationID: 2.3: Conversation is initiating send.
04/13/2016 08:39:48 [16] DEBUG  PostMan                       : Sending UDP (Messages.RequestMessages.GameListRequest, MessageID: 2.3, ConversationID: 2.3)
Endpoint: 127.0.0.1:12000
JSON: {"__type":"GameListRequest:#Messages.RequestMessages","ConvId":{"Pid":2,"Seq":3},"MsgId":{"Pid":2,"Seq":3},"StatusFilter":4}
04/13/2016 08:39:48 [16] DEBUG  PostMan                       : Message Delivered
04/13/2016 08:39:48 [12] DEBUG  PostMan                       : Received UDP (Messages.ReplyMessages.GameListReply, MessageID: 1.6, ConversationID: 2.3)
JSON: {"__type":"GameListReply:#Messages.ReplyMessages","ConvId":{"Pid":2,"Seq":3},"MsgId":{"Pid":1,"Seq":6},"Note":null,"Success":true,"GameInfo":[]}
04/13/2016 08:39:48 [16] DEBUG  Conversation                  : GameListConversation, ConversationID: 2.3: Send succeeded.
04/13/2016 08:39:48 [15] INFO   ispatcher+<>c__DisplayClass7_0: New Message Received: (Messages.ReplyMessages.GameListReply)
04/13/2016 08:39:48 [15] INFO   ispatcher+<>c__DisplayClass7_0: MessageId: 1.6ConversationId: 2.3
04/13/2016 08:39:48 [15] DEBUG  Dispatcher                    : Successsfully queued a new message of type GameListReply, for conversation: 2.3
04/13/2016 08:39:48 [16] DEBUG  Conversation                  : GameListConversation, ConversationID: 2.3: Message available!
04/13/2016 08:39:48 [16] DEBUG  Conversation                  : GameListConversation, ConversationID: 2.3: Message available!
04/13/2016 08:39:48 [16] DEBUG  Conversation                  : GameListConversation, ConversationID: 2.3: Received Message is valid
04/13/2016 08:39:48 [16] DEBUG  Conversation                  : Received a Message of type: GameListReply
04/13/2016 08:39:48 [16] ERROR  Conversation                  : GameListConversation, ConversationID: 2.3: No games are available. 
04/13/2016 08:39:48 [16] ERROR  Conversation                  : GameListConversation, ConversationID: 2.3: Conversation Failed
04/13/2016 08:39:48 [16] ERROR  Conversation                  : GameListConversation, ConversationID: 2.3: Conversation Ending
04/13/2016 08:39:48 [16] INFO   Conversation                  : Conversation Failed
04/13/2016 08:39:48 [16] INFO   BackgroundThread              : Stopping 
04/13/2016 08:39:48 [16] DEBUG  BackgroundThread              : Leaving Stop
04/13/2016 08:39:48 [16] ERROR  Conversation                  : GameListConversation, ConversationID: 2.3: Conversation Failed
04/13/2016 08:39:48 [16] ERROR  Conversation                  : GameListConversation, ConversationID: 2.3: Conversation Ending
04/13/2016 08:39:48 [16] INFO   Conversation                  : Conversation Failed
04/13/2016 08:39:48 [16] INFO   BackgroundThread              : Stopping 
04/13/2016 08:39:48 [16] DEBUG  BackgroundThread              : Leaving Stop
04/13/2016 08:39:48 [ 6] DEBUG  PlayerProcess                 : In Process GetGameList function.
04/13/2016 08:39:48 [ 6] DEBUG  ConversationFactory           : Creating Conversation of type GameListConversation
04/13/2016 08:39:48 [ 6] DEBUG  Dispatcher                    : Adding Conversation Player.Conversation.GameListConversation, 2.5
04/13/2016 08:39:49 [ 6] DEBUG  Dispatcher                    :       New Queue ID: 2.5
04/13/2016 08:39:49 [ 6] INFO   BackgroundThread              : Starting 
04/13/2016 08:39:49 [14] DEBUG  LogoutConversation            : Queuing logout request. 
04/13/2016 08:39:49 [14] DEBUG  InitiatedConversation         : LogoutConversation, ConversationID: 2.4: Conversation Id  for Initiated conversation: 2.4
04/13/2016 08:39:49 [14] DEBUG  Conversation                  : LogoutConversation, ConversationID: 2.4: Setting Message IDs
04/13/2016 08:39:49 [14] DEBUG  Conversation                  : LogoutConversation, ConversationID: 2.4: Conversation is initiating send.
04/13/2016 08:39:49 [14] DEBUG  PostMan                       : Sending UDP (Messages.RequestMessages.LogoutRequest, MessageID: 2.4, ConversationID: 2.4)
Endpoint: 127.0.0.1:12000
JSON: {"__type":"LogoutRequest:#Messages.RequestMessages","ConvId":{"Pid":2,"Seq":4},"MsgId":{"Pid":2,"Seq":4}}
04/13/2016 08:39:49 [14] DEBUG  PostMan                       : Message Delivered
04/13/2016 08:39:49 [12] DEBUG  PostMan                       : Received UDP (Messages.ReplyMessages.Reply, MessageID: 1.7, ConversationID: 2.4)
JSON: {"__type":"Reply:#Messages.ReplyMessages","ConvId":{"Pid":2,"Seq":4},"MsgId":{"Pid":1,"Seq":7},"Note":"Logged out","Success":true}
04/13/2016 08:39:49 [14] DEBUG  Conversation                  : LogoutConversation, ConversationID: 2.4: Send succeeded.
04/13/2016 08:39:49 [15] INFO   ispatcher+<>c__DisplayClass7_0: New Message Received: (Messages.ReplyMessages.Reply)
04/13/2016 08:39:49 [15] INFO   ispatcher+<>c__DisplayClass7_0: MessageId: 1.7ConversationId: 2.4
04/13/2016 08:39:49 [15] DEBUG  Dispatcher                    : Successsfully queued a new message of type Reply, for conversation: 2.4
04/13/2016 08:39:49 [14] DEBUG  Conversation                  : LogoutConversation, ConversationID: 2.4: Message available!
04/13/2016 08:39:49 [14] DEBUG  Conversation                  : LogoutConversation, ConversationID: 2.4: Message available!
04/13/2016 08:39:49 [14] DEBUG  Conversation                  : LogoutConversation, ConversationID: 2.4: Received Message is valid
04/13/2016 08:39:50 [14] DEBUG  Conversation                  : Received a Message of type: Reply
04/13/2016 08:39:50 [14] INFO   Conversation                  : Conversation Succeeded
04/13/2016 08:39:50 [14] INFO   Conversation                  : Conversation Succeeded
04/13/2016 08:39:50 [ 9] DEBUG  PlayerConnection              : Stopping Player Process.
04/13/2016 08:39:50 [ 9] INFO   BackgroundThread              : Stopping 
04/13/2016 08:39:50 [ 9] DEBUG  BackgroundThread              : Leaving Stop
04/13/2016 08:39:51 [19] DEBUG  GameListConversation          : Queuing game list request. 
04/13/2016 08:39:51 [19] DEBUG  InitiatedConversation         : GameListConversation, ConversationID: 2.5: Conversation Id  for Initiated conversation: 2.5
04/13/2016 08:39:51 [19] DEBUG  Conversation                  : GameListConversation, ConversationID: 2.5: Setting Message IDs
04/13/2016 08:39:51 [19] DEBUG  Conversation                  : GameListConversation, ConversationID: 2.5: Conversation is initiating send.
04/13/2016 08:39:51 [19] DEBUG  PostMan                       : Sending UDP (Messages.RequestMessages.GameListRequest, MessageID: 2.5, ConversationID: 2.5)
Endpoint: 127.0.0.1:12000
JSON: {"__type":"GameListRequest:#Messages.RequestMessages","ConvId":{"Pid":2,"Seq":5},"MsgId":{"Pid":2,"Seq":5},"StatusFilter":4}
04/13/2016 08:39:51 [19] DEBUG  PostMan                       : Message Delivered
04/13/2016 08:39:51 [19] DEBUG  Conversation                  : GameListConversation, ConversationID: 2.5: Send succeeded.
04/13/2016 08:39:57 [ 9] DEBUG  PlayerConnection              : Using Local Settings.
04/13/2016 08:39:57 [ 9] DEBUG  PlayerConnection              : Starting Application. 
04/13/2016 08:39:57 [ 9] DEBUG  PlayerConnection              : Initializing Subsystem
04/13/2016 08:39:57 [ 9] DEBUG  PlayerProcess                 : Initializeing Player Subsystem.
04/13/2016 08:39:57 [ 9] DEBUG  PlayerConnection              : Initializing Player
04/13/2016 08:39:57 [ 9] DEBUG  PlayerProcess                 : Initializing Player Details.
04/13/2016 08:39:57 [ 9] INFO   BackgroundThread              : Starting 
04/13/2016 08:39:57 [15] INFO   BackgroundThread              : Starting 
04/13/2016 08:39:57 [15] DEBUG  PlayerProcess                 : In Process Login function.
04/13/2016 08:39:57 [15] DEBUG  ConversationFactory           : Creating Conversation of type LoginConversation
04/13/2016 08:39:57 [15] DEBUG  Dispatcher                    : Adding Conversation Player.Conversation.LoginConversation, 2.6
04/13/2016 08:39:57 [15] DEBUG  Dispatcher                    :       New Queue ID: 2.6
04/13/2016 08:39:57 [15] INFO   BackgroundThread              : Starting 
04/13/2016 08:39:57 [19] DEBUG  GameListConversation          : Queuing game list request. 
04/13/2016 08:39:57 [19] DEBUG  InitiatedConversation         : GameListConversation, ConversationID: 2.5: Conversation Id  for Initiated conversation: 2.5
04/13/2016 08:39:57 [19] DEBUG  Conversation                  : GameListConversation, ConversationID: 2.5: Setting Message IDs
04/13/2016 08:39:57 [19] DEBUG  Conversation                  : GameListConversation, ConversationID: 2.5: Conversation is initiating send.
04/13/2016 08:39:57 [19] DEBUG  PostMan                       : Sending UDP (Messages.RequestMessages.GameListRequest, MessageID: 2.5, ConversationID: 2.5)
Endpoint: 127.0.0.1:12000
JSON: {"__type":"GameListRequest:#Messages.RequestMessages","ConvId":{"Pid":2,"Seq":5},"MsgId":{"Pid":2,"Seq":5},"StatusFilter":4}
04/13/2016 08:39:57 [19] DEBUG  PostMan                       : Message Delivered
04/13/2016 08:39:57 [19] DEBUG  Conversation                  : GameListConversation, ConversationID: 2.5: Send succeeded.
04/13/2016 08:39:59 [13] DEBUG  LoginConversation             : Creating login request. 
04/13/2016 08:39:59 [13] DEBUG  InitiatedConversation         : LoginConversation, ConversationID: 2.6: Conversation Id  for Initiated conversation: 2.6
04/13/2016 08:39:59 [13] DEBUG  Conversation                  : LoginConversation, ConversationID: 2.6: Setting Message IDs
04/13/2016 08:39:59 [13] DEBUG  Conversation                  : LoginConversation, ConversationID: 2.6: Conversation is initiating send.
04/13/2016 08:39:59 [13] DEBUG  PostMan                       : Sending UDP (Messages.RequestMessages.LoginRequest, MessageID: 2.6, ConversationID: 2.6)
Endpoint: 127.0.0.1:12000
JSON: {"__type":"LoginRequest:#Messages.RequestMessages","ConvId":{"Pid":2,"Seq":6},"MsgId":{"Pid":2,"Seq":6},"Identity":{"ANumber":"A00000001","Alias":"The Instructor","FirstName":"The","LastName":"Instructor"},"ProcessLabel":"The Instructor","ProcessType":3,"PublicKey":null}
04/13/2016 08:39:59 [13] DEBUG  PostMan                       : Message Delivered
04/13/2016 08:39:59 [20] DEBUG  PostMan                       : Received UDP (Messages.ReplyMessages.LoginReply, MessageID: 1.8, ConversationID: 2.6)
JSON: {"__type":"LoginReply:#Messages.ReplyMessages","ConvId":{"Pid":2,"Seq":6},"MsgId":{"Pid":1,"Seq":8},"Note":"The Process Id in the message must be zero","Success":false,"PennyBankEndPoint":null,"PennyBankPublicKey":null,"ProcessInfo":null,"ProxyEndPoint":null}
04/13/2016 08:39:59 [13] DEBUG  Conversation                  : LoginConversation, ConversationID: 2.6: Send succeeded.
04/13/2016 08:39:59 [14] INFO   ispatcher+<>c__DisplayClass7_0: New Message Received: (Messages.ReplyMessages.LoginReply)
04/13/2016 08:39:59 [14] INFO   ispatcher+<>c__DisplayClass7_0: MessageId: 1.8ConversationId: 2.6
04/13/2016 08:39:59 [14] DEBUG  Dispatcher                    : Successsfully queued a new message of type LoginReply, for conversation: 2.6
04/13/2016 08:39:59 [13] DEBUG  Conversation                  : LoginConversation, ConversationID: 2.6: Message available!
04/13/2016 08:39:59 [13] DEBUG  Conversation                  : LoginConversation, ConversationID: 2.6: Message available!
04/13/2016 08:39:59 [13] DEBUG  Conversation                  : LoginConversation, ConversationID: 2.6: Received Message is valid
04/13/2016 08:39:59 [13] DEBUG  Conversation                  : Received a Message of type: LoginReply
04/13/2016 08:39:59 [13] ERROR  Conversation                  : LoginConversation, ConversationID: 2.6: LoginReply.Success was false
04/13/2016 08:40:00 [13] ERROR  Conversation                  : LoginConversation, ConversationID: 2.6: Conversation Failed
04/13/2016 08:40:00 [13] ERROR  Conversation                  : LoginConversation, ConversationID: 2.6: Conversation Ending
04/13/2016 08:40:00 [13] INFO   Conversation                  : Conversation Failed
04/13/2016 08:40:00 [13] INFO   BackgroundThread              : Stopping 
04/13/2016 08:40:00 [13] DEBUG  BackgroundThread              : Leaving Stop
04/13/2016 08:40:00 [13] ERROR  Conversation                  : LoginConversation, ConversationID: 2.6: Conversation Failed
04/13/2016 08:40:00 [13] ERROR  Conversation                  : LoginConversation, ConversationID: 2.6: Conversation Ending
04/13/2016 08:40:00 [13] INFO   Conversation                  : Conversation Failed
04/13/2016 08:40:00 [13] INFO   BackgroundThread              : Stopping 
04/13/2016 08:40:00 [13] DEBUG  BackgroundThread              : Leaving Stop
04/13/2016 08:40:00 [15] DEBUG  PlayerProcess                 : In Process Login function.
04/13/2016 08:40:00 [15] DEBUG  ConversationFactory           : Creating Conversation of type LoginConversation
04/13/2016 08:40:00 [15] DEBUG  Dispatcher                    : Adding Conversation Player.Conversation.LoginConversation, 2.7
04/13/2016 08:40:00 [15] DEBUG  Dispatcher                    :       New Queue ID: 2.7
04/13/2016 08:40:00 [15] INFO   BackgroundThread              : Starting 
04/13/2016 08:40:02 [16] DEBUG  LoginConversation             : Creating login request. 
04/13/2016 08:40:02 [16] DEBUG  InitiatedConversation         : LoginConversation, ConversationID: 2.7: Conversation Id  for Initiated conversation: 2.7
04/13/2016 08:40:02 [16] DEBUG  Conversation                  : LoginConversation, ConversationID: 2.7: Setting Message IDs
04/13/2016 08:40:02 [16] DEBUG  Conversation                  : LoginConversation, ConversationID: 2.7: Conversation is initiating send.
04/13/2016 08:40:02 [16] DEBUG  PostMan                       : Sending UDP (Messages.RequestMessages.LoginRequest, MessageID: 2.7, ConversationID: 2.7)
Endpoint: 127.0.0.1:12000
JSON: {"__type":"LoginRequest:#Messages.RequestMessages","ConvId":{"Pid":2,"Seq":7},"MsgId":{"Pid":2,"Seq":7},"Identity":{"ANumber":"A00000001","Alias":"The Instructor","FirstName":"The","LastName":"Instructor"},"ProcessLabel":"The Instructor","ProcessType":3,"PublicKey":null}
04/13/2016 08:40:02 [16] DEBUG  PostMan                       : Message Delivered
04/13/2016 08:40:02 [20] DEBUG  PostMan                       : Received UDP (Messages.ReplyMessages.LoginReply, MessageID: 1.9, ConversationID: 2.7)
JSON: {"__type":"LoginReply:#Messages.ReplyMessages","ConvId":{"Pid":2,"Seq":7},"MsgId":{"Pid":1,"Seq":9},"Note":"The Process Id in the message must be zero","Success":false,"PennyBankEndPoint":null,"PennyBankPublicKey":null,"ProcessInfo":null,"ProxyEndPoint":null}
04/13/2016 08:40:02 [16] DEBUG  Conversation                  : LoginConversation, ConversationID: 2.7: Send succeeded.
04/13/2016 08:40:02 [13] INFO   ispatcher+<>c__DisplayClass7_0: New Message Received: (Messages.ReplyMessages.LoginReply)
04/13/2016 08:40:02 [13] INFO   ispatcher+<>c__DisplayClass7_0: MessageId: 1.9ConversationId: 2.7
04/13/2016 08:40:02 [13] DEBUG  Dispatcher                    : Successsfully queued a new message of type LoginReply, for conversation: 2.7
04/13/2016 08:40:02 [16] DEBUG  Conversation                  : LoginConversation, ConversationID: 2.7: Message available!
04/13/2016 08:40:02 [16] DEBUG  Conversation                  : LoginConversation, ConversationID: 2.7: Message available!
04/13/2016 08:40:02 [16] DEBUG  Conversation                  : LoginConversation, ConversationID: 2.7: Received Message is valid
04/13/2016 08:40:02 [16] DEBUG  Conversation                  : Received a Message of type: LoginReply
04/13/2016 08:40:02 [16] ERROR  Conversation                  : LoginConversation, ConversationID: 2.7: LoginReply.Success was false
04/13/2016 08:40:02 [16] ERROR  Conversation                  : LoginConversation, ConversationID: 2.7: Conversation Failed
04/13/2016 08:40:02 [16] ERROR  Conversation                  : LoginConversation, ConversationID: 2.7: Conversation Ending
04/13/2016 08:40:02 [16] INFO   Conversation                  : Conversation Failed
04/13/2016 08:40:02 [16] INFO   BackgroundThread              : Stopping 
04/13/2016 08:40:02 [16] DEBUG  BackgroundThread              : Leaving Stop
04/13/2016 08:40:03 [16] ERROR  Conversation                  : LoginConversation, ConversationID: 2.7: Conversation Failed
04/13/2016 08:40:03 [16] ERROR  Conversation                  : LoginConversation, ConversationID: 2.7: Conversation Ending
04/13/2016 08:40:03 [16] INFO   Conversation                  : Conversation Failed
04/13/2016 08:40:03 [16] INFO   BackgroundThread              : Stopping 
04/13/2016 08:40:03 [16] DEBUG  BackgroundThread              : Leaving Stop
04/13/2016 08:40:03 [15] DEBUG  PlayerProcess                 : In Process Login function.
04/13/2016 08:40:03 [15] DEBUG  ConversationFactory           : Creating Conversation of type LoginConversation
04/13/2016 08:40:03 [15] DEBUG  Dispatcher                    : Adding Conversation Player.Conversation.LoginConversation, 2.8
04/13/2016 08:40:03 [15] DEBUG  Dispatcher                    :       New Queue ID: 2.8
04/13/2016 08:40:03 [15] INFO   BackgroundThread              : Starting 
04/13/2016 08:40:04 [19] DEBUG  GameListConversation          : Queuing game list request. 
04/13/2016 08:40:04 [19] DEBUG  InitiatedConversation         : GameListConversation, ConversationID: 2.5: Conversation Id  for Initiated conversation: 2.5
04/13/2016 08:40:04 [19] DEBUG  Conversation                  : GameListConversation, ConversationID: 2.5: Setting Message IDs
04/13/2016 08:40:04 [19] DEBUG  Conversation                  : GameListConversation, ConversationID: 2.5: Conversation is initiating send.
04/13/2016 08:40:04 [19] DEBUG  PostMan                       : Sending UDP (Messages.RequestMessages.GameListRequest, MessageID: 2.5, ConversationID: 2.5)
Endpoint: 127.0.0.1:12000
JSON: {"__type":"GameListRequest:#Messages.RequestMessages","ConvId":{"Pid":2,"Seq":5},"MsgId":{"Pid":2,"Seq":5},"StatusFilter":4}
04/13/2016 08:40:04 [19] DEBUG  PostMan                       : Message Delivered
04/13/2016 08:40:04 [19] DEBUG  Conversation                  : GameListConversation, ConversationID: 2.5: Send succeeded.
04/13/2016 08:40:05 [13] DEBUG  LoginConversation             : Creating login request. 
04/13/2016 08:40:05 [13] DEBUG  InitiatedConversation         : LoginConversation, ConversationID: 2.8: Conversation Id  for Initiated conversation: 2.8
04/13/2016 08:40:05 [13] DEBUG  Conversation                  : LoginConversation, ConversationID: 2.8: Setting Message IDs
04/13/2016 08:40:05 [13] DEBUG  Conversation                  : LoginConversation, ConversationID: 2.8: Conversation is initiating send.
04/13/2016 08:40:05 [13] DEBUG  PostMan                       : Sending UDP (Messages.RequestMessages.LoginRequest, MessageID: 2.8, ConversationID: 2.8)
Endpoint: 127.0.0.1:12000
JSON: {"__type":"LoginRequest:#Messages.RequestMessages","ConvId":{"Pid":2,"Seq":8},"MsgId":{"Pid":2,"Seq":8},"Identity":{"ANumber":"A00000001","Alias":"The Instructor","FirstName":"The","LastName":"Instructor"},"ProcessLabel":"The Instructor","ProcessType":3,"PublicKey":null}
04/13/2016 08:40:05 [13] DEBUG  PostMan                       : Message Delivered
04/13/2016 08:40:05 [20] DEBUG  PostMan                       : Received UDP (Messages.ReplyMessages.LoginReply, MessageID: 1.10, ConversationID: 2.8)
JSON: {"__type":"LoginReply:#Messages.ReplyMessages","ConvId":{"Pid":2,"Seq":8},"MsgId":{"Pid":1,"Seq":10},"Note":"The Process Id in the message must be zero","Success":false,"PennyBankEndPoint":null,"PennyBankPublicKey":null,"ProcessInfo":null,"ProxyEndPoint":null}
04/13/2016 08:40:05 [13] DEBUG  Conversation                  : LoginConversation, ConversationID: 2.8: Send succeeded.
04/13/2016 08:40:05 [16] INFO   ispatcher+<>c__DisplayClass7_0: New Message Received: (Messages.ReplyMessages.LoginReply)
04/13/2016 08:40:05 [16] INFO   ispatcher+<>c__DisplayClass7_0: MessageId: 1.10ConversationId: 2.8
04/13/2016 08:40:05 [16] DEBUG  Dispatcher                    : Successsfully queued a new message of type LoginReply, for conversation: 2.8
04/13/2016 08:40:05 [13] DEBUG  Conversation                  : LoginConversation, ConversationID: 2.8: Message available!
04/13/2016 08:40:05 [13] DEBUG  Conversation                  : LoginConversation, ConversationID: 2.8: Message available!
04/13/2016 08:40:05 [13] DEBUG  Conversation                  : LoginConversation, ConversationID: 2.8: Received Message is valid
04/13/2016 08:40:05 [13] DEBUG  Conversation                  : Received a Message of type: LoginReply
04/13/2016 08:40:05 [13] ERROR  Conversation                  : LoginConversation, ConversationID: 2.8: LoginReply.Success was false
04/13/2016 08:40:05 [13] ERROR  Conversation                  : LoginConversation, ConversationID: 2.8: Conversation Failed
04/13/2016 08:40:05 [13] ERROR  Conversation                  : LoginConversation, ConversationID: 2.8: Conversation Ending
04/13/2016 08:40:05 [13] INFO   Conversation                  : Conversation Failed
04/13/2016 08:40:05 [13] INFO   BackgroundThread              : Stopping 
04/13/2016 08:40:05 [13] DEBUG  BackgroundThread              : Leaving Stop
04/13/2016 08:40:05 [13] ERROR  Conversation                  : LoginConversation, ConversationID: 2.8: Conversation Failed
04/13/2016 08:40:05 [13] ERROR  Conversation                  : LoginConversation, ConversationID: 2.8: Conversation Ending
04/13/2016 08:40:05 [13] INFO   Conversation                  : Conversation Failed
04/13/2016 08:40:05 [15] DEBUG  PlayerProcess                 : In Process Login function.
04/13/2016 08:40:06 [13] INFO   BackgroundThread              : Stopping 
04/13/2016 08:40:06 [13] DEBUG  BackgroundThread              : Leaving Stop
04/13/2016 08:40:06 [15] DEBUG  ConversationFactory           : Creating Conversation of type LoginConversation
04/13/2016 08:40:06 [15] DEBUG  Dispatcher                    : Adding Conversation Player.Conversation.LoginConversation, 2.9
04/13/2016 08:40:06 [15] DEBUG  Dispatcher                    :       New Queue ID: 2.9
04/13/2016 08:40:06 [15] INFO   BackgroundThread              : Starting 
04/13/2016 08:40:08 [16] DEBUG  LoginConversation             : Creating login request. 
04/13/2016 08:40:08 [16] DEBUG  InitiatedConversation         : LoginConversation, ConversationID: 2.9: Conversation Id  for Initiated conversation: 2.9
04/13/2016 08:40:08 [16] DEBUG  Conversation                  : LoginConversation, ConversationID: 2.9: Setting Message IDs
04/13/2016 08:40:08 [16] DEBUG  Conversation                  : LoginConversation, ConversationID: 2.9: Conversation is initiating send.
04/13/2016 08:40:08 [16] DEBUG  PostMan                       : Sending UDP (Messages.RequestMessages.LoginRequest, MessageID: 2.9, ConversationID: 2.9)
Endpoint: 127.0.0.1:12000
JSON: {"__type":"LoginRequest:#Messages.RequestMessages","ConvId":{"Pid":2,"Seq":9},"MsgId":{"Pid":2,"Seq":9},"Identity":{"ANumber":"A00000001","Alias":"The Instructor","FirstName":"The","LastName":"Instructor"},"ProcessLabel":"The Instructor","ProcessType":3,"PublicKey":null}
04/13/2016 08:40:08 [16] DEBUG  PostMan                       : Message Delivered
04/13/2016 08:40:08 [20] DEBUG  PostMan                       : Received UDP (Messages.ReplyMessages.LoginReply, MessageID: 1.11, ConversationID: 2.9)
JSON: {"__type":"LoginReply:#Messages.ReplyMessages","ConvId":{"Pid":2,"Seq":9},"MsgId":{"Pid":1,"Seq":11},"Note":"The Process Id in the message must be zero","Success":false,"PennyBankEndPoint":null,"PennyBankPublicKey":null,"ProcessInfo":null,"ProxyEndPoint":null}
04/13/2016 08:40:08 [16] DEBUG  Conversation                  : LoginConversation, ConversationID: 2.9: Send succeeded.
04/13/2016 08:40:08 [13] INFO   ispatcher+<>c__DisplayClass7_0: New Message Received: (Messages.ReplyMessages.LoginReply)
04/13/2016 08:40:08 [13] INFO   ispatcher+<>c__DisplayClass7_0: MessageId: 1.11ConversationId: 2.9
04/13/2016 08:40:08 [13] DEBUG  Dispatcher                    : Successsfully queued a new message of type LoginReply, for conversation: 2.9
04/13/2016 08:40:08 [16] DEBUG  Conversation                  : LoginConversation, ConversationID: 2.9: Message available!
04/13/2016 08:40:08 [16] DEBUG  Conversation                  : LoginConversation, ConversationID: 2.9: Message available!
04/13/2016 08:40:08 [16] DEBUG  Conversation                  : LoginConversation, ConversationID: 2.9: Received Message is valid
04/13/2016 08:40:08 [16] DEBUG  Conversation                  : Received a Message of type: LoginReply
04/13/2016 08:40:08 [16] ERROR  Conversation                  : LoginConversation, ConversationID: 2.9: LoginReply.Success was false
04/13/2016 08:40:08 [16] ERROR  Conversation                  : LoginConversation, ConversationID: 2.9: Conversation Failed
04/13/2016 08:40:08 [16] ERROR  Conversation                  : LoginConversation, ConversationID: 2.9: Conversation Ending
04/13/2016 08:40:08 [16] INFO   Conversation                  : Conversation Failed
04/13/2016 08:40:08 [16] INFO   BackgroundThread              : Stopping 
04/13/2016 08:40:08 [16] DEBUG  BackgroundThread              : Leaving Stop
04/13/2016 08:40:08 [16] ERROR  Conversation                  : LoginConversation, ConversationID: 2.9: Conversation Failed
04/13/2016 08:40:08 [15] DEBUG  PlayerProcess                 : In Process Login function.
04/13/2016 08:40:08 [16] ERROR  Conversation                  : LoginConversation, ConversationID: 2.9: Conversation Ending
04/13/2016 08:40:08 [16] INFO   Conversation                  : Conversation Failed
04/13/2016 08:40:08 [16] INFO   BackgroundThread              : Stopping 
04/13/2016 08:40:08 [15] DEBUG  ConversationFactory           : Creating Conversation of type LoginConversation
04/13/2016 08:40:08 [15] DEBUG  Dispatcher                    : Adding Conversation Player.Conversation.LoginConversation, 2.10
04/13/2016 08:40:08 [15] DEBUG  Dispatcher                    :       New Queue ID: 2.10
04/13/2016 08:40:08 [15] INFO   BackgroundThread              : Starting 
04/13/2016 08:40:08 [16] DEBUG  BackgroundThread              : Leaving Stop
04/13/2016 08:40:08 [19] ERROR  Conversation                  : GameListConversation, ConversationID: 2.5: Conversation Failed
04/13/2016 08:40:08 [19] ERROR  Conversation                  : GameListConversation, ConversationID: 2.5: Conversation Ending
04/13/2016 08:40:08 [19] INFO   Conversation                  : Conversation Failed
04/13/2016 08:40:08 [19] INFO   BackgroundThread              : Stopping 
04/13/2016 08:40:08 [19] DEBUG  BackgroundThread              : Leaving Stop
04/13/2016 08:40:10 [14] DEBUG  LoginConversation             : Creating login request. 
04/13/2016 08:40:10 [14] DEBUG  InitiatedConversation         : LoginConversation, ConversationID: 2.10: Conversation Id  for Initiated conversation: 2.10
04/13/2016 08:40:10 [14] DEBUG  Conversation                  : LoginConversation, ConversationID: 2.10: Setting Message IDs
04/13/2016 08:40:11 [14] DEBUG  Conversation                  : LoginConversation, ConversationID: 2.10: Conversation is initiating send.
04/13/2016 08:40:11 [14] DEBUG  PostMan                       : Sending UDP (Messages.RequestMessages.LoginRequest, MessageID: 2.10, ConversationID: 2.10)
Endpoint: 127.0.0.1:12000
JSON: {"__type":"LoginRequest:#Messages.RequestMessages","ConvId":{"Pid":2,"Seq":10},"MsgId":{"Pid":2,"Seq":10},"Identity":{"ANumber":"A00000001","Alias":"The Instructor","FirstName":"The","LastName":"Instructor"},"ProcessLabel":"The Instructor","ProcessType":3,"PublicKey":null}
04/13/2016 08:40:11 [14] DEBUG  PostMan                       : Message Delivered
04/13/2016 08:40:11 [20] DEBUG  PostMan                       : Received UDP (Messages.ReplyMessages.LoginReply, MessageID: 1.12, ConversationID: 2.10)
JSON: {"__type":"LoginReply:#Messages.ReplyMessages","ConvId":{"Pid":2,"Seq":10},"MsgId":{"Pid":1,"Seq":12},"Note":"The Process Id in the message must be zero","Success":false,"PennyBankEndPoint":null,"PennyBankPublicKey":null,"ProcessInfo":null,"ProxyEndPoint":null}
04/13/2016 08:40:11 [14] DEBUG  Conversation                  : LoginConversation, ConversationID: 2.10: Send succeeded.
04/13/2016 08:40:11 [ 6] INFO   ispatcher+<>c__DisplayClass7_0: New Message Received: (Messages.ReplyMessages.LoginReply)
04/13/2016 08:40:11 [ 6] INFO   ispatcher+<>c__DisplayClass7_0: MessageId: 1.12ConversationId: 2.10
04/13/2016 08:40:11 [ 6] DEBUG  Dispatcher                    : Successsfully queued a new message of type LoginReply, for conversation: 2.10
04/13/2016 08:40:11 [14] DEBUG  Conversation                  : LoginConversation, ConversationID: 2.10: Message available!
04/13/2016 08:40:11 [14] DEBUG  Conversation                  : LoginConversation, ConversationID: 2.10: Message available!
04/13/2016 08:40:11 [14] DEBUG  Conversation                  : LoginConversation, ConversationID: 2.10: Received Message is valid
04/13/2016 08:40:11 [14] DEBUG  Conversation                  : Received a Message of type: LoginReply
04/13/2016 08:40:11 [14] ERROR  Conversation                  : LoginConversation, ConversationID: 2.10: LoginReply.Success was false
04/13/2016 08:40:11 [14] ERROR  Conversation                  : LoginConversation, ConversationID: 2.10: Conversation Failed
04/13/2016 08:40:11 [14] ERROR  Conversation                  : LoginConversation, ConversationID: 2.10: Conversation Ending
04/13/2016 08:40:11 [14] INFO   Conversation                  : Conversation Failed
04/13/2016 08:40:11 [14] INFO   BackgroundThread              : Stopping 
04/13/2016 08:40:11 [14] DEBUG  BackgroundThread              : Leaving Stop
04/13/2016 08:40:11 [14] ERROR  Conversation                  : LoginConversation, ConversationID: 2.10: Conversation Failed
04/13/2016 08:40:11 [14] ERROR  Conversation                  : LoginConversation, ConversationID: 2.10: Conversation Ending
04/13/2016 08:40:11 [14] INFO   Conversation                  : Conversation Failed
04/13/2016 08:40:11 [14] INFO   BackgroundThread              : Stopping 
04/13/2016 08:40:11 [14] DEBUG  BackgroundThread              : Leaving Stop
04/13/2016 08:40:11 [15] DEBUG  PlayerProcess                 : In Process Login function.
04/13/2016 08:40:11 [15] DEBUG  ConversationFactory           : Creating Conversation of type LoginConversation
04/13/2016 08:40:11 [15] DEBUG  Dispatcher                    : Adding Conversation Player.Conversation.LoginConversation, 2.11
04/13/2016 08:40:11 [15] DEBUG  Dispatcher                    :       New Queue ID: 2.11
04/13/2016 08:40:11 [15] INFO   BackgroundThread              : Starting 
04/13/2016 08:40:13 [19] DEBUG  LoginConversation             : Creating login request. 
04/13/2016 08:40:13 [19] DEBUG  InitiatedConversation         : LoginConversation, ConversationID: 2.11: Conversation Id  for Initiated conversation: 2.11
04/13/2016 08:40:13 [19] DEBUG  Conversation                  : LoginConversation, ConversationID: 2.11: Setting Message IDs
04/13/2016 08:40:13 [19] DEBUG  Conversation                  : LoginConversation, ConversationID: 2.11: Conversation is initiating send.
04/13/2016 08:40:13 [19] DEBUG  PostMan                       : Sending UDP (Messages.RequestMessages.LoginRequest, MessageID: 2.11, ConversationID: 2.11)
Endpoint: 127.0.0.1:12000
JSON: {"__type":"LoginRequest:#Messages.RequestMessages","ConvId":{"Pid":2,"Seq":11},"MsgId":{"Pid":2,"Seq":11},"Identity":{"ANumber":"A00000001","Alias":"The Instructor","FirstName":"The","LastName":"Instructor"},"ProcessLabel":"The Instructor","ProcessType":3,"PublicKey":null}
04/13/2016 08:40:13 [19] DEBUG  PostMan                       : Message Delivered
04/13/2016 08:40:13 [20] DEBUG  PostMan                       : Received UDP (Messages.ReplyMessages.LoginReply, MessageID: 1.13, ConversationID: 2.11)
JSON: {"__type":"LoginReply:#Messages.ReplyMessages","ConvId":{"Pid":2,"Seq":11},"MsgId":{"Pid":1,"Seq":13},"Note":"The Process Id in the message must be zero","Success":false,"PennyBankEndPoint":null,"PennyBankPublicKey":null,"ProcessInfo":null,"ProxyEndPoint":null}
04/13/2016 08:40:13 [19] DEBUG  Conversation                  : LoginConversation, ConversationID: 2.11: Send succeeded.
04/13/2016 08:40:14 [14] INFO   ispatcher+<>c__DisplayClass7_0: New Message Received: (Messages.ReplyMessages.LoginReply)
04/13/2016 08:40:14 [14] INFO   ispatcher+<>c__DisplayClass7_0: MessageId: 1.13ConversationId: 2.11
04/13/2016 08:40:14 [14] DEBUG  Dispatcher                    : Successsfully queued a new message of type LoginReply, for conversation: 2.11
04/13/2016 08:40:14 [19] DEBUG  Conversation                  : LoginConversation, ConversationID: 2.11: Message available!
04/13/2016 08:40:14 [19] DEBUG  Conversation                  : LoginConversation, ConversationID: 2.11: Message available!
04/13/2016 08:40:14 [19] DEBUG  Conversation                  : LoginConversation, ConversationID: 2.11: Received Message is valid
04/13/2016 08:40:14 [19] DEBUG  Conversation                  : Received a Message of type: LoginReply
04/13/2016 08:40:14 [19] ERROR  Conversation                  : LoginConversation, ConversationID: 2.11: LoginReply.Success was false
04/13/2016 08:40:14 [19] ERROR  Conversation                  : LoginConversation, ConversationID: 2.11: Conversation Failed
04/13/2016 08:40:14 [19] ERROR  Conversation                  : LoginConversation, ConversationID: 2.11: Conversation Ending
04/13/2016 08:40:14 [19] INFO   Conversation                  : Conversation Failed
04/13/2016 08:40:14 [19] INFO   BackgroundThread              : Stopping 
04/13/2016 08:40:14 [19] DEBUG  BackgroundThread              : Leaving Stop
04/13/2016 08:40:14 [19] ERROR  Conversation                  : LoginConversation, ConversationID: 2.11: Conversation Failed
04/13/2016 08:40:14 [19] ERROR  Conversation                  : LoginConversation, ConversationID: 2.11: Conversation Ending
04/13/2016 08:40:14 [19] INFO   Conversation                  : Conversation Failed
04/13/2016 08:40:14 [19] INFO   BackgroundThread              : Stopping 
04/13/2016 08:40:14 [19] DEBUG  BackgroundThread              : Leaving Stop
04/13/2016 08:40:14 [15] DEBUG  PlayerProcess                 : In Process Login function.
04/13/2016 08:40:14 [15] DEBUG  ConversationFactory           : Creating Conversation of type LoginConversation
04/13/2016 08:40:14 [15] DEBUG  Dispatcher                    : Adding Conversation Player.Conversation.LoginConversation, 2.12
04/13/2016 08:40:14 [15] DEBUG  Dispatcher                    :       New Queue ID: 2.12
04/13/2016 08:40:14 [15] INFO   BackgroundThread              : Starting 
04/13/2016 08:40:16 [13] DEBUG  LoginConversation             : Creating login request. 
04/13/2016 08:40:16 [13] DEBUG  InitiatedConversation         : LoginConversation, ConversationID: 2.12: Conversation Id  for Initiated conversation: 2.12
04/13/2016 08:40:16 [13] DEBUG  Conversation                  : LoginConversation, ConversationID: 2.12: Setting Message IDs
04/13/2016 08:40:16 [13] DEBUG  Conversation                  : LoginConversation, ConversationID: 2.12: Conversation is initiating send.
04/13/2016 08:40:16 [13] DEBUG  PostMan                       : Sending UDP (Messages.RequestMessages.LoginRequest, MessageID: 2.12, ConversationID: 2.12)
Endpoint: 127.0.0.1:12000
JSON: {"__type":"LoginRequest:#Messages.RequestMessages","ConvId":{"Pid":2,"Seq":12},"MsgId":{"Pid":2,"Seq":12},"Identity":{"ANumber":"A00000001","Alias":"The Instructor","FirstName":"The","LastName":"Instructor"},"ProcessLabel":"The Instructor","ProcessType":3,"PublicKey":null}
04/13/2016 08:40:16 [13] DEBUG  PostMan                       : Message Delivered
04/13/2016 08:40:16 [20] DEBUG  PostMan                       : Received UDP (Messages.ReplyMessages.LoginReply, MessageID: 1.14, ConversationID: 2.12)
JSON: {"__type":"LoginReply:#Messages.ReplyMessages","ConvId":{"Pid":2,"Seq":12},"MsgId":{"Pid":1,"Seq":14},"Note":"The Process Id in the message must be zero","Success":false,"PennyBankEndPoint":null,"PennyBankPublicKey":null,"ProcessInfo":null,"ProxyEndPoint":null}
04/13/2016 08:40:16 [13] DEBUG  Conversation                  : LoginConversation, ConversationID: 2.12: Send succeeded.
04/13/2016 08:40:17 [ 6] INFO   ispatcher+<>c__DisplayClass7_0: New Message Received: (Messages.ReplyMessages.LoginReply)
04/13/2016 08:40:17 [ 6] INFO   ispatcher+<>c__DisplayClass7_0: MessageId: 1.14ConversationId: 2.12
04/13/2016 08:40:17 [ 6] DEBUG  Dispatcher                    : Successsfully queued a new message of type LoginReply, for conversation: 2.12
04/13/2016 08:40:17 [13] DEBUG  Conversation                  : LoginConversation, ConversationID: 2.12: Message available!
04/13/2016 08:40:17 [13] DEBUG  Conversation                  : LoginConversation, ConversationID: 2.12: Message available!
04/13/2016 08:40:17 [13] DEBUG  Conversation                  : LoginConversation, ConversationID: 2.12: Received Message is valid
04/13/2016 08:40:17 [13] DEBUG  Conversation                  : Received a Message of type: LoginReply
04/13/2016 08:40:17 [13] ERROR  Conversation                  : LoginConversation, ConversationID: 2.12: LoginReply.Success was false
04/13/2016 08:40:17 [13] ERROR  Conversation                  : LoginConversation, ConversationID: 2.12: Conversation Failed
04/13/2016 08:40:17 [13] ERROR  Conversation                  : LoginConversation, ConversationID: 2.12: Conversation Ending
04/13/2016 08:40:17 [13] INFO   Conversation                  : Conversation Failed
04/13/2016 08:40:17 [13] INFO   BackgroundThread              : Stopping 
04/13/2016 08:40:17 [13] DEBUG  BackgroundThread              : Leaving Stop
04/13/2016 08:40:17 [13] ERROR  Conversation                  : LoginConversation, ConversationID: 2.12: Conversation Failed
04/13/2016 08:40:17 [13] ERROR  Conversation                  : LoginConversation, ConversationID: 2.12: Conversation Ending
04/13/2016 08:40:17 [13] INFO   Conversation                  : Conversation Failed
04/13/2016 08:40:17 [13] INFO   BackgroundThread              : Stopping 
04/13/2016 08:40:17 [13] DEBUG  BackgroundThread              : Leaving Stop
04/13/2016 08:40:17 [15] DEBUG  PlayerProcess                 : In Process Login function.
04/13/2016 08:40:17 [15] DEBUG  ConversationFactory           : Creating Conversation of type LoginConversation
04/13/2016 08:40:17 [15] DEBUG  Dispatcher                    : Adding Conversation Player.Conversation.LoginConversation, 2.13
04/13/2016 08:40:17 [15] DEBUG  Dispatcher                    :       New Queue ID: 2.13
04/13/2016 08:40:17 [15] INFO   BackgroundThread              : Starting 
04/13/2016 08:40:18 [ 9] DEBUG  PlayerProcess+<Logout>d__18   : In Process Logout function.
04/13/2016 08:40:18 [ 6] DEBUG  ConversationFactory           : Creating Conversation of type LogoutConversation
04/13/2016 08:40:18 [ 6] DEBUG  Dispatcher                    : Adding Conversation Player.Conversation.LogoutConversation, 2.14
04/13/2016 08:40:18 [ 6] DEBUG  Dispatcher                    :       New Queue ID: 2.14
04/13/2016 08:40:18 [ 6] INFO   BackgroundThread              : Starting 
04/13/2016 08:40:19 [14] DEBUG  LoginConversation             : Creating login request. 
04/13/2016 08:40:19 [14] DEBUG  InitiatedConversation         : LoginConversation, ConversationID: 2.13: Conversation Id  for Initiated conversation: 2.13
04/13/2016 08:40:19 [14] DEBUG  Conversation                  : LoginConversation, ConversationID: 2.13: Setting Message IDs
04/13/2016 08:40:19 [14] DEBUG  Conversation                  : LoginConversation, ConversationID: 2.13: Conversation is initiating send.
04/13/2016 08:40:19 [14] DEBUG  PostMan                       : Sending UDP (Messages.RequestMessages.LoginRequest, MessageID: 2.13, ConversationID: 2.13)
Endpoint: 127.0.0.1:12000
JSON: {"__type":"LoginRequest:#Messages.RequestMessages","ConvId":{"Pid":2,"Seq":13},"MsgId":{"Pid":2,"Seq":13},"Identity":{"ANumber":"A00000001","Alias":"The Instructor","FirstName":"The","LastName":"Instructor"},"ProcessLabel":"The Instructor","ProcessType":3,"PublicKey":null}
04/13/2016 08:40:19 [14] DEBUG  PostMan                       : Message Delivered
04/13/2016 08:40:19 [14] DEBUG  Conversation                  : LoginConversation, ConversationID: 2.13: Send succeeded.
04/13/2016 08:40:19 [20] DEBUG  PostMan                       : Received UDP (Messages.ReplyMessages.LoginReply, MessageID: 1.15, ConversationID: 2.13)
JSON: {"__type":"LoginReply:#Messages.ReplyMessages","ConvId":{"Pid":2,"Seq":13},"MsgId":{"Pid":1,"Seq":15},"Note":"The Process Id in the message must be zero","Success":false,"PennyBankEndPoint":null,"PennyBankPublicKey":null,"ProcessInfo":null,"ProxyEndPoint":null}
04/13/2016 08:40:19 [13] INFO   ispatcher+<>c__DisplayClass7_0: New Message Received: (Messages.ReplyMessages.LoginReply)
04/13/2016 08:40:19 [13] INFO   ispatcher+<>c__DisplayClass7_0: MessageId: 1.15ConversationId: 2.13
04/13/2016 08:40:19 [13] DEBUG  Dispatcher                    : Successsfully queued a new message of type LoginReply, for conversation: 2.13
04/13/2016 08:40:19 [14] DEBUG  Conversation                  : LoginConversation, ConversationID: 2.13: Message available!
04/13/2016 08:40:19 [14] DEBUG  Conversation                  : LoginConversation, ConversationID: 2.13: Message available!
04/13/2016 08:40:19 [14] DEBUG  Conversation                  : LoginConversation, ConversationID: 2.13: Received Message is valid
04/13/2016 08:40:20 [14] DEBUG  Conversation                  : Received a Message of type: LoginReply
04/13/2016 08:40:20 [14] ERROR  Conversation                  : LoginConversation, ConversationID: 2.13: LoginReply.Success was false
04/13/2016 08:40:20 [14] ERROR  Conversation                  : LoginConversation, ConversationID: 2.13: Conversation Failed
04/13/2016 08:40:20 [14] ERROR  Conversation                  : LoginConversation, ConversationID: 2.13: Conversation Ending
04/13/2016 08:40:20 [14] INFO   Conversation                  : Conversation Failed
04/13/2016 08:40:20 [14] INFO   BackgroundThread              : Stopping 
04/13/2016 08:40:20 [14] DEBUG  BackgroundThread              : Leaving Stop
04/13/2016 08:40:20 [14] ERROR  Conversation                  : LoginConversation, ConversationID: 2.13: Conversation Failed
04/13/2016 08:40:20 [14] ERROR  Conversation                  : LoginConversation, ConversationID: 2.13: Conversation Ending
04/13/2016 08:40:20 [14] INFO   Conversation                  : Conversation Failed
04/13/2016 08:40:20 [15] DEBUG  PlayerProcess                 : In Process Login function.
04/13/2016 08:40:20 [14] INFO   BackgroundThread              : Stopping 
04/13/2016 08:40:20 [15] DEBUG  ConversationFactory           : Creating Conversation of type LoginConversation
04/13/2016 08:40:20 [15] DEBUG  Dispatcher                    : Adding Conversation Player.Conversation.LoginConversation, 2.15
04/13/2016 08:40:20 [15] DEBUG  Dispatcher                    :       New Queue ID: 2.15
04/13/2016 08:40:20 [15] INFO   BackgroundThread              : Starting 
04/13/2016 08:40:20 [14] DEBUG  BackgroundThread              : Leaving Stop
04/13/2016 08:40:20 [16] DEBUG  LogoutConversation            : Queuing logout request. 
04/13/2016 08:40:20 [16] DEBUG  InitiatedConversation         : LogoutConversation, ConversationID: 2.14: Conversation Id  for Initiated conversation: 2.14
04/13/2016 08:40:20 [16] DEBUG  Conversation                  : LogoutConversation, ConversationID: 2.14: Setting Message IDs
04/13/2016 08:40:20 [16] DEBUG  Conversation                  : LogoutConversation, ConversationID: 2.14: Conversation is initiating send.
04/13/2016 08:40:20 [16] DEBUG  PostMan                       : Sending UDP (Messages.RequestMessages.LogoutRequest, MessageID: 2.14, ConversationID: 2.14)
Endpoint: 127.0.0.1:12000
JSON: {"__type":"LogoutRequest:#Messages.RequestMessages","ConvId":{"Pid":2,"Seq":14},"MsgId":{"Pid":2,"Seq":14}}
04/13/2016 08:40:20 [16] DEBUG  PostMan                       : Message Delivered
04/13/2016 08:40:20 [16] DEBUG  Conversation                  : LogoutConversation, ConversationID: 2.14: Send succeeded.
04/13/2016 08:40:20 [20] DEBUG  PostMan                       : Received UDP (Messages.ReplyMessages.Reply, MessageID: 1.16, ConversationID: 2.14)
JSON: {"__type":"Reply:#Messages.ReplyMessages","ConvId":{"Pid":2,"Seq":14},"MsgId":{"Pid":1,"Seq":16},"Note":"Unknown Process Id","Success":false}
04/13/2016 08:40:20 [19] INFO   ispatcher+<>c__DisplayClass7_0: New Message Received: (Messages.ReplyMessages.Reply)
04/13/2016 08:40:20 [19] INFO   ispatcher+<>c__DisplayClass7_0: MessageId: 1.16ConversationId: 2.14
04/13/2016 08:40:20 [19] DEBUG  Dispatcher                    : Successsfully queued a new message of type Reply, for conversation: 2.14
04/13/2016 08:40:20 [16] DEBUG  Conversation                  : LogoutConversation, ConversationID: 2.14: Message available!
04/13/2016 08:40:20 [16] DEBUG  Conversation                  : LogoutConversation, ConversationID: 2.14: Message available!
04/13/2016 08:40:20 [16] DEBUG  Conversation                  : LogoutConversation, ConversationID: 2.14: Received Message is valid
04/13/2016 08:40:20 [16] DEBUG  Conversation                  : Received a Message of type: Reply
04/13/2016 08:40:20 [16] ERROR  Conversation                  : LogoutConversation, ConversationID: 2.14: Logout request failed
04/13/2016 08:40:20 [16] ERROR  Conversation                  : LogoutConversation, ConversationID: 2.14: Conversation Failed
04/13/2016 08:40:20 [16] ERROR  Conversation                  : LogoutConversation, ConversationID: 2.14: Conversation Ending
04/13/2016 08:40:20 [16] INFO   Conversation                  : Conversation Failed
04/13/2016 08:40:20 [16] INFO   BackgroundThread              : Stopping 
04/13/2016 08:40:20 [16] DEBUG  BackgroundThread              : Leaving Stop
04/13/2016 08:40:20 [16] ERROR  Conversation                  : LogoutConversation, ConversationID: 2.14: Conversation Failed
04/13/2016 08:40:20 [16] ERROR  Conversation                  : LogoutConversation, ConversationID: 2.14: Conversation Ending
04/13/2016 08:40:20 [16] INFO   Conversation                  : Conversation Failed
04/13/2016 08:40:20 [16] INFO   BackgroundThread              : Stopping 
04/13/2016 08:40:20 [16] DEBUG  BackgroundThread              : Leaving Stop
04/13/2016 08:40:22 [13] DEBUG  LoginConversation             : Creating login request. 
04/13/2016 08:40:22 [13] DEBUG  InitiatedConversation         : LoginConversation, ConversationID: 2.15: Conversation Id  for Initiated conversation: 2.15
04/13/2016 08:40:22 [13] DEBUG  Conversation                  : LoginConversation, ConversationID: 2.15: Setting Message IDs
04/13/2016 08:40:22 [13] DEBUG  Conversation                  : LoginConversation, ConversationID: 2.15: Conversation is initiating send.
04/13/2016 08:40:22 [13] DEBUG  PostMan                       : Sending UDP (Messages.RequestMessages.LoginRequest, MessageID: 2.15, ConversationID: 2.15)
Endpoint: 127.0.0.1:12000
JSON: {"__type":"LoginRequest:#Messages.RequestMessages","ConvId":{"Pid":2,"Seq":15},"MsgId":{"Pid":2,"Seq":15},"Identity":{"ANumber":"A00000001","Alias":"The Instructor","FirstName":"The","LastName":"Instructor"},"ProcessLabel":"The Instructor","ProcessType":3,"PublicKey":null}
04/13/2016 08:40:22 [13] DEBUG  PostMan                       : Message Delivered
04/13/2016 08:40:22 [13] DEBUG  Conversation                  : LoginConversation, ConversationID: 2.15: Send succeeded.
04/13/2016 08:40:22 [20] DEBUG  PostMan                       : Received UDP (Messages.ReplyMessages.LoginReply, MessageID: 1.17, ConversationID: 2.15)
JSON: {"__type":"LoginReply:#Messages.ReplyMessages","ConvId":{"Pid":2,"Seq":15},"MsgId":{"Pid":1,"Seq":17},"Note":"The Process Id in the message must be zero","Success":false,"PennyBankEndPoint":null,"PennyBankPublicKey":null,"ProcessInfo":null,"ProxyEndPoint":null}
04/13/2016 08:40:22 [16] INFO   ispatcher+<>c__DisplayClass7_0: New Message Received: (Messages.ReplyMessages.LoginReply)
04/13/2016 08:40:22 [16] INFO   ispatcher+<>c__DisplayClass7_0: MessageId: 1.17ConversationId: 2.15
04/13/2016 08:40:22 [16] DEBUG  Dispatcher                    : Successsfully queued a new message of type LoginReply, for conversation: 2.15
04/13/2016 08:40:22 [13] DEBUG  Conversation                  : LoginConversation, ConversationID: 2.15: Message available!
04/13/2016 08:40:22 [13] DEBUG  Conversation                  : LoginConversation, ConversationID: 2.15: Message available!
04/13/2016 08:40:22 [13] DEBUG  Conversation                  : LoginConversation, ConversationID: 2.15: Received Message is valid
04/13/2016 08:40:22 [13] DEBUG  Conversation                  : Received a Message of type: LoginReply
04/13/2016 08:40:22 [13] ERROR  Conversation                  : LoginConversation, ConversationID: 2.15: LoginReply.Success was false
04/13/2016 08:40:22 [13] ERROR  Conversation                  : LoginConversation, ConversationID: 2.15: Conversation Failed
04/13/2016 08:40:22 [13] ERROR  Conversation                  : LoginConversation, ConversationID: 2.15: Conversation Ending
04/13/2016 08:40:22 [13] INFO   Conversation                  : Conversation Failed
04/13/2016 08:40:22 [13] INFO   BackgroundThread              : Stopping 
04/13/2016 08:40:22 [13] DEBUG  BackgroundThread              : Leaving Stop
04/13/2016 08:40:22 [13] ERROR  Conversation                  : LoginConversation, ConversationID: 2.15: Conversation Failed
04/13/2016 08:40:22 [13] ERROR  Conversation                  : LoginConversation, ConversationID: 2.15: Conversation Ending
04/13/2016 08:40:23 [15] DEBUG  PlayerProcess                 : In Process Login function.
04/13/2016 08:40:23 [13] INFO   Conversation                  : Conversation Failed
04/13/2016 08:40:23 [13] INFO   BackgroundThread              : Stopping 
04/13/2016 08:40:23 [13] DEBUG  BackgroundThread              : Leaving Stop
04/13/2016 08:40:23 [15] DEBUG  ConversationFactory           : Creating Conversation of type LoginConversation
04/13/2016 08:40:23 [15] DEBUG  Dispatcher                    : Adding Conversation Player.Conversation.LoginConversation, 2.16
04/13/2016 08:40:23 [15] DEBUG  Dispatcher                    :       New Queue ID: 2.16
04/13/2016 08:40:23 [15] INFO   BackgroundThread              : Starting 
04/13/2016 08:40:25 [19] DEBUG  LoginConversation             : Creating login request. 
04/13/2016 08:40:25 [19] DEBUG  InitiatedConversation         : LoginConversation, ConversationID: 2.16: Conversation Id  for Initiated conversation: 2.16
04/13/2016 08:40:25 [19] DEBUG  Conversation                  : LoginConversation, ConversationID: 2.16: Setting Message IDs
04/13/2016 08:40:25 [19] DEBUG  Conversation                  : LoginConversation, ConversationID: 2.16: Conversation is initiating send.
04/13/2016 08:40:25 [19] DEBUG  PostMan                       : Sending UDP (Messages.RequestMessages.LoginRequest, MessageID: 2.16, ConversationID: 2.16)
Endpoint: 127.0.0.1:12000
JSON: {"__type":"LoginRequest:#Messages.RequestMessages","ConvId":{"Pid":2,"Seq":16},"MsgId":{"Pid":2,"Seq":16},"Identity":{"ANumber":"A00000001","Alias":"The Instructor","FirstName":"The","LastName":"Instructor"},"ProcessLabel":"The Instructor","ProcessType":3,"PublicKey":null}
04/13/2016 08:40:25 [19] DEBUG  PostMan                       : Message Delivered
04/13/2016 08:40:25 [19] DEBUG  Conversation                  : LoginConversation, ConversationID: 2.16: Send succeeded.
04/13/2016 08:40:25 [20] DEBUG  PostMan                       : Received UDP (Messages.ReplyMessages.LoginReply, MessageID: 1.18, ConversationID: 2.16)
JSON: {"__type":"LoginReply:#Messages.ReplyMessages","ConvId":{"Pid":2,"Seq":16},"MsgId":{"Pid":1,"Seq":18},"Note":"The Process Id in the message must be zero","Success":false,"PennyBankEndPoint":null,"PennyBankPublicKey":null,"ProcessInfo":null,"ProxyEndPoint":null}
04/13/2016 08:40:25 [ 6] INFO   ispatcher+<>c__DisplayClass7_0: New Message Received: (Messages.ReplyMessages.LoginReply)
04/13/2016 08:40:25 [ 6] INFO   ispatcher+<>c__DisplayClass7_0: MessageId: 1.18ConversationId: 2.16
04/13/2016 08:40:25 [ 6] DEBUG  Dispatcher                    : Successsfully queued a new message of type LoginReply, for conversation: 2.16
04/13/2016 08:40:25 [19] DEBUG  Conversation                  : LoginConversation, ConversationID: 2.16: Message available!
04/13/2016 08:40:25 [19] DEBUG  Conversation                  : LoginConversation, ConversationID: 2.16: Message available!
04/13/2016 08:40:25 [19] DEBUG  Conversation                  : LoginConversation, ConversationID: 2.16: Received Message is valid
04/13/2016 08:40:25 [19] DEBUG  Conversation                  : Received a Message of type: LoginReply
04/13/2016 08:40:25 [19] ERROR  Conversation                  : LoginConversation, ConversationID: 2.16: LoginReply.Success was false
04/13/2016 08:40:25 [19] ERROR  Conversation                  : LoginConversation, ConversationID: 2.16: Conversation Failed
04/13/2016 08:40:25 [19] ERROR  Conversation                  : LoginConversation, ConversationID: 2.16: Conversation Ending
04/13/2016 08:40:25 [19] INFO   Conversation                  : Conversation Failed
04/13/2016 08:40:25 [19] INFO   BackgroundThread              : Stopping 
04/13/2016 08:40:25 [19] DEBUG  BackgroundThread              : Leaving Stop
04/13/2016 08:40:25 [19] ERROR  Conversation                  : LoginConversation, ConversationID: 2.16: Conversation Failed
04/13/2016 08:40:25 [19] ERROR  Conversation                  : LoginConversation, ConversationID: 2.16: Conversation Ending
04/13/2016 08:40:25 [15] DEBUG  PlayerProcess                 : In Process Login function.
04/13/2016 08:40:25 [19] INFO   Conversation                  : Conversation Failed
04/13/2016 08:40:25 [15] DEBUG  ConversationFactory           : Creating Conversation of type LoginConversation
04/13/2016 08:40:25 [15] DEBUG  Dispatcher                    : Adding Conversation Player.Conversation.LoginConversation, 2.17
04/13/2016 08:40:25 [15] DEBUG  Dispatcher                    :       New Queue ID: 2.17
04/13/2016 08:40:25 [15] INFO   BackgroundThread              : Starting 
04/13/2016 08:40:25 [19] INFO   BackgroundThread              : Stopping 
04/13/2016 08:40:25 [19] DEBUG  BackgroundThread              : Leaving Stop
04/13/2016 08:40:27 [ 6] DEBUG  LoginConversation             : Creating login request. 
04/13/2016 08:40:27 [ 6] DEBUG  InitiatedConversation         : LoginConversation, ConversationID: 2.17: Conversation Id  for Initiated conversation: 2.17
04/13/2016 08:40:27 [ 6] DEBUG  Conversation                  : LoginConversation, ConversationID: 2.17: Setting Message IDs
04/13/2016 08:40:27 [ 6] DEBUG  Conversation                  : LoginConversation, ConversationID: 2.17: Conversation is initiating send.
04/13/2016 08:40:27 [ 6] DEBUG  PostMan                       : Sending UDP (Messages.RequestMessages.LoginRequest, MessageID: 2.17, ConversationID: 2.17)
Endpoint: 127.0.0.1:12000
JSON: {"__type":"LoginRequest:#Messages.RequestMessages","ConvId":{"Pid":2,"Seq":17},"MsgId":{"Pid":2,"Seq":17},"Identity":{"ANumber":"A00000001","Alias":"The Instructor","FirstName":"The","LastName":"Instructor"},"ProcessLabel":"The Instructor","ProcessType":3,"PublicKey":null}
04/13/2016 08:40:27 [ 6] DEBUG  PostMan                       : Message Delivered
04/13/2016 08:40:27 [ 6] DEBUG  Conversation                  : LoginConversation, ConversationID: 2.17: Send succeeded.
04/13/2016 08:40:27 [20] DEBUG  PostMan                       : Received UDP (Messages.ReplyMessages.LoginReply, MessageID: 1.19, ConversationID: 2.17)
JSON: {"__type":"LoginReply:#Messages.ReplyMessages","ConvId":{"Pid":2,"Seq":17},"MsgId":{"Pid":1,"Seq":19},"Note":"The Process Id in the message must be zero","Success":false,"PennyBankEndPoint":null,"PennyBankPublicKey":null,"ProcessInfo":null,"ProxyEndPoint":null}
04/13/2016 08:40:27 [13] INFO   ispatcher+<>c__DisplayClass7_0: New Message Received: (Messages.ReplyMessages.LoginReply)
04/13/2016 08:40:27 [13] INFO   ispatcher+<>c__DisplayClass7_0: MessageId: 1.19ConversationId: 2.17
04/13/2016 08:40:27 [13] DEBUG  Dispatcher                    : Successsfully queued a new message of type LoginReply, for conversation: 2.17
04/13/2016 08:40:28 [ 6] DEBUG  Conversation                  : LoginConversation, ConversationID: 2.17: Message available!
04/13/2016 08:40:28 [ 6] DEBUG  Conversation                  : LoginConversation, ConversationID: 2.17: Message available!
04/13/2016 08:40:28 [ 6] DEBUG  Conversation                  : LoginConversation, ConversationID: 2.17: Received Message is valid
04/13/2016 08:40:28 [ 6] DEBUG  Conversation                  : Received a Message of type: LoginReply
04/13/2016 08:40:28 [ 6] ERROR  Conversation                  : LoginConversation, ConversationID: 2.17: LoginReply.Success was false
04/13/2016 08:40:28 [ 6] ERROR  Conversation                  : LoginConversation, ConversationID: 2.17: Conversation Failed
04/13/2016 08:40:28 [ 6] ERROR  Conversation                  : LoginConversation, ConversationID: 2.17: Conversation Ending
04/13/2016 08:40:28 [ 6] INFO   Conversation                  : Conversation Failed
04/13/2016 08:40:28 [ 6] INFO   BackgroundThread              : Stopping 
04/13/2016 08:40:28 [ 6] DEBUG  BackgroundThread              : Leaving Stop
04/13/2016 08:40:28 [ 6] ERROR  Conversation                  : LoginConversation, ConversationID: 2.17: Conversation Failed
04/13/2016 08:40:28 [ 6] ERROR  Conversation                  : LoginConversation, ConversationID: 2.17: Conversation Ending
04/13/2016 08:40:28 [15] DEBUG  PlayerProcess                 : In Process Login function.
04/13/2016 08:40:28 [ 6] INFO   Conversation                  : Conversation Failed
04/13/2016 08:40:28 [ 6] INFO   BackgroundThread              : Stopping 
04/13/2016 08:40:28 [ 6] DEBUG  BackgroundThread              : Leaving Stop
04/13/2016 08:40:28 [15] DEBUG  ConversationFactory           : Creating Conversation of type LoginConversation
04/13/2016 08:40:28 [15] DEBUG  Dispatcher                    : Adding Conversation Player.Conversation.LoginConversation, 2.18
04/13/2016 08:40:28 [15] DEBUG  Dispatcher                    :       New Queue ID: 2.18
04/13/2016 08:40:28 [15] INFO   BackgroundThread              : Starting 
