04/13/2016 12:16:29 [ 7] DEBUG  PlayerConnection              : Using Local Settings.
04/13/2016 12:16:29 [ 7] DEBUG  PlayerConnection              : Starting Application. 
04/13/2016 12:16:29 [ 7] DEBUG  PlayerConnection              : Initializing Subsystem
04/13/2016 12:16:29 [ 7] DEBUG  PlayerProcess                 : Initializeing Player Subsystem.
04/13/2016 12:16:29 [ 7] DEBUG  PlayerConnection              : Initializing Player
04/13/2016 12:16:29 [ 7] DEBUG  PlayerProcess                 : Initializing Player Details.
04/13/2016 12:16:29 [ 7] INFO   BackgroundThread              : Starting 
04/13/2016 12:16:29 [10] INFO   BackgroundThread              : Starting 
04/13/2016 12:16:29 [10] DEBUG  PlayerProcess                 : In Process Login function.
04/13/2016 12:16:29 [10] DEBUG  ConversationFactory           : Creating Conversation of type LoginConversation
04/13/2016 12:16:29 [10] DEBUG  Dispatcher                    : Adding Conversation Player.Conversation.LoginConversation, 0.1
04/13/2016 12:16:29 [10] DEBUG  Dispatcher                    :       New Queue ID: 0.1
04/13/2016 12:16:29 [10] INFO   BackgroundThread              : Starting 
04/13/2016 12:16:31 [12] DEBUG  LoginConversation             : Creating login request. 
04/13/2016 12:16:31 [12] DEBUG  InitiatedConversation         : LoginConversation, ConversationID: 0.1: Conversation Id  for Initiated conversation: 0.1
04/13/2016 12:16:31 [12] DEBUG  Conversation                  : LoginConversation, ConversationID: 0.1: Setting Message IDs
04/13/2016 12:16:31 [12] DEBUG  Conversation                  : LoginConversation, ConversationID: 0.1: Conversation is initiating send.
04/13/2016 12:16:31 [12] DEBUG  PostMan                       : Sending UDP (Messages.RequestMessages.LoginRequest, MessageID: 0.1, ConversationID: 0.1)
Endpoint: 127.0.0.1:12000
JSON: {"__type":"LoginRequest:#Messages.RequestMessages","ConvId":{"Pid":0,"Seq":1},"MsgId":{"Pid":0,"Seq":1},"Identity":{"ANumber":"A00000001","Alias":"The Instructor","FirstName":"The","LastName":"Instructor"},"ProcessLabel":null,"ProcessType":3,"PublicKey":null}
04/13/2016 12:16:31 [12] DEBUG  PostMan                       : Message Delivered
04/13/2016 12:16:31 [11] DEBUG  PostMan                       : Received UDP (Messages.ReplyMessages.LoginReply, MessageID: 1.15, ConversationID: 0.1)
JSON: {"__type":"LoginReply:#Messages.ReplyMessages","ConvId":{"Pid":0,"Seq":1},"MsgId":{"Pid":1,"Seq":15},"Note":"Invalid Process Information.  To register a process, it must have an end point, a label, and be either a game manager or player","Success":false,"PennyBankEndPoint":null,"PennyBankPublicKey":null,"ProcessInfo":null,"ProxyEndPoint":null}
04/13/2016 12:16:31 [12] DEBUG  Conversation                  : LoginConversation, ConversationID: 0.1: Send succeeded.
04/13/2016 12:16:31 [13] INFO   ispatcher+<>c__DisplayClass7_0: New Message Received: (Messages.ReplyMessages.LoginReply)
04/13/2016 12:16:31 [13] INFO   ispatcher+<>c__DisplayClass7_0: MessageId: 1.15ConversationId: 0.1
04/13/2016 12:16:31 [13] DEBUG  Dispatcher                    : Successsfully queued a new message of type LoginReply, for conversation: 0.1
04/13/2016 12:16:32 [12] DEBUG  Conversation                  : LoginConversation, ConversationID: 0.1: Message available!
04/13/2016 12:16:32 [12] DEBUG  Conversation                  : LoginConversation, ConversationID: 0.1: Message available!
04/13/2016 12:16:32 [12] DEBUG  Conversation                  : LoginConversation, ConversationID: 0.1: Received Message is valid
04/13/2016 12:16:32 [12] DEBUG  Conversation                  : Received a Message of type: LoginReply
04/13/2016 12:16:32 [12] ERROR  Conversation                  : LoginConversation, ConversationID: 0.1: LoginReply.Success was false
04/13/2016 12:16:32 [12] ERROR  Conversation                  : LoginConversation, ConversationID: 0.1: Conversation Failed
04/13/2016 12:16:32 [12] ERROR  Conversation                  : LoginConversation, ConversationID: 0.1: Conversation Ending
04/13/2016 12:16:32 [12] INFO   Conversation                  : Conversation Failed
04/13/2016 12:16:32 [12] INFO   BackgroundThread              : Stopping 
04/13/2016 12:16:32 [12] DEBUG  BackgroundThread              : Leaving Stop
04/13/2016 12:16:32 [12] ERROR  Conversation                  : LoginConversation, ConversationID: 0.1: Conversation Failed
04/13/2016 12:16:32 [12] ERROR  Conversation                  : LoginConversation, ConversationID: 0.1: Conversation Ending
04/13/2016 12:16:32 [12] INFO   Conversation                  : Conversation Failed
04/13/2016 12:16:32 [12] INFO   BackgroundThread              : Stopping 
04/13/2016 12:16:32 [10] DEBUG  PlayerProcess                 : In Process Login function.
04/13/2016 12:16:32 [12] DEBUG  BackgroundThread              : Leaving Stop
04/13/2016 12:16:32 [10] DEBUG  ConversationFactory           : Creating Conversation of type LoginConversation
04/13/2016 12:16:32 [10] DEBUG  Dispatcher                    : Adding Conversation Player.Conversation.LoginConversation, 0.2
04/13/2016 12:16:32 [10] DEBUG  Dispatcher                    :       New Queue ID: 0.2
04/13/2016 12:16:32 [10] INFO   BackgroundThread              : Starting 
04/13/2016 12:16:34 [13] DEBUG  LoginConversation             : Creating login request. 
04/13/2016 12:16:34 [13] DEBUG  InitiatedConversation         : LoginConversation, ConversationID: 0.2: Conversation Id  for Initiated conversation: 0.2
04/13/2016 12:16:34 [13] DEBUG  Conversation                  : LoginConversation, ConversationID: 0.2: Setting Message IDs
04/13/2016 12:16:34 [13] DEBUG  Conversation                  : LoginConversation, ConversationID: 0.2: Conversation is initiating send.
04/13/2016 12:16:34 [13] DEBUG  PostMan                       : Sending UDP (Messages.RequestMessages.LoginRequest, MessageID: 0.2, ConversationID: 0.2)
Endpoint: 127.0.0.1:12000
JSON: {"__type":"LoginRequest:#Messages.RequestMessages","ConvId":{"Pid":0,"Seq":2},"MsgId":{"Pid":0,"Seq":2},"Identity":{"ANumber":"A00000001","Alias":"The Instructor","FirstName":"The","LastName":"Instructor"},"ProcessLabel":null,"ProcessType":3,"PublicKey":null}
04/13/2016 12:16:34 [13] DEBUG  PostMan                       : Message Delivered
04/13/2016 12:16:34 [13] DEBUG  Conversation                  : LoginConversation, ConversationID: 0.2: Send succeeded.
04/13/2016 12:16:34 [11] DEBUG  PostMan                       : Received UDP (Messages.ReplyMessages.LoginReply, MessageID: 1.16, ConversationID: 0.2)
JSON: {"__type":"LoginReply:#Messages.ReplyMessages","ConvId":{"Pid":0,"Seq":2},"MsgId":{"Pid":1,"Seq":16},"Note":"Invalid Process Information.  To register a process, it must have an end point, a label, and be either a game manager or player","Success":false,"PennyBankEndPoint":null,"PennyBankPublicKey":null,"ProcessInfo":null,"ProxyEndPoint":null}
04/13/2016 12:16:34 [12] INFO   ispatcher+<>c__DisplayClass7_0: New Message Received: (Messages.ReplyMessages.LoginReply)
04/13/2016 12:16:34 [12] INFO   ispatcher+<>c__DisplayClass7_0: MessageId: 1.16ConversationId: 0.2
04/13/2016 12:16:34 [12] DEBUG  Dispatcher                    : Successsfully queued a new message of type LoginReply, for conversation: 0.2
04/13/2016 12:16:34 [13] DEBUG  Conversation                  : LoginConversation, ConversationID: 0.2: Message available!
04/13/2016 12:16:34 [13] DEBUG  Conversation                  : LoginConversation, ConversationID: 0.2: Message available!
04/13/2016 12:16:34 [13] DEBUG  Conversation                  : LoginConversation, ConversationID: 0.2: Received Message is valid
04/13/2016 12:16:34 [13] DEBUG  Conversation                  : Received a Message of type: LoginReply
04/13/2016 12:16:35 [13] ERROR  Conversation                  : LoginConversation, ConversationID: 0.2: LoginReply.Success was false
04/13/2016 12:16:35 [13] ERROR  Conversation                  : LoginConversation, ConversationID: 0.2: Conversation Failed
04/13/2016 12:16:35 [13] ERROR  Conversation                  : LoginConversation, ConversationID: 0.2: Conversation Ending
04/13/2016 12:16:35 [13] INFO   Conversation                  : Conversation Failed
04/13/2016 12:16:35 [13] INFO   BackgroundThread              : Stopping 
04/13/2016 12:16:35 [13] DEBUG  BackgroundThread              : Leaving Stop
04/13/2016 12:16:35 [13] ERROR  Conversation                  : LoginConversation, ConversationID: 0.2: Conversation Failed
04/13/2016 12:16:35 [13] ERROR  Conversation                  : LoginConversation, ConversationID: 0.2: Conversation Ending
04/13/2016 12:16:35 [13] INFO   Conversation                  : Conversation Failed
04/13/2016 12:16:35 [13] INFO   BackgroundThread              : Stopping 
04/13/2016 12:16:35 [13] DEBUG  BackgroundThread              : Leaving Stop
04/13/2016 12:16:35 [10] DEBUG  PlayerProcess                 : In Process Login function.
04/13/2016 12:16:35 [10] DEBUG  ConversationFactory           : Creating Conversation of type LoginConversation
04/13/2016 12:16:35 [10] DEBUG  Dispatcher                    : Adding Conversation Player.Conversation.LoginConversation, 0.3
04/13/2016 12:16:35 [10] DEBUG  Dispatcher                    :       New Queue ID: 0.3
04/13/2016 12:16:35 [10] INFO   BackgroundThread              : Starting 
04/13/2016 12:16:37 [12] DEBUG  LoginConversation             : Creating login request. 
04/13/2016 12:16:37 [12] DEBUG  InitiatedConversation         : LoginConversation, ConversationID: 0.3: Conversation Id  for Initiated conversation: 0.3
04/13/2016 12:16:37 [12] DEBUG  Conversation                  : LoginConversation, ConversationID: 0.3: Setting Message IDs
04/13/2016 12:16:37 [12] DEBUG  Conversation                  : LoginConversation, ConversationID: 0.3: Conversation is initiating send.
04/13/2016 12:16:37 [12] DEBUG  PostMan                       : Sending UDP (Messages.RequestMessages.LoginRequest, MessageID: 0.3, ConversationID: 0.3)
Endpoint: 127.0.0.1:12000
JSON: {"__type":"LoginRequest:#Messages.RequestMessages","ConvId":{"Pid":0,"Seq":3},"MsgId":{"Pid":0,"Seq":3},"Identity":{"ANumber":"A00000001","Alias":"The Instructor","FirstName":"The","LastName":"Instructor"},"ProcessLabel":null,"ProcessType":3,"PublicKey":null}
04/13/2016 12:16:37 [12] DEBUG  PostMan                       : Message Delivered
04/13/2016 12:16:37 [12] DEBUG  Conversation                  : LoginConversation, ConversationID: 0.3: Send succeeded.
04/13/2016 12:16:37 [11] DEBUG  PostMan                       : Received UDP (Messages.ReplyMessages.LoginReply, MessageID: 1.17, ConversationID: 0.3)
JSON: {"__type":"LoginReply:#Messages.ReplyMessages","ConvId":{"Pid":0,"Seq":3},"MsgId":{"Pid":1,"Seq":17},"Note":"Invalid Process Information.  To register a process, it must have an end point, a label, and be either a game manager or player","Success":false,"PennyBankEndPoint":null,"PennyBankPublicKey":null,"ProcessInfo":null,"ProxyEndPoint":null}
04/13/2016 12:16:37 [14] INFO   ispatcher+<>c__DisplayClass7_0: New Message Received: (Messages.ReplyMessages.LoginReply)
04/13/2016 12:16:37 [14] INFO   ispatcher+<>c__DisplayClass7_0: MessageId: 1.17ConversationId: 0.3
04/13/2016 12:16:37 [14] DEBUG  Dispatcher                    : Successsfully queued a new message of type LoginReply, for conversation: 0.3
04/13/2016 12:16:37 [12] DEBUG  Conversation                  : LoginConversation, ConversationID: 0.3: Message available!
04/13/2016 12:16:37 [12] DEBUG  Conversation                  : LoginConversation, ConversationID: 0.3: Message available!
04/13/2016 12:16:37 [12] DEBUG  Conversation                  : LoginConversation, ConversationID: 0.3: Received Message is valid
04/13/2016 12:16:37 [12] DEBUG  Conversation                  : Received a Message of type: LoginReply
04/13/2016 12:16:37 [12] ERROR  Conversation                  : LoginConversation, ConversationID: 0.3: LoginReply.Success was false
04/13/2016 12:16:37 [12] ERROR  Conversation                  : LoginConversation, ConversationID: 0.3: Conversation Failed
04/13/2016 12:16:37 [12] ERROR  Conversation                  : LoginConversation, ConversationID: 0.3: Conversation Ending
04/13/2016 12:16:37 [12] INFO   Conversation                  : Conversation Failed
04/13/2016 12:16:37 [12] INFO   BackgroundThread              : Stopping 
04/13/2016 12:16:37 [12] DEBUG  BackgroundThread              : Leaving Stop
04/13/2016 12:16:37 [12] ERROR  Conversation                  : LoginConversation, ConversationID: 0.3: Conversation Failed
04/13/2016 12:16:37 [12] ERROR  Conversation                  : LoginConversation, ConversationID: 0.3: Conversation Ending
04/13/2016 12:16:37 [12] INFO   Conversation                  : Conversation Failed
04/13/2016 12:16:37 [10] DEBUG  PlayerProcess                 : In Process Login function.
04/13/2016 12:16:37 [12] INFO   BackgroundThread              : Stopping 
04/13/2016 12:16:37 [12] DEBUG  BackgroundThread              : Leaving Stop
04/13/2016 12:16:37 [10] DEBUG  ConversationFactory           : Creating Conversation of type LoginConversation
04/13/2016 12:16:37 [10] DEBUG  Dispatcher                    : Adding Conversation Player.Conversation.LoginConversation, 0.4
04/13/2016 12:16:37 [10] DEBUG  Dispatcher                    :       New Queue ID: 0.4
04/13/2016 12:16:37 [10] INFO   BackgroundThread              : Starting 
