04/07/2016 02:39:03 [ 7] DEBUG  PlayerConnection              : Using Local Settings.
04/07/2016 02:39:03 [ 7] DEBUG  PlayerConnection              : Starting Application. 
04/07/2016 02:39:03 [ 7] DEBUG  PlayerProcess                 : Initializeing Player Subsystem.
04/07/2016 02:39:03 [ 7] DEBUG  PostMan                       : Port is: 10000
04/07/2016 02:39:03 [ 7] DEBUG  PlayerProcess                 : Initializing Player Details.
04/07/2016 02:39:03 [ 7] INFO   BackgroundThread              : Starting 
04/07/2016 02:39:04 [10] INFO   BackgroundThread              : Starting 
04/07/2016 02:39:04 [10] DEBUG  PlayerProcess                 : In Process Login function.
04/07/2016 02:39:04 [10] DEBUG  Dispatcher                    : Adding Conversation Player.Conversation.LoginConversation, 0.1
04/07/2016 02:39:04 [10] DEBUG  Dispatcher                    :       New Queue ID: 0.1
04/07/2016 02:39:04 [10] INFO   BackgroundThread              : Starting 
04/07/2016 02:39:04 [11] DEBUG  LoginConversation             : Creating login request. 
04/07/2016 02:39:04 [11] DEBUG  InitiatedConversation         : Conversation Id  for initiated conversation: 0.1
04/07/2016 02:39:04 [11] DEBUG  PostMan                       : Sending UDP (Messages.RequestMessages.LoginRequest)
04/07/2016 02:39:04 [11] DEBUG  PostMan                       : MessageId: 0.1ConversationId: 0.1
04/07/2016 02:39:04 [11] DEBUG  PostMan                       : Message Delivered
04/07/2016 02:39:04 [12] DEBUG  PostMan                       : Message Received!
04/07/2016 02:39:04 [12] DEBUG  PostMan                       : Raw Message: 
04/07/2016 02:39:04 [12] DEBUG  PostMan                       : {"__type":"LoginReply:#Messages.ReplyMessages","ConvId":{"Pid":0,"Seq":1},"MsgId":{"Pid":1,"Seq":103},"Note":"Logged in","Success":true,"PennyBankEndPoint":{"Host":"127.0.0.1","Port":12003},"PennyBankPublicKey":null,"ProcessInfo":{"EndPoint":{"Host":"127.0.0.1","Port":10000},"Label":"The Instructor","ProcessId":9,"Status":3,"Type":3},"ProxyEndPoint":{"Host":"127.0.0.1","Port":12002}}
04/07/2016 02:39:04 [12] DEBUG  PostMan                       : Message ID: 1.103, ConversationId: 0.1
04/07/2016 02:39:04 [12] DEBUG  Dispatcher                    : Received (Messages.ReplyMessages.LoginReply)
04/07/2016 02:39:04 [12] DEBUG  Dispatcher                    : MessageId: 1.103ConversationId: 0.1
04/07/2016 02:39:09 [11] DEBUG  LoginConversation             : Received a login reply message.
04/07/2016 02:39:09 [11] INFO   BackgroundThread              : Stopping 
04/07/2016 02:39:09 [11] DEBUG  BackgroundThread              : Leaving Stop
04/07/2016 02:39:09 [10] DEBUG  PlayerProcess                 : In Process GetGameList function.
04/07/2016 02:39:09 [10] DEBUG  Dispatcher                    : Adding Conversation Player.Conversation.GameListConversation, 9.2
04/07/2016 02:39:09 [10] DEBUG  Dispatcher                    :       New Queue ID: 9.2
04/07/2016 02:39:09 [10] INFO   BackgroundThread              : Starting 
04/07/2016 02:39:09 [13] DEBUG  GameListConversation          : Queuing game list request. 
04/07/2016 02:39:09 [13] DEBUG  InitiatedConversation         : Conversation Id  for initiated conversation: 9.2
04/07/2016 02:39:09 [13] DEBUG  PostMan                       : Sending UDP (Messages.RequestMessages.GameListRequest)
04/07/2016 02:39:09 [13] DEBUG  PostMan                       : MessageId: 9.2ConversationId: 9.2
04/07/2016 02:39:09 [13] DEBUG  PostMan                       : Message Delivered
04/07/2016 02:39:09 [12] DEBUG  PostMan                       : Message Received!
04/07/2016 02:39:09 [12] DEBUG  PostMan                       : Raw Message: 
04/07/2016 02:39:09 [12] DEBUG  PostMan                       : {"__type":"GameListReply:#Messages.ReplyMessages","ConvId":{"Pid":9,"Seq":2},"MsgId":{"Pid":1,"Seq":104},"Note":null,"Success":true,"GameInfo":[]}
04/07/2016 02:39:09 [12] DEBUG  PostMan                       : Message ID: 1.104, ConversationId: 9.2
04/07/2016 02:39:09 [12] DEBUG  Dispatcher                    : Received (Messages.ReplyMessages.GameListReply)
04/07/2016 02:39:09 [12] DEBUG  Dispatcher                    : MessageId: 1.104ConversationId: 9.2
04/07/2016 02:39:11 [12] DEBUG  PostMan                       : Message Received!
04/07/2016 02:39:11 [12] DEBUG  PostMan                       : Raw Message: 
04/07/2016 02:39:11 [12] DEBUG  PostMan                       : {"__type":"AliveRequest:#Messages.RequestMessages","ConvId":{"Pid":1,"Seq":106},"MsgId":{"Pid":1,"Seq":106}}
04/07/2016 02:39:11 [12] DEBUG  PostMan                       : Message ID: 1.106, ConversationId: 1.106
04/07/2016 02:39:11 [12] DEBUG  Dispatcher                    : Received (Messages.RequestMessages.AliveRequest)
04/07/2016 02:39:11 [12] DEBUG  Dispatcher                    : MessageId: 1.106ConversationId: 1.106
04/07/2016 02:39:11 [12] DEBUG  Dispatcher                    : Conversation  with id= 1.106 does not exist, trying to create new conversation.
04/07/2016 02:39:11 [12] DEBUG  Dispatcher                    : Adding Conversation Player.Conversation.AliveConversation, 1.106
04/07/2016 02:39:11 [12] DEBUG  Dispatcher                    :       New Queue ID: 1.106
04/07/2016 02:39:11 [12] INFO   BackgroundThread              : Starting 
04/07/2016 02:39:11 [15] DEBUG  AliveConversation             : Creating Alive Response
04/07/2016 02:39:11 [15] DEBUG  ResponseConversation          : Conversation Id  for Response conversation: 1.106
04/07/2016 02:39:11 [15] DEBUG  PostMan                       : Sending UDP (Messages.ReplyMessages.Reply)
04/07/2016 02:39:11 [15] DEBUG  PostMan                       : MessageId: 1.106ConversationId: 9.3
04/07/2016 02:39:11 [15] DEBUG  PostMan                       : Message Delivered
04/07/2016 02:39:14 [13] DEBUG  GameListConversation          : Received a game list reply message.
04/07/2016 02:39:14 [13] ERROR  GameListConversation          : Either the message received was null, or no games are available. 
04/07/2016 02:39:14 [13] INFO   BackgroundThread              : Stopping 
04/07/2016 02:39:14 [13] DEBUG  BackgroundThread              : Leaving Stop
04/07/2016 02:39:14 [10] DEBUG  PlayerProcess                 : In Process GetGameList function.
04/07/2016 02:39:14 [10] DEBUG  Dispatcher                    : Adding Conversation Player.Conversation.GameListConversation, 9.4
04/07/2016 02:39:14 [10] DEBUG  Dispatcher                    :       New Queue ID: 9.4
04/07/2016 02:39:14 [10] INFO   BackgroundThread              : Starting 
04/07/2016 02:39:14 [11] DEBUG  GameListConversation          : Queuing game list request. 
04/07/2016 02:39:14 [11] DEBUG  InitiatedConversation         : Conversation Id  for initiated conversation: 9.4
04/07/2016 02:39:14 [11] DEBUG  PostMan                       : Sending UDP (Messages.RequestMessages.GameListRequest)
04/07/2016 02:39:14 [11] DEBUG  PostMan                       : MessageId: 9.4ConversationId: 9.4
04/07/2016 02:39:14 [11] DEBUG  PostMan                       : Message Delivered
04/07/2016 02:39:14 [12] DEBUG  PostMan                       : Message Received!
04/07/2016 02:39:14 [12] DEBUG  PostMan                       : Raw Message: 
04/07/2016 02:39:14 [12] DEBUG  PostMan                       : {"__type":"GameListReply:#Messages.ReplyMessages","ConvId":{"Pid":9,"Seq":4},"MsgId":{"Pid":1,"Seq":107},"Note":null,"Success":true,"GameInfo":[]}
04/07/2016 02:39:14 [12] DEBUG  PostMan                       : Message ID: 1.107, ConversationId: 9.4
04/07/2016 02:39:14 [12] DEBUG  Dispatcher                    : Received (Messages.ReplyMessages.GameListReply)
04/07/2016 02:39:14 [12] DEBUG  Dispatcher                    : MessageId: 1.107ConversationId: 9.4
04/07/2016 02:39:19 [11] DEBUG  GameListConversation          : Received a game list reply message.
04/07/2016 02:39:19 [11] ERROR  GameListConversation          : Either the message received was null, or no games are available. 
04/07/2016 02:39:19 [11] INFO   BackgroundThread              : Stopping 
04/07/2016 02:39:19 [11] DEBUG  BackgroundThread              : Leaving Stop
04/07/2016 02:39:19 [10] DEBUG  PlayerProcess                 : In Process GetGameList function.
04/07/2016 02:39:19 [10] DEBUG  Dispatcher                    : Adding Conversation Player.Conversation.GameListConversation, 9.5
04/07/2016 02:39:19 [10] DEBUG  Dispatcher                    :       New Queue ID: 9.5
04/07/2016 02:39:19 [10] INFO   BackgroundThread              : Starting 
04/07/2016 02:39:19 [13] DEBUG  GameListConversation          : Queuing game list request. 
04/07/2016 02:39:19 [13] DEBUG  InitiatedConversation         : Conversation Id  for initiated conversation: 9.5
04/07/2016 02:39:19 [13] DEBUG  PostMan                       : Sending UDP (Messages.RequestMessages.GameListRequest)
04/07/2016 02:39:19 [13] DEBUG  PostMan                       : MessageId: 9.5ConversationId: 9.5
04/07/2016 02:39:19 [13] DEBUG  PostMan                       : Message Delivered
04/07/2016 02:39:19 [12] DEBUG  PostMan                       : Message Received!
04/07/2016 02:39:19 [12] DEBUG  PostMan                       : Raw Message: 
04/07/2016 02:39:19 [12] DEBUG  PostMan                       : {"__type":"GameListReply:#Messages.ReplyMessages","ConvId":{"Pid":9,"Seq":5},"MsgId":{"Pid":1,"Seq":108},"Note":null,"Success":true,"GameInfo":[]}
04/07/2016 02:39:19 [12] DEBUG  PostMan                       : Message ID: 1.108, ConversationId: 9.5
04/07/2016 02:39:19 [12] DEBUG  Dispatcher                    : Received (Messages.ReplyMessages.GameListReply)
04/07/2016 02:39:19 [12] DEBUG  Dispatcher                    : MessageId: 1.108ConversationId: 9.5
04/07/2016 02:39:21 [12] DEBUG  PostMan                       : Message Received!
04/07/2016 02:39:21 [12] DEBUG  PostMan                       : Raw Message: 
04/07/2016 02:39:21 [12] DEBUG  PostMan                       : {"__type":"AliveRequest:#Messages.RequestMessages","ConvId":{"Pid":1,"Seq":106},"MsgId":{"Pid":1,"Seq":106}}
04/07/2016 02:39:21 [12] DEBUG  PostMan                       : Message ID: 1.106, ConversationId: 1.106
04/07/2016 02:39:21 [12] DEBUG  Dispatcher                    : Received (Messages.RequestMessages.AliveRequest)
04/07/2016 02:39:21 [12] DEBUG  Dispatcher                    : MessageId: 1.106ConversationId: 1.106
04/07/2016 02:39:24 [13] DEBUG  GameListConversation          : Received a game list reply message.
04/07/2016 02:39:24 [13] ERROR  GameListConversation          : Either the message received was null, or no games are available. 
04/07/2016 02:39:24 [13] INFO   BackgroundThread              : Stopping 
04/07/2016 02:39:24 [13] DEBUG  BackgroundThread              : Leaving Stop
04/07/2016 02:39:24 [10] DEBUG  PlayerProcess                 : In Process GetGameList function.
04/07/2016 02:39:24 [10] DEBUG  Dispatcher                    : Adding Conversation Player.Conversation.GameListConversation, 9.6
04/07/2016 02:39:24 [10] DEBUG  Dispatcher                    :       New Queue ID: 9.6
04/07/2016 02:39:24 [10] INFO   BackgroundThread              : Starting 
04/07/2016 02:39:24 [11] DEBUG  GameListConversation          : Queuing game list request. 
04/07/2016 02:39:24 [11] DEBUG  InitiatedConversation         : Conversation Id  for initiated conversation: 9.6
04/07/2016 02:39:24 [11] DEBUG  PostMan                       : Sending UDP (Messages.RequestMessages.GameListRequest)
04/07/2016 02:39:24 [11] DEBUG  PostMan                       : MessageId: 9.6ConversationId: 9.6
04/07/2016 02:39:24 [11] DEBUG  PostMan                       : Message Delivered
04/07/2016 02:39:24 [12] DEBUG  PostMan                       : Message Received!
04/07/2016 02:39:24 [12] DEBUG  PostMan                       : Raw Message: 
04/07/2016 02:39:24 [12] DEBUG  PostMan                       : {"__type":"GameListReply:#Messages.ReplyMessages","ConvId":{"Pid":9,"Seq":6},"MsgId":{"Pid":1,"Seq":109},"Note":null,"Success":true,"GameInfo":[]}
04/07/2016 02:39:24 [12] DEBUG  PostMan                       : Message ID: 1.109, ConversationId: 9.6
04/07/2016 02:39:24 [12] DEBUG  Dispatcher                    : Received (Messages.ReplyMessages.GameListReply)
04/07/2016 02:39:24 [12] DEBUG  Dispatcher                    : MessageId: 1.109ConversationId: 9.6
04/07/2016 02:39:29 [11] DEBUG  GameListConversation          : Received a game list reply message.
04/07/2016 02:39:29 [11] ERROR  GameListConversation          : Either the message received was null, or no games are available. 
04/07/2016 02:39:29 [11] INFO   BackgroundThread              : Stopping 
04/07/2016 02:39:29 [11] DEBUG  BackgroundThread              : Leaving Stop
04/07/2016 02:39:29 [10] DEBUG  PlayerProcess                 : In Process GetGameList function.
04/07/2016 02:39:29 [10] DEBUG  Dispatcher                    : Adding Conversation Player.Conversation.GameListConversation, 9.7
04/07/2016 02:39:29 [10] DEBUG  Dispatcher                    :       New Queue ID: 9.7
04/07/2016 02:39:29 [10] INFO   BackgroundThread              : Starting 
04/07/2016 02:39:29 [13] DEBUG  GameListConversation          : Queuing game list request. 
04/07/2016 02:39:29 [13] DEBUG  InitiatedConversation         : Conversation Id  for initiated conversation: 9.7
04/07/2016 02:39:29 [13] DEBUG  PostMan                       : Sending UDP (Messages.RequestMessages.GameListRequest)
04/07/2016 02:39:29 [13] DEBUG  PostMan                       : MessageId: 9.7ConversationId: 9.7
04/07/2016 02:39:29 [13] DEBUG  PostMan                       : Message Delivered
04/07/2016 02:39:29 [12] DEBUG  PostMan                       : Message Received!
04/07/2016 02:39:29 [12] DEBUG  PostMan                       : Raw Message: 
04/07/2016 02:39:29 [12] DEBUG  PostMan                       : {"__type":"GameListReply:#Messages.ReplyMessages","ConvId":{"Pid":9,"Seq":7},"MsgId":{"Pid":1,"Seq":110},"Note":null,"Success":true,"GameInfo":[]}
04/07/2016 02:39:29 [12] DEBUG  PostMan                       : Message ID: 1.110, ConversationId: 9.7
04/07/2016 02:39:29 [12] DEBUG  Dispatcher                    : Received (Messages.ReplyMessages.GameListReply)
04/07/2016 02:39:29 [12] DEBUG  Dispatcher                    : MessageId: 1.110ConversationId: 9.7
04/07/2016 02:39:31 [12] DEBUG  PostMan                       : Message Received!
04/07/2016 02:39:31 [12] DEBUG  PostMan                       : Raw Message: 
04/07/2016 02:39:31 [12] DEBUG  PostMan                       : {"__type":"AliveRequest:#Messages.RequestMessages","ConvId":{"Pid":1,"Seq":106},"MsgId":{"Pid":1,"Seq":106}}
04/07/2016 02:39:31 [12] DEBUG  PostMan                       : Message ID: 1.106, ConversationId: 1.106
04/07/2016 02:39:31 [12] DEBUG  Dispatcher                    : Received (Messages.RequestMessages.AliveRequest)
04/07/2016 02:39:31 [12] DEBUG  Dispatcher                    : MessageId: 1.106ConversationId: 1.106
04/07/2016 02:39:34 [13] DEBUG  GameListConversation          : Received a game list reply message.
04/07/2016 02:39:34 [13] ERROR  GameListConversation          : Either the message received was null, or no games are available. 
04/07/2016 02:39:34 [13] INFO   BackgroundThread              : Stopping 
04/07/2016 02:39:34 [10] DEBUG  PlayerProcess                 : In Process GetGameList function.
04/07/2016 02:39:34 [13] DEBUG  BackgroundThread              : Leaving Stop
04/07/2016 02:39:34 [10] DEBUG  Dispatcher                    : Adding Conversation Player.Conversation.GameListConversation, 9.8
04/07/2016 02:39:34 [10] DEBUG  Dispatcher                    :       New Queue ID: 9.8
04/07/2016 02:39:34 [10] INFO   BackgroundThread              : Starting 
04/07/2016 02:39:34 [11] DEBUG  GameListConversation          : Queuing game list request. 
04/07/2016 02:39:34 [11] DEBUG  InitiatedConversation         : Conversation Id  for initiated conversation: 9.8
04/07/2016 02:39:34 [11] DEBUG  PostMan                       : Sending UDP (Messages.RequestMessages.GameListRequest)
04/07/2016 02:39:34 [11] DEBUG  PostMan                       : MessageId: 9.8ConversationId: 9.8
04/07/2016 02:39:34 [11] DEBUG  PostMan                       : Message Delivered
04/07/2016 02:39:34 [12] DEBUG  PostMan                       : Message Received!
04/07/2016 02:39:34 [12] DEBUG  PostMan                       : Raw Message: 
04/07/2016 02:39:34 [12] DEBUG  PostMan                       : {"__type":"GameListReply:#Messages.ReplyMessages","ConvId":{"Pid":9,"Seq":8},"MsgId":{"Pid":1,"Seq":111},"Note":null,"Success":true,"GameInfo":[]}
04/07/2016 02:39:34 [12] DEBUG  PostMan                       : Message ID: 1.111, ConversationId: 9.8
04/07/2016 02:39:34 [12] DEBUG  Dispatcher                    : Received (Messages.ReplyMessages.GameListReply)
04/07/2016 02:39:34 [12] DEBUG  Dispatcher                    : MessageId: 1.111ConversationId: 9.8
04/07/2016 02:39:39 [11] DEBUG  GameListConversation          : Received a game list reply message.
04/07/2016 02:39:39 [11] ERROR  GameListConversation          : Either the message received was null, or no games are available. 
04/07/2016 02:39:39 [11] INFO   BackgroundThread              : Stopping 
04/07/2016 02:39:39 [11] DEBUG  BackgroundThread              : Leaving Stop
04/07/2016 02:39:39 [10] DEBUG  PlayerProcess                 : In Process GetGameList function.
04/07/2016 02:39:39 [10] DEBUG  Dispatcher                    : Adding Conversation Player.Conversation.GameListConversation, 9.9
04/07/2016 02:39:39 [10] DEBUG  Dispatcher                    :       New Queue ID: 9.9
04/07/2016 02:39:39 [10] INFO   BackgroundThread              : Starting 
04/07/2016 02:39:39 [13] DEBUG  GameListConversation          : Queuing game list request. 
04/07/2016 02:39:39 [13] DEBUG  InitiatedConversation         : Conversation Id  for initiated conversation: 9.9
04/07/2016 02:39:39 [13] DEBUG  PostMan                       : Sending UDP (Messages.RequestMessages.GameListRequest)
04/07/2016 02:39:39 [13] DEBUG  PostMan                       : MessageId: 9.9ConversationId: 9.9
04/07/2016 02:39:39 [13] DEBUG  PostMan                       : Message Delivered
04/07/2016 02:39:39 [12] DEBUG  PostMan                       : Message Received!
04/07/2016 02:39:39 [12] DEBUG  PostMan                       : Raw Message: 
04/07/2016 02:39:39 [12] DEBUG  PostMan                       : {"__type":"GameListReply:#Messages.ReplyMessages","ConvId":{"Pid":9,"Seq":9},"MsgId":{"Pid":1,"Seq":112},"Note":null,"Success":true,"GameInfo":[]}
04/07/2016 02:39:39 [12] DEBUG  PostMan                       : Message ID: 1.112, ConversationId: 9.9
04/07/2016 02:39:39 [12] DEBUG  Dispatcher                    : Received (Messages.ReplyMessages.GameListReply)
04/07/2016 02:39:39 [12] DEBUG  Dispatcher                    : MessageId: 1.112ConversationId: 9.9
04/07/2016 02:39:42 [12] DEBUG  PostMan                       : Message Received!
04/07/2016 02:39:42 [12] DEBUG  PostMan                       : Raw Message: 
04/07/2016 02:39:42 [12] DEBUG  PostMan                       : {"__type":"AliveRequest:#Messages.RequestMessages","ConvId":{"Pid":1,"Seq":113},"MsgId":{"Pid":1,"Seq":113}}
04/07/2016 02:39:42 [12] DEBUG  PostMan                       : Message ID: 1.113, ConversationId: 1.113
04/07/2016 02:39:42 [12] DEBUG  Dispatcher                    : Received (Messages.RequestMessages.AliveRequest)
04/07/2016 02:39:42 [12] DEBUG  Dispatcher                    : MessageId: 1.113ConversationId: 1.113
04/07/2016 02:39:42 [12] DEBUG  Dispatcher                    : Conversation  with id= 1.113 does not exist, trying to create new conversation.
04/07/2016 02:39:42 [12] DEBUG  Dispatcher                    : Adding Conversation Player.Conversation.AliveConversation, 1.113
04/07/2016 02:39:42 [12] DEBUG  Dispatcher                    :       New Queue ID: 1.113
04/07/2016 02:39:42 [12] INFO   BackgroundThread              : Starting 
04/07/2016 02:39:42 [11] DEBUG  AliveConversation             : Creating Alive Response
04/07/2016 02:39:42 [11] DEBUG  ResponseConversation          : Conversation Id  for Response conversation: 1.113
04/07/2016 02:39:42 [11] DEBUG  PostMan                       : Sending UDP (Messages.ReplyMessages.Reply)
04/07/2016 02:39:42 [11] DEBUG  PostMan                       : MessageId: 1.113ConversationId: 9.10
04/07/2016 02:39:42 [11] DEBUG  PostMan                       : Message Delivered
04/07/2016 02:39:44 [13] DEBUG  GameListConversation          : Received a game list reply message.
04/07/2016 02:39:44 [13] ERROR  GameListConversation          : Either the message received was null, or no games are available. 
04/07/2016 02:39:44 [13] INFO   BackgroundThread              : Stopping 
04/07/2016 02:39:44 [13] DEBUG  BackgroundThread              : Leaving Stop
04/07/2016 02:39:44 [10] DEBUG  PlayerProcess                 : In Process GetGameList function.
04/07/2016 02:39:44 [10] DEBUG  Dispatcher                    : Adding Conversation Player.Conversation.GameListConversation, 9.11
04/07/2016 02:39:44 [10] DEBUG  Dispatcher                    :       New Queue ID: 9.11
04/07/2016 02:39:44 [10] INFO   BackgroundThread              : Starting 
04/07/2016 02:39:44 [14] DEBUG  GameListConversation          : Queuing game list request. 
04/07/2016 02:39:44 [14] DEBUG  InitiatedConversation         : Conversation Id  for initiated conversation: 9.11
04/07/2016 02:39:44 [14] DEBUG  PostMan                       : Sending UDP (Messages.RequestMessages.GameListRequest)
04/07/2016 02:39:44 [14] DEBUG  PostMan                       : MessageId: 9.11ConversationId: 9.11
04/07/2016 02:39:44 [14] DEBUG  PostMan                       : Message Delivered
04/07/2016 02:39:44 [12] DEBUG  PostMan                       : Message Received!
04/07/2016 02:39:44 [12] DEBUG  PostMan                       : Raw Message: 
04/07/2016 02:39:44 [12] DEBUG  PostMan                       : {"__type":"GameListReply:#Messages.ReplyMessages","ConvId":{"Pid":9,"Seq":11},"MsgId":{"Pid":1,"Seq":115},"Note":null,"Success":true,"GameInfo":[]}
04/07/2016 02:39:44 [12] DEBUG  PostMan                       : Message ID: 1.115, ConversationId: 9.11
04/07/2016 02:39:44 [12] DEBUG  Dispatcher                    : Received (Messages.ReplyMessages.GameListReply)
04/07/2016 02:39:44 [12] DEBUG  Dispatcher                    : MessageId: 1.115ConversationId: 9.11
04/07/2016 02:39:49 [14] DEBUG  GameListConversation          : Received a game list reply message.
04/07/2016 02:39:49 [14] ERROR  GameListConversation          : Either the message received was null, or no games are available. 
04/07/2016 02:39:49 [14] INFO   BackgroundThread              : Stopping 
04/07/2016 02:39:49 [14] DEBUG  BackgroundThread              : Leaving Stop
04/07/2016 02:39:49 [10] DEBUG  PlayerProcess                 : In Process GetGameList function.
04/07/2016 02:39:49 [10] DEBUG  Dispatcher                    : Adding Conversation Player.Conversation.GameListConversation, 9.12
04/07/2016 02:39:49 [10] DEBUG  Dispatcher                    :       New Queue ID: 9.12
04/07/2016 02:39:49 [10] INFO   BackgroundThread              : Starting 
04/07/2016 02:39:49 [11] DEBUG  GameListConversation          : Queuing game list request. 
04/07/2016 02:39:49 [11] DEBUG  InitiatedConversation         : Conversation Id  for initiated conversation: 9.12
04/07/2016 02:39:49 [11] DEBUG  PostMan                       : Sending UDP (Messages.RequestMessages.GameListRequest)
04/07/2016 02:39:49 [11] DEBUG  PostMan                       : MessageId: 9.12ConversationId: 9.12
04/07/2016 02:39:49 [11] DEBUG  PostMan                       : Message Delivered
04/07/2016 02:39:49 [12] DEBUG  PostMan                       : Message Received!
04/07/2016 02:39:49 [12] DEBUG  PostMan                       : Raw Message: 
04/07/2016 02:39:50 [12] DEBUG  PostMan                       : {"__type":"GameListReply:#Messages.ReplyMessages","ConvId":{"Pid":9,"Seq":12},"MsgId":{"Pid":1,"Seq":126},"Note":null,"Success":true,"GameInfo":[{"CurrentProcesses":[{"HasUmbrellaRaised":false,"HitPoints":0,"LifePoints":100,"ProcessId":14,"Type":5},{"HasUmbrellaRaised":false,"HitPoints":0,"LifePoints":100,"ProcessId":12,"Type":4},{"HasUmbrellaRaised":false,"HitPoints":0,"LifePoints":100,"ProcessId":13,"Type":5}],"GameId":11,"GameManagerId":10,"Label":"GM72561's 1st Game","MaxPlayers":4,"MinPlayers":3,"StartingPlayers":[],"Status":4,"Winners":null}]}
04/07/2016 02:39:50 [12] DEBUG  PostMan                       : Message ID: 1.126, ConversationId: 9.12
04/07/2016 02:39:50 [12] DEBUG  Dispatcher                    : Received (Messages.ReplyMessages.GameListReply)
04/07/2016 02:39:50 [12] DEBUG  Dispatcher                    : MessageId: 1.126ConversationId: 9.12
04/07/2016 02:39:52 [12] DEBUG  PostMan                       : Message Received!
04/07/2016 02:39:52 [12] DEBUG  PostMan                       : Raw Message: 
04/07/2016 02:39:52 [12] DEBUG  PostMan                       : {"__type":"AliveRequest:#Messages.RequestMessages","ConvId":{"Pid":1,"Seq":113},"MsgId":{"Pid":1,"Seq":113}}
04/07/2016 02:39:52 [12] DEBUG  PostMan                       : Message ID: 1.113, ConversationId: 1.113
04/07/2016 02:39:52 [12] DEBUG  Dispatcher                    : Received (Messages.RequestMessages.AliveRequest)
04/07/2016 02:39:52 [12] DEBUG  Dispatcher                    : MessageId: 1.113ConversationId: 1.113
04/07/2016 02:39:54 [11] DEBUG  GameListConversation          : Received a game list reply message.
04/07/2016 02:39:54 [11] INFO   BackgroundThread              : Stopping 
04/07/2016 02:39:54 [10] DEBUG  PlayerProcess                 : Life points is null, game needs to be started.
04/07/2016 02:39:54 [11] DEBUG  BackgroundThread              : Leaving Stop
04/07/2016 02:39:54 [10] DEBUG  Dispatcher                    : Adding Conversation Player.Conversation.JoinGameConversation, 9.13
04/07/2016 02:39:54 [10] DEBUG  Dispatcher                    :       New Queue ID: 9.13
04/07/2016 02:39:54 [10] INFO   BackgroundThread              : Starting 
04/07/2016 02:39:54 [13] DEBUG  JoinGameConversation          : Queuing join game request. 
04/07/2016 02:39:54 [13] DEBUG  JoinGameConversation          : Requesting GameId: 11
04/07/2016 02:39:55 [13] DEBUG  InitiatedConversation         : Conversation Id  for initiated conversation: 9.13
04/07/2016 02:39:55 [13] DEBUG  PostMan                       : Sending UDP (Messages.Routing)
04/07/2016 02:39:55 [13] DEBUG  PostMan                       : MessageId: 9.13ConversationId: 9.13
04/07/2016 02:39:55 [13] DEBUG  PostMan                       : Message Delivered
04/07/2016 02:39:55 [12] DEBUG  PostMan                       : Message Received!
04/07/2016 02:39:55 [12] DEBUG  PostMan                       : Raw Message: 
04/07/2016 02:39:55 [12] DEBUG  PostMan                       : {"__type":"Routing:#Messages","ConvId":{"Pid":9,"Seq":13},"MsgId":{"Pid":10,"Seq":18},"InnerMessage":{"__type":"JoinGameReply:#Messages.ReplyMessages","ConvId":{"Pid":9,"Seq":13},"MsgId":{"Pid":10,"Seq":18},"Note":null,"Success":true,"GameId":11,"InitialLifePoints":100},"ToProcessIds":[9]}
04/07/2016 02:39:55 [10] DEBUG  PlayerProcess                 : No games available, setting status to 'Registered'
04/07/2016 02:39:55 [12] DEBUG  PostMan                       : Message ID: 10.18, ConversationId: 9.13
04/07/2016 02:39:55 [12] DEBUG  Dispatcher                    : Received (Messages.Routing)
04/07/2016 02:39:55 [12] DEBUG  Dispatcher                    : MessageId: 10.18ConversationId: 9.13
04/07/2016 02:39:55 [10] DEBUG  PlayerProcess                 : In Process GetGameList function.
04/07/2016 02:39:55 [10] DEBUG  Dispatcher                    : Adding Conversation Player.Conversation.GameListConversation, 9.14
04/07/2016 02:39:55 [10] DEBUG  Dispatcher                    :       New Queue ID: 9.14
04/07/2016 02:39:55 [10] INFO   BackgroundThread              : Starting 
04/07/2016 02:39:55 [ 9] DEBUG  GameListConversation          : Queuing game list request. 
04/07/2016 02:39:55 [ 9] DEBUG  InitiatedConversation         : Conversation Id  for initiated conversation: 9.14
04/07/2016 02:39:55 [ 9] DEBUG  PostMan                       : Sending UDP (Messages.RequestMessages.GameListRequest)
04/07/2016 02:39:55 [ 9] DEBUG  PostMan                       : MessageId: 9.14ConversationId: 9.14
04/07/2016 02:39:55 [ 9] DEBUG  PostMan                       : Message Delivered
04/07/2016 02:39:55 [12] DEBUG  PostMan                       : Message Received!
04/07/2016 02:39:55 [12] DEBUG  PostMan                       : Raw Message: 
04/07/2016 02:39:55 [12] DEBUG  PostMan                       : {"__type":"GameListReply:#Messages.ReplyMessages","ConvId":{"Pid":9,"Seq":14},"MsgId":{"Pid":1,"Seq":129},"Note":null,"Success":true,"GameInfo":[{"CurrentProcesses":[{"HasUmbrellaRaised":false,"HitPoints":0,"LifePoints":100,"ProcessId":14,"Type":5},{"HasUmbrellaRaised":false,"HitPoints":0,"LifePoints":100,"ProcessId":12,"Type":4},{"HasUmbrellaRaised":false,"HitPoints":0,"LifePoints":100,"ProcessId":13,"Type":5},{"HasUmbrellaRaised":false,"HitPoints":0,"LifePoints":100,"ProcessId":9,"Type":3}],"GameId":11,"GameManagerId":10,"Label":"GM72561's 1st Game","MaxPlayers":4,"MinPlayers":3,"StartingPlayers":[],"Status":4,"Winners":null}]}
04/07/2016 02:39:55 [12] DEBUG  PostMan                       : Message ID: 1.129, ConversationId: 9.14
04/07/2016 02:39:55 [12] DEBUG  Dispatcher                    : Received (Messages.ReplyMessages.GameListReply)
04/07/2016 02:39:55 [12] DEBUG  Dispatcher                    : MessageId: 1.129ConversationId: 9.14
04/07/2016 02:39:56 [12] DEBUG  PostMan                       : Message Received!
04/07/2016 02:39:56 [12] DEBUG  PostMan                       : Raw Message: 
04/07/2016 02:39:56 [12] DEBUG  PostMan                       : {"__type":"AllowanceDeliveryRequest:#Messages.RequestMessages","ConvId":{"Pid":1,"Seq":130},"MsgId":{"Pid":1,"Seq":130},"NumberOfPennies":400,"PortNumber":12997}
04/07/2016 02:39:56 [12] DEBUG  PostMan                       : Message ID: 1.130, ConversationId: 1.130
04/07/2016 02:39:56 [12] DEBUG  Dispatcher                    : Received (Messages.RequestMessages.AllowanceDeliveryRequest)
04/07/2016 02:39:56 [12] DEBUG  Dispatcher                    : MessageId: 1.130ConversationId: 1.130
04/07/2016 02:39:56 [12] DEBUG  Dispatcher                    : Conversation  with id= 1.130 does not exist, trying to create new conversation.
04/07/2016 02:39:56 [12] DEBUG  Dispatcher                    : Adding Conversation Player.Conversation.AllowanceDeliveryConversation, 1.130
04/07/2016 02:39:56 [12] DEBUG  Dispatcher                    :       New Queue ID: 1.130
04/07/2016 02:39:56 [12] INFO   BackgroundThread              : Starting 
04/07/2016 02:39:56 [11] DEBUG  AllowanceDeliveryConversation : Received Allowance Delivery Request. 
04/07/2016 02:39:56 [11] DEBUG  AllowanceDeliveryConversation : Creating Reply to Allowance Delivery request. 
04/07/2016 02:39:56 [11] DEBUG  ResponseConversation          : Conversation Id  for Response conversation: 1.130
04/07/2016 02:39:56 [11] DEBUG  PostMan                       : Sending UDP (Messages.ReplyMessages.Reply)
04/07/2016 02:39:56 [11] DEBUG  PostMan                       : MessageId: 1.130ConversationId: 9.15
04/07/2016 02:39:56 [11] DEBUG  PostMan                       : Message Delivered
04/07/2016 02:39:56 [11] DEBUG  TCPStreamReader               : Starting TCP Listener
04/07/2016 02:39:56 [11] DEBUG  TCPStreamReader               : Getting Message Length
04/07/2016 02:40:00 [ 9] DEBUG  GameListConversation          : Received a game list reply message.
04/07/2016 02:40:00 [13] DEBUG  JoinGameConversation          : Received a game join message.
04/07/2016 02:40:05 [ 9] INFO   BackgroundThread              : Stopping 
04/07/2016 02:40:05 [ 9] DEBUG  BackgroundThread              : Leaving Stop
04/07/2016 02:40:05 [13] INFO   BackgroundThread              : Stopping 
04/07/2016 02:40:05 [13] DEBUG  BackgroundThread              : Leaving Stop
04/07/2016 02:40:06 [12] DEBUG  PostMan                       : Message Received!
04/07/2016 02:40:06 [12] DEBUG  PostMan                       : Raw Message: 
04/07/2016 02:40:06 [12] DEBUG  PostMan                       : {"__type":"AllowanceDeliveryRequest:#Messages.RequestMessages","ConvId":{"Pid":1,"Seq":130},"MsgId":{"Pid":1,"Seq":130},"NumberOfPennies":400,"PortNumber":12997}
04/07/2016 02:40:06 [12] DEBUG  PostMan                       : Message ID: 1.130, ConversationId: 1.130
04/07/2016 02:40:06 [12] DEBUG  Dispatcher                    : Received (Messages.RequestMessages.AllowanceDeliveryRequest)
04/07/2016 02:40:06 [12] DEBUG  Dispatcher                    : MessageId: 1.130ConversationId: 1.130
04/07/2016 02:40:12 [12] DEBUG  PostMan                       : Message Received!
04/07/2016 02:40:12 [12] DEBUG  PostMan                       : Raw Message: 
04/07/2016 02:40:12 [12] DEBUG  PostMan                       : {"__type":"DeadProcessNotification:#Messages.RequestMessages","ConvId":{"Pid":1,"Seq":131},"MsgId":{"Pid":1,"Seq":131},"ProcessId":9}
04/07/2016 02:40:12 [12] DEBUG  PostMan                       : Message ID: 1.131, ConversationId: 1.131
04/07/2016 02:40:12 [12] DEBUG  Dispatcher                    : Received (Messages.RequestMessages.DeadProcessNotification)
04/07/2016 02:40:12 [12] DEBUG  Dispatcher                    : MessageId: 1.131ConversationId: 1.131
04/07/2016 02:40:12 [12] DEBUG  Dispatcher                    : Conversation  with id= 1.131 does not exist, trying to create new conversation.
04/07/2016 02:40:12 [12] ERROR  Dispatcher                    : New conversation returned from factory is Null!
04/07/2016 02:40:16 [12] DEBUG  PostMan                       : Message Received!
04/07/2016 02:40:16 [12] DEBUG  PostMan                       : Raw Message: 
04/07/2016 02:40:16 [12] DEBUG  PostMan                       : {"__type":"AllowanceDeliveryRequest:#Messages.RequestMessages","ConvId":{"Pid":1,"Seq":130},"MsgId":{"Pid":1,"Seq":130},"NumberOfPennies":400,"PortNumber":12997}
04/07/2016 02:40:16 [12] DEBUG  PostMan                       : Message ID: 1.130, ConversationId: 1.130
04/07/2016 02:40:16 [12] DEBUG  Dispatcher                    : Received (Messages.RequestMessages.AllowanceDeliveryRequest)
04/07/2016 02:40:16 [12] DEBUG  Dispatcher                    : MessageId: 1.130ConversationId: 1.130
