04/13/2016 01:11:46 [ 7] DEBUG  PlayerConnection              : Using Local Settings.
04/13/2016 01:11:46 [ 7] DEBUG  PlayerConnection              : Starting Application. 
04/13/2016 01:11:46 [ 7] DEBUG  PlayerConnection              : Initializing Subsystem
04/13/2016 01:11:46 [ 7] DEBUG  PlayerProcess                 : Initializeing Player Subsystem.
04/13/2016 01:11:46 [ 7] DEBUG  PlayerConnection              : Initializing Player
04/13/2016 01:11:46 [ 7] DEBUG  PlayerProcess                 : Initializing Player Details.
04/13/2016 01:11:46 [ 7] INFO   BackgroundThread              : Starting 
04/13/2016 01:11:46 [10] INFO   BackgroundThread              : Starting 
04/13/2016 01:11:47 [10] DEBUG  PlayerProcess                 : In Process Login function.
04/13/2016 01:11:47 [10] DEBUG  ConversationFactory           : Creating Conversation of type LoginConversation
04/13/2016 01:11:47 [10] DEBUG  Dispatcher                    : Adding Conversation Player.Conversation.LoginConversation, 0.1
04/13/2016 01:11:47 [10] DEBUG  Dispatcher                    :       New Queue ID: 0.1
04/13/2016 01:11:47 [10] INFO   BackgroundThread              : Starting 
04/13/2016 01:11:49 [12] DEBUG  LoginConversation             : Creating login request. 
04/13/2016 01:11:49 [12] DEBUG  InitiatedConversation         : LoginConversation, ConversationID: 0.1: Conversation Id  for Initiated conversation: 0.1
04/13/2016 01:11:49 [12] DEBUG  Conversation                  : LoginConversation, ConversationID: 0.1: Setting Message IDs
04/13/2016 01:11:49 [12] DEBUG  Conversation                  : LoginConversation, ConversationID: 0.1: Conversation is initiating send.
04/13/2016 01:11:49 [12] DEBUG  PostMan                       : Sending UDP (Messages.RequestMessages.LoginRequest, MessageID: 0.1, ConversationID: 0.1)
Endpoint: 127.0.0.1:12000
JSON: {"__type":"LoginRequest:#Messages.RequestMessages","ConvId":{"Pid":0,"Seq":1},"MsgId":{"Pid":0,"Seq":1},"Identity":{"ANumber":"A00000001","Alias":"The Instructor","FirstName":"The","LastName":"Instructor"},"ProcessLabel":"The Instructor","ProcessType":3,"PublicKey":null}
04/13/2016 01:11:49 [12] DEBUG  PostMan                       : Message Delivered
04/13/2016 01:11:49 [11] DEBUG  PostMan                       : Received UDP (Messages.ReplyMessages.LoginReply, MessageID: 1.191, ConversationID: 0.1)
JSON: {"__type":"LoginReply:#Messages.ReplyMessages","ConvId":{"Pid":0,"Seq":1},"MsgId":{"Pid":1,"Seq":191},"Note":"Logged in","Success":true,"PennyBankEndPoint":{"Host":"127.0.0.1","Port":12002},"PennyBankPublicKey":null,"ProcessInfo":{"EndPoint":{"Host":"127.0.0.1","Port":10000},"Label":"The Instructor","ProcessId":9,"Status":3,"Type":3},"ProxyEndPoint":{"Host":"127.0.0.1","Port":12001}}
04/13/2016 01:11:49 [12] DEBUG  Conversation                  : LoginConversation, ConversationID: 0.1: Send succeeded.
04/13/2016 01:11:49 [15] INFO   ispatcher+<>c__DisplayClass7_0: New Message Received: (Messages.ReplyMessages.LoginReply)
04/13/2016 01:11:49 [15] INFO   ispatcher+<>c__DisplayClass7_0: MessageId: 1.191ConversationId: 0.1
04/13/2016 01:11:49 [15] DEBUG  Dispatcher                    : Successsfully queued a new message of type LoginReply, for conversation: 0.1
04/13/2016 01:11:49 [12] DEBUG  Conversation                  : LoginConversation, ConversationID: 0.1: Message available!
04/13/2016 01:11:49 [12] DEBUG  Conversation                  : LoginConversation, ConversationID: 0.1: Message available!
04/13/2016 01:11:49 [12] DEBUG  Conversation                  : LoginConversation, ConversationID: 0.1: Received Message is valid
04/13/2016 01:11:49 [12] DEBUG  Conversation                  : Received a Message of type: LoginReply
04/13/2016 01:11:49 [12] DEBUG  LoginConversation             : Proxy endpoint is 127.0.0.1:12002
04/13/2016 01:11:49 [12] INFO   Conversation                  : Conversation Succeeded
04/13/2016 01:11:49 [12] INFO   Conversation                  : Conversation Succeeded
04/13/2016 01:11:49 [10] DEBUG  PlayerProcess                 : In Process GetGameList function.
04/13/2016 01:11:49 [10] DEBUG  ConversationFactory           : Creating Conversation of type GameListConversation
04/13/2016 01:11:49 [10] DEBUG  Dispatcher                    : Adding Conversation Player.Conversation.GameListConversation, 9.2
04/13/2016 01:11:49 [10] DEBUG  Dispatcher                    :       New Queue ID: 9.2
04/13/2016 01:11:49 [10] INFO   BackgroundThread              : Starting 
04/13/2016 01:11:51 [11] DEBUG  PostMan                       : Received UDP (Messages.RequestMessages.AliveRequest, MessageID: 1.193, ConversationID: 1.193)
JSON: {"__type":"AliveRequest:#Messages.RequestMessages","ConvId":{"Pid":1,"Seq":193},"MsgId":{"Pid":1,"Seq":193}}
04/13/2016 01:11:51 [12] INFO   ispatcher+<>c__DisplayClass7_0: New Message Received: (Messages.RequestMessages.AliveRequest)
04/13/2016 01:11:51 [12] INFO   ispatcher+<>c__DisplayClass7_0: MessageId: 1.193ConversationId: 1.193
04/13/2016 01:11:51 [12] DEBUG  Dispatcher                    : Conversation  with id= 1.193 does not exist, trying to create new conversation.
04/13/2016 01:11:51 [12] DEBUG  ConversationFactory           : Creating Conversation of type AliveConversation
04/13/2016 01:11:51 [12] DEBUG  Dispatcher                    : Adding Conversation Player.Conversation.AliveConversation, 1.193
04/13/2016 01:11:51 [12] DEBUG  Dispatcher                    :       New Queue ID: 1.193
04/13/2016 01:11:51 [12] DEBUG  Dispatcher                    : Successsfully queued a new message of type AliveRequest, for conversation: 1.193
04/13/2016 01:11:51 [12] INFO   BackgroundThread              : Starting 
04/13/2016 01:11:51 [15] DEBUG  Conversation                  : AliveConversation, ConversationID: 1.193: Message available!
04/13/2016 01:11:51 [15] DEBUG  Conversation                  : AliveConversation, ConversationID: 1.193: Message available!
04/13/2016 01:11:51 [15] DEBUG  Conversation                  : AliveConversation, ConversationID: 1.193: Message available!
04/13/2016 01:11:51 [15] DEBUG  Conversation                  : AliveConversation, ConversationID: 1.193: Received Message is valid
04/13/2016 01:11:51 [15] DEBUG  Conversation                  : Received a Message of type: AliveRequest
04/13/2016 01:11:51 [15] DEBUG  AliveConversation             : Creating Alive Response
04/13/2016 01:11:51 [15] DEBUG  ResponseConversation          : AliveConversation, ConversationID: 1.193: Conversation Id  for Response conversation: 1.193
04/13/2016 01:11:51 [15] DEBUG  Conversation                  : AliveConversation, ConversationID: 1.193: Setting Message IDs
04/13/2016 01:11:51 [15] DEBUG  Conversation                  : AliveConversation, ConversationID: 1.193: Conversation is initiating send.
04/13/2016 01:11:51 [15] DEBUG  PostMan                       : Sending UDP (Messages.ReplyMessages.Reply, MessageID: 9.3, ConversationID: 1.193)
Endpoint: 127.0.0.1:12000
JSON: {"__type":"Reply:#Messages.ReplyMessages","ConvId":{"Pid":1,"Seq":193},"MsgId":{"Pid":9,"Seq":3},"Note":"I'm Alive","Success":true}
04/13/2016 01:11:51 [15] DEBUG  PostMan                       : Message Delivered
04/13/2016 01:11:51 [15] DEBUG  Conversation                  : AliveConversation, ConversationID: 1.193: Send succeeded.
04/13/2016 01:11:52 [13] DEBUG  GameListConversation          : Queuing game list request. 
04/13/2016 01:11:52 [13] DEBUG  InitiatedConversation         : GameListConversation, ConversationID: 9.2: Conversation Id  for Initiated conversation: 9.2
04/13/2016 01:11:52 [13] DEBUG  Conversation                  : GameListConversation, ConversationID: 9.2: Setting Message IDs
04/13/2016 01:11:52 [13] DEBUG  Conversation                  : GameListConversation, ConversationID: 9.2: Conversation is initiating send.
04/13/2016 01:11:52 [13] DEBUG  PostMan                       : Sending UDP (Messages.RequestMessages.GameListRequest, MessageID: 9.2, ConversationID: 9.2)
Endpoint: 127.0.0.1:12000
JSON: {"__type":"GameListRequest:#Messages.RequestMessages","ConvId":{"Pid":9,"Seq":2},"MsgId":{"Pid":9,"Seq":2},"StatusFilter":4}
04/13/2016 01:11:52 [13] DEBUG  PostMan                       : Message Delivered
04/13/2016 01:11:52 [11] DEBUG  PostMan                       : Received UDP (Messages.ReplyMessages.GameListReply, MessageID: 1.194, ConversationID: 9.2)
JSON: {"__type":"GameListReply:#Messages.ReplyMessages","ConvId":{"Pid":9,"Seq":2},"MsgId":{"Pid":1,"Seq":194},"Note":null,"Success":true,"GameInfo":[]}
04/13/2016 01:11:52 [13] DEBUG  Conversation                  : GameListConversation, ConversationID: 9.2: Send succeeded.
04/13/2016 01:11:52 [12] INFO   ispatcher+<>c__DisplayClass7_0: New Message Received: (Messages.ReplyMessages.GameListReply)
04/13/2016 01:11:52 [12] INFO   ispatcher+<>c__DisplayClass7_0: MessageId: 1.194ConversationId: 9.2
04/13/2016 01:11:52 [12] DEBUG  Dispatcher                    : Successsfully queued a new message of type GameListReply, for conversation: 9.2
04/13/2016 01:11:52 [13] DEBUG  Conversation                  : GameListConversation, ConversationID: 9.2: Message available!
04/13/2016 01:11:52 [13] DEBUG  Conversation                  : GameListConversation, ConversationID: 9.2: Message available!
04/13/2016 01:11:52 [13] DEBUG  Conversation                  : GameListConversation, ConversationID: 9.2: Received Message is valid
04/13/2016 01:11:52 [13] DEBUG  Conversation                  : Received a Message of type: GameListReply
04/13/2016 01:11:52 [13] ERROR  Conversation                  : GameListConversation, ConversationID: 9.2: No games are available. 
04/13/2016 01:11:52 [13] ERROR  Conversation                  : GameListConversation, ConversationID: 9.2: Conversation Failed
04/13/2016 01:11:52 [13] ERROR  Conversation                  : GameListConversation, ConversationID: 9.2: Conversation Ending
04/13/2016 01:11:52 [13] INFO   Conversation                  : Conversation Failed
04/13/2016 01:11:52 [13] INFO   BackgroundThread              : Stopping 
04/13/2016 01:11:52 [13] DEBUG  BackgroundThread              : Leaving Stop
04/13/2016 01:11:52 [13] ERROR  Conversation                  : GameListConversation, ConversationID: 9.2: Conversation Failed
04/13/2016 01:11:52 [13] ERROR  Conversation                  : GameListConversation, ConversationID: 9.2: Conversation Ending
04/13/2016 01:11:52 [13] INFO   Conversation                  : Conversation Failed
04/13/2016 01:11:52 [13] INFO   BackgroundThread              : Stopping 
04/13/2016 01:11:52 [13] DEBUG  BackgroundThread              : Leaving Stop
04/13/2016 01:11:52 [10] DEBUG  PlayerProcess                 : In Process GetGameList function.
04/13/2016 01:11:52 [10] DEBUG  ConversationFactory           : Creating Conversation of type GameListConversation
04/13/2016 01:11:52 [10] DEBUG  Dispatcher                    : Adding Conversation Player.Conversation.GameListConversation, 9.4
04/13/2016 01:11:52 [10] DEBUG  Dispatcher                    :       New Queue ID: 9.4
04/13/2016 01:11:52 [10] INFO   BackgroundThread              : Starting 
04/13/2016 01:11:55 [16] DEBUG  GameListConversation          : Queuing game list request. 
04/13/2016 01:11:55 [16] DEBUG  InitiatedConversation         : GameListConversation, ConversationID: 9.4: Conversation Id  for Initiated conversation: 9.4
04/13/2016 01:11:55 [16] DEBUG  Conversation                  : GameListConversation, ConversationID: 9.4: Setting Message IDs
04/13/2016 01:11:55 [16] DEBUG  Conversation                  : GameListConversation, ConversationID: 9.4: Conversation is initiating send.
04/13/2016 01:11:55 [16] DEBUG  PostMan                       : Sending UDP (Messages.RequestMessages.GameListRequest, MessageID: 9.4, ConversationID: 9.4)
Endpoint: 127.0.0.1:12000
JSON: {"__type":"GameListRequest:#Messages.RequestMessages","ConvId":{"Pid":9,"Seq":4},"MsgId":{"Pid":9,"Seq":4},"StatusFilter":4}
04/13/2016 01:11:55 [16] DEBUG  PostMan                       : Message Delivered
04/13/2016 01:11:55 [11] DEBUG  PostMan                       : Received UDP (Messages.ReplyMessages.GameListReply, MessageID: 1.195, ConversationID: 9.4)
JSON: {"__type":"GameListReply:#Messages.ReplyMessages","ConvId":{"Pid":9,"Seq":4},"MsgId":{"Pid":1,"Seq":195},"Note":null,"Success":true,"GameInfo":[]}
04/13/2016 01:11:55 [16] DEBUG  Conversation                  : GameListConversation, ConversationID: 9.4: Send succeeded.
04/13/2016 01:11:55 [12] INFO   ispatcher+<>c__DisplayClass7_0: New Message Received: (Messages.ReplyMessages.GameListReply)
04/13/2016 01:11:55 [12] INFO   ispatcher+<>c__DisplayClass7_0: MessageId: 1.195ConversationId: 9.4
04/13/2016 01:11:55 [12] DEBUG  Dispatcher                    : Successsfully queued a new message of type GameListReply, for conversation: 9.4
04/13/2016 01:11:55 [16] DEBUG  Conversation                  : GameListConversation, ConversationID: 9.4: Message available!
04/13/2016 01:11:55 [16] DEBUG  Conversation                  : GameListConversation, ConversationID: 9.4: Message available!
04/13/2016 01:11:55 [16] DEBUG  Conversation                  : GameListConversation, ConversationID: 9.4: Received Message is valid
04/13/2016 01:11:55 [16] DEBUG  Conversation                  : Received a Message of type: GameListReply
04/13/2016 01:11:55 [16] ERROR  Conversation                  : GameListConversation, ConversationID: 9.4: No games are available. 
04/13/2016 01:11:55 [16] ERROR  Conversation                  : GameListConversation, ConversationID: 9.4: Conversation Failed
04/13/2016 01:11:55 [16] ERROR  Conversation                  : GameListConversation, ConversationID: 9.4: Conversation Ending
04/13/2016 01:11:55 [16] INFO   Conversation                  : Conversation Failed
04/13/2016 01:11:55 [16] INFO   BackgroundThread              : Stopping 
04/13/2016 01:11:55 [16] DEBUG  BackgroundThread              : Leaving Stop
04/13/2016 01:11:55 [16] ERROR  Conversation                  : GameListConversation, ConversationID: 9.4: Conversation Failed
04/13/2016 01:11:55 [16] ERROR  Conversation                  : GameListConversation, ConversationID: 9.4: Conversation Ending
04/13/2016 01:11:55 [16] INFO   Conversation                  : Conversation Failed
04/13/2016 01:11:55 [16] INFO   BackgroundThread              : Stopping 
04/13/2016 01:11:55 [16] DEBUG  BackgroundThread              : Leaving Stop
04/13/2016 01:11:55 [10] DEBUG  PlayerProcess                 : In Process GetGameList function.
04/13/2016 01:11:55 [10] DEBUG  ConversationFactory           : Creating Conversation of type GameListConversation
04/13/2016 01:11:55 [10] DEBUG  Dispatcher                    : Adding Conversation Player.Conversation.GameListConversation, 9.5
04/13/2016 01:11:55 [10] DEBUG  Dispatcher                    :       New Queue ID: 9.5
04/13/2016 01:11:55 [10] INFO   BackgroundThread              : Starting 
04/13/2016 01:11:57 [17] DEBUG  GameListConversation          : Queuing game list request. 
04/13/2016 01:11:57 [17] DEBUG  InitiatedConversation         : GameListConversation, ConversationID: 9.5: Conversation Id  for Initiated conversation: 9.5
04/13/2016 01:11:57 [17] DEBUG  Conversation                  : GameListConversation, ConversationID: 9.5: Setting Message IDs
04/13/2016 01:11:57 [17] DEBUG  Conversation                  : GameListConversation, ConversationID: 9.5: Conversation is initiating send.
04/13/2016 01:11:57 [17] DEBUG  PostMan                       : Sending UDP (Messages.RequestMessages.GameListRequest, MessageID: 9.5, ConversationID: 9.5)
Endpoint: 127.0.0.1:12000
JSON: {"__type":"GameListRequest:#Messages.RequestMessages","ConvId":{"Pid":9,"Seq":5},"MsgId":{"Pid":9,"Seq":5},"StatusFilter":4}
04/13/2016 01:11:57 [17] DEBUG  PostMan                       : Message Delivered
04/13/2016 01:11:57 [11] DEBUG  PostMan                       : Received UDP (Messages.ReplyMessages.GameListReply, MessageID: 1.196, ConversationID: 9.5)
JSON: {"__type":"GameListReply:#Messages.ReplyMessages","ConvId":{"Pid":9,"Seq":5},"MsgId":{"Pid":1,"Seq":196},"Note":null,"Success":true,"GameInfo":[]}
04/13/2016 01:11:57 [17] DEBUG  Conversation                  : GameListConversation, ConversationID: 9.5: Send succeeded.
04/13/2016 01:11:58 [12] INFO   ispatcher+<>c__DisplayClass7_0: New Message Received: (Messages.ReplyMessages.GameListReply)
04/13/2016 01:11:58 [12] INFO   ispatcher+<>c__DisplayClass7_0: MessageId: 1.196ConversationId: 9.5
04/13/2016 01:11:58 [12] DEBUG  Dispatcher                    : Successsfully queued a new message of type GameListReply, for conversation: 9.5
04/13/2016 01:11:58 [17] DEBUG  Conversation                  : GameListConversation, ConversationID: 9.5: Message available!
04/13/2016 01:11:58 [17] DEBUG  Conversation                  : GameListConversation, ConversationID: 9.5: Message available!
04/13/2016 01:11:58 [17] DEBUG  Conversation                  : GameListConversation, ConversationID: 9.5: Received Message is valid
04/13/2016 01:11:58 [17] DEBUG  Conversation                  : Received a Message of type: GameListReply
04/13/2016 01:11:58 [17] ERROR  Conversation                  : GameListConversation, ConversationID: 9.5: No games are available. 
04/13/2016 01:11:58 [17] ERROR  Conversation                  : GameListConversation, ConversationID: 9.5: Conversation Failed
04/13/2016 01:11:58 [17] ERROR  Conversation                  : GameListConversation, ConversationID: 9.5: Conversation Ending
04/13/2016 01:11:58 [17] INFO   Conversation                  : Conversation Failed
04/13/2016 01:11:58 [17] INFO   BackgroundThread              : Stopping 
04/13/2016 01:11:58 [17] DEBUG  BackgroundThread              : Leaving Stop
04/13/2016 01:11:58 [17] ERROR  Conversation                  : GameListConversation, ConversationID: 9.5: Conversation Failed
04/13/2016 01:11:58 [17] ERROR  Conversation                  : GameListConversation, ConversationID: 9.5: Conversation Ending
04/13/2016 01:11:58 [17] INFO   Conversation                  : Conversation Failed
04/13/2016 01:11:58 [17] INFO   BackgroundThread              : Stopping 
04/13/2016 01:11:58 [17] DEBUG  BackgroundThread              : Leaving Stop
04/13/2016 01:11:58 [10] DEBUG  PlayerProcess                 : In Process GetGameList function.
04/13/2016 01:11:58 [10] DEBUG  ConversationFactory           : Creating Conversation of type GameListConversation
04/13/2016 01:11:58 [10] DEBUG  Dispatcher                    : Adding Conversation Player.Conversation.GameListConversation, 9.6
04/13/2016 01:11:58 [10] DEBUG  Dispatcher                    :       New Queue ID: 9.6
04/13/2016 01:11:58 [10] INFO   BackgroundThread              : Starting 
04/13/2016 01:12:00 [16] DEBUG  GameListConversation          : Queuing game list request. 
04/13/2016 01:12:00 [16] DEBUG  InitiatedConversation         : GameListConversation, ConversationID: 9.6: Conversation Id  for Initiated conversation: 9.6
04/13/2016 01:12:00 [16] DEBUG  Conversation                  : GameListConversation, ConversationID: 9.6: Setting Message IDs
04/13/2016 01:12:00 [16] DEBUG  Conversation                  : GameListConversation, ConversationID: 9.6: Conversation is initiating send.
04/13/2016 01:12:00 [16] DEBUG  PostMan                       : Sending UDP (Messages.RequestMessages.GameListRequest, MessageID: 9.6, ConversationID: 9.6)
Endpoint: 127.0.0.1:12000
JSON: {"__type":"GameListRequest:#Messages.RequestMessages","ConvId":{"Pid":9,"Seq":6},"MsgId":{"Pid":9,"Seq":6},"StatusFilter":4}
04/13/2016 01:12:00 [16] DEBUG  PostMan                       : Message Delivered
04/13/2016 01:12:00 [11] DEBUG  PostMan                       : Received UDP (Messages.ReplyMessages.GameListReply, MessageID: 1.197, ConversationID: 9.6)
JSON: {"__type":"GameListReply:#Messages.ReplyMessages","ConvId":{"Pid":9,"Seq":6},"MsgId":{"Pid":1,"Seq":197},"Note":null,"Success":true,"GameInfo":[]}
04/13/2016 01:12:00 [16] DEBUG  Conversation                  : GameListConversation, ConversationID: 9.6: Send succeeded.
04/13/2016 01:12:00 [12] INFO   ispatcher+<>c__DisplayClass7_0: New Message Received: (Messages.ReplyMessages.GameListReply)
04/13/2016 01:12:00 [12] INFO   ispatcher+<>c__DisplayClass7_0: MessageId: 1.197ConversationId: 9.6
04/13/2016 01:12:00 [12] DEBUG  Dispatcher                    : Successsfully queued a new message of type GameListReply, for conversation: 9.6
04/13/2016 01:12:01 [16] DEBUG  Conversation                  : GameListConversation, ConversationID: 9.6: Message available!
04/13/2016 01:12:01 [16] DEBUG  Conversation                  : GameListConversation, ConversationID: 9.6: Message available!
04/13/2016 01:12:01 [16] DEBUG  Conversation                  : GameListConversation, ConversationID: 9.6: Received Message is valid
04/13/2016 01:12:01 [16] DEBUG  Conversation                  : Received a Message of type: GameListReply
04/13/2016 01:12:01 [16] ERROR  Conversation                  : GameListConversation, ConversationID: 9.6: No games are available. 
04/13/2016 01:12:01 [16] ERROR  Conversation                  : GameListConversation, ConversationID: 9.6: Conversation Failed
04/13/2016 01:12:01 [16] ERROR  Conversation                  : GameListConversation, ConversationID: 9.6: Conversation Ending
04/13/2016 01:12:01 [16] INFO   Conversation                  : Conversation Failed
04/13/2016 01:12:01 [16] INFO   BackgroundThread              : Stopping 
04/13/2016 01:12:01 [16] DEBUG  BackgroundThread              : Leaving Stop
04/13/2016 01:12:01 [16] ERROR  Conversation                  : GameListConversation, ConversationID: 9.6: Conversation Failed
04/13/2016 01:12:01 [16] ERROR  Conversation                  : GameListConversation, ConversationID: 9.6: Conversation Ending
04/13/2016 01:12:01 [16] INFO   Conversation                  : Conversation Failed
04/13/2016 01:12:01 [16] INFO   BackgroundThread              : Stopping 
04/13/2016 01:12:01 [16] DEBUG  BackgroundThread              : Leaving Stop
04/13/2016 01:12:01 [10] DEBUG  PlayerProcess                 : In Process GetGameList function.
04/13/2016 01:12:01 [10] DEBUG  ConversationFactory           : Creating Conversation of type GameListConversation
04/13/2016 01:12:01 [10] DEBUG  Dispatcher                    : Adding Conversation Player.Conversation.GameListConversation, 9.7
04/13/2016 01:12:01 [10] DEBUG  Dispatcher                    :       New Queue ID: 9.7
04/13/2016 01:12:01 [10] INFO   BackgroundThread              : Starting 
04/13/2016 01:12:03 [14] DEBUG  GameListConversation          : Queuing game list request. 
04/13/2016 01:12:03 [14] DEBUG  InitiatedConversation         : GameListConversation, ConversationID: 9.7: Conversation Id  for Initiated conversation: 9.7
04/13/2016 01:12:03 [14] DEBUG  Conversation                  : GameListConversation, ConversationID: 9.7: Setting Message IDs
04/13/2016 01:12:03 [14] DEBUG  Conversation                  : GameListConversation, ConversationID: 9.7: Conversation is initiating send.
04/13/2016 01:12:03 [14] DEBUG  PostMan                       : Sending UDP (Messages.RequestMessages.GameListRequest, MessageID: 9.7, ConversationID: 9.7)
Endpoint: 127.0.0.1:12000
JSON: {"__type":"GameListRequest:#Messages.RequestMessages","ConvId":{"Pid":9,"Seq":7},"MsgId":{"Pid":9,"Seq":7},"StatusFilter":4}
04/13/2016 01:12:03 [14] DEBUG  PostMan                       : Message Delivered
04/13/2016 01:12:03 [14] DEBUG  Conversation                  : GameListConversation, ConversationID: 9.7: Send succeeded.
04/13/2016 01:12:03 [11] DEBUG  PostMan                       : Received UDP (Messages.ReplyMessages.GameListReply, MessageID: 1.198, ConversationID: 9.7)
JSON: {"__type":"GameListReply:#Messages.ReplyMessages","ConvId":{"Pid":9,"Seq":7},"MsgId":{"Pid":1,"Seq":198},"Note":null,"Success":true,"GameInfo":[]}
04/13/2016 01:12:03 [12] INFO   ispatcher+<>c__DisplayClass7_0: New Message Received: (Messages.ReplyMessages.GameListReply)
04/13/2016 01:12:03 [12] INFO   ispatcher+<>c__DisplayClass7_0: MessageId: 1.198ConversationId: 9.7
04/13/2016 01:12:03 [12] DEBUG  Dispatcher                    : Successsfully queued a new message of type GameListReply, for conversation: 9.7
04/13/2016 01:12:03 [14] DEBUG  Conversation                  : GameListConversation, ConversationID: 9.7: Message available!
04/13/2016 01:12:03 [14] DEBUG  Conversation                  : GameListConversation, ConversationID: 9.7: Message available!
04/13/2016 01:12:03 [14] DEBUG  Conversation                  : GameListConversation, ConversationID: 9.7: Received Message is valid
04/13/2016 01:12:03 [14] DEBUG  Conversation                  : Received a Message of type: GameListReply
04/13/2016 01:12:03 [14] ERROR  Conversation                  : GameListConversation, ConversationID: 9.7: No games are available. 
04/13/2016 01:12:03 [14] ERROR  Conversation                  : GameListConversation, ConversationID: 9.7: Conversation Failed
04/13/2016 01:12:03 [14] ERROR  Conversation                  : GameListConversation, ConversationID: 9.7: Conversation Ending
04/13/2016 01:12:03 [14] INFO   Conversation                  : Conversation Failed
04/13/2016 01:12:03 [14] INFO   BackgroundThread              : Stopping 
04/13/2016 01:12:03 [14] DEBUG  BackgroundThread              : Leaving Stop
04/13/2016 01:12:03 [14] ERROR  Conversation                  : GameListConversation, ConversationID: 9.7: Conversation Failed
04/13/2016 01:12:03 [14] ERROR  Conversation                  : GameListConversation, ConversationID: 9.7: Conversation Ending
04/13/2016 01:12:03 [14] INFO   Conversation                  : Conversation Failed
04/13/2016 01:12:03 [14] INFO   BackgroundThread              : Stopping 
04/13/2016 01:12:03 [14] DEBUG  BackgroundThread              : Leaving Stop
04/13/2016 01:12:03 [10] DEBUG  PlayerProcess                 : In Process GetGameList function.
04/13/2016 01:12:04 [10] DEBUG  ConversationFactory           : Creating Conversation of type GameListConversation
04/13/2016 01:12:04 [10] DEBUG  Dispatcher                    : Adding Conversation Player.Conversation.GameListConversation, 9.8
04/13/2016 01:12:04 [10] DEBUG  Dispatcher                    :       New Queue ID: 9.8
04/13/2016 01:12:04 [10] INFO   BackgroundThread              : Starting 
