04/18/2016 11:07:11 [10] DEBUG  PlayerConnection              : Using Local Settings.
04/18/2016 11:07:11 [10] DEBUG  PlayerConnection              : Starting Application. 
04/18/2016 11:07:11 [10] DEBUG  PlayerConnection              : Initializing Subsystem
04/18/2016 11:07:11 [10] DEBUG  PlayerProcess                 : Initializeing Player Subsystem.
04/18/2016 11:07:11 [10] DEBUG  PlayerConnection              : Initializing Player
04/18/2016 11:07:11 [10] DEBUG  PlayerProcess                 : Initializing Player Details.
04/18/2016 11:07:11 [10] INFO   BackgroundThread              : Starting 
04/18/2016 11:07:11 [12] INFO   BackgroundThread              : Starting 
04/18/2016 11:07:11 [12] DEBUG  PlayerProcess                 : In Process Login function.
04/18/2016 11:07:11 [12] DEBUG  ConversationFactory           : Creating Conversation of type LoginConversation
04/18/2016 11:07:11 [12] DEBUG  Dispatcher                    : Adding Conversation Player.Conversation.LoginConversation, 0.1
04/18/2016 11:07:11 [12] DEBUG  Dispatcher                    :       New Queue ID: 0.1
04/18/2016 11:07:11 [12] INFO   BackgroundThread              : Starting 
04/18/2016 11:07:13 [14] DEBUG  LoginConversation             : Creating login request. 
04/18/2016 11:07:13 [14] DEBUG  InitiatedConversation         : LoginConversation, ConversationID: 0.1: Conversation Id  for Initiated conversation: 0.1
04/18/2016 11:07:13 [14] DEBUG  Conversation                  : LoginConversation, ConversationID: 0.1: Setting Message IDs
04/18/2016 11:07:13 [14] DEBUG  Conversation                  : LoginConversation, ConversationID: 0.1: Conversation is initiating send.
04/18/2016 11:07:13 [14] DEBUG  PostMan                       : Sending UDP (Messages.RequestMessages.LoginRequest, MessageID: 0.1, ConversationID: 0.1)
Endpoint: 127.0.0.1:12000
JSON: {"__type":"LoginRequest:#Messages.RequestMessages","ConvId":{"Pid":0,"Seq":1},"MsgId":{"Pid":0,"Seq":1},"Identity":{"ANumber":"A00000001","Alias":"The Instructor","FirstName":"The","LastName":"Instructor"},"ProcessLabel":"The Instructor","ProcessType":3,"PublicKey":null}
04/18/2016 11:07:13 [14] DEBUG  PostMan                       : Message Delivered
04/18/2016 11:07:13 [14] DEBUG  Conversation                  : LoginConversation, ConversationID: 0.1: Send succeeded.
04/18/2016 11:07:13 [13] DEBUG  PostMan                       : Received UDP (Messages.ReplyMessages.LoginReply, MessageID: 1.1, ConversationID: 0.1)
JSON: {"__type":"LoginReply:#Messages.ReplyMessages","ConvId":{"Pid":0,"Seq":1},"MsgId":{"Pid":1,"Seq":1},"Note":"Logged in","Success":true,"PennyBankEndPoint":{"Host":"127.0.0.1","Port":12002},"PennyBankPublicKey":null,"ProcessInfo":{"EndPoint":{"Host":"127.0.0.1","Port":10000},"Label":"The Instructor","ProcessId":2,"Status":3,"Type":3},"ProxyEndPoint":{"Host":"127.0.0.1","Port":12001}}
04/18/2016 11:07:14 [ 3] INFO   ispatcher+<>c__DisplayClass7_0: New Message Received: (Messages.ReplyMessages.LoginReply)
04/18/2016 11:07:14 [ 3] INFO   ispatcher+<>c__DisplayClass7_0: MessageId: 1.1ConversationId: 0.1
04/18/2016 11:07:14 [ 3] DEBUG  Dispatcher                    : Successsfully queued a new message of type LoginReply, for conversation: 0.1
04/18/2016 11:07:14 [14] DEBUG  Conversation                  : LoginConversation, ConversationID: 0.1: Message available!
04/18/2016 11:07:14 [14] DEBUG  Conversation                  : LoginConversation, ConversationID: 0.1: Message available!
04/18/2016 11:07:14 [14] DEBUG  Conversation                  : LoginConversation, ConversationID: 0.1: Received Message is valid
04/18/2016 11:07:14 [14] DEBUG  Conversation                  : Received a Message of type: LoginReply
04/18/2016 11:07:14 [14] DEBUG  LoginConversation             : Proxy endpoint is 127.0.0.1:12002
04/18/2016 11:07:14 [14] INFO   Conversation                  : Conversation Succeeded
04/18/2016 11:07:14 [14] INFO   Conversation                  : Conversation Succeeded
04/18/2016 11:07:14 [12] DEBUG  PlayerProcess                 : In Process GetGameList function.
04/18/2016 11:07:14 [12] DEBUG  ConversationFactory           : Creating Conversation of type GameListConversation
04/18/2016 11:07:14 [12] DEBUG  Dispatcher                    : Adding Conversation Player.Conversation.GameListConversation, 2.2
04/18/2016 11:07:14 [12] DEBUG  Dispatcher                    :       New Queue ID: 2.2
04/18/2016 11:07:14 [12] INFO   BackgroundThread              : Starting 
04/18/2016 11:07:16 [16] DEBUG  GameListConversation          : Queuing game list request. 
04/18/2016 11:07:16 [16] DEBUG  InitiatedConversation         : GameListConversation, ConversationID: 2.2: Conversation Id  for Initiated conversation: 2.2
04/18/2016 11:07:16 [16] DEBUG  Conversation                  : GameListConversation, ConversationID: 2.2: Setting Message IDs
04/18/2016 11:07:16 [16] DEBUG  Conversation                  : GameListConversation, ConversationID: 2.2: Conversation is initiating send.
04/18/2016 11:07:16 [16] DEBUG  PostMan                       : Sending UDP (Messages.RequestMessages.GameListRequest, MessageID: 2.2, ConversationID: 2.2)
Endpoint: 127.0.0.1:12000
JSON: {"__type":"GameListRequest:#Messages.RequestMessages","ConvId":{"Pid":2,"Seq":2},"MsgId":{"Pid":2,"Seq":2},"StatusFilter":4}
04/18/2016 11:07:16 [16] DEBUG  PostMan                       : Message Delivered
04/18/2016 11:07:16 [16] DEBUG  Conversation                  : GameListConversation, ConversationID: 2.2: Send succeeded.
04/18/2016 11:07:16 [13] DEBUG  PostMan                       : Received UDP (Messages.ReplyMessages.GameListReply, MessageID: 1.2, ConversationID: 2.2)
JSON: {"__type":"GameListReply:#Messages.ReplyMessages","ConvId":{"Pid":2,"Seq":2},"MsgId":{"Pid":1,"Seq":2},"Note":null,"Success":true,"GameInfo":[]}
04/18/2016 11:07:16 [14] INFO   ispatcher+<>c__DisplayClass7_0: New Message Received: (Messages.ReplyMessages.GameListReply)
04/18/2016 11:07:16 [14] INFO   ispatcher+<>c__DisplayClass7_0: MessageId: 1.2ConversationId: 2.2
04/18/2016 11:07:16 [14] DEBUG  Dispatcher                    : Successsfully queued a new message of type GameListReply, for conversation: 2.2
04/18/2016 11:07:16 [16] DEBUG  Conversation                  : GameListConversation, ConversationID: 2.2: Message available!
04/18/2016 11:07:16 [16] DEBUG  Conversation                  : GameListConversation, ConversationID: 2.2: Message available!
04/18/2016 11:07:16 [16] DEBUG  Conversation                  : GameListConversation, ConversationID: 2.2: Received Message is valid
04/18/2016 11:07:16 [16] DEBUG  Conversation                  : Received a Message of type: GameListReply
04/18/2016 11:07:16 [16] ERROR  Conversation                  : GameListConversation, ConversationID: 2.2: No games are available. 
04/18/2016 11:07:16 [16] ERROR  Conversation                  : GameListConversation, ConversationID: 2.2: Conversation Failed
04/18/2016 11:07:17 [13] DEBUG  PostMan                       : Received UDP (Messages.RequestMessages.AliveRequest, MessageID: 1.3, ConversationID: 1.3)
JSON: {"__type":"AliveRequest:#Messages.RequestMessages","ConvId":{"Pid":1,"Seq":3},"MsgId":{"Pid":1,"Seq":3}}
04/18/2016 11:07:17 [16] ERROR  Conversation                  : GameListConversation, ConversationID: 2.2: Conversation Ending
04/18/2016 11:07:17 [16] INFO   Conversation                  : Conversation Failed
04/18/2016 11:07:17 [ 3] INFO   ispatcher+<>c__DisplayClass7_0: New Message Received: (Messages.RequestMessages.AliveRequest)
04/18/2016 11:07:17 [ 3] INFO   ispatcher+<>c__DisplayClass7_0: MessageId: 1.3ConversationId: 1.3
04/18/2016 11:07:17 [ 3] DEBUG  Dispatcher                    : Conversation  with id= 1.3 does not exist, trying to create new conversation.
04/18/2016 11:07:17 [ 3] DEBUG  ConversationFactory           : Creating Conversation of type AliveConversation
04/18/2016 11:07:17 [ 3] DEBUG  Dispatcher                    : Adding Conversation Player.Conversation.AliveConversation, 1.3
04/18/2016 11:07:17 [16] INFO   BackgroundThread              : Stopping 
04/18/2016 11:07:17 [12] DEBUG  PlayerProcess                 : In Process GetGameList function.
04/18/2016 11:07:17 [ 3] DEBUG  Dispatcher                    :       New Queue ID: 1.3
04/18/2016 11:07:17 [ 3] DEBUG  Dispatcher                    : Successsfully queued a new message of type AliveRequest, for conversation: 1.3
04/18/2016 11:07:17 [ 3] INFO   BackgroundThread              : Starting 
04/18/2016 11:07:17 [16] DEBUG  BackgroundThread              : Leaving Stop
04/18/2016 11:07:17 [14] DEBUG  Conversation                  : AliveConversation, ConversationID: 1.3: Message available!
04/18/2016 11:07:17 [14] DEBUG  Conversation                  : AliveConversation, ConversationID: 1.3: Message available!
04/18/2016 11:07:17 [14] DEBUG  Conversation                  : AliveConversation, ConversationID: 1.3: Message available!
04/18/2016 11:07:17 [16] ERROR  Conversation                  : GameListConversation, ConversationID: 2.2: Conversation Failed
04/18/2016 11:07:17 [14] DEBUG  Conversation                  : AliveConversation, ConversationID: 1.3: Received Message is valid
04/18/2016 11:07:17 [12] DEBUG  ConversationFactory           : Creating Conversation of type GameListConversation
04/18/2016 11:07:17 [16] ERROR  Conversation                  : GameListConversation, ConversationID: 2.2: Conversation Ending
04/18/2016 11:07:17 [14] DEBUG  Conversation                  : Received a Message of type: AliveRequest
04/18/2016 11:07:17 [14] DEBUG  AliveConversation             : Messages.RequestMessages.AliveRequest
04/18/2016 11:07:17 [16] INFO   Conversation                  : Conversation Failed
04/18/2016 11:07:17 [14] DEBUG  AliveConversation             : Creating Alive Response
04/18/2016 11:07:17 [16] INFO   BackgroundThread              : Stopping 
04/18/2016 11:07:17 [16] DEBUG  BackgroundThread              : Leaving Stop
04/18/2016 11:07:17 [14] DEBUG  ResponseConversation          : AliveConversation, ConversationID: 1.3: Conversation Id  for Response conversation: 1.3
04/18/2016 11:07:17 [14] DEBUG  Conversation                  : AliveConversation, ConversationID: 1.3: Setting Message IDs
04/18/2016 11:07:17 [12] DEBUG  Dispatcher                    : Adding Conversation Player.Conversation.GameListConversation, 2.3
04/18/2016 11:07:17 [14] DEBUG  Conversation                  : AliveConversation, ConversationID: 1.3: Conversation is initiating send.
04/18/2016 11:07:17 [14] DEBUG  PostMan                       : Sending UDP (Messages.ReplyMessages.Reply, MessageID: 2.4, ConversationID: 1.3)
Endpoint: 127.0.0.1:12000
JSON: {"__type":"Reply:#Messages.ReplyMessages","ConvId":{"Pid":1,"Seq":3},"MsgId":{"Pid":2,"Seq":4},"Note":"I'm Alive","Success":true}
04/18/2016 11:07:17 [12] DEBUG  Dispatcher                    :       New Queue ID: 2.3
04/18/2016 11:07:17 [12] INFO   BackgroundThread              : Starting 
04/18/2016 11:07:17 [14] DEBUG  PostMan                       : Message Delivered
04/18/2016 11:07:17 [14] DEBUG  Conversation                  : AliveConversation, ConversationID: 1.3: Send succeeded.
04/18/2016 11:07:19 [20] DEBUG  GameListConversation          : Queuing game list request. 
04/18/2016 11:07:19 [20] DEBUG  InitiatedConversation         : GameListConversation, ConversationID: 2.3: Conversation Id  for Initiated conversation: 2.3
04/18/2016 11:07:20 [20] DEBUG  Conversation                  : GameListConversation, ConversationID: 2.3: Setting Message IDs
04/18/2016 11:07:20 [20] DEBUG  Conversation                  : GameListConversation, ConversationID: 2.3: Conversation is initiating send.
04/18/2016 11:07:20 [20] DEBUG  PostMan                       : Sending UDP (Messages.RequestMessages.GameListRequest, MessageID: 2.3, ConversationID: 2.3)
Endpoint: 127.0.0.1:12000
JSON: {"__type":"GameListRequest:#Messages.RequestMessages","ConvId":{"Pid":2,"Seq":3},"MsgId":{"Pid":2,"Seq":3},"StatusFilter":4}
04/18/2016 11:07:20 [20] DEBUG  PostMan                       : Message Delivered
04/18/2016 11:07:20 [13] DEBUG  PostMan                       : Received UDP (Messages.ReplyMessages.GameListReply, MessageID: 1.4, ConversationID: 2.3)
JSON: {"__type":"GameListReply:#Messages.ReplyMessages","ConvId":{"Pid":2,"Seq":3},"MsgId":{"Pid":1,"Seq":4},"Note":null,"Success":true,"GameInfo":[]}
04/18/2016 11:07:20 [20] DEBUG  Conversation                  : GameListConversation, ConversationID: 2.3: Send succeeded.
04/18/2016 11:07:20 [16] INFO   ispatcher+<>c__DisplayClass7_0: New Message Received: (Messages.ReplyMessages.GameListReply)
04/18/2016 11:07:20 [16] INFO   ispatcher+<>c__DisplayClass7_0: MessageId: 1.4ConversationId: 2.3
04/18/2016 11:07:20 [16] DEBUG  Dispatcher                    : Successsfully queued a new message of type GameListReply, for conversation: 2.3
04/18/2016 11:07:20 [20] DEBUG  Conversation                  : GameListConversation, ConversationID: 2.3: Message available!
04/18/2016 11:07:20 [20] DEBUG  Conversation                  : GameListConversation, ConversationID: 2.3: Message available!
04/18/2016 11:07:20 [20] DEBUG  Conversation                  : GameListConversation, ConversationID: 2.3: Received Message is valid
04/18/2016 11:07:20 [20] DEBUG  Conversation                  : Received a Message of type: GameListReply
04/18/2016 11:07:20 [20] ERROR  Conversation                  : GameListConversation, ConversationID: 2.3: No games are available. 
04/18/2016 11:07:20 [20] ERROR  Conversation                  : GameListConversation, ConversationID: 2.3: Conversation Failed
04/18/2016 11:07:20 [20] ERROR  Conversation                  : GameListConversation, ConversationID: 2.3: Conversation Ending
04/18/2016 11:07:20 [20] INFO   Conversation                  : Conversation Failed
04/18/2016 11:07:20 [20] INFO   BackgroundThread              : Stopping 
04/18/2016 11:07:20 [20] DEBUG  BackgroundThread              : Leaving Stop
04/18/2016 11:07:20 [20] ERROR  Conversation                  : GameListConversation, ConversationID: 2.3: Conversation Failed
04/18/2016 11:07:20 [20] ERROR  Conversation                  : GameListConversation, ConversationID: 2.3: Conversation Ending
04/18/2016 11:07:20 [20] INFO   Conversation                  : Conversation Failed
04/18/2016 11:07:20 [20] INFO   BackgroundThread              : Stopping 
04/18/2016 11:07:20 [20] DEBUG  BackgroundThread              : Leaving Stop
04/18/2016 11:07:20 [12] DEBUG  PlayerProcess                 : In Process GetGameList function.
04/18/2016 11:07:20 [12] DEBUG  ConversationFactory           : Creating Conversation of type GameListConversation
04/18/2016 11:07:20 [12] DEBUG  Dispatcher                    : Adding Conversation Player.Conversation.GameListConversation, 2.5
04/18/2016 11:07:20 [12] DEBUG  Dispatcher                    :       New Queue ID: 2.5
04/18/2016 11:07:20 [12] INFO   BackgroundThread              : Starting 
04/18/2016 11:07:22 [ 3] DEBUG  GameListConversation          : Queuing game list request. 
04/18/2016 11:07:22 [ 3] DEBUG  InitiatedConversation         : GameListConversation, ConversationID: 2.5: Conversation Id  for Initiated conversation: 2.5
04/18/2016 11:07:22 [ 3] DEBUG  Conversation                  : GameListConversation, ConversationID: 2.5: Setting Message IDs
04/18/2016 11:07:22 [ 3] DEBUG  Conversation                  : GameListConversation, ConversationID: 2.5: Conversation is initiating send.
04/18/2016 11:07:22 [ 3] DEBUG  PostMan                       : Sending UDP (Messages.RequestMessages.GameListRequest, MessageID: 2.5, ConversationID: 2.5)
Endpoint: 127.0.0.1:12000
JSON: {"__type":"GameListRequest:#Messages.RequestMessages","ConvId":{"Pid":2,"Seq":5},"MsgId":{"Pid":2,"Seq":5},"StatusFilter":4}
04/18/2016 11:07:22 [ 3] DEBUG  PostMan                       : Message Delivered
04/18/2016 11:07:22 [13] DEBUG  PostMan                       : Received UDP (Messages.ReplyMessages.GameListReply, MessageID: 1.5, ConversationID: 2.5)
JSON: {"__type":"GameListReply:#Messages.ReplyMessages","ConvId":{"Pid":2,"Seq":5},"MsgId":{"Pid":1,"Seq":5},"Note":null,"Success":true,"GameInfo":[]}
04/18/2016 11:07:22 [ 3] DEBUG  Conversation                  : GameListConversation, ConversationID: 2.5: Send succeeded.
04/18/2016 11:07:22 [15] INFO   ispatcher+<>c__DisplayClass7_0: New Message Received: (Messages.ReplyMessages.GameListReply)
04/18/2016 11:07:23 [15] INFO   ispatcher+<>c__DisplayClass7_0: MessageId: 1.5ConversationId: 2.5
04/18/2016 11:07:23 [15] DEBUG  Dispatcher                    : Successsfully queued a new message of type GameListReply, for conversation: 2.5
04/18/2016 11:07:23 [ 3] DEBUG  Conversation                  : GameListConversation, ConversationID: 2.5: Message available!
04/18/2016 11:07:23 [ 3] DEBUG  Conversation                  : GameListConversation, ConversationID: 2.5: Message available!
04/18/2016 11:07:23 [ 3] DEBUG  Conversation                  : GameListConversation, ConversationID: 2.5: Received Message is valid
04/18/2016 11:07:23 [ 3] DEBUG  Conversation                  : Received a Message of type: GameListReply
04/18/2016 11:07:23 [ 3] ERROR  Conversation                  : GameListConversation, ConversationID: 2.5: No games are available. 
04/18/2016 11:07:23 [ 3] ERROR  Conversation                  : GameListConversation, ConversationID: 2.5: Conversation Failed
04/18/2016 11:07:23 [ 3] ERROR  Conversation                  : GameListConversation, ConversationID: 2.5: Conversation Ending
04/18/2016 11:07:23 [ 3] INFO   Conversation                  : Conversation Failed
04/18/2016 11:07:23 [ 3] INFO   BackgroundThread              : Stopping 
04/18/2016 11:07:23 [ 3] DEBUG  BackgroundThread              : Leaving Stop
04/18/2016 11:07:23 [ 3] ERROR  Conversation                  : GameListConversation, ConversationID: 2.5: Conversation Failed
04/18/2016 11:07:23 [ 3] ERROR  Conversation                  : GameListConversation, ConversationID: 2.5: Conversation Ending
04/18/2016 11:07:23 [ 3] INFO   Conversation                  : Conversation Failed
04/18/2016 11:07:23 [ 3] INFO   BackgroundThread              : Stopping 
04/18/2016 11:07:23 [ 3] DEBUG  BackgroundThread              : Leaving Stop
04/18/2016 11:07:23 [12] DEBUG  PlayerProcess                 : In Process GetGameList function.
04/18/2016 11:07:23 [12] DEBUG  ConversationFactory           : Creating Conversation of type GameListConversation
04/18/2016 11:07:23 [12] DEBUG  Dispatcher                    : Adding Conversation Player.Conversation.GameListConversation, 2.6
04/18/2016 11:07:23 [12] DEBUG  Dispatcher                    :       New Queue ID: 2.6
04/18/2016 11:07:23 [12] INFO   BackgroundThread              : Starting 
04/18/2016 11:07:25 [16] DEBUG  GameListConversation          : Queuing game list request. 
04/18/2016 11:07:25 [16] DEBUG  InitiatedConversation         : GameListConversation, ConversationID: 2.6: Conversation Id  for Initiated conversation: 2.6
04/18/2016 11:07:25 [16] DEBUG  Conversation                  : GameListConversation, ConversationID: 2.6: Setting Message IDs
04/18/2016 11:07:25 [16] DEBUG  Conversation                  : GameListConversation, ConversationID: 2.6: Conversation is initiating send.
04/18/2016 11:07:25 [16] DEBUG  PostMan                       : Sending UDP (Messages.RequestMessages.GameListRequest, MessageID: 2.6, ConversationID: 2.6)
Endpoint: 127.0.0.1:12000
JSON: {"__type":"GameListRequest:#Messages.RequestMessages","ConvId":{"Pid":2,"Seq":6},"MsgId":{"Pid":2,"Seq":6},"StatusFilter":4}
04/18/2016 11:07:25 [16] DEBUG  PostMan                       : Message Delivered
04/18/2016 11:07:25 [13] DEBUG  PostMan                       : Received UDP (Messages.ReplyMessages.GameListReply, MessageID: 1.6, ConversationID: 2.6)
JSON: {"__type":"GameListReply:#Messages.ReplyMessages","ConvId":{"Pid":2,"Seq":6},"MsgId":{"Pid":1,"Seq":6},"Note":null,"Success":true,"GameInfo":[]}
04/18/2016 11:07:25 [16] DEBUG  Conversation                  : GameListConversation, ConversationID: 2.6: Send succeeded.
04/18/2016 11:07:25 [20] INFO   ispatcher+<>c__DisplayClass7_0: New Message Received: (Messages.ReplyMessages.GameListReply)
04/18/2016 11:07:25 [20] INFO   ispatcher+<>c__DisplayClass7_0: MessageId: 1.6ConversationId: 2.6
04/18/2016 11:07:25 [20] DEBUG  Dispatcher                    : Successsfully queued a new message of type GameListReply, for conversation: 2.6
04/18/2016 11:07:25 [16] DEBUG  Conversation                  : GameListConversation, ConversationID: 2.6: Message available!
04/18/2016 11:07:25 [16] DEBUG  Conversation                  : GameListConversation, ConversationID: 2.6: Message available!
04/18/2016 11:07:25 [16] DEBUG  Conversation                  : GameListConversation, ConversationID: 2.6: Received Message is valid
04/18/2016 11:07:25 [16] DEBUG  Conversation                  : Received a Message of type: GameListReply
04/18/2016 11:07:25 [16] ERROR  Conversation                  : GameListConversation, ConversationID: 2.6: No games are available. 
04/18/2016 11:07:26 [16] ERROR  Conversation                  : GameListConversation, ConversationID: 2.6: Conversation Failed
04/18/2016 11:07:26 [16] ERROR  Conversation                  : GameListConversation, ConversationID: 2.6: Conversation Ending
04/18/2016 11:07:26 [16] INFO   Conversation                  : Conversation Failed
04/18/2016 11:07:26 [16] INFO   BackgroundThread              : Stopping 
04/18/2016 11:07:26 [16] DEBUG  BackgroundThread              : Leaving Stop
04/18/2016 11:07:26 [16] ERROR  Conversation                  : GameListConversation, ConversationID: 2.6: Conversation Failed
04/18/2016 11:07:26 [16] ERROR  Conversation                  : GameListConversation, ConversationID: 2.6: Conversation Ending
04/18/2016 11:07:26 [16] INFO   Conversation                  : Conversation Failed
04/18/2016 11:07:26 [16] INFO   BackgroundThread              : Stopping 
04/18/2016 11:07:26 [16] DEBUG  BackgroundThread              : Leaving Stop
04/18/2016 11:07:26 [12] DEBUG  PlayerProcess                 : In Process GetGameList function.
04/18/2016 11:07:26 [12] DEBUG  ConversationFactory           : Creating Conversation of type GameListConversation
04/18/2016 11:07:26 [12] DEBUG  Dispatcher                    : Adding Conversation Player.Conversation.GameListConversation, 2.7
04/18/2016 11:07:26 [12] DEBUG  Dispatcher                    :       New Queue ID: 2.7
04/18/2016 11:07:26 [12] INFO   BackgroundThread              : Starting 
04/18/2016 11:07:27 [10] DEBUG  PlayerProcess+<Logout>d__19   : In Process Logout function.
04/18/2016 11:07:27 [ 3] DEBUG  ConversationFactory           : Creating Conversation of type LogoutConversation
04/18/2016 11:07:27 [ 3] DEBUG  Dispatcher                    : Adding Conversation Player.Conversation.LogoutConversation, 2.8
04/18/2016 11:07:27 [ 3] DEBUG  Dispatcher                    :       New Queue ID: 2.8
04/18/2016 11:07:27 [ 3] INFO   BackgroundThread              : Starting 
04/18/2016 11:07:28 [13] DEBUG  PostMan                       : Received UDP (Messages.RequestMessages.AliveRequest, MessageID: 1.7, ConversationID: 1.7)
JSON: {"__type":"AliveRequest:#Messages.RequestMessages","ConvId":{"Pid":1,"Seq":7},"MsgId":{"Pid":1,"Seq":7}}
04/18/2016 11:07:28 [16] INFO   ispatcher+<>c__DisplayClass7_0: New Message Received: (Messages.RequestMessages.AliveRequest)
04/18/2016 11:07:28 [16] INFO   ispatcher+<>c__DisplayClass7_0: MessageId: 1.7ConversationId: 1.7
04/18/2016 11:07:28 [16] DEBUG  Dispatcher                    : Conversation  with id= 1.7 does not exist, trying to create new conversation.
04/18/2016 11:07:28 [16] DEBUG  ConversationFactory           : Creating Conversation of type AliveConversation
04/18/2016 11:07:28 [16] DEBUG  Dispatcher                    : Adding Conversation Player.Conversation.AliveConversation, 1.7
04/18/2016 11:07:28 [16] DEBUG  Dispatcher                    :       New Queue ID: 1.7
04/18/2016 11:07:28 [16] DEBUG  Dispatcher                    : Successsfully queued a new message of type AliveRequest, for conversation: 1.7
04/18/2016 11:07:28 [16] INFO   BackgroundThread              : Starting 
04/18/2016 11:07:28 [20] DEBUG  Conversation                  : AliveConversation, ConversationID: 1.7: Message available!
04/18/2016 11:07:28 [20] DEBUG  Conversation                  : AliveConversation, ConversationID: 1.7: Message available!
04/18/2016 11:07:28 [20] DEBUG  Conversation                  : AliveConversation, ConversationID: 1.7: Message available!
04/18/2016 11:07:28 [20] DEBUG  Conversation                  : AliveConversation, ConversationID: 1.7: Received Message is valid
04/18/2016 11:07:28 [20] DEBUG  Conversation                  : Received a Message of type: AliveRequest
04/18/2016 11:07:28 [20] DEBUG  AliveConversation             : Messages.RequestMessages.AliveRequest
04/18/2016 11:07:28 [20] DEBUG  AliveConversation             : Creating Alive Response
04/18/2016 11:07:28 [20] DEBUG  ResponseConversation          : AliveConversation, ConversationID: 1.7: Conversation Id  for Response conversation: 1.7
04/18/2016 11:07:28 [20] DEBUG  Conversation                  : AliveConversation, ConversationID: 1.7: Setting Message IDs
04/18/2016 11:07:28 [20] DEBUG  Conversation                  : AliveConversation, ConversationID: 1.7: Conversation is initiating send.
04/18/2016 11:07:28 [20] DEBUG  PostMan                       : Sending UDP (Messages.ReplyMessages.Reply, MessageID: 2.9, ConversationID: 1.7)
Endpoint: 127.0.0.1:12000
JSON: {"__type":"Reply:#Messages.ReplyMessages","ConvId":{"Pid":1,"Seq":7},"MsgId":{"Pid":2,"Seq":9},"Note":"I'm Alive","Success":true}
04/18/2016 11:07:28 [20] DEBUG  PostMan                       : Message Delivered
04/18/2016 11:07:28 [20] DEBUG  Conversation                  : AliveConversation, ConversationID: 1.7: Send succeeded.
04/18/2016 11:07:28 [19] DEBUG  GameListConversation          : Queuing game list request. 
04/18/2016 11:07:28 [19] DEBUG  InitiatedConversation         : GameListConversation, ConversationID: 2.7: Conversation Id  for Initiated conversation: 2.7
04/18/2016 11:07:28 [19] DEBUG  Conversation                  : GameListConversation, ConversationID: 2.7: Setting Message IDs
04/18/2016 11:07:28 [19] DEBUG  Conversation                  : GameListConversation, ConversationID: 2.7: Conversation is initiating send.
04/18/2016 11:07:28 [19] DEBUG  PostMan                       : Sending UDP (Messages.RequestMessages.GameListRequest, MessageID: 2.7, ConversationID: 2.7)
Endpoint: 127.0.0.1:12000
JSON: {"__type":"GameListRequest:#Messages.RequestMessages","ConvId":{"Pid":2,"Seq":7},"MsgId":{"Pid":2,"Seq":7},"StatusFilter":4}
04/18/2016 11:07:28 [19] DEBUG  PostMan                       : Message Delivered
04/18/2016 11:07:28 [13] DEBUG  PostMan                       : Received UDP (Messages.ReplyMessages.GameListReply, MessageID: 1.8, ConversationID: 2.7)
JSON: {"__type":"GameListReply:#Messages.ReplyMessages","ConvId":{"Pid":2,"Seq":7},"MsgId":{"Pid":1,"Seq":8},"Note":null,"Success":true,"GameInfo":[]}
04/18/2016 11:07:28 [19] DEBUG  Conversation                  : GameListConversation, ConversationID: 2.7: Send succeeded.
04/18/2016 11:07:28 [16] INFO   ispatcher+<>c__DisplayClass7_0: New Message Received: (Messages.ReplyMessages.GameListReply)
04/18/2016 11:07:28 [16] INFO   ispatcher+<>c__DisplayClass7_0: MessageId: 1.8ConversationId: 2.7
04/18/2016 11:07:28 [16] DEBUG  Dispatcher                    : Successsfully queued a new message of type GameListReply, for conversation: 2.7
04/18/2016 11:07:28 [19] DEBUG  Conversation                  : GameListConversation, ConversationID: 2.7: Message available!
04/18/2016 11:07:28 [19] DEBUG  Conversation                  : GameListConversation, ConversationID: 2.7: Message available!
04/18/2016 11:07:28 [19] DEBUG  Conversation                  : GameListConversation, ConversationID: 2.7: Received Message is valid
04/18/2016 11:07:28 [19] DEBUG  Conversation                  : Received a Message of type: GameListReply
04/18/2016 11:07:28 [19] ERROR  Conversation                  : GameListConversation, ConversationID: 2.7: No games are available. 
04/18/2016 11:07:28 [19] ERROR  Conversation                  : GameListConversation, ConversationID: 2.7: Conversation Failed
04/18/2016 11:07:28 [19] ERROR  Conversation                  : GameListConversation, ConversationID: 2.7: Conversation Ending
04/18/2016 11:07:28 [19] INFO   Conversation                  : Conversation Failed
04/18/2016 11:07:28 [19] INFO   BackgroundThread              : Stopping 
04/18/2016 11:07:28 [12] DEBUG  PlayerProcess                 : In Process GetGameList function.
04/18/2016 11:07:28 [19] DEBUG  BackgroundThread              : Leaving Stop
04/18/2016 11:07:28 [19] ERROR  Conversation                  : GameListConversation, ConversationID: 2.7: Conversation Failed
04/18/2016 11:07:28 [19] ERROR  Conversation                  : GameListConversation, ConversationID: 2.7: Conversation Ending
04/18/2016 11:07:28 [19] INFO   Conversation                  : Conversation Failed
04/18/2016 11:07:28 [19] INFO   BackgroundThread              : Stopping 
04/18/2016 11:07:28 [19] DEBUG  BackgroundThread              : Leaving Stop
04/18/2016 11:07:28 [12] DEBUG  ConversationFactory           : Creating Conversation of type GameListConversation
04/18/2016 11:07:28 [12] DEBUG  Dispatcher                    : Adding Conversation Player.Conversation.GameListConversation, 2.10
04/18/2016 11:07:28 [12] DEBUG  Dispatcher                    :       New Queue ID: 2.10
04/18/2016 11:07:29 [12] INFO   BackgroundThread              : Starting 
04/18/2016 11:07:29 [15] DEBUG  LogoutConversation            : Queuing logout request. 
04/18/2016 11:07:29 [15] DEBUG  InitiatedConversation         : LogoutConversation, ConversationID: 2.8: Conversation Id  for Initiated conversation: 2.8
04/18/2016 11:07:29 [15] DEBUG  Conversation                  : LogoutConversation, ConversationID: 2.8: Setting Message IDs
04/18/2016 11:07:29 [15] DEBUG  Conversation                  : LogoutConversation, ConversationID: 2.8: Conversation is initiating send.
04/18/2016 11:07:29 [15] DEBUG  PostMan                       : Sending UDP (Messages.RequestMessages.LogoutRequest, MessageID: 2.8, ConversationID: 2.8)
Endpoint: 127.0.0.1:12000
JSON: {"__type":"LogoutRequest:#Messages.RequestMessages","ConvId":{"Pid":2,"Seq":8},"MsgId":{"Pid":2,"Seq":8}}
04/18/2016 11:07:29 [15] DEBUG  PostMan                       : Message Delivered
04/18/2016 11:07:29 [15] DEBUG  Conversation                  : LogoutConversation, ConversationID: 2.8: Send succeeded.
04/18/2016 11:07:30 [13] DEBUG  PostMan                       : Received UDP (Messages.ReplyMessages.Reply, MessageID: 1.9, ConversationID: 2.8)
JSON: {"__type":"Reply:#Messages.ReplyMessages","ConvId":{"Pid":2,"Seq":8},"MsgId":{"Pid":1,"Seq":9},"Note":"Logged out","Success":true}
04/18/2016 11:07:30 [16] INFO   ispatcher+<>c__DisplayClass7_0: New Message Received: (Messages.ReplyMessages.Reply)
04/18/2016 11:07:30 [16] INFO   ispatcher+<>c__DisplayClass7_0: MessageId: 1.9ConversationId: 2.8
04/18/2016 11:07:30 [16] DEBUG  Dispatcher                    : Successsfully queued a new message of type Reply, for conversation: 2.8
04/18/2016 11:07:30 [15] DEBUG  Conversation                  : LogoutConversation, ConversationID: 2.8: Message available!
04/18/2016 11:07:30 [15] DEBUG  Conversation                  : LogoutConversation, ConversationID: 2.8: Message available!
04/18/2016 11:07:30 [15] DEBUG  Conversation                  : LogoutConversation, ConversationID: 2.8: Received Message is valid
04/18/2016 11:07:30 [15] DEBUG  Conversation                  : Received a Message of type: Reply
04/18/2016 11:07:30 [15] INFO   Conversation                  : Conversation Succeeded
04/18/2016 11:07:30 [15] INFO   Conversation                  : Conversation Succeeded
04/18/2016 11:07:30 [10] INFO   BackgroundThread              : Stopping 
04/18/2016 11:07:30 [10] DEBUG  BackgroundThread              : Leaving Stop
04/18/2016 11:07:30 [10] DEBUG  PlayerConnection              : Stopping Player Process.
04/18/2016 11:07:30 [10] INFO   BackgroundThread              : Stopping 
04/18/2016 11:07:30 [10] DEBUG  BackgroundThread              : Leaving Stop
04/18/2016 11:07:31 [19] DEBUG  GameListConversation          : Queuing game list request. 
04/18/2016 11:07:31 [19] DEBUG  InitiatedConversation         : GameListConversation, ConversationID: 2.10: Conversation Id  for Initiated conversation: 2.10
04/18/2016 11:07:31 [19] DEBUG  Conversation                  : GameListConversation, ConversationID: 2.10: Setting Message IDs
04/18/2016 11:07:31 [19] DEBUG  Conversation                  : GameListConversation, ConversationID: 2.10: Conversation is initiating send.
04/18/2016 11:07:31 [19] DEBUG  PostMan                       : Sending UDP (Messages.RequestMessages.GameListRequest, MessageID: 2.10, ConversationID: 2.10)
Endpoint: 127.0.0.1:12000
JSON: {"__type":"GameListRequest:#Messages.RequestMessages","ConvId":{"Pid":2,"Seq":10},"MsgId":{"Pid":2,"Seq":10},"StatusFilter":4}
04/18/2016 11:07:31 [19] DEBUG  PostMan                       : Message Delivered
04/18/2016 11:07:31 [19] DEBUG  Conversation                  : GameListConversation, ConversationID: 2.10: Send succeeded.
04/18/2016 11:07:37 [19] DEBUG  GameListConversation          : Queuing game list request. 
04/18/2016 11:07:37 [19] DEBUG  InitiatedConversation         : GameListConversation, ConversationID: 2.10: Conversation Id  for Initiated conversation: 2.10
04/18/2016 11:07:37 [19] DEBUG  Conversation                  : GameListConversation, ConversationID: 2.10: Setting Message IDs
04/18/2016 11:07:37 [19] DEBUG  Conversation                  : GameListConversation, ConversationID: 2.10: Conversation is initiating send.
04/18/2016 11:07:37 [19] DEBUG  PostMan                       : Sending UDP (Messages.RequestMessages.GameListRequest, MessageID: 2.10, ConversationID: 2.10)
Endpoint: 127.0.0.1:12000
JSON: {"__type":"GameListRequest:#Messages.RequestMessages","ConvId":{"Pid":2,"Seq":10},"MsgId":{"Pid":2,"Seq":10},"StatusFilter":4}
04/18/2016 11:07:37 [19] DEBUG  PostMan                       : Message Delivered
04/18/2016 11:07:37 [19] DEBUG  Conversation                  : GameListConversation, ConversationID: 2.10: Send succeeded.
04/18/2016 11:07:43 [19] DEBUG  GameListConversation          : Queuing game list request. 
04/18/2016 11:07:43 [19] DEBUG  InitiatedConversation         : GameListConversation, ConversationID: 2.10: Conversation Id  for Initiated conversation: 2.10
04/18/2016 11:07:43 [19] DEBUG  Conversation                  : GameListConversation, ConversationID: 2.10: Setting Message IDs
04/18/2016 11:07:43 [19] DEBUG  Conversation                  : GameListConversation, ConversationID: 2.10: Conversation is initiating send.
04/18/2016 11:07:43 [19] DEBUG  PostMan                       : Sending UDP (Messages.RequestMessages.GameListRequest, MessageID: 2.10, ConversationID: 2.10)
Endpoint: 127.0.0.1:12000
JSON: {"__type":"GameListRequest:#Messages.RequestMessages","ConvId":{"Pid":2,"Seq":10},"MsgId":{"Pid":2,"Seq":10},"StatusFilter":4}
04/18/2016 11:07:43 [19] DEBUG  PostMan                       : Message Delivered
04/18/2016 11:07:43 [19] DEBUG  Conversation                  : GameListConversation, ConversationID: 2.10: Send succeeded.
04/18/2016 11:07:48 [19] ERROR  Conversation                  : GameListConversation, ConversationID: 2.10: Conversation Failed
04/18/2016 11:07:48 [19] ERROR  Conversation                  : GameListConversation, ConversationID: 2.10: Conversation Ending
04/18/2016 11:07:48 [19] INFO   Conversation                  : Conversation Failed
04/18/2016 11:07:48 [19] INFO   BackgroundThread              : Stopping 
04/18/2016 11:07:48 [19] DEBUG  BackgroundThread              : Leaving Stop
