04/13/2016 02:21:34 [ 7] DEBUG  PlayerConnection              : Using Local Settings.
04/13/2016 02:21:34 [ 7] DEBUG  PlayerConnection              : Starting Application. 
04/13/2016 02:21:34 [ 7] DEBUG  PlayerConnection              : Initializing Subsystem
04/13/2016 02:21:34 [ 7] DEBUG  PlayerProcess                 : Initializeing Player Subsystem.
04/13/2016 02:21:34 [ 7] DEBUG  PlayerConnection              : Initializing Player
04/13/2016 02:21:34 [ 7] DEBUG  PlayerProcess                 : Initializing Player Details.
04/13/2016 02:21:34 [ 7] INFO   BackgroundThread              : Starting 
04/13/2016 02:21:34 [10] INFO   BackgroundThread              : Starting 
04/13/2016 02:21:34 [10] DEBUG  PlayerProcess                 : In Process Login function.
04/13/2016 02:21:34 [10] DEBUG  ConversationFactory           : Creating Conversation of type LoginConversation
04/13/2016 02:21:34 [10] DEBUG  Dispatcher                    : Adding Conversation Player.Conversation.LoginConversation, 0.1
04/13/2016 02:21:34 [10] DEBUG  Dispatcher                    :       New Queue ID: 0.1
04/13/2016 02:21:34 [10] INFO   BackgroundThread              : Starting 
04/13/2016 02:21:36 [12] DEBUG  LoginConversation             : Creating login request. 
04/13/2016 02:21:36 [12] DEBUG  InitiatedConversation         : LoginConversation, ConversationID: 0.1: Conversation Id  for Initiated conversation: 0.1
04/13/2016 02:21:36 [12] DEBUG  Conversation                  : LoginConversation, ConversationID: 0.1: Setting Message IDs
04/13/2016 02:21:36 [12] DEBUG  Conversation                  : LoginConversation, ConversationID: 0.1: Conversation is initiating send.
04/13/2016 02:21:36 [12] DEBUG  PostMan                       : Sending UDP (Messages.RequestMessages.LoginRequest, MessageID: 0.1, ConversationID: 0.1)
Endpoint: 127.0.0.1:12000
JSON: {"__type":"LoginRequest:#Messages.RequestMessages","ConvId":{"Pid":0,"Seq":1},"MsgId":{"Pid":0,"Seq":1},"Identity":{"ANumber":"A00000001","Alias":"The Instructor","FirstName":"The","LastName":"Instructor"},"ProcessLabel":"The Instructor","ProcessType":3,"PublicKey":null}
04/13/2016 02:21:36 [12] DEBUG  PostMan                       : Message Delivered
04/13/2016 02:21:36 [11] DEBUG  PostMan                       : Received UDP (Messages.ReplyMessages.LoginReply, MessageID: 1.1994, ConversationID: 0.1)
JSON: {"__type":"LoginReply:#Messages.ReplyMessages","ConvId":{"Pid":0,"Seq":1},"MsgId":{"Pid":1,"Seq":1994},"Note":"Logged in","Success":true,"PennyBankEndPoint":{"Host":"127.0.0.1","Port":12003},"PennyBankPublicKey":null,"ProcessInfo":{"EndPoint":{"Host":"127.0.0.1","Port":10000},"Label":"The Instructor","ProcessId":21,"Status":3,"Type":3},"ProxyEndPoint":{"Host":"127.0.0.1","Port":12002}}
04/13/2016 02:21:36 [12] DEBUG  Conversation                  : LoginConversation, ConversationID: 0.1: Send succeeded.
04/13/2016 02:21:37 [13] INFO   ispatcher+<>c__DisplayClass7_0: New Message Received: (Messages.ReplyMessages.LoginReply)
04/13/2016 02:21:37 [13] INFO   ispatcher+<>c__DisplayClass7_0: MessageId: 1.1994ConversationId: 0.1
04/13/2016 02:21:37 [13] DEBUG  Dispatcher                    : Successsfully queued a new message of type LoginReply, for conversation: 0.1
04/13/2016 02:21:37 [12] DEBUG  Conversation                  : LoginConversation, ConversationID: 0.1: Message available!
04/13/2016 02:21:37 [12] DEBUG  Conversation                  : LoginConversation, ConversationID: 0.1: Message available!
04/13/2016 02:21:37 [12] DEBUG  Conversation                  : LoginConversation, ConversationID: 0.1: Received Message is valid
04/13/2016 02:21:37 [12] DEBUG  Conversation                  : Received a Message of type: LoginReply
04/13/2016 02:21:37 [12] DEBUG  LoginConversation             : Proxy endpoint is 127.0.0.1:12003
04/13/2016 02:21:37 [12] INFO   Conversation                  : Conversation Succeeded
04/13/2016 02:21:37 [12] INFO   Conversation                  : Conversation Succeeded
04/13/2016 02:21:37 [10] DEBUG  PlayerProcess                 : In Process GetGameList function.
04/13/2016 02:21:37 [10] DEBUG  ConversationFactory           : Creating Conversation of type GameListConversation
04/13/2016 02:21:37 [10] DEBUG  Dispatcher                    : Adding Conversation Player.Conversation.GameListConversation, 21.2
04/13/2016 02:21:37 [10] DEBUG  Dispatcher                    :       New Queue ID: 21.2
04/13/2016 02:21:37 [10] INFO   BackgroundThread              : Starting 
04/13/2016 02:21:39 [13] DEBUG  GameListConversation          : Queuing game list request. 
04/13/2016 02:21:39 [13] DEBUG  InitiatedConversation         : GameListConversation, ConversationID: 21.2: Conversation Id  for Initiated conversation: 21.2
04/13/2016 02:21:39 [13] DEBUG  Conversation                  : GameListConversation, ConversationID: 21.2: Setting Message IDs
04/13/2016 02:21:39 [13] DEBUG  Conversation                  : GameListConversation, ConversationID: 21.2: Conversation is initiating send.
04/13/2016 02:21:39 [13] DEBUG  PostMan                       : Sending UDP (Messages.RequestMessages.GameListRequest, MessageID: 21.2, ConversationID: 21.2)
Endpoint: 127.0.0.1:12000
JSON: {"__type":"GameListRequest:#Messages.RequestMessages","ConvId":{"Pid":21,"Seq":2},"MsgId":{"Pid":21,"Seq":2},"StatusFilter":4}
04/13/2016 02:21:39 [13] DEBUG  PostMan                       : Message Delivered
04/13/2016 02:21:39 [13] DEBUG  Conversation                  : GameListConversation, ConversationID: 21.2: Send succeeded.
04/13/2016 02:21:39 [11] DEBUG  PostMan                       : Received UDP (Messages.ReplyMessages.GameListReply, MessageID: 1.1995, ConversationID: 21.2)
JSON: {"__type":"GameListReply:#Messages.ReplyMessages","ConvId":{"Pid":21,"Seq":2},"MsgId":{"Pid":1,"Seq":1995},"Note":null,"Success":true,"GameInfo":[{"CurrentProcesses":[{"HasUmbrellaRaised":false,"HitPoints":0,"LifePoints":100,"ProcessId":18,"Type":4},{"HasUmbrellaRaised":false,"HitPoints":0,"LifePoints":100,"ProcessId":19,"Type":5},{"HasUmbrellaRaised":false,"HitPoints":0,"LifePoints":100,"ProcessId":20,"Type":3}],"GameId":17,"GameManagerId":13,"Label":"GM49276's 2nd Game","MaxPlayers":3,"MinPlayers":3,"StartingPlayers":[],"Status":4,"Winners":null}]}
04/13/2016 02:21:39 [12] INFO   ispatcher+<>c__DisplayClass7_0: New Message Received: (Messages.ReplyMessages.GameListReply)
04/13/2016 02:21:39 [12] INFO   ispatcher+<>c__DisplayClass7_0: MessageId: 1.1995ConversationId: 21.2
04/13/2016 02:21:39 [12] DEBUG  Dispatcher                    : Successsfully queued a new message of type GameListReply, for conversation: 21.2
04/13/2016 02:21:39 [13] DEBUG  Conversation                  : GameListConversation, ConversationID: 21.2: Message available!
04/13/2016 02:21:39 [13] DEBUG  Conversation                  : GameListConversation, ConversationID: 21.2: Message available!
04/13/2016 02:21:39 [13] DEBUG  Conversation                  : GameListConversation, ConversationID: 21.2: Received Message is valid
04/13/2016 02:21:40 [13] DEBUG  Conversation                  : Received a Message of type: GameListReply
04/13/2016 02:21:40 [13] INFO   Conversation                  : Conversation Succeeded
04/13/2016 02:21:40 [13] INFO   Conversation                  : Conversation Succeeded
04/13/2016 02:21:40 [10] DEBUG  PlayerProcess                 : In Process JoinGame function.
04/13/2016 02:21:40 [10] DEBUG  ConversationFactory           : Creating Conversation of type JoinGameConversation
04/13/2016 02:21:40 [10] DEBUG  Dispatcher                    : Adding Conversation Player.Conversation.JoinGameConversation, 21.3
04/13/2016 02:21:40 [10] DEBUG  Dispatcher                    :       New Queue ID: 21.3
04/13/2016 02:21:40 [10] INFO   BackgroundThread              : Starting 
04/13/2016 02:21:42 [16] DEBUG  JoinGameConversation          : Queuing join game request. 
04/13/2016 02:21:42 [16] DEBUG  JoinGameConversation          : Requesting GameId: 17
04/13/2016 02:21:42 [16] DEBUG  Conversation                  : JoinGameConversation, ConversationID: 21.3: Message is routing message
04/13/2016 02:21:42 [16] DEBUG  InitiatedConversation         : JoinGameConversation, ConversationID: 21.3: Conversation Id  for Initiated conversation: 21.3
04/13/2016 02:21:42 [16] DEBUG  Conversation                  : JoinGameConversation, ConversationID: 21.3: Setting Message IDs
04/13/2016 02:21:42 [16] DEBUG  Conversation                  : JoinGameConversation, ConversationID: 21.3: Conversation is initiating send.
04/13/2016 02:21:42 [16] DEBUG  PostMan                       : Sending UDP (Messages.Routing, MessageID: 21.3, ConversationID: 21.3)
Endpoint: 127.0.0.1:12002
JSON: {"__type":"Routing:#Messages","ConvId":{"Pid":21,"Seq":3},"MsgId":{"Pid":21,"Seq":3},"InnerMessage":{"__type":"JoinGameRequest:#Messages.RequestMessages","ConvId":{"Pid":21,"Seq":3},"MsgId":{"Pid":21,"Seq":3},"GameId":17,"Process":{"EndPoint":{"Host":"127.0.0.1","Port":10000},"Label":"The Instructor","ProcessId":21,"Status":4,"Type":3}},"ToProcessIds":[13]}
04/13/2016 02:21:42 [16] DEBUG  PostMan                       : Message Delivered
04/13/2016 02:21:42 [11] DEBUG  PostMan                       : Received UDP (Messages.Routing, MessageID: 13.1123, ConversationID: 21.3)
JSON: {"__type":"Routing:#Messages","ConvId":{"Pid":21,"Seq":3},"MsgId":{"Pid":13,"Seq":1123},"InnerMessage":{"__type":"JoinGameReply:#Messages.ReplyMessages","ConvId":{"Pid":21,"Seq":3},"MsgId":{"Pid":13,"Seq":1123},"Note":null,"Success":true,"GameId":17,"InitialLifePoints":100},"ToProcessIds":[21]}
04/13/2016 02:21:42 [16] DEBUG  Conversation                  : JoinGameConversation, ConversationID: 21.3: Send succeeded.
04/13/2016 02:21:42 [14] INFO   ispatcher+<>c__DisplayClass7_0: New Message Received: (Messages.Routing)
04/13/2016 02:21:42 [14] INFO   ispatcher+<>c__DisplayClass7_0: MessageId: 13.1123ConversationId: 21.3
04/13/2016 02:21:42 [14] DEBUG  Dispatcher                    : Successsfully queued a new message of type Routing, for conversation: 21.3
04/13/2016 02:21:42 [11] DEBUG  PostMan                       : Received UDP (Messages.Routing, MessageID: 13.1126, ConversationID: 13.1126)
JSON: {"__type":"Routing:#Messages","ConvId":{"Pid":13,"Seq":1126},"MsgId":{"Pid":13,"Seq":1126},"InnerMessage":{"__type":"GameStatusNotification:#Messages.RequestMessages","ConvId":{"Pid":13,"Seq":1126},"MsgId":{"Pid":13,"Seq":1126},"Game":{"CurrentProcesses":[{"HasUmbrellaRaised":false,"HitPoints":0,"LifePoints":100,"ProcessId":18,"Type":4},{"HasUmbrellaRaised":false,"HitPoints":0,"LifePoints":100,"ProcessId":19,"Type":5},{"HasUmbrellaRaised":false,"HitPoints":0,"LifePoints":100,"ProcessId":20,"Type":3},{"HasUmbrellaRaised":false,"HitPoints":0,"LifePoints":100,"ProcessId":21,"Type":3}],"GameId":17,"GameManagerId":13,"Label":"GM49276's 2nd Game","MaxPlayers":3,"MinPlayers":3,"StartingPlayers":[],"Status":4,"Winners":null}},"ToProcessIds":[18,19,20,21]}
04/13/2016 02:21:42 [16] DEBUG  Conversation                  : JoinGameConversation, ConversationID: 21.3: Message available!
04/13/2016 02:21:42 [15] INFO   ispatcher+<>c__DisplayClass7_0: New Message Received: (Messages.Routing)
04/13/2016 02:21:42 [11] DEBUG  PostMan                       : Received UDP (Messages.RequestMessages.AllowanceDeliveryRequest, MessageID: 1.1998, ConversationID: 1.1998)
JSON: {"__type":"AllowanceDeliveryRequest:#Messages.RequestMessages","ConvId":{"Pid":1,"Seq":1998},"MsgId":{"Pid":1,"Seq":1998},"NumberOfPennies":400,"PortNumber":12998}
04/13/2016 02:21:42 [16] DEBUG  Conversation                  : JoinGameConversation, ConversationID: 21.3: Message available!
04/13/2016 02:21:42 [16] DEBUG  Conversation                  : JoinGameConversation, ConversationID: 21.3: Received Message is valid
04/13/2016 02:21:42 [13] INFO   ispatcher+<>c__DisplayClass7_0: New Message Received: (Messages.RequestMessages.AllowanceDeliveryRequest)
04/13/2016 02:21:42 [13] INFO   ispatcher+<>c__DisplayClass7_0: MessageId: 1.1998ConversationId: 1.1998
04/13/2016 02:21:42 [16] DEBUG  Conversation                  : Received a Message of type: Routing
04/13/2016 02:21:42 [15] INFO   ispatcher+<>c__DisplayClass7_0: MessageId: 13.1126ConversationId: 13.1126
04/13/2016 02:21:42 [13] DEBUG  Dispatcher                    : Conversation  with id= 1.1998 does not exist, trying to create new conversation.
04/13/2016 02:21:43 [16] INFO   Conversation                  : Conversation Succeeded
04/13/2016 02:21:43 [16] INFO   Conversation                  : Conversation Succeeded
04/13/2016 02:21:43 [15] DEBUG  Dispatcher                    : Conversation  with id= 13.1126 does not exist, trying to create new conversation.
04/13/2016 02:21:43 [15] DEBUG  ConversationFactory           : Creating Conversation of type GameStatusConversation
04/13/2016 02:21:43 [13] DEBUG  ConversationFactory           : Creating Conversation of type AllowanceDeliveryConversation
04/13/2016 02:21:43 [13] DEBUG  Dispatcher                    : Adding Conversation Player.Conversation.AllowanceDeliveryConversation, 1.1998
04/13/2016 02:21:43 [15] DEBUG  Dispatcher                    : Adding Conversation Player.Conversation.GameStatusConversation, 13.1126
04/13/2016 02:21:43 [13] DEBUG  Dispatcher                    :       New Queue ID: 1.1998
04/13/2016 02:21:43 [15] DEBUG  Dispatcher                    :       New Queue ID: 13.1126
04/13/2016 02:21:43 [15] DEBUG  Dispatcher                    : Successsfully queued a new message of type Routing, for conversation: 13.1126
04/13/2016 02:21:43 [13] DEBUG  Dispatcher                    : Successsfully queued a new message of type AllowanceDeliveryRequest, for conversation: 1.1998
04/13/2016 02:21:43 [15] INFO   BackgroundThread              : Starting 
04/13/2016 02:21:43 [12] DEBUG  Conversation                  : GameStatusConversation, ConversationID: 13.1126: Message available!
04/13/2016 02:21:43 [12] DEBUG  Conversation                  : GameStatusConversation, ConversationID: 13.1126: Message available!
04/13/2016 02:21:43 [13] INFO   BackgroundThread              : Starting 
04/13/2016 02:21:43 [16] DEBUG  Conversation                  : AllowanceDeliveryConversation, ConversationID: 1.1998: Message available!
04/13/2016 02:21:43 [16] DEBUG  Conversation                  : AllowanceDeliveryConversation, ConversationID: 1.1998: Message available!
04/13/2016 02:21:43 [12] DEBUG  Conversation                  : GameStatusConversation, ConversationID: 13.1126: Message available!
04/13/2016 02:21:43 [16] DEBUG  Conversation                  : AllowanceDeliveryConversation, ConversationID: 1.1998: Message available!
04/13/2016 02:21:43 [16] DEBUG  Conversation                  : AllowanceDeliveryConversation, ConversationID: 1.1998: Received Message is valid
04/13/2016 02:21:43 [16] DEBUG  Conversation                  : Received a Message of type: AllowanceDeliveryRequest
04/13/2016 02:21:43 [12] DEBUG  Conversation                  : GameStatusConversation, ConversationID: 13.1126: Received Message is valid
04/13/2016 02:21:43 [12] DEBUG  Conversation                  : Received a Message of type: Routing
04/13/2016 02:21:43 [16] DEBUG  AllowanceDeliveryConversation : Received Allowance Delivery Request. 
04/13/2016 02:21:43 [16] DEBUG  TCPSocket                     : Destination Endpoint is: 127.0.0.1:12998
04/13/2016 02:21:43 [12] INFO   Conversation                  : Conversation Succeeded
04/13/2016 02:21:43 [16] DEBUG  TCPSocket                     : Opening Remote TCP Connection
04/13/2016 02:21:43 [12] INFO   Conversation                  : Conversation Succeeded
04/13/2016 02:21:43 [16] DEBUG  TCPSocket                     : TCP Socket connected to 127.0.0.1:12998
04/13/2016 02:21:43 [16] INFO   ersation+<>c__DisplayClass12_0: IN TCP RECEIVE!!!!
04/13/2016 02:21:43 [16] DEBUG  NetworkStreamExtensions       : In ReadStreamMessage, with stream.ReadTimeout=10000
04/13/2016 02:21:43 [16] DEBUG  NetworkStreamExtensions       : Try to read 4 length bytes, with stream.CanRead=True and stream.ReadTimeout=10000
04/13/2016 02:21:43 [16] DEBUG  NetworkStreamExtensions       : Length bytes read = 4
04/13/2016 02:21:43 [16] DEBUG  NetworkStreamExtensions       : Incoming message will be 35 bytes
04/13/2016 02:21:43 [16] DEBUG  NetworkStreamExtensions       : Try to read 35 length bytes, with stream.CanRead=True and stream.ReadTimeout=10000
04/13/2016 02:21:43 [16] DEBUG  NetworkStreamExtensions       : Message bytes read = 35
04/13/2016 02:21:43 [16] DEBUG  NetworkStreamExtensions       : In ReadStreamMessage, with stream.ReadTimeout=10000
04/13/2016 02:21:43 [16] DEBUG  NetworkStreamExtensions       : Try to read 4 length bytes, with stream.CanRead=True and stream.ReadTimeout=10000
04/13/2016 02:21:43 [16] DEBUG  NetworkStreamExtensions       : Length bytes read = 4
04/13/2016 02:21:43 [16] DEBUG  NetworkStreamExtensions       : Incoming message will be 35 bytes
04/13/2016 02:21:43 [16] DEBUG  NetworkStreamExtensions       : Try to read 35 length bytes, with stream.CanRead=True and stream.ReadTimeout=10000
04/13/2016 02:21:43 [16] DEBUG  NetworkStreamExtensions       : Message bytes read = 35
04/13/2016 02:21:43 [16] DEBUG  NetworkStreamExtensions       : In ReadStreamMessage, with stream.ReadTimeout=10000
04/13/2016 02:21:43 [16] DEBUG  NetworkStreamExtensions       : Try to read 4 length bytes, with stream.CanRead=True and stream.ReadTimeout=10000
04/13/2016 02:21:43 [16] DEBUG  NetworkStreamExtensions       : Length bytes read = 4
04/13/2016 02:21:43 [16] DEBUG  NetworkStreamExtensions       : Incoming message will be 35 bytes
04/13/2016 02:21:44 [16] DEBUG  NetworkStreamExtensions       : Try to read 35 length bytes, with stream.CanRead=True and stream.ReadTimeout=10000
04/13/2016 02:21:44 [16] DEBUG  NetworkStreamExtensions       : Message bytes read = 35
04/13/2016 02:21:44 [16] DEBUG  NetworkStreamExtensions       : In ReadStreamMessage, with stream.ReadTimeout=10000
04/13/2016 02:21:44 [16] DEBUG  NetworkStreamExtensions       : Try to read 4 length bytes, with stream.CanRead=True and stream.ReadTimeout=10000
04/13/2016 02:21:44 [16] DEBUG  NetworkStreamExtensions       : Length bytes read = 4
04/13/2016 02:21:44 [16] DEBUG  NetworkStreamExtensions       : Incoming message will be 35 bytes
04/13/2016 02:21:44 [16] DEBUG  NetworkStreamExtensions       : Try to read 35 length bytes, with stream.CanRead=True and stream.ReadTimeout=10000
04/13/2016 02:21:44 [16] DEBUG  NetworkStreamExtensions       : Message bytes read = 35
04/13/2016 02:21:44 [16] DEBUG  NetworkStreamExtensions       : In ReadStreamMessage, with stream.ReadTimeout=10000
04/13/2016 02:21:44 [16] DEBUG  NetworkStreamExtensions       : Try to read 4 length bytes, with stream.CanRead=True and stream.ReadTimeout=10000
04/13/2016 02:21:44 [16] DEBUG  NetworkStreamExtensions       : Length bytes read = 4
04/13/2016 02:21:44 [16] DEBUG  NetworkStreamExtensions       : Incoming message will be 35 bytes
04/13/2016 02:21:44 [16] DEBUG  NetworkStreamExtensions       : Try to read 35 length bytes, with stream.CanRead=True and stream.ReadTimeout=10000
04/13/2016 02:21:44 [16] DEBUG  NetworkStreamExtensions       : Message bytes read = 35
04/13/2016 02:21:44 [16] DEBUG  NetworkStreamExtensions       : In ReadStreamMessage, with stream.ReadTimeout=10000
04/13/2016 02:21:44 [16] DEBUG  NetworkStreamExtensions       : Try to read 4 length bytes, with stream.CanRead=True and stream.ReadTimeout=10000
04/13/2016 02:21:44 [16] DEBUG  NetworkStreamExtensions       : Length bytes read = 4
04/13/2016 02:21:44 [16] DEBUG  NetworkStreamExtensions       : Incoming message will be 35 bytes
04/13/2016 02:21:44 [16] DEBUG  NetworkStreamExtensions       : Try to read 35 length bytes, with stream.CanRead=True and stream.ReadTimeout=10000
04/13/2016 02:21:44 [16] DEBUG  NetworkStreamExtensions       : Message bytes read = 35
04/13/2016 02:21:44 [16] DEBUG  NetworkStreamExtensions       : In ReadStreamMessage, with stream.ReadTimeout=10000
04/13/2016 02:21:44 [16] DEBUG  NetworkStreamExtensions       : Try to read 4 length bytes, with stream.CanRead=True and stream.ReadTimeout=10000
04/13/2016 02:21:44 [16] DEBUG  NetworkStreamExtensions       : Length bytes read = 4
04/13/2016 02:21:44 [16] DEBUG  NetworkStreamExtensions       : Incoming message will be 35 bytes
04/13/2016 02:21:44 [16] DEBUG  NetworkStreamExtensions       : Try to read 35 length bytes, with stream.CanRead=True and stream.ReadTimeout=10000
04/13/2016 02:21:44 [16] DEBUG  NetworkStreamExtensions       : Message bytes read = 35
04/13/2016 02:21:44 [16] DEBUG  NetworkStreamExtensions       : In ReadStreamMessage, with stream.ReadTimeout=10000
04/13/2016 02:21:44 [16] DEBUG  NetworkStreamExtensions       : Try to read 4 length bytes, with stream.CanRead=True and stream.ReadTimeout=10000
04/13/2016 02:21:44 [16] DEBUG  NetworkStreamExtensions       : Length bytes read = 4
04/13/2016 02:21:44 [16] DEBUG  NetworkStreamExtensions       : Incoming message will be 35 bytes
04/13/2016 02:21:44 [16] DEBUG  NetworkStreamExtensions       : Try to read 35 length bytes, with stream.CanRead=True and stream.ReadTimeout=10000
04/13/2016 02:21:44 [16] DEBUG  NetworkStreamExtensions       : Message bytes read = 35
04/13/2016 02:21:44 [16] DEBUG  NetworkStreamExtensions       : In ReadStreamMessage, with stream.ReadTimeout=10000
04/13/2016 02:21:44 [16] DEBUG  NetworkStreamExtensions       : Try to read 4 length bytes, with stream.CanRead=True and stream.ReadTimeout=10000
04/13/2016 02:21:44 [16] DEBUG  NetworkStreamExtensions       : Length bytes read = 4
04/13/2016 02:21:44 [16] DEBUG  NetworkStreamExtensions       : Incoming message will be 35 bytes
04/13/2016 02:21:44 [16] DEBUG  NetworkStreamExtensions       : Try to read 35 length bytes, with stream.CanRead=True and stream.ReadTimeout=10000
04/13/2016 02:21:44 [16] DEBUG  NetworkStreamExtensions       : Message bytes read = 35
04/13/2016 02:21:44 [16] DEBUG  NetworkStreamExtensions       : In ReadStreamMessage, with stream.ReadTimeout=10000
04/13/2016 02:21:44 [16] DEBUG  NetworkStreamExtensions       : Try to read 4 length bytes, with stream.CanRead=True and stream.ReadTimeout=10000
04/13/2016 02:21:44 [16] DEBUG  NetworkStreamExtensions       : Length bytes read = 4
04/13/2016 02:21:44 [16] DEBUG  NetworkStreamExtensions       : Incoming message will be 35 bytes
04/13/2016 02:21:44 [16] DEBUG  NetworkStreamExtensions       : Try to read 35 length bytes, with stream.CanRead=True and stream.ReadTimeout=10000
04/13/2016 02:21:44 [16] DEBUG  NetworkStreamExtensions       : Message bytes read = 35
04/13/2016 02:21:44 [16] DEBUG  NetworkStreamExtensions       : In ReadStreamMessage, with stream.ReadTimeout=10000
04/13/2016 02:21:44 [16] DEBUG  NetworkStreamExtensions       : Try to read 4 length bytes, with stream.CanRead=True and stream.ReadTimeout=10000
04/13/2016 02:21:44 [16] DEBUG  NetworkStreamExtensions       : Length bytes read = 4
04/13/2016 02:21:44 [16] DEBUG  NetworkStreamExtensions       : Incoming message will be 35 bytes
04/13/2016 02:21:44 [16] DEBUG  NetworkStreamExtensions       : Try to read 35 length bytes, with stream.CanRead=True and stream.ReadTimeout=10000
04/13/2016 02:21:45 [16] DEBUG  NetworkStreamExtensions       : Message bytes read = 35
04/13/2016 02:21:45 [16] DEBUG  NetworkStreamExtensions       : In ReadStreamMessage, with stream.ReadTimeout=10000
04/13/2016 02:21:45 [16] DEBUG  NetworkStreamExtensions       : Try to read 4 length bytes, with stream.CanRead=True and stream.ReadTimeout=10000
04/13/2016 02:21:45 [16] DEBUG  NetworkStreamExtensions       : Length bytes read = 4
04/13/2016 02:21:45 [16] DEBUG  NetworkStreamExtensions       : Incoming message will be 35 bytes
04/13/2016 02:21:45 [16] DEBUG  NetworkStreamExtensions       : Try to read 35 length bytes, with stream.CanRead=True and stream.ReadTimeout=10000
04/13/2016 02:21:45 [16] DEBUG  NetworkStreamExtensions       : Message bytes read = 35
04/13/2016 02:21:45 [16] DEBUG  NetworkStreamExtensions       : In ReadStreamMessage, with stream.ReadTimeout=10000
04/13/2016 02:21:45 [16] DEBUG  NetworkStreamExtensions       : Try to read 4 length bytes, with stream.CanRead=True and stream.ReadTimeout=10000
04/13/2016 02:21:45 [16] DEBUG  NetworkStreamExtensions       : Length bytes read = 4
04/13/2016 02:21:45 [16] DEBUG  NetworkStreamExtensions       : Incoming message will be 35 bytes
04/13/2016 02:21:45 [16] DEBUG  NetworkStreamExtensions       : Try to read 35 length bytes, with stream.CanRead=True and stream.ReadTimeout=10000
04/13/2016 02:21:45 [16] DEBUG  NetworkStreamExtensions       : Message bytes read = 35
04/13/2016 02:21:45 [16] DEBUG  NetworkStreamExtensions       : In ReadStreamMessage, with stream.ReadTimeout=10000
04/13/2016 02:21:45 [16] DEBUG  NetworkStreamExtensions       : Try to read 4 length bytes, with stream.CanRead=True and stream.ReadTimeout=10000
04/13/2016 02:21:45 [16] DEBUG  NetworkStreamExtensions       : Length bytes read = 4
04/13/2016 02:21:45 [16] DEBUG  NetworkStreamExtensions       : Incoming message will be 35 bytes
04/13/2016 02:21:45 [16] DEBUG  NetworkStreamExtensions       : Try to read 35 length bytes, with stream.CanRead=True and stream.ReadTimeout=10000
04/13/2016 02:21:45 [16] DEBUG  NetworkStreamExtensions       : Message bytes read = 35
04/13/2016 02:21:45 [16] DEBUG  NetworkStreamExtensions       : In ReadStreamMessage, with stream.ReadTimeout=10000
04/13/2016 02:21:45 [16] DEBUG  NetworkStreamExtensions       : Try to read 4 length bytes, with stream.CanRead=True and stream.ReadTimeout=10000
04/13/2016 02:21:45 [16] DEBUG  NetworkStreamExtensions       : Length bytes read = 4
04/13/2016 02:21:45 [16] DEBUG  NetworkStreamExtensions       : Incoming message will be 35 bytes
04/13/2016 02:21:45 [16] DEBUG  NetworkStreamExtensions       : Try to read 35 length bytes, with stream.CanRead=True and stream.ReadTimeout=10000
04/13/2016 02:21:45 [16] DEBUG  NetworkStreamExtensions       : Message bytes read = 35
04/13/2016 02:21:45 [16] DEBUG  NetworkStreamExtensions       : In ReadStreamMessage, with stream.ReadTimeout=10000
04/13/2016 02:21:45 [16] DEBUG  NetworkStreamExtensions       : Try to read 4 length bytes, with stream.CanRead=True and stream.ReadTimeout=10000
04/13/2016 02:21:45 [16] DEBUG  NetworkStreamExtensions       : Length bytes read = 4
04/13/2016 02:21:45 [16] DEBUG  NetworkStreamExtensions       : Incoming message will be 35 bytes
04/13/2016 02:21:45 [16] DEBUG  NetworkStreamExtensions       : Try to read 35 length bytes, with stream.CanRead=True and stream.ReadTimeout=10000
04/13/2016 02:21:45 [16] DEBUG  NetworkStreamExtensions       : Message bytes read = 35
04/13/2016 02:21:45 [16] DEBUG  NetworkStreamExtensions       : In ReadStreamMessage, with stream.ReadTimeout=10000
04/13/2016 02:21:45 [16] DEBUG  NetworkStreamExtensions       : Try to read 4 length bytes, with stream.CanRead=True and stream.ReadTimeout=10000
04/13/2016 02:21:45 [16] DEBUG  NetworkStreamExtensions       : Length bytes read = 4
04/13/2016 02:21:45 [16] DEBUG  NetworkStreamExtensions       : Incoming message will be 35 bytes
04/13/2016 02:21:45 [16] DEBUG  NetworkStreamExtensions       : Try to read 35 length bytes, with stream.CanRead=True and stream.ReadTimeout=10000
04/13/2016 02:21:45 [16] DEBUG  NetworkStreamExtensions       : Message bytes read = 35
04/13/2016 02:21:45 [16] DEBUG  NetworkStreamExtensions       : In ReadStreamMessage, with stream.ReadTimeout=10000
04/13/2016 02:21:45 [16] DEBUG  NetworkStreamExtensions       : Try to read 4 length bytes, with stream.CanRead=True and stream.ReadTimeout=10000
04/13/2016 02:21:45 [16] DEBUG  NetworkStreamExtensions       : Length bytes read = 4
04/13/2016 02:21:45 [16] DEBUG  NetworkStreamExtensions       : Incoming message will be 35 bytes
04/13/2016 02:21:45 [16] DEBUG  NetworkStreamExtensions       : Try to read 35 length bytes, with stream.CanRead=True and stream.ReadTimeout=10000
04/13/2016 02:21:45 [16] DEBUG  NetworkStreamExtensions       : Message bytes read = 35
04/13/2016 02:21:45 [16] DEBUG  NetworkStreamExtensions       : In ReadStreamMessage, with stream.ReadTimeout=10000
04/13/2016 02:21:45 [16] DEBUG  NetworkStreamExtensions       : Try to read 4 length bytes, with stream.CanRead=True and stream.ReadTimeout=10000
04/13/2016 02:21:45 [16] DEBUG  NetworkStreamExtensions       : Length bytes read = 4
04/13/2016 02:21:45 [16] DEBUG  NetworkStreamExtensions       : Incoming message will be 35 bytes
04/13/2016 02:21:45 [16] DEBUG  NetworkStreamExtensions       : Try to read 35 length bytes, with stream.CanRead=True and stream.ReadTimeout=10000
04/13/2016 02:21:45 [16] DEBUG  NetworkStreamExtensions       : Message bytes read = 35
04/13/2016 02:21:46 [16] DEBUG  NetworkStreamExtensions       : In ReadStreamMessage, with stream.ReadTimeout=10000
04/13/2016 02:21:46 [16] DEBUG  NetworkStreamExtensions       : Try to read 4 length bytes, with stream.CanRead=True and stream.ReadTimeout=10000
04/13/2016 02:21:46 [16] DEBUG  NetworkStreamExtensions       : Length bytes read = 4
04/13/2016 02:21:46 [16] DEBUG  NetworkStreamExtensions       : Incoming message will be 35 bytes
04/13/2016 02:21:46 [16] DEBUG  NetworkStreamExtensions       : Try to read 35 length bytes, with stream.CanRead=True and stream.ReadTimeout=10000
04/13/2016 02:21:46 [16] DEBUG  NetworkStreamExtensions       : Message bytes read = 35
04/13/2016 02:21:46 [16] DEBUG  NetworkStreamExtensions       : In ReadStreamMessage, with stream.ReadTimeout=10000
04/13/2016 02:21:46 [16] DEBUG  NetworkStreamExtensions       : Try to read 4 length bytes, with stream.CanRead=True and stream.ReadTimeout=10000
04/13/2016 02:21:46 [16] DEBUG  NetworkStreamExtensions       : Length bytes read = 4
04/13/2016 02:21:46 [16] DEBUG  NetworkStreamExtensions       : Incoming message will be 35 bytes
04/13/2016 02:21:46 [16] DEBUG  NetworkStreamExtensions       : Try to read 35 length bytes, with stream.CanRead=True and stream.ReadTimeout=10000
04/13/2016 02:21:46 [16] DEBUG  NetworkStreamExtensions       : Message bytes read = 35
04/13/2016 02:21:46 [16] DEBUG  NetworkStreamExtensions       : In ReadStreamMessage, with stream.ReadTimeout=10000
04/13/2016 02:21:46 [16] DEBUG  NetworkStreamExtensions       : Try to read 4 length bytes, with stream.CanRead=True and stream.ReadTimeout=10000
04/13/2016 02:21:46 [16] DEBUG  NetworkStreamExtensions       : Length bytes read = 4
04/13/2016 02:21:46 [16] DEBUG  NetworkStreamExtensions       : Incoming message will be 35 bytes
04/13/2016 02:21:46 [16] DEBUG  NetworkStreamExtensions       : Try to read 35 length bytes, with stream.CanRead=True and stream.ReadTimeout=10000
04/13/2016 02:21:46 [16] DEBUG  NetworkStreamExtensions       : Message bytes read = 35
04/13/2016 02:21:46 [16] DEBUG  NetworkStreamExtensions       : In ReadStreamMessage, with stream.ReadTimeout=10000
04/13/2016 02:21:46 [16] DEBUG  NetworkStreamExtensions       : Try to read 4 length bytes, with stream.CanRead=True and stream.ReadTimeout=10000
04/13/2016 02:21:46 [16] DEBUG  NetworkStreamExtensions       : Length bytes read = 4
04/13/2016 02:21:46 [16] DEBUG  NetworkStreamExtensions       : Incoming message will be 35 bytes
04/13/2016 02:21:46 [16] DEBUG  NetworkStreamExtensions       : Try to read 35 length bytes, with stream.CanRead=True and stream.ReadTimeout=10000
04/13/2016 02:21:46 [16] DEBUG  NetworkStreamExtensions       : Message bytes read = 35
04/13/2016 02:21:46 [16] DEBUG  NetworkStreamExtensions       : In ReadStreamMessage, with stream.ReadTimeout=10000
04/13/2016 02:21:46 [16] DEBUG  NetworkStreamExtensions       : Try to read 4 length bytes, with stream.CanRead=True and stream.ReadTimeout=10000
04/13/2016 02:21:46 [16] DEBUG  NetworkStreamExtensions       : Length bytes read = 4
04/13/2016 02:21:46 [16] DEBUG  NetworkStreamExtensions       : Incoming message will be 35 bytes
04/13/2016 02:21:46 [16] DEBUG  NetworkStreamExtensions       : Try to read 35 length bytes, with stream.CanRead=True and stream.ReadTimeout=10000
04/13/2016 02:21:46 [16] DEBUG  NetworkStreamExtensions       : Message bytes read = 35
04/13/2016 02:21:46 [16] DEBUG  NetworkStreamExtensions       : In ReadStreamMessage, with stream.ReadTimeout=10000
04/13/2016 02:21:46 [16] DEBUG  NetworkStreamExtensions       : Try to read 4 length bytes, with stream.CanRead=True and stream.ReadTimeout=10000
04/13/2016 02:21:46 [16] DEBUG  NetworkStreamExtensions       : Length bytes read = 4
04/13/2016 02:21:46 [16] DEBUG  NetworkStreamExtensions       : Incoming message will be 35 bytes
04/13/2016 02:21:46 [16] DEBUG  NetworkStreamExtensions       : Try to read 35 length bytes, with stream.CanRead=True and stream.ReadTimeout=10000
04/13/2016 02:21:46 [16] DEBUG  NetworkStreamExtensions       : Message bytes read = 35
04/13/2016 02:21:46 [16] DEBUG  NetworkStreamExtensions       : In ReadStreamMessage, with stream.ReadTimeout=10000
04/13/2016 02:21:46 [16] DEBUG  NetworkStreamExtensions       : Try to read 4 length bytes, with stream.CanRead=True and stream.ReadTimeout=10000
04/13/2016 02:21:46 [16] DEBUG  NetworkStreamExtensions       : Length bytes read = 4
04/13/2016 02:21:46 [16] DEBUG  NetworkStreamExtensions       : Incoming message will be 35 bytes
04/13/2016 02:21:46 [16] DEBUG  NetworkStreamExtensions       : Try to read 35 length bytes, with stream.CanRead=True and stream.ReadTimeout=10000
04/13/2016 02:21:46 [16] DEBUG  NetworkStreamExtensions       : Message bytes read = 35
04/13/2016 02:21:46 [16] DEBUG  NetworkStreamExtensions       : In ReadStreamMessage, with stream.ReadTimeout=10000
04/13/2016 02:21:46 [16] DEBUG  NetworkStreamExtensions       : Try to read 4 length bytes, with stream.CanRead=True and stream.ReadTimeout=10000
04/13/2016 02:21:46 [16] DEBUG  NetworkStreamExtensions       : Length bytes read = 4
04/13/2016 02:21:46 [16] DEBUG  NetworkStreamExtensions       : Incoming message will be 35 bytes
04/13/2016 02:21:46 [16] DEBUG  NetworkStreamExtensions       : Try to read 35 length bytes, with stream.CanRead=True and stream.ReadTimeout=10000
04/13/2016 02:21:46 [16] DEBUG  NetworkStreamExtensions       : Message bytes read = 35
04/13/2016 02:21:46 [16] DEBUG  NetworkStreamExtensions       : In ReadStreamMessage, with stream.ReadTimeout=10000
04/13/2016 02:21:47 [16] DEBUG  NetworkStreamExtensions       : Try to read 4 length bytes, with stream.CanRead=True and stream.ReadTimeout=10000
04/13/2016 02:21:47 [16] DEBUG  NetworkStreamExtensions       : Length bytes read = 4
04/13/2016 02:21:47 [16] DEBUG  NetworkStreamExtensions       : Incoming message will be 35 bytes
04/13/2016 02:21:47 [16] DEBUG  NetworkStreamExtensions       : Try to read 35 length bytes, with stream.CanRead=True and stream.ReadTimeout=10000
04/13/2016 02:21:47 [16] DEBUG  NetworkStreamExtensions       : Message bytes read = 35
04/13/2016 02:21:47 [16] DEBUG  NetworkStreamExtensions       : In ReadStreamMessage, with stream.ReadTimeout=10000
04/13/2016 02:21:47 [16] DEBUG  NetworkStreamExtensions       : Try to read 4 length bytes, with stream.CanRead=True and stream.ReadTimeout=10000
04/13/2016 02:21:47 [16] DEBUG  NetworkStreamExtensions       : Length bytes read = 4
04/13/2016 02:21:47 [16] DEBUG  NetworkStreamExtensions       : Incoming message will be 35 bytes
04/13/2016 02:21:47 [16] DEBUG  NetworkStreamExtensions       : Try to read 35 length bytes, with stream.CanRead=True and stream.ReadTimeout=10000
04/13/2016 02:21:47 [16] DEBUG  NetworkStreamExtensions       : Message bytes read = 35
04/13/2016 02:21:47 [16] DEBUG  NetworkStreamExtensions       : In ReadStreamMessage, with stream.ReadTimeout=10000
04/13/2016 02:21:47 [16] DEBUG  NetworkStreamExtensions       : Try to read 4 length bytes, with stream.CanRead=True and stream.ReadTimeout=10000
04/13/2016 02:21:47 [16] DEBUG  NetworkStreamExtensions       : Length bytes read = 4
04/13/2016 02:21:47 [16] DEBUG  NetworkStreamExtensions       : Incoming message will be 35 bytes
04/13/2016 02:21:47 [16] DEBUG  NetworkStreamExtensions       : Try to read 35 length bytes, with stream.CanRead=True and stream.ReadTimeout=10000
04/13/2016 02:21:47 [16] DEBUG  NetworkStreamExtensions       : Message bytes read = 35
04/13/2016 02:21:47 [16] DEBUG  NetworkStreamExtensions       : In ReadStreamMessage, with stream.ReadTimeout=10000
