04/12/2016 11:42:59 [ 7] DEBUG  PlayerConnection              : Using Local Settings.
04/12/2016 11:42:59 [ 7] DEBUG  PlayerConnection              : Starting Application. 
04/12/2016 11:42:59 [ 7] DEBUG  PlayerConnection              : Initializing Subsystem
04/12/2016 11:42:59 [ 7] DEBUG  PlayerProcess                 : Initializeing Player Subsystem.
04/12/2016 11:42:59 [ 7] DEBUG  PlayerConnection              : Initializing Player
04/12/2016 11:42:59 [ 7] DEBUG  PlayerProcess                 : Initializing Player Details.
04/12/2016 11:42:59 [ 7] INFO   BackgroundThread              : Starting 
04/12/2016 11:42:59 [ 9] INFO   BackgroundThread              : Starting 
04/12/2016 11:42:59 [ 9] DEBUG  PlayerProcess                 : ------------- At top of Player process loop -------------
04/12/2016 11:42:59 [ 9] DEBUG  PlayerProcess                 : In Process Login function.
04/12/2016 11:42:59 [ 9] DEBUG  ConversationFactory           : Creating Conversation of type LoginConversation
04/12/2016 11:42:59 [ 9] DEBUG  Dispatcher                    : Adding Conversation Player.Conversation.LoginConversation, 0.1
04/12/2016 11:42:59 [ 9] DEBUG  Dispatcher                    :       New Queue ID: 0.1
04/12/2016 11:42:59 [ 9] INFO   BackgroundThread              : Starting 
04/12/2016 11:43:00 [11] DEBUG  LoginConversation             : Creating login request. 
04/12/2016 11:43:00 [11] DEBUG  InitiatedConversation         : LoginConversation, ConversationID: 0.1: Conversation Id  for Initiated conversation: 0.1
04/12/2016 11:43:00 [11] DEBUG  Conversation                  : LoginConversation, ConversationID: 0.1: Setting Message IDs
04/12/2016 11:43:00 [11] DEBUG  Conversation                  : LoginConversation, ConversationID: 0.1: Message has IDs
04/12/2016 11:43:00 [11] DEBUG  Conversation                  : LoginConversation, ConversationID: 0.1: Message is valid
04/12/2016 11:43:00 [11] DEBUG  Conversation                  : LoginConversation, ConversationID: 0.1: Envelope is valid
04/12/2016 11:43:00 [11] DEBUG  Conversation                  : LoginConversation, ConversationID: 0.1: Conversation is initiating send.
04/12/2016 11:43:00 [11] DEBUG  PostMan                       : Sending UDP (Messages.RequestMessages.LoginRequest, MessageID: 0.1, ConversationID: 0.1)
Endpoint: 127.0.0.1:12000
JSON: {"__type":"LoginRequest:#Messages.RequestMessages","ConvId":{"Pid":0,"Seq":1},"MsgId":{"Pid":0,"Seq":1},"Identity":{"ANumber":"A00000001","Alias":"The Instructor","FirstName":"The","LastName":"Instructor"},"ProcessLabel":"The Instructor","ProcessType":3,"PublicKey":null}
04/12/2016 11:43:00 [11] DEBUG  PostMan                       : Message Delivered
04/12/2016 11:43:00 [11] DEBUG  Conversation                  : LoginConversation, ConversationID: 0.1: Send succeeded.
04/12/2016 11:43:00 [10] DEBUG  PostMan                       : Received UDP (Messages.ReplyMessages.LoginReply, MessageID: 1.10, ConversationID: 0.1)
JSON: {"__type":"LoginReply:#Messages.ReplyMessages","ConvId":{"Pid":0,"Seq":1},"MsgId":{"Pid":1,"Seq":10},"Note":"Logged in","Success":true,"PennyBankEndPoint":{"Host":"127.0.0.1","Port":12003},"PennyBankPublicKey":null,"ProcessInfo":{"EndPoint":{"Host":"127.0.0.1","Port":10000},"Label":"The Instructor","ProcessId":7,"Status":3,"Type":3},"ProxyEndPoint":{"Host":"127.0.0.1","Port":12002}}
04/12/2016 11:43:01 [12] INFO   ispatcher+<>c__DisplayClass7_0: New Message Received: (Messages.ReplyMessages.LoginReply)
04/12/2016 11:43:01 [12] INFO   ispatcher+<>c__DisplayClass7_0: MessageId: 1.10ConversationId: 0.1
04/12/2016 11:43:01 [12] DEBUG  Dispatcher                    : Successsfully queued a new message of type LoginReply, for conversation: 0.1
04/12/2016 11:43:01 [11] DEBUG  Conversation                  : LoginConversation, ConversationID: 0.1: Message available!
04/12/2016 11:43:01 [11] DEBUG  Conversation                  : LoginConversation, ConversationID: 0.1: Message available!
04/12/2016 11:43:01 [11] DEBUG  Conversation                  : LoginConversation, ConversationID: 0.1: Message has IDs
04/12/2016 11:43:01 [11] DEBUG  Conversation                  : LoginConversation, ConversationID: 0.1: Message is valid
04/12/2016 11:43:01 [11] DEBUG  Conversation                  : LoginConversation, ConversationID: 0.1: Envelope is valid
04/12/2016 11:43:01 [11] DEBUG  Conversation                  : LoginConversation, ConversationID: 0.1: Received Message is valid
04/12/2016 11:43:01 [11] DEBUG  LoginConversation             : Received a login reply message.
04/12/2016 11:43:01 [11] DEBUG  LoginConversation             : Proxy endpoint is 127.0.0.1:12003
04/12/2016 11:43:01 [11] INFO   Conversation                  : Conversation Succeeded
04/12/2016 11:43:01 [11] INFO   Conversation                  : Conversation Succeeded
04/12/2016 11:43:01 [ 9] DEBUG  PlayerProcess                 : ------------- At top of Player process loop -------------
04/12/2016 11:43:01 [ 9] DEBUG  PlayerProcess                 : In Process GetGameList function.
04/12/2016 11:43:01 [ 9] DEBUG  ConversationFactory           : Creating Conversation of type GameListConversation
04/12/2016 11:43:01 [ 9] DEBUG  Dispatcher                    : Adding Conversation Player.Conversation.GameListConversation, 7.2
04/12/2016 11:43:01 [ 9] DEBUG  Dispatcher                    :       New Queue ID: 7.2
04/12/2016 11:43:01 [ 9] INFO   BackgroundThread              : Starting 
04/12/2016 11:43:02 [15] DEBUG  GameListConversation          : Queuing game list request. 
04/12/2016 11:43:02 [15] DEBUG  InitiatedConversation         : GameListConversation, ConversationID: 7.2: Conversation Id  for Initiated conversation: 7.2
04/12/2016 11:43:02 [15] DEBUG  Conversation                  : GameListConversation, ConversationID: 7.2: Setting Message IDs
04/12/2016 11:43:02 [15] DEBUG  Conversation                  : GameListConversation, ConversationID: 7.2: Message has IDs
04/12/2016 11:43:02 [15] DEBUG  Conversation                  : GameListConversation, ConversationID: 7.2: Message is valid
04/12/2016 11:43:02 [15] DEBUG  Conversation                  : GameListConversation, ConversationID: 7.2: Envelope is valid
04/12/2016 11:43:02 [15] DEBUG  Conversation                  : GameListConversation, ConversationID: 7.2: Conversation is initiating send.
04/12/2016 11:43:02 [15] DEBUG  PostMan                       : Sending UDP (Messages.RequestMessages.GameListRequest, MessageID: 7.2, ConversationID: 7.2)
Endpoint: 127.0.0.1:12000
JSON: {"__type":"GameListRequest:#Messages.RequestMessages","ConvId":{"Pid":7,"Seq":2},"MsgId":{"Pid":7,"Seq":2},"StatusFilter":4}
04/12/2016 11:43:02 [15] DEBUG  PostMan                       : Message Delivered
04/12/2016 11:43:02 [15] DEBUG  Conversation                  : GameListConversation, ConversationID: 7.2: Send succeeded.
04/12/2016 11:43:02 [10] DEBUG  PostMan                       : Received UDP (Messages.ReplyMessages.GameListReply, MessageID: 1.11, ConversationID: 7.2)
JSON: {"__type":"GameListReply:#Messages.ReplyMessages","ConvId":{"Pid":7,"Seq":2},"MsgId":{"Pid":1,"Seq":11},"Note":null,"Success":true,"GameInfo":[{"CurrentProcesses":[{"HasUmbrellaRaised":false,"HitPoints":0,"LifePoints":100,"ProcessId":4,"Type":5},{"HasUmbrellaRaised":false,"HitPoints":0,"LifePoints":100,"ProcessId":6,"Type":4},{"HasUmbrellaRaised":false,"HitPoints":0,"LifePoints":100,"ProcessId":5,"Type":5}],"GameId":3,"GameManagerId":2,"Label":"GM15343's 1st Game","MaxPlayers":4,"MinPlayers":3,"StartingPlayers":[],"Status":4,"Winners":null}]}
04/12/2016 11:43:02 [12] INFO   ispatcher+<>c__DisplayClass7_0: New Message Received: (Messages.ReplyMessages.GameListReply)
04/12/2016 11:43:02 [12] INFO   ispatcher+<>c__DisplayClass7_0: MessageId: 1.11ConversationId: 7.2
04/12/2016 11:43:02 [12] DEBUG  Dispatcher                    : Successsfully queued a new message of type GameListReply, for conversation: 7.2
04/12/2016 11:43:02 [15] DEBUG  Conversation                  : GameListConversation, ConversationID: 7.2: Message available!
04/12/2016 11:43:03 [15] DEBUG  Conversation                  : GameListConversation, ConversationID: 7.2: Message available!
04/12/2016 11:43:03 [15] DEBUG  Conversation                  : GameListConversation, ConversationID: 7.2: Message has IDs
04/12/2016 11:43:03 [15] DEBUG  Conversation                  : GameListConversation, ConversationID: 7.2: Message is valid
04/12/2016 11:43:03 [15] DEBUG  Conversation                  : GameListConversation, ConversationID: 7.2: Envelope is valid
04/12/2016 11:43:03 [15] DEBUG  Conversation                  : GameListConversation, ConversationID: 7.2: Received Message is valid
04/12/2016 11:43:03 [15] DEBUG  GameListConversation          : Received a game list reply message.
04/12/2016 11:43:06 [10] DEBUG  PostMan                       : Received UDP (Messages.RequestMessages.AliveRequest, MessageID: 1.16, ConversationID: 1.16)
JSON: {"__type":"AliveRequest:#Messages.RequestMessages","ConvId":{"Pid":1,"Seq":16},"MsgId":{"Pid":1,"Seq":16}}
04/12/2016 11:43:06 [11] INFO   ispatcher+<>c__DisplayClass7_0: New Message Received: (Messages.RequestMessages.AliveRequest)
04/12/2016 11:43:06 [11] INFO   ispatcher+<>c__DisplayClass7_0: MessageId: 1.16ConversationId: 1.16
04/12/2016 11:43:06 [11] DEBUG  Dispatcher                    : Conversation  with id= 1.16 does not exist, trying to create new conversation.
04/12/2016 11:43:06 [11] DEBUG  ConversationFactory           : Creating Conversation of type AliveConversation
04/12/2016 11:43:06 [11] DEBUG  Dispatcher                    : Adding Conversation Player.Conversation.AliveConversation, 1.16
04/12/2016 11:43:06 [11] DEBUG  Dispatcher                    :       New Queue ID: 1.16
04/12/2016 11:43:06 [11] DEBUG  Dispatcher                    : Successsfully queued a new message of type AliveRequest, for conversation: 1.16
04/12/2016 11:43:06 [11] INFO   BackgroundThread              : Starting 
04/12/2016 11:43:06 [13] DEBUG  Conversation                  : AliveConversation, ConversationID: 1.16: Message available!
04/12/2016 11:43:06 [13] DEBUG  Conversation                  : AliveConversation, ConversationID: 1.16: Message available!
04/12/2016 11:43:06 [13] DEBUG  Conversation                  : AliveConversation, ConversationID: 1.16: Message available!
04/12/2016 11:43:06 [13] DEBUG  Conversation                  : AliveConversation, ConversationID: 1.16: Message has IDs
04/12/2016 11:43:06 [13] DEBUG  Conversation                  : AliveConversation, ConversationID: 1.16: Message is valid
04/12/2016 11:43:06 [13] DEBUG  Conversation                  : AliveConversation, ConversationID: 1.16: Envelope is valid
04/12/2016 11:43:06 [13] DEBUG  Conversation                  : AliveConversation, ConversationID: 1.16: Received Message is valid
04/12/2016 11:43:06 [13] DEBUG  AliveConversation             : Creating Alive Response
04/12/2016 11:43:06 [13] DEBUG  ResponseConversation          : AliveConversation, ConversationID: 1.16: Conversation Id  for Response conversation: 1.16
04/12/2016 11:43:06 [13] DEBUG  Conversation                  : AliveConversation, ConversationID: 1.16: Setting Message IDs
04/12/2016 11:43:07 [13] DEBUG  Conversation                  : AliveConversation, ConversationID: 1.16: Message has IDs
04/12/2016 11:43:07 [13] DEBUG  Conversation                  : AliveConversation, ConversationID: 1.16: Message is valid
04/12/2016 11:43:07 [13] DEBUG  Conversation                  : AliveConversation, ConversationID: 1.16: Envelope is valid
04/12/2016 11:43:07 [13] DEBUG  Conversation                  : AliveConversation, ConversationID: 1.16: Conversation is initiating send.
04/12/2016 11:43:07 [13] DEBUG  PostMan                       : Sending UDP (Messages.ReplyMessages.Reply, MessageID: 7.3, ConversationID: 1.16)
Endpoint: 127.0.0.1:12000
JSON: {"__type":"Reply:#Messages.ReplyMessages","ConvId":{"Pid":1,"Seq":16},"MsgId":{"Pid":7,"Seq":3},"Note":"I'm Alive","Success":true}
04/12/2016 11:43:07 [13] DEBUG  PostMan                       : Message Delivered
04/12/2016 11:43:07 [13] DEBUG  Conversation                  : AliveConversation, ConversationID: 1.16: Send succeeded.
04/12/2016 11:43:37 [10] DEBUG  PostMan                       : Received UDP (Messages.RequestMessages.AliveRequest, MessageID: 1.21, ConversationID: 1.21)
JSON: {"__type":"AliveRequest:#Messages.RequestMessages","ConvId":{"Pid":1,"Seq":21},"MsgId":{"Pid":1,"Seq":21}}
04/12/2016 11:43:37 [14] INFO   ispatcher+<>c__DisplayClass7_0: New Message Received: (Messages.RequestMessages.AliveRequest)
04/12/2016 11:43:37 [14] INFO   ispatcher+<>c__DisplayClass7_0: MessageId: 1.21ConversationId: 1.21
04/12/2016 11:43:37 [14] DEBUG  Dispatcher                    : Conversation  with id= 1.21 does not exist, trying to create new conversation.
04/12/2016 11:43:37 [14] DEBUG  ConversationFactory           : Creating Conversation of type AliveConversation
04/12/2016 11:43:37 [14] DEBUG  Dispatcher                    : Adding Conversation Player.Conversation.AliveConversation, 1.21
04/12/2016 11:43:37 [14] DEBUG  Dispatcher                    :       New Queue ID: 1.21
04/12/2016 11:43:37 [14] DEBUG  Dispatcher                    : Successsfully queued a new message of type AliveRequest, for conversation: 1.21
04/12/2016 11:43:37 [14] INFO   BackgroundThread              : Starting 
04/12/2016 11:43:37 [14] DEBUG  Conversation                  : AliveConversation, ConversationID: 1.21: Message available!
04/12/2016 11:43:37 [14] DEBUG  Conversation                  : AliveConversation, ConversationID: 1.21: Message available!
04/12/2016 11:43:37 [14] DEBUG  Conversation                  : AliveConversation, ConversationID: 1.21: Message available!
04/12/2016 11:43:37 [14] DEBUG  Conversation                  : AliveConversation, ConversationID: 1.21: Message has IDs
04/12/2016 11:43:37 [14] DEBUG  Conversation                  : AliveConversation, ConversationID: 1.21: Message is valid
04/12/2016 11:43:37 [14] DEBUG  Conversation                  : AliveConversation, ConversationID: 1.21: Envelope is valid
04/12/2016 11:43:37 [14] DEBUG  Conversation                  : AliveConversation, ConversationID: 1.21: Received Message is valid
04/12/2016 11:43:37 [14] DEBUG  AliveConversation             : Creating Alive Response
04/12/2016 11:43:37 [14] DEBUG  ResponseConversation          : AliveConversation, ConversationID: 1.21: Conversation Id  for Response conversation: 1.21
04/12/2016 11:43:37 [14] DEBUG  Conversation                  : AliveConversation, ConversationID: 1.21: Setting Message IDs
04/12/2016 11:43:37 [14] DEBUG  Conversation                  : AliveConversation, ConversationID: 1.21: Message has IDs
04/12/2016 11:43:37 [14] DEBUG  Conversation                  : AliveConversation, ConversationID: 1.21: Message is valid
04/12/2016 11:43:37 [14] DEBUG  Conversation                  : AliveConversation, ConversationID: 1.21: Envelope is valid
04/12/2016 11:43:37 [14] DEBUG  Conversation                  : AliveConversation, ConversationID: 1.21: Conversation is initiating send.
04/12/2016 11:43:37 [14] DEBUG  PostMan                       : Sending UDP (Messages.ReplyMessages.Reply, MessageID: 7.4, ConversationID: 1.21)
Endpoint: 127.0.0.1:12000
JSON: {"__type":"Reply:#Messages.ReplyMessages","ConvId":{"Pid":1,"Seq":21},"MsgId":{"Pid":7,"Seq":4},"Note":"I'm Alive","Success":true}
04/12/2016 11:43:38 [14] DEBUG  PostMan                       : Message Delivered
04/12/2016 11:43:38 [14] DEBUG  Conversation                  : AliveConversation, ConversationID: 1.21: Send succeeded.
04/12/2016 11:44:08 [10] DEBUG  PostMan                       : Received UDP (Messages.RequestMessages.AliveRequest, MessageID: 1.26, ConversationID: 1.26)
JSON: {"__type":"AliveRequest:#Messages.RequestMessages","ConvId":{"Pid":1,"Seq":26},"MsgId":{"Pid":1,"Seq":26}}
04/12/2016 11:44:08 [16] INFO   ispatcher+<>c__DisplayClass7_0: New Message Received: (Messages.RequestMessages.AliveRequest)
04/12/2016 11:44:08 [16] INFO   ispatcher+<>c__DisplayClass7_0: MessageId: 1.26ConversationId: 1.26
04/12/2016 11:44:08 [16] DEBUG  Dispatcher                    : Conversation  with id= 1.26 does not exist, trying to create new conversation.
04/12/2016 11:44:08 [16] DEBUG  ConversationFactory           : Creating Conversation of type AliveConversation
04/12/2016 11:44:08 [16] DEBUG  Dispatcher                    : Adding Conversation Player.Conversation.AliveConversation, 1.26
04/12/2016 11:44:08 [16] DEBUG  Dispatcher                    :       New Queue ID: 1.26
04/12/2016 11:44:08 [16] DEBUG  Dispatcher                    : Successsfully queued a new message of type AliveRequest, for conversation: 1.26
04/12/2016 11:44:08 [16] INFO   BackgroundThread              : Starting 
04/12/2016 11:44:08 [18] DEBUG  Conversation                  : AliveConversation, ConversationID: 1.26: Message available!
04/12/2016 11:44:08 [18] DEBUG  Conversation                  : AliveConversation, ConversationID: 1.26: Message available!
04/12/2016 11:44:08 [18] DEBUG  Conversation                  : AliveConversation, ConversationID: 1.26: Message available!
04/12/2016 11:44:08 [18] DEBUG  Conversation                  : AliveConversation, ConversationID: 1.26: Message has IDs
04/12/2016 11:44:08 [18] DEBUG  Conversation                  : AliveConversation, ConversationID: 1.26: Message is valid
04/12/2016 11:44:08 [18] DEBUG  Conversation                  : AliveConversation, ConversationID: 1.26: Envelope is valid
04/12/2016 11:44:08 [18] DEBUG  Conversation                  : AliveConversation, ConversationID: 1.26: Received Message is valid
04/12/2016 11:44:08 [18] DEBUG  AliveConversation             : Creating Alive Response
04/12/2016 11:44:08 [18] DEBUG  ResponseConversation          : AliveConversation, ConversationID: 1.26: Conversation Id  for Response conversation: 1.26
04/12/2016 11:44:08 [18] DEBUG  Conversation                  : AliveConversation, ConversationID: 1.26: Setting Message IDs
04/12/2016 11:44:08 [18] DEBUG  Conversation                  : AliveConversation, ConversationID: 1.26: Message has IDs
04/12/2016 11:44:08 [18] DEBUG  Conversation                  : AliveConversation, ConversationID: 1.26: Message is valid
04/12/2016 11:44:08 [18] DEBUG  Conversation                  : AliveConversation, ConversationID: 1.26: Envelope is valid
04/12/2016 11:44:09 [18] DEBUG  Conversation                  : AliveConversation, ConversationID: 1.26: Conversation is initiating send.
04/12/2016 11:44:09 [18] DEBUG  PostMan                       : Sending UDP (Messages.ReplyMessages.Reply, MessageID: 7.5, ConversationID: 1.26)
Endpoint: 127.0.0.1:12000
JSON: {"__type":"Reply:#Messages.ReplyMessages","ConvId":{"Pid":1,"Seq":26},"MsgId":{"Pid":7,"Seq":5},"Note":"I'm Alive","Success":true}
04/12/2016 11:44:09 [18] DEBUG  PostMan                       : Message Delivered
04/12/2016 11:44:09 [18] DEBUG  Conversation                  : AliveConversation, ConversationID: 1.26: Send succeeded.
04/12/2016 11:44:39 [10] DEBUG  PostMan                       : Received UDP (Messages.RequestMessages.AliveRequest, MessageID: 1.31, ConversationID: 1.31)
JSON: {"__type":"AliveRequest:#Messages.RequestMessages","ConvId":{"Pid":1,"Seq":31},"MsgId":{"Pid":1,"Seq":31}}
04/12/2016 11:44:39 [12] INFO   ispatcher+<>c__DisplayClass7_0: New Message Received: (Messages.RequestMessages.AliveRequest)
04/12/2016 11:44:39 [12] INFO   ispatcher+<>c__DisplayClass7_0: MessageId: 1.31ConversationId: 1.31
04/12/2016 11:44:39 [12] DEBUG  Dispatcher                    : Conversation  with id= 1.31 does not exist, trying to create new conversation.
04/12/2016 11:44:39 [12] DEBUG  ConversationFactory           : Creating Conversation of type AliveConversation
04/12/2016 11:44:39 [12] DEBUG  Dispatcher                    : Adding Conversation Player.Conversation.AliveConversation, 1.31
04/12/2016 11:44:39 [12] DEBUG  Dispatcher                    :       New Queue ID: 1.31
04/12/2016 11:44:39 [12] DEBUG  Dispatcher                    : Successsfully queued a new message of type AliveRequest, for conversation: 1.31
04/12/2016 11:44:39 [12] INFO   BackgroundThread              : Starting 
04/12/2016 11:44:39 [11] DEBUG  Conversation                  : AliveConversation, ConversationID: 1.31: Message available!
04/12/2016 11:44:39 [11] DEBUG  Conversation                  : AliveConversation, ConversationID: 1.31: Message available!
04/12/2016 11:44:39 [11] DEBUG  Conversation                  : AliveConversation, ConversationID: 1.31: Message available!
04/12/2016 11:44:39 [11] DEBUG  Conversation                  : AliveConversation, ConversationID: 1.31: Message has IDs
04/12/2016 11:44:39 [11] DEBUG  Conversation                  : AliveConversation, ConversationID: 1.31: Message is valid
04/12/2016 11:44:39 [11] DEBUG  Conversation                  : AliveConversation, ConversationID: 1.31: Envelope is valid
04/12/2016 11:44:39 [11] DEBUG  Conversation                  : AliveConversation, ConversationID: 1.31: Received Message is valid
04/12/2016 11:44:39 [11] DEBUG  AliveConversation             : Creating Alive Response
04/12/2016 11:44:39 [11] DEBUG  ResponseConversation          : AliveConversation, ConversationID: 1.31: Conversation Id  for Response conversation: 1.31
04/12/2016 11:44:39 [11] DEBUG  Conversation                  : AliveConversation, ConversationID: 1.31: Setting Message IDs
04/12/2016 11:44:39 [11] DEBUG  Conversation                  : AliveConversation, ConversationID: 1.31: Message has IDs
04/12/2016 11:44:39 [11] DEBUG  Conversation                  : AliveConversation, ConversationID: 1.31: Message is valid
04/12/2016 11:44:39 [11] DEBUG  Conversation                  : AliveConversation, ConversationID: 1.31: Envelope is valid
04/12/2016 11:44:39 [11] DEBUG  Conversation                  : AliveConversation, ConversationID: 1.31: Conversation is initiating send.
04/12/2016 11:44:40 [11] DEBUG  PostMan                       : Sending UDP (Messages.ReplyMessages.Reply, MessageID: 7.6, ConversationID: 1.31)
Endpoint: 127.0.0.1:12000
JSON: {"__type":"Reply:#Messages.ReplyMessages","ConvId":{"Pid":1,"Seq":31},"MsgId":{"Pid":7,"Seq":6},"Note":"I'm Alive","Success":true}
04/12/2016 11:44:40 [11] DEBUG  PostMan                       : Message Delivered
04/12/2016 11:44:40 [11] DEBUG  Conversation                  : AliveConversation, ConversationID: 1.31: Send succeeded.
04/12/2016 11:45:10 [10] DEBUG  PostMan                       : Received UDP (Messages.RequestMessages.AliveRequest, MessageID: 1.36, ConversationID: 1.36)
JSON: {"__type":"AliveRequest:#Messages.RequestMessages","ConvId":{"Pid":1,"Seq":36},"MsgId":{"Pid":1,"Seq":36}}
04/12/2016 11:45:10 [19] INFO   ispatcher+<>c__DisplayClass7_0: New Message Received: (Messages.RequestMessages.AliveRequest)
04/12/2016 11:45:10 [19] INFO   ispatcher+<>c__DisplayClass7_0: MessageId: 1.36ConversationId: 1.36
04/12/2016 11:45:10 [19] DEBUG  Dispatcher                    : Conversation  with id= 1.36 does not exist, trying to create new conversation.
04/12/2016 11:45:10 [19] DEBUG  ConversationFactory           : Creating Conversation of type AliveConversation
04/12/2016 11:45:10 [19] DEBUG  Dispatcher                    : Adding Conversation Player.Conversation.AliveConversation, 1.36
04/12/2016 11:45:10 [19] DEBUG  Dispatcher                    :       New Queue ID: 1.36
04/12/2016 11:45:10 [19] DEBUG  Dispatcher                    : Successsfully queued a new message of type AliveRequest, for conversation: 1.36
04/12/2016 11:45:10 [19] INFO   BackgroundThread              : Starting 
04/12/2016 11:45:10 [19] DEBUG  Conversation                  : AliveConversation, ConversationID: 1.36: Message available!
04/12/2016 11:45:10 [19] DEBUG  Conversation                  : AliveConversation, ConversationID: 1.36: Message available!
04/12/2016 11:45:10 [19] DEBUG  Conversation                  : AliveConversation, ConversationID: 1.36: Message available!
04/12/2016 11:45:10 [19] DEBUG  Conversation                  : AliveConversation, ConversationID: 1.36: Message has IDs
04/12/2016 11:45:10 [19] DEBUG  Conversation                  : AliveConversation, ConversationID: 1.36: Message is valid
04/12/2016 11:45:10 [19] DEBUG  Conversation                  : AliveConversation, ConversationID: 1.36: Envelope is valid
04/12/2016 11:45:10 [19] DEBUG  Conversation                  : AliveConversation, ConversationID: 1.36: Received Message is valid
04/12/2016 11:45:10 [19] DEBUG  AliveConversation             : Creating Alive Response
04/12/2016 11:45:10 [19] DEBUG  ResponseConversation          : AliveConversation, ConversationID: 1.36: Conversation Id  for Response conversation: 1.36
04/12/2016 11:45:10 [19] DEBUG  Conversation                  : AliveConversation, ConversationID: 1.36: Setting Message IDs
04/12/2016 11:45:10 [19] DEBUG  Conversation                  : AliveConversation, ConversationID: 1.36: Message has IDs
04/12/2016 11:45:10 [19] DEBUG  Conversation                  : AliveConversation, ConversationID: 1.36: Message is valid
04/12/2016 11:45:11 [19] DEBUG  Conversation                  : AliveConversation, ConversationID: 1.36: Envelope is valid
04/12/2016 11:45:11 [19] DEBUG  Conversation                  : AliveConversation, ConversationID: 1.36: Conversation is initiating send.
04/12/2016 11:45:11 [19] DEBUG  PostMan                       : Sending UDP (Messages.ReplyMessages.Reply, MessageID: 7.7, ConversationID: 1.36)
Endpoint: 127.0.0.1:12000
JSON: {"__type":"Reply:#Messages.ReplyMessages","ConvId":{"Pid":1,"Seq":36},"MsgId":{"Pid":7,"Seq":7},"Note":"I'm Alive","Success":true}
04/12/2016 11:45:11 [19] DEBUG  PostMan                       : Message Delivered
04/12/2016 11:45:11 [19] DEBUG  Conversation                  : AliveConversation, ConversationID: 1.36: Send succeeded.
04/12/2016 11:45:41 [10] DEBUG  PostMan                       : Received UDP (Messages.RequestMessages.AliveRequest, MessageID: 1.41, ConversationID: 1.41)
JSON: {"__type":"AliveRequest:#Messages.RequestMessages","ConvId":{"Pid":1,"Seq":41},"MsgId":{"Pid":1,"Seq":41}}
04/12/2016 11:45:42 [21] INFO   ispatcher+<>c__DisplayClass7_0: New Message Received: (Messages.RequestMessages.AliveRequest)
04/12/2016 11:45:42 [21] INFO   ispatcher+<>c__DisplayClass7_0: MessageId: 1.41ConversationId: 1.41
04/12/2016 11:45:42 [21] DEBUG  Dispatcher                    : Conversation  with id= 1.41 does not exist, trying to create new conversation.
04/12/2016 11:45:42 [21] DEBUG  ConversationFactory           : Creating Conversation of type AliveConversation
04/12/2016 11:45:42 [21] DEBUG  Dispatcher                    : Adding Conversation Player.Conversation.AliveConversation, 1.41
04/12/2016 11:45:42 [21] DEBUG  Dispatcher                    :       New Queue ID: 1.41
04/12/2016 11:45:42 [21] DEBUG  Dispatcher                    : Successsfully queued a new message of type AliveRequest, for conversation: 1.41
04/12/2016 11:45:42 [21] INFO   BackgroundThread              : Starting 
04/12/2016 11:45:42 [21] DEBUG  Conversation                  : AliveConversation, ConversationID: 1.41: Message available!
04/12/2016 11:45:42 [21] DEBUG  Conversation                  : AliveConversation, ConversationID: 1.41: Message available!
04/12/2016 11:45:42 [21] DEBUG  Conversation                  : AliveConversation, ConversationID: 1.41: Message available!
04/12/2016 11:45:42 [21] DEBUG  Conversation                  : AliveConversation, ConversationID: 1.41: Message has IDs
04/12/2016 11:45:42 [21] DEBUG  Conversation                  : AliveConversation, ConversationID: 1.41: Message is valid
04/12/2016 11:45:42 [21] DEBUG  Conversation                  : AliveConversation, ConversationID: 1.41: Envelope is valid
04/12/2016 11:45:42 [21] DEBUG  Conversation                  : AliveConversation, ConversationID: 1.41: Received Message is valid
04/12/2016 11:45:42 [21] DEBUG  AliveConversation             : Creating Alive Response
04/12/2016 11:45:42 [21] DEBUG  ResponseConversation          : AliveConversation, ConversationID: 1.41: Conversation Id  for Response conversation: 1.41
04/12/2016 11:45:42 [21] DEBUG  Conversation                  : AliveConversation, ConversationID: 1.41: Setting Message IDs
04/12/2016 11:45:42 [21] DEBUG  Conversation                  : AliveConversation, ConversationID: 1.41: Message has IDs
04/12/2016 11:45:43 [21] DEBUG  Conversation                  : AliveConversation, ConversationID: 1.41: Message is valid
04/12/2016 11:45:43 [21] DEBUG  Conversation                  : AliveConversation, ConversationID: 1.41: Envelope is valid
04/12/2016 11:45:43 [21] DEBUG  Conversation                  : AliveConversation, ConversationID: 1.41: Conversation is initiating send.
04/12/2016 11:45:43 [21] DEBUG  PostMan                       : Sending UDP (Messages.ReplyMessages.Reply, MessageID: 7.8, ConversationID: 1.41)
Endpoint: 127.0.0.1:12000
JSON: {"__type":"Reply:#Messages.ReplyMessages","ConvId":{"Pid":1,"Seq":41},"MsgId":{"Pid":7,"Seq":8},"Note":"I'm Alive","Success":true}
04/12/2016 11:45:43 [21] DEBUG  PostMan                       : Message Delivered
04/12/2016 11:45:43 [21] DEBUG  Conversation                  : AliveConversation, ConversationID: 1.41: Send succeeded.
04/12/2016 11:46:12 [10] DEBUG  PostMan                       : Received UDP (Messages.RequestMessages.AliveRequest, MessageID: 1.46, ConversationID: 1.46)
JSON: {"__type":"AliveRequest:#Messages.RequestMessages","ConvId":{"Pid":1,"Seq":46},"MsgId":{"Pid":1,"Seq":46}}
04/12/2016 11:46:12 [22] INFO   ispatcher+<>c__DisplayClass7_0: New Message Received: (Messages.RequestMessages.AliveRequest)
04/12/2016 11:46:12 [22] INFO   ispatcher+<>c__DisplayClass7_0: MessageId: 1.46ConversationId: 1.46
04/12/2016 11:46:12 [22] DEBUG  Dispatcher                    : Conversation  with id= 1.46 does not exist, trying to create new conversation.
04/12/2016 11:46:12 [22] DEBUG  ConversationFactory           : Creating Conversation of type AliveConversation
04/12/2016 11:46:12 [22] DEBUG  Dispatcher                    : Adding Conversation Player.Conversation.AliveConversation, 1.46
04/12/2016 11:46:12 [22] DEBUG  Dispatcher                    :       New Queue ID: 1.46
04/12/2016 11:46:12 [22] DEBUG  Dispatcher                    : Successsfully queued a new message of type AliveRequest, for conversation: 1.46
04/12/2016 11:46:12 [22] INFO   BackgroundThread              : Starting 
04/12/2016 11:46:12 [22] DEBUG  Conversation                  : AliveConversation, ConversationID: 1.46: Message available!
04/12/2016 11:46:12 [22] DEBUG  Conversation                  : AliveConversation, ConversationID: 1.46: Message available!
04/12/2016 11:46:12 [22] DEBUG  Conversation                  : AliveConversation, ConversationID: 1.46: Message available!
04/12/2016 11:46:13 [22] DEBUG  Conversation                  : AliveConversation, ConversationID: 1.46: Message has IDs
04/12/2016 11:46:13 [22] DEBUG  Conversation                  : AliveConversation, ConversationID: 1.46: Message is valid
04/12/2016 11:46:13 [22] DEBUG  Conversation                  : AliveConversation, ConversationID: 1.46: Envelope is valid
04/12/2016 11:46:13 [22] DEBUG  Conversation                  : AliveConversation, ConversationID: 1.46: Received Message is valid
04/12/2016 11:46:13 [22] DEBUG  AliveConversation             : Creating Alive Response
04/12/2016 11:46:13 [22] DEBUG  ResponseConversation          : AliveConversation, ConversationID: 1.46: Conversation Id  for Response conversation: 1.46
04/12/2016 11:46:13 [22] DEBUG  Conversation                  : AliveConversation, ConversationID: 1.46: Setting Message IDs
04/12/2016 11:46:13 [22] DEBUG  Conversation                  : AliveConversation, ConversationID: 1.46: Message has IDs
04/12/2016 11:46:13 [22] DEBUG  Conversation                  : AliveConversation, ConversationID: 1.46: Message is valid
04/12/2016 11:46:13 [22] DEBUG  Conversation                  : AliveConversation, ConversationID: 1.46: Envelope is valid
04/12/2016 11:46:13 [22] DEBUG  Conversation                  : AliveConversation, ConversationID: 1.46: Conversation is initiating send.
04/12/2016 11:46:13 [22] DEBUG  PostMan                       : Sending UDP (Messages.ReplyMessages.Reply, MessageID: 7.9, ConversationID: 1.46)
Endpoint: 127.0.0.1:12000
JSON: {"__type":"Reply:#Messages.ReplyMessages","ConvId":{"Pid":1,"Seq":46},"MsgId":{"Pid":7,"Seq":9},"Note":"I'm Alive","Success":true}
04/12/2016 11:46:13 [22] DEBUG  PostMan                       : Message Delivered
04/12/2016 11:46:13 [22] DEBUG  Conversation                  : AliveConversation, ConversationID: 1.46: Send succeeded.
04/12/2016 11:46:43 [10] DEBUG  PostMan                       : Received UDP (Messages.RequestMessages.AliveRequest, MessageID: 1.51, ConversationID: 1.51)
JSON: {"__type":"AliveRequest:#Messages.RequestMessages","ConvId":{"Pid":1,"Seq":51},"MsgId":{"Pid":1,"Seq":51}}
04/12/2016 11:46:43 [20] INFO   ispatcher+<>c__DisplayClass7_0: New Message Received: (Messages.RequestMessages.AliveRequest)
04/12/2016 11:46:43 [20] INFO   ispatcher+<>c__DisplayClass7_0: MessageId: 1.51ConversationId: 1.51
04/12/2016 11:46:43 [20] DEBUG  Dispatcher                    : Conversation  with id= 1.51 does not exist, trying to create new conversation.
04/12/2016 11:46:43 [20] DEBUG  ConversationFactory           : Creating Conversation of type AliveConversation
04/12/2016 11:46:43 [20] DEBUG  Dispatcher                    : Adding Conversation Player.Conversation.AliveConversation, 1.51
04/12/2016 11:46:43 [20] DEBUG  Dispatcher                    :       New Queue ID: 1.51
04/12/2016 11:46:43 [20] DEBUG  Dispatcher                    : Successsfully queued a new message of type AliveRequest, for conversation: 1.51
04/12/2016 11:46:43 [20] INFO   BackgroundThread              : Starting 
04/12/2016 11:46:43 [20] DEBUG  Conversation                  : AliveConversation, ConversationID: 1.51: Message available!
04/12/2016 11:46:43 [20] DEBUG  Conversation                  : AliveConversation, ConversationID: 1.51: Message available!
04/12/2016 11:46:43 [20] DEBUG  Conversation                  : AliveConversation, ConversationID: 1.51: Message available!
04/12/2016 11:46:43 [20] DEBUG  Conversation                  : AliveConversation, ConversationID: 1.51: Message has IDs
04/12/2016 11:46:43 [20] DEBUG  Conversation                  : AliveConversation, ConversationID: 1.51: Message is valid
04/12/2016 11:46:43 [20] DEBUG  Conversation                  : AliveConversation, ConversationID: 1.51: Envelope is valid
04/12/2016 11:46:44 [20] DEBUG  Conversation                  : AliveConversation, ConversationID: 1.51: Received Message is valid
04/12/2016 11:46:44 [20] DEBUG  AliveConversation             : Creating Alive Response
04/12/2016 11:46:44 [20] DEBUG  ResponseConversation          : AliveConversation, ConversationID: 1.51: Conversation Id  for Response conversation: 1.51
04/12/2016 11:46:44 [20] DEBUG  Conversation                  : AliveConversation, ConversationID: 1.51: Setting Message IDs
04/12/2016 11:46:44 [20] DEBUG  Conversation                  : AliveConversation, ConversationID: 1.51: Message has IDs
04/12/2016 11:46:44 [20] DEBUG  Conversation                  : AliveConversation, ConversationID: 1.51: Message is valid
04/12/2016 11:46:44 [20] DEBUG  Conversation                  : AliveConversation, ConversationID: 1.51: Envelope is valid
04/12/2016 11:46:44 [20] DEBUG  Conversation                  : AliveConversation, ConversationID: 1.51: Conversation is initiating send.
04/12/2016 11:46:44 [20] DEBUG  PostMan                       : Sending UDP (Messages.ReplyMessages.Reply, MessageID: 7.10, ConversationID: 1.51)
Endpoint: 127.0.0.1:12000
JSON: {"__type":"Reply:#Messages.ReplyMessages","ConvId":{"Pid":1,"Seq":51},"MsgId":{"Pid":7,"Seq":10},"Note":"I'm Alive","Success":true}
04/12/2016 11:46:44 [20] DEBUG  PostMan                       : Message Delivered
04/12/2016 11:46:44 [20] DEBUG  Conversation                  : AliveConversation, ConversationID: 1.51: Send succeeded.
04/12/2016 11:47:14 [10] DEBUG  PostMan                       : Received UDP (Messages.RequestMessages.AliveRequest, MessageID: 1.56, ConversationID: 1.56)
JSON: {"__type":"AliveRequest:#Messages.RequestMessages","ConvId":{"Pid":1,"Seq":56},"MsgId":{"Pid":1,"Seq":56}}
04/12/2016 11:47:14 [12] INFO   ispatcher+<>c__DisplayClass7_0: New Message Received: (Messages.RequestMessages.AliveRequest)
04/12/2016 11:47:15 [12] INFO   ispatcher+<>c__DisplayClass7_0: MessageId: 1.56ConversationId: 1.56
04/12/2016 11:47:15 [12] DEBUG  Dispatcher                    : Conversation  with id= 1.56 does not exist, trying to create new conversation.
04/12/2016 11:47:15 [12] DEBUG  ConversationFactory           : Creating Conversation of type AliveConversation
04/12/2016 11:47:15 [12] DEBUG  Dispatcher                    : Adding Conversation Player.Conversation.AliveConversation, 1.56
04/12/2016 11:47:15 [12] DEBUG  Dispatcher                    :       New Queue ID: 1.56
04/12/2016 11:47:15 [12] DEBUG  Dispatcher                    : Successsfully queued a new message of type AliveRequest, for conversation: 1.56
04/12/2016 11:47:15 [12] INFO   BackgroundThread              : Starting 
04/12/2016 11:47:15 [12] DEBUG  Conversation                  : AliveConversation, ConversationID: 1.56: Message available!
04/12/2016 11:47:15 [12] DEBUG  Conversation                  : AliveConversation, ConversationID: 1.56: Message available!
04/12/2016 11:47:15 [12] DEBUG  Conversation                  : AliveConversation, ConversationID: 1.56: Message available!
04/12/2016 11:47:15 [12] DEBUG  Conversation                  : AliveConversation, ConversationID: 1.56: Message has IDs
04/12/2016 11:47:15 [12] DEBUG  Conversation                  : AliveConversation, ConversationID: 1.56: Message is valid
04/12/2016 11:47:15 [12] DEBUG  Conversation                  : AliveConversation, ConversationID: 1.56: Envelope is valid
04/12/2016 11:47:15 [12] DEBUG  Conversation                  : AliveConversation, ConversationID: 1.56: Received Message is valid
04/12/2016 11:47:15 [12] DEBUG  AliveConversation             : Creating Alive Response
04/12/2016 11:47:15 [12] DEBUG  ResponseConversation          : AliveConversation, ConversationID: 1.56: Conversation Id  for Response conversation: 1.56
04/12/2016 11:47:15 [12] DEBUG  Conversation                  : AliveConversation, ConversationID: 1.56: Setting Message IDs
04/12/2016 11:47:15 [12] DEBUG  Conversation                  : AliveConversation, ConversationID: 1.56: Message has IDs
04/12/2016 11:47:15 [12] DEBUG  Conversation                  : AliveConversation, ConversationID: 1.56: Message is valid
04/12/2016 11:47:15 [12] DEBUG  Conversation                  : AliveConversation, ConversationID: 1.56: Envelope is valid
04/12/2016 11:47:15 [12] DEBUG  Conversation                  : AliveConversation, ConversationID: 1.56: Conversation is initiating send.
04/12/2016 11:47:15 [12] DEBUG  PostMan                       : Sending UDP (Messages.ReplyMessages.Reply, MessageID: 7.11, ConversationID: 1.56)
Endpoint: 127.0.0.1:12000
JSON: {"__type":"Reply:#Messages.ReplyMessages","ConvId":{"Pid":1,"Seq":56},"MsgId":{"Pid":7,"Seq":11},"Note":"I'm Alive","Success":true}
04/12/2016 11:47:15 [12] DEBUG  PostMan                       : Message Delivered
04/12/2016 11:47:15 [12] DEBUG  Conversation                  : AliveConversation, ConversationID: 1.56: Send succeeded.
04/12/2016 11:47:46 [10] DEBUG  PostMan                       : Received UDP (Messages.RequestMessages.AliveRequest, MessageID: 1.61, ConversationID: 1.61)
JSON: {"__type":"AliveRequest:#Messages.RequestMessages","ConvId":{"Pid":1,"Seq":61},"MsgId":{"Pid":1,"Seq":61}}
04/12/2016 11:47:46 [17] INFO   ispatcher+<>c__DisplayClass7_0: New Message Received: (Messages.RequestMessages.AliveRequest)
04/12/2016 11:47:46 [17] INFO   ispatcher+<>c__DisplayClass7_0: MessageId: 1.61ConversationId: 1.61
04/12/2016 11:47:46 [17] DEBUG  Dispatcher                    : Conversation  with id= 1.61 does not exist, trying to create new conversation.
04/12/2016 11:47:46 [17] DEBUG  ConversationFactory           : Creating Conversation of type AliveConversation
04/12/2016 11:47:46 [17] DEBUG  Dispatcher                    : Adding Conversation Player.Conversation.AliveConversation, 1.61
04/12/2016 11:47:46 [17] DEBUG  Dispatcher                    :       New Queue ID: 1.61
04/12/2016 11:47:46 [17] DEBUG  Dispatcher                    : Successsfully queued a new message of type AliveRequest, for conversation: 1.61
04/12/2016 11:47:46 [17] INFO   BackgroundThread              : Starting 
04/12/2016 11:47:46 [17] DEBUG  Conversation                  : AliveConversation, ConversationID: 1.61: Message available!
04/12/2016 11:47:46 [17] DEBUG  Conversation                  : AliveConversation, ConversationID: 1.61: Message available!
04/12/2016 11:47:46 [17] DEBUG  Conversation                  : AliveConversation, ConversationID: 1.61: Message available!
04/12/2016 11:47:46 [17] DEBUG  Conversation                  : AliveConversation, ConversationID: 1.61: Message has IDs
04/12/2016 11:47:46 [17] DEBUG  Conversation                  : AliveConversation, ConversationID: 1.61: Message is valid
04/12/2016 11:47:46 [17] DEBUG  Conversation                  : AliveConversation, ConversationID: 1.61: Envelope is valid
04/12/2016 11:47:46 [17] DEBUG  Conversation                  : AliveConversation, ConversationID: 1.61: Received Message is valid
04/12/2016 11:47:46 [17] DEBUG  AliveConversation             : Creating Alive Response
04/12/2016 11:47:46 [17] DEBUG  ResponseConversation          : AliveConversation, ConversationID: 1.61: Conversation Id  for Response conversation: 1.61
04/12/2016 11:47:46 [17] DEBUG  Conversation                  : AliveConversation, ConversationID: 1.61: Setting Message IDs
04/12/2016 11:47:46 [17] DEBUG  Conversation                  : AliveConversation, ConversationID: 1.61: Message has IDs
04/12/2016 11:47:46 [17] DEBUG  Conversation                  : AliveConversation, ConversationID: 1.61: Message is valid
04/12/2016 11:47:46 [17] DEBUG  Conversation                  : AliveConversation, ConversationID: 1.61: Envelope is valid
04/12/2016 11:47:46 [17] DEBUG  Conversation                  : AliveConversation, ConversationID: 1.61: Conversation is initiating send.
04/12/2016 11:47:46 [17] DEBUG  PostMan                       : Sending UDP (Messages.ReplyMessages.Reply, MessageID: 7.12, ConversationID: 1.61)
Endpoint: 127.0.0.1:12000
JSON: {"__type":"Reply:#Messages.ReplyMessages","ConvId":{"Pid":1,"Seq":61},"MsgId":{"Pid":7,"Seq":12},"Note":"I'm Alive","Success":true}
04/12/2016 11:47:46 [17] DEBUG  PostMan                       : Message Delivered
04/12/2016 11:47:46 [17] DEBUG  Conversation                  : AliveConversation, ConversationID: 1.61: Send succeeded.
