04/09/2016 06:13:23 [ 8] DEBUG  PlayerConnection              : Using Local Settings.
04/09/2016 06:13:23 [ 8] DEBUG  PlayerConnection              : Starting Application. 
04/09/2016 06:13:23 [ 8] DEBUG  PlayerProcess                 : Initializeing Player Subsystem.
04/09/2016 06:13:23 [ 8] DEBUG  PlayerProcess                 : Initializing Player Details.
04/09/2016 06:13:23 [ 8] INFO   BackgroundThread              : Starting 
04/09/2016 06:13:23 [10] INFO   BackgroundThread              : Starting 
04/09/2016 06:13:23 [10] DEBUG  PlayerProcess                 : In Process Login function.
04/09/2016 06:13:23 [10] DEBUG  Dispatcher                    : Adding Conversation Player.Conversation.LoginConversation, 0.1
04/09/2016 06:13:23 [10] DEBUG  Dispatcher                    :       New Queue ID: 0.1
04/09/2016 06:13:23 [10] INFO   BackgroundThread              : Starting 
04/09/2016 06:13:23 [11] DEBUG  LoginConversation             : Creating login request. 
04/09/2016 06:13:23 [11] DEBUG  InitiatedConversation         : Conversation Id  for initiated conversation: 0.1
04/09/2016 06:13:23 [11] DEBUG  PostMan                       : Sending UDP (Messages.RequestMessages.LoginRequest, MessageID: 0.1, ConversationID: 0.1)
JSON: {"__type":"LoginRequest:#Messages.RequestMessages","ConvId":{"Pid":0,"Seq":1},"MsgId":{"Pid":0,"Seq":1},"Identity":{"ANumber":"A00000001","Alias":"The Instructor","FirstName":"The","LastName":"Instructor"},"ProcessLabel":"The Instructor","ProcessType":3,"PublicKey":null}
04/09/2016 06:13:23 [11] DEBUG  PostMan                       : Message Delivered
04/09/2016 06:13:23 [12] DEBUG  PostMan                       : Received UDP (Messages.ReplyMessages.LoginReply, MessageID: 1.8, ConversationID: 0.1)
JSON: {"__type":"LoginReply:#Messages.ReplyMessages","ConvId":{"Pid":0,"Seq":1},"MsgId":{"Pid":1,"Seq":8},"Note":"Logged in","Success":true,"PennyBankEndPoint":{"Host":"127.0.0.1","Port":12003},"PennyBankPublicKey":null,"ProcessInfo":{"EndPoint":{"Host":"127.0.0.1","Port":10000},"Label":"The Instructor","ProcessId":6,"Status":3,"Type":3},"ProxyEndPoint":{"Host":"127.0.0.1","Port":12002}}
04/09/2016 06:13:23 [12] INFO   Dispatcher                    : New Message Received: (Messages.ReplyMessages.LoginReply)
04/09/2016 06:13:24 [12] INFO   Dispatcher                    : MessageId: 1.8ConversationId: 0.1
04/09/2016 06:13:28 [11] DEBUG  LoginConversation             : Received a login reply message.
04/09/2016 06:13:28 [11] INFO   BackgroundThread              : Stopping 
04/09/2016 06:13:28 [10] DEBUG  PlayerProcess                 : In Process GetGameList function.
04/09/2016 06:13:28 [11] DEBUG  BackgroundThread              : Leaving Stop
04/09/2016 06:13:28 [10] DEBUG  Dispatcher                    : Adding Conversation Player.Conversation.GameListConversation, 6.2
04/09/2016 06:13:28 [10] DEBUG  Dispatcher                    :       New Queue ID: 6.2
04/09/2016 06:13:28 [10] INFO   BackgroundThread              : Starting 
04/09/2016 06:13:28 [13] DEBUG  GameListConversation          : Queuing game list request. 
04/09/2016 06:13:28 [13] DEBUG  InitiatedConversation         : Conversation Id  for initiated conversation: 6.2
04/09/2016 06:13:28 [13] DEBUG  PostMan                       : Sending UDP (Messages.RequestMessages.GameListRequest, MessageID: 6.2, ConversationID: 6.2)
JSON: {"__type":"GameListRequest:#Messages.RequestMessages","ConvId":{"Pid":6,"Seq":2},"MsgId":{"Pid":6,"Seq":2},"StatusFilter":4}
04/09/2016 06:13:29 [13] DEBUG  PostMan                       : Message Delivered
04/09/2016 06:13:29 [12] DEBUG  PostMan                       : Received UDP (Messages.ReplyMessages.GameListReply, MessageID: 1.9, ConversationID: 6.2)
JSON: {"__type":"GameListReply:#Messages.ReplyMessages","ConvId":{"Pid":6,"Seq":2},"MsgId":{"Pid":1,"Seq":9},"Note":null,"Success":true,"GameInfo":[{"CurrentProcesses":[{"HasUmbrellaRaised":false,"HitPoints":0,"LifePoints":100,"ProcessId":5,"Type":4},{"HasUmbrellaRaised":false,"HitPoints":0,"LifePoints":100,"ProcessId":4,"Type":5}],"GameId":3,"GameManagerId":2,"Label":"GM48456's 1st Game","MaxPlayers":3,"MinPlayers":3,"StartingPlayers":[],"Status":4,"Winners":null}]}
04/09/2016 06:13:29 [12] INFO   Dispatcher                    : New Message Received: (Messages.ReplyMessages.GameListReply)
04/09/2016 06:13:29 [12] INFO   Dispatcher                    : MessageId: 1.9ConversationId: 6.2
04/09/2016 06:13:30 [12] DEBUG  PostMan                       : Received UDP (Messages.RequestMessages.AliveRequest, MessageID: 1.13, ConversationID: 1.13)
JSON: {"__type":"AliveRequest:#Messages.RequestMessages","ConvId":{"Pid":1,"Seq":13},"MsgId":{"Pid":1,"Seq":13}}
04/09/2016 06:13:30 [12] INFO   Dispatcher                    : New Message Received: (Messages.RequestMessages.AliveRequest)
04/09/2016 06:13:30 [12] INFO   Dispatcher                    : MessageId: 1.13ConversationId: 1.13
04/09/2016 06:13:30 [12] DEBUG  Dispatcher                    : Conversation  with id= 1.13 does not exist, trying to create new conversation.
04/09/2016 06:13:30 [12] DEBUG  Dispatcher                    : Adding Conversation Player.Conversation.AliveConversation, 1.13
04/09/2016 06:13:30 [12] DEBUG  Dispatcher                    :       New Queue ID: 1.13
04/09/2016 06:13:30 [12] INFO   BackgroundThread              : Starting 
04/09/2016 06:13:30 [15] DEBUG  AliveConversation             : Creating Alive Response
04/09/2016 06:13:30 [15] DEBUG  ResponseConversation          : Conversation Id  for Response conversation: 1.13
04/09/2016 06:13:30 [15] DEBUG  PostMan                       : Sending UDP (Messages.ReplyMessages.Reply, MessageID: 6.3, ConversationID: 1.13)
JSON: {"__type":"Reply:#Messages.ReplyMessages","ConvId":{"Pid":1,"Seq":13},"MsgId":{"Pid":6,"Seq":3},"Note":"I'm Alive","Success":true}
04/09/2016 06:13:30 [15] DEBUG  PostMan                       : Message Delivered
04/09/2016 06:13:34 [13] DEBUG  GameListConversation          : Received a game list reply message.
04/09/2016 06:13:34 [13] INFO   BackgroundThread              : Stopping 
04/09/2016 06:13:34 [13] DEBUG  BackgroundThread              : Leaving Stop
04/09/2016 06:13:34 [10] DEBUG  PlayerProcess                 : Life points is null, game needs to be started.
04/09/2016 06:13:34 [10] DEBUG  Dispatcher                    : Adding Conversation Player.Conversation.JoinGameConversation, 6.4
04/09/2016 06:13:34 [10] DEBUG  Dispatcher                    :       New Queue ID: 6.4
04/09/2016 06:13:34 [10] INFO   BackgroundThread              : Starting 
04/09/2016 06:13:34 [11] DEBUG  JoinGameConversation          : Queuing join game request. 
04/09/2016 06:13:34 [11] DEBUG  JoinGameConversation          : Requesting GameId: 3
04/09/2016 06:13:34 [11] DEBUG  InitiatedConversation         : Conversation Id  for initiated conversation: 6.4
04/09/2016 06:13:34 [11] DEBUG  PostMan                       : Sending UDP (Messages.Routing, MessageID: 6.4, ConversationID: 6.4)
JSON: {"__type":"Routing:#Messages","ConvId":{"Pid":6,"Seq":4},"MsgId":{"Pid":6,"Seq":4},"InnerMessage":{"__type":"JoinGameRequest:#Messages.RequestMessages","ConvId":{"Pid":6,"Seq":4},"MsgId":{"Pid":6,"Seq":4},"GameId":3,"Process":{"EndPoint":{"Host":"127.0.0.1","Port":10000},"Label":"The Instructor","ProcessId":6,"Status":4,"Type":3}},"ToProcessIds":[2]}
04/09/2016 06:13:34 [10] DEBUG  PlayerProcess                 : No games available, setting status to 'Registered'
04/09/2016 06:13:34 [11] DEBUG  PostMan                       : Message Delivered
04/09/2016 06:13:34 [12] DEBUG  PostMan                       : Received UDP (Messages.Routing, MessageID: 2.16, ConversationID: 6.4)
JSON: {"__type":"Routing:#Messages","ConvId":{"Pid":6,"Seq":4},"MsgId":{"Pid":2,"Seq":16},"InnerMessage":{"__type":"JoinGameReply:#Messages.ReplyMessages","ConvId":{"Pid":6,"Seq":4},"MsgId":{"Pid":2,"Seq":16},"Note":null,"Success":true,"GameId":3,"InitialLifePoints":100},"ToProcessIds":[6]}
04/09/2016 06:13:34 [12] INFO   Dispatcher                    : New Message Received: (Messages.Routing)
04/09/2016 06:13:34 [12] INFO   Dispatcher                    : MessageId: 2.16ConversationId: 6.4
04/09/2016 06:13:34 [12] DEBUG  PostMan                       : Received UDP (Messages.Routing, MessageID: 2.19, ConversationID: 2.19)
JSON: {"__type":"Routing:#Messages","ConvId":{"Pid":2,"Seq":19},"MsgId":{"Pid":2,"Seq":19},"InnerMessage":{"__type":"GameStatusNotification:#Messages.RequestMessages","ConvId":{"Pid":2,"Seq":19},"MsgId":{"Pid":2,"Seq":19},"Game":{"CurrentProcesses":[{"HasUmbrellaRaised":false,"HitPoints":0,"LifePoints":100,"ProcessId":5,"Type":4},{"HasUmbrellaRaised":false,"HitPoints":0,"LifePoints":100,"ProcessId":4,"Type":5},{"HasUmbrellaRaised":false,"HitPoints":0,"LifePoints":100,"ProcessId":6,"Type":3}],"GameId":3,"GameManagerId":2,"Label":"GM48456's 1st Game","MaxPlayers":3,"MinPlayers":3,"StartingPlayers":[],"Status":4,"Winners":null}},"ToProcessIds":[5,4,6]}
04/09/2016 06:13:34 [10] DEBUG  PlayerProcess                 : In Process GetGameList function.
04/09/2016 06:13:34 [12] INFO   Dispatcher                    : New Message Received: (Messages.Routing)
04/09/2016 06:13:34 [12] INFO   Dispatcher                    : MessageId: 2.19ConversationId: 2.19
04/09/2016 06:13:34 [10] DEBUG  Dispatcher                    : Adding Conversation Player.Conversation.GameListConversation, 6.5
04/09/2016 06:13:34 [12] DEBUG  Dispatcher                    : Conversation  with id= 2.19 does not exist, trying to create new conversation.
04/09/2016 06:13:34 [10] DEBUG  Dispatcher                    :       New Queue ID: 6.5
04/09/2016 06:13:34 [10] INFO   BackgroundThread              : Starting 
04/09/2016 06:13:34 [13] DEBUG  GameListConversation          : Queuing game list request. 
04/09/2016 06:13:34 [13] DEBUG  InitiatedConversation         : Conversation Id  for initiated conversation: 6.5
04/09/2016 06:13:34 [12] DEBUG  Dispatcher                    : Adding Conversation Player.Conversation.GameStatusConversation, 2.19
04/09/2016 06:13:34 [12] DEBUG  Dispatcher                    :       New Queue ID: 2.19
04/09/2016 06:13:34 [12] INFO   BackgroundThread              : Starting 
04/09/2016 06:13:34 [15] DEBUG  GameStatusConversation        : Received Game Status Message
04/09/2016 06:13:34 [13] DEBUG  PostMan                       : Sending UDP (Messages.RequestMessages.GameListRequest, MessageID: 6.5, ConversationID: 6.5)
JSON: {"__type":"GameListRequest:#Messages.RequestMessages","ConvId":{"Pid":6,"Seq":5},"MsgId":{"Pid":6,"Seq":5},"StatusFilter":4}
04/09/2016 06:13:34 [13] DEBUG  PostMan                       : Message Delivered
04/09/2016 06:13:34 [12] DEBUG  PostMan                       : Received UDP (Messages.ReplyMessages.GameListReply, MessageID: 1.16, ConversationID: 6.5)
JSON: {"__type":"GameListReply:#Messages.ReplyMessages","ConvId":{"Pid":6,"Seq":5},"MsgId":{"Pid":1,"Seq":16},"Note":null,"Success":true,"GameInfo":[{"CurrentProcesses":[{"HasUmbrellaRaised":false,"HitPoints":0,"LifePoints":100,"ProcessId":5,"Type":4},{"HasUmbrellaRaised":false,"HitPoints":0,"LifePoints":100,"ProcessId":4,"Type":5},{"HasUmbrellaRaised":false,"HitPoints":0,"LifePoints":100,"ProcessId":6,"Type":3}],"GameId":3,"GameManagerId":2,"Label":"GM48456's 1st Game","MaxPlayers":3,"MinPlayers":3,"StartingPlayers":[],"Status":4,"Winners":null}]}
04/09/2016 06:13:34 [12] INFO   Dispatcher                    : New Message Received: (Messages.ReplyMessages.GameListReply)
04/09/2016 06:13:35 [12] INFO   Dispatcher                    : MessageId: 1.16ConversationId: 6.5
04/09/2016 06:13:35 [12] DEBUG  PostMan                       : Received UDP (Messages.RequestMessages.AllowanceDeliveryRequest, MessageID: 1.17, ConversationID: 1.17)
JSON: {"__type":"AllowanceDeliveryRequest:#Messages.RequestMessages","ConvId":{"Pid":1,"Seq":17},"MsgId":{"Pid":1,"Seq":17},"NumberOfPennies":400,"PortNumber":12999}
04/09/2016 06:13:35 [12] INFO   Dispatcher                    : New Message Received: (Messages.RequestMessages.AllowanceDeliveryRequest)
04/09/2016 06:13:35 [12] INFO   Dispatcher                    : MessageId: 1.17ConversationId: 1.17
04/09/2016 06:13:35 [12] DEBUG  Dispatcher                    : Conversation  with id= 1.17 does not exist, trying to create new conversation.
04/09/2016 06:13:35 [12] DEBUG  Dispatcher                    : Adding Conversation Player.Conversation.AllowanceDeliveryConversation, 1.17
04/09/2016 06:13:35 [12] DEBUG  Dispatcher                    :       New Queue ID: 1.17
04/09/2016 06:13:35 [12] INFO   BackgroundThread              : Starting 
04/09/2016 06:13:35 [19] DEBUG  AllowanceDeliveryConversation : Received Allowance Delivery Request. 
04/09/2016 06:13:35 [19] DEBUG  TCPSocket                     : Destination Endpoint is: 127.0.0.1:12999
04/09/2016 06:13:35 [19] INFO   BackgroundThread              : Starting 
04/09/2016 06:13:35 [18] DEBUG  TCPSocket                     : Opening Remote TCP Connection
04/09/2016 06:13:35 [18] DEBUG  TCPSocket                     : TCP Socket connected to 127.0.0.1:12999
04/09/2016 06:13:35 [18] INFO   AllowanceDeliveryConversation : IN TCP RECEIVE!!!!
04/09/2016 06:13:35 [18] INFO   AllowanceDeliveryConversation : IN TCP RECEIVE!!!!
04/09/2016 06:13:35 [18] INFO   AllowanceDeliveryConversation : IN TCP RECEIVE!!!!
04/09/2016 06:13:35 [18] INFO   AllowanceDeliveryConversation : IN TCP RECEIVE!!!!
04/09/2016 06:13:35 [18] INFO   AllowanceDeliveryConversation : IN TCP RECEIVE!!!!
04/09/2016 06:13:35 [18] INFO   AllowanceDeliveryConversation : IN TCP RECEIVE!!!!
04/09/2016 06:13:35 [18] INFO   AllowanceDeliveryConversation : IN TCP RECEIVE!!!!
04/09/2016 06:13:35 [18] INFO   AllowanceDeliveryConversation : IN TCP RECEIVE!!!!
04/09/2016 06:13:35 [18] INFO   AllowanceDeliveryConversation : IN TCP RECEIVE!!!!
04/09/2016 06:13:35 [18] INFO   AllowanceDeliveryConversation : IN TCP RECEIVE!!!!
04/09/2016 06:13:37 [18] DEBUG  TCPSocket                     : System.IO.IOException: Unable to read data from the transport connection: An existing connection was forcibly closed by the remote host. ---> System.Net.Sockets.SocketException: An existing connection was forcibly closed by the remote host
   at System.Net.Sockets.Socket.Receive(Byte[] buffer, Int32 offset, Int32 size, SocketFlags socketFlags)
   at System.Net.Sockets.NetworkStream.Read(Byte[] buffer, Int32 offset, Int32 size)
   --- End of inner exception stack trace ---
   at System.Net.Sockets.NetworkStream.Read(Byte[] buffer, Int32 offset, Int32 size)
   at CommunicationLayer.TCPSocket.ReadStream(Socket handler) in D:\Drive\School\CS5200\LocalGame\CommunicationLayer\TCPSocket.cs:line 124
   at Player.Conversation.AllowanceDeliveryConversation.<OpenTCPStream>b__6_0(Socket handler) in D:\Drive\School\CS5200\LocalGame\Player\Conversation\AllowanceDeliveryConversation.cs:line 40
   at CommunicationLayer.TCPSocket.EstablishConnection(PublicEndPoint ep, Action`1 afterConnect) in D:\Drive\School\CS5200\LocalGame\CommunicationLayer\TCPSocket.cs:line 54
04/09/2016 06:13:37 [18] INFO   BackgroundThread              : Stopping 
04/09/2016 06:13:37 [18] DEBUG  BackgroundThread              : Leaving Stop
04/09/2016 06:13:39 [11] DEBUG  JoinGameConversation          : Received a game join message.
04/09/2016 06:13:39 [11] INFO   BackgroundThread              : Stopping 
04/09/2016 06:13:39 [11] DEBUG  BackgroundThread              : Leaving Stop
04/09/2016 06:13:39 [13] DEBUG  GameListConversation          : Received a game list reply message.
04/09/2016 06:13:39 [13] INFO   BackgroundThread              : Stopping 
04/09/2016 06:13:39 [13] DEBUG  BackgroundThread              : Leaving Stop
04/09/2016 06:13:45 [12] DEBUG  PostMan                       : Received UDP (Messages.RequestMessages.AllowanceDeliveryRequest, MessageID: 1.17, ConversationID: 1.17)
JSON: {"__type":"AllowanceDeliveryRequest:#Messages.RequestMessages","ConvId":{"Pid":1,"Seq":17},"MsgId":{"Pid":1,"Seq":17},"NumberOfPennies":400,"PortNumber":12999}
04/09/2016 06:13:45 [12] INFO   Dispatcher                    : New Message Received: (Messages.RequestMessages.AllowanceDeliveryRequest)
04/09/2016 06:13:45 [12] INFO   Dispatcher                    : MessageId: 1.17ConversationId: 1.17
