04/11/2016 11:36:09 [ 9] DEBUG  PlayerConnection              : Using Local Settings.
04/11/2016 11:36:09 [ 9] DEBUG  PlayerConnection              : Starting Application. 
04/11/2016 11:36:09 [ 9] DEBUG  PlayerConnection              : Initializing Subsystem
04/11/2016 11:36:09 [ 9] DEBUG  PlayerProcess                 : Initializeing Player Subsystem.
04/11/2016 11:36:09 [ 9] DEBUG  PlayerConnection              : Initializing Player
04/11/2016 11:36:09 [ 9] DEBUG  PlayerProcess                 : Initializing Player Details.
04/11/2016 11:36:09 [ 9] INFO   BackgroundThread              : Starting 
04/11/2016 11:36:09 [ 6] INFO   BackgroundThread              : Starting 
04/11/2016 11:36:10 [ 6] DEBUG  PlayerProcess                 : ------------- At top of Player process loop -------------
04/11/2016 11:36:10 [ 6] DEBUG  PlayerProcess                 : In Process Login function.
04/11/2016 11:36:10 [ 6] DEBUG  ConversationFactory           : Creating Conversation of type LoginConversation
04/11/2016 11:36:10 [ 6] DEBUG  Dispatcher                    : Adding Conversation Player.Conversation.LoginConversation, 0.1
04/11/2016 11:36:10 [ 6] DEBUG  Dispatcher                    :       New Queue ID: 0.1
04/11/2016 11:36:10 [ 6] INFO   BackgroundThread              : Starting 
04/11/2016 11:36:10 [12] DEBUG  Conversation                  : LoginConversation, ConversationID: 0.1: No message available
04/11/2016 11:36:10 [12] DEBUG  Conversation                  : LoginConversation, ConversationID: 0.1: No message available
04/11/2016 11:36:10 [12] DEBUG  Conversation                  : LoginConversation, ConversationID: 0.1: No message available
04/11/2016 11:36:10 [12] DEBUG  Conversation                  : LoginConversation, ConversationID: 0.1: No message available
04/11/2016 11:36:10 [12] DEBUG  Conversation                  : LoginConversation, ConversationID: 0.1: No message available
04/11/2016 11:36:10 [12] DEBUG  Conversation                  : LoginConversation, ConversationID: 0.1: No message available
04/11/2016 11:36:10 [12] DEBUG  Conversation                  : LoginConversation, ConversationID: 0.1: No message available
04/11/2016 11:36:10 [12] DEBUG  Conversation                  : LoginConversation, ConversationID: 0.1: No message available
04/11/2016 11:36:10 [12] DEBUG  Conversation                  : LoginConversation, ConversationID: 0.1: No message available
04/11/2016 11:36:11 [12] DEBUG  Conversation                  : LoginConversation, ConversationID: 0.1: No message available
04/11/2016 11:36:11 [12] DEBUG  Conversation                  : LoginConversation, ConversationID: 0.1: No message available
04/11/2016 11:36:11 [12] DEBUG  Conversation                  : LoginConversation, ConversationID: 0.1: No message available
04/11/2016 11:36:11 [12] DEBUG  LoginConversation             : Creating login request. 
04/11/2016 11:36:11 [12] DEBUG  InitiatedConversation         : LoginConversation, ConversationID: 0.1: Conversation Id  for Initiated conversation: 0.1
04/11/2016 11:36:11 [12] DEBUG  Conversation                  : LoginConversation, ConversationID: 0.1: Setting Message IDs
04/11/2016 11:36:11 [12] DEBUG  Conversation                  : LoginConversation, ConversationID: 0.1: Message has IDs
04/11/2016 11:36:11 [12] DEBUG  Conversation                  : LoginConversation, ConversationID: 0.1: Message is valid
04/11/2016 11:36:11 [12] DEBUG  Conversation                  : LoginConversation, ConversationID: 0.1: Envelope is valid
04/11/2016 11:36:11 [12] DEBUG  Conversation                  : LoginConversation, ConversationID: 0.1: Conversation is initiating send.
04/11/2016 11:36:11 [12] DEBUG  PostMan                       : Sending UDP (Messages.RequestMessages.LoginRequest, MessageID: 0.1, ConversationID: 0.1)
Endpoint: 127.0.0.1:12000
JSON: {"__type":"LoginRequest:#Messages.RequestMessages","ConvId":{"Pid":0,"Seq":1},"MsgId":{"Pid":0,"Seq":1},"Identity":{"ANumber":"A00000001","Alias":"The Instructor","FirstName":"The","LastName":"Instructor"},"ProcessLabel":"The Instructor","ProcessType":3,"PublicKey":null}
04/11/2016 11:36:11 [12] DEBUG  PostMan                       : Message Delivered
04/11/2016 11:36:11 [12] DEBUG  Conversation                  : LoginConversation, ConversationID: 0.1: Send succeeded.
04/11/2016 11:36:11 [11] DEBUG  PostMan                       : Received UDP (Messages.ReplyMessages.LoginReply, MessageID: 1.28, ConversationID: 0.1)
JSON: {"__type":"LoginReply:#Messages.ReplyMessages","ConvId":{"Pid":0,"Seq":1},"MsgId":{"Pid":1,"Seq":28},"Note":"Logged in","Success":true,"PennyBankEndPoint":{"Host":"127.0.0.1","Port":12003},"PennyBankPublicKey":null,"ProcessInfo":{"EndPoint":{"Host":"127.0.0.1","Port":10000},"Label":"The Instructor","ProcessId":7,"Status":3,"Type":3},"ProxyEndPoint":{"Host":"127.0.0.1","Port":12002}}
04/11/2016 11:36:11 [12] DEBUG  Conversation                  : LoginConversation, ConversationID: 0.1: No message available
04/11/2016 11:36:11 [13] INFO   ispatcher+<>c__DisplayClass7_0: New Message Received: (Messages.ReplyMessages.LoginReply)
04/11/2016 11:36:11 [13] INFO   ispatcher+<>c__DisplayClass7_0: MessageId: 1.28ConversationId: 0.1
04/11/2016 11:36:11 [13] DEBUG  Dispatcher                    : Successsfully queued a new message of type LoginReply, for conversation: 0.1
04/11/2016 11:36:11 [12] DEBUG  Conversation                  : LoginConversation, ConversationID: 0.1: Message available!
04/11/2016 11:36:11 [12] DEBUG  Conversation                  : LoginConversation, ConversationID: 0.1: Message available!
04/11/2016 11:36:11 [12] DEBUG  Conversation                  : LoginConversation, ConversationID: 0.1: Message has IDs
04/11/2016 11:36:11 [12] DEBUG  Conversation                  : LoginConversation, ConversationID: 0.1: Message is valid
04/11/2016 11:36:11 [12] DEBUG  Conversation                  : LoginConversation, ConversationID: 0.1: Envelope is valid
04/11/2016 11:36:11 [12] DEBUG  Conversation                  : LoginConversation, ConversationID: 0.1: Received Message is valid
04/11/2016 11:36:11 [12] DEBUG  LoginConversation             : Received a login reply message.
04/11/2016 11:36:11 [12] DEBUG  LoginConversation             : Proxy endpoint is 127.0.0.1:12003
04/11/2016 11:36:11 [ 6] DEBUG  PlayerProcess                 : ------------- At top of Player process loop -------------
04/11/2016 11:36:11 [ 6] DEBUG  PlayerProcess                 : In Process GetGameList function.
04/11/2016 11:36:11 [ 6] DEBUG  ConversationFactory           : Creating Conversation of type GameListConversation
04/11/2016 11:36:11 [ 6] DEBUG  Dispatcher                    : Adding Conversation Player.Conversation.GameListConversation, 7.2
04/11/2016 11:36:11 [ 6] DEBUG  Dispatcher                    :       New Queue ID: 7.2
04/11/2016 11:36:11 [ 6] INFO   BackgroundThread              : Starting 
04/11/2016 11:36:11 [18] DEBUG  Conversation                  : GameListConversation, ConversationID: 7.2: No message available
04/11/2016 11:36:12 [18] DEBUG  Conversation                  : GameListConversation, ConversationID: 7.2: No message available
04/11/2016 11:36:12 [18] DEBUG  Conversation                  : GameListConversation, ConversationID: 7.2: No message available
04/11/2016 11:36:12 [18] DEBUG  Conversation                  : GameListConversation, ConversationID: 7.2: No message available
04/11/2016 11:36:12 [18] DEBUG  Conversation                  : GameListConversation, ConversationID: 7.2: No message available
04/11/2016 11:36:12 [18] DEBUG  Conversation                  : GameListConversation, ConversationID: 7.2: No message available
04/11/2016 11:36:12 [18] DEBUG  Conversation                  : GameListConversation, ConversationID: 7.2: No message available
04/11/2016 11:36:12 [18] DEBUG  Conversation                  : GameListConversation, ConversationID: 7.2: No message available
04/11/2016 11:36:12 [18] DEBUG  Conversation                  : GameListConversation, ConversationID: 7.2: No message available
04/11/2016 11:36:12 [18] DEBUG  Conversation                  : GameListConversation, ConversationID: 7.2: No message available
04/11/2016 11:36:13 [18] DEBUG  Conversation                  : GameListConversation, ConversationID: 7.2: No message available
04/11/2016 11:36:13 [18] DEBUG  Conversation                  : GameListConversation, ConversationID: 7.2: No message available
04/11/2016 11:36:13 [18] DEBUG  GameListConversation          : Queuing game list request. 
04/11/2016 11:36:13 [18] DEBUG  InitiatedConversation         : GameListConversation, ConversationID: 7.2: Conversation Id  for Initiated conversation: 7.2
04/11/2016 11:36:13 [18] DEBUG  Conversation                  : GameListConversation, ConversationID: 7.2: Setting Message IDs
04/11/2016 11:36:13 [18] DEBUG  Conversation                  : GameListConversation, ConversationID: 7.2: Message has IDs
04/11/2016 11:36:13 [18] DEBUG  Conversation                  : GameListConversation, ConversationID: 7.2: Message is valid
04/11/2016 11:36:13 [18] DEBUG  Conversation                  : GameListConversation, ConversationID: 7.2: Envelope is valid
04/11/2016 11:36:13 [18] DEBUG  Conversation                  : GameListConversation, ConversationID: 7.2: Conversation is initiating send.
04/11/2016 11:36:13 [18] DEBUG  PostMan                       : Sending UDP (Messages.RequestMessages.GameListRequest, MessageID: 7.2, ConversationID: 7.2)
Endpoint: 127.0.0.1:12000
JSON: {"__type":"GameListRequest:#Messages.RequestMessages","ConvId":{"Pid":7,"Seq":2},"MsgId":{"Pid":7,"Seq":2},"StatusFilter":4}
04/11/2016 11:36:13 [18] DEBUG  PostMan                       : Message Delivered
04/11/2016 11:36:13 [18] DEBUG  Conversation                  : GameListConversation, ConversationID: 7.2: Send succeeded.
04/11/2016 11:36:13 [18] DEBUG  Conversation                  : GameListConversation, ConversationID: 7.2: No message available
04/11/2016 11:36:13 [11] DEBUG  PostMan                       : Received UDP (Messages.ReplyMessages.GameListReply, MessageID: 1.29, ConversationID: 7.2)
JSON: {"__type":"GameListReply:#Messages.ReplyMessages","ConvId":{"Pid":7,"Seq":2},"MsgId":{"Pid":1,"Seq":29},"Note":null,"Success":true,"GameInfo":[{"CurrentProcesses":[{"HasUmbrellaRaised":false,"HitPoints":0,"LifePoints":100,"ProcessId":5,"Type":4},{"HasUmbrellaRaised":false,"HitPoints":0,"LifePoints":100,"ProcessId":4,"Type":5}],"GameId":3,"GameManagerId":2,"Label":"GM67195's 1st Game","MaxPlayers":5,"MinPlayers":3,"StartingPlayers":[],"Status":4,"Winners":null}]}
04/11/2016 11:36:13 [18] DEBUG  Conversation                  : GameListConversation, ConversationID: 7.2: No message available
04/11/2016 11:36:13 [14] INFO   ispatcher+<>c__DisplayClass7_0: New Message Received: (Messages.ReplyMessages.GameListReply)
04/11/2016 11:36:13 [14] INFO   ispatcher+<>c__DisplayClass7_0: MessageId: 1.29ConversationId: 7.2
04/11/2016 11:36:13 [14] DEBUG  Dispatcher                    : Successsfully queued a new message of type GameListReply, for conversation: 7.2
04/11/2016 11:36:13 [18] DEBUG  Conversation                  : GameListConversation, ConversationID: 7.2: Message available!
04/11/2016 11:36:13 [18] DEBUG  Conversation                  : GameListConversation, ConversationID: 7.2: Message available!
04/11/2016 11:36:13 [18] DEBUG  Conversation                  : GameListConversation, ConversationID: 7.2: Message has IDs
04/11/2016 11:36:13 [18] DEBUG  Conversation                  : GameListConversation, ConversationID: 7.2: Message is valid
04/11/2016 11:36:13 [18] DEBUG  Conversation                  : GameListConversation, ConversationID: 7.2: Envelope is valid
04/11/2016 11:36:13 [18] DEBUG  Conversation                  : GameListConversation, ConversationID: 7.2: Received Message is valid
04/11/2016 11:36:13 [18] DEBUG  GameListConversation          : Received a game list reply message.
04/11/2016 11:36:13 [18] DEBUG  Conversation                  : GameListConversation, ConversationID: 7.2: No message available
04/11/2016 11:36:13 [18] DEBUG  Conversation                  : GameListConversation, ConversationID: 7.2: No message available
04/11/2016 11:36:14 [18] DEBUG  Conversation                  : GameListConversation, ConversationID: 7.2: No message available
04/11/2016 11:36:14 [18] DEBUG  Conversation                  : GameListConversation, ConversationID: 7.2: No message available
04/11/2016 11:36:14 [18] DEBUG  Conversation                  : GameListConversation, ConversationID: 7.2: No message available
04/11/2016 11:36:14 [18] DEBUG  Conversation                  : GameListConversation, ConversationID: 7.2: No message available
04/11/2016 11:36:14 [18] DEBUG  Conversation                  : GameListConversation, ConversationID: 7.2: No message available
04/11/2016 11:36:14 [18] DEBUG  Conversation                  : GameListConversation, ConversationID: 7.2: No message available
04/11/2016 11:36:14 [18] DEBUG  Conversation                  : GameListConversation, ConversationID: 7.2: No message available
04/11/2016 11:36:14 [18] DEBUG  Conversation                  : GameListConversation, ConversationID: 7.2: No message available
04/11/2016 11:36:14 [18] DEBUG  Conversation                  : GameListConversation, ConversationID: 7.2: No message available
04/11/2016 11:36:14 [18] DEBUG  Conversation                  : GameListConversation, ConversationID: 7.2: No message available
04/11/2016 11:36:15 [18] DEBUG  Conversation                  : GameListConversation, ConversationID: 7.2: No message available
04/11/2016 11:36:15 [18] DEBUG  Conversation                  : GameListConversation, ConversationID: 7.2: No message available
04/11/2016 11:36:15 [18] DEBUG  Conversation                  : GameListConversation, ConversationID: 7.2: No message available
04/11/2016 11:36:15 [18] DEBUG  Conversation                  : GameListConversation, ConversationID: 7.2: No message available
04/11/2016 11:36:15 [18] DEBUG  Conversation                  : GameListConversation, ConversationID: 7.2: No message available
04/11/2016 11:36:15 [18] DEBUG  Conversation                  : GameListConversation, ConversationID: 7.2: No message available
04/11/2016 11:36:15 [18] DEBUG  Conversation                  : GameListConversation, ConversationID: 7.2: No message available
04/11/2016 11:36:15 [18] DEBUG  Conversation                  : GameListConversation, ConversationID: 7.2: No message available
04/11/2016 11:36:15 [18] DEBUG  Conversation                  : GameListConversation, ConversationID: 7.2: No message available
04/11/2016 11:36:16 [18] DEBUG  Conversation                  : GameListConversation, ConversationID: 7.2: No message available
04/11/2016 11:36:16 [18] DEBUG  Conversation                  : GameListConversation, ConversationID: 7.2: No message available
04/11/2016 11:36:16 [18] DEBUG  Conversation                  : GameListConversation, ConversationID: 7.2: No message available
04/11/2016 11:36:16 [18] DEBUG  Conversation                  : GameListConversation, ConversationID: 7.2: No message available
04/11/2016 11:36:16 [18] DEBUG  Conversation                  : GameListConversation, ConversationID: 7.2: No message available
04/11/2016 11:36:16 [18] DEBUG  Conversation                  : GameListConversation, ConversationID: 7.2: No message available
04/11/2016 11:36:16 [18] DEBUG  Conversation                  : GameListConversation, ConversationID: 7.2: No message available
04/11/2016 11:36:16 [18] DEBUG  Conversation                  : GameListConversation, ConversationID: 7.2: No message available
04/11/2016 11:36:16 [18] DEBUG  Conversation                  : GameListConversation, ConversationID: 7.2: No message available
04/11/2016 11:36:16 [18] DEBUG  Conversation                  : GameListConversation, ConversationID: 7.2: No message available
04/11/2016 11:36:17 [18] DEBUG  Conversation                  : GameListConversation, ConversationID: 7.2: No message available
04/11/2016 11:36:17 [18] DEBUG  Conversation                  : GameListConversation, ConversationID: 7.2: No message available
04/11/2016 11:36:17 [18] DEBUG  Conversation                  : GameListConversation, ConversationID: 7.2: No message available
04/11/2016 11:36:17 [18] DEBUG  Conversation                  : GameListConversation, ConversationID: 7.2: No message available
04/11/2016 11:36:17 [18] DEBUG  Conversation                  : GameListConversation, ConversationID: 7.2: No message available
04/11/2016 11:36:17 [18] DEBUG  Conversation                  : GameListConversation, ConversationID: 7.2: No message available
04/11/2016 11:36:17 [18] DEBUG  Conversation                  : GameListConversation, ConversationID: 7.2: No message available
04/11/2016 11:36:17 [18] DEBUG  Conversation                  : GameListConversation, ConversationID: 7.2: No message available
04/11/2016 11:36:17 [18] DEBUG  Conversation                  : GameListConversation, ConversationID: 7.2: No message available
04/11/2016 11:36:17 [18] DEBUG  Conversation                  : GameListConversation, ConversationID: 7.2: No message available
04/11/2016 11:36:18 [18] DEBUG  Conversation                  : GameListConversation, ConversationID: 7.2: No message available
04/11/2016 11:36:18 [18] DEBUG  Conversation                  : GameListConversation, ConversationID: 7.2: No message available
04/11/2016 11:36:18 [18] DEBUG  Conversation                  : GameListConversation, ConversationID: 7.2: No message available
04/11/2016 11:36:18 [18] DEBUG  Conversation                  : GameListConversation, ConversationID: 7.2: No message available
04/11/2016 11:36:18 [18] DEBUG  Conversation                  : GameListConversation, ConversationID: 7.2: No message available
04/11/2016 11:36:18 [18] DEBUG  Conversation                  : GameListConversation, ConversationID: 7.2: No message available
04/11/2016 11:36:18 [18] DEBUG  Conversation                  : GameListConversation, ConversationID: 7.2: No message available
04/11/2016 11:36:18 [18] DEBUG  Conversation                  : GameListConversation, ConversationID: 7.2: No message available
04/11/2016 11:36:18 [18] DEBUG  Conversation                  : GameListConversation, ConversationID: 7.2: No message available
04/11/2016 11:36:19 [18] DEBUG  Conversation                  : GameListConversation, ConversationID: 7.2: No message available
04/11/2016 11:36:19 [18] DEBUG  Conversation                  : GameListConversation, ConversationID: 7.2: No message available
04/11/2016 11:36:19 [18] DEBUG  Conversation                  : GameListConversation, ConversationID: 7.2: No message available
04/11/2016 11:36:19 [18] DEBUG  Conversation                  : GameListConversation, ConversationID: 7.2: No message available
04/11/2016 11:36:19 [18] DEBUG  Conversation                  : GameListConversation, ConversationID: 7.2: No message available
04/11/2016 11:36:19 [18] DEBUG  Conversation                  : GameListConversation, ConversationID: 7.2: No message available
04/11/2016 11:36:19 [18] DEBUG  Conversation                  : GameListConversation, ConversationID: 7.2: No message available
04/11/2016 11:36:19 [18] DEBUG  Conversation                  : GameListConversation, ConversationID: 7.2: No message available
04/11/2016 11:36:19 [18] DEBUG  Conversation                  : GameListConversation, ConversationID: 7.2: No message available
04/11/2016 11:36:19 [18] DEBUG  Conversation                  : GameListConversation, ConversationID: 7.2: No message available
04/11/2016 11:36:20 [18] DEBUG  Conversation                  : GameListConversation, ConversationID: 7.2: No message available
04/11/2016 11:36:20 [18] DEBUG  Conversation                  : GameListConversation, ConversationID: 7.2: No message available
04/11/2016 11:36:20 [18] DEBUG  Conversation                  : GameListConversation, ConversationID: 7.2: No message available
04/11/2016 11:36:20 [18] DEBUG  Conversation                  : GameListConversation, ConversationID: 7.2: No message available
04/11/2016 11:36:20 [18] DEBUG  Conversation                  : GameListConversation, ConversationID: 7.2: No message available
04/11/2016 11:36:20 [18] DEBUG  Conversation                  : GameListConversation, ConversationID: 7.2: No message available
04/11/2016 11:36:20 [18] DEBUG  Conversation                  : GameListConversation, ConversationID: 7.2: No message available
04/11/2016 11:36:20 [18] DEBUG  Conversation                  : GameListConversation, ConversationID: 7.2: No message available
04/11/2016 11:36:20 [18] DEBUG  Conversation                  : GameListConversation, ConversationID: 7.2: No message available
04/11/2016 11:36:20 [18] DEBUG  Conversation                  : GameListConversation, ConversationID: 7.2: No message available
04/11/2016 11:36:21 [18] DEBUG  Conversation                  : GameListConversation, ConversationID: 7.2: No message available
04/11/2016 11:36:21 [18] DEBUG  Conversation                  : GameListConversation, ConversationID: 7.2: No message available
04/11/2016 11:36:21 [18] DEBUG  Conversation                  : GameListConversation, ConversationID: 7.2: No message available
04/11/2016 11:36:21 [18] DEBUG  Conversation                  : GameListConversation, ConversationID: 7.2: No message available
04/11/2016 11:36:21 [18] DEBUG  Conversation                  : GameListConversation, ConversationID: 7.2: No message available
04/11/2016 11:36:21 [18] DEBUG  Conversation                  : GameListConversation, ConversationID: 7.2: No message available
04/11/2016 11:36:21 [18] DEBUG  Conversation                  : GameListConversation, ConversationID: 7.2: No message available
04/11/2016 11:36:21 [18] DEBUG  Conversation                  : GameListConversation, ConversationID: 7.2: No message available
04/11/2016 11:36:21 [18] DEBUG  Conversation                  : GameListConversation, ConversationID: 7.2: No message available
04/11/2016 11:36:22 [18] DEBUG  Conversation                  : GameListConversation, ConversationID: 7.2: No message available
04/11/2016 11:36:22 [18] DEBUG  Conversation                  : GameListConversation, ConversationID: 7.2: No message available
04/11/2016 11:36:22 [18] DEBUG  Conversation                  : GameListConversation, ConversationID: 7.2: No message available
04/11/2016 11:36:22 [18] DEBUG  Conversation                  : GameListConversation, ConversationID: 7.2: No message available
04/11/2016 11:36:22 [18] DEBUG  Conversation                  : GameListConversation, ConversationID: 7.2: No message available
04/11/2016 11:36:22 [18] DEBUG  Conversation                  : GameListConversation, ConversationID: 7.2: No message available
04/11/2016 11:36:22 [18] DEBUG  Conversation                  : GameListConversation, ConversationID: 7.2: No message available
04/11/2016 11:36:22 [18] DEBUG  Conversation                  : GameListConversation, ConversationID: 7.2: No message available
04/11/2016 11:36:22 [18] DEBUG  Conversation                  : GameListConversation, ConversationID: 7.2: No message available
04/11/2016 11:36:22 [18] DEBUG  Conversation                  : GameListConversation, ConversationID: 7.2: No message available
04/11/2016 11:36:23 [18] DEBUG  Conversation                  : GameListConversation, ConversationID: 7.2: No message available
04/11/2016 11:36:23 [18] DEBUG  Conversation                  : GameListConversation, ConversationID: 7.2: No message available
04/11/2016 11:36:23 [18] DEBUG  Conversation                  : GameListConversation, ConversationID: 7.2: No message available
04/11/2016 11:36:23 [18] DEBUG  Conversation                  : GameListConversation, ConversationID: 7.2: No message available
04/11/2016 11:36:23 [18] DEBUG  Conversation                  : GameListConversation, ConversationID: 7.2: No message available
04/11/2016 11:36:23 [18] DEBUG  Conversation                  : GameListConversation, ConversationID: 7.2: No message available
04/11/2016 11:36:23 [18] DEBUG  Conversation                  : GameListConversation, ConversationID: 7.2: No message available
04/11/2016 11:36:23 [18] DEBUG  Conversation                  : GameListConversation, ConversationID: 7.2: No message available
04/11/2016 11:36:23 [18] DEBUG  Conversation                  : GameListConversation, ConversationID: 7.2: No message available
04/11/2016 11:36:23 [18] DEBUG  Conversation                  : GameListConversation, ConversationID: 7.2: No message available
04/11/2016 11:36:24 [18] DEBUG  Conversation                  : GameListConversation, ConversationID: 7.2: No message available
04/11/2016 11:36:24 [18] DEBUG  Conversation                  : GameListConversation, ConversationID: 7.2: No message available
04/11/2016 11:36:24 [18] DEBUG  Conversation                  : GameListConversation, ConversationID: 7.2: No message available
04/11/2016 11:36:24 [18] DEBUG  Conversation                  : GameListConversation, ConversationID: 7.2: No message available
04/11/2016 11:36:24 [18] DEBUG  Conversation                  : GameListConversation, ConversationID: 7.2: No message available
04/11/2016 11:36:24 [18] DEBUG  Conversation                  : GameListConversation, ConversationID: 7.2: No message available
04/11/2016 11:36:24 [18] DEBUG  Conversation                  : GameListConversation, ConversationID: 7.2: No message available
04/11/2016 11:36:24 [18] DEBUG  Conversation                  : GameListConversation, ConversationID: 7.2: No message available
04/11/2016 11:36:24 [18] DEBUG  Conversation                  : GameListConversation, ConversationID: 7.2: No message available
04/11/2016 11:36:25 [18] DEBUG  Conversation                  : GameListConversation, ConversationID: 7.2: No message available
04/11/2016 11:36:25 [18] DEBUG  Conversation                  : GameListConversation, ConversationID: 7.2: No message available
04/11/2016 11:36:25 [18] DEBUG  Conversation                  : GameListConversation, ConversationID: 7.2: No message available
04/11/2016 11:36:25 [18] DEBUG  Conversation                  : GameListConversation, ConversationID: 7.2: No message available
04/11/2016 11:36:25 [18] DEBUG  Conversation                  : GameListConversation, ConversationID: 7.2: No message available
04/11/2016 11:36:25 [18] DEBUG  Conversation                  : GameListConversation, ConversationID: 7.2: No message available
04/11/2016 11:36:25 [18] DEBUG  Conversation                  : GameListConversation, ConversationID: 7.2: No message available
04/11/2016 11:36:25 [18] DEBUG  Conversation                  : GameListConversation, ConversationID: 7.2: No message available
04/11/2016 11:36:25 [18] DEBUG  Conversation                  : GameListConversation, ConversationID: 7.2: No message available
04/11/2016 11:36:25 [18] DEBUG  Conversation                  : GameListConversation, ConversationID: 7.2: No message available
04/11/2016 11:36:26 [18] DEBUG  Conversation                  : GameListConversation, ConversationID: 7.2: No message available
04/11/2016 11:36:26 [18] DEBUG  Conversation                  : GameListConversation, ConversationID: 7.2: No message available
04/11/2016 11:36:26 [18] DEBUG  Conversation                  : GameListConversation, ConversationID: 7.2: No message available
04/11/2016 11:36:26 [18] DEBUG  Conversation                  : GameListConversation, ConversationID: 7.2: No message available
04/11/2016 11:36:26 [18] DEBUG  Conversation                  : GameListConversation, ConversationID: 7.2: No message available
04/11/2016 11:36:26 [18] DEBUG  Conversation                  : GameListConversation, ConversationID: 7.2: No message available
04/11/2016 11:36:26 [18] DEBUG  Conversation                  : GameListConversation, ConversationID: 7.2: No message available
04/11/2016 11:36:26 [18] DEBUG  Conversation                  : GameListConversation, ConversationID: 7.2: No message available
04/11/2016 11:36:26 [18] DEBUG  Conversation                  : GameListConversation, ConversationID: 7.2: No message available
04/11/2016 11:36:26 [18] DEBUG  Conversation                  : GameListConversation, ConversationID: 7.2: No message available
04/11/2016 11:36:27 [18] DEBUG  Conversation                  : GameListConversation, ConversationID: 7.2: No message available
04/11/2016 11:36:27 [18] DEBUG  Conversation                  : GameListConversation, ConversationID: 7.2: No message available
04/11/2016 11:36:27 [18] DEBUG  Conversation                  : GameListConversation, ConversationID: 7.2: No message available
04/11/2016 11:36:27 [18] DEBUG  Conversation                  : GameListConversation, ConversationID: 7.2: No message available
04/11/2016 11:36:27 [18] DEBUG  Conversation                  : GameListConversation, ConversationID: 7.2: No message available
04/11/2016 11:36:27 [18] DEBUG  Conversation                  : GameListConversation, ConversationID: 7.2: No message available
04/11/2016 11:36:27 [18] DEBUG  Conversation                  : GameListConversation, ConversationID: 7.2: No message available
04/11/2016 11:36:27 [18] DEBUG  Conversation                  : GameListConversation, ConversationID: 7.2: No message available
04/11/2016 11:36:27 [18] DEBUG  Conversation                  : GameListConversation, ConversationID: 7.2: No message available
04/11/2016 11:36:28 [18] DEBUG  Conversation                  : GameListConversation, ConversationID: 7.2: No message available
04/11/2016 11:36:28 [18] DEBUG  Conversation                  : GameListConversation, ConversationID: 7.2: No message available
04/11/2016 11:36:28 [18] DEBUG  Conversation                  : GameListConversation, ConversationID: 7.2: No message available
04/11/2016 11:36:28 [18] DEBUG  Conversation                  : GameListConversation, ConversationID: 7.2: No message available
04/11/2016 11:36:28 [18] DEBUG  Conversation                  : GameListConversation, ConversationID: 7.2: No message available
04/11/2016 11:36:28 [18] DEBUG  Conversation                  : GameListConversation, ConversationID: 7.2: No message available
04/11/2016 11:36:28 [18] DEBUG  Conversation                  : GameListConversation, ConversationID: 7.2: No message available
04/11/2016 11:36:28 [18] DEBUG  Conversation                  : GameListConversation, ConversationID: 7.2: No message available
04/11/2016 11:36:28 [18] DEBUG  Conversation                  : GameListConversation, ConversationID: 7.2: No message available
04/11/2016 11:36:28 [18] DEBUG  Conversation                  : GameListConversation, ConversationID: 7.2: No message available
04/11/2016 11:36:29 [18] DEBUG  Conversation                  : GameListConversation, ConversationID: 7.2: No message available
04/11/2016 11:36:29 [18] DEBUG  Conversation                  : GameListConversation, ConversationID: 7.2: No message available
04/11/2016 11:36:29 [18] DEBUG  Conversation                  : GameListConversation, ConversationID: 7.2: No message available
04/11/2016 11:36:29 [18] DEBUG  Conversation                  : GameListConversation, ConversationID: 7.2: No message available
04/11/2016 11:36:29 [18] DEBUG  Conversation                  : GameListConversation, ConversationID: 7.2: No message available
04/11/2016 11:36:29 [18] DEBUG  Conversation                  : GameListConversation, ConversationID: 7.2: No message available
04/11/2016 11:36:29 [18] DEBUG  Conversation                  : GameListConversation, ConversationID: 7.2: No message available
04/11/2016 11:36:29 [18] DEBUG  Conversation                  : GameListConversation, ConversationID: 7.2: No message available
04/11/2016 11:36:29 [18] DEBUG  Conversation                  : GameListConversation, ConversationID: 7.2: No message available
04/11/2016 11:36:30 [18] DEBUG  Conversation                  : GameListConversation, ConversationID: 7.2: No message available
04/11/2016 11:36:30 [18] DEBUG  Conversation                  : GameListConversation, ConversationID: 7.2: No message available
04/11/2016 11:36:30 [18] DEBUG  Conversation                  : GameListConversation, ConversationID: 7.2: No message available
04/11/2016 11:36:30 [18] DEBUG  Conversation                  : GameListConversation, ConversationID: 7.2: No message available
04/11/2016 11:36:30 [18] DEBUG  Conversation                  : GameListConversation, ConversationID: 7.2: No message available
04/11/2016 11:36:30 [18] DEBUG  Conversation                  : GameListConversation, ConversationID: 7.2: No message available
04/11/2016 11:36:30 [18] DEBUG  Conversation                  : GameListConversation, ConversationID: 7.2: No message available
04/11/2016 11:36:30 [18] DEBUG  Conversation                  : GameListConversation, ConversationID: 7.2: No message available
04/11/2016 11:36:30 [18] DEBUG  Conversation                  : GameListConversation, ConversationID: 7.2: No message available
04/11/2016 11:36:30 [18] DEBUG  Conversation                  : GameListConversation, ConversationID: 7.2: No message available
04/11/2016 11:36:31 [18] DEBUG  Conversation                  : GameListConversation, ConversationID: 7.2: No message available
04/11/2016 11:36:31 [18] DEBUG  Conversation                  : GameListConversation, ConversationID: 7.2: No message available
04/11/2016 11:36:31 [18] DEBUG  Conversation                  : GameListConversation, ConversationID: 7.2: No message available
04/11/2016 11:36:31 [18] DEBUG  Conversation                  : GameListConversation, ConversationID: 7.2: No message available
04/11/2016 11:36:31 [18] DEBUG  Conversation                  : GameListConversation, ConversationID: 7.2: No message available
04/11/2016 11:36:31 [18] DEBUG  Conversation                  : GameListConversation, ConversationID: 7.2: No message available
04/11/2016 11:36:31 [18] DEBUG  Conversation                  : GameListConversation, ConversationID: 7.2: No message available
04/11/2016 11:36:31 [18] DEBUG  Conversation                  : GameListConversation, ConversationID: 7.2: No message available
04/11/2016 11:36:31 [18] DEBUG  Conversation                  : GameListConversation, ConversationID: 7.2: No message available
04/11/2016 11:36:31 [18] DEBUG  Conversation                  : GameListConversation, ConversationID: 7.2: No message available
04/11/2016 11:36:32 [18] DEBUG  Conversation                  : GameListConversation, ConversationID: 7.2: No message available
04/11/2016 11:36:32 [18] DEBUG  Conversation                  : GameListConversation, ConversationID: 7.2: No message available
04/11/2016 11:36:32 [11] DEBUG  PostMan                       : Received UDP (Messages.RequestMessages.AliveRequest, MessageID: 1.33, ConversationID: 1.33)
JSON: {"__type":"AliveRequest:#Messages.RequestMessages","ConvId":{"Pid":1,"Seq":33},"MsgId":{"Pid":1,"Seq":33}}
04/11/2016 11:36:32 [14] INFO   ispatcher+<>c__DisplayClass7_0: New Message Received: (Messages.RequestMessages.AliveRequest)
04/11/2016 11:36:32 [14] INFO   ispatcher+<>c__DisplayClass7_0: MessageId: 1.33ConversationId: 1.33
04/11/2016 11:36:32 [14] DEBUG  Dispatcher                    : Conversation  with id= 1.33 does not exist, trying to create new conversation.
04/11/2016 11:36:50 [18] DEBUG  Conversation                  : GameListConversation, ConversationID: 7.2: No message available
04/11/2016 11:36:55 [18] DEBUG  Conversation                  : GameListConversation, ConversationID: 7.2: No message available
04/11/2016 11:37:05 [18] DEBUG  Conversation                  : GameListConversation, ConversationID: 7.2: No message available
04/11/2016 11:37:09 [18] DEBUG  Conversation                  : GameListConversation, ConversationID: 7.2: No message available
