04/09/2016 09:53:41 [ 8] DEBUG  PlayerConnection              : Using Local Settings.
04/09/2016 09:53:41 [ 8] DEBUG  PlayerConnection              : Starting Application. 
04/09/2016 09:53:41 [ 8] DEBUG  PlayerProcess                 : Initializeing Player Subsystem.
04/09/2016 09:53:41 [ 8] DEBUG  PlayerProcess                 : Initializing Player Details.
04/09/2016 09:53:41 [ 8] INFO   BackgroundThread              : Starting 
04/09/2016 09:53:41 [10] INFO   BackgroundThread              : Starting 
04/09/2016 09:53:41 [10] DEBUG  PlayerProcess                 : In Process Login function.
04/09/2016 09:53:41 [10] DEBUG  Dispatcher                    : Adding Conversation Player.Conversation.LoginConversation, 0.1
04/09/2016 09:53:41 [10] DEBUG  Dispatcher                    :       New Queue ID: 0.1
04/09/2016 09:53:41 [10] DEBUG  LoginConversation             : Creating login request. 
04/09/2016 09:53:41 [10] DEBUG  InitiatedConversation         : LoginConversation, ConversationID: 0.1: Conversation Id  for initiated conversation: 0.1
04/09/2016 09:53:41 [10] DEBUG  Conversation                  : LoginConversation, ConversationID: 0.1: Setting Message IDs
04/09/2016 09:53:41 [10] DEBUG  Conversation                  : LoginConversation, ConversationID: 0.1: Message has IDs
04/09/2016 09:53:41 [10] DEBUG  Conversation                  : LoginConversation, ConversationID: 0.1: Message is valid
04/09/2016 09:53:41 [10] DEBUG  Conversation                  : LoginConversation, ConversationID: 0.1: Envelope is valid
04/09/2016 09:53:41 [10] DEBUG  Conversation                  : LoginConversation, ConversationID: 0.1: Conversation is initiating send.
04/09/2016 09:53:41 [10] DEBUG  PostMan                       : Sending UDP (Messages.RequestMessages.LoginRequest, MessageID: 0.1, ConversationID: 0.1)
JSON: {"__type":"LoginRequest:#Messages.RequestMessages","ConvId":{"Pid":0,"Seq":1},"MsgId":{"Pid":0,"Seq":1},"Identity":{"ANumber":"A00000001","Alias":"The Instructor","FirstName":"The","LastName":"Instructor"},"ProcessLabel":"The Instructor","ProcessType":3,"PublicKey":null}
04/09/2016 09:53:41 [10] DEBUG  PostMan                       : Message Delivered
04/09/2016 09:53:41 [10] DEBUG  Conversation                  : LoginConversation, ConversationID: 0.1: Send succeeded.
04/09/2016 09:53:41 [12] DEBUG  PostMan                       : Received UDP (Messages.ReplyMessages.LoginReply, MessageID: 1.96, ConversationID: 0.1)
JSON: {"__type":"LoginReply:#Messages.ReplyMessages","ConvId":{"Pid":0,"Seq":1},"MsgId":{"Pid":1,"Seq":96},"Note":"Logged in","Success":true,"PennyBankEndPoint":{"Host":"127.0.0.1","Port":12003},"PennyBankPublicKey":null,"ProcessInfo":{"EndPoint":{"Host":"127.0.0.1","Port":10000},"Label":"The Instructor","ProcessId":9,"Status":3,"Type":3},"ProxyEndPoint":{"Host":"127.0.0.1","Port":12002}}
04/09/2016 09:53:41 [10] INFO   BackgroundThread              : Starting 
04/09/2016 09:53:41 [12] INFO   Dispatcher                    : New Message Received: (Messages.ReplyMessages.LoginReply)
04/09/2016 09:53:41 [12] INFO   Dispatcher                    : MessageId: 1.96ConversationId: 0.1
04/09/2016 09:53:42 [12] DEBUG  PostMan                       : Received UDP (Messages.RequestMessages.AliveRequest, MessageID: 1.101, ConversationID: 1.101)
JSON: {"__type":"AliveRequest:#Messages.RequestMessages","ConvId":{"Pid":1,"Seq":101},"MsgId":{"Pid":1,"Seq":101}}
04/09/2016 09:53:42 [12] INFO   Dispatcher                    : New Message Received: (Messages.RequestMessages.AliveRequest)
04/09/2016 09:53:42 [12] INFO   Dispatcher                    : MessageId: 1.101ConversationId: 1.101
04/09/2016 09:53:42 [12] DEBUG  Dispatcher                    : Conversation  with id= 1.101 does not exist, trying to create new conversation.
04/09/2016 09:53:42 [12] DEBUG  Dispatcher                    : Adding Conversation Player.Conversation.AliveConversation, 1.101
04/09/2016 09:53:42 [12] DEBUG  Dispatcher                    :       New Queue ID: 1.101
04/09/2016 09:53:42 [12] DEBUG  Conversation                  : AliveConversation, ConversationID: 1.101: No message available
04/09/2016 09:53:42 [12] ERROR  Conversation                  : AliveConversation, ConversationID: 1.101: Conversation Start Failed. 
04/09/2016 09:53:42 [11] DEBUG  Conversation                  : LoginConversation, ConversationID: 0.1: Message available!
04/09/2016 09:53:42 [11] DEBUG  Conversation                  : LoginConversation, ConversationID: 0.1: Message has IDs
04/09/2016 09:53:42 [11] DEBUG  Conversation                  : LoginConversation, ConversationID: 0.1: Message is valid
04/09/2016 09:53:42 [11] DEBUG  Conversation                  : LoginConversation, ConversationID: 0.1: Envelope is valid
04/09/2016 09:53:42 [11] DEBUG  Conversation                  : LoginConversation, ConversationID: 0.1: Received Message is valid
04/09/2016 09:53:42 [11] DEBUG  LoginConversation             : Received a login reply message.
04/09/2016 09:53:42 [10] DEBUG  PlayerProcess                 : In Process GetGameList function.
04/09/2016 09:53:42 [10] DEBUG  Dispatcher                    : Adding Conversation Player.Conversation.GameListConversation, 9.2
04/09/2016 09:53:42 [10] DEBUG  Dispatcher                    :       New Queue ID: 9.2
04/09/2016 09:53:42 [10] DEBUG  GameListConversation          : Queuing game list request. 
04/09/2016 09:53:42 [10] DEBUG  InitiatedConversation         : GameListConversation, ConversationID: 9.2: Conversation Id  for initiated conversation: 9.2
04/09/2016 09:53:42 [10] DEBUG  Conversation                  : GameListConversation, ConversationID: 9.2: Setting Message IDs
04/09/2016 09:53:42 [10] DEBUG  Conversation                  : GameListConversation, ConversationID: 9.2: Message has IDs
04/09/2016 09:53:42 [10] DEBUG  Conversation                  : GameListConversation, ConversationID: 9.2: Message is valid
04/09/2016 09:53:42 [10] DEBUG  Conversation                  : GameListConversation, ConversationID: 9.2: Envelope is valid
04/09/2016 09:53:42 [10] DEBUG  Conversation                  : GameListConversation, ConversationID: 9.2: Conversation is initiating send.
04/09/2016 09:53:42 [10] DEBUG  PostMan                       : Sending UDP (Messages.RequestMessages.GameListRequest, MessageID: 9.2, ConversationID: 9.2)
JSON: {"__type":"GameListRequest:#Messages.RequestMessages","ConvId":{"Pid":9,"Seq":2},"MsgId":{"Pid":9,"Seq":2},"StatusFilter":4}
04/09/2016 09:53:42 [10] DEBUG  PostMan                       : Message Delivered
04/09/2016 09:53:42 [10] DEBUG  Conversation                  : GameListConversation, ConversationID: 9.2: Send succeeded.
04/09/2016 09:53:42 [10] INFO   BackgroundThread              : Starting 
04/09/2016 09:53:42 [12] DEBUG  PostMan                       : Received UDP (Messages.ReplyMessages.GameListReply, MessageID: 1.102, ConversationID: 9.2)
JSON: {"__type":"GameListReply:#Messages.ReplyMessages","ConvId":{"Pid":9,"Seq":2},"MsgId":{"Pid":1,"Seq":102},"Note":null,"Success":true,"GameInfo":[{"CurrentProcesses":[{"HasUmbrellaRaised":false,"HitPoints":0,"LifePoints":100,"ProcessId":4,"Type":5},{"HasUmbrellaRaised":false,"HitPoints":0,"LifePoints":100,"ProcessId":6,"Type":4},{"HasUmbrellaRaised":false,"HitPoints":0,"LifePoints":100,"ProcessId":5,"Type":5},{"HasUmbrellaRaised":false,"HitPoints":0,"LifePoints":100,"ProcessId":7,"Type":3},{"HasUmbrellaRaised":false,"HitPoints":0,"LifePoints":100,"ProcessId":8,"Type":3}],"GameId":3,"GameManagerId":2,"Label":"GM32397's 1st Game","MaxPlayers":5,"MinPlayers":3,"StartingPlayers":[],"Status":4,"Winners":null}]}
04/09/2016 09:53:43 [12] INFO   Dispatcher                    : New Message Received: (Messages.ReplyMessages.GameListReply)
04/09/2016 09:53:43 [12] INFO   Dispatcher                    : MessageId: 1.102ConversationId: 9.2
04/09/2016 09:53:43 [13] DEBUG  Conversation                  : GameListConversation, ConversationID: 9.2: Message available!
04/09/2016 09:53:43 [13] DEBUG  Conversation                  : GameListConversation, ConversationID: 9.2: Message has IDs
04/09/2016 09:53:44 [13] DEBUG  Conversation                  : GameListConversation, ConversationID: 9.2: Message is valid
04/09/2016 09:53:44 [13] DEBUG  Conversation                  : GameListConversation, ConversationID: 9.2: Envelope is valid
04/09/2016 09:53:44 [13] DEBUG  Conversation                  : GameListConversation, ConversationID: 9.2: Received Message is valid
04/09/2016 09:53:44 [13] DEBUG  GameListConversation          : Received a game list reply message.
04/09/2016 09:53:44 [10] DEBUG  PlayerProcess                 : Life points is null, game needs to be started.
04/09/2016 09:53:44 [10] DEBUG  Dispatcher                    : Adding Conversation Player.Conversation.JoinGameConversation, 9.3
04/09/2016 09:53:44 [10] DEBUG  Dispatcher                    :       New Queue ID: 9.3
04/09/2016 09:53:44 [10] DEBUG  JoinGameConversation          : Queuing join game request. 
04/09/2016 09:53:44 [10] DEBUG  JoinGameConversation          : Requesting GameId: 3
04/09/2016 09:53:44 [10] DEBUG  InitiatedConversation         : JoinGameConversation, ConversationID: 9.3: Conversation Id  for initiated conversation: 9.3
04/09/2016 09:53:44 [10] DEBUG  Conversation                  : JoinGameConversation, ConversationID: 9.3: Setting Message IDs
04/09/2016 09:53:44 [10] DEBUG  Conversation                  : JoinGameConversation, ConversationID: 9.3: Message has IDs
04/09/2016 09:53:44 [10] DEBUG  Conversation                  : JoinGameConversation, ConversationID: 9.3: Message is valid
04/09/2016 09:53:44 [10] DEBUG  Conversation                  : JoinGameConversation, ConversationID: 9.3: Envelope is valid
04/09/2016 09:53:44 [10] DEBUG  Conversation                  : JoinGameConversation, ConversationID: 9.3: Conversation is initiating send.
04/09/2016 09:53:44 [10] DEBUG  PostMan                       : Sending UDP (Messages.Routing, MessageID: 9.3, ConversationID: 9.3)
JSON: {"__type":"Routing:#Messages","ConvId":{"Pid":9,"Seq":3},"MsgId":{"Pid":9,"Seq":3},"InnerMessage":{"__type":"JoinGameRequest:#Messages.RequestMessages","ConvId":{"Pid":9,"Seq":3},"MsgId":{"Pid":9,"Seq":3},"GameId":3,"Process":{"EndPoint":{"Host":"127.0.0.1","Port":10000},"Label":"The Instructor","ProcessId":9,"Status":4,"Type":3}},"ToProcessIds":[2]}
04/09/2016 09:53:44 [10] DEBUG  PostMan                       : Message Delivered
04/09/2016 09:53:44 [10] DEBUG  Conversation                  : JoinGameConversation, ConversationID: 9.3: Send succeeded.
04/09/2016 09:53:44 [10] INFO   BackgroundThread              : Starting 
04/09/2016 09:53:44 [12] DEBUG  PostMan                       : Received UDP (Messages.Routing, MessageID: 2.48, ConversationID: 9.3)
JSON: {"__type":"Routing:#Messages","ConvId":{"Pid":9,"Seq":3},"MsgId":{"Pid":2,"Seq":48},"InnerMessage":{"__type":"JoinGameReply:#Messages.ReplyMessages","ConvId":{"Pid":9,"Seq":3},"MsgId":{"Pid":2,"Seq":48},"Note":null,"Success":true,"GameId":3,"InitialLifePoints":100},"ToProcessIds":[9]}
04/09/2016 09:53:44 [12] INFO   Dispatcher                    : New Message Received: (Messages.Routing)
04/09/2016 09:53:44 [12] INFO   Dispatcher                    : MessageId: 2.48ConversationId: 9.3
04/09/2016 09:53:44 [10] DEBUG  PlayerProcess                 : No games available, setting status to 'Registered'
04/09/2016 09:53:44 [10] DEBUG  PlayerProcess                 : In Process GetGameList function.
04/09/2016 09:53:44 [10] DEBUG  Dispatcher                    : Adding Conversation Player.Conversation.GameListConversation, 9.4
04/09/2016 09:53:44 [10] DEBUG  Dispatcher                    :       New Queue ID: 9.4
04/09/2016 09:53:44 [10] DEBUG  GameListConversation          : Queuing game list request. 
04/09/2016 09:53:44 [10] DEBUG  InitiatedConversation         : GameListConversation, ConversationID: 9.4: Conversation Id  for initiated conversation: 9.4
04/09/2016 09:53:44 [10] DEBUG  Conversation                  : GameListConversation, ConversationID: 9.4: Setting Message IDs
04/09/2016 09:53:44 [10] DEBUG  Conversation                  : GameListConversation, ConversationID: 9.4: Message has IDs
04/09/2016 09:53:44 [10] DEBUG  Conversation                  : GameListConversation, ConversationID: 9.4: Message is valid
04/09/2016 09:53:44 [10] DEBUG  Conversation                  : GameListConversation, ConversationID: 9.4: Envelope is valid
04/09/2016 09:53:44 [10] DEBUG  Conversation                  : GameListConversation, ConversationID: 9.4: Conversation is initiating send.
04/09/2016 09:53:44 [10] DEBUG  PostMan                       : Sending UDP (Messages.RequestMessages.GameListRequest, MessageID: 9.4, ConversationID: 9.4)
JSON: {"__type":"GameListRequest:#Messages.RequestMessages","ConvId":{"Pid":9,"Seq":4},"MsgId":{"Pid":9,"Seq":4},"StatusFilter":4}
04/09/2016 09:53:44 [10] DEBUG  PostMan                       : Message Delivered
04/09/2016 09:53:44 [12] DEBUG  PostMan                       : Received UDP (Messages.ReplyMessages.GameListReply, MessageID: 1.105, ConversationID: 9.4)
JSON: {"__type":"GameListReply:#Messages.ReplyMessages","ConvId":{"Pid":9,"Seq":4},"MsgId":{"Pid":1,"Seq":105},"Note":null,"Success":true,"GameInfo":[{"CurrentProcesses":[{"HasUmbrellaRaised":false,"HitPoints":0,"LifePoints":100,"ProcessId":4,"Type":5},{"HasUmbrellaRaised":false,"HitPoints":0,"LifePoints":100,"ProcessId":6,"Type":4},{"HasUmbrellaRaised":false,"HitPoints":0,"LifePoints":100,"ProcessId":5,"Type":5},{"HasUmbrellaRaised":false,"HitPoints":0,"LifePoints":100,"ProcessId":7,"Type":3},{"HasUmbrellaRaised":false,"HitPoints":0,"LifePoints":100,"ProcessId":8,"Type":3},{"HasUmbrellaRaised":false,"HitPoints":0,"LifePoints":100,"ProcessId":9,"Type":3}],"GameId":3,"GameManagerId":2,"Label":"GM32397's 1st Game","MaxPlayers":5,"MinPlayers":3,"StartingPlayers":[],"Status":4,"Winners":null}]}
04/09/2016 09:53:44 [10] DEBUG  Conversation                  : GameListConversation, ConversationID: 9.4: Send succeeded.
04/09/2016 09:53:44 [12] INFO   Dispatcher                    : New Message Received: (Messages.ReplyMessages.GameListReply)
04/09/2016 09:53:45 [12] INFO   Dispatcher                    : MessageId: 1.105ConversationId: 9.4
04/09/2016 09:53:45 [10] INFO   BackgroundThread              : Starting 
04/09/2016 09:53:45 [11] DEBUG  Conversation                  : JoinGameConversation, ConversationID: 9.3: Message available!
04/09/2016 09:53:45 [12] DEBUG  PostMan                       : Received UDP (Messages.RequestMessages.AllowanceDeliveryRequest, MessageID: 1.106, ConversationID: 1.106)
JSON: {"__type":"AllowanceDeliveryRequest:#Messages.RequestMessages","ConvId":{"Pid":1,"Seq":106},"MsgId":{"Pid":1,"Seq":106},"NumberOfPennies":400,"PortNumber":12997}
04/09/2016 09:53:45 [11] DEBUG  Conversation                  : JoinGameConversation, ConversationID: 9.3: Message has IDs
04/09/2016 09:53:45 [12] INFO   Dispatcher                    : New Message Received: (Messages.RequestMessages.AllowanceDeliveryRequest)
04/09/2016 09:53:45 [12] INFO   Dispatcher                    : MessageId: 1.106ConversationId: 1.106
04/09/2016 09:53:45 [12] DEBUG  Dispatcher                    : Conversation  with id= 1.106 does not exist, trying to create new conversation.
04/09/2016 09:53:57 [14] DEBUG  Conversation                  : GameListConversation, ConversationID: 9.4: Message available!
04/09/2016 09:54:00 [11] DEBUG  Conversation                  : JoinGameConversation, ConversationID: 9.3: Message is valid
04/09/2016 09:54:02 [12] DEBUG  Dispatcher                    : Adding Conversation Player.Conversation.AllowanceDeliveryConversation, 1.106
04/09/2016 09:54:02 [14] DEBUG  Conversation                  : GameListConversation, ConversationID: 9.4: Message has IDs
04/09/2016 09:54:02 [14] DEBUG  Conversation                  : GameListConversation, ConversationID: 9.4: Message is valid
04/09/2016 09:54:02 [14] DEBUG  Conversation                  : GameListConversation, ConversationID: 9.4: Envelope is valid
04/09/2016 09:54:02 [14] DEBUG  Conversation                  : GameListConversation, ConversationID: 9.4: Received Message is valid
04/09/2016 09:54:02 [14] DEBUG  GameListConversation          : Received a game list reply message.
04/09/2016 09:54:02 [12] DEBUG  Dispatcher                    :       New Queue ID: 1.106
04/09/2016 09:54:02 [12] DEBUG  Conversation                  : AllowanceDeliveryConversation, ConversationID: 1.106: No message available
04/09/2016 09:54:02 [12] ERROR  Conversation                  : AllowanceDeliveryConversation, ConversationID: 1.106: Conversation Start Failed. 
04/09/2016 09:54:03 [10] DEBUG  PlayerProcess                 : Life points is null, game needs to be started.
04/09/2016 09:55:02 [11] DEBUG  Conversation                  : JoinGameConversation, ConversationID: 9.3: Envelope is valid
04/09/2016 09:55:02 [10] DEBUG  Dispatcher                    : Adding Conversation Player.Conversation.JoinGameConversation, 9.5
04/09/2016 09:55:02 [10] DEBUG  Dispatcher                    :       New Queue ID: 9.5
04/09/2016 09:55:02 [10] DEBUG  JoinGameConversation          : Queuing join game request. 
04/09/2016 09:55:02 [10] DEBUG  JoinGameConversation          : Requesting GameId: 3
04/09/2016 09:55:02 [10] DEBUG  InitiatedConversation         : JoinGameConversation, ConversationID: 9.5: Conversation Id  for initiated conversation: 9.5
04/09/2016 09:55:02 [10] DEBUG  Conversation                  : JoinGameConversation, ConversationID: 9.5: Setting Message IDs
04/09/2016 09:55:02 [10] DEBUG  Conversation                  : JoinGameConversation, ConversationID: 9.5: Message has IDs
04/09/2016 09:55:02 [10] DEBUG  Conversation                  : JoinGameConversation, ConversationID: 9.5: Message is valid
04/09/2016 09:55:02 [11] DEBUG  Conversation                  : JoinGameConversation, ConversationID: 9.3: Received Message is valid
04/09/2016 09:55:02 [11] DEBUG  JoinGameConversation          : Received a game join message.
04/09/2016 09:55:02 [10] DEBUG  Conversation                  : JoinGameConversation, ConversationID: 9.5: Envelope is valid
04/09/2016 09:55:02 [10] DEBUG  Conversation                  : JoinGameConversation, ConversationID: 9.5: Conversation is initiating send.
04/09/2016 09:55:02 [10] DEBUG  PostMan                       : Sending UDP (Messages.Routing, MessageID: 9.5, ConversationID: 9.5)
JSON: {"__type":"Routing:#Messages","ConvId":{"Pid":9,"Seq":5},"MsgId":{"Pid":9,"Seq":5},"InnerMessage":{"__type":"JoinGameRequest:#Messages.RequestMessages","ConvId":{"Pid":9,"Seq":5},"MsgId":{"Pid":9,"Seq":5},"GameId":3,"Process":{"EndPoint":{"Host":"127.0.0.1","Port":10000},"Label":"The Instructor","ProcessId":9,"Status":5,"Type":3}},"ToProcessIds":[2]}
04/09/2016 09:55:02 [10] DEBUG  PostMan                       : Message Delivered
04/09/2016 09:55:02 [10] DEBUG  Conversation                  : JoinGameConversation, ConversationID: 9.5: Send succeeded.
04/09/2016 09:55:02 [10] INFO   BackgroundThread              : Starting 
04/09/2016 09:55:07 [18] DEBUG  Conversation                  : JoinGameConversation, ConversationID: 9.5: No message available
04/09/2016 09:55:08 [18] DEBUG  Conversation                  : JoinGameConversation, ConversationID: 9.5: No message available
04/09/2016 09:55:09 [18] DEBUG  Conversation                  : JoinGameConversation, ConversationID: 9.5: No message available
04/09/2016 09:55:10 [18] DEBUG  Conversation                  : JoinGameConversation, ConversationID: 9.5: No message available
04/09/2016 09:55:11 [18] DEBUG  Conversation                  : JoinGameConversation, ConversationID: 9.5: No message available
04/09/2016 09:55:12 [18] DEBUG  Conversation                  : JoinGameConversation, ConversationID: 9.5: No message available
04/09/2016 09:55:13 [18] DEBUG  Conversation                  : JoinGameConversation, ConversationID: 9.5: No message available
04/09/2016 09:55:14 [18] DEBUG  Conversation                  : JoinGameConversation, ConversationID: 9.5: No message available
04/09/2016 09:55:15 [18] DEBUG  Conversation                  : JoinGameConversation, ConversationID: 9.5: No message available
04/09/2016 09:55:16 [18] DEBUG  Conversation                  : JoinGameConversation, ConversationID: 9.5: No message available
04/09/2016 09:55:17 [18] ERROR  InitiatedConversation         : JoinGameConversation, ConversationID: 9.5: Conversation Failed
04/09/2016 09:55:17 [18] ERROR  JoinGameConversation          : No games available.  
04/09/2016 09:55:17 [18] ERROR  InitiatedConversation         : JoinGameConversation, ConversationID: 9.5: Conversation Ending
04/09/2016 09:55:17 [18] INFO   BackgroundThread              : Stopping 
04/09/2016 09:55:17 [18] DEBUG  BackgroundThread              : Leaving Stop
04/09/2016 09:55:17 [10] DEBUG  PlayerProcess                 : In Process GetGameList function.
04/09/2016 09:55:17 [10] DEBUG  Dispatcher                    : Adding Conversation Player.Conversation.GameListConversation, 9.6
04/09/2016 09:55:17 [10] DEBUG  Dispatcher                    :       New Queue ID: 9.6
04/09/2016 09:55:17 [10] DEBUG  GameListConversation          : Queuing game list request. 
04/09/2016 09:55:17 [10] DEBUG  InitiatedConversation         : GameListConversation, ConversationID: 9.6: Conversation Id  for initiated conversation: 9.6
04/09/2016 09:55:17 [10] DEBUG  Conversation                  : GameListConversation, ConversationID: 9.6: Setting Message IDs
04/09/2016 09:55:17 [10] DEBUG  Conversation                  : GameListConversation, ConversationID: 9.6: Message has IDs
04/09/2016 09:55:17 [10] DEBUG  Conversation                  : GameListConversation, ConversationID: 9.6: Message is valid
04/09/2016 09:55:17 [10] DEBUG  Conversation                  : GameListConversation, ConversationID: 9.6: Envelope is valid
04/09/2016 09:55:17 [10] DEBUG  Conversation                  : GameListConversation, ConversationID: 9.6: Conversation is initiating send.
04/09/2016 09:55:17 [10] DEBUG  PostMan                       : Sending UDP (Messages.RequestMessages.GameListRequest, MessageID: 9.6, ConversationID: 9.6)
JSON: {"__type":"GameListRequest:#Messages.RequestMessages","ConvId":{"Pid":9,"Seq":6},"MsgId":{"Pid":9,"Seq":6},"StatusFilter":4}
04/09/2016 09:55:17 [10] DEBUG  PostMan                       : Message Delivered
04/09/2016 09:55:17 [10] DEBUG  Conversation                  : GameListConversation, ConversationID: 9.6: Send succeeded.
04/09/2016 09:55:17 [10] INFO   BackgroundThread              : Starting 
04/09/2016 09:55:18 [18] DEBUG  Conversation                  : GameListConversation, ConversationID: 9.6: No message available
04/09/2016 09:55:19 [18] DEBUG  Conversation                  : GameListConversation, ConversationID: 9.6: No message available
04/09/2016 09:55:20 [18] DEBUG  Conversation                  : GameListConversation, ConversationID: 9.6: No message available
04/09/2016 09:55:21 [18] DEBUG  Conversation                  : GameListConversation, ConversationID: 9.6: No message available
04/09/2016 09:55:22 [18] DEBUG  Conversation                  : GameListConversation, ConversationID: 9.6: No message available
04/09/2016 09:55:23 [18] DEBUG  Conversation                  : GameListConversation, ConversationID: 9.6: No message available
04/09/2016 09:55:24 [18] DEBUG  Conversation                  : GameListConversation, ConversationID: 9.6: No message available
04/09/2016 09:55:25 [18] DEBUG  Conversation                  : GameListConversation, ConversationID: 9.6: No message available
04/09/2016 09:55:26 [18] DEBUG  Conversation                  : GameListConversation, ConversationID: 9.6: No message available
04/09/2016 09:55:27 [18] DEBUG  Conversation                  : GameListConversation, ConversationID: 9.6: No message available
04/09/2016 09:55:28 [18] ERROR  InitiatedConversation         : GameListConversation, ConversationID: 9.6: Conversation Failed
04/09/2016 09:55:28 [18] ERROR  GameListConversation          : Either the message received was null, or no games are available. 
04/09/2016 09:55:28 [18] ERROR  InitiatedConversation         : GameListConversation, ConversationID: 9.6: Conversation Ending
04/09/2016 09:55:28 [18] INFO   BackgroundThread              : Stopping 
04/09/2016 09:55:28 [18] DEBUG  BackgroundThread              : Leaving Stop
04/09/2016 09:55:28 [10] DEBUG  PlayerProcess                 : In Process GetGameList function.
04/09/2016 09:55:28 [10] DEBUG  Dispatcher                    : Adding Conversation Player.Conversation.GameListConversation, 9.7
04/09/2016 09:55:28 [10] DEBUG  Dispatcher                    :       New Queue ID: 9.7
04/09/2016 09:55:28 [10] DEBUG  GameListConversation          : Queuing game list request. 
04/09/2016 09:55:28 [10] DEBUG  InitiatedConversation         : GameListConversation, ConversationID: 9.7: Conversation Id  for initiated conversation: 9.7
04/09/2016 09:55:28 [10] DEBUG  Conversation                  : GameListConversation, ConversationID: 9.7: Setting Message IDs
04/09/2016 09:55:28 [10] DEBUG  Conversation                  : GameListConversation, ConversationID: 9.7: Message has IDs
04/09/2016 09:55:28 [10] DEBUG  Conversation                  : GameListConversation, ConversationID: 9.7: Message is valid
04/09/2016 09:55:28 [10] DEBUG  Conversation                  : GameListConversation, ConversationID: 9.7: Envelope is valid
04/09/2016 09:55:28 [10] DEBUG  Conversation                  : GameListConversation, ConversationID: 9.7: Conversation is initiating send.
04/09/2016 09:55:28 [10] DEBUG  PostMan                       : Sending UDP (Messages.RequestMessages.GameListRequest, MessageID: 9.7, ConversationID: 9.7)
JSON: {"__type":"GameListRequest:#Messages.RequestMessages","ConvId":{"Pid":9,"Seq":7},"MsgId":{"Pid":9,"Seq":7},"StatusFilter":4}
04/09/2016 09:55:28 [10] DEBUG  PostMan                       : Message Delivered
04/09/2016 09:55:28 [10] DEBUG  Conversation                  : GameListConversation, ConversationID: 9.7: Send succeeded.
04/09/2016 09:55:28 [10] INFO   BackgroundThread              : Starting 
04/09/2016 09:55:29 [19] DEBUG  Conversation                  : GameListConversation, ConversationID: 9.7: No message available
04/09/2016 09:55:30 [19] DEBUG  Conversation                  : GameListConversation, ConversationID: 9.7: No message available
04/09/2016 09:55:31 [19] DEBUG  Conversation                  : GameListConversation, ConversationID: 9.7: No message available
04/09/2016 09:55:32 [19] DEBUG  Conversation                  : GameListConversation, ConversationID: 9.7: No message available
04/09/2016 09:55:33 [19] DEBUG  Conversation                  : GameListConversation, ConversationID: 9.7: No message available
04/09/2016 09:55:34 [19] DEBUG  Conversation                  : GameListConversation, ConversationID: 9.7: No message available
04/09/2016 09:55:35 [19] DEBUG  Conversation                  : GameListConversation, ConversationID: 9.7: No message available
04/09/2016 09:55:36 [19] DEBUG  Conversation                  : GameListConversation, ConversationID: 9.7: No message available
04/09/2016 09:55:37 [19] DEBUG  Conversation                  : GameListConversation, ConversationID: 9.7: No message available
04/09/2016 09:55:38 [19] DEBUG  Conversation                  : GameListConversation, ConversationID: 9.7: No message available
04/09/2016 09:55:39 [19] ERROR  InitiatedConversation         : GameListConversation, ConversationID: 9.7: Conversation Failed
04/09/2016 09:55:39 [19] ERROR  GameListConversation          : Either the message received was null, or no games are available. 
04/09/2016 09:55:39 [19] ERROR  InitiatedConversation         : GameListConversation, ConversationID: 9.7: Conversation Ending
04/09/2016 09:55:39 [19] INFO   BackgroundThread              : Stopping 
04/09/2016 09:55:39 [19] DEBUG  BackgroundThread              : Leaving Stop
04/09/2016 09:55:39 [10] DEBUG  PlayerProcess                 : In Process GetGameList function.
04/09/2016 09:55:39 [10] DEBUG  Dispatcher                    : Adding Conversation Player.Conversation.GameListConversation, 9.8
04/09/2016 09:55:39 [10] DEBUG  Dispatcher                    :       New Queue ID: 9.8
04/09/2016 09:55:39 [10] DEBUG  GameListConversation          : Queuing game list request. 
04/09/2016 09:55:39 [10] DEBUG  InitiatedConversation         : GameListConversation, ConversationID: 9.8: Conversation Id  for initiated conversation: 9.8
04/09/2016 09:55:39 [10] DEBUG  Conversation                  : GameListConversation, ConversationID: 9.8: Setting Message IDs
04/09/2016 09:55:39 [10] DEBUG  Conversation                  : GameListConversation, ConversationID: 9.8: Message has IDs
04/09/2016 09:55:39 [10] DEBUG  Conversation                  : GameListConversation, ConversationID: 9.8: Message is valid
04/09/2016 09:55:39 [10] DEBUG  Conversation                  : GameListConversation, ConversationID: 9.8: Envelope is valid
04/09/2016 09:55:39 [10] DEBUG  Conversation                  : GameListConversation, ConversationID: 9.8: Conversation is initiating send.
04/09/2016 09:55:39 [10] DEBUG  PostMan                       : Sending UDP (Messages.RequestMessages.GameListRequest, MessageID: 9.8, ConversationID: 9.8)
JSON: {"__type":"GameListRequest:#Messages.RequestMessages","ConvId":{"Pid":9,"Seq":8},"MsgId":{"Pid":9,"Seq":8},"StatusFilter":4}
04/09/2016 09:55:39 [10] DEBUG  PostMan                       : Message Delivered
04/09/2016 09:55:39 [10] DEBUG  Conversation                  : GameListConversation, ConversationID: 9.8: Send succeeded.
04/09/2016 09:55:39 [10] INFO   BackgroundThread              : Starting 
04/09/2016 09:55:40 [18] DEBUG  Conversation                  : GameListConversation, ConversationID: 9.8: No message available
04/09/2016 09:55:41 [18] DEBUG  Conversation                  : GameListConversation, ConversationID: 9.8: No message available
04/09/2016 09:55:42 [18] DEBUG  Conversation                  : GameListConversation, ConversationID: 9.8: No message available
04/09/2016 09:55:43 [18] DEBUG  Conversation                  : GameListConversation, ConversationID: 9.8: No message available
04/09/2016 09:55:44 [18] DEBUG  Conversation                  : GameListConversation, ConversationID: 9.8: No message available
04/09/2016 09:55:45 [18] DEBUG  Conversation                  : GameListConversation, ConversationID: 9.8: No message available
04/09/2016 09:55:46 [18] DEBUG  Conversation                  : GameListConversation, ConversationID: 9.8: No message available
04/09/2016 09:55:47 [18] DEBUG  Conversation                  : GameListConversation, ConversationID: 9.8: No message available
04/09/2016 09:55:48 [18] DEBUG  Conversation                  : GameListConversation, ConversationID: 9.8: No message available
04/09/2016 09:55:49 [18] DEBUG  Conversation                  : GameListConversation, ConversationID: 9.8: No message available
04/09/2016 09:55:50 [18] ERROR  InitiatedConversation         : GameListConversation, ConversationID: 9.8: Conversation Failed
04/09/2016 09:55:50 [18] ERROR  GameListConversation          : Either the message received was null, or no games are available. 
04/09/2016 09:55:50 [18] ERROR  InitiatedConversation         : GameListConversation, ConversationID: 9.8: Conversation Ending
04/09/2016 09:55:50 [18] INFO   BackgroundThread              : Stopping 
04/09/2016 09:55:50 [18] DEBUG  BackgroundThread              : Leaving Stop
04/09/2016 09:55:50 [10] DEBUG  PlayerProcess                 : In Process GetGameList function.
04/09/2016 09:55:50 [10] DEBUG  Dispatcher                    : Adding Conversation Player.Conversation.GameListConversation, 9.9
04/09/2016 09:55:50 [10] DEBUG  Dispatcher                    :       New Queue ID: 9.9
04/09/2016 09:55:50 [10] DEBUG  GameListConversation          : Queuing game list request. 
04/09/2016 09:55:50 [10] DEBUG  InitiatedConversation         : GameListConversation, ConversationID: 9.9: Conversation Id  for initiated conversation: 9.9
04/09/2016 09:55:50 [10] DEBUG  Conversation                  : GameListConversation, ConversationID: 9.9: Setting Message IDs
04/09/2016 09:55:50 [10] DEBUG  Conversation                  : GameListConversation, ConversationID: 9.9: Message has IDs
04/09/2016 09:55:50 [10] DEBUG  Conversation                  : GameListConversation, ConversationID: 9.9: Message is valid
04/09/2016 09:55:50 [10] DEBUG  Conversation                  : GameListConversation, ConversationID: 9.9: Envelope is valid
04/09/2016 09:55:50 [10] DEBUG  Conversation                  : GameListConversation, ConversationID: 9.9: Conversation is initiating send.
04/09/2016 09:55:50 [10] DEBUG  PostMan                       : Sending UDP (Messages.RequestMessages.GameListRequest, MessageID: 9.9, ConversationID: 9.9)
JSON: {"__type":"GameListRequest:#Messages.RequestMessages","ConvId":{"Pid":9,"Seq":9},"MsgId":{"Pid":9,"Seq":9},"StatusFilter":4}
04/09/2016 09:55:51 [10] DEBUG  PostMan                       : Message Delivered
04/09/2016 09:55:51 [10] DEBUG  Conversation                  : GameListConversation, ConversationID: 9.9: Send succeeded.
04/09/2016 09:55:51 [10] INFO   BackgroundThread              : Starting 
04/09/2016 09:55:52 [19] DEBUG  Conversation                  : GameListConversation, ConversationID: 9.9: No message available
04/09/2016 09:55:53 [19] DEBUG  Conversation                  : GameListConversation, ConversationID: 9.9: No message available
04/09/2016 09:55:54 [19] DEBUG  Conversation                  : GameListConversation, ConversationID: 9.9: No message available
04/09/2016 09:55:55 [19] DEBUG  Conversation                  : GameListConversation, ConversationID: 9.9: No message available
04/09/2016 09:55:56 [19] DEBUG  Conversation                  : GameListConversation, ConversationID: 9.9: No message available
04/09/2016 09:55:57 [19] DEBUG  Conversation                  : GameListConversation, ConversationID: 9.9: No message available
04/09/2016 09:55:58 [19] DEBUG  Conversation                  : GameListConversation, ConversationID: 9.9: No message available
04/09/2016 09:55:59 [19] DEBUG  Conversation                  : GameListConversation, ConversationID: 9.9: No message available
04/09/2016 09:56:00 [19] DEBUG  Conversation                  : GameListConversation, ConversationID: 9.9: No message available
04/09/2016 09:56:01 [19] DEBUG  Conversation                  : GameListConversation, ConversationID: 9.9: No message available
04/09/2016 09:56:02 [19] ERROR  InitiatedConversation         : GameListConversation, ConversationID: 9.9: Conversation Failed
04/09/2016 09:56:02 [19] ERROR  GameListConversation          : Either the message received was null, or no games are available. 
04/09/2016 09:56:02 [19] ERROR  InitiatedConversation         : GameListConversation, ConversationID: 9.9: Conversation Ending
04/09/2016 09:56:02 [19] INFO   BackgroundThread              : Stopping 
04/09/2016 09:56:02 [19] DEBUG  BackgroundThread              : Leaving Stop
04/09/2016 09:56:02 [10] DEBUG  PlayerProcess                 : In Process GetGameList function.
04/09/2016 09:56:02 [10] DEBUG  Dispatcher                    : Adding Conversation Player.Conversation.GameListConversation, 9.10
04/09/2016 09:56:02 [10] DEBUG  Dispatcher                    :       New Queue ID: 9.10
04/09/2016 09:56:02 [10] DEBUG  GameListConversation          : Queuing game list request. 
04/09/2016 09:56:02 [10] DEBUG  InitiatedConversation         : GameListConversation, ConversationID: 9.10: Conversation Id  for initiated conversation: 9.10
04/09/2016 09:56:02 [10] DEBUG  Conversation                  : GameListConversation, ConversationID: 9.10: Setting Message IDs
04/09/2016 09:56:02 [10] DEBUG  Conversation                  : GameListConversation, ConversationID: 9.10: Message has IDs
04/09/2016 09:56:02 [10] DEBUG  Conversation                  : GameListConversation, ConversationID: 9.10: Message is valid
04/09/2016 09:56:02 [10] DEBUG  Conversation                  : GameListConversation, ConversationID: 9.10: Envelope is valid
04/09/2016 09:56:02 [10] DEBUG  Conversation                  : GameListConversation, ConversationID: 9.10: Conversation is initiating send.
04/09/2016 09:56:02 [10] DEBUG  PostMan                       : Sending UDP (Messages.RequestMessages.GameListRequest, MessageID: 9.10, ConversationID: 9.10)
JSON: {"__type":"GameListRequest:#Messages.RequestMessages","ConvId":{"Pid":9,"Seq":10},"MsgId":{"Pid":9,"Seq":10},"StatusFilter":4}
04/09/2016 09:56:02 [10] DEBUG  PostMan                       : Message Delivered
04/09/2016 09:56:02 [10] DEBUG  Conversation                  : GameListConversation, ConversationID: 9.10: Send succeeded.
04/09/2016 09:56:02 [10] INFO   BackgroundThread              : Starting 
04/09/2016 09:56:03 [18] DEBUG  Conversation                  : GameListConversation, ConversationID: 9.10: No message available
04/09/2016 09:56:04 [18] DEBUG  Conversation                  : GameListConversation, ConversationID: 9.10: No message available
04/09/2016 09:56:05 [18] DEBUG  Conversation                  : GameListConversation, ConversationID: 9.10: No message available
04/09/2016 09:56:06 [18] DEBUG  Conversation                  : GameListConversation, ConversationID: 9.10: No message available
04/09/2016 09:56:07 [18] DEBUG  Conversation                  : GameListConversation, ConversationID: 9.10: No message available
04/09/2016 09:56:08 [18] DEBUG  Conversation                  : GameListConversation, ConversationID: 9.10: No message available
04/09/2016 09:56:09 [18] DEBUG  Conversation                  : GameListConversation, ConversationID: 9.10: No message available
04/09/2016 09:56:10 [18] DEBUG  Conversation                  : GameListConversation, ConversationID: 9.10: No message available
04/09/2016 09:56:11 [18] DEBUG  Conversation                  : GameListConversation, ConversationID: 9.10: No message available
04/09/2016 09:56:12 [18] DEBUG  Conversation                  : GameListConversation, ConversationID: 9.10: No message available
04/09/2016 09:56:13 [18] ERROR  InitiatedConversation         : GameListConversation, ConversationID: 9.10: Conversation Failed
04/09/2016 09:56:13 [18] ERROR  GameListConversation          : Either the message received was null, or no games are available. 
04/09/2016 09:56:13 [18] ERROR  InitiatedConversation         : GameListConversation, ConversationID: 9.10: Conversation Ending
04/09/2016 09:56:13 [18] INFO   BackgroundThread              : Stopping 
04/09/2016 09:56:13 [18] DEBUG  BackgroundThread              : Leaving Stop
04/09/2016 09:56:13 [10] DEBUG  PlayerProcess                 : In Process GetGameList function.
04/09/2016 09:56:13 [10] DEBUG  Dispatcher                    : Adding Conversation Player.Conversation.GameListConversation, 9.11
04/09/2016 09:56:13 [10] DEBUG  Dispatcher                    :       New Queue ID: 9.11
04/09/2016 09:56:13 [10] DEBUG  GameListConversation          : Queuing game list request. 
04/09/2016 09:56:13 [10] DEBUG  InitiatedConversation         : GameListConversation, ConversationID: 9.11: Conversation Id  for initiated conversation: 9.11
04/09/2016 09:56:13 [10] DEBUG  Conversation                  : GameListConversation, ConversationID: 9.11: Setting Message IDs
04/09/2016 09:56:13 [10] DEBUG  Conversation                  : GameListConversation, ConversationID: 9.11: Message has IDs
04/09/2016 09:56:13 [10] DEBUG  Conversation                  : GameListConversation, ConversationID: 9.11: Message is valid
04/09/2016 09:56:13 [10] DEBUG  Conversation                  : GameListConversation, ConversationID: 9.11: Envelope is valid
04/09/2016 09:56:13 [10] DEBUG  Conversation                  : GameListConversation, ConversationID: 9.11: Conversation is initiating send.
04/09/2016 09:56:13 [10] DEBUG  PostMan                       : Sending UDP (Messages.RequestMessages.GameListRequest, MessageID: 9.11, ConversationID: 9.11)
JSON: {"__type":"GameListRequest:#Messages.RequestMessages","ConvId":{"Pid":9,"Seq":11},"MsgId":{"Pid":9,"Seq":11},"StatusFilter":4}
04/09/2016 09:56:13 [10] DEBUG  PostMan                       : Message Delivered
04/09/2016 09:56:13 [10] DEBUG  Conversation                  : GameListConversation, ConversationID: 9.11: Send succeeded.
04/09/2016 09:56:13 [10] INFO   BackgroundThread              : Starting 
04/09/2016 09:56:14 [19] DEBUG  Conversation                  : GameListConversation, ConversationID: 9.11: No message available
04/09/2016 09:56:15 [19] DEBUG  Conversation                  : GameListConversation, ConversationID: 9.11: No message available
04/09/2016 09:56:16 [19] DEBUG  Conversation                  : GameListConversation, ConversationID: 9.11: No message available
04/09/2016 09:56:17 [19] DEBUG  Conversation                  : GameListConversation, ConversationID: 9.11: No message available
04/09/2016 09:56:18 [19] DEBUG  Conversation                  : GameListConversation, ConversationID: 9.11: No message available
04/09/2016 09:56:19 [19] DEBUG  Conversation                  : GameListConversation, ConversationID: 9.11: No message available
04/09/2016 09:56:20 [19] DEBUG  Conversation                  : GameListConversation, ConversationID: 9.11: No message available
04/09/2016 09:56:21 [19] DEBUG  Conversation                  : GameListConversation, ConversationID: 9.11: No message available
04/09/2016 09:56:22 [19] DEBUG  Conversation                  : GameListConversation, ConversationID: 9.11: No message available
04/09/2016 09:56:23 [19] DEBUG  Conversation                  : GameListConversation, ConversationID: 9.11: No message available
04/09/2016 09:56:25 [19] ERROR  InitiatedConversation         : GameListConversation, ConversationID: 9.11: Conversation Failed
04/09/2016 09:56:25 [19] ERROR  GameListConversation          : Either the message received was null, or no games are available. 
04/09/2016 09:56:25 [19] ERROR  InitiatedConversation         : GameListConversation, ConversationID: 9.11: Conversation Ending
04/09/2016 09:56:25 [19] INFO   BackgroundThread              : Stopping 
04/09/2016 09:56:25 [19] DEBUG  BackgroundThread              : Leaving Stop
04/09/2016 09:56:25 [10] DEBUG  PlayerProcess                 : In Process GetGameList function.
04/09/2016 09:56:25 [10] DEBUG  Dispatcher                    : Adding Conversation Player.Conversation.GameListConversation, 9.12
04/09/2016 09:56:25 [10] DEBUG  Dispatcher                    :       New Queue ID: 9.12
04/09/2016 09:56:25 [10] DEBUG  GameListConversation          : Queuing game list request. 
04/09/2016 09:56:25 [10] DEBUG  InitiatedConversation         : GameListConversation, ConversationID: 9.12: Conversation Id  for initiated conversation: 9.12
04/09/2016 09:56:25 [10] DEBUG  Conversation                  : GameListConversation, ConversationID: 9.12: Setting Message IDs
04/09/2016 09:56:25 [10] DEBUG  Conversation                  : GameListConversation, ConversationID: 9.12: Message has IDs
04/09/2016 09:56:25 [10] DEBUG  Conversation                  : GameListConversation, ConversationID: 9.12: Message is valid
04/09/2016 09:56:25 [10] DEBUG  Conversation                  : GameListConversation, ConversationID: 9.12: Envelope is valid
04/09/2016 09:56:25 [10] DEBUG  Conversation                  : GameListConversation, ConversationID: 9.12: Conversation is initiating send.
04/09/2016 09:56:25 [10] DEBUG  PostMan                       : Sending UDP (Messages.RequestMessages.GameListRequest, MessageID: 9.12, ConversationID: 9.12)
JSON: {"__type":"GameListRequest:#Messages.RequestMessages","ConvId":{"Pid":9,"Seq":12},"MsgId":{"Pid":9,"Seq":12},"StatusFilter":4}
04/09/2016 09:56:25 [10] DEBUG  PostMan                       : Message Delivered
04/09/2016 09:56:25 [10] DEBUG  Conversation                  : GameListConversation, ConversationID: 9.12: Send succeeded.
04/09/2016 09:56:25 [10] INFO   BackgroundThread              : Starting 
04/09/2016 09:56:26 [18] DEBUG  Conversation                  : GameListConversation, ConversationID: 9.12: No message available
04/09/2016 09:56:27 [18] DEBUG  Conversation                  : GameListConversation, ConversationID: 9.12: No message available
04/09/2016 09:56:28 [18] DEBUG  Conversation                  : GameListConversation, ConversationID: 9.12: No message available
04/09/2016 09:56:29 [18] DEBUG  Conversation                  : GameListConversation, ConversationID: 9.12: No message available
04/09/2016 09:56:30 [18] DEBUG  Conversation                  : GameListConversation, ConversationID: 9.12: No message available
04/09/2016 09:56:31 [18] DEBUG  Conversation                  : GameListConversation, ConversationID: 9.12: No message available
04/09/2016 09:56:32 [18] DEBUG  Conversation                  : GameListConversation, ConversationID: 9.12: No message available
