04/09/2016 07:40:16 [ 7] DEBUG  PlayerConnection              : Using Local Settings.
04/09/2016 07:40:16 [ 7] DEBUG  PlayerConnection              : Starting Application. 
04/09/2016 07:40:16 [ 7] DEBUG  PlayerProcess                 : Initializeing Player Subsystem.
04/09/2016 07:40:16 [ 7] DEBUG  PlayerProcess                 : Initializing Player Details.
04/09/2016 07:40:16 [ 7] INFO   BackgroundThread              : Starting 
04/09/2016 07:40:16 [12] INFO   BackgroundThread              : Starting 
04/09/2016 07:40:16 [12] DEBUG  PlayerProcess                 : In Process Login function.
04/09/2016 07:40:16 [12] DEBUG  Dispatcher                    : Adding Conversation Player.Conversation.LoginConversation, 0.1
04/09/2016 07:40:16 [12] DEBUG  Dispatcher                    :       New Queue ID: 0.1
04/09/2016 07:40:16 [12] INFO   BackgroundThread              : Starting 
04/09/2016 07:40:16 [10] DEBUG  LoginConversation             : Creating login request. 
04/09/2016 07:40:16 [10] DEBUG  InitiatedConversation         : Conversation Id  for initiated conversation: 0.1
04/09/2016 07:40:16 [10] DEBUG  PostMan                       : Sending UDP (Messages.RequestMessages.LoginRequest, MessageID: 0.1, ConversationID: 0.1)
JSON: {"__type":"LoginRequest:#Messages.RequestMessages","ConvId":{"Pid":0,"Seq":1},"MsgId":{"Pid":0,"Seq":1},"Identity":{"ANumber":"A00000001","Alias":"The Instructor","FirstName":"The","LastName":"Instructor"},"ProcessLabel":"The Instructor","ProcessType":3,"PublicKey":null}
04/09/2016 07:40:16 [10] DEBUG  PostMan                       : Message Delivered
04/09/2016 07:40:22 [10] ERROR  LoginConversation             : Login reply was null or LoginReply.Success was false
04/09/2016 07:40:22 [10] INFO   BackgroundThread              : Stopping 
04/09/2016 07:40:22 [10] DEBUG  BackgroundThread              : Leaving Stop
04/09/2016 07:40:22 [12] DEBUG  PlayerProcess                 : In Process Login function.
04/09/2016 07:40:22 [12] DEBUG  Dispatcher                    : Adding Conversation Player.Conversation.LoginConversation, 0.2
04/09/2016 07:40:22 [12] DEBUG  Dispatcher                    :       New Queue ID: 0.2
04/09/2016 07:40:22 [12] INFO   BackgroundThread              : Starting 
04/09/2016 07:40:22 [10] DEBUG  LoginConversation             : Creating login request. 
04/09/2016 07:40:22 [10] DEBUG  InitiatedConversation         : Conversation Id  for initiated conversation: 0.2
04/09/2016 07:40:22 [10] DEBUG  PostMan                       : Sending UDP (Messages.RequestMessages.LoginRequest, MessageID: 0.2, ConversationID: 0.2)
JSON: {"__type":"LoginRequest:#Messages.RequestMessages","ConvId":{"Pid":0,"Seq":2},"MsgId":{"Pid":0,"Seq":2},"Identity":{"ANumber":"A00000001","Alias":"The Instructor","FirstName":"The","LastName":"Instructor"},"ProcessLabel":"The Instructor","ProcessType":3,"PublicKey":null}
04/09/2016 07:40:22 [10] DEBUG  PostMan                       : Message Delivered
04/09/2016 07:40:22 [11] DEBUG  PostMan                       : Received UDP (Messages.ReplyMessages.LoginReply, MessageID: 1.1, ConversationID: 0.2)
JSON: {"__type":"LoginReply:#Messages.ReplyMessages","ConvId":{"Pid":0,"Seq":2},"MsgId":{"Pid":1,"Seq":1},"Note":"Logged in","Success":true,"PennyBankEndPoint":{"Host":"127.0.0.1","Port":12003},"PennyBankPublicKey":null,"ProcessInfo":{"EndPoint":{"Host":"127.0.0.1","Port":10000},"Label":"The Instructor","ProcessId":2,"Status":3,"Type":3},"ProxyEndPoint":{"Host":"127.0.0.1","Port":12002}}
04/09/2016 07:40:22 [11] INFO   Dispatcher                    : New Message Received: (Messages.ReplyMessages.LoginReply)
04/09/2016 07:40:22 [11] INFO   Dispatcher                    : MessageId: 1.1ConversationId: 0.2
04/09/2016 07:40:27 [10] DEBUG  LoginConversation             : Received a login reply message.
04/09/2016 07:40:27 [10] INFO   BackgroundThread              : Stopping 
04/09/2016 07:40:27 [10] DEBUG  BackgroundThread              : Leaving Stop
04/09/2016 07:40:27 [12] DEBUG  PlayerProcess                 : In Process GetGameList function.
04/09/2016 07:40:27 [12] DEBUG  Dispatcher                    : Adding Conversation Player.Conversation.GameListConversation, 2.3
04/09/2016 07:40:27 [12] DEBUG  Dispatcher                    :       New Queue ID: 2.3
04/09/2016 07:40:27 [12] INFO   BackgroundThread              : Starting 
04/09/2016 07:40:27 [15] DEBUG  GameListConversation          : Queuing game list request. 
04/09/2016 07:40:27 [15] DEBUG  InitiatedConversation         : Conversation Id  for initiated conversation: 2.3
04/09/2016 07:40:27 [15] DEBUG  PostMan                       : Sending UDP (Messages.RequestMessages.GameListRequest, MessageID: 2.3, ConversationID: 2.3)
JSON: {"__type":"GameListRequest:#Messages.RequestMessages","ConvId":{"Pid":2,"Seq":3},"MsgId":{"Pid":2,"Seq":3},"StatusFilter":4}
04/09/2016 07:40:27 [15] DEBUG  PostMan                       : Message Delivered
04/09/2016 07:40:27 [11] DEBUG  PostMan                       : Received UDP (Messages.ReplyMessages.GameListReply, MessageID: 1.2, ConversationID: 2.3)
JSON: {"__type":"GameListReply:#Messages.ReplyMessages","ConvId":{"Pid":2,"Seq":3},"MsgId":{"Pid":1,"Seq":2},"Note":null,"Success":true,"GameInfo":[]}
04/09/2016 07:40:27 [11] INFO   Dispatcher                    : New Message Received: (Messages.ReplyMessages.GameListReply)
04/09/2016 07:40:27 [11] INFO   Dispatcher                    : MessageId: 1.2ConversationId: 2.3
04/09/2016 07:40:32 [15] DEBUG  GameListConversation          : Received a game list reply message.
04/09/2016 07:40:32 [15] ERROR  GameListConversation          : Either the message received was null, or no games are available. 
04/09/2016 07:40:32 [15] INFO   BackgroundThread              : Stopping 
04/09/2016 07:40:32 [15] DEBUG  BackgroundThread              : Leaving Stop
04/09/2016 07:40:32 [12] DEBUG  PlayerProcess                 : In Process GetGameList function.
04/09/2016 07:40:32 [12] DEBUG  Dispatcher                    : Adding Conversation Player.Conversation.GameListConversation, 2.4
04/09/2016 07:40:32 [12] DEBUG  Dispatcher                    :       New Queue ID: 2.4
04/09/2016 07:40:32 [12] INFO   BackgroundThread              : Starting 
04/09/2016 07:40:32 [10] DEBUG  GameListConversation          : Queuing game list request. 
04/09/2016 07:40:32 [10] DEBUG  InitiatedConversation         : Conversation Id  for initiated conversation: 2.4
04/09/2016 07:40:32 [10] DEBUG  PostMan                       : Sending UDP (Messages.RequestMessages.GameListRequest, MessageID: 2.4, ConversationID: 2.4)
JSON: {"__type":"GameListRequest:#Messages.RequestMessages","ConvId":{"Pid":2,"Seq":4},"MsgId":{"Pid":2,"Seq":4},"StatusFilter":4}
04/09/2016 07:40:32 [10] DEBUG  PostMan                       : Message Delivered
04/09/2016 07:40:32 [11] DEBUG  PostMan                       : Received UDP (Messages.ReplyMessages.GameListReply, MessageID: 1.10, ConversationID: 2.4)
JSON: {"__type":"GameListReply:#Messages.ReplyMessages","ConvId":{"Pid":2,"Seq":4},"MsgId":{"Pid":1,"Seq":10},"Note":null,"Success":true,"GameInfo":[{"CurrentProcesses":[{"HasUmbrellaRaised":false,"HitPoints":0,"LifePoints":100,"ProcessId":6,"Type":4},{"HasUmbrellaRaised":false,"HitPoints":0,"LifePoints":100,"ProcessId":5,"Type":5}],"GameId":4,"GameManagerId":3,"Label":"GM24193's 1st Game","MaxPlayers":3,"MinPlayers":2,"StartingPlayers":[],"Status":4,"Winners":null}]}
04/09/2016 07:40:32 [11] INFO   Dispatcher                    : New Message Received: (Messages.ReplyMessages.GameListReply)
04/09/2016 07:40:32 [11] INFO   Dispatcher                    : MessageId: 1.10ConversationId: 2.4
04/09/2016 07:40:37 [10] DEBUG  GameListConversation          : Received a game list reply message.
04/09/2016 07:40:37 [10] INFO   BackgroundThread              : Stopping 
04/09/2016 07:40:37 [10] DEBUG  BackgroundThread              : Leaving Stop
04/09/2016 07:40:37 [12] DEBUG  PlayerProcess                 : Life points is null, game needs to be started.
04/09/2016 07:40:37 [12] DEBUG  Dispatcher                    : Adding Conversation Player.Conversation.JoinGameConversation, 2.5
04/09/2016 07:40:37 [12] DEBUG  Dispatcher                    :       New Queue ID: 2.5
04/09/2016 07:40:37 [12] INFO   BackgroundThread              : Starting 
04/09/2016 07:40:37 [16] DEBUG  JoinGameConversation          : Queuing join game request. 
04/09/2016 07:40:37 [16] DEBUG  JoinGameConversation          : Requesting GameId: 4
04/09/2016 07:40:37 [16] DEBUG  InitiatedConversation         : Conversation Id  for initiated conversation: 2.5
04/09/2016 07:40:37 [16] DEBUG  PostMan                       : Sending UDP (Messages.Routing, MessageID: 2.5, ConversationID: 2.5)
JSON: {"__type":"Routing:#Messages","ConvId":{"Pid":2,"Seq":5},"MsgId":{"Pid":2,"Seq":5},"InnerMessage":{"__type":"JoinGameRequest:#Messages.RequestMessages","ConvId":{"Pid":2,"Seq":5},"MsgId":{"Pid":2,"Seq":5},"GameId":4,"Process":{"EndPoint":{"Host":"127.0.0.1","Port":10000},"Label":"The Instructor","ProcessId":2,"Status":4,"Type":3}},"ToProcessIds":[3]}
04/09/2016 07:40:37 [12] DEBUG  PlayerProcess                 : No games available, setting status to 'Registered'
04/09/2016 07:40:37 [16] DEBUG  PostMan                       : Message Delivered
04/09/2016 07:40:38 [11] DEBUG  PostMan                       : Received UDP (Messages.Routing, MessageID: 3.15, ConversationID: 2.5)
JSON: {"__type":"Routing:#Messages","ConvId":{"Pid":2,"Seq":5},"MsgId":{"Pid":3,"Seq":15},"InnerMessage":{"__type":"JoinGameReply:#Messages.ReplyMessages","ConvId":{"Pid":2,"Seq":5},"MsgId":{"Pid":3,"Seq":15},"Note":null,"Success":true,"GameId":4,"InitialLifePoints":100},"ToProcessIds":[2]}
04/09/2016 07:40:38 [11] INFO   Dispatcher                    : New Message Received: (Messages.Routing)
04/09/2016 07:40:38 [11] INFO   Dispatcher                    : MessageId: 3.15ConversationId: 2.5
04/09/2016 07:40:38 [12] DEBUG  PlayerProcess                 : In Process GetGameList function.
04/09/2016 07:40:38 [12] DEBUG  Dispatcher                    : Adding Conversation Player.Conversation.GameListConversation, 2.6
04/09/2016 07:40:38 [11] DEBUG  PostMan                       : Received UDP (Messages.Routing, MessageID: 3.18, ConversationID: 3.18)
JSON: {"__type":"Routing:#Messages","ConvId":{"Pid":3,"Seq":18},"MsgId":{"Pid":3,"Seq":18},"InnerMessage":{"__type":"GameStatusNotification:#Messages.RequestMessages","ConvId":{"Pid":3,"Seq":18},"MsgId":{"Pid":3,"Seq":18},"Game":{"CurrentProcesses":[{"HasUmbrellaRaised":false,"HitPoints":0,"LifePoints":100,"ProcessId":6,"Type":4},{"HasUmbrellaRaised":false,"HitPoints":0,"LifePoints":100,"ProcessId":5,"Type":5},{"HasUmbrellaRaised":false,"HitPoints":0,"LifePoints":100,"ProcessId":2,"Type":3}],"GameId":4,"GameManagerId":3,"Label":"GM24193's 1st Game","MaxPlayers":3,"MinPlayers":2,"StartingPlayers":[],"Status":4,"Winners":null}},"ToProcessIds":[6,5,2]}
04/09/2016 07:40:38 [12] DEBUG  Dispatcher                    :       New Queue ID: 2.6
04/09/2016 07:40:38 [12] INFO   BackgroundThread              : Starting 
04/09/2016 07:40:38 [10] DEBUG  GameListConversation          : Queuing game list request. 
04/09/2016 07:40:38 [11] INFO   Dispatcher                    : New Message Received: (Messages.Routing)
04/09/2016 07:40:38 [10] DEBUG  InitiatedConversation         : Conversation Id  for initiated conversation: 2.6
04/09/2016 07:40:38 [10] DEBUG  PostMan                       : Sending UDP (Messages.RequestMessages.GameListRequest, MessageID: 2.6, ConversationID: 2.6)
JSON: {"__type":"GameListRequest:#Messages.RequestMessages","ConvId":{"Pid":2,"Seq":6},"MsgId":{"Pid":2,"Seq":6},"StatusFilter":4}
04/09/2016 07:40:38 [11] INFO   Dispatcher                    : MessageId: 3.18ConversationId: 3.18
04/09/2016 07:40:38 [11] DEBUG  Dispatcher                    : Conversation  with id= 3.18 does not exist, trying to create new conversation.
04/09/2016 07:40:38 [11] DEBUG  Dispatcher                    : Adding Conversation Player.Conversation.GameStatusConversation, 3.18
04/09/2016 07:40:38 [11] DEBUG  Dispatcher                    :       New Queue ID: 3.18
04/09/2016 07:40:38 [11] INFO   BackgroundThread              : Starting 
04/09/2016 07:40:38 [14] DEBUG  GameStatusConversation        : Received Game Status Message
04/09/2016 07:40:38 [10] DEBUG  PostMan                       : Message Delivered
04/09/2016 07:40:38 [11] DEBUG  PostMan                       : Received UDP (Messages.ReplyMessages.GameListReply, MessageID: 1.13, ConversationID: 2.6)
JSON: {"__type":"GameListReply:#Messages.ReplyMessages","ConvId":{"Pid":2,"Seq":6},"MsgId":{"Pid":1,"Seq":13},"Note":null,"Success":true,"GameInfo":[{"CurrentProcesses":[{"HasUmbrellaRaised":false,"HitPoints":0,"LifePoints":100,"ProcessId":6,"Type":4},{"HasUmbrellaRaised":false,"HitPoints":0,"LifePoints":100,"ProcessId":5,"Type":5},{"HasUmbrellaRaised":false,"HitPoints":0,"LifePoints":100,"ProcessId":2,"Type":3}],"GameId":4,"GameManagerId":3,"Label":"GM24193's 1st Game","MaxPlayers":3,"MinPlayers":2,"StartingPlayers":[],"Status":4,"Winners":null}]}
04/09/2016 07:40:38 [11] INFO   Dispatcher                    : New Message Received: (Messages.ReplyMessages.GameListReply)
04/09/2016 07:40:38 [11] INFO   Dispatcher                    : MessageId: 1.13ConversationId: 2.6
04/09/2016 07:40:43 [16] DEBUG  JoinGameConversation          : Received a game join message.
04/09/2016 07:40:43 [16] INFO   BackgroundThread              : Stopping 
04/09/2016 07:40:43 [16] DEBUG  BackgroundThread              : Leaving Stop
04/09/2016 07:40:43 [10] DEBUG  GameListConversation          : Received a game list reply message.
04/09/2016 07:40:43 [10] INFO   BackgroundThread              : Stopping 
04/09/2016 07:40:43 [10] DEBUG  BackgroundThread              : Leaving Stop
04/09/2016 07:40:48 [11] DEBUG  PostMan                       : Received UDP (Messages.RequestMessages.AllowanceDeliveryRequest, MessageID: 1.14, ConversationID: 1.14)
JSON: {"__type":"AllowanceDeliveryRequest:#Messages.RequestMessages","ConvId":{"Pid":1,"Seq":14},"MsgId":{"Pid":1,"Seq":14},"NumberOfPennies":400,"PortNumber":12999}
04/09/2016 07:40:48 [11] INFO   Dispatcher                    : New Message Received: (Messages.RequestMessages.AllowanceDeliveryRequest)
04/09/2016 07:40:48 [11] INFO   Dispatcher                    : MessageId: 1.14ConversationId: 1.14
04/09/2016 07:40:48 [11] DEBUG  Dispatcher                    : Conversation  with id= 1.14 does not exist, trying to create new conversation.
04/09/2016 07:40:48 [11] DEBUG  Dispatcher                    : Adding Conversation Player.Conversation.AllowanceDeliveryConversation, 1.14
04/09/2016 07:40:48 [11] DEBUG  Dispatcher                    :       New Queue ID: 1.14
04/09/2016 07:40:48 [11] INFO   BackgroundThread              : Starting 
04/09/2016 07:40:48 [10] DEBUG  AllowanceDeliveryConversation : Received Allowance Delivery Request. 
04/09/2016 07:40:48 [10] DEBUG  TCPSocket                     : Destination Endpoint is: 127.0.0.1:12999
04/09/2016 07:40:48 [10] INFO   BackgroundThread              : Starting 
04/09/2016 07:40:48 [10] DEBUG  TCPSocket                     : Opening Remote TCP Connection
04/09/2016 07:40:48 [10] DEBUG  TCPSocket                     : TCP Socket connected to 127.0.0.1:12999
04/09/2016 07:40:48 [10] INFO   AllowanceDeliveryConversation : IN TCP RECEIVE!!!!
04/09/2016 07:40:48 [10] DEBUG  NetworkStreamExtensions       : In ReadStreamMessage, with stream.ReadTimeout=10000
04/09/2016 07:40:48 [10] DEBUG  NetworkStreamExtensions       : Try to read 4 length bytes, with stream.CanRead=True and stream.ReadTimeout=10000
04/09/2016 07:40:50 [11] DEBUG  PostMan                       : Received UDP (Messages.RequestMessages.AliveRequest, MessageID: 1.15, ConversationID: 1.15)
JSON: {"__type":"AliveRequest:#Messages.RequestMessages","ConvId":{"Pid":1,"Seq":15},"MsgId":{"Pid":1,"Seq":15}}
04/09/2016 07:40:50 [11] INFO   Dispatcher                    : New Message Received: (Messages.RequestMessages.AliveRequest)
04/09/2016 07:40:50 [11] INFO   Dispatcher                    : MessageId: 1.15ConversationId: 1.15
04/09/2016 07:40:50 [11] DEBUG  Dispatcher                    : Conversation  with id= 1.15 does not exist, trying to create new conversation.
04/09/2016 07:40:50 [11] DEBUG  Dispatcher                    : Adding Conversation Player.Conversation.AliveConversation, 1.15
04/09/2016 07:40:50 [11] DEBUG  Dispatcher                    :       New Queue ID: 1.15
04/09/2016 07:40:50 [11] INFO   BackgroundThread              : Starting 
04/09/2016 07:40:50 [13] DEBUG  AliveConversation             : Creating Alive Response
04/09/2016 07:40:50 [13] DEBUG  ResponseConversation          : Conversation Id  for Response conversation: 1.15
04/09/2016 07:40:50 [13] DEBUG  PostMan                       : Sending UDP (Messages.ReplyMessages.Reply, MessageID: 2.7, ConversationID: 1.15)
JSON: {"__type":"Reply:#Messages.ReplyMessages","ConvId":{"Pid":1,"Seq":15},"MsgId":{"Pid":2,"Seq":7},"Note":"I'm Alive","Success":true}
04/09/2016 07:40:50 [13] DEBUG  PostMan                       : Message Delivered
04/09/2016 07:40:58 [11] DEBUG  PostMan                       : Received UDP (Messages.RequestMessages.AllowanceDeliveryRequest, MessageID: 1.14, ConversationID: 1.14)
JSON: {"__type":"AllowanceDeliveryRequest:#Messages.RequestMessages","ConvId":{"Pid":1,"Seq":14},"MsgId":{"Pid":1,"Seq":14},"NumberOfPennies":400,"PortNumber":12999}
04/09/2016 07:40:58 [11] INFO   Dispatcher                    : New Message Received: (Messages.RequestMessages.AllowanceDeliveryRequest)
04/09/2016 07:40:58 [11] INFO   Dispatcher                    : MessageId: 1.14ConversationId: 1.14
04/09/2016 07:41:03 [10] DEBUG  NetworkStreamExtensions       : Length bytes read = 0
04/09/2016 07:41:03 [10] DEBUG  NetworkStreamExtensions       : In ReadStreamMessage, with stream.ReadTimeout=10000
04/09/2016 07:41:03 [10] DEBUG  NetworkStreamExtensions       : Try to read 4 length bytes, with stream.CanRead=True and stream.ReadTimeout=10000
04/09/2016 07:41:13 [10] DEBUG  NetworkStreamExtensions       : Length bytes read = 0
04/09/2016 07:41:13 [10] DEBUG  NetworkStreamExtensions       : In ReadStreamMessage, with stream.ReadTimeout=10000
04/09/2016 07:41:13 [10] DEBUG  NetworkStreamExtensions       : Try to read 4 length bytes, with stream.CanRead=True and stream.ReadTimeout=10000
04/09/2016 07:41:21 [11] DEBUG  PostMan                       : Received UDP (Messages.RequestMessages.AliveRequest, MessageID: 1.19, ConversationID: 1.19)
JSON: {"__type":"AliveRequest:#Messages.RequestMessages","ConvId":{"Pid":1,"Seq":19},"MsgId":{"Pid":1,"Seq":19}}
04/09/2016 07:41:21 [11] INFO   Dispatcher                    : New Message Received: (Messages.RequestMessages.AliveRequest)
04/09/2016 07:41:21 [11] INFO   Dispatcher                    : MessageId: 1.19ConversationId: 1.19
04/09/2016 07:41:21 [11] DEBUG  Dispatcher                    : Conversation  with id= 1.19 does not exist, trying to create new conversation.
04/09/2016 07:41:21 [11] DEBUG  Dispatcher                    : Adding Conversation Player.Conversation.AliveConversation, 1.19
04/09/2016 07:41:21 [11] DEBUG  Dispatcher                    :       New Queue ID: 1.19
04/09/2016 07:41:21 [11] INFO   BackgroundThread              : Starting 
04/09/2016 07:41:21 [17] ERROR  ResponseConversation          : Unable to retrieve received message. 
04/09/2016 07:41:23 [10] DEBUG  NetworkStreamExtensions       : Length bytes read = 0
04/09/2016 07:41:23 [10] DEBUG  NetworkStreamExtensions       : In ReadStreamMessage, with stream.ReadTimeout=10000
04/09/2016 07:41:23 [10] DEBUG  NetworkStreamExtensions       : Try to read 4 length bytes, with stream.CanRead=True and stream.ReadTimeout=10000
04/09/2016 07:41:31 [11] DEBUG  PostMan                       : Received UDP (Messages.RequestMessages.AliveRequest, MessageID: 1.19, ConversationID: 1.19)
JSON: {"__type":"AliveRequest:#Messages.RequestMessages","ConvId":{"Pid":1,"Seq":19},"MsgId":{"Pid":1,"Seq":19}}
04/09/2016 07:41:31 [11] INFO   Dispatcher                    : New Message Received: (Messages.RequestMessages.AliveRequest)
04/09/2016 07:41:31 [11] INFO   Dispatcher                    : MessageId: 1.19ConversationId: 1.19
04/09/2016 07:41:33 [10] DEBUG  NetworkStreamExtensions       : Length bytes read = 0
04/09/2016 07:41:33 [10] DEBUG  NetworkStreamExtensions       : In ReadStreamMessage, with stream.ReadTimeout=10000
04/09/2016 07:41:33 [10] DEBUG  NetworkStreamExtensions       : Try to read 4 length bytes, with stream.CanRead=True and stream.ReadTimeout=10000
04/09/2016 07:41:41 [11] DEBUG  PostMan                       : Received UDP (Messages.RequestMessages.AliveRequest, MessageID: 1.19, ConversationID: 1.19)
JSON: {"__type":"AliveRequest:#Messages.RequestMessages","ConvId":{"Pid":1,"Seq":19},"MsgId":{"Pid":1,"Seq":19}}
04/09/2016 07:41:41 [11] INFO   Dispatcher                    : New Message Received: (Messages.RequestMessages.AliveRequest)
04/09/2016 07:41:41 [11] INFO   Dispatcher                    : MessageId: 1.19ConversationId: 1.19
04/09/2016 07:41:43 [10] DEBUG  NetworkStreamExtensions       : Length bytes read = 0
04/09/2016 07:41:43 [10] DEBUG  NetworkStreamExtensions       : In ReadStreamMessage, with stream.ReadTimeout=10000
04/09/2016 07:41:43 [10] DEBUG  NetworkStreamExtensions       : Try to read 4 length bytes, with stream.CanRead=True and stream.ReadTimeout=10000
