04/09/2016 07:03:41 [ 7] DEBUG  PlayerConnection              : Using Local Settings.
04/09/2016 07:03:41 [ 7] DEBUG  PlayerConnection              : Starting Application. 
04/09/2016 07:03:41 [ 7] DEBUG  PlayerProcess                 : Initializeing Player Subsystem.
04/09/2016 07:03:41 [ 7] DEBUG  PlayerProcess                 : Initializing Player Details.
04/09/2016 07:03:41 [ 7] INFO   BackgroundThread              : Starting 
04/09/2016 07:03:41 [ 9] INFO   BackgroundThread              : Starting 
04/09/2016 07:03:41 [ 9] DEBUG  PlayerProcess                 : In Process Login function.
04/09/2016 07:03:41 [ 9] DEBUG  Dispatcher                    : Adding Conversation Player.Conversation.LoginConversation, 0.1
04/09/2016 07:03:41 [ 9] DEBUG  Dispatcher                    :       New Queue ID: 0.1
04/09/2016 07:03:41 [ 9] INFO   BackgroundThread              : Starting 
04/09/2016 07:03:41 [10] DEBUG  LoginConversation             : Creating login request. 
04/09/2016 07:03:41 [10] DEBUG  InitiatedConversation         : Conversation Id  for initiated conversation: 0.1
04/09/2016 07:03:41 [10] DEBUG  PostMan                       : Sending UDP (Messages.RequestMessages.LoginRequest, MessageID: 0.1, ConversationID: 0.1)
JSON: {"__type":"LoginRequest:#Messages.RequestMessages","ConvId":{"Pid":0,"Seq":1},"MsgId":{"Pid":0,"Seq":1},"Identity":{"ANumber":"A00000001","Alias":"The Instructor","FirstName":"The","LastName":"Instructor"},"ProcessLabel":"The Instructor","ProcessType":3,"PublicKey":null}
04/09/2016 07:03:42 [10] DEBUG  PostMan                       : Message Delivered
04/09/2016 07:03:42 [11] DEBUG  PostMan                       : Received UDP (Messages.ReplyMessages.LoginReply, MessageID: 1.161, ConversationID: 0.1)
JSON: {"__type":"LoginReply:#Messages.ReplyMessages","ConvId":{"Pid":0,"Seq":1},"MsgId":{"Pid":1,"Seq":161},"Note":"Logged in","Success":true,"PennyBankEndPoint":{"Host":"127.0.0.1","Port":12003},"PennyBankPublicKey":null,"ProcessInfo":{"EndPoint":{"Host":"127.0.0.1","Port":10000},"Label":"The Instructor","ProcessId":8,"Status":3,"Type":3},"ProxyEndPoint":{"Host":"127.0.0.1","Port":12002}}
04/09/2016 07:03:42 [11] INFO   Dispatcher                    : New Message Received: (Messages.ReplyMessages.LoginReply)
04/09/2016 07:03:42 [11] INFO   Dispatcher                    : MessageId: 1.161ConversationId: 0.1
04/09/2016 07:03:44 [11] DEBUG  PostMan                       : Received UDP (Messages.RequestMessages.AliveRequest, MessageID: 1.165, ConversationID: 1.165)
JSON: {"__type":"AliveRequest:#Messages.RequestMessages","ConvId":{"Pid":1,"Seq":165},"MsgId":{"Pid":1,"Seq":165}}
04/09/2016 07:03:44 [11] INFO   Dispatcher                    : New Message Received: (Messages.RequestMessages.AliveRequest)
04/09/2016 07:03:44 [11] INFO   Dispatcher                    : MessageId: 1.165ConversationId: 1.165
04/09/2016 07:03:44 [11] DEBUG  Dispatcher                    : Conversation  with id= 1.165 does not exist, trying to create new conversation.
04/09/2016 07:03:44 [11] DEBUG  Dispatcher                    : Adding Conversation Player.Conversation.AliveConversation, 1.165
04/09/2016 07:03:44 [11] DEBUG  Dispatcher                    :       New Queue ID: 1.165
04/09/2016 07:03:44 [11] INFO   BackgroundThread              : Starting 
04/09/2016 07:03:44 [12] DEBUG  AliveConversation             : Creating Alive Response
04/09/2016 07:03:44 [12] DEBUG  ResponseConversation          : Conversation Id  for Response conversation: 1.165
04/09/2016 07:03:44 [12] DEBUG  PostMan                       : Sending UDP (Messages.ReplyMessages.Reply, MessageID: 0.2, ConversationID: 1.165)
JSON: {"__type":"Reply:#Messages.ReplyMessages","ConvId":{"Pid":1,"Seq":165},"MsgId":{"Pid":0,"Seq":2},"Note":"I'm Alive","Success":true}
04/09/2016 07:03:44 [12] DEBUG  PostMan                       : Message Delivered
04/09/2016 07:03:47 [10] DEBUG  LoginConversation             : Received a login reply message.
04/09/2016 07:03:47 [10] INFO   BackgroundThread              : Stopping 
04/09/2016 07:03:47 [10] DEBUG  BackgroundThread              : Leaving Stop
04/09/2016 07:03:47 [ 9] DEBUG  PlayerProcess                 : In Process GetGameList function.
04/09/2016 07:03:47 [ 9] DEBUG  Dispatcher                    : Adding Conversation Player.Conversation.GameListConversation, 8.3
04/09/2016 07:03:47 [ 9] DEBUG  Dispatcher                    :       New Queue ID: 8.3
04/09/2016 07:03:47 [ 9] INFO   BackgroundThread              : Starting 
04/09/2016 07:03:47 [12] DEBUG  GameListConversation          : Queuing game list request. 
04/09/2016 07:03:47 [12] DEBUG  InitiatedConversation         : Conversation Id  for initiated conversation: 8.3
04/09/2016 07:03:47 [12] DEBUG  PostMan                       : Sending UDP (Messages.RequestMessages.GameListRequest, MessageID: 8.3, ConversationID: 8.3)
JSON: {"__type":"GameListRequest:#Messages.RequestMessages","ConvId":{"Pid":8,"Seq":3},"MsgId":{"Pid":8,"Seq":3},"StatusFilter":4}
04/09/2016 07:03:47 [12] DEBUG  PostMan                       : Message Delivered
04/09/2016 07:03:47 [11] DEBUG  PostMan                       : Received UDP (Messages.ReplyMessages.GameListReply, MessageID: 1.166, ConversationID: 8.3)
JSON: {"__type":"GameListReply:#Messages.ReplyMessages","ConvId":{"Pid":8,"Seq":3},"MsgId":{"Pid":1,"Seq":166},"Note":null,"Success":true,"GameInfo":[{"CurrentProcesses":[{"HasUmbrellaRaised":false,"HitPoints":0,"LifePoints":100,"ProcessId":5,"Type":4},{"HasUmbrellaRaised":false,"HitPoints":0,"LifePoints":100,"ProcessId":4,"Type":5},{"HasUmbrellaRaised":false,"HitPoints":0,"LifePoints":100,"ProcessId":6,"Type":3},{"HasUmbrellaRaised":false,"HitPoints":0,"LifePoints":100,"ProcessId":7,"Type":3}],"GameId":3,"GameManagerId":2,"Label":"GM52385's 1st Game","MaxPlayers":5,"MinPlayers":3,"StartingPlayers":[],"Status":4,"Winners":null}]}
04/09/2016 07:03:47 [11] INFO   Dispatcher                    : New Message Received: (Messages.ReplyMessages.GameListReply)
04/09/2016 07:03:47 [11] INFO   Dispatcher                    : MessageId: 1.166ConversationId: 8.3
04/09/2016 07:03:52 [12] DEBUG  GameListConversation          : Received a game list reply message.
04/09/2016 07:03:52 [12] INFO   BackgroundThread              : Stopping 
04/09/2016 07:03:52 [12] DEBUG  BackgroundThread              : Leaving Stop
04/09/2016 07:03:52 [ 9] DEBUG  PlayerProcess                 : Life points is null, game needs to be started.
04/09/2016 07:03:52 [ 9] DEBUG  Dispatcher                    : Adding Conversation Player.Conversation.JoinGameConversation, 8.4
04/09/2016 07:03:52 [ 9] DEBUG  Dispatcher                    :       New Queue ID: 8.4
04/09/2016 07:03:52 [ 9] INFO   BackgroundThread              : Starting 
04/09/2016 07:03:52 [14] DEBUG  JoinGameConversation          : Queuing join game request. 
04/09/2016 07:03:52 [14] DEBUG  JoinGameConversation          : Requesting GameId: 3
04/09/2016 07:03:52 [14] DEBUG  InitiatedConversation         : Conversation Id  for initiated conversation: 8.4
04/09/2016 07:03:52 [14] DEBUG  PostMan                       : Sending UDP (Messages.Routing, MessageID: 8.4, ConversationID: 8.4)
JSON: {"__type":"Routing:#Messages","ConvId":{"Pid":8,"Seq":4},"MsgId":{"Pid":8,"Seq":4},"InnerMessage":{"__type":"JoinGameRequest:#Messages.RequestMessages","ConvId":{"Pid":8,"Seq":4},"MsgId":{"Pid":8,"Seq":4},"GameId":3,"Process":{"EndPoint":{"Host":"127.0.0.1","Port":10000},"Label":"The Instructor","ProcessId":8,"Status":4,"Type":3}},"ToProcessIds":[2]}
04/09/2016 07:03:52 [14] DEBUG  PostMan                       : Message Delivered
04/09/2016 07:03:52 [11] DEBUG  PostMan                       : Received UDP (Messages.Routing, MessageID: 2.76, ConversationID: 8.4)
JSON: {"__type":"Routing:#Messages","ConvId":{"Pid":8,"Seq":4},"MsgId":{"Pid":2,"Seq":76},"InnerMessage":{"__type":"JoinGameReply:#Messages.ReplyMessages","ConvId":{"Pid":8,"Seq":4},"MsgId":{"Pid":2,"Seq":76},"Note":null,"Success":true,"GameId":3,"InitialLifePoints":100},"ToProcessIds":[8]}
04/09/2016 07:03:52 [11] INFO   Dispatcher                    : New Message Received: (Messages.Routing)
04/09/2016 07:03:52 [11] INFO   Dispatcher                    : MessageId: 2.76ConversationId: 8.4
04/09/2016 07:03:52 [ 9] DEBUG  PlayerProcess                 : No games available, setting status to 'Registered'
04/09/2016 07:03:52 [11] DEBUG  PostMan                       : Received UDP (Messages.Routing, MessageID: 2.79, ConversationID: 2.79)
JSON: {"__type":"Routing:#Messages","ConvId":{"Pid":2,"Seq":79},"MsgId":{"Pid":2,"Seq":79},"InnerMessage":{"__type":"GameStatusNotification:#Messages.RequestMessages","ConvId":{"Pid":2,"Seq":79},"MsgId":{"Pid":2,"Seq":79},"Game":{"CurrentProcesses":[{"HasUmbrellaRaised":false,"HitPoints":0,"LifePoints":100,"ProcessId":5,"Type":4},{"HasUmbrellaRaised":false,"HitPoints":0,"LifePoints":100,"ProcessId":4,"Type":5},{"HasUmbrellaRaised":false,"HitPoints":0,"LifePoints":100,"ProcessId":6,"Type":3},{"HasUmbrellaRaised":false,"HitPoints":0,"LifePoints":100,"ProcessId":7,"Type":3},{"HasUmbrellaRaised":false,"HitPoints":0,"LifePoints":100,"ProcessId":8,"Type":3}],"GameId":3,"GameManagerId":2,"Label":"GM52385's 1st Game","MaxPlayers":5,"MinPlayers":3,"StartingPlayers":[],"Status":8,"Winners":null}},"ToProcessIds":[5,4,6,7,8]}
04/09/2016 07:03:52 [ 9] DEBUG  PlayerProcess                 : In Process GetGameList function.
04/09/2016 07:03:52 [11] INFO   Dispatcher                    : New Message Received: (Messages.Routing)
04/09/2016 07:03:52 [ 9] DEBUG  Dispatcher                    : Adding Conversation Player.Conversation.GameListConversation, 8.5
04/09/2016 07:03:52 [11] INFO   Dispatcher                    : MessageId: 2.79ConversationId: 2.79
04/09/2016 07:03:52 [11] DEBUG  Dispatcher                    : Conversation  with id= 2.79 does not exist, trying to create new conversation.
04/09/2016 07:03:52 [11] DEBUG  Dispatcher                    : Adding Conversation Player.Conversation.GameStatusConversation, 2.79
04/09/2016 07:03:52 [ 9] DEBUG  Dispatcher                    :       New Queue ID: 8.5
04/09/2016 07:03:52 [ 9] INFO   BackgroundThread              : Starting 
04/09/2016 07:03:52 [13] DEBUG  GameListConversation          : Queuing game list request. 
04/09/2016 07:03:52 [13] DEBUG  InitiatedConversation         : Conversation Id  for initiated conversation: 8.5
04/09/2016 07:03:52 [11] DEBUG  Dispatcher                    :       New Queue ID: 2.79
04/09/2016 07:03:52 [11] INFO   BackgroundThread              : Starting 
04/09/2016 07:03:52 [13] DEBUG  PostMan                       : Sending UDP (Messages.RequestMessages.GameListRequest, MessageID: 8.5, ConversationID: 8.5)
JSON: {"__type":"GameListRequest:#Messages.RequestMessages","ConvId":{"Pid":8,"Seq":5},"MsgId":{"Pid":8,"Seq":5},"StatusFilter":4}
04/09/2016 07:03:52 [12] DEBUG  GameStatusConversation        : Received Game Status Message
04/09/2016 07:03:52 [13] DEBUG  PostMan                       : Message Delivered
04/09/2016 07:03:52 [11] DEBUG  PostMan                       : Received UDP (Messages.ReplyMessages.GameListReply, MessageID: 1.169, ConversationID: 8.5)
JSON: {"__type":"GameListReply:#Messages.ReplyMessages","ConvId":{"Pid":8,"Seq":5},"MsgId":{"Pid":1,"Seq":169},"Note":null,"Success":true,"GameInfo":[{"CurrentProcesses":[{"HasUmbrellaRaised":false,"HitPoints":0,"LifePoints":100,"ProcessId":5,"Type":4},{"HasUmbrellaRaised":false,"HitPoints":0,"LifePoints":100,"ProcessId":4,"Type":5},{"HasUmbrellaRaised":false,"HitPoints":0,"LifePoints":100,"ProcessId":6,"Type":3},{"HasUmbrellaRaised":false,"HitPoints":0,"LifePoints":100,"ProcessId":7,"Type":3},{"HasUmbrellaRaised":false,"HitPoints":0,"LifePoints":100,"ProcessId":8,"Type":3}],"GameId":3,"GameManagerId":2,"Label":"GM52385's 1st Game","MaxPlayers":5,"MinPlayers":3,"StartingPlayers":[],"Status":4,"Winners":null}]}
04/09/2016 07:03:53 [11] INFO   Dispatcher                    : New Message Received: (Messages.ReplyMessages.GameListReply)
04/09/2016 07:03:53 [11] INFO   Dispatcher                    : MessageId: 1.169ConversationId: 8.5
04/09/2016 07:03:53 [11] DEBUG  PostMan                       : Received UDP (Messages.RequestMessages.AllowanceDeliveryRequest, MessageID: 1.170, ConversationID: 1.170)
JSON: {"__type":"AllowanceDeliveryRequest:#Messages.RequestMessages","ConvId":{"Pid":1,"Seq":170},"MsgId":{"Pid":1,"Seq":170},"NumberOfPennies":400,"PortNumber":12999}
04/09/2016 07:03:53 [11] INFO   Dispatcher                    : New Message Received: (Messages.RequestMessages.AllowanceDeliveryRequest)
04/09/2016 07:03:53 [11] INFO   Dispatcher                    : MessageId: 1.170ConversationId: 1.170
04/09/2016 07:03:53 [11] DEBUG  Dispatcher                    : Conversation  with id= 1.170 does not exist, trying to create new conversation.
04/09/2016 07:03:53 [11] DEBUG  Dispatcher                    : Adding Conversation Player.Conversation.AllowanceDeliveryConversation, 1.170
04/09/2016 07:03:53 [11] DEBUG  Dispatcher                    :       New Queue ID: 1.170
04/09/2016 07:03:53 [11] INFO   BackgroundThread              : Starting 
04/09/2016 07:03:53 [15] DEBUG  AllowanceDeliveryConversation : Received Allowance Delivery Request. 
04/09/2016 07:03:53 [15] DEBUG  TCPSocket                     : Destination Endpoint is: 127.0.0.1:12999
04/09/2016 07:03:53 [15] INFO   BackgroundThread              : Starting 
04/09/2016 07:03:53 [15] DEBUG  TCPSocket                     : Opening Remote TCP Connection
04/09/2016 07:03:53 [15] DEBUG  TCPSocket                     : TCP Socket connected to 127.0.0.1:12999
04/09/2016 07:03:53 [15] INFO   AllowanceDeliveryConversation : IN TCP RECEIVE!!!!
