04/13/2016 12:46:36 [ 7] DEBUG  PlayerConnection              : Using Local Settings.
04/13/2016 12:46:36 [ 7] DEBUG  PlayerConnection              : Starting Application. 
04/13/2016 12:46:36 [ 7] DEBUG  PlayerConnection              : Initializing Subsystem
04/13/2016 12:46:36 [ 7] DEBUG  PlayerProcess                 : Initializeing Player Subsystem.
04/13/2016 12:46:36 [ 7] DEBUG  PlayerConnection              : Initializing Player
04/13/2016 12:46:36 [ 7] DEBUG  PlayerProcess                 : Initializing Player Details.
04/13/2016 12:46:36 [ 7] INFO   BackgroundThread              : Starting 
04/13/2016 12:46:36 [10] INFO   BackgroundThread              : Starting 
04/13/2016 12:46:42 [10] DEBUG  PlayerProcess                 : In Process Login function.
04/13/2016 12:46:42 [10] DEBUG  ConversationFactory           : Creating Conversation of type LoginConversation
04/13/2016 12:46:42 [10] DEBUG  Dispatcher                    : Adding Conversation Player.Conversation.LoginConversation, 0.1
04/13/2016 12:46:42 [10] DEBUG  Dispatcher                    :       New Queue ID: 0.1
04/13/2016 12:46:42 [10] INFO   BackgroundThread              : Starting 
04/13/2016 12:46:45 [12] DEBUG  LoginConversation             : Creating login request. 
04/13/2016 12:46:45 [12] DEBUG  InitiatedConversation         : LoginConversation, ConversationID: 0.1: Conversation Id  for Initiated conversation: 0.1
04/13/2016 12:46:45 [12] DEBUG  Conversation                  : LoginConversation, ConversationID: 0.1: Setting Message IDs
04/13/2016 12:46:45 [12] DEBUG  Conversation                  : LoginConversation, ConversationID: 0.1: Conversation is initiating send.
04/13/2016 12:46:45 [12] DEBUG  PostMan                       : Sending UDP (Messages.RequestMessages.LoginRequest, MessageID: 0.1, ConversationID: 0.1)
Endpoint: 127.0.0.1:12000
JSON: {"__type":"LoginRequest:#Messages.RequestMessages","ConvId":{"Pid":0,"Seq":1},"MsgId":{"Pid":0,"Seq":1},"Identity":{"ANumber":"A00000001","Alias":"The Instructor","FirstName":"The","LastName":"Instructor"},"ProcessLabel":null,"ProcessType":3,"PublicKey":null}
04/13/2016 12:46:45 [12] DEBUG  PostMan                       : Message Delivered
04/13/2016 12:46:45 [12] DEBUG  Conversation                  : LoginConversation, ConversationID: 0.1: Send succeeded.
04/13/2016 12:46:51 [12] DEBUG  LoginConversation             : Creating login request. 
04/13/2016 12:46:51 [12] DEBUG  InitiatedConversation         : LoginConversation, ConversationID: 0.1: Conversation Id  for Initiated conversation: 0.1
04/13/2016 12:46:51 [12] DEBUG  Conversation                  : LoginConversation, ConversationID: 0.1: Setting Message IDs
04/13/2016 12:46:51 [12] DEBUG  Conversation                  : LoginConversation, ConversationID: 0.1: Conversation is initiating send.
04/13/2016 12:46:51 [12] DEBUG  PostMan                       : Sending UDP (Messages.RequestMessages.LoginRequest, MessageID: 0.1, ConversationID: 0.1)
Endpoint: 127.0.0.1:12000
JSON: {"__type":"LoginRequest:#Messages.RequestMessages","ConvId":{"Pid":0,"Seq":1},"MsgId":{"Pid":0,"Seq":1},"Identity":{"ANumber":"A00000001","Alias":"The Instructor","FirstName":"The","LastName":"Instructor"},"ProcessLabel":null,"ProcessType":3,"PublicKey":null}
04/13/2016 12:46:51 [12] DEBUG  PostMan                       : Message Delivered
04/13/2016 12:46:51 [12] DEBUG  Conversation                  : LoginConversation, ConversationID: 0.1: Send succeeded.
04/13/2016 12:46:58 [12] DEBUG  LoginConversation             : Creating login request. 
04/13/2016 12:46:58 [12] DEBUG  InitiatedConversation         : LoginConversation, ConversationID: 0.1: Conversation Id  for Initiated conversation: 0.1
04/13/2016 12:46:58 [12] DEBUG  Conversation                  : LoginConversation, ConversationID: 0.1: Setting Message IDs
04/13/2016 12:46:58 [12] DEBUG  Conversation                  : LoginConversation, ConversationID: 0.1: Conversation is initiating send.
04/13/2016 12:46:58 [12] DEBUG  PostMan                       : Sending UDP (Messages.RequestMessages.LoginRequest, MessageID: 0.1, ConversationID: 0.1)
Endpoint: 127.0.0.1:12000
JSON: {"__type":"LoginRequest:#Messages.RequestMessages","ConvId":{"Pid":0,"Seq":1},"MsgId":{"Pid":0,"Seq":1},"Identity":{"ANumber":"A00000001","Alias":"The Instructor","FirstName":"The","LastName":"Instructor"},"ProcessLabel":null,"ProcessType":3,"PublicKey":null}
04/13/2016 12:46:58 [12] DEBUG  PostMan                       : Message Delivered
04/13/2016 12:46:58 [12] DEBUG  Conversation                  : LoginConversation, ConversationID: 0.1: Send succeeded.
04/13/2016 12:47:02 [12] ERROR  Conversation                  : LoginConversation, ConversationID: 0.1: Conversation Failed
04/13/2016 12:47:02 [12] ERROR  Conversation                  : LoginConversation, ConversationID: 0.1: Conversation Ending
04/13/2016 12:47:02 [12] INFO   Conversation                  : Conversation Failed
04/13/2016 12:47:02 [12] INFO   BackgroundThread              : Stopping 
04/13/2016 12:47:02 [12] DEBUG  BackgroundThread              : Leaving Stop
04/13/2016 12:47:02 [10] DEBUG  PlayerProcess                 : In Process Login function.
04/13/2016 12:47:02 [10] DEBUG  ConversationFactory           : Creating Conversation of type LoginConversation
04/13/2016 12:47:02 [10] DEBUG  Dispatcher                    : Adding Conversation Player.Conversation.LoginConversation, 0.2
04/13/2016 12:47:02 [10] DEBUG  Dispatcher                    :       New Queue ID: 0.2
04/13/2016 12:47:02 [10] INFO   BackgroundThread              : Starting 
04/13/2016 12:47:05 [12] DEBUG  LoginConversation             : Creating login request. 
04/13/2016 12:47:05 [12] DEBUG  InitiatedConversation         : LoginConversation, ConversationID: 0.2: Conversation Id  for Initiated conversation: 0.2
04/13/2016 12:47:05 [12] DEBUG  Conversation                  : LoginConversation, ConversationID: 0.2: Setting Message IDs
04/13/2016 12:47:05 [12] DEBUG  Conversation                  : LoginConversation, ConversationID: 0.2: Conversation is initiating send.
04/13/2016 12:47:05 [12] DEBUG  PostMan                       : Sending UDP (Messages.RequestMessages.LoginRequest, MessageID: 0.2, ConversationID: 0.2)
Endpoint: 127.0.0.1:12000
JSON: {"__type":"LoginRequest:#Messages.RequestMessages","ConvId":{"Pid":0,"Seq":2},"MsgId":{"Pid":0,"Seq":2},"Identity":{"ANumber":"A00000001","Alias":"The Instructor","FirstName":"The","LastName":"Instructor"},"ProcessLabel":null,"ProcessType":3,"PublicKey":null}
04/13/2016 12:47:05 [12] DEBUG  PostMan                       : Message Delivered
04/13/2016 12:47:05 [12] DEBUG  Conversation                  : LoginConversation, ConversationID: 0.2: Send succeeded.
04/13/2016 12:47:11 [12] DEBUG  LoginConversation             : Creating login request. 
04/13/2016 12:47:11 [12] DEBUG  InitiatedConversation         : LoginConversation, ConversationID: 0.2: Conversation Id  for Initiated conversation: 0.2
04/13/2016 12:47:11 [12] DEBUG  Conversation                  : LoginConversation, ConversationID: 0.2: Setting Message IDs
04/13/2016 12:47:11 [12] DEBUG  Conversation                  : LoginConversation, ConversationID: 0.2: Conversation is initiating send.
04/13/2016 12:47:11 [12] DEBUG  PostMan                       : Sending UDP (Messages.RequestMessages.LoginRequest, MessageID: 0.2, ConversationID: 0.2)
Endpoint: 127.0.0.1:12000
JSON: {"__type":"LoginRequest:#Messages.RequestMessages","ConvId":{"Pid":0,"Seq":2},"MsgId":{"Pid":0,"Seq":2},"Identity":{"ANumber":"A00000001","Alias":"The Instructor","FirstName":"The","LastName":"Instructor"},"ProcessLabel":null,"ProcessType":3,"PublicKey":null}
04/13/2016 12:47:11 [12] DEBUG  PostMan                       : Message Delivered
04/13/2016 12:47:11 [12] DEBUG  Conversation                  : LoginConversation, ConversationID: 0.2: Send succeeded.
04/13/2016 12:47:18 [12] DEBUG  LoginConversation             : Creating login request. 
04/13/2016 12:47:18 [12] DEBUG  InitiatedConversation         : LoginConversation, ConversationID: 0.2: Conversation Id  for Initiated conversation: 0.2
04/13/2016 12:47:18 [12] DEBUG  Conversation                  : LoginConversation, ConversationID: 0.2: Setting Message IDs
04/13/2016 12:47:18 [12] DEBUG  Conversation                  : LoginConversation, ConversationID: 0.2: Conversation is initiating send.
04/13/2016 12:47:18 [12] DEBUG  PostMan                       : Sending UDP (Messages.RequestMessages.LoginRequest, MessageID: 0.2, ConversationID: 0.2)
Endpoint: 127.0.0.1:12000
JSON: {"__type":"LoginRequest:#Messages.RequestMessages","ConvId":{"Pid":0,"Seq":2},"MsgId":{"Pid":0,"Seq":2},"Identity":{"ANumber":"A00000001","Alias":"The Instructor","FirstName":"The","LastName":"Instructor"},"ProcessLabel":null,"ProcessType":3,"PublicKey":null}
04/13/2016 12:47:18 [12] DEBUG  PostMan                       : Message Delivered
04/13/2016 12:47:18 [12] DEBUG  Conversation                  : LoginConversation, ConversationID: 0.2: Send succeeded.
04/13/2016 12:47:22 [12] ERROR  Conversation                  : LoginConversation, ConversationID: 0.2: Conversation Failed
04/13/2016 12:47:22 [12] ERROR  Conversation                  : LoginConversation, ConversationID: 0.2: Conversation Ending
04/13/2016 12:47:22 [12] INFO   Conversation                  : Conversation Failed
04/13/2016 12:47:22 [12] INFO   BackgroundThread              : Stopping 
04/13/2016 12:47:22 [12] DEBUG  BackgroundThread              : Leaving Stop
04/13/2016 12:47:22 [10] DEBUG  PlayerProcess                 : In Process Login function.
04/13/2016 12:47:22 [10] DEBUG  ConversationFactory           : Creating Conversation of type LoginConversation
04/13/2016 12:47:22 [10] DEBUG  Dispatcher                    : Adding Conversation Player.Conversation.LoginConversation, 0.3
04/13/2016 12:47:22 [10] DEBUG  Dispatcher                    :       New Queue ID: 0.3
04/13/2016 12:47:22 [10] INFO   BackgroundThread              : Starting 
04/13/2016 12:47:25 [13] DEBUG  LoginConversation             : Creating login request. 
04/13/2016 12:47:25 [13] DEBUG  InitiatedConversation         : LoginConversation, ConversationID: 0.3: Conversation Id  for Initiated conversation: 0.3
04/13/2016 12:47:25 [13] DEBUG  Conversation                  : LoginConversation, ConversationID: 0.3: Setting Message IDs
04/13/2016 12:47:25 [13] DEBUG  Conversation                  : LoginConversation, ConversationID: 0.3: Conversation is initiating send.
04/13/2016 12:47:25 [13] DEBUG  PostMan                       : Sending UDP (Messages.RequestMessages.LoginRequest, MessageID: 0.3, ConversationID: 0.3)
Endpoint: 127.0.0.1:12000
JSON: {"__type":"LoginRequest:#Messages.RequestMessages","ConvId":{"Pid":0,"Seq":3},"MsgId":{"Pid":0,"Seq":3},"Identity":{"ANumber":"A00000001","Alias":"The Instructor","FirstName":"The","LastName":"Instructor"},"ProcessLabel":null,"ProcessType":3,"PublicKey":null}
04/13/2016 12:47:25 [13] DEBUG  PostMan                       : Message Delivered
04/13/2016 12:47:25 [13] DEBUG  Conversation                  : LoginConversation, ConversationID: 0.3: Send succeeded.
04/13/2016 12:47:31 [13] DEBUG  LoginConversation             : Creating login request. 
04/13/2016 12:47:31 [13] DEBUG  InitiatedConversation         : LoginConversation, ConversationID: 0.3: Conversation Id  for Initiated conversation: 0.3
04/13/2016 12:47:31 [13] DEBUG  Conversation                  : LoginConversation, ConversationID: 0.3: Setting Message IDs
04/13/2016 12:47:31 [13] DEBUG  Conversation                  : LoginConversation, ConversationID: 0.3: Conversation is initiating send.
04/13/2016 12:47:31 [13] DEBUG  PostMan                       : Sending UDP (Messages.RequestMessages.LoginRequest, MessageID: 0.3, ConversationID: 0.3)
Endpoint: 127.0.0.1:12000
JSON: {"__type":"LoginRequest:#Messages.RequestMessages","ConvId":{"Pid":0,"Seq":3},"MsgId":{"Pid":0,"Seq":3},"Identity":{"ANumber":"A00000001","Alias":"The Instructor","FirstName":"The","LastName":"Instructor"},"ProcessLabel":null,"ProcessType":3,"PublicKey":null}
04/13/2016 12:47:31 [13] DEBUG  PostMan                       : Message Delivered
04/13/2016 12:47:31 [13] DEBUG  Conversation                  : LoginConversation, ConversationID: 0.3: Send succeeded.
04/13/2016 12:47:37 [13] DEBUG  LoginConversation             : Creating login request. 
04/13/2016 12:47:37 [13] DEBUG  InitiatedConversation         : LoginConversation, ConversationID: 0.3: Conversation Id  for Initiated conversation: 0.3
04/13/2016 12:47:37 [13] DEBUG  Conversation                  : LoginConversation, ConversationID: 0.3: Setting Message IDs
04/13/2016 12:47:37 [13] DEBUG  Conversation                  : LoginConversation, ConversationID: 0.3: Conversation is initiating send.
04/13/2016 12:47:37 [13] DEBUG  PostMan                       : Sending UDP (Messages.RequestMessages.LoginRequest, MessageID: 0.3, ConversationID: 0.3)
Endpoint: 127.0.0.1:12000
JSON: {"__type":"LoginRequest:#Messages.RequestMessages","ConvId":{"Pid":0,"Seq":3},"MsgId":{"Pid":0,"Seq":3},"Identity":{"ANumber":"A00000001","Alias":"The Instructor","FirstName":"The","LastName":"Instructor"},"ProcessLabel":null,"ProcessType":3,"PublicKey":null}
04/13/2016 12:47:38 [13] DEBUG  PostMan                       : Message Delivered
04/13/2016 12:47:38 [13] DEBUG  Conversation                  : LoginConversation, ConversationID: 0.3: Send succeeded.
04/13/2016 12:47:42 [13] ERROR  Conversation                  : LoginConversation, ConversationID: 0.3: Conversation Failed
04/13/2016 12:47:42 [13] ERROR  Conversation                  : LoginConversation, ConversationID: 0.3: Conversation Ending
04/13/2016 12:47:42 [13] INFO   Conversation                  : Conversation Failed
04/13/2016 12:47:42 [13] INFO   BackgroundThread              : Stopping 
04/13/2016 12:47:42 [13] DEBUG  BackgroundThread              : Leaving Stop
04/13/2016 12:47:42 [10] DEBUG  PlayerProcess                 : In Process Login function.
04/13/2016 12:47:42 [10] DEBUG  ConversationFactory           : Creating Conversation of type LoginConversation
04/13/2016 12:47:42 [10] DEBUG  Dispatcher                    : Adding Conversation Player.Conversation.LoginConversation, 0.4
04/13/2016 12:47:42 [10] DEBUG  Dispatcher                    :       New Queue ID: 0.4
04/13/2016 12:47:42 [10] INFO   BackgroundThread              : Starting 
