04/08/2016 12:18:43 [ 7] DEBUG  PlayerConnection              : Using Local Settings.
04/08/2016 12:18:43 [ 7] DEBUG  PlayerConnection              : Starting Application. 
04/08/2016 12:18:43 [ 7] DEBUG  PlayerProcess                 : Initializeing Player Subsystem.
04/08/2016 12:18:43 [ 7] DEBUG  PostMan                       : Port is: 10000
04/08/2016 12:18:43 [ 7] DEBUG  PlayerProcess                 : Initializing Player Details.
04/08/2016 12:18:43 [ 7] INFO   BackgroundThread              : Starting 
04/08/2016 12:18:43 [10] INFO   BackgroundThread              : Starting 
04/08/2016 12:18:43 [10] DEBUG  PlayerProcess                 : In Process Login function.
04/08/2016 12:18:43 [10] DEBUG  Dispatcher                    : Adding Conversation Player.Conversation.LoginConversation, 0.1
04/08/2016 12:18:43 [10] DEBUG  Dispatcher                    :       New Queue ID: 0.1
04/08/2016 12:18:43 [10] INFO   BackgroundThread              : Starting 
04/08/2016 12:18:43 [13] DEBUG  LoginConversation             : Creating login request. 
04/08/2016 12:18:43 [13] DEBUG  InitiatedConversation         : Conversation Id  for initiated conversation: 0.1
04/08/2016 12:18:43 [13] DEBUG  PostMan                       : Sending UDP (Messages.RequestMessages.LoginRequest)
04/08/2016 12:18:43 [13] DEBUG  PostMan                       : MessageId: 0.1ConversationId: 0.1
04/08/2016 12:18:43 [13] DEBUG  PostMan                       : Message Delivered
04/08/2016 12:18:43 [12] DEBUG  PostMan                       : Message Received!
04/08/2016 12:18:43 [12] DEBUG  PostMan                       : Raw Message: 
04/08/2016 12:18:43 [12] DEBUG  PostMan                       : {"__type":"LoginReply:#Messages.ReplyMessages","ConvId":{"Pid":0,"Seq":1},"MsgId":{"Pid":1,"Seq":39},"Note":"Logged in","Success":true,"PennyBankEndPoint":{"Host":"127.0.0.1","Port":12003},"PennyBankPublicKey":null,"ProcessInfo":{"EndPoint":{"Host":"127.0.0.1","Port":10000},"Label":"The Instructor","ProcessId":7,"Status":3,"Type":3},"ProxyEndPoint":{"Host":"127.0.0.1","Port":12002}}
04/08/2016 12:18:43 [12] DEBUG  PostMan                       : Message ID: 1.39, ConversationId: 0.1
04/08/2016 12:18:43 [12] DEBUG  Dispatcher                    : Received (Messages.ReplyMessages.LoginReply)
04/08/2016 12:18:43 [12] DEBUG  Dispatcher                    : MessageId: 1.39ConversationId: 0.1
04/08/2016 12:18:48 [13] DEBUG  LoginConversation             : Received a login reply message.
04/08/2016 12:18:48 [13] INFO   BackgroundThread              : Stopping 
04/08/2016 12:18:48 [13] DEBUG  BackgroundThread              : Leaving Stop
04/08/2016 12:18:48 [10] DEBUG  PlayerProcess                 : In Process GetGameList function.
04/08/2016 12:18:48 [10] DEBUG  Dispatcher                    : Adding Conversation Player.Conversation.GameListConversation, 7.2
04/08/2016 12:18:48 [10] DEBUG  Dispatcher                    :       New Queue ID: 7.2
04/08/2016 12:18:48 [10] INFO   BackgroundThread              : Starting 
04/08/2016 12:18:48 [11] DEBUG  GameListConversation          : Queuing game list request. 
04/08/2016 12:18:48 [11] DEBUG  InitiatedConversation         : Conversation Id  for initiated conversation: 7.2
04/08/2016 12:18:48 [11] DEBUG  PostMan                       : Sending UDP (Messages.RequestMessages.GameListRequest)
04/08/2016 12:18:48 [11] DEBUG  PostMan                       : MessageId: 7.2ConversationId: 7.2
04/08/2016 12:18:48 [11] DEBUG  PostMan                       : Message Delivered
04/08/2016 12:18:48 [12] DEBUG  PostMan                       : Message Received!
04/08/2016 12:18:48 [12] DEBUG  PostMan                       : Raw Message: 
04/08/2016 12:18:48 [12] DEBUG  PostMan                       : {"__type":"GameListReply:#Messages.ReplyMessages","ConvId":{"Pid":7,"Seq":2},"MsgId":{"Pid":1,"Seq":40},"Note":null,"Success":true,"GameInfo":[{"CurrentProcesses":[{"HasUmbrellaRaised":false,"HitPoints":0,"LifePoints":100,"ProcessId":5,"Type":4},{"HasUmbrellaRaised":false,"HitPoints":0,"LifePoints":100,"ProcessId":4,"Type":5},{"HasUmbrellaRaised":false,"HitPoints":0,"LifePoints":100,"ProcessId":6,"Type":3}],"GameId":3,"GameManagerId":2,"Label":"GM71545's 1st Game","MaxPlayers":3,"MinPlayers":3,"StartingPlayers":[],"Status":4,"Winners":null}]}
04/08/2016 12:18:49 [12] DEBUG  PostMan                       : Message ID: 1.40, ConversationId: 7.2
04/08/2016 12:18:49 [12] DEBUG  Dispatcher                    : Received (Messages.ReplyMessages.GameListReply)
04/08/2016 12:18:49 [12] DEBUG  Dispatcher                    : MessageId: 1.40ConversationId: 7.2
04/08/2016 12:18:51 [12] DEBUG  PostMan                       : Message Received!
04/08/2016 12:18:51 [12] DEBUG  PostMan                       : Raw Message: 
04/08/2016 12:18:51 [12] DEBUG  PostMan                       : {"__type":"AliveRequest:#Messages.RequestMessages","ConvId":{"Pid":1,"Seq":44},"MsgId":{"Pid":1,"Seq":44}}
04/08/2016 12:18:51 [12] DEBUG  PostMan                       : Message ID: 1.44, ConversationId: 1.44
04/08/2016 12:18:51 [12] DEBUG  Dispatcher                    : Received (Messages.RequestMessages.AliveRequest)
04/08/2016 12:18:51 [12] DEBUG  Dispatcher                    : MessageId: 1.44ConversationId: 1.44
04/08/2016 12:18:51 [12] DEBUG  Dispatcher                    : Conversation  with id= 1.44 does not exist, trying to create new conversation.
04/08/2016 12:18:51 [12] DEBUG  Dispatcher                    : Adding Conversation Player.Conversation.AliveConversation, 1.44
04/08/2016 12:18:51 [12] DEBUG  Dispatcher                    :       New Queue ID: 1.44
04/08/2016 12:18:51 [12] INFO   BackgroundThread              : Starting 
04/08/2016 12:18:51 [13] DEBUG  AliveConversation             : Creating Alive Response
04/08/2016 12:18:51 [13] DEBUG  ResponseConversation          : Conversation Id  for Response conversation: 1.44
04/08/2016 12:18:51 [13] DEBUG  PostMan                       : Sending UDP (Messages.ReplyMessages.Reply)
04/08/2016 12:18:51 [13] DEBUG  PostMan                       : MessageId: 1.44ConversationId: 7.3
04/08/2016 12:18:51 [13] DEBUG  PostMan                       : Message Delivered
04/08/2016 12:18:53 [11] DEBUG  GameListConversation          : Received a game list reply message.
04/08/2016 12:18:53 [11] INFO   BackgroundThread              : Stopping 
04/08/2016 12:18:53 [11] DEBUG  BackgroundThread              : Leaving Stop
04/08/2016 12:18:53 [10] DEBUG  PlayerProcess                 : Life points is null, game needs to be started.
04/08/2016 12:18:53 [10] DEBUG  Dispatcher                    : Adding Conversation Player.Conversation.JoinGameConversation, 7.4
04/08/2016 12:18:53 [10] DEBUG  Dispatcher                    :       New Queue ID: 7.4
04/08/2016 12:18:54 [10] INFO   BackgroundThread              : Starting 
04/08/2016 12:18:54 [13] DEBUG  JoinGameConversation          : Queuing join game request. 
04/08/2016 12:18:54 [13] DEBUG  JoinGameConversation          : Requesting GameId: 3
04/08/2016 12:18:54 [13] DEBUG  InitiatedConversation         : Conversation Id  for initiated conversation: 7.4
04/08/2016 12:18:54 [13] DEBUG  PostMan                       : Sending UDP (Messages.Routing)
04/08/2016 12:18:54 [13] DEBUG  PostMan                       : MessageId: 7.4ConversationId: 7.4
04/08/2016 12:18:54 [13] DEBUG  PostMan                       : Message Delivered
04/08/2016 12:18:54 [12] DEBUG  PostMan                       : Message Received!
04/08/2016 12:18:54 [12] DEBUG  PostMan                       : Raw Message: 
04/08/2016 12:18:54 [12] DEBUG  PostMan                       : {"__type":"Routing:#Messages","ConvId":{"Pid":7,"Seq":4},"MsgId":{"Pid":2,"Seq":33},"InnerMessage":{"__type":"JoinGameReply:#Messages.ReplyMessages","ConvId":{"Pid":7,"Seq":4},"MsgId":{"Pid":2,"Seq":33},"Note":null,"Success":true,"GameId":3,"InitialLifePoints":100},"ToProcessIds":[7]}
04/08/2016 12:18:54 [12] DEBUG  PostMan                       : Message ID: 2.33, ConversationId: 7.4
04/08/2016 12:18:54 [10] DEBUG  PlayerProcess                 : No games available, setting status to 'Registered'
04/08/2016 12:18:54 [12] DEBUG  Dispatcher                    : Received (Messages.Routing)
04/08/2016 12:18:54 [12] DEBUG  Dispatcher                    : MessageId: 2.33ConversationId: 7.4
04/08/2016 12:18:54 [10] DEBUG  PlayerProcess                 : In Process GetGameList function.
04/08/2016 12:18:54 [10] DEBUG  Dispatcher                    : Adding Conversation Player.Conversation.GameListConversation, 7.5
04/08/2016 12:18:54 [10] DEBUG  Dispatcher                    :       New Queue ID: 7.5
04/08/2016 12:18:54 [10] INFO   BackgroundThread              : Starting 
04/08/2016 12:18:54 [14] DEBUG  GameListConversation          : Queuing game list request. 
04/08/2016 12:18:54 [14] DEBUG  InitiatedConversation         : Conversation Id  for initiated conversation: 7.5
04/08/2016 12:18:54 [14] DEBUG  PostMan                       : Sending UDP (Messages.RequestMessages.GameListRequest)
04/08/2016 12:18:54 [14] DEBUG  PostMan                       : MessageId: 7.5ConversationId: 7.5
04/08/2016 12:18:54 [14] DEBUG  PostMan                       : Message Delivered
04/08/2016 12:18:54 [12] DEBUG  PostMan                       : Message Received!
04/08/2016 12:18:54 [12] DEBUG  PostMan                       : Raw Message: 
04/08/2016 12:18:54 [12] DEBUG  PostMan                       : {"__type":"GameListReply:#Messages.ReplyMessages","ConvId":{"Pid":7,"Seq":5},"MsgId":{"Pid":1,"Seq":47},"Note":null,"Success":true,"GameInfo":[{"CurrentProcesses":[{"HasUmbrellaRaised":false,"HitPoints":0,"LifePoints":100,"ProcessId":5,"Type":4},{"HasUmbrellaRaised":false,"HitPoints":0,"LifePoints":100,"ProcessId":4,"Type":5},{"HasUmbrellaRaised":false,"HitPoints":0,"LifePoints":100,"ProcessId":6,"Type":3},{"HasUmbrellaRaised":false,"HitPoints":0,"LifePoints":100,"ProcessId":7,"Type":3}],"GameId":3,"GameManagerId":2,"Label":"GM71545's 1st Game","MaxPlayers":3,"MinPlayers":3,"StartingPlayers":[],"Status":4,"Winners":null}]}
04/08/2016 12:18:54 [12] DEBUG  PostMan                       : Message ID: 1.47, ConversationId: 7.5
04/08/2016 12:18:54 [12] DEBUG  Dispatcher                    : Received (Messages.ReplyMessages.GameListReply)
04/08/2016 12:18:54 [12] DEBUG  Dispatcher                    : MessageId: 1.47ConversationId: 7.5
04/08/2016 12:18:54 [12] DEBUG  PostMan                       : Message Received!
04/08/2016 12:18:54 [12] DEBUG  PostMan                       : Raw Message: 
04/08/2016 12:18:54 [12] DEBUG  PostMan                       : {"__type":"AllowanceDeliveryRequest:#Messages.RequestMessages","ConvId":{"Pid":1,"Seq":48},"MsgId":{"Pid":1,"Seq":48},"NumberOfPennies":400,"PortNumber":12997}
04/08/2016 12:18:54 [12] DEBUG  PostMan                       : Message ID: 1.48, ConversationId: 1.48
04/08/2016 12:18:54 [12] DEBUG  Dispatcher                    : Received (Messages.RequestMessages.AllowanceDeliveryRequest)
04/08/2016 12:18:54 [12] DEBUG  Dispatcher                    : MessageId: 1.48ConversationId: 1.48
04/08/2016 12:18:54 [12] DEBUG  Dispatcher                    : Conversation  with id= 1.48 does not exist, trying to create new conversation.
04/08/2016 12:18:54 [12] DEBUG  Dispatcher                    : Adding Conversation Player.Conversation.AllowanceDeliveryConversation, 1.48
04/08/2016 12:18:54 [12] DEBUG  Dispatcher                    :       New Queue ID: 1.48
04/08/2016 12:18:54 [12] INFO   BackgroundThread              : Starting 
04/08/2016 12:18:55 [11] DEBUG  AllowanceDeliveryConversation : Received Allowance Delivery Request. 
04/08/2016 12:18:55 [11] DEBUG  AllowanceDeliveryConversation : Creating Reply to Allowance Delivery request. 
04/08/2016 12:18:55 [11] DEBUG  ResponseConversation          : Conversation Id  for Response conversation: 1.48
04/08/2016 12:18:55 [11] DEBUG  PostMan                       : Sending UDP (Messages.ReplyMessages.Reply)
04/08/2016 12:18:55 [11] DEBUG  PostMan                       : MessageId: 1.48ConversationId: 7.6
04/08/2016 12:18:55 [11] DEBUG  PostMan                       : Message Delivered
04/08/2016 12:18:55 [11] DEBUG  TCPSocket                     : Destination Endpoint is: 127.0.0.1:12997
04/08/2016 12:18:55 [11] INFO   BackgroundThread              : Starting 
04/08/2016 12:18:55 [11] DEBUG  TCPSocket                     : Opening Remote TCP Connection
04/08/2016 12:18:55 [11] DEBUG  TCPSocket                     : TCP Socket connected to 127.0.0.1:12997
04/08/2016 12:18:55 [11] DEBUG  TCPSocket                     : Reading bytes in TCP Reader
04/08/2016 12:18:55 [11] DEBUG  TCPSocket                     : System.Net.Sockets.SocketException (0x80004005): An existing connection was forcibly closed by the remote host
   at System.Net.Sockets.Socket.Receive(Byte[] buffer, Int32 offset, Int32 size, SocketFlags socketFlags)
   at System.Net.Sockets.Socket.Receive(Byte[] buffer, Int32 size, SocketFlags socketFlags)
   at CommunicationLayer.TCPSocket.Read(Socket handler, Int32 numBytes) in D:\Drive\School\CS5200\LocalGame\CommunicationLayer\TCPSocket.cs:line 97
   at Player.Conversation.AllowanceDeliveryConversation.<OpenTCPStream>b__7_0(Socket handler, TCPSocket socket) in D:\Drive\School\CS5200\LocalGame\Player\Conversation\AllowanceDeliveryConversation.cs:line 41
   at CommunicationLayer.TCPSocket.EstablishConnection(PublicEndPoint ep, Action`2 afterConnect) in D:\Drive\School\CS5200\LocalGame\CommunicationLayer\TCPSocket.cs:line 63
04/08/2016 12:18:59 [13] DEBUG  JoinGameConversation          : Received a game join message.
04/08/2016 12:18:59 [13] INFO   BackgroundThread              : Stopping 
04/08/2016 12:18:59 [13] DEBUG  BackgroundThread              : Leaving Stop
04/08/2016 12:18:59 [14] DEBUG  GameListConversation          : Received a game list reply message.
04/08/2016 12:18:59 [14] INFO   BackgroundThread              : Stopping 
04/08/2016 12:18:59 [14] DEBUG  BackgroundThread              : Leaving Stop
04/08/2016 12:19:01 [12] DEBUG  PostMan                       : Message Received!
04/08/2016 12:19:01 [12] DEBUG  PostMan                       : Raw Message: 
04/08/2016 12:19:01 [12] DEBUG  PostMan                       : {"__type":"AliveRequest:#Messages.RequestMessages","ConvId":{"Pid":1,"Seq":44},"MsgId":{"Pid":1,"Seq":44}}
04/08/2016 12:19:01 [12] DEBUG  PostMan                       : Message ID: 1.44, ConversationId: 1.44
04/08/2016 12:19:01 [12] DEBUG  Dispatcher                    : Received (Messages.RequestMessages.AliveRequest)
04/08/2016 12:19:01 [12] DEBUG  Dispatcher                    : MessageId: 1.44ConversationId: 1.44
04/08/2016 12:19:04 [12] DEBUG  PostMan                       : Message Received!
04/08/2016 12:19:04 [12] DEBUG  PostMan                       : Raw Message: 
04/08/2016 12:19:04 [12] DEBUG  PostMan                       : {"__type":"AllowanceDeliveryRequest:#Messages.RequestMessages","ConvId":{"Pid":1,"Seq":48},"MsgId":{"Pid":1,"Seq":48},"NumberOfPennies":400,"PortNumber":12997}
04/08/2016 12:19:04 [12] DEBUG  PostMan                       : Message ID: 1.48, ConversationId: 1.48
04/08/2016 12:19:04 [12] DEBUG  Dispatcher                    : Received (Messages.RequestMessages.AllowanceDeliveryRequest)
04/08/2016 12:19:04 [12] DEBUG  Dispatcher                    : MessageId: 1.48ConversationId: 1.48
04/08/2016 12:19:11 [12] DEBUG  PostMan                       : Message Received!
04/08/2016 12:19:11 [12] DEBUG  PostMan                       : Raw Message: 
04/08/2016 12:19:11 [12] DEBUG  PostMan                       : {"__type":"AliveRequest:#Messages.RequestMessages","ConvId":{"Pid":1,"Seq":44},"MsgId":{"Pid":1,"Seq":44}}
04/08/2016 12:19:11 [12] DEBUG  PostMan                       : Message ID: 1.44, ConversationId: 1.44
04/08/2016 12:19:11 [12] DEBUG  Dispatcher                    : Received (Messages.RequestMessages.AliveRequest)
04/08/2016 12:19:11 [12] DEBUG  Dispatcher                    : MessageId: 1.44ConversationId: 1.44
04/08/2016 12:19:14 [12] DEBUG  PostMan                       : Message Received!
04/08/2016 12:19:14 [12] DEBUG  PostMan                       : Raw Message: 
04/08/2016 12:19:14 [12] DEBUG  PostMan                       : {"__type":"AllowanceDeliveryRequest:#Messages.RequestMessages","ConvId":{"Pid":1,"Seq":48},"MsgId":{"Pid":1,"Seq":48},"NumberOfPennies":400,"PortNumber":12997}
04/08/2016 12:19:14 [12] DEBUG  PostMan                       : Message ID: 1.48, ConversationId: 1.48
04/08/2016 12:19:14 [12] DEBUG  Dispatcher                    : Received (Messages.RequestMessages.AllowanceDeliveryRequest)
04/08/2016 12:19:14 [12] DEBUG  Dispatcher                    : MessageId: 1.48ConversationId: 1.48
04/08/2016 12:19:22 [12] DEBUG  PostMan                       : Message Received!
04/08/2016 12:19:22 [12] DEBUG  PostMan                       : Raw Message: 
04/08/2016 12:19:22 [12] DEBUG  PostMan                       : {"__type":"AliveRequest:#Messages.RequestMessages","ConvId":{"Pid":1,"Seq":52},"MsgId":{"Pid":1,"Seq":52}}
04/08/2016 12:19:22 [12] DEBUG  PostMan                       : Message ID: 1.52, ConversationId: 1.52
04/08/2016 12:19:22 [12] DEBUG  Dispatcher                    : Received (Messages.RequestMessages.AliveRequest)
04/08/2016 12:19:22 [12] DEBUG  Dispatcher                    : MessageId: 1.52ConversationId: 1.52
04/08/2016 12:19:22 [12] DEBUG  Dispatcher                    : Conversation  with id= 1.52 does not exist, trying to create new conversation.
04/08/2016 12:19:22 [12] DEBUG  Dispatcher                    : Adding Conversation Player.Conversation.AliveConversation, 1.52
04/08/2016 12:19:22 [12] DEBUG  Dispatcher                    :       New Queue ID: 1.52
04/08/2016 12:19:22 [12] INFO   BackgroundThread              : Starting 
04/08/2016 12:19:22 [11] ERROR  ResponseConversation          : Unable to retrieve received message. 
04/08/2016 12:19:32 [12] DEBUG  PostMan                       : Message Received!
04/08/2016 12:19:32 [12] DEBUG  PostMan                       : Raw Message: 
04/08/2016 12:19:32 [12] DEBUG  PostMan                       : {"__type":"AliveRequest:#Messages.RequestMessages","ConvId":{"Pid":1,"Seq":52},"MsgId":{"Pid":1,"Seq":52}}
04/08/2016 12:19:32 [12] DEBUG  PostMan                       : Message ID: 1.52, ConversationId: 1.52
04/08/2016 12:19:32 [12] DEBUG  Dispatcher                    : Received (Messages.RequestMessages.AliveRequest)
04/08/2016 12:19:32 [12] DEBUG  Dispatcher                    : MessageId: 1.52ConversationId: 1.52
04/08/2016 12:19:42 [12] DEBUG  PostMan                       : Message Received!
04/08/2016 12:19:42 [12] DEBUG  PostMan                       : Raw Message: 
04/08/2016 12:19:42 [12] DEBUG  PostMan                       : {"__type":"AliveRequest:#Messages.RequestMessages","ConvId":{"Pid":1,"Seq":52},"MsgId":{"Pid":1,"Seq":52}}
04/08/2016 12:19:42 [12] DEBUG  PostMan                       : Message ID: 1.52, ConversationId: 1.52
04/08/2016 12:19:42 [12] DEBUG  Dispatcher                    : Received (Messages.RequestMessages.AliveRequest)
04/08/2016 12:19:42 [12] DEBUG  Dispatcher                    : MessageId: 1.52ConversationId: 1.52
04/08/2016 12:19:52 [12] DEBUG  PostMan                       : Message Received!
04/08/2016 12:19:52 [12] DEBUG  PostMan                       : Raw Message: 
04/08/2016 12:19:52 [12] DEBUG  PostMan                       : {"__type":"DeadProcessNotification:#Messages.RequestMessages","ConvId":{"Pid":1,"Seq":53},"MsgId":{"Pid":1,"Seq":53},"ProcessId":7}
04/08/2016 12:19:52 [12] DEBUG  PostMan                       : Message ID: 1.53, ConversationId: 1.53
04/08/2016 12:19:52 [12] DEBUG  Dispatcher                    : Received (Messages.RequestMessages.DeadProcessNotification)
04/08/2016 12:19:52 [12] DEBUG  Dispatcher                    : MessageId: 1.53ConversationId: 1.53
04/08/2016 12:19:52 [12] DEBUG  Dispatcher                    : Conversation  with id= 1.53 does not exist, trying to create new conversation.
04/08/2016 12:19:52 [12] ERROR  Dispatcher                    : New conversation returned from factory is Null!
