04/07/2016 11:52:01 [ 8] DEBUG  PlayerConnection              : Using Local Settings.
04/07/2016 11:52:01 [ 8] DEBUG  PlayerConnection              : Starting Application. 
04/07/2016 11:52:01 [ 8] DEBUG  PlayerProcess                 : Initializeing Player Subsystem.
04/07/2016 11:52:01 [ 8] DEBUG  PostMan                       : Port is: 10000
04/07/2016 11:52:01 [ 8] DEBUG  PlayerProcess                 : Initializing Player Details.
04/07/2016 11:52:01 [ 8] INFO   BackgroundThread              : Starting 
04/07/2016 11:52:01 [12] INFO   BackgroundThread              : Starting 
04/07/2016 11:52:01 [12] DEBUG  PlayerProcess                 : In Process Login function.
04/07/2016 11:52:01 [12] DEBUG  Dispatcher                    : Adding Conversation Player.Conversation.LoginConversation, 0.1
04/07/2016 11:52:01 [12] DEBUG  Dispatcher                    :       New Queue ID: 0.1
04/07/2016 11:52:01 [12] INFO   BackgroundThread              : Starting 
04/07/2016 11:52:01 [16] DEBUG  LoginConversation             : Creating login request. 
04/07/2016 11:52:01 [16] DEBUG  InitiatedConversation         : Conversation Id  for initiated conversation: 0.1
04/07/2016 11:52:01 [16] DEBUG  PostMan                       : Sending UDP (Messages.RequestMessages.LoginRequest)
04/07/2016 11:52:01 [16] DEBUG  PostMan                       : MessageId: 0.1ConversationId: 0.1
04/07/2016 11:52:01 [16] DEBUG  PostMan                       : Message Delivered
04/07/2016 11:52:01 [14] DEBUG  PostMan                       : Message Received!
04/07/2016 11:52:01 [14] DEBUG  PostMan                       : Raw Message: 
04/07/2016 11:52:01 [14] DEBUG  PostMan                       : {"__type":"LoginReply:#Messages.ReplyMessages","ConvId":{"Pid":0,"Seq":1},"MsgId":{"Pid":1,"Seq":204},"Note":"Logged in","Success":true,"PennyBankEndPoint":{"Host":"127.0.0.1","Port":12003},"PennyBankPublicKey":null,"ProcessInfo":{"EndPoint":{"Host":"127.0.0.1","Port":10000},"Label":"The Instructor","ProcessId":9,"Status":3,"Type":3},"ProxyEndPoint":{"Host":"127.0.0.1","Port":12002}}
04/07/2016 11:52:01 [14] DEBUG  PostMan                       : Message ID: 1.204, ConversationId: 0.1
04/07/2016 11:52:01 [14] DEBUG  Dispatcher                    : Received (Messages.ReplyMessages.LoginReply)
04/07/2016 11:52:01 [14] DEBUG  Dispatcher                    : MessageId: 1.204ConversationId: 0.1
04/07/2016 11:53:26 [14] DEBUG  PostMan                       : Message Received!
04/07/2016 11:53:26 [16] DEBUG  LoginConversation             : Received a login reply message.
04/07/2016 11:53:27 [14] DEBUG  PostMan                       : Raw Message: 
04/07/2016 11:53:27 [14] DEBUG  PostMan                       : {"__type":"AliveRequest:#Messages.RequestMessages","ConvId":{"Pid":1,"Seq":205},"MsgId":{"Pid":1,"Seq":205}}
04/07/2016 11:53:27 [14] DEBUG  PostMan                       : Message ID: 1.205, ConversationId: 1.205
04/07/2016 11:53:27 [16] INFO   BackgroundThread              : Stopping 
04/07/2016 11:53:27 [14] DEBUG  Dispatcher                    : Received (Messages.RequestMessages.AliveRequest)
04/07/2016 11:53:27 [14] DEBUG  Dispatcher                    : MessageId: 1.205ConversationId: 1.205
04/07/2016 11:53:27 [14] DEBUG  Dispatcher                    : Conversation  with id= 1.205 does not exist, trying to create new conversation.
04/07/2016 11:53:27 [14] DEBUG  Dispatcher                    : Adding Conversation Player.Conversation.AliveConversation, 1.205
04/07/2016 11:53:27 [14] DEBUG  Dispatcher                    :       New Queue ID: 1.205
04/07/2016 11:53:27 [14] INFO   BackgroundThread              : Starting 
04/07/2016 11:53:27 [16] DEBUG  BackgroundThread              : Leaving Stop
04/07/2016 11:53:27 [12] DEBUG  PlayerProcess                 : In Process GetGameList function.
04/07/2016 11:53:27 [12] DEBUG  Dispatcher                    : Adding Conversation Player.Conversation.GameListConversation, 9.2
04/07/2016 11:53:27 [15] DEBUG  AliveConversation             : Creating Alive Response
04/07/2016 11:53:27 [12] DEBUG  Dispatcher                    :       New Queue ID: 9.2
04/07/2016 11:53:27 [15] DEBUG  ResponseConversation          : Conversation Id  for Response conversation: 1.205
04/07/2016 11:53:27 [15] DEBUG  PostMan                       : Sending UDP (Messages.ReplyMessages.Reply)
04/07/2016 11:53:27 [15] DEBUG  PostMan                       : MessageId: 1.205ConversationId: 9.3
04/07/2016 11:53:27 [12] INFO   BackgroundThread              : Starting 
04/07/2016 11:53:27 [15] DEBUG  PostMan                       : Message Delivered
04/07/2016 11:53:27 [13] DEBUG  GameListConversation          : Queuing game list request. 
04/07/2016 11:53:27 [13] DEBUG  InitiatedConversation         : Conversation Id  for initiated conversation: 9.2
04/07/2016 11:53:27 [13] DEBUG  PostMan                       : Sending UDP (Messages.RequestMessages.GameListRequest)
04/07/2016 11:53:27 [13] DEBUG  PostMan                       : MessageId: 9.2ConversationId: 9.2
04/07/2016 11:53:27 [13] DEBUG  PostMan                       : Message Delivered
04/07/2016 11:53:33 [13] ERROR  GameListConversation          : Either the message received was null, or no games are available. 
04/07/2016 11:53:33 [13] INFO   BackgroundThread              : Stopping 
04/07/2016 11:53:33 [13] DEBUG  BackgroundThread              : Leaving Stop
04/07/2016 11:53:33 [12] DEBUG  PlayerProcess                 : In Process GetGameList function.
04/07/2016 11:53:33 [12] DEBUG  Dispatcher                    : Adding Conversation Player.Conversation.GameListConversation, 9.4
04/07/2016 11:53:33 [12] DEBUG  Dispatcher                    :       New Queue ID: 9.4
04/07/2016 11:53:33 [12] INFO   BackgroundThread              : Starting 
04/07/2016 11:53:33 [16] DEBUG  GameListConversation          : Queuing game list request. 
04/07/2016 11:53:33 [16] DEBUG  InitiatedConversation         : Conversation Id  for initiated conversation: 9.4
04/07/2016 11:53:33 [16] DEBUG  PostMan                       : Sending UDP (Messages.RequestMessages.GameListRequest)
04/07/2016 11:53:33 [16] DEBUG  PostMan                       : MessageId: 9.4ConversationId: 9.4
04/07/2016 11:53:33 [16] DEBUG  PostMan                       : Message Delivered
04/07/2016 11:53:39 [16] ERROR  GameListConversation          : Either the message received was null, or no games are available. 
04/07/2016 11:53:39 [16] INFO   BackgroundThread              : Stopping 
04/07/2016 11:53:39 [16] DEBUG  BackgroundThread              : Leaving Stop
04/07/2016 11:53:39 [12] DEBUG  PlayerProcess                 : In Process GetGameList function.
04/07/2016 11:53:39 [12] DEBUG  Dispatcher                    : Adding Conversation Player.Conversation.GameListConversation, 9.5
04/07/2016 11:53:39 [12] DEBUG  Dispatcher                    :       New Queue ID: 9.5
04/07/2016 11:53:39 [12] INFO   BackgroundThread              : Starting 
04/07/2016 11:53:39 [13] DEBUG  GameListConversation          : Queuing game list request. 
04/07/2016 11:53:39 [13] DEBUG  InitiatedConversation         : Conversation Id  for initiated conversation: 9.5
04/07/2016 11:53:39 [13] DEBUG  PostMan                       : Sending UDP (Messages.RequestMessages.GameListRequest)
04/07/2016 11:53:39 [13] DEBUG  PostMan                       : MessageId: 9.5ConversationId: 9.5
04/07/2016 11:53:39 [13] DEBUG  PostMan                       : Message Delivered
04/07/2016 11:54:11 [13] ERROR  GameListConversation          : Either the message received was null, or no games are available. 
04/07/2016 11:54:11 [13] INFO   BackgroundThread              : Stopping 
04/07/2016 11:54:11 [13] DEBUG  BackgroundThread              : Leaving Stop
04/07/2016 11:54:11 [12] DEBUG  PlayerProcess                 : In Process GetGameList function.
04/07/2016 11:54:11 [12] DEBUG  Dispatcher                    : Adding Conversation Player.Conversation.GameListConversation, 9.6
04/07/2016 11:54:11 [12] DEBUG  Dispatcher                    :       New Queue ID: 9.6
04/07/2016 11:54:11 [12] INFO   BackgroundThread              : Starting 
04/07/2016 11:54:11 [13] DEBUG  GameListConversation          : Queuing game list request. 
04/07/2016 11:54:11 [13] DEBUG  InitiatedConversation         : Conversation Id  for initiated conversation: 9.6
04/07/2016 11:54:11 [13] DEBUG  PostMan                       : Sending UDP (Messages.RequestMessages.GameListRequest)
04/07/2016 11:54:11 [13] DEBUG  PostMan                       : MessageId: 9.6ConversationId: 9.6
04/07/2016 11:54:11 [13] DEBUG  PostMan                       : Message Delivered
