04/09/2016 03:33:40 [ 8] DEBUG  PlayerConnection              : Using Local Settings.
04/09/2016 03:33:40 [ 8] DEBUG  PlayerConnection              : Starting Application. 
04/09/2016 03:33:40 [ 8] DEBUG  PlayerProcess                 : Initializeing Player Subsystem.
04/09/2016 03:33:40 [ 8] DEBUG  PlayerProcess                 : Initializing Player Details.
04/09/2016 03:33:40 [ 8] INFO   BackgroundThread              : Starting 
04/09/2016 03:33:40 [10] INFO   BackgroundThread              : Starting 
04/09/2016 03:33:40 [10] DEBUG  PlayerProcess                 : In Process Login function.
04/09/2016 03:33:40 [10] DEBUG  Dispatcher                    : Adding Conversation Player.Conversation.LoginConversation, 0.1
04/09/2016 03:33:40 [10] DEBUG  Dispatcher                    :       New Queue ID: 0.1
04/09/2016 03:33:40 [10] INFO   BackgroundThread              : Starting 
04/09/2016 03:33:40 [11] DEBUG  LoginConversation             : Creating login request. 
04/09/2016 03:33:40 [11] DEBUG  InitiatedConversation         : Conversation Id  for initiated conversation: 0.1
04/09/2016 03:33:40 [11] DEBUG  PostMan                       : Sending UDP (Messages.RequestMessages.LoginRequest, MessageID: 0.1, ConversationID: 0.1)
JSON: {"__type":"LoginRequest:#Messages.RequestMessages","ConvId":{"Pid":0,"Seq":1},"MsgId":{"Pid":0,"Seq":1},"Identity":{"ANumber":"A00000001","Alias":"The Instructor","FirstName":"The","LastName":"Instructor"},"ProcessLabel":"The Instructor","ProcessType":3,"PublicKey":null}
04/09/2016 03:33:40 [11] DEBUG  PostMan                       : Message Delivered
04/09/2016 03:33:40 [12] DEBUG  PostMan                       : Received UDP (Messages.ReplyMessages.LoginReply, MessageID: 1.82, ConversationID: 0.1)
JSON: {"__type":"LoginReply:#Messages.ReplyMessages","ConvId":{"Pid":0,"Seq":1},"MsgId":{"Pid":1,"Seq":82},"Note":"Logged in","Success":true,"PennyBankEndPoint":{"Host":"127.0.0.1","Port":12003},"PennyBankPublicKey":null,"ProcessInfo":{"EndPoint":{"Host":"127.0.0.1","Port":10000},"Label":"The Instructor","ProcessId":9,"Status":3,"Type":3},"ProxyEndPoint":{"Host":"127.0.0.1","Port":12002}}
04/09/2016 03:33:40 [12] INFO   Dispatcher                    : New Message Received: (Messages.ReplyMessages.LoginReply)
04/09/2016 03:33:40 [12] INFO   Dispatcher                    : MessageId: 1.82ConversationId: 0.1
04/09/2016 03:33:45 [11] DEBUG  LoginConversation             : Received a login reply message.
04/09/2016 03:33:45 [11] INFO   BackgroundThread              : Stopping 
04/09/2016 03:33:45 [11] DEBUG  BackgroundThread              : Leaving Stop
04/09/2016 03:33:45 [10] DEBUG  PlayerProcess                 : In Process GetGameList function.
04/09/2016 03:33:45 [10] DEBUG  Dispatcher                    : Adding Conversation Player.Conversation.GameListConversation, 9.2
04/09/2016 03:33:45 [10] DEBUG  Dispatcher                    :       New Queue ID: 9.2
04/09/2016 03:33:45 [10] INFO   BackgroundThread              : Starting 
04/09/2016 03:33:45 [13] DEBUG  GameListConversation          : Queuing game list request. 
04/09/2016 03:33:45 [13] DEBUG  InitiatedConversation         : Conversation Id  for initiated conversation: 9.2
04/09/2016 03:33:45 [13] DEBUG  PostMan                       : Sending UDP (Messages.RequestMessages.GameListRequest, MessageID: 9.2, ConversationID: 9.2)
JSON: {"__type":"GameListRequest:#Messages.RequestMessages","ConvId":{"Pid":9,"Seq":2},"MsgId":{"Pid":9,"Seq":2},"StatusFilter":4}
04/09/2016 03:33:45 [13] DEBUG  PostMan                       : Message Delivered
04/09/2016 03:33:45 [12] DEBUG  PostMan                       : Received UDP (Messages.ReplyMessages.GameListReply, MessageID: 1.83, ConversationID: 9.2)
JSON: {"__type":"GameListReply:#Messages.ReplyMessages","ConvId":{"Pid":9,"Seq":2},"MsgId":{"Pid":1,"Seq":83},"Note":null,"Success":true,"GameInfo":[]}
04/09/2016 03:33:45 [12] INFO   Dispatcher                    : New Message Received: (Messages.ReplyMessages.GameListReply)
04/09/2016 03:33:45 [12] INFO   Dispatcher                    : MessageId: 1.83ConversationId: 9.2
04/09/2016 03:33:47 [12] DEBUG  PostMan                       : Received UDP (Messages.RequestMessages.AliveRequest, MessageID: 1.85, ConversationID: 1.85)
JSON: {"__type":"AliveRequest:#Messages.RequestMessages","ConvId":{"Pid":1,"Seq":85},"MsgId":{"Pid":1,"Seq":85}}
04/09/2016 03:33:47 [12] INFO   Dispatcher                    : New Message Received: (Messages.RequestMessages.AliveRequest)
04/09/2016 03:33:47 [12] INFO   Dispatcher                    : MessageId: 1.85ConversationId: 1.85
04/09/2016 03:33:47 [12] DEBUG  Dispatcher                    : Conversation  with id= 1.85 does not exist, trying to create new conversation.
04/09/2016 03:33:47 [12] DEBUG  Dispatcher                    : Adding Conversation Player.Conversation.AliveConversation, 1.85
04/09/2016 03:33:47 [12] DEBUG  Dispatcher                    :       New Queue ID: 1.85
04/09/2016 03:33:47 [12] INFO   BackgroundThread              : Starting 
04/09/2016 03:33:47 [15] DEBUG  AliveConversation             : Creating Alive Response
04/09/2016 03:33:47 [15] DEBUG  ResponseConversation          : Conversation Id  for Response conversation: 1.85
04/09/2016 03:33:47 [15] DEBUG  PostMan                       : Sending UDP (Messages.ReplyMessages.Reply, MessageID: 9.3, ConversationID: 1.85)
JSON: {"__type":"Reply:#Messages.ReplyMessages","ConvId":{"Pid":1,"Seq":85},"MsgId":{"Pid":9,"Seq":3},"Note":"I'm Alive","Success":true}
04/09/2016 03:33:47 [15] DEBUG  PostMan                       : Message Delivered
04/09/2016 03:33:50 [13] DEBUG  GameListConversation          : Received a game list reply message.
04/09/2016 03:33:50 [13] ERROR  GameListConversation          : Either the message received was null, or no games are available. 
04/09/2016 03:33:50 [13] INFO   BackgroundThread              : Stopping 
04/09/2016 03:33:50 [13] DEBUG  BackgroundThread              : Leaving Stop
04/09/2016 03:33:50 [10] DEBUG  PlayerProcess                 : In Process GetGameList function.
04/09/2016 03:33:50 [10] DEBUG  Dispatcher                    : Adding Conversation Player.Conversation.GameListConversation, 9.4
04/09/2016 03:33:50 [10] DEBUG  Dispatcher                    :       New Queue ID: 9.4
04/09/2016 03:33:50 [10] INFO   BackgroundThread              : Starting 
04/09/2016 03:33:50 [15] DEBUG  GameListConversation          : Queuing game list request. 
04/09/2016 03:33:50 [15] DEBUG  InitiatedConversation         : Conversation Id  for initiated conversation: 9.4
04/09/2016 03:33:50 [15] DEBUG  PostMan                       : Sending UDP (Messages.RequestMessages.GameListRequest, MessageID: 9.4, ConversationID: 9.4)
JSON: {"__type":"GameListRequest:#Messages.RequestMessages","ConvId":{"Pid":9,"Seq":4},"MsgId":{"Pid":9,"Seq":4},"StatusFilter":4}
04/09/2016 03:33:50 [15] DEBUG  PostMan                       : Message Delivered
04/09/2016 03:33:50 [12] DEBUG  PostMan                       : Received UDP (Messages.ReplyMessages.GameListReply, MessageID: 1.86, ConversationID: 9.4)
JSON: {"__type":"GameListReply:#Messages.ReplyMessages","ConvId":{"Pid":9,"Seq":4},"MsgId":{"Pid":1,"Seq":86},"Note":null,"Success":true,"GameInfo":[]}
04/09/2016 03:33:50 [12] INFO   Dispatcher                    : New Message Received: (Messages.ReplyMessages.GameListReply)
04/09/2016 03:33:50 [12] INFO   Dispatcher                    : MessageId: 1.86ConversationId: 9.4
04/09/2016 03:33:55 [15] DEBUG  GameListConversation          : Received a game list reply message.
04/09/2016 03:33:55 [15] ERROR  GameListConversation          : Either the message received was null, or no games are available. 
04/09/2016 03:33:55 [15] INFO   BackgroundThread              : Stopping 
04/09/2016 03:33:55 [15] DEBUG  BackgroundThread              : Leaving Stop
04/09/2016 03:33:55 [10] DEBUG  PlayerProcess                 : In Process GetGameList function.
04/09/2016 03:33:55 [10] DEBUG  Dispatcher                    : Adding Conversation Player.Conversation.GameListConversation, 9.5
04/09/2016 03:33:55 [10] DEBUG  Dispatcher                    :       New Queue ID: 9.5
04/09/2016 03:33:55 [10] INFO   BackgroundThread              : Starting 
04/09/2016 03:33:55 [13] DEBUG  GameListConversation          : Queuing game list request. 
04/09/2016 03:33:55 [13] DEBUG  InitiatedConversation         : Conversation Id  for initiated conversation: 9.5
04/09/2016 03:33:55 [13] DEBUG  PostMan                       : Sending UDP (Messages.RequestMessages.GameListRequest, MessageID: 9.5, ConversationID: 9.5)
JSON: {"__type":"GameListRequest:#Messages.RequestMessages","ConvId":{"Pid":9,"Seq":5},"MsgId":{"Pid":9,"Seq":5},"StatusFilter":4}
04/09/2016 03:33:55 [13] DEBUG  PostMan                       : Message Delivered
04/09/2016 03:33:55 [12] DEBUG  PostMan                       : Received UDP (Messages.ReplyMessages.GameListReply, MessageID: 1.87, ConversationID: 9.5)
JSON: {"__type":"GameListReply:#Messages.ReplyMessages","ConvId":{"Pid":9,"Seq":5},"MsgId":{"Pid":1,"Seq":87},"Note":null,"Success":true,"GameInfo":[]}
04/09/2016 03:33:55 [12] INFO   Dispatcher                    : New Message Received: (Messages.ReplyMessages.GameListReply)
04/09/2016 03:33:55 [12] INFO   Dispatcher                    : MessageId: 1.87ConversationId: 9.5
04/09/2016 03:34:00 [13] DEBUG  GameListConversation          : Received a game list reply message.
04/09/2016 03:34:00 [13] ERROR  GameListConversation          : Either the message received was null, or no games are available. 
04/09/2016 03:34:00 [13] INFO   BackgroundThread              : Stopping 
04/09/2016 03:34:00 [10] DEBUG  PlayerProcess                 : In Process GetGameList function.
04/09/2016 03:34:00 [13] DEBUG  BackgroundThread              : Leaving Stop
04/09/2016 03:34:00 [10] DEBUG  Dispatcher                    : Adding Conversation Player.Conversation.GameListConversation, 9.6
04/09/2016 03:34:00 [10] DEBUG  Dispatcher                    :       New Queue ID: 9.6
04/09/2016 03:34:00 [10] INFO   BackgroundThread              : Starting 
04/09/2016 03:34:00 [11] DEBUG  GameListConversation          : Queuing game list request. 
04/09/2016 03:34:00 [11] DEBUG  InitiatedConversation         : Conversation Id  for initiated conversation: 9.6
04/09/2016 03:34:00 [11] DEBUG  PostMan                       : Sending UDP (Messages.RequestMessages.GameListRequest, MessageID: 9.6, ConversationID: 9.6)
JSON: {"__type":"GameListRequest:#Messages.RequestMessages","ConvId":{"Pid":9,"Seq":6},"MsgId":{"Pid":9,"Seq":6},"StatusFilter":4}
04/09/2016 03:34:00 [11] DEBUG  PostMan                       : Message Delivered
04/09/2016 03:34:00 [12] DEBUG  PostMan                       : Received UDP (Messages.ReplyMessages.GameListReply, MessageID: 1.88, ConversationID: 9.6)
JSON: {"__type":"GameListReply:#Messages.ReplyMessages","ConvId":{"Pid":9,"Seq":6},"MsgId":{"Pid":1,"Seq":88},"Note":null,"Success":true,"GameInfo":[]}
04/09/2016 03:34:01 [12] INFO   Dispatcher                    : New Message Received: (Messages.ReplyMessages.GameListReply)
04/09/2016 03:34:01 [12] INFO   Dispatcher                    : MessageId: 1.88ConversationId: 9.6
04/09/2016 03:34:05 [11] DEBUG  GameListConversation          : Received a game list reply message.
04/09/2016 03:34:05 [11] ERROR  GameListConversation          : Either the message received was null, or no games are available. 
04/09/2016 03:34:05 [11] INFO   BackgroundThread              : Stopping 
04/09/2016 03:34:05 [11] DEBUG  BackgroundThread              : Leaving Stop
04/09/2016 03:34:05 [10] DEBUG  PlayerProcess                 : In Process GetGameList function.
04/09/2016 03:34:05 [10] DEBUG  Dispatcher                    : Adding Conversation Player.Conversation.GameListConversation, 9.7
04/09/2016 03:34:05 [10] DEBUG  Dispatcher                    :       New Queue ID: 9.7
04/09/2016 03:34:06 [10] INFO   BackgroundThread              : Starting 
04/09/2016 03:34:06 [14] DEBUG  GameListConversation          : Queuing game list request. 
04/09/2016 03:34:06 [14] DEBUG  InitiatedConversation         : Conversation Id  for initiated conversation: 9.7
04/09/2016 03:34:06 [14] DEBUG  PostMan                       : Sending UDP (Messages.RequestMessages.GameListRequest, MessageID: 9.7, ConversationID: 9.7)
JSON: {"__type":"GameListRequest:#Messages.RequestMessages","ConvId":{"Pid":9,"Seq":7},"MsgId":{"Pid":9,"Seq":7},"StatusFilter":4}
04/09/2016 03:34:06 [14] DEBUG  PostMan                       : Message Delivered
04/09/2016 03:34:06 [12] DEBUG  PostMan                       : Received UDP (Messages.ReplyMessages.GameListReply, MessageID: 1.89, ConversationID: 9.7)
JSON: {"__type":"GameListReply:#Messages.ReplyMessages","ConvId":{"Pid":9,"Seq":7},"MsgId":{"Pid":1,"Seq":89},"Note":null,"Success":true,"GameInfo":[]}
04/09/2016 03:34:06 [12] INFO   Dispatcher                    : New Message Received: (Messages.ReplyMessages.GameListReply)
04/09/2016 03:34:06 [12] INFO   Dispatcher                    : MessageId: 1.89ConversationId: 9.7
04/09/2016 03:34:11 [14] DEBUG  GameListConversation          : Received a game list reply message.
04/09/2016 03:34:11 [14] ERROR  GameListConversation          : Either the message received was null, or no games are available. 
04/09/2016 03:34:11 [14] INFO   BackgroundThread              : Stopping 
04/09/2016 03:34:11 [14] DEBUG  BackgroundThread              : Leaving Stop
04/09/2016 03:34:11 [10] DEBUG  PlayerProcess                 : In Process GetGameList function.
04/09/2016 03:34:11 [10] DEBUG  Dispatcher                    : Adding Conversation Player.Conversation.GameListConversation, 9.8
04/09/2016 03:34:11 [10] DEBUG  Dispatcher                    :       New Queue ID: 9.8
04/09/2016 03:34:11 [10] INFO   BackgroundThread              : Starting 
04/09/2016 03:34:11 [16] DEBUG  GameListConversation          : Queuing game list request. 
04/09/2016 03:34:11 [16] DEBUG  InitiatedConversation         : Conversation Id  for initiated conversation: 9.8
04/09/2016 03:34:11 [16] DEBUG  PostMan                       : Sending UDP (Messages.RequestMessages.GameListRequest, MessageID: 9.8, ConversationID: 9.8)
JSON: {"__type":"GameListRequest:#Messages.RequestMessages","ConvId":{"Pid":9,"Seq":8},"MsgId":{"Pid":9,"Seq":8},"StatusFilter":4}
04/09/2016 03:34:11 [16] DEBUG  PostMan                       : Message Delivered
04/09/2016 03:34:11 [12] DEBUG  PostMan                       : Received UDP (Messages.ReplyMessages.GameListReply, MessageID: 1.90, ConversationID: 9.8)
JSON: {"__type":"GameListReply:#Messages.ReplyMessages","ConvId":{"Pid":9,"Seq":8},"MsgId":{"Pid":1,"Seq":90},"Note":null,"Success":true,"GameInfo":[]}
04/09/2016 03:34:11 [12] INFO   Dispatcher                    : New Message Received: (Messages.ReplyMessages.GameListReply)
04/09/2016 03:34:11 [12] INFO   Dispatcher                    : MessageId: 1.90ConversationId: 9.8
04/09/2016 03:34:16 [16] DEBUG  GameListConversation          : Received a game list reply message.
04/09/2016 03:34:16 [16] ERROR  GameListConversation          : Either the message received was null, or no games are available. 
04/09/2016 03:34:16 [16] INFO   BackgroundThread              : Stopping 
04/09/2016 03:34:16 [16] DEBUG  BackgroundThread              : Leaving Stop
04/09/2016 03:34:16 [10] DEBUG  PlayerProcess                 : In Process GetGameList function.
04/09/2016 03:34:16 [10] DEBUG  Dispatcher                    : Adding Conversation Player.Conversation.GameListConversation, 9.9
04/09/2016 03:34:16 [10] DEBUG  Dispatcher                    :       New Queue ID: 9.9
04/09/2016 03:34:16 [10] INFO   BackgroundThread              : Starting 
04/09/2016 03:34:16 [13] DEBUG  GameListConversation          : Queuing game list request. 
04/09/2016 03:34:16 [13] DEBUG  InitiatedConversation         : Conversation Id  for initiated conversation: 9.9
04/09/2016 03:34:16 [13] DEBUG  PostMan                       : Sending UDP (Messages.RequestMessages.GameListRequest, MessageID: 9.9, ConversationID: 9.9)
JSON: {"__type":"GameListRequest:#Messages.RequestMessages","ConvId":{"Pid":9,"Seq":9},"MsgId":{"Pid":9,"Seq":9},"StatusFilter":4}
04/09/2016 03:34:16 [13] DEBUG  PostMan                       : Message Delivered
04/09/2016 03:34:16 [12] DEBUG  PostMan                       : Received UDP (Messages.ReplyMessages.GameListReply, MessageID: 1.91, ConversationID: 9.9)
JSON: {"__type":"GameListReply:#Messages.ReplyMessages","ConvId":{"Pid":9,"Seq":9},"MsgId":{"Pid":1,"Seq":91},"Note":null,"Success":true,"GameInfo":[]}
04/09/2016 03:34:16 [12] INFO   Dispatcher                    : New Message Received: (Messages.ReplyMessages.GameListReply)
04/09/2016 03:34:16 [12] INFO   Dispatcher                    : MessageId: 1.91ConversationId: 9.9
04/09/2016 03:34:18 [12] DEBUG  PostMan                       : Received UDP (Messages.RequestMessages.AliveRequest, MessageID: 1.93, ConversationID: 1.93)
JSON: {"__type":"AliveRequest:#Messages.RequestMessages","ConvId":{"Pid":1,"Seq":93},"MsgId":{"Pid":1,"Seq":93}}
04/09/2016 03:34:18 [12] INFO   Dispatcher                    : New Message Received: (Messages.RequestMessages.AliveRequest)
04/09/2016 03:34:18 [12] INFO   Dispatcher                    : MessageId: 1.93ConversationId: 1.93
04/09/2016 03:34:18 [12] DEBUG  Dispatcher                    : Conversation  with id= 1.93 does not exist, trying to create new conversation.
04/09/2016 03:34:18 [12] DEBUG  Dispatcher                    : Adding Conversation Player.Conversation.AliveConversation, 1.93
04/09/2016 03:34:18 [12] DEBUG  Dispatcher                    :       New Queue ID: 1.93
04/09/2016 03:34:18 [12] INFO   BackgroundThread              : Starting 
04/09/2016 03:34:18 [11] DEBUG  AliveConversation             : Creating Alive Response
04/09/2016 03:34:18 [11] DEBUG  ResponseConversation          : Conversation Id  for Response conversation: 1.93
04/09/2016 03:34:18 [11] DEBUG  PostMan                       : Sending UDP (Messages.ReplyMessages.Reply, MessageID: 9.10, ConversationID: 1.93)
JSON: {"__type":"Reply:#Messages.ReplyMessages","ConvId":{"Pid":1,"Seq":93},"MsgId":{"Pid":9,"Seq":10},"Note":"I'm Alive","Success":true}
04/09/2016 03:34:18 [11] DEBUG  PostMan                       : Message Delivered
04/09/2016 03:34:21 [13] DEBUG  GameListConversation          : Received a game list reply message.
04/09/2016 03:34:21 [13] ERROR  GameListConversation          : Either the message received was null, or no games are available. 
04/09/2016 03:34:21 [13] INFO   BackgroundThread              : Stopping 
04/09/2016 03:34:21 [13] DEBUG  BackgroundThread              : Leaving Stop
04/09/2016 03:34:21 [10] DEBUG  PlayerProcess                 : In Process GetGameList function.
04/09/2016 03:34:21 [10] DEBUG  Dispatcher                    : Adding Conversation Player.Conversation.GameListConversation, 9.11
04/09/2016 03:34:21 [10] DEBUG  Dispatcher                    :       New Queue ID: 9.11
04/09/2016 03:34:21 [10] INFO   BackgroundThread              : Starting 
04/09/2016 03:34:21 [11] DEBUG  GameListConversation          : Queuing game list request. 
04/09/2016 03:34:21 [11] DEBUG  InitiatedConversation         : Conversation Id  for initiated conversation: 9.11
04/09/2016 03:34:21 [11] DEBUG  PostMan                       : Sending UDP (Messages.RequestMessages.GameListRequest, MessageID: 9.11, ConversationID: 9.11)
JSON: {"__type":"GameListRequest:#Messages.RequestMessages","ConvId":{"Pid":9,"Seq":11},"MsgId":{"Pid":9,"Seq":11},"StatusFilter":4}
04/09/2016 03:34:21 [11] DEBUG  PostMan                       : Message Delivered
04/09/2016 03:34:21 [12] DEBUG  PostMan                       : Received UDP (Messages.ReplyMessages.GameListReply, MessageID: 1.94, ConversationID: 9.11)
JSON: {"__type":"GameListReply:#Messages.ReplyMessages","ConvId":{"Pid":9,"Seq":11},"MsgId":{"Pid":1,"Seq":94},"Note":null,"Success":true,"GameInfo":[]}
04/09/2016 03:34:21 [12] INFO   Dispatcher                    : New Message Received: (Messages.ReplyMessages.GameListReply)
04/09/2016 03:34:21 [12] INFO   Dispatcher                    : MessageId: 1.94ConversationId: 9.11
04/09/2016 03:34:26 [11] DEBUG  GameListConversation          : Received a game list reply message.
04/09/2016 03:34:26 [11] ERROR  GameListConversation          : Either the message received was null, or no games are available. 
04/09/2016 03:34:26 [11] INFO   BackgroundThread              : Stopping 
04/09/2016 03:34:26 [11] DEBUG  BackgroundThread              : Leaving Stop
04/09/2016 03:34:26 [10] DEBUG  PlayerProcess                 : In Process GetGameList function.
04/09/2016 03:34:26 [10] DEBUG  Dispatcher                    : Adding Conversation Player.Conversation.GameListConversation, 9.12
04/09/2016 03:34:26 [10] DEBUG  Dispatcher                    :       New Queue ID: 9.12
04/09/2016 03:34:26 [10] INFO   BackgroundThread              : Starting 
04/09/2016 03:34:26 [13] DEBUG  GameListConversation          : Queuing game list request. 
04/09/2016 03:34:26 [13] DEBUG  InitiatedConversation         : Conversation Id  for initiated conversation: 9.12
04/09/2016 03:34:26 [13] DEBUG  PostMan                       : Sending UDP (Messages.RequestMessages.GameListRequest, MessageID: 9.12, ConversationID: 9.12)
JSON: {"__type":"GameListRequest:#Messages.RequestMessages","ConvId":{"Pid":9,"Seq":12},"MsgId":{"Pid":9,"Seq":12},"StatusFilter":4}
04/09/2016 03:34:26 [13] DEBUG  PostMan                       : Message Delivered
04/09/2016 03:34:26 [12] DEBUG  PostMan                       : Received UDP (Messages.ReplyMessages.GameListReply, MessageID: 1.95, ConversationID: 9.12)
JSON: {"__type":"GameListReply:#Messages.ReplyMessages","ConvId":{"Pid":9,"Seq":12},"MsgId":{"Pid":1,"Seq":95},"Note":null,"Success":true,"GameInfo":[]}
04/09/2016 03:34:26 [12] INFO   Dispatcher                    : New Message Received: (Messages.ReplyMessages.GameListReply)
04/09/2016 03:34:26 [12] INFO   Dispatcher                    : MessageId: 1.95ConversationId: 9.12
04/09/2016 03:34:31 [13] DEBUG  GameListConversation          : Received a game list reply message.
04/09/2016 03:34:31 [13] ERROR  GameListConversation          : Either the message received was null, or no games are available. 
04/09/2016 03:34:31 [13] INFO   BackgroundThread              : Stopping 
04/09/2016 03:34:31 [13] DEBUG  BackgroundThread              : Leaving Stop
04/09/2016 03:34:31 [10] DEBUG  PlayerProcess                 : In Process GetGameList function.
04/09/2016 03:34:31 [10] DEBUG  Dispatcher                    : Adding Conversation Player.Conversation.GameListConversation, 9.13
04/09/2016 03:34:31 [10] DEBUG  Dispatcher                    :       New Queue ID: 9.13
04/09/2016 03:34:31 [10] INFO   BackgroundThread              : Starting 
04/09/2016 03:34:31 [11] DEBUG  GameListConversation          : Queuing game list request. 
04/09/2016 03:34:31 [11] DEBUG  InitiatedConversation         : Conversation Id  for initiated conversation: 9.13
04/09/2016 03:34:31 [11] DEBUG  PostMan                       : Sending UDP (Messages.RequestMessages.GameListRequest, MessageID: 9.13, ConversationID: 9.13)
JSON: {"__type":"GameListRequest:#Messages.RequestMessages","ConvId":{"Pid":9,"Seq":13},"MsgId":{"Pid":9,"Seq":13},"StatusFilter":4}
04/09/2016 03:34:31 [11] DEBUG  PostMan                       : Message Delivered
04/09/2016 03:34:31 [12] DEBUG  PostMan                       : Received UDP (Messages.ReplyMessages.GameListReply, MessageID: 1.96, ConversationID: 9.13)
JSON: {"__type":"GameListReply:#Messages.ReplyMessages","ConvId":{"Pid":9,"Seq":13},"MsgId":{"Pid":1,"Seq":96},"Note":null,"Success":true,"GameInfo":[]}
04/09/2016 03:34:31 [12] INFO   Dispatcher                    : New Message Received: (Messages.ReplyMessages.GameListReply)
04/09/2016 03:34:31 [12] INFO   Dispatcher                    : MessageId: 1.96ConversationId: 9.13
04/09/2016 03:34:36 [11] DEBUG  GameListConversation          : Received a game list reply message.
04/09/2016 03:34:36 [11] ERROR  GameListConversation          : Either the message received was null, or no games are available. 
04/09/2016 03:34:36 [11] INFO   BackgroundThread              : Stopping 
04/09/2016 03:34:36 [11] DEBUG  BackgroundThread              : Leaving Stop
04/09/2016 03:34:36 [10] DEBUG  PlayerProcess                 : In Process GetGameList function.
04/09/2016 03:34:36 [10] DEBUG  Dispatcher                    : Adding Conversation Player.Conversation.GameListConversation, 9.14
04/09/2016 03:34:36 [10] DEBUG  Dispatcher                    :       New Queue ID: 9.14
04/09/2016 03:34:36 [10] INFO   BackgroundThread              : Starting 
04/09/2016 03:34:36 [13] DEBUG  GameListConversation          : Queuing game list request. 
04/09/2016 03:34:36 [13] DEBUG  InitiatedConversation         : Conversation Id  for initiated conversation: 9.14
04/09/2016 03:34:36 [13] DEBUG  PostMan                       : Sending UDP (Messages.RequestMessages.GameListRequest, MessageID: 9.14, ConversationID: 9.14)
JSON: {"__type":"GameListRequest:#Messages.RequestMessages","ConvId":{"Pid":9,"Seq":14},"MsgId":{"Pid":9,"Seq":14},"StatusFilter":4}
04/09/2016 03:34:36 [13] DEBUG  PostMan                       : Message Delivered
04/09/2016 03:34:36 [12] DEBUG  PostMan                       : Received UDP (Messages.ReplyMessages.GameListReply, MessageID: 1.97, ConversationID: 9.14)
JSON: {"__type":"GameListReply:#Messages.ReplyMessages","ConvId":{"Pid":9,"Seq":14},"MsgId":{"Pid":1,"Seq":97},"Note":null,"Success":true,"GameInfo":[]}
04/09/2016 03:34:36 [12] INFO   Dispatcher                    : New Message Received: (Messages.ReplyMessages.GameListReply)
04/09/2016 03:34:36 [12] INFO   Dispatcher                    : MessageId: 1.97ConversationId: 9.14
04/09/2016 03:34:41 [13] DEBUG  GameListConversation          : Received a game list reply message.
04/09/2016 03:34:41 [13] ERROR  GameListConversation          : Either the message received was null, or no games are available. 
04/09/2016 03:34:41 [13] INFO   BackgroundThread              : Stopping 
04/09/2016 03:34:41 [13] DEBUG  BackgroundThread              : Leaving Stop
04/09/2016 03:34:41 [10] DEBUG  PlayerProcess                 : In Process GetGameList function.
04/09/2016 03:34:41 [10] DEBUG  Dispatcher                    : Adding Conversation Player.Conversation.GameListConversation, 9.15
04/09/2016 03:34:41 [10] DEBUG  Dispatcher                    :       New Queue ID: 9.15
04/09/2016 03:34:41 [10] INFO   BackgroundThread              : Starting 
04/09/2016 03:34:41 [11] DEBUG  GameListConversation          : Queuing game list request. 
04/09/2016 03:34:41 [11] DEBUG  InitiatedConversation         : Conversation Id  for initiated conversation: 9.15
04/09/2016 03:34:41 [11] DEBUG  PostMan                       : Sending UDP (Messages.RequestMessages.GameListRequest, MessageID: 9.15, ConversationID: 9.15)
JSON: {"__type":"GameListRequest:#Messages.RequestMessages","ConvId":{"Pid":9,"Seq":15},"MsgId":{"Pid":9,"Seq":15},"StatusFilter":4}
04/09/2016 03:34:41 [11] DEBUG  PostMan                       : Message Delivered
04/09/2016 03:34:41 [12] DEBUG  PostMan                       : Received UDP (Messages.ReplyMessages.GameListReply, MessageID: 1.98, ConversationID: 9.15)
JSON: {"__type":"GameListReply:#Messages.ReplyMessages","ConvId":{"Pid":9,"Seq":15},"MsgId":{"Pid":1,"Seq":98},"Note":null,"Success":true,"GameInfo":[]}
04/09/2016 03:34:41 [12] INFO   Dispatcher                    : New Message Received: (Messages.ReplyMessages.GameListReply)
04/09/2016 03:34:41 [12] INFO   Dispatcher                    : MessageId: 1.98ConversationId: 9.15
04/09/2016 03:34:46 [11] DEBUG  GameListConversation          : Received a game list reply message.
04/09/2016 03:34:46 [11] ERROR  GameListConversation          : Either the message received was null, or no games are available. 
04/09/2016 03:34:46 [11] INFO   BackgroundThread              : Stopping 
04/09/2016 03:34:46 [11] DEBUG  BackgroundThread              : Leaving Stop
04/09/2016 03:34:46 [10] DEBUG  PlayerProcess                 : In Process GetGameList function.
04/09/2016 03:34:46 [10] DEBUG  Dispatcher                    : Adding Conversation Player.Conversation.GameListConversation, 9.16
04/09/2016 03:34:46 [10] DEBUG  Dispatcher                    :       New Queue ID: 9.16
04/09/2016 03:34:46 [10] INFO   BackgroundThread              : Starting 
04/09/2016 03:34:46 [13] DEBUG  GameListConversation          : Queuing game list request. 
04/09/2016 03:34:46 [13] DEBUG  InitiatedConversation         : Conversation Id  for initiated conversation: 9.16
04/09/2016 03:34:46 [13] DEBUG  PostMan                       : Sending UDP (Messages.RequestMessages.GameListRequest, MessageID: 9.16, ConversationID: 9.16)
JSON: {"__type":"GameListRequest:#Messages.RequestMessages","ConvId":{"Pid":9,"Seq":16},"MsgId":{"Pid":9,"Seq":16},"StatusFilter":4}
04/09/2016 03:34:46 [13] DEBUG  PostMan                       : Message Delivered
04/09/2016 03:34:46 [12] DEBUG  PostMan                       : Received UDP (Messages.ReplyMessages.GameListReply, MessageID: 1.99, ConversationID: 9.16)
JSON: {"__type":"GameListReply:#Messages.ReplyMessages","ConvId":{"Pid":9,"Seq":16},"MsgId":{"Pid":1,"Seq":99},"Note":null,"Success":true,"GameInfo":[]}
04/09/2016 03:34:46 [12] INFO   Dispatcher                    : New Message Received: (Messages.ReplyMessages.GameListReply)
04/09/2016 03:34:46 [12] INFO   Dispatcher                    : MessageId: 1.99ConversationId: 9.16
04/09/2016 03:34:49 [12] DEBUG  PostMan                       : Received UDP (Messages.RequestMessages.AliveRequest, MessageID: 1.101, ConversationID: 1.101)
JSON: {"__type":"AliveRequest:#Messages.RequestMessages","ConvId":{"Pid":1,"Seq":101},"MsgId":{"Pid":1,"Seq":101}}
04/09/2016 03:34:49 [12] INFO   Dispatcher                    : New Message Received: (Messages.RequestMessages.AliveRequest)
04/09/2016 03:34:49 [12] INFO   Dispatcher                    : MessageId: 1.101ConversationId: 1.101
04/09/2016 03:34:49 [12] DEBUG  Dispatcher                    : Conversation  with id= 1.101 does not exist, trying to create new conversation.
04/09/2016 03:34:49 [12] DEBUG  Dispatcher                    : Adding Conversation Player.Conversation.AliveConversation, 1.101
04/09/2016 03:34:49 [12] DEBUG  Dispatcher                    :       New Queue ID: 1.101
04/09/2016 03:34:49 [12] INFO   BackgroundThread              : Starting 
04/09/2016 03:34:49 [11] ERROR  ResponseConversation          : Unable to retrieve received message. 
04/09/2016 03:34:51 [13] DEBUG  GameListConversation          : Received a game list reply message.
04/09/2016 03:34:51 [13] ERROR  GameListConversation          : Either the message received was null, or no games are available. 
04/09/2016 03:34:51 [13] INFO   BackgroundThread              : Stopping 
04/09/2016 03:34:51 [13] DEBUG  BackgroundThread              : Leaving Stop
04/09/2016 03:34:51 [10] DEBUG  PlayerProcess                 : In Process GetGameList function.
04/09/2016 03:34:51 [10] DEBUG  Dispatcher                    : Adding Conversation Player.Conversation.GameListConversation, 9.17
04/09/2016 03:34:51 [10] DEBUG  Dispatcher                    :       New Queue ID: 9.17
04/09/2016 03:34:51 [10] INFO   BackgroundThread              : Starting 
04/09/2016 03:34:51 [11] DEBUG  GameListConversation          : Queuing game list request. 
04/09/2016 03:34:51 [11] DEBUG  InitiatedConversation         : Conversation Id  for initiated conversation: 9.17
04/09/2016 03:34:51 [11] DEBUG  PostMan                       : Sending UDP (Messages.RequestMessages.GameListRequest, MessageID: 9.17, ConversationID: 9.17)
JSON: {"__type":"GameListRequest:#Messages.RequestMessages","ConvId":{"Pid":9,"Seq":17},"MsgId":{"Pid":9,"Seq":17},"StatusFilter":4}
04/09/2016 03:34:51 [11] DEBUG  PostMan                       : Message Delivered
04/09/2016 03:34:51 [12] DEBUG  PostMan                       : Received UDP (Messages.ReplyMessages.GameListReply, MessageID: 1.102, ConversationID: 9.17)
JSON: {"__type":"GameListReply:#Messages.ReplyMessages","ConvId":{"Pid":9,"Seq":17},"MsgId":{"Pid":1,"Seq":102},"Note":null,"Success":true,"GameInfo":[]}
04/09/2016 03:34:51 [12] INFO   Dispatcher                    : New Message Received: (Messages.ReplyMessages.GameListReply)
04/09/2016 03:34:51 [12] INFO   Dispatcher                    : MessageId: 1.102ConversationId: 9.17
04/09/2016 03:34:56 [11] DEBUG  GameListConversation          : Received a game list reply message.
04/09/2016 03:34:56 [11] ERROR  GameListConversation          : Either the message received was null, or no games are available. 
04/09/2016 03:34:56 [11] INFO   BackgroundThread              : Stopping 
04/09/2016 03:34:56 [10] DEBUG  PlayerProcess                 : In Process GetGameList function.
04/09/2016 03:34:56 [11] DEBUG  BackgroundThread              : Leaving Stop
04/09/2016 03:34:56 [10] DEBUG  Dispatcher                    : Adding Conversation Player.Conversation.GameListConversation, 9.18
04/09/2016 03:34:56 [10] DEBUG  Dispatcher                    :       New Queue ID: 9.18
04/09/2016 03:34:56 [10] INFO   BackgroundThread              : Starting 
04/09/2016 03:34:56 [13] DEBUG  GameListConversation          : Queuing game list request. 
04/09/2016 03:34:56 [13] DEBUG  InitiatedConversation         : Conversation Id  for initiated conversation: 9.18
04/09/2016 03:34:56 [13] DEBUG  PostMan                       : Sending UDP (Messages.RequestMessages.GameListRequest, MessageID: 9.18, ConversationID: 9.18)
JSON: {"__type":"GameListRequest:#Messages.RequestMessages","ConvId":{"Pid":9,"Seq":18},"MsgId":{"Pid":9,"Seq":18},"StatusFilter":4}
04/09/2016 03:34:56 [13] DEBUG  PostMan                       : Message Delivered
04/09/2016 03:34:56 [12] DEBUG  PostMan                       : Received UDP (Messages.ReplyMessages.GameListReply, MessageID: 1.103, ConversationID: 9.18)
JSON: {"__type":"GameListReply:#Messages.ReplyMessages","ConvId":{"Pid":9,"Seq":18},"MsgId":{"Pid":1,"Seq":103},"Note":null,"Success":true,"GameInfo":[]}
04/09/2016 03:34:56 [12] INFO   Dispatcher                    : New Message Received: (Messages.ReplyMessages.GameListReply)
04/09/2016 03:34:56 [12] INFO   Dispatcher                    : MessageId: 1.103ConversationId: 9.18
04/09/2016 03:34:59 [12] DEBUG  PostMan                       : Received UDP (Messages.RequestMessages.AliveRequest, MessageID: 1.101, ConversationID: 1.101)
JSON: {"__type":"AliveRequest:#Messages.RequestMessages","ConvId":{"Pid":1,"Seq":101},"MsgId":{"Pid":1,"Seq":101}}
04/09/2016 03:34:59 [12] INFO   Dispatcher                    : New Message Received: (Messages.RequestMessages.AliveRequest)
04/09/2016 03:34:59 [12] INFO   Dispatcher                    : MessageId: 1.101ConversationId: 1.101
04/09/2016 03:35:01 [13] DEBUG  GameListConversation          : Received a game list reply message.
04/09/2016 03:35:01 [13] ERROR  GameListConversation          : Either the message received was null, or no games are available. 
04/09/2016 03:35:01 [13] INFO   BackgroundThread              : Stopping 
04/09/2016 03:35:01 [13] DEBUG  BackgroundThread              : Leaving Stop
04/09/2016 03:35:01 [10] DEBUG  PlayerProcess                 : In Process GetGameList function.
04/09/2016 03:35:01 [10] DEBUG  Dispatcher                    : Adding Conversation Player.Conversation.GameListConversation, 9.19
04/09/2016 03:35:01 [10] DEBUG  Dispatcher                    :       New Queue ID: 9.19
04/09/2016 03:35:01 [10] INFO   BackgroundThread              : Starting 
04/09/2016 03:35:01 [14] DEBUG  GameListConversation          : Queuing game list request. 
04/09/2016 03:35:01 [14] DEBUG  InitiatedConversation         : Conversation Id  for initiated conversation: 9.19
04/09/2016 03:35:01 [14] DEBUG  PostMan                       : Sending UDP (Messages.RequestMessages.GameListRequest, MessageID: 9.19, ConversationID: 9.19)
JSON: {"__type":"GameListRequest:#Messages.RequestMessages","ConvId":{"Pid":9,"Seq":19},"MsgId":{"Pid":9,"Seq":19},"StatusFilter":4}
04/09/2016 03:35:01 [14] DEBUG  PostMan                       : Message Delivered
04/09/2016 03:35:01 [12] DEBUG  PostMan                       : Received UDP (Messages.ReplyMessages.GameListReply, MessageID: 1.104, ConversationID: 9.19)
JSON: {"__type":"GameListReply:#Messages.ReplyMessages","ConvId":{"Pid":9,"Seq":19},"MsgId":{"Pid":1,"Seq":104},"Note":null,"Success":true,"GameInfo":[]}
04/09/2016 03:35:02 [12] INFO   Dispatcher                    : New Message Received: (Messages.ReplyMessages.GameListReply)
04/09/2016 03:35:02 [12] INFO   Dispatcher                    : MessageId: 1.104ConversationId: 9.19
04/09/2016 03:35:06 [14] DEBUG  GameListConversation          : Received a game list reply message.
04/09/2016 03:35:06 [14] ERROR  GameListConversation          : Either the message received was null, or no games are available. 
04/09/2016 03:35:06 [14] INFO   BackgroundThread              : Stopping 
04/09/2016 03:35:06 [14] DEBUG  BackgroundThread              : Leaving Stop
04/09/2016 03:35:07 [10] DEBUG  PlayerProcess                 : In Process GetGameList function.
04/09/2016 03:35:07 [10] DEBUG  Dispatcher                    : Adding Conversation Player.Conversation.GameListConversation, 9.20
04/09/2016 03:35:07 [10] DEBUG  Dispatcher                    :       New Queue ID: 9.20
04/09/2016 03:35:07 [10] INFO   BackgroundThread              : Starting 
04/09/2016 03:35:07 [16] DEBUG  GameListConversation          : Queuing game list request. 
04/09/2016 03:35:07 [16] DEBUG  InitiatedConversation         : Conversation Id  for initiated conversation: 9.20
04/09/2016 03:35:07 [16] DEBUG  PostMan                       : Sending UDP (Messages.RequestMessages.GameListRequest, MessageID: 9.20, ConversationID: 9.20)
JSON: {"__type":"GameListRequest:#Messages.RequestMessages","ConvId":{"Pid":9,"Seq":20},"MsgId":{"Pid":9,"Seq":20},"StatusFilter":4}
04/09/2016 03:35:07 [16] DEBUG  PostMan                       : Message Delivered
04/09/2016 03:35:07 [12] DEBUG  PostMan                       : Received UDP (Messages.ReplyMessages.GameListReply, MessageID: 1.105, ConversationID: 9.20)
JSON: {"__type":"GameListReply:#Messages.ReplyMessages","ConvId":{"Pid":9,"Seq":20},"MsgId":{"Pid":1,"Seq":105},"Note":null,"Success":true,"GameInfo":[]}
04/09/2016 03:35:07 [12] INFO   Dispatcher                    : New Message Received: (Messages.ReplyMessages.GameListReply)
04/09/2016 03:35:07 [12] INFO   Dispatcher                    : MessageId: 1.105ConversationId: 9.20
04/09/2016 03:35:09 [12] DEBUG  PostMan                       : Received UDP (Messages.RequestMessages.AliveRequest, MessageID: 1.101, ConversationID: 1.101)
JSON: {"__type":"AliveRequest:#Messages.RequestMessages","ConvId":{"Pid":1,"Seq":101},"MsgId":{"Pid":1,"Seq":101}}
04/09/2016 03:35:09 [12] INFO   Dispatcher                    : New Message Received: (Messages.RequestMessages.AliveRequest)
04/09/2016 03:35:09 [12] INFO   Dispatcher                    : MessageId: 1.101ConversationId: 1.101
04/09/2016 03:35:12 [16] DEBUG  GameListConversation          : Received a game list reply message.
04/09/2016 03:35:12 [16] ERROR  GameListConversation          : Either the message received was null, or no games are available. 
04/09/2016 03:35:12 [16] INFO   BackgroundThread              : Stopping 
04/09/2016 03:35:12 [16] DEBUG  BackgroundThread              : Leaving Stop
04/09/2016 03:35:12 [10] DEBUG  PlayerProcess                 : In Process GetGameList function.
04/09/2016 03:35:12 [10] DEBUG  Dispatcher                    : Adding Conversation Player.Conversation.GameListConversation, 9.21
04/09/2016 03:35:12 [10] DEBUG  Dispatcher                    :       New Queue ID: 9.21
04/09/2016 03:35:12 [10] INFO   BackgroundThread              : Starting 
04/09/2016 03:35:12 [11] DEBUG  GameListConversation          : Queuing game list request. 
04/09/2016 03:35:12 [11] DEBUG  InitiatedConversation         : Conversation Id  for initiated conversation: 9.21
04/09/2016 03:35:12 [11] DEBUG  PostMan                       : Sending UDP (Messages.RequestMessages.GameListRequest, MessageID: 9.21, ConversationID: 9.21)
JSON: {"__type":"GameListRequest:#Messages.RequestMessages","ConvId":{"Pid":9,"Seq":21},"MsgId":{"Pid":9,"Seq":21},"StatusFilter":4}
04/09/2016 03:35:12 [11] DEBUG  PostMan                       : Message Delivered
04/09/2016 03:35:12 [12] DEBUG  PostMan                       : Received UDP (Messages.ReplyMessages.GameListReply, MessageID: 1.106, ConversationID: 9.21)
JSON: {"__type":"GameListReply:#Messages.ReplyMessages","ConvId":{"Pid":9,"Seq":21},"MsgId":{"Pid":1,"Seq":106},"Note":null,"Success":true,"GameInfo":[]}
04/09/2016 03:35:12 [12] INFO   Dispatcher                    : New Message Received: (Messages.ReplyMessages.GameListReply)
04/09/2016 03:35:12 [12] INFO   Dispatcher                    : MessageId: 1.106ConversationId: 9.21
04/09/2016 03:35:17 [11] DEBUG  GameListConversation          : Received a game list reply message.
04/09/2016 03:35:17 [11] ERROR  GameListConversation          : Either the message received was null, or no games are available. 
04/09/2016 03:35:17 [11] INFO   BackgroundThread              : Stopping 
04/09/2016 03:35:17 [11] DEBUG  BackgroundThread              : Leaving Stop
04/09/2016 03:35:17 [10] DEBUG  PlayerProcess                 : In Process GetGameList function.
04/09/2016 03:35:17 [10] DEBUG  Dispatcher                    : Adding Conversation Player.Conversation.GameListConversation, 9.22
04/09/2016 03:35:17 [10] DEBUG  Dispatcher                    :       New Queue ID: 9.22
04/09/2016 03:35:17 [10] INFO   BackgroundThread              : Starting 
04/09/2016 03:35:17 [16] DEBUG  GameListConversation          : Queuing game list request. 
04/09/2016 03:35:17 [16] DEBUG  InitiatedConversation         : Conversation Id  for initiated conversation: 9.22
04/09/2016 03:35:17 [16] DEBUG  PostMan                       : Sending UDP (Messages.RequestMessages.GameListRequest, MessageID: 9.22, ConversationID: 9.22)
JSON: {"__type":"GameListRequest:#Messages.RequestMessages","ConvId":{"Pid":9,"Seq":22},"MsgId":{"Pid":9,"Seq":22},"StatusFilter":4}
04/09/2016 03:35:17 [16] DEBUG  PostMan                       : Message Delivered
04/09/2016 03:35:17 [12] DEBUG  PostMan                       : Received UDP (Messages.ReplyMessages.GameListReply, MessageID: 1.107, ConversationID: 9.22)
JSON: {"__type":"GameListReply:#Messages.ReplyMessages","ConvId":{"Pid":9,"Seq":22},"MsgId":{"Pid":1,"Seq":107},"Note":null,"Success":true,"GameInfo":[]}
04/09/2016 03:35:17 [12] INFO   Dispatcher                    : New Message Received: (Messages.ReplyMessages.GameListReply)
04/09/2016 03:35:17 [12] INFO   Dispatcher                    : MessageId: 1.107ConversationId: 9.22
04/09/2016 03:35:20 [12] DEBUG  PostMan                       : Received UDP (Messages.RequestMessages.AliveRequest, MessageID: 1.109, ConversationID: 1.109)
JSON: {"__type":"AliveRequest:#Messages.RequestMessages","ConvId":{"Pid":1,"Seq":109},"MsgId":{"Pid":1,"Seq":109}}
04/09/2016 03:35:20 [12] INFO   Dispatcher                    : New Message Received: (Messages.RequestMessages.AliveRequest)
04/09/2016 03:35:20 [12] INFO   Dispatcher                    : MessageId: 1.109ConversationId: 1.109
04/09/2016 03:35:20 [12] DEBUG  Dispatcher                    : Conversation  with id= 1.109 does not exist, trying to create new conversation.
04/09/2016 03:35:20 [12] DEBUG  Dispatcher                    : Adding Conversation Player.Conversation.AliveConversation, 1.109
04/09/2016 03:35:20 [12] DEBUG  Dispatcher                    :       New Queue ID: 1.109
04/09/2016 03:35:20 [12] INFO   BackgroundThread              : Starting 
04/09/2016 03:35:20 [14] DEBUG  AliveConversation             : Creating Alive Response
04/09/2016 03:35:20 [14] DEBUG  ResponseConversation          : Conversation Id  for Response conversation: 1.109
04/09/2016 03:35:20 [14] DEBUG  PostMan                       : Sending UDP (Messages.ReplyMessages.Reply, MessageID: 9.23, ConversationID: 1.109)
JSON: {"__type":"Reply:#Messages.ReplyMessages","ConvId":{"Pid":1,"Seq":109},"MsgId":{"Pid":9,"Seq":23},"Note":"I'm Alive","Success":true}
04/09/2016 03:35:20 [14] DEBUG  PostMan                       : Message Delivered
04/09/2016 03:35:22 [16] DEBUG  GameListConversation          : Received a game list reply message.
04/09/2016 03:35:22 [16] ERROR  GameListConversation          : Either the message received was null, or no games are available. 
04/09/2016 03:35:22 [16] INFO   BackgroundThread              : Stopping 
04/09/2016 03:35:22 [16] DEBUG  BackgroundThread              : Leaving Stop
04/09/2016 03:35:22 [10] DEBUG  PlayerProcess                 : In Process GetGameList function.
04/09/2016 03:35:22 [10] DEBUG  Dispatcher                    : Adding Conversation Player.Conversation.GameListConversation, 9.24
04/09/2016 03:35:22 [10] DEBUG  Dispatcher                    :       New Queue ID: 9.24
04/09/2016 03:35:22 [10] INFO   BackgroundThread              : Starting 
04/09/2016 03:35:22 [11] DEBUG  GameListConversation          : Queuing game list request. 
04/09/2016 03:35:22 [11] DEBUG  InitiatedConversation         : Conversation Id  for initiated conversation: 9.24
04/09/2016 03:35:22 [11] DEBUG  PostMan                       : Sending UDP (Messages.RequestMessages.GameListRequest, MessageID: 9.24, ConversationID: 9.24)
JSON: {"__type":"GameListRequest:#Messages.RequestMessages","ConvId":{"Pid":9,"Seq":24},"MsgId":{"Pid":9,"Seq":24},"StatusFilter":4}
04/09/2016 03:35:22 [11] DEBUG  PostMan                       : Message Delivered
04/09/2016 03:35:22 [12] DEBUG  PostMan                       : Received UDP (Messages.ReplyMessages.GameListReply, MessageID: 1.110, ConversationID: 9.24)
JSON: {"__type":"GameListReply:#Messages.ReplyMessages","ConvId":{"Pid":9,"Seq":24},"MsgId":{"Pid":1,"Seq":110},"Note":null,"Success":true,"GameInfo":[]}
04/09/2016 03:35:22 [12] INFO   Dispatcher                    : New Message Received: (Messages.ReplyMessages.GameListReply)
04/09/2016 03:35:22 [12] INFO   Dispatcher                    : MessageId: 1.110ConversationId: 9.24
04/09/2016 03:35:27 [11] DEBUG  GameListConversation          : Received a game list reply message.
04/09/2016 03:35:27 [11] ERROR  GameListConversation          : Either the message received was null, or no games are available. 
04/09/2016 03:35:27 [11] INFO   BackgroundThread              : Stopping 
04/09/2016 03:35:27 [11] DEBUG  BackgroundThread              : Leaving Stop
04/09/2016 03:35:27 [10] DEBUG  PlayerProcess                 : In Process GetGameList function.
04/09/2016 03:35:27 [10] DEBUG  Dispatcher                    : Adding Conversation Player.Conversation.GameListConversation, 9.25
04/09/2016 03:35:27 [10] DEBUG  Dispatcher                    :       New Queue ID: 9.25
04/09/2016 03:35:27 [10] INFO   BackgroundThread              : Starting 
04/09/2016 03:35:27 [14] DEBUG  GameListConversation          : Queuing game list request. 
04/09/2016 03:35:27 [14] DEBUG  InitiatedConversation         : Conversation Id  for initiated conversation: 9.25
04/09/2016 03:35:27 [14] DEBUG  PostMan                       : Sending UDP (Messages.RequestMessages.GameListRequest, MessageID: 9.25, ConversationID: 9.25)
JSON: {"__type":"GameListRequest:#Messages.RequestMessages","ConvId":{"Pid":9,"Seq":25},"MsgId":{"Pid":9,"Seq":25},"StatusFilter":4}
04/09/2016 03:35:27 [14] DEBUG  PostMan                       : Message Delivered
04/09/2016 03:35:27 [12] DEBUG  PostMan                       : Received UDP (Messages.ReplyMessages.GameListReply, MessageID: 1.111, ConversationID: 9.25)
JSON: {"__type":"GameListReply:#Messages.ReplyMessages","ConvId":{"Pid":9,"Seq":25},"MsgId":{"Pid":1,"Seq":111},"Note":null,"Success":true,"GameInfo":[]}
04/09/2016 03:35:27 [12] INFO   Dispatcher                    : New Message Received: (Messages.ReplyMessages.GameListReply)
04/09/2016 03:35:27 [12] INFO   Dispatcher                    : MessageId: 1.111ConversationId: 9.25
04/09/2016 03:35:32 [14] DEBUG  GameListConversation          : Received a game list reply message.
04/09/2016 03:35:32 [14] ERROR  GameListConversation          : Either the message received was null, or no games are available. 
04/09/2016 03:35:32 [14] INFO   BackgroundThread              : Stopping 
04/09/2016 03:35:32 [14] DEBUG  BackgroundThread              : Leaving Stop
