04/09/2016 07:50:10 [ 7] DEBUG  PlayerConnection              : Using Local Settings.
04/09/2016 07:50:10 [ 7] DEBUG  PlayerConnection              : Starting Application. 
04/09/2016 07:50:10 [ 7] DEBUG  PlayerProcess                 : Initializeing Player Subsystem.
04/09/2016 07:50:10 [ 7] DEBUG  PlayerProcess                 : Initializing Player Details.
04/09/2016 07:50:10 [ 7] INFO   BackgroundThread              : Starting 
04/09/2016 07:50:10 [14] INFO   BackgroundThread              : Starting 
04/09/2016 07:50:10 [14] DEBUG  PlayerProcess                 : In Process Login function.
04/09/2016 07:50:10 [14] DEBUG  Dispatcher                    : Adding Conversation Player.Conversation.LoginConversation, 0.1
04/09/2016 07:50:10 [14] DEBUG  Dispatcher                    :       New Queue ID: 0.1
04/09/2016 07:50:10 [14] INFO   BackgroundThread              : Starting 
04/09/2016 07:50:10 [10] DEBUG  LoginConversation             : Creating login request. 
04/09/2016 07:50:10 [10] DEBUG  InitiatedConversation         : Conversation Id  for initiated conversation: 0.1
04/09/2016 07:50:10 [10] DEBUG  PostMan                       : Sending UDP (Messages.RequestMessages.LoginRequest, MessageID: 0.1, ConversationID: 0.1)
JSON: {"__type":"LoginRequest:#Messages.RequestMessages","ConvId":{"Pid":0,"Seq":1},"MsgId":{"Pid":0,"Seq":1},"Identity":{"ANumber":"A00000001","Alias":"The Instructor","FirstName":"The","LastName":"Instructor"},"ProcessLabel":"The Instructor","ProcessType":3,"PublicKey":null}
04/09/2016 07:50:10 [10] DEBUG  PostMan                       : Message Delivered
04/09/2016 07:50:10 [12] DEBUG  PostMan                       : Received UDP (Messages.ReplyMessages.LoginReply, MessageID: 1.1, ConversationID: 0.1)
JSON: {"__type":"LoginReply:#Messages.ReplyMessages","ConvId":{"Pid":0,"Seq":1},"MsgId":{"Pid":1,"Seq":1},"Note":"Logged in","Success":true,"PennyBankEndPoint":{"Host":"127.0.0.1","Port":12003},"PennyBankPublicKey":null,"ProcessInfo":{"EndPoint":{"Host":"127.0.0.1","Port":10000},"Label":"The Instructor","ProcessId":2,"Status":3,"Type":3},"ProxyEndPoint":{"Host":"127.0.0.1","Port":12002}}
04/09/2016 07:50:10 [12] INFO   Dispatcher                    : New Message Received: (Messages.ReplyMessages.LoginReply)
04/09/2016 07:50:10 [12] INFO   Dispatcher                    : MessageId: 1.1ConversationId: 0.1
04/09/2016 07:50:15 [10] DEBUG  LoginConversation             : Received a login reply message.
04/09/2016 07:50:15 [10] INFO   BackgroundThread              : Stopping 
04/09/2016 07:50:15 [10] DEBUG  BackgroundThread              : Leaving Stop
04/09/2016 07:50:15 [14] DEBUG  PlayerProcess                 : In Process GetGameList function.
04/09/2016 07:50:15 [14] DEBUG  Dispatcher                    : Adding Conversation Player.Conversation.GameListConversation, 2.2
04/09/2016 07:50:15 [14] DEBUG  Dispatcher                    :       New Queue ID: 2.2
04/09/2016 07:50:15 [14] INFO   BackgroundThread              : Starting 
04/09/2016 07:50:15 [13] DEBUG  GameListConversation          : Queuing game list request. 
04/09/2016 07:50:15 [13] DEBUG  InitiatedConversation         : Conversation Id  for initiated conversation: 2.2
04/09/2016 07:50:15 [13] DEBUG  PostMan                       : Sending UDP (Messages.RequestMessages.GameListRequest, MessageID: 2.2, ConversationID: 2.2)
JSON: {"__type":"GameListRequest:#Messages.RequestMessages","ConvId":{"Pid":2,"Seq":2},"MsgId":{"Pid":2,"Seq":2},"StatusFilter":4}
04/09/2016 07:50:15 [13] DEBUG  PostMan                       : Message Delivered
04/09/2016 07:50:15 [12] DEBUG  PostMan                       : Received UDP (Messages.ReplyMessages.GameListReply, MessageID: 1.9, ConversationID: 2.2)
JSON: {"__type":"GameListReply:#Messages.ReplyMessages","ConvId":{"Pid":2,"Seq":2},"MsgId":{"Pid":1,"Seq":9},"Note":null,"Success":true,"GameInfo":[{"CurrentProcesses":[{"HasUmbrellaRaised":false,"HitPoints":0,"LifePoints":100,"ProcessId":5,"Type":5},{"HasUmbrellaRaised":false,"HitPoints":0,"LifePoints":100,"ProcessId":6,"Type":4}],"GameId":4,"GameManagerId":3,"Label":"GM46140's 1st Game","MaxPlayers":5,"MinPlayers":2,"StartingPlayers":[],"Status":4,"Winners":null}]}
04/09/2016 07:50:15 [12] INFO   Dispatcher                    : New Message Received: (Messages.ReplyMessages.GameListReply)
04/09/2016 07:50:15 [12] INFO   Dispatcher                    : MessageId: 1.9ConversationId: 2.2
04/09/2016 07:50:20 [13] DEBUG  GameListConversation          : Received a game list reply message.
04/09/2016 07:50:20 [13] INFO   BackgroundThread              : Stopping 
04/09/2016 07:50:20 [13] DEBUG  BackgroundThread              : Leaving Stop
04/09/2016 07:50:20 [14] DEBUG  PlayerProcess                 : Life points is null, game needs to be started.
04/09/2016 07:50:20 [14] DEBUG  Dispatcher                    : Adding Conversation Player.Conversation.JoinGameConversation, 2.3
04/09/2016 07:50:20 [14] DEBUG  Dispatcher                    :       New Queue ID: 2.3
04/09/2016 07:50:20 [14] INFO   BackgroundThread              : Starting 
04/09/2016 07:50:20 [10] DEBUG  JoinGameConversation          : Queuing join game request. 
04/09/2016 07:50:20 [10] DEBUG  JoinGameConversation          : Requesting GameId: 4
04/09/2016 07:50:20 [10] DEBUG  InitiatedConversation         : Conversation Id  for initiated conversation: 2.3
04/09/2016 07:50:20 [10] DEBUG  PostMan                       : Sending UDP (Messages.Routing, MessageID: 2.3, ConversationID: 2.3)
JSON: {"__type":"Routing:#Messages","ConvId":{"Pid":2,"Seq":3},"MsgId":{"Pid":2,"Seq":3},"InnerMessage":{"__type":"JoinGameRequest:#Messages.RequestMessages","ConvId":{"Pid":2,"Seq":3},"MsgId":{"Pid":2,"Seq":3},"GameId":4,"Process":{"EndPoint":{"Host":"127.0.0.1","Port":10000},"Label":"The Instructor","ProcessId":2,"Status":4,"Type":3}},"ToProcessIds":[3]}
04/09/2016 07:50:20 [14] DEBUG  PlayerProcess                 : No games available, setting status to 'Registered'
04/09/2016 07:50:20 [10] DEBUG  PostMan                       : Message Delivered
04/09/2016 07:50:20 [12] DEBUG  PostMan                       : Received UDP (Messages.Routing, MessageID: 3.15, ConversationID: 2.3)
JSON: {"__type":"Routing:#Messages","ConvId":{"Pid":2,"Seq":3},"MsgId":{"Pid":3,"Seq":15},"InnerMessage":{"__type":"JoinGameReply:#Messages.ReplyMessages","ConvId":{"Pid":2,"Seq":3},"MsgId":{"Pid":3,"Seq":15},"Note":null,"Success":true,"GameId":4,"InitialLifePoints":100},"ToProcessIds":[2]}
04/09/2016 07:50:20 [12] INFO   Dispatcher                    : New Message Received: (Messages.Routing)
04/09/2016 07:50:20 [12] INFO   Dispatcher                    : MessageId: 3.15ConversationId: 2.3
04/09/2016 07:50:20 [14] DEBUG  PlayerProcess                 : In Process GetGameList function.
04/09/2016 07:50:20 [12] DEBUG  PostMan                       : Received UDP (Messages.Routing, MessageID: 3.18, ConversationID: 3.18)
JSON: {"__type":"Routing:#Messages","ConvId":{"Pid":3,"Seq":18},"MsgId":{"Pid":3,"Seq":18},"InnerMessage":{"__type":"GameStatusNotification:#Messages.RequestMessages","ConvId":{"Pid":3,"Seq":18},"MsgId":{"Pid":3,"Seq":18},"Game":{"CurrentProcesses":[{"HasUmbrellaRaised":false,"HitPoints":0,"LifePoints":100,"ProcessId":5,"Type":5},{"HasUmbrellaRaised":false,"HitPoints":0,"LifePoints":100,"ProcessId":6,"Type":4},{"HasUmbrellaRaised":false,"HitPoints":0,"LifePoints":100,"ProcessId":2,"Type":3}],"GameId":4,"GameManagerId":3,"Label":"GM46140's 1st Game","MaxPlayers":5,"MinPlayers":2,"StartingPlayers":[],"Status":4,"Winners":null}},"ToProcessIds":[5,6,2]}
04/09/2016 07:50:20 [14] DEBUG  Dispatcher                    : Adding Conversation Player.Conversation.GameListConversation, 2.4
04/09/2016 07:50:20 [14] DEBUG  Dispatcher                    :       New Queue ID: 2.4
04/09/2016 07:50:21 [14] INFO   BackgroundThread              : Starting 
04/09/2016 07:50:21 [12] INFO   Dispatcher                    : New Message Received: (Messages.Routing)
04/09/2016 07:50:21 [11] DEBUG  GameListConversation          : Queuing game list request. 
04/09/2016 07:50:21 [11] DEBUG  InitiatedConversation         : Conversation Id  for initiated conversation: 2.4
04/09/2016 07:50:21 [11] DEBUG  PostMan                       : Sending UDP (Messages.RequestMessages.GameListRequest, MessageID: 2.4, ConversationID: 2.4)
JSON: {"__type":"GameListRequest:#Messages.RequestMessages","ConvId":{"Pid":2,"Seq":4},"MsgId":{"Pid":2,"Seq":4},"StatusFilter":4}
04/09/2016 07:50:21 [11] DEBUG  PostMan                       : Message Delivered
04/09/2016 07:50:21 [12] INFO   Dispatcher                    : MessageId: 3.18ConversationId: 3.18
04/09/2016 07:50:21 [12] DEBUG  Dispatcher                    : Conversation  with id= 3.18 does not exist, trying to create new conversation.
04/09/2016 07:50:21 [12] DEBUG  Dispatcher                    : Adding Conversation Player.Conversation.GameStatusConversation, 3.18
04/09/2016 07:50:21 [12] DEBUG  Dispatcher                    :       New Queue ID: 3.18
04/09/2016 07:50:21 [12] INFO   BackgroundThread              : Starting 
04/09/2016 07:50:21 [ 8] DEBUG  GameStatusConversation        : Received Game Status Message
04/09/2016 07:50:25 [10] DEBUG  JoinGameConversation          : Received a game join message.
04/09/2016 07:50:25 [10] INFO   BackgroundThread              : Stopping 
04/09/2016 07:50:25 [10] DEBUG  BackgroundThread              : Leaving Stop
04/09/2016 07:50:27 [11] ERROR  GameListConversation          : Either the message received was null, or no games are available. 
04/09/2016 07:50:27 [11] INFO   BackgroundThread              : Stopping 
04/09/2016 07:50:27 [11] DEBUG  BackgroundThread              : Leaving Stop
04/09/2016 07:50:27 [14] DEBUG  PlayerProcess                 : In Process GetGameList function.
04/09/2016 07:50:27 [14] DEBUG  Dispatcher                    : Adding Conversation Player.Conversation.GameListConversation, 2.5
04/09/2016 07:50:27 [14] DEBUG  Dispatcher                    :       New Queue ID: 2.5
04/09/2016 07:50:27 [14] INFO   BackgroundThread              : Starting 
04/09/2016 07:50:27 [13] DEBUG  GameListConversation          : Queuing game list request. 
04/09/2016 07:50:27 [13] DEBUG  InitiatedConversation         : Conversation Id  for initiated conversation: 2.5
04/09/2016 07:50:27 [13] DEBUG  PostMan                       : Sending UDP (Messages.RequestMessages.GameListRequest, MessageID: 2.5, ConversationID: 2.5)
JSON: {"__type":"GameListRequest:#Messages.RequestMessages","ConvId":{"Pid":2,"Seq":5},"MsgId":{"Pid":2,"Seq":5},"StatusFilter":4}
04/09/2016 07:50:27 [13] DEBUG  PostMan                       : Message Delivered
04/09/2016 07:50:27 [12] DEBUG  PostMan                       : Received UDP (Messages.ReplyMessages.GameListReply, MessageID: 1.14, ConversationID: 2.5)
JSON: {"__type":"GameListReply:#Messages.ReplyMessages","ConvId":{"Pid":2,"Seq":5},"MsgId":{"Pid":1,"Seq":14},"Note":null,"Success":true,"GameInfo":[{"CurrentProcesses":[{"HasUmbrellaRaised":false,"HitPoints":0,"LifePoints":100,"ProcessId":5,"Type":5},{"HasUmbrellaRaised":false,"HitPoints":0,"LifePoints":100,"ProcessId":6,"Type":4},{"HasUmbrellaRaised":false,"HitPoints":0,"LifePoints":100,"ProcessId":2,"Type":3}],"GameId":4,"GameManagerId":3,"Label":"GM46140's 1st Game","MaxPlayers":5,"MinPlayers":2,"StartingPlayers":[],"Status":4,"Winners":null}]}
04/09/2016 07:50:27 [12] INFO   Dispatcher                    : New Message Received: (Messages.ReplyMessages.GameListReply)
04/09/2016 07:50:27 [12] INFO   Dispatcher                    : MessageId: 1.14ConversationId: 2.5
04/09/2016 07:50:31 [12] DEBUG  PostMan                       : Received UDP (Messages.RequestMessages.AllowanceDeliveryRequest, MessageID: 1.12, ConversationID: 1.12)
JSON: {"__type":"AllowanceDeliveryRequest:#Messages.RequestMessages","ConvId":{"Pid":1,"Seq":12},"MsgId":{"Pid":1,"Seq":12},"NumberOfPennies":400,"PortNumber":12999}
04/09/2016 07:50:31 [12] INFO   Dispatcher                    : New Message Received: (Messages.RequestMessages.AllowanceDeliveryRequest)
04/09/2016 07:50:31 [12] INFO   Dispatcher                    : MessageId: 1.12ConversationId: 1.12
04/09/2016 07:50:31 [12] DEBUG  Dispatcher                    : Conversation  with id= 1.12 does not exist, trying to create new conversation.
04/09/2016 07:50:31 [12] DEBUG  Dispatcher                    : Adding Conversation Player.Conversation.AllowanceDeliveryConversation, 1.12
04/09/2016 07:50:31 [12] DEBUG  Dispatcher                    :       New Queue ID: 1.12
04/09/2016 07:50:31 [12] INFO   BackgroundThread              : Starting 
04/09/2016 07:50:31 [ 8] DEBUG  AllowanceDeliveryConversation : Received Allowance Delivery Request. 
04/09/2016 07:50:31 [ 8] DEBUG  TCPSocket                     : Destination Endpoint is: 127.0.0.1:12999
04/09/2016 07:50:31 [ 8] INFO   BackgroundThread              : Starting 
04/09/2016 07:50:31 [ 8] DEBUG  TCPSocket                     : Opening Remote TCP Connection
04/09/2016 07:50:31 [ 8] DEBUG  TCPSocket                     : TCP Socket connected to 127.0.0.1:12999
04/09/2016 07:50:31 [ 8] INFO   AllowanceDeliveryConversation : IN TCP RECEIVE!!!!
04/09/2016 07:50:31 [ 8] DEBUG  NetworkStreamExtensions       : In ReadStreamMessage, with stream.ReadTimeout=10000
04/09/2016 07:50:31 [ 8] DEBUG  NetworkStreamExtensions       : Try to read 4 length bytes, with stream.CanRead=True and stream.ReadTimeout=10000
04/09/2016 07:50:32 [13] DEBUG  GameListConversation          : Received a game list reply message.
04/09/2016 07:50:32 [13] INFO   BackgroundThread              : Stopping 
04/09/2016 07:50:32 [13] DEBUG  BackgroundThread              : Leaving Stop
04/09/2016 07:50:32 [14] DEBUG  PlayerProcess                 : Life points is null, game needs to be started.
04/09/2016 07:50:32 [14] DEBUG  Dispatcher                    : Adding Conversation Player.Conversation.JoinGameConversation, 2.6
04/09/2016 07:50:32 [14] DEBUG  Dispatcher                    :       New Queue ID: 2.6
04/09/2016 07:50:32 [14] INFO   BackgroundThread              : Starting 
04/09/2016 07:50:32 [10] DEBUG  JoinGameConversation          : Queuing join game request. 
04/09/2016 07:50:32 [10] DEBUG  JoinGameConversation          : Requesting GameId: 4
04/09/2016 07:50:32 [10] DEBUG  InitiatedConversation         : Conversation Id  for initiated conversation: 2.6
04/09/2016 07:50:32 [10] DEBUG  PostMan                       : Sending UDP (Messages.Routing, MessageID: 2.6, ConversationID: 2.6)
JSON: {"__type":"Routing:#Messages","ConvId":{"Pid":2,"Seq":6},"MsgId":{"Pid":2,"Seq":6},"InnerMessage":{"__type":"JoinGameRequest:#Messages.RequestMessages","ConvId":{"Pid":2,"Seq":6},"MsgId":{"Pid":2,"Seq":6},"GameId":4,"Process":{"EndPoint":{"Host":"127.0.0.1","Port":10000},"Label":"The Instructor","ProcessId":2,"Status":4,"Type":3}},"ToProcessIds":[3]}
04/09/2016 07:50:32 [10] DEBUG  PostMan                       : Message Delivered
04/09/2016 07:50:32 [14] DEBUG  PlayerProcess                 : No games available, setting status to 'Registered'
04/09/2016 07:50:32 [12] DEBUG  PostMan                       : Received UDP (Messages.Routing, MessageID: 3.20, ConversationID: 2.6)
JSON: {"__type":"Routing:#Messages","ConvId":{"Pid":2,"Seq":6},"MsgId":{"Pid":3,"Seq":20},"InnerMessage":{"__type":"JoinGameReply:#Messages.ReplyMessages","ConvId":{"Pid":2,"Seq":6},"MsgId":{"Pid":3,"Seq":20},"Note":null,"Success":true,"GameId":4,"InitialLifePoints":100},"ToProcessIds":[2]}
04/09/2016 07:50:32 [12] INFO   Dispatcher                    : New Message Received: (Messages.Routing)
04/09/2016 07:50:32 [12] INFO   Dispatcher                    : MessageId: 3.20ConversationId: 2.6
04/09/2016 07:50:32 [12] DEBUG  PostMan                       : Received UDP (Messages.Routing, MessageID: 3.23, ConversationID: 3.23)
JSON: {"__type":"Routing:#Messages","ConvId":{"Pid":3,"Seq":23},"MsgId":{"Pid":3,"Seq":23},"InnerMessage":{"__type":"GameStatusNotification:#Messages.RequestMessages","ConvId":{"Pid":3,"Seq":23},"MsgId":{"Pid":3,"Seq":23},"Game":{"CurrentProcesses":[{"HasUmbrellaRaised":false,"HitPoints":0,"LifePoints":100,"ProcessId":5,"Type":5},{"HasUmbrellaRaised":false,"HitPoints":0,"LifePoints":100,"ProcessId":6,"Type":4},{"HasUmbrellaRaised":false,"HitPoints":0,"LifePoints":100,"ProcessId":2,"Type":3}],"GameId":4,"GameManagerId":3,"Label":"GM46140's 1st Game","MaxPlayers":5,"MinPlayers":2,"StartingPlayers":[],"Status":4,"Winners":null}},"ToProcessIds":[5,6,2]}
04/09/2016 07:50:32 [12] INFO   Dispatcher                    : New Message Received: (Messages.Routing)
04/09/2016 07:50:32 [14] DEBUG  PlayerProcess                 : In Process GetGameList function.
04/09/2016 07:50:32 [12] INFO   Dispatcher                    : MessageId: 3.23ConversationId: 3.23
04/09/2016 07:50:32 [12] DEBUG  Dispatcher                    : Conversation  with id= 3.23 does not exist, trying to create new conversation.
04/09/2016 07:50:32 [14] DEBUG  Dispatcher                    : Adding Conversation Player.Conversation.GameListConversation, 2.7
04/09/2016 07:50:32 [12] DEBUG  Dispatcher                    : Adding Conversation Player.Conversation.GameStatusConversation, 3.23
04/09/2016 07:50:32 [12] DEBUG  Dispatcher                    :       New Queue ID: 3.23
04/09/2016 07:50:33 [12] INFO   BackgroundThread              : Starting 
04/09/2016 07:50:33 [13] DEBUG  GameStatusConversation        : Received Game Status Message
04/09/2016 07:50:33 [14] DEBUG  Dispatcher                    :       New Queue ID: 2.7
04/09/2016 07:50:33 [14] INFO   BackgroundThread              : Starting 
04/09/2016 07:50:33 [11] DEBUG  GameListConversation          : Queuing game list request. 
04/09/2016 07:50:33 [11] DEBUG  InitiatedConversation         : Conversation Id  for initiated conversation: 2.7
04/09/2016 07:50:33 [11] DEBUG  PostMan                       : Sending UDP (Messages.RequestMessages.GameListRequest, MessageID: 2.7, ConversationID: 2.7)
JSON: {"__type":"GameListRequest:#Messages.RequestMessages","ConvId":{"Pid":2,"Seq":7},"MsgId":{"Pid":2,"Seq":7},"StatusFilter":4}
04/09/2016 07:50:33 [11] DEBUG  PostMan                       : Message Delivered
04/09/2016 07:50:33 [12] DEBUG  PostMan                       : Received UDP (Messages.ReplyMessages.GameListReply, MessageID: 1.16, ConversationID: 2.7)
JSON: {"__type":"GameListReply:#Messages.ReplyMessages","ConvId":{"Pid":2,"Seq":7},"MsgId":{"Pid":1,"Seq":16},"Note":null,"Success":true,"GameInfo":[{"CurrentProcesses":[{"HasUmbrellaRaised":false,"HitPoints":0,"LifePoints":100,"ProcessId":5,"Type":5},{"HasUmbrellaRaised":false,"HitPoints":0,"LifePoints":100,"ProcessId":6,"Type":4},{"HasUmbrellaRaised":false,"HitPoints":0,"LifePoints":100,"ProcessId":2,"Type":3}],"GameId":4,"GameManagerId":3,"Label":"GM46140's 1st Game","MaxPlayers":5,"MinPlayers":2,"StartingPlayers":[],"Status":4,"Winners":null}]}
04/09/2016 07:50:33 [12] INFO   Dispatcher                    : New Message Received: (Messages.ReplyMessages.GameListReply)
04/09/2016 07:50:33 [12] INFO   Dispatcher                    : MessageId: 1.16ConversationId: 2.7
04/09/2016 07:50:35 [12] DEBUG  PostMan                       : Received UDP (Messages.RequestMessages.AliveRequest, MessageID: 1.18, ConversationID: 1.18)
JSON: {"__type":"AliveRequest:#Messages.RequestMessages","ConvId":{"Pid":1,"Seq":18},"MsgId":{"Pid":1,"Seq":18}}
04/09/2016 07:50:35 [12] INFO   Dispatcher                    : New Message Received: (Messages.RequestMessages.AliveRequest)
04/09/2016 07:50:35 [12] INFO   Dispatcher                    : MessageId: 1.18ConversationId: 1.18
04/09/2016 07:50:35 [12] DEBUG  Dispatcher                    : Conversation  with id= 1.18 does not exist, trying to create new conversation.
04/09/2016 07:50:35 [12] DEBUG  Dispatcher                    : Adding Conversation Player.Conversation.AliveConversation, 1.18
04/09/2016 07:50:35 [12] DEBUG  Dispatcher                    :       New Queue ID: 1.18
04/09/2016 07:50:35 [12] INFO   BackgroundThread              : Starting 
04/09/2016 07:50:35 [16] DEBUG  AliveConversation             : Creating Alive Response
04/09/2016 07:50:35 [16] DEBUG  ResponseConversation          : Conversation Id  for Response conversation: 1.18
04/09/2016 07:50:35 [16] DEBUG  PostMan                       : Sending UDP (Messages.ReplyMessages.Reply, MessageID: 2.8, ConversationID: 1.18)
JSON: {"__type":"Reply:#Messages.ReplyMessages","ConvId":{"Pid":1,"Seq":18},"MsgId":{"Pid":2,"Seq":8},"Note":"I'm Alive","Success":true}
04/09/2016 07:50:35 [16] DEBUG  PostMan                       : Message Delivered
04/09/2016 07:50:37 [10] DEBUG  JoinGameConversation          : Received a game join message.
04/09/2016 07:50:37 [10] INFO   BackgroundThread              : Stopping 
04/09/2016 07:50:37 [10] DEBUG  BackgroundThread              : Leaving Stop
04/09/2016 07:50:38 [11] DEBUG  GameListConversation          : Received a game list reply message.
04/09/2016 07:50:38 [11] INFO   BackgroundThread              : Stopping 
04/09/2016 07:50:38 [11] DEBUG  BackgroundThread              : Leaving Stop
04/09/2016 07:50:41 [12] DEBUG  PostMan                       : Received UDP (Messages.RequestMessages.AllowanceDeliveryRequest, MessageID: 1.12, ConversationID: 1.12)
JSON: {"__type":"AllowanceDeliveryRequest:#Messages.RequestMessages","ConvId":{"Pid":1,"Seq":12},"MsgId":{"Pid":1,"Seq":12},"NumberOfPennies":400,"PortNumber":12999}
04/09/2016 07:50:41 [12] INFO   Dispatcher                    : New Message Received: (Messages.RequestMessages.AllowanceDeliveryRequest)
04/09/2016 07:50:41 [12] INFO   Dispatcher                    : MessageId: 1.12ConversationId: 1.12
04/09/2016 07:50:41 [ 8] DEBUG  NetworkStreamExtensions       : Length bytes read = 0
04/09/2016 07:50:41 [ 8] DEBUG  NetworkStreamExtensions       : In ReadStreamMessage, with stream.ReadTimeout=10000
04/09/2016 07:50:41 [ 8] DEBUG  NetworkStreamExtensions       : Try to read 4 length bytes, with stream.CanRead=True and stream.ReadTimeout=10000
04/09/2016 07:50:43 [12] DEBUG  PostMan                       : Received UDP (Messages.RequestMessages.AllowanceDeliveryRequest, MessageID: 1.17, ConversationID: 1.17)
JSON: {"__type":"AllowanceDeliveryRequest:#Messages.RequestMessages","ConvId":{"Pid":1,"Seq":17},"MsgId":{"Pid":1,"Seq":17},"NumberOfPennies":400,"PortNumber":12998}
04/09/2016 07:50:43 [12] INFO   Dispatcher                    : New Message Received: (Messages.RequestMessages.AllowanceDeliveryRequest)
04/09/2016 07:50:43 [12] INFO   Dispatcher                    : MessageId: 1.17ConversationId: 1.17
04/09/2016 07:50:43 [12] DEBUG  Dispatcher                    : Conversation  with id= 1.17 does not exist, trying to create new conversation.
04/09/2016 07:50:43 [12] DEBUG  Dispatcher                    : Adding Conversation Player.Conversation.AllowanceDeliveryConversation, 1.17
04/09/2016 07:50:43 [12] DEBUG  Dispatcher                    :       New Queue ID: 1.17
04/09/2016 07:50:43 [12] INFO   BackgroundThread              : Starting 
04/09/2016 07:50:43 [10] ERROR  RequestReplyWithTCP           : Unable to retrieve received message. 
04/09/2016 07:50:51 [ 8] DEBUG  NetworkStreamExtensions       : Length bytes read = 0
04/09/2016 07:50:51 [ 8] DEBUG  NetworkStreamExtensions       : In ReadStreamMessage, with stream.ReadTimeout=10000
04/09/2016 07:50:51 [ 8] DEBUG  NetworkStreamExtensions       : Try to read 4 length bytes, with stream.CanRead=True and stream.ReadTimeout=10000
04/09/2016 07:50:53 [12] DEBUG  PostMan                       : Received UDP (Messages.RequestMessages.AllowanceDeliveryRequest, MessageID: 1.17, ConversationID: 1.17)
JSON: {"__type":"AllowanceDeliveryRequest:#Messages.RequestMessages","ConvId":{"Pid":1,"Seq":17},"MsgId":{"Pid":1,"Seq":17},"NumberOfPennies":400,"PortNumber":12998}
04/09/2016 07:50:53 [12] INFO   Dispatcher                    : New Message Received: (Messages.RequestMessages.AllowanceDeliveryRequest)
04/09/2016 07:50:53 [12] INFO   Dispatcher                    : MessageId: 1.17ConversationId: 1.17
04/09/2016 07:51:01 [ 8] DEBUG  NetworkStreamExtensions       : Length bytes read = 0
04/09/2016 07:51:01 [ 8] DEBUG  NetworkStreamExtensions       : In ReadStreamMessage, with stream.ReadTimeout=10000
04/09/2016 07:51:01 [ 8] DEBUG  NetworkStreamExtensions       : Try to read 4 length bytes, with stream.CanRead=True and stream.ReadTimeout=10000
04/09/2016 07:51:06 [12] DEBUG  PostMan                       : Received UDP (Messages.RequestMessages.AliveRequest, MessageID: 1.22, ConversationID: 1.22)
JSON: {"__type":"AliveRequest:#Messages.RequestMessages","ConvId":{"Pid":1,"Seq":22},"MsgId":{"Pid":1,"Seq":22}}
04/09/2016 07:51:06 [12] INFO   Dispatcher                    : New Message Received: (Messages.RequestMessages.AliveRequest)
04/09/2016 07:51:06 [12] INFO   Dispatcher                    : MessageId: 1.22ConversationId: 1.22
04/09/2016 07:51:06 [12] DEBUG  Dispatcher                    : Conversation  with id= 1.22 does not exist, trying to create new conversation.
04/09/2016 07:51:06 [12] DEBUG  Dispatcher                    : Adding Conversation Player.Conversation.AliveConversation, 1.22
04/09/2016 07:51:06 [12] DEBUG  Dispatcher                    :       New Queue ID: 1.22
04/09/2016 07:51:06 [12] INFO   BackgroundThread              : Starting 
04/09/2016 07:51:06 [ 9] DEBUG  AliveConversation             : Creating Alive Response
04/09/2016 07:51:06 [ 9] DEBUG  ResponseConversation          : Conversation Id  for Response conversation: 1.22
04/09/2016 07:51:06 [ 9] DEBUG  PostMan                       : Sending UDP (Messages.ReplyMessages.Reply, MessageID: 2.9, ConversationID: 1.22)
JSON: {"__type":"Reply:#Messages.ReplyMessages","ConvId":{"Pid":1,"Seq":22},"MsgId":{"Pid":2,"Seq":9},"Note":"I'm Alive","Success":true}
04/09/2016 07:51:06 [ 9] DEBUG  PostMan                       : Message Delivered
04/09/2016 07:51:11 [ 8] DEBUG  NetworkStreamExtensions       : Length bytes read = 0
04/09/2016 07:51:11 [ 8] DEBUG  NetworkStreamExtensions       : In ReadStreamMessage, with stream.ReadTimeout=10000
04/09/2016 07:51:11 [ 8] DEBUG  NetworkStreamExtensions       : Try to read 4 length bytes, with stream.CanRead=True and stream.ReadTimeout=10000
04/09/2016 07:51:21 [ 8] DEBUG  NetworkStreamExtensions       : Length bytes read = 0
04/09/2016 07:51:21 [ 8] DEBUG  NetworkStreamExtensions       : In ReadStreamMessage, with stream.ReadTimeout=10000
04/09/2016 07:51:21 [ 8] DEBUG  NetworkStreamExtensions       : Try to read 4 length bytes, with stream.CanRead=True and stream.ReadTimeout=10000
04/09/2016 07:51:31 [ 8] DEBUG  NetworkStreamExtensions       : Length bytes read = 0
04/09/2016 07:51:31 [ 8] DEBUG  NetworkStreamExtensions       : In ReadStreamMessage, with stream.ReadTimeout=10000
04/09/2016 07:51:31 [ 8] DEBUG  NetworkStreamExtensions       : Try to read 4 length bytes, with stream.CanRead=True and stream.ReadTimeout=10000
04/09/2016 07:51:37 [12] DEBUG  PostMan                       : Received UDP (Messages.RequestMessages.AliveRequest, MessageID: 1.26, ConversationID: 1.26)
JSON: {"__type":"AliveRequest:#Messages.RequestMessages","ConvId":{"Pid":1,"Seq":26},"MsgId":{"Pid":1,"Seq":26}}
04/09/2016 07:51:37 [12] INFO   Dispatcher                    : New Message Received: (Messages.RequestMessages.AliveRequest)
04/09/2016 07:51:37 [12] INFO   Dispatcher                    : MessageId: 1.26ConversationId: 1.26
04/09/2016 07:51:37 [12] DEBUG  Dispatcher                    : Conversation  with id= 1.26 does not exist, trying to create new conversation.
04/09/2016 07:51:37 [12] DEBUG  Dispatcher                    : Adding Conversation Player.Conversation.AliveConversation, 1.26
04/09/2016 07:51:37 [12] DEBUG  Dispatcher                    :       New Queue ID: 1.26
04/09/2016 07:51:37 [12] INFO   BackgroundThread              : Starting 
04/09/2016 07:51:37 [10] ERROR  ResponseConversation          : Unable to retrieve received message. 
04/09/2016 07:51:41 [ 8] DEBUG  NetworkStreamExtensions       : Length bytes read = 0
04/09/2016 07:51:41 [ 8] DEBUG  NetworkStreamExtensions       : In ReadStreamMessage, with stream.ReadTimeout=10000
04/09/2016 07:51:41 [ 8] DEBUG  NetworkStreamExtensions       : Try to read 4 length bytes, with stream.CanRead=True and stream.ReadTimeout=10000
04/09/2016 07:51:47 [12] DEBUG  PostMan                       : Received UDP (Messages.RequestMessages.AliveRequest, MessageID: 1.26, ConversationID: 1.26)
JSON: {"__type":"AliveRequest:#Messages.RequestMessages","ConvId":{"Pid":1,"Seq":26},"MsgId":{"Pid":1,"Seq":26}}
04/09/2016 07:51:47 [12] INFO   Dispatcher                    : New Message Received: (Messages.RequestMessages.AliveRequest)
04/09/2016 07:51:47 [12] INFO   Dispatcher                    : MessageId: 1.26ConversationId: 1.26
04/09/2016 07:51:51 [ 8] DEBUG  NetworkStreamExtensions       : Length bytes read = 0
04/09/2016 07:51:51 [ 8] DEBUG  NetworkStreamExtensions       : In ReadStreamMessage, with stream.ReadTimeout=10000
04/09/2016 07:51:51 [ 8] DEBUG  NetworkStreamExtensions       : Try to read 4 length bytes, with stream.CanRead=True and stream.ReadTimeout=10000
04/09/2016 07:51:57 [12] DEBUG  PostMan                       : Received UDP (Messages.RequestMessages.AliveRequest, MessageID: 1.26, ConversationID: 1.26)
JSON: {"__type":"AliveRequest:#Messages.RequestMessages","ConvId":{"Pid":1,"Seq":26},"MsgId":{"Pid":1,"Seq":26}}
04/09/2016 07:51:57 [12] INFO   Dispatcher                    : New Message Received: (Messages.RequestMessages.AliveRequest)
04/09/2016 07:51:57 [12] INFO   Dispatcher                    : MessageId: 1.26ConversationId: 1.26
04/09/2016 07:52:01 [ 8] DEBUG  NetworkStreamExtensions       : Length bytes read = 0
04/09/2016 07:52:01 [ 8] DEBUG  NetworkStreamExtensions       : In ReadStreamMessage, with stream.ReadTimeout=10000
04/09/2016 07:52:01 [ 8] DEBUG  NetworkStreamExtensions       : Try to read 4 length bytes, with stream.CanRead=True and stream.ReadTimeout=10000
04/09/2016 07:52:08 [12] DEBUG  PostMan                       : Received UDP (Messages.RequestMessages.AliveRequest, MessageID: 1.31, ConversationID: 1.31)
JSON: {"__type":"AliveRequest:#Messages.RequestMessages","ConvId":{"Pid":1,"Seq":31},"MsgId":{"Pid":1,"Seq":31}}
04/09/2016 07:52:08 [12] INFO   Dispatcher                    : New Message Received: (Messages.RequestMessages.AliveRequest)
04/09/2016 07:52:08 [12] INFO   Dispatcher                    : MessageId: 1.31ConversationId: 1.31
04/09/2016 07:52:08 [12] DEBUG  Dispatcher                    : Conversation  with id= 1.31 does not exist, trying to create new conversation.
04/09/2016 07:52:08 [12] DEBUG  Dispatcher                    : Adding Conversation Player.Conversation.AliveConversation, 1.31
04/09/2016 07:52:08 [12] DEBUG  Dispatcher                    :       New Queue ID: 1.31
04/09/2016 07:52:08 [12] INFO   BackgroundThread              : Starting 
04/09/2016 07:52:08 [17] DEBUG  AliveConversation             : Creating Alive Response
04/09/2016 07:52:08 [17] DEBUG  ResponseConversation          : Conversation Id  for Response conversation: 1.31
04/09/2016 07:52:08 [17] DEBUG  PostMan                       : Sending UDP (Messages.ReplyMessages.Reply, MessageID: 2.10, ConversationID: 1.31)
JSON: {"__type":"Reply:#Messages.ReplyMessages","ConvId":{"Pid":1,"Seq":31},"MsgId":{"Pid":2,"Seq":10},"Note":"I'm Alive","Success":true}
04/09/2016 07:52:08 [17] DEBUG  PostMan                       : Message Delivered
04/09/2016 07:52:11 [ 8] DEBUG  NetworkStreamExtensions       : Length bytes read = 0
04/09/2016 07:52:11 [ 8] DEBUG  NetworkStreamExtensions       : In ReadStreamMessage, with stream.ReadTimeout=10000
04/09/2016 07:52:11 [ 8] DEBUG  NetworkStreamExtensions       : Try to read 4 length bytes, with stream.CanRead=True and stream.ReadTimeout=10000
04/09/2016 07:52:21 [ 8] DEBUG  NetworkStreamExtensions       : Length bytes read = 0
04/09/2016 07:52:21 [ 8] DEBUG  NetworkStreamExtensions       : In ReadStreamMessage, with stream.ReadTimeout=10000
04/09/2016 07:52:21 [ 8] DEBUG  NetworkStreamExtensions       : Try to read 4 length bytes, with stream.CanRead=True and stream.ReadTimeout=10000
04/09/2016 07:52:31 [ 8] DEBUG  NetworkStreamExtensions       : Length bytes read = 0
04/09/2016 07:52:31 [ 8] DEBUG  NetworkStreamExtensions       : In ReadStreamMessage, with stream.ReadTimeout=10000
04/09/2016 07:52:31 [ 8] DEBUG  NetworkStreamExtensions       : Try to read 4 length bytes, with stream.CanRead=True and stream.ReadTimeout=10000
04/09/2016 07:52:39 [12] DEBUG  PostMan                       : Received UDP (Messages.RequestMessages.AliveRequest, MessageID: 1.34, ConversationID: 1.34)
JSON: {"__type":"AliveRequest:#Messages.RequestMessages","ConvId":{"Pid":1,"Seq":34},"MsgId":{"Pid":1,"Seq":34}}
04/09/2016 07:52:39 [12] INFO   Dispatcher                    : New Message Received: (Messages.RequestMessages.AliveRequest)
04/09/2016 07:52:39 [12] INFO   Dispatcher                    : MessageId: 1.34ConversationId: 1.34
04/09/2016 07:52:39 [12] DEBUG  Dispatcher                    : Conversation  with id= 1.34 does not exist, trying to create new conversation.
04/09/2016 07:52:39 [12] DEBUG  Dispatcher                    : Adding Conversation Player.Conversation.AliveConversation, 1.34
04/09/2016 07:52:39 [12] DEBUG  Dispatcher                    :       New Queue ID: 1.34
04/09/2016 07:52:39 [12] INFO   BackgroundThread              : Starting 
04/09/2016 07:52:39 [19] DEBUG  AliveConversation             : Creating Alive Response
04/09/2016 07:52:39 [19] DEBUG  ResponseConversation          : Conversation Id  for Response conversation: 1.34
04/09/2016 07:52:39 [19] DEBUG  PostMan                       : Sending UDP (Messages.ReplyMessages.Reply, MessageID: 2.11, ConversationID: 1.34)
JSON: {"__type":"Reply:#Messages.ReplyMessages","ConvId":{"Pid":1,"Seq":34},"MsgId":{"Pid":2,"Seq":11},"Note":"I'm Alive","Success":true}
04/09/2016 07:52:39 [19] DEBUG  PostMan                       : Message Delivered
04/09/2016 07:52:41 [ 8] DEBUG  NetworkStreamExtensions       : Length bytes read = 0
04/09/2016 07:52:41 [ 8] DEBUG  NetworkStreamExtensions       : In ReadStreamMessage, with stream.ReadTimeout=10000
04/09/2016 07:52:41 [ 8] DEBUG  NetworkStreamExtensions       : Try to read 4 length bytes, with stream.CanRead=True and stream.ReadTimeout=10000
04/09/2016 07:52:51 [ 8] DEBUG  NetworkStreamExtensions       : Length bytes read = 0
04/09/2016 07:52:51 [ 8] DEBUG  NetworkStreamExtensions       : In ReadStreamMessage, with stream.ReadTimeout=10000
04/09/2016 07:52:51 [ 8] DEBUG  NetworkStreamExtensions       : Try to read 4 length bytes, with stream.CanRead=True and stream.ReadTimeout=10000
04/09/2016 07:53:01 [ 8] DEBUG  NetworkStreamExtensions       : Length bytes read = 0
04/09/2016 07:53:01 [ 8] DEBUG  NetworkStreamExtensions       : In ReadStreamMessage, with stream.ReadTimeout=10000
04/09/2016 07:53:01 [ 8] DEBUG  NetworkStreamExtensions       : Try to read 4 length bytes, with stream.CanRead=True and stream.ReadTimeout=10000
04/09/2016 07:53:10 [12] DEBUG  PostMan                       : Received UDP (Messages.RequestMessages.AliveRequest, MessageID: 1.38, ConversationID: 1.38)
JSON: {"__type":"AliveRequest:#Messages.RequestMessages","ConvId":{"Pid":1,"Seq":38},"MsgId":{"Pid":1,"Seq":38}}
04/09/2016 07:53:10 [12] INFO   Dispatcher                    : New Message Received: (Messages.RequestMessages.AliveRequest)
04/09/2016 07:53:10 [12] INFO   Dispatcher                    : MessageId: 1.38ConversationId: 1.38
04/09/2016 07:53:10 [12] DEBUG  Dispatcher                    : Conversation  with id= 1.38 does not exist, trying to create new conversation.
04/09/2016 07:53:10 [12] DEBUG  Dispatcher                    : Adding Conversation Player.Conversation.AliveConversation, 1.38
04/09/2016 07:53:10 [12] DEBUG  Dispatcher                    :       New Queue ID: 1.38
04/09/2016 07:53:10 [12] INFO   BackgroundThread              : Starting 
04/09/2016 07:53:10 [20] DEBUG  AliveConversation             : Creating Alive Response
04/09/2016 07:53:10 [20] DEBUG  ResponseConversation          : Conversation Id  for Response conversation: 1.38
04/09/2016 07:53:10 [20] DEBUG  PostMan                       : Sending UDP (Messages.ReplyMessages.Reply, MessageID: 2.12, ConversationID: 1.38)
JSON: {"__type":"Reply:#Messages.ReplyMessages","ConvId":{"Pid":1,"Seq":38},"MsgId":{"Pid":2,"Seq":12},"Note":"I'm Alive","Success":true}
04/09/2016 07:53:10 [20] DEBUG  PostMan                       : Message Delivered
04/09/2016 07:53:11 [ 8] DEBUG  NetworkStreamExtensions       : Length bytes read = 0
04/09/2016 07:53:11 [ 8] DEBUG  NetworkStreamExtensions       : In ReadStreamMessage, with stream.ReadTimeout=10000
04/09/2016 07:53:11 [ 8] DEBUG  NetworkStreamExtensions       : Try to read 4 length bytes, with stream.CanRead=True and stream.ReadTimeout=10000
04/09/2016 07:53:21 [ 8] DEBUG  NetworkStreamExtensions       : Length bytes read = 0
04/09/2016 07:53:21 [ 8] DEBUG  NetworkStreamExtensions       : In ReadStreamMessage, with stream.ReadTimeout=10000
04/09/2016 07:53:21 [ 8] DEBUG  NetworkStreamExtensions       : Try to read 4 length bytes, with stream.CanRead=True and stream.ReadTimeout=10000
04/09/2016 07:53:31 [ 8] DEBUG  NetworkStreamExtensions       : Length bytes read = 0
04/09/2016 07:53:31 [ 8] DEBUG  NetworkStreamExtensions       : In ReadStreamMessage, with stream.ReadTimeout=10000
04/09/2016 07:53:31 [ 8] DEBUG  NetworkStreamExtensions       : Try to read 4 length bytes, with stream.CanRead=True and stream.ReadTimeout=10000
04/09/2016 07:53:41 [12] DEBUG  PostMan                       : Received UDP (Messages.RequestMessages.AliveRequest, MessageID: 1.42, ConversationID: 1.42)
JSON: {"__type":"AliveRequest:#Messages.RequestMessages","ConvId":{"Pid":1,"Seq":42},"MsgId":{"Pid":1,"Seq":42}}
04/09/2016 07:53:41 [12] INFO   Dispatcher                    : New Message Received: (Messages.RequestMessages.AliveRequest)
04/09/2016 07:53:41 [12] INFO   Dispatcher                    : MessageId: 1.42ConversationId: 1.42
04/09/2016 07:53:41 [12] DEBUG  Dispatcher                    : Conversation  with id= 1.42 does not exist, trying to create new conversation.
04/09/2016 07:53:41 [12] DEBUG  Dispatcher                    : Adding Conversation Player.Conversation.AliveConversation, 1.42
04/09/2016 07:53:41 [12] DEBUG  Dispatcher                    :       New Queue ID: 1.42
04/09/2016 07:53:41 [12] INFO   BackgroundThread              : Starting 
04/09/2016 07:53:41 [18] DEBUG  AliveConversation             : Creating Alive Response
04/09/2016 07:53:41 [18] DEBUG  ResponseConversation          : Conversation Id  for Response conversation: 1.42
04/09/2016 07:53:41 [18] DEBUG  PostMan                       : Sending UDP (Messages.ReplyMessages.Reply, MessageID: 2.13, ConversationID: 1.42)
JSON: {"__type":"Reply:#Messages.ReplyMessages","ConvId":{"Pid":1,"Seq":42},"MsgId":{"Pid":2,"Seq":13},"Note":"I'm Alive","Success":true}
04/09/2016 07:53:41 [18] DEBUG  PostMan                       : Message Delivered
04/09/2016 07:53:41 [ 8] DEBUG  NetworkStreamExtensions       : Length bytes read = 0
04/09/2016 07:53:41 [ 8] DEBUG  NetworkStreamExtensions       : In ReadStreamMessage, with stream.ReadTimeout=10000
04/09/2016 07:53:41 [ 8] DEBUG  NetworkStreamExtensions       : Try to read 4 length bytes, with stream.CanRead=True and stream.ReadTimeout=10000
04/09/2016 07:53:51 [ 8] DEBUG  NetworkStreamExtensions       : Length bytes read = 0
04/09/2016 07:53:51 [ 8] DEBUG  NetworkStreamExtensions       : In ReadStreamMessage, with stream.ReadTimeout=10000
04/09/2016 07:53:51 [ 8] DEBUG  NetworkStreamExtensions       : Try to read 4 length bytes, with stream.CanRead=True and stream.ReadTimeout=10000
04/09/2016 07:54:01 [ 8] DEBUG  NetworkStreamExtensions       : Length bytes read = 0
04/09/2016 07:54:02 [ 8] DEBUG  NetworkStreamExtensions       : In ReadStreamMessage, with stream.ReadTimeout=10000
04/09/2016 07:54:02 [ 8] DEBUG  NetworkStreamExtensions       : Try to read 4 length bytes, with stream.CanRead=True and stream.ReadTimeout=10000
04/09/2016 07:54:12 [ 8] DEBUG  NetworkStreamExtensions       : Length bytes read = 0
04/09/2016 07:54:12 [ 8] DEBUG  NetworkStreamExtensions       : In ReadStreamMessage, with stream.ReadTimeout=10000
04/09/2016 07:54:12 [ 8] DEBUG  NetworkStreamExtensions       : Try to read 4 length bytes, with stream.CanRead=True and stream.ReadTimeout=10000
04/09/2016 07:54:12 [12] DEBUG  PostMan                       : Received UDP (Messages.RequestMessages.AliveRequest, MessageID: 1.46, ConversationID: 1.46)
JSON: {"__type":"AliveRequest:#Messages.RequestMessages","ConvId":{"Pid":1,"Seq":46},"MsgId":{"Pid":1,"Seq":46}}
04/09/2016 07:54:12 [12] INFO   Dispatcher                    : New Message Received: (Messages.RequestMessages.AliveRequest)
04/09/2016 07:54:12 [12] INFO   Dispatcher                    : MessageId: 1.46ConversationId: 1.46
04/09/2016 07:54:12 [12] DEBUG  Dispatcher                    : Conversation  with id= 1.46 does not exist, trying to create new conversation.
04/09/2016 07:54:12 [12] DEBUG  Dispatcher                    : Adding Conversation Player.Conversation.AliveConversation, 1.46
04/09/2016 07:54:12 [12] DEBUG  Dispatcher                    :       New Queue ID: 1.46
04/09/2016 07:54:12 [12] INFO   BackgroundThread              : Starting 
04/09/2016 07:54:12 [19] DEBUG  AliveConversation             : Creating Alive Response
04/09/2016 07:54:12 [19] DEBUG  ResponseConversation          : Conversation Id  for Response conversation: 1.46
04/09/2016 07:54:12 [19] DEBUG  PostMan                       : Sending UDP (Messages.ReplyMessages.Reply, MessageID: 2.14, ConversationID: 1.46)
JSON: {"__type":"Reply:#Messages.ReplyMessages","ConvId":{"Pid":1,"Seq":46},"MsgId":{"Pid":2,"Seq":14},"Note":"I'm Alive","Success":true}
04/09/2016 07:54:12 [19] DEBUG  PostMan                       : Message Delivered
04/09/2016 07:54:22 [ 8] DEBUG  NetworkStreamExtensions       : Length bytes read = 0
04/09/2016 07:54:22 [ 8] DEBUG  NetworkStreamExtensions       : In ReadStreamMessage, with stream.ReadTimeout=10000
04/09/2016 07:54:22 [ 8] DEBUG  NetworkStreamExtensions       : Try to read 4 length bytes, with stream.CanRead=True and stream.ReadTimeout=10000
04/09/2016 07:54:32 [ 8] DEBUG  NetworkStreamExtensions       : Length bytes read = 0
04/09/2016 07:54:32 [ 8] DEBUG  NetworkStreamExtensions       : In ReadStreamMessage, with stream.ReadTimeout=10000
04/09/2016 07:54:32 [ 8] DEBUG  NetworkStreamExtensions       : Try to read 4 length bytes, with stream.CanRead=True and stream.ReadTimeout=10000
04/09/2016 07:54:42 [ 8] DEBUG  NetworkStreamExtensions       : Length bytes read = 0
04/09/2016 07:54:42 [ 8] DEBUG  NetworkStreamExtensions       : In ReadStreamMessage, with stream.ReadTimeout=10000
04/09/2016 07:54:42 [ 8] DEBUG  NetworkStreamExtensions       : Try to read 4 length bytes, with stream.CanRead=True and stream.ReadTimeout=10000
