04/09/2016 09:44:36 [ 8] DEBUG  PlayerConnection              : Using Local Settings.
04/09/2016 09:44:36 [ 8] DEBUG  PlayerConnection              : Starting Application. 
04/09/2016 09:44:36 [ 8] DEBUG  PlayerProcess                 : Initializeing Player Subsystem.
04/09/2016 09:44:37 [ 8] DEBUG  PlayerProcess                 : Initializing Player Details.
04/09/2016 09:44:37 [ 8] INFO   BackgroundThread              : Starting 
04/09/2016 09:44:37 [10] INFO   BackgroundThread              : Starting 
04/09/2016 09:44:37 [10] DEBUG  PlayerProcess                 : In Process Login function.
04/09/2016 09:44:37 [10] DEBUG  Dispatcher                    : Adding Conversation Player.Conversation.LoginConversation, 0.1
04/09/2016 09:44:37 [10] DEBUG  Dispatcher                    :       New Queue ID: 0.1
04/09/2016 09:44:37 [10] DEBUG  LoginConversation             : Creating login request. 
04/09/2016 09:44:37 [10] DEBUG  InitiatedConversation         : LoginConversation, ConversationID: 0.1: Conversation Id  for initiated conversation: 0.1
04/09/2016 09:44:37 [10] DEBUG  Conversation                  : LoginConversation, ConversationID: 0.1: Setting Message IDs
04/09/2016 09:44:37 [10] DEBUG  Conversation                  : LoginConversation, ConversationID: 0.1: Message has IDs
04/09/2016 09:44:37 [10] DEBUG  Conversation                  : LoginConversation, ConversationID: 0.1: Message is valid
04/09/2016 09:44:37 [10] DEBUG  Conversation                  : LoginConversation, ConversationID: 0.1: Envelope is valid
04/09/2016 09:44:37 [10] DEBUG  Conversation                  : LoginConversation, ConversationID: 0.1: Conversation is initiating send.
04/09/2016 09:44:37 [10] DEBUG  PostMan                       : Sending UDP (Messages.RequestMessages.LoginRequest, MessageID: 0.1, ConversationID: 0.1)
JSON: {"__type":"LoginRequest:#Messages.RequestMessages","ConvId":{"Pid":0,"Seq":1},"MsgId":{"Pid":0,"Seq":1},"Identity":{"ANumber":"A00000001","Alias":"The Instructor","FirstName":"The","LastName":"Instructor"},"ProcessLabel":"The Instructor","ProcessType":3,"PublicKey":null}
04/09/2016 09:44:37 [10] DEBUG  PostMan                       : Message Delivered
04/09/2016 09:44:37 [10] DEBUG  Conversation                  : LoginConversation, ConversationID: 0.1: Send succeeded.
04/09/2016 09:44:37 [12] DEBUG  PostMan                       : Received UDP (Messages.ReplyMessages.LoginReply, MessageID: 1.10, ConversationID: 0.1)
JSON: {"__type":"LoginReply:#Messages.ReplyMessages","ConvId":{"Pid":0,"Seq":1},"MsgId":{"Pid":1,"Seq":10},"Note":"Logged in","Success":true,"PennyBankEndPoint":{"Host":"127.0.0.1","Port":12003},"PennyBankPublicKey":null,"ProcessInfo":{"EndPoint":{"Host":"127.0.0.1","Port":10000},"Label":"The Instructor","ProcessId":7,"Status":3,"Type":3},"ProxyEndPoint":{"Host":"127.0.0.1","Port":12002}}
04/09/2016 09:44:37 [10] INFO   BackgroundThread              : Starting 
04/09/2016 09:44:37 [12] INFO   Dispatcher                    : New Message Received: (Messages.ReplyMessages.LoginReply)
04/09/2016 09:44:37 [12] INFO   Dispatcher                    : MessageId: 1.10ConversationId: 0.1
04/09/2016 09:44:38 [11] DEBUG  Conversation                  : LoginConversation, ConversationID: 0.1: Message available!
04/09/2016 09:44:38 [11] DEBUG  Conversation                  : LoginConversation, ConversationID: 0.1: Message has IDs
04/09/2016 09:44:38 [11] DEBUG  Conversation                  : LoginConversation, ConversationID: 0.1: Message is valid
04/09/2016 09:44:38 [11] DEBUG  Conversation                  : LoginConversation, ConversationID: 0.1: Envelope is valid
04/09/2016 09:44:38 [11] DEBUG  Conversation                  : LoginConversation, ConversationID: 0.1: Received Message is valid
04/09/2016 09:44:38 [11] DEBUG  LoginConversation             : Received a login reply message.
04/09/2016 09:44:38 [10] DEBUG  PlayerProcess                 : In Process GetGameList function.
04/09/2016 09:44:38 [10] DEBUG  Dispatcher                    : Adding Conversation Player.Conversation.GameListConversation, 7.2
04/09/2016 09:44:38 [10] DEBUG  Dispatcher                    :       New Queue ID: 7.2
04/09/2016 09:44:38 [10] DEBUG  GameListConversation          : Queuing game list request. 
04/09/2016 09:44:38 [10] DEBUG  InitiatedConversation         : GameListConversation, ConversationID: 7.2: Conversation Id  for initiated conversation: 7.2
04/09/2016 09:44:38 [10] DEBUG  Conversation                  : GameListConversation, ConversationID: 7.2: Setting Message IDs
04/09/2016 09:44:38 [10] DEBUG  Conversation                  : GameListConversation, ConversationID: 7.2: Message has IDs
04/09/2016 09:44:38 [10] DEBUG  Conversation                  : GameListConversation, ConversationID: 7.2: Message is valid
04/09/2016 09:44:38 [10] DEBUG  Conversation                  : GameListConversation, ConversationID: 7.2: Envelope is valid
04/09/2016 09:44:38 [10] DEBUG  Conversation                  : GameListConversation, ConversationID: 7.2: Conversation is initiating send.
04/09/2016 09:44:38 [10] DEBUG  PostMan                       : Sending UDP (Messages.RequestMessages.GameListRequest, MessageID: 7.2, ConversationID: 7.2)
JSON: {"__type":"GameListRequest:#Messages.RequestMessages","ConvId":{"Pid":7,"Seq":2},"MsgId":{"Pid":7,"Seq":2},"StatusFilter":4}
04/09/2016 09:44:38 [10] DEBUG  PostMan                       : Message Delivered
04/09/2016 09:44:38 [10] DEBUG  Conversation                  : GameListConversation, ConversationID: 7.2: Send succeeded.
04/09/2016 09:44:38 [12] DEBUG  PostMan                       : Received UDP (Messages.ReplyMessages.GameListReply, MessageID: 1.11, ConversationID: 7.2)
JSON: {"__type":"GameListReply:#Messages.ReplyMessages","ConvId":{"Pid":7,"Seq":2},"MsgId":{"Pid":1,"Seq":11},"Note":null,"Success":true,"GameInfo":[{"CurrentProcesses":[{"HasUmbrellaRaised":false,"HitPoints":0,"LifePoints":100,"ProcessId":4,"Type":5},{"HasUmbrellaRaised":false,"HitPoints":0,"LifePoints":100,"ProcessId":6,"Type":4},{"HasUmbrellaRaised":false,"HitPoints":0,"LifePoints":100,"ProcessId":5,"Type":5}],"GameId":3,"GameManagerId":2,"Label":"GM32397's 1st Game","MaxPlayers":5,"MinPlayers":3,"StartingPlayers":[],"Status":4,"Winners":null}]}
04/09/2016 09:44:38 [10] INFO   BackgroundThread              : Starting 
04/09/2016 09:44:38 [12] INFO   Dispatcher                    : New Message Received: (Messages.ReplyMessages.GameListReply)
04/09/2016 09:44:38 [12] INFO   Dispatcher                    : MessageId: 1.11ConversationId: 7.2
04/09/2016 09:44:39 [13] DEBUG  Conversation                  : GameListConversation, ConversationID: 7.2: Message available!
04/09/2016 09:44:39 [13] DEBUG  Conversation                  : GameListConversation, ConversationID: 7.2: Message has IDs
04/09/2016 09:44:39 [13] DEBUG  Conversation                  : GameListConversation, ConversationID: 7.2: Message is valid
04/09/2016 09:44:39 [13] DEBUG  Conversation                  : GameListConversation, ConversationID: 7.2: Envelope is valid
04/09/2016 09:44:39 [13] DEBUG  Conversation                  : GameListConversation, ConversationID: 7.2: Received Message is valid
04/09/2016 09:44:39 [13] DEBUG  GameListConversation          : Received a game list reply message.
04/09/2016 09:44:39 [10] DEBUG  PlayerProcess                 : Life points is null, game needs to be started.
04/09/2016 09:44:39 [10] DEBUG  Dispatcher                    : Adding Conversation Player.Conversation.JoinGameConversation, 7.3
04/09/2016 09:44:39 [10] DEBUG  Dispatcher                    :       New Queue ID: 7.3
04/09/2016 09:44:39 [10] DEBUG  JoinGameConversation          : Queuing join game request. 
04/09/2016 09:44:39 [10] DEBUG  JoinGameConversation          : Requesting GameId: 3
04/09/2016 09:44:39 [10] DEBUG  InitiatedConversation         : JoinGameConversation, ConversationID: 7.3: Conversation Id  for initiated conversation: 7.3
04/09/2016 09:44:39 [10] DEBUG  Conversation                  : JoinGameConversation, ConversationID: 7.3: Setting Message IDs
04/09/2016 09:44:39 [10] DEBUG  Conversation                  : JoinGameConversation, ConversationID: 7.3: Message has IDs
04/09/2016 09:44:40 [10] DEBUG  Conversation                  : JoinGameConversation, ConversationID: 7.3: Message is valid
04/09/2016 09:44:40 [10] DEBUG  Conversation                  : JoinGameConversation, ConversationID: 7.3: Envelope is valid
04/09/2016 09:44:40 [10] DEBUG  Conversation                  : JoinGameConversation, ConversationID: 7.3: Conversation is initiating send.
04/09/2016 09:44:40 [10] DEBUG  PostMan                       : Sending UDP (Messages.Routing, MessageID: 7.3, ConversationID: 7.3)
JSON: {"__type":"Routing:#Messages","ConvId":{"Pid":7,"Seq":3},"MsgId":{"Pid":7,"Seq":3},"InnerMessage":{"__type":"JoinGameRequest:#Messages.RequestMessages","ConvId":{"Pid":7,"Seq":3},"MsgId":{"Pid":7,"Seq":3},"GameId":3,"Process":{"EndPoint":{"Host":"127.0.0.1","Port":10000},"Label":"The Instructor","ProcessId":7,"Status":4,"Type":3}},"ToProcessIds":[2]}
04/09/2016 09:44:40 [10] DEBUG  PostMan                       : Message Delivered
04/09/2016 09:44:40 [10] DEBUG  Conversation                  : JoinGameConversation, ConversationID: 7.3: Send succeeded.
04/09/2016 09:44:40 [12] DEBUG  PostMan                       : Received UDP (Messages.Routing, MessageID: 2.18, ConversationID: 7.3)
JSON: {"__type":"Routing:#Messages","ConvId":{"Pid":7,"Seq":3},"MsgId":{"Pid":2,"Seq":18},"InnerMessage":{"__type":"JoinGameReply:#Messages.ReplyMessages","ConvId":{"Pid":7,"Seq":3},"MsgId":{"Pid":2,"Seq":18},"Note":null,"Success":true,"GameId":3,"InitialLifePoints":100},"ToProcessIds":[7]}
04/09/2016 09:44:40 [10] INFO   BackgroundThread              : Starting 
04/09/2016 09:44:40 [12] INFO   Dispatcher                    : New Message Received: (Messages.Routing)
04/09/2016 09:44:40 [12] INFO   Dispatcher                    : MessageId: 2.18ConversationId: 7.3
04/09/2016 09:44:40 [10] DEBUG  PlayerProcess                 : No games available, setting status to 'Registered'
04/09/2016 09:44:40 [10] DEBUG  PlayerProcess                 : In Process GetGameList function.
04/09/2016 09:44:40 [10] DEBUG  Dispatcher                    : Adding Conversation Player.Conversation.GameListConversation, 7.4
04/09/2016 09:44:40 [10] DEBUG  Dispatcher                    :       New Queue ID: 7.4
04/09/2016 09:44:40 [10] DEBUG  GameListConversation          : Queuing game list request. 
04/09/2016 09:44:40 [10] DEBUG  InitiatedConversation         : GameListConversation, ConversationID: 7.4: Conversation Id  for initiated conversation: 7.4
04/09/2016 09:44:40 [10] DEBUG  Conversation                  : GameListConversation, ConversationID: 7.4: Setting Message IDs
04/09/2016 09:44:40 [10] DEBUG  Conversation                  : GameListConversation, ConversationID: 7.4: Message has IDs
04/09/2016 09:44:40 [10] DEBUG  Conversation                  : GameListConversation, ConversationID: 7.4: Message is valid
04/09/2016 09:44:40 [10] DEBUG  Conversation                  : GameListConversation, ConversationID: 7.4: Envelope is valid
04/09/2016 09:44:40 [10] DEBUG  Conversation                  : GameListConversation, ConversationID: 7.4: Conversation is initiating send.
04/09/2016 09:44:40 [10] DEBUG  PostMan                       : Sending UDP (Messages.RequestMessages.GameListRequest, MessageID: 7.4, ConversationID: 7.4)
JSON: {"__type":"GameListRequest:#Messages.RequestMessages","ConvId":{"Pid":7,"Seq":4},"MsgId":{"Pid":7,"Seq":4},"StatusFilter":4}
04/09/2016 09:44:40 [10] DEBUG  PostMan                       : Message Delivered
04/09/2016 09:44:40 [12] DEBUG  PostMan                       : Received UDP (Messages.ReplyMessages.GameListReply, MessageID: 1.14, ConversationID: 7.4)
JSON: {"__type":"GameListReply:#Messages.ReplyMessages","ConvId":{"Pid":7,"Seq":4},"MsgId":{"Pid":1,"Seq":14},"Note":null,"Success":true,"GameInfo":[{"CurrentProcesses":[{"HasUmbrellaRaised":false,"HitPoints":0,"LifePoints":100,"ProcessId":4,"Type":5},{"HasUmbrellaRaised":false,"HitPoints":0,"LifePoints":100,"ProcessId":6,"Type":4},{"HasUmbrellaRaised":false,"HitPoints":0,"LifePoints":100,"ProcessId":5,"Type":5},{"HasUmbrellaRaised":false,"HitPoints":0,"LifePoints":100,"ProcessId":7,"Type":3}],"GameId":3,"GameManagerId":2,"Label":"GM32397's 1st Game","MaxPlayers":5,"MinPlayers":3,"StartingPlayers":[],"Status":4,"Winners":null}]}
04/09/2016 09:44:40 [10] DEBUG  Conversation                  : GameListConversation, ConversationID: 7.4: Send succeeded.
04/09/2016 09:44:40 [12] INFO   Dispatcher                    : New Message Received: (Messages.ReplyMessages.GameListReply)
04/09/2016 09:44:40 [12] INFO   Dispatcher                    : MessageId: 1.14ConversationId: 7.4
04/09/2016 09:44:40 [10] INFO   BackgroundThread              : Starting 
04/09/2016 09:44:41 [12] DEBUG  PostMan                       : Received UDP (Messages.RequestMessages.AllowanceDeliveryRequest, MessageID: 1.15, ConversationID: 1.15)
JSON: {"__type":"AllowanceDeliveryRequest:#Messages.RequestMessages","ConvId":{"Pid":1,"Seq":15},"MsgId":{"Pid":1,"Seq":15},"NumberOfPennies":400,"PortNumber":12999}
04/09/2016 09:44:41 [12] INFO   Dispatcher                    : New Message Received: (Messages.RequestMessages.AllowanceDeliveryRequest)
04/09/2016 09:44:41 [12] INFO   Dispatcher                    : MessageId: 1.15ConversationId: 1.15
04/09/2016 09:44:41 [12] DEBUG  Dispatcher                    : Conversation  with id= 1.15 does not exist, trying to create new conversation.
04/09/2016 09:44:41 [12] DEBUG  Dispatcher                    : Adding Conversation Player.Conversation.AllowanceDeliveryConversation, 1.15
04/09/2016 09:44:41 [12] DEBUG  Dispatcher                    :       New Queue ID: 1.15
04/09/2016 09:44:41 [12] DEBUG  Conversation                  : AllowanceDeliveryConversation, ConversationID: 1.15: No message available
04/09/2016 09:44:41 [12] ERROR  Conversation                  : AllowanceDeliveryConversation, ConversationID: 1.15: Conversation Start Failed. 
04/09/2016 09:44:41 [11] DEBUG  Conversation                  : JoinGameConversation, ConversationID: 7.3: Message available!
04/09/2016 09:44:41 [11] DEBUG  Conversation                  : JoinGameConversation, ConversationID: 7.3: Message has IDs
04/09/2016 09:44:41 [11] DEBUG  Conversation                  : JoinGameConversation, ConversationID: 7.3: Message is valid
04/09/2016 09:44:41 [11] DEBUG  Conversation                  : JoinGameConversation, ConversationID: 7.3: Envelope is valid
04/09/2016 09:44:41 [11] DEBUG  Conversation                  : JoinGameConversation, ConversationID: 7.3: Received Message is valid
04/09/2016 09:44:41 [11] DEBUG  JoinGameConversation          : Received a game join message.
04/09/2016 09:44:41 [17] DEBUG  Conversation                  : GameListConversation, ConversationID: 7.4: Message available!
04/09/2016 09:44:41 [17] DEBUG  Conversation                  : GameListConversation, ConversationID: 7.4: Message has IDs
04/09/2016 09:44:41 [17] DEBUG  Conversation                  : GameListConversation, ConversationID: 7.4: Message is valid
04/09/2016 09:44:41 [17] DEBUG  Conversation                  : GameListConversation, ConversationID: 7.4: Envelope is valid
04/09/2016 09:44:41 [17] DEBUG  Conversation                  : GameListConversation, ConversationID: 7.4: Received Message is valid
04/09/2016 09:44:41 [17] DEBUG  GameListConversation          : Received a game list reply message.
04/09/2016 09:44:51 [12] DEBUG  PostMan                       : Received UDP (Messages.RequestMessages.AllowanceDeliveryRequest, MessageID: 1.15, ConversationID: 1.15)
JSON: {"__type":"AllowanceDeliveryRequest:#Messages.RequestMessages","ConvId":{"Pid":1,"Seq":15},"MsgId":{"Pid":1,"Seq":15},"NumberOfPennies":400,"PortNumber":12999}
04/09/2016 09:44:51 [12] INFO   Dispatcher                    : New Message Received: (Messages.RequestMessages.AllowanceDeliveryRequest)
04/09/2016 09:44:51 [12] INFO   Dispatcher                    : MessageId: 1.15ConversationId: 1.15
04/09/2016 09:44:54 [12] DEBUG  PostMan                       : Received UDP (Messages.RequestMessages.AliveRequest, MessageID: 1.20, ConversationID: 1.20)
JSON: {"__type":"AliveRequest:#Messages.RequestMessages","ConvId":{"Pid":1,"Seq":20},"MsgId":{"Pid":1,"Seq":20}}
04/09/2016 09:44:54 [12] INFO   Dispatcher                    : New Message Received: (Messages.RequestMessages.AliveRequest)
04/09/2016 09:44:54 [12] INFO   Dispatcher                    : MessageId: 1.20ConversationId: 1.20
04/09/2016 09:44:54 [12] DEBUG  Dispatcher                    : Conversation  with id= 1.20 does not exist, trying to create new conversation.
04/09/2016 09:44:54 [12] DEBUG  Dispatcher                    : Adding Conversation Player.Conversation.AliveConversation, 1.20
04/09/2016 09:44:54 [12] DEBUG  Dispatcher                    :       New Queue ID: 1.20
04/09/2016 09:44:54 [12] DEBUG  Conversation                  : AliveConversation, ConversationID: 1.20: No message available
04/09/2016 09:44:54 [12] ERROR  Conversation                  : AliveConversation, ConversationID: 1.20: Conversation Start Failed. 
04/09/2016 09:45:01 [12] DEBUG  PostMan                       : Received UDP (Messages.RequestMessages.AllowanceDeliveryRequest, MessageID: 1.15, ConversationID: 1.15)
JSON: {"__type":"AllowanceDeliveryRequest:#Messages.RequestMessages","ConvId":{"Pid":1,"Seq":15},"MsgId":{"Pid":1,"Seq":15},"NumberOfPennies":400,"PortNumber":12999}
04/09/2016 09:45:01 [12] INFO   Dispatcher                    : New Message Received: (Messages.RequestMessages.AllowanceDeliveryRequest)
04/09/2016 09:45:01 [12] INFO   Dispatcher                    : MessageId: 1.15ConversationId: 1.15
04/09/2016 09:45:04 [12] DEBUG  PostMan                       : Received UDP (Messages.RequestMessages.AliveRequest, MessageID: 1.20, ConversationID: 1.20)
JSON: {"__type":"AliveRequest:#Messages.RequestMessages","ConvId":{"Pid":1,"Seq":20},"MsgId":{"Pid":1,"Seq":20}}
04/09/2016 09:45:04 [12] INFO   Dispatcher                    : New Message Received: (Messages.RequestMessages.AliveRequest)
04/09/2016 09:45:04 [12] INFO   Dispatcher                    : MessageId: 1.20ConversationId: 1.20
04/09/2016 09:45:14 [12] DEBUG  PostMan                       : Received UDP (Messages.RequestMessages.AliveRequest, MessageID: 1.20, ConversationID: 1.20)
JSON: {"__type":"AliveRequest:#Messages.RequestMessages","ConvId":{"Pid":1,"Seq":20},"MsgId":{"Pid":1,"Seq":20}}
04/09/2016 09:45:14 [12] INFO   Dispatcher                    : New Message Received: (Messages.RequestMessages.AliveRequest)
04/09/2016 09:45:14 [12] INFO   Dispatcher                    : MessageId: 1.20ConversationId: 1.20
04/09/2016 09:45:25 [12] DEBUG  PostMan                       : Received UDP (Messages.RequestMessages.AliveRequest, MessageID: 1.25, ConversationID: 1.25)
JSON: {"__type":"AliveRequest:#Messages.RequestMessages","ConvId":{"Pid":1,"Seq":25},"MsgId":{"Pid":1,"Seq":25}}
04/09/2016 09:45:25 [12] INFO   Dispatcher                    : New Message Received: (Messages.RequestMessages.AliveRequest)
04/09/2016 09:45:25 [12] INFO   Dispatcher                    : MessageId: 1.25ConversationId: 1.25
04/09/2016 09:45:25 [12] DEBUG  Dispatcher                    : Conversation  with id= 1.25 does not exist, trying to create new conversation.
04/09/2016 09:45:25 [12] DEBUG  Dispatcher                    : Adding Conversation Player.Conversation.AliveConversation, 1.25
04/09/2016 09:45:25 [12] DEBUG  Dispatcher                    :       New Queue ID: 1.25
04/09/2016 09:45:25 [12] DEBUG  Conversation                  : AliveConversation, ConversationID: 1.25: No message available
04/09/2016 09:45:25 [12] ERROR  Conversation                  : AliveConversation, ConversationID: 1.25: Conversation Start Failed. 
04/09/2016 09:45:35 [12] DEBUG  PostMan                       : Received UDP (Messages.RequestMessages.AliveRequest, MessageID: 1.25, ConversationID: 1.25)
JSON: {"__type":"AliveRequest:#Messages.RequestMessages","ConvId":{"Pid":1,"Seq":25},"MsgId":{"Pid":1,"Seq":25}}
04/09/2016 09:45:35 [12] INFO   Dispatcher                    : New Message Received: (Messages.RequestMessages.AliveRequest)
04/09/2016 09:45:35 [12] INFO   Dispatcher                    : MessageId: 1.25ConversationId: 1.25
04/09/2016 09:45:45 [12] DEBUG  PostMan                       : Received UDP (Messages.RequestMessages.AliveRequest, MessageID: 1.25, ConversationID: 1.25)
JSON: {"__type":"AliveRequest:#Messages.RequestMessages","ConvId":{"Pid":1,"Seq":25},"MsgId":{"Pid":1,"Seq":25}}
04/09/2016 09:45:45 [12] INFO   Dispatcher                    : New Message Received: (Messages.RequestMessages.AliveRequest)
04/09/2016 09:45:45 [12] INFO   Dispatcher                    : MessageId: 1.25ConversationId: 1.25
04/09/2016 09:45:55 [12] DEBUG  PostMan                       : Received UDP (Messages.RequestMessages.DeadProcessNotification, MessageID: 1.26, ConversationID: 1.26)
JSON: {"__type":"DeadProcessNotification:#Messages.RequestMessages","ConvId":{"Pid":1,"Seq":26},"MsgId":{"Pid":1,"Seq":26},"ProcessId":7}
04/09/2016 09:45:55 [12] INFO   Dispatcher                    : New Message Received: (Messages.RequestMessages.DeadProcessNotification)
04/09/2016 09:45:55 [12] INFO   Dispatcher                    : MessageId: 1.26ConversationId: 1.26
04/09/2016 09:45:55 [12] DEBUG  Dispatcher                    : Conversation  with id= 1.26 does not exist, trying to create new conversation.
04/09/2016 09:45:55 [12] ERROR  Dispatcher                    : New conversation returned from factory is Null!
