04/07/2016 02:50:53 [ 8] DEBUG  PlayerConnection              : Using Local Settings.
04/07/2016 02:50:53 [ 8] DEBUG  PlayerConnection              : Starting Application. 
04/07/2016 02:50:53 [ 8] DEBUG  PlayerProcess                 : Initializeing Player Subsystem.
04/07/2016 02:50:53 [ 8] DEBUG  PostMan                       : Port is: 10000
04/07/2016 02:50:53 [ 8] DEBUG  PlayerProcess                 : Initializing Player Details.
04/07/2016 02:50:53 [ 8] INFO   BackgroundThread              : Starting 
04/07/2016 02:50:53 [11] INFO   BackgroundThread              : Starting 
04/07/2016 02:50:53 [11] DEBUG  PlayerProcess                 : In Process Login function.
04/07/2016 02:50:53 [11] DEBUG  Dispatcher                    : Adding Conversation Player.Conversation.LoginConversation, 0.1
04/07/2016 02:50:53 [11] DEBUG  Dispatcher                    :       New Queue ID: 0.1
04/07/2016 02:50:53 [11] INFO   BackgroundThread              : Starting 
04/07/2016 02:50:53 [14] DEBUG  LoginConversation             : Creating login request. 
04/07/2016 02:50:53 [14] DEBUG  InitiatedConversation         : Conversation Id  for initiated conversation: 0.1
04/07/2016 02:50:53 [14] DEBUG  PostMan                       : Sending UDP (Messages.RequestMessages.LoginRequest)
04/07/2016 02:50:53 [14] DEBUG  PostMan                       : MessageId: 0.1ConversationId: 0.1
04/07/2016 02:50:53 [14] DEBUG  PostMan                       : Message Delivered
04/07/2016 02:50:53 [12] DEBUG  PostMan                       : Message Received!
04/07/2016 02:50:53 [12] DEBUG  PostMan                       : Raw Message: 
04/07/2016 02:50:53 [12] DEBUG  PostMan                       : {"__type":"LoginReply:#Messages.ReplyMessages","ConvId":{"Pid":0,"Seq":1},"MsgId":{"Pid":1,"Seq":146},"Note":"Logged in","Success":true,"PennyBankEndPoint":{"Host":"127.0.0.1","Port":12003},"PennyBankPublicKey":null,"ProcessInfo":{"EndPoint":{"Host":"127.0.0.1","Port":10000},"Label":"The Instructor","ProcessId":20,"Status":3,"Type":3},"ProxyEndPoint":{"Host":"127.0.0.1","Port":12002}}
04/07/2016 02:50:53 [12] DEBUG  PostMan                       : Message ID: 1.146, ConversationId: 0.1
04/07/2016 02:50:53 [12] DEBUG  Dispatcher                    : Received (Messages.ReplyMessages.LoginReply)
04/07/2016 02:50:53 [12] DEBUG  Dispatcher                    : MessageId: 1.146ConversationId: 0.1
04/07/2016 02:50:58 [14] DEBUG  LoginConversation             : Received a login reply message.
04/07/2016 02:50:58 [14] INFO   BackgroundThread              : Stopping 
04/07/2016 02:50:58 [14] DEBUG  BackgroundThread              : Leaving Stop
04/07/2016 02:50:58 [11] DEBUG  PlayerProcess                 : In Process GetGameList function.
04/07/2016 02:50:58 [11] DEBUG  Dispatcher                    : Adding Conversation Player.Conversation.GameListConversation, 20.2
04/07/2016 02:50:58 [11] DEBUG  Dispatcher                    :       New Queue ID: 20.2
04/07/2016 02:50:58 [11] INFO   BackgroundThread              : Starting 
04/07/2016 02:50:58 [13] DEBUG  GameListConversation          : Queuing game list request. 
04/07/2016 02:50:58 [13] DEBUG  InitiatedConversation         : Conversation Id  for initiated conversation: 20.2
04/07/2016 02:50:58 [13] DEBUG  PostMan                       : Sending UDP (Messages.RequestMessages.GameListRequest)
04/07/2016 02:50:58 [13] DEBUG  PostMan                       : MessageId: 20.2ConversationId: 20.2
04/07/2016 02:50:58 [13] DEBUG  PostMan                       : Message Delivered
04/07/2016 02:50:58 [12] DEBUG  PostMan                       : Message Received!
04/07/2016 02:50:58 [12] DEBUG  PostMan                       : Raw Message: 
04/07/2016 02:50:58 [12] DEBUG  PostMan                       : {"__type":"GameListReply:#Messages.ReplyMessages","ConvId":{"Pid":20,"Seq":2},"MsgId":{"Pid":1,"Seq":147},"Note":null,"Success":true,"GameInfo":[{"CurrentProcesses":[{"HasUmbrellaRaised":false,"HitPoints":0,"LifePoints":100,"ProcessId":16,"Type":5},{"HasUmbrellaRaised":false,"HitPoints":0,"LifePoints":100,"ProcessId":17,"Type":5},{"HasUmbrellaRaised":false,"HitPoints":0,"LifePoints":100,"ProcessId":18,"Type":4},{"HasUmbrellaRaised":false,"HitPoints":0,"LifePoints":100,"ProcessId":19,"Type":3}],"GameId":15,"GameManagerId":14,"Label":"GM50243's 1st Game","MaxPlayers":5,"MinPlayers":2,"StartingPlayers":[],"Status":4,"Winners":null}]}
04/07/2016 02:50:58 [12] DEBUG  PostMan                       : Message ID: 1.147, ConversationId: 20.2
04/07/2016 02:50:58 [12] DEBUG  Dispatcher                    : Received (Messages.ReplyMessages.GameListReply)
04/07/2016 02:50:58 [12] DEBUG  Dispatcher                    : MessageId: 1.147ConversationId: 20.2
04/07/2016 02:51:03 [12] DEBUG  PostMan                       : Message Received!
04/07/2016 02:51:03 [12] DEBUG  PostMan                       : Raw Message: 
04/07/2016 02:51:03 [12] DEBUG  PostMan                       : {"__type":"AliveRequest:#Messages.RequestMessages","ConvId":{"Pid":1,"Seq":155},"MsgId":{"Pid":1,"Seq":155}}
04/07/2016 02:51:03 [12] DEBUG  PostMan                       : Message ID: 1.155, ConversationId: 1.155
04/07/2016 02:51:03 [12] DEBUG  Dispatcher                    : Received (Messages.RequestMessages.AliveRequest)
04/07/2016 02:51:03 [12] DEBUG  Dispatcher                    : MessageId: 1.155ConversationId: 1.155
04/07/2016 02:51:03 [12] DEBUG  Dispatcher                    : Conversation  with id= 1.155 does not exist, trying to create new conversation.
04/07/2016 02:51:03 [12] DEBUG  Dispatcher                    : Adding Conversation Player.Conversation.AliveConversation, 1.155
04/07/2016 02:51:03 [12] DEBUG  Dispatcher                    :       New Queue ID: 1.155
04/07/2016 02:51:03 [12] INFO   BackgroundThread              : Starting 
04/07/2016 02:51:03 [14] DEBUG  AliveConversation             : Creating Alive Response
04/07/2016 02:51:03 [14] DEBUG  ResponseConversation          : Conversation Id  for Response conversation: 1.155
04/07/2016 02:51:03 [14] DEBUG  PostMan                       : Sending UDP (Messages.ReplyMessages.Reply)
04/07/2016 02:51:03 [14] DEBUG  PostMan                       : MessageId: 1.155ConversationId: 20.3
04/07/2016 02:51:03 [14] DEBUG  PostMan                       : Message Delivered
04/07/2016 02:51:03 [13] DEBUG  GameListConversation          : Received a game list reply message.
04/07/2016 02:51:03 [13] INFO   BackgroundThread              : Stopping 
04/07/2016 02:51:03 [13] DEBUG  BackgroundThread              : Leaving Stop
04/07/2016 02:51:03 [11] DEBUG  PlayerProcess                 : Life points is null, game needs to be started.
04/07/2016 02:51:03 [11] DEBUG  Dispatcher                    : Adding Conversation Player.Conversation.JoinGameConversation, 20.4
04/07/2016 02:51:03 [11] DEBUG  Dispatcher                    :       New Queue ID: 20.4
04/07/2016 02:51:03 [11] INFO   BackgroundThread              : Starting 
04/07/2016 02:51:03 [16] DEBUG  JoinGameConversation          : Queuing join game request. 
04/07/2016 02:51:03 [16] DEBUG  JoinGameConversation          : Requesting GameId: 15
04/07/2016 02:51:03 [16] DEBUG  InitiatedConversation         : Conversation Id  for initiated conversation: 20.4
04/07/2016 02:51:03 [16] DEBUG  PostMan                       : Sending UDP (Messages.Routing)
04/07/2016 02:51:03 [16] DEBUG  PostMan                       : MessageId: 20.4ConversationId: 20.4
04/07/2016 02:51:03 [16] DEBUG  PostMan                       : Message Delivered
04/07/2016 02:51:03 [12] DEBUG  PostMan                       : Message Received!
04/07/2016 02:51:03 [11] DEBUG  PlayerProcess                 : No games available, setting status to 'Registered'
04/07/2016 02:51:03 [12] DEBUG  PostMan                       : Raw Message: 
04/07/2016 02:51:03 [12] DEBUG  PostMan                       : {"__type":"Routing:#Messages","ConvId":{"Pid":20,"Seq":4},"MsgId":{"Pid":14,"Seq":30},"InnerMessage":{"__type":"JoinGameReply:#Messages.ReplyMessages","ConvId":{"Pid":20,"Seq":4},"MsgId":{"Pid":14,"Seq":30},"Note":null,"Success":true,"GameId":15,"InitialLifePoints":100},"ToProcessIds":[20]}
04/07/2016 02:51:03 [12] DEBUG  PostMan                       : Message ID: 14.30, ConversationId: 20.4
04/07/2016 02:51:03 [12] DEBUG  Dispatcher                    : Received (Messages.Routing)
04/07/2016 02:51:03 [12] DEBUG  Dispatcher                    : MessageId: 14.30ConversationId: 20.4
04/07/2016 02:51:03 [11] DEBUG  PlayerProcess                 : In Process GetGameList function.
04/07/2016 02:51:03 [11] DEBUG  Dispatcher                    : Adding Conversation Player.Conversation.GameListConversation, 20.5
04/07/2016 02:51:03 [11] DEBUG  Dispatcher                    :       New Queue ID: 20.5
04/07/2016 02:51:03 [11] INFO   BackgroundThread              : Starting 
04/07/2016 02:51:03 [17] DEBUG  GameListConversation          : Queuing game list request. 
04/07/2016 02:51:03 [17] DEBUG  InitiatedConversation         : Conversation Id  for initiated conversation: 20.5
04/07/2016 02:51:03 [17] DEBUG  PostMan                       : Sending UDP (Messages.RequestMessages.GameListRequest)
04/07/2016 02:51:03 [17] DEBUG  PostMan                       : MessageId: 20.5ConversationId: 20.5
04/07/2016 02:51:03 [17] DEBUG  PostMan                       : Message Delivered
04/07/2016 02:51:03 [12] DEBUG  PostMan                       : Message Received!
04/07/2016 02:51:03 [12] DEBUG  PostMan                       : Raw Message: 
04/07/2016 02:51:03 [12] DEBUG  PostMan                       : {"__type":"GameListReply:#Messages.ReplyMessages","ConvId":{"Pid":20,"Seq":5},"MsgId":{"Pid":1,"Seq":158},"Note":null,"Success":true,"GameInfo":[{"CurrentProcesses":[{"HasUmbrellaRaised":false,"HitPoints":0,"LifePoints":100,"ProcessId":16,"Type":5},{"HasUmbrellaRaised":false,"HitPoints":0,"LifePoints":100,"ProcessId":17,"Type":5},{"HasUmbrellaRaised":false,"HitPoints":0,"LifePoints":100,"ProcessId":18,"Type":4},{"HasUmbrellaRaised":false,"HitPoints":0,"LifePoints":100,"ProcessId":19,"Type":3},{"HasUmbrellaRaised":false,"HitPoints":0,"LifePoints":100,"ProcessId":20,"Type":3}],"GameId":15,"GameManagerId":14,"Label":"GM50243's 1st Game","MaxPlayers":5,"MinPlayers":2,"StartingPlayers":[],"Status":4,"Winners":null}]}
04/07/2016 02:51:04 [12] DEBUG  PostMan                       : Message ID: 1.158, ConversationId: 20.5
04/07/2016 02:51:04 [12] DEBUG  Dispatcher                    : Received (Messages.ReplyMessages.GameListReply)
04/07/2016 02:51:04 [12] DEBUG  Dispatcher                    : MessageId: 1.158ConversationId: 20.5
04/07/2016 02:51:04 [12] DEBUG  PostMan                       : Message Received!
04/07/2016 02:51:04 [12] DEBUG  PostMan                       : Raw Message: 
04/07/2016 02:51:04 [12] DEBUG  PostMan                       : {"__type":"AllowanceDeliveryRequest:#Messages.RequestMessages","ConvId":{"Pid":1,"Seq":159},"MsgId":{"Pid":1,"Seq":159},"NumberOfPennies":400,"PortNumber":12996}
04/07/2016 02:51:04 [12] DEBUG  PostMan                       : Message ID: 1.159, ConversationId: 1.159
04/07/2016 02:51:04 [12] DEBUG  Dispatcher                    : Received (Messages.RequestMessages.AllowanceDeliveryRequest)
04/07/2016 02:51:04 [12] DEBUG  Dispatcher                    : MessageId: 1.159ConversationId: 1.159
04/07/2016 02:51:04 [12] DEBUG  Dispatcher                    : Conversation  with id= 1.159 does not exist, trying to create new conversation.
04/07/2016 02:51:04 [12] DEBUG  Dispatcher                    : Adding Conversation Player.Conversation.AllowanceDeliveryConversation, 1.159
04/07/2016 02:51:04 [12] DEBUG  Dispatcher                    :       New Queue ID: 1.159
04/07/2016 02:51:04 [12] INFO   BackgroundThread              : Starting 
04/07/2016 02:51:04 [15] DEBUG  AllowanceDeliveryConversation : Received Allowance Delivery Request. 
04/07/2016 02:51:04 [15] DEBUG  AllowanceDeliveryConversation : Creating Reply to Allowance Delivery request. 
04/07/2016 02:51:04 [15] DEBUG  ResponseConversation          : Conversation Id  for Response conversation: 1.159
04/07/2016 02:51:04 [15] DEBUG  PostMan                       : Sending UDP (Messages.ReplyMessages.Reply)
04/07/2016 02:51:04 [15] DEBUG  PostMan                       : MessageId: 1.159ConversationId: 20.6
04/07/2016 02:51:04 [15] DEBUG  PostMan                       : Message Delivered
04/07/2016 02:51:04 [15] DEBUG  TCPStreamReader               : Starting TCP Listener
04/07/2016 02:51:08 [16] DEBUG  JoinGameConversation          : Received a game join message.
04/07/2016 02:51:08 [16] INFO   BackgroundThread              : Stopping 
04/07/2016 02:51:08 [16] DEBUG  BackgroundThread              : Leaving Stop
04/07/2016 02:51:08 [17] DEBUG  GameListConversation          : Received a game list reply message.
04/07/2016 02:51:08 [17] INFO   BackgroundThread              : Stopping 
04/07/2016 02:51:08 [17] DEBUG  BackgroundThread              : Leaving Stop
04/07/2016 02:51:13 [12] DEBUG  PostMan                       : Message Received!
04/07/2016 02:51:13 [12] DEBUG  PostMan                       : Raw Message: 
04/07/2016 02:51:13 [12] DEBUG  PostMan                       : {"__type":"AliveRequest:#Messages.RequestMessages","ConvId":{"Pid":1,"Seq":155},"MsgId":{"Pid":1,"Seq":155}}
04/07/2016 02:51:13 [12] DEBUG  PostMan                       : Message ID: 1.155, ConversationId: 1.155
04/07/2016 02:51:13 [12] DEBUG  Dispatcher                    : Received (Messages.RequestMessages.AliveRequest)
04/07/2016 02:51:13 [12] DEBUG  Dispatcher                    : MessageId: 1.155ConversationId: 1.155
04/07/2016 02:51:13 [12] DEBUG  PostMan                       : Message Received!
04/07/2016 02:51:13 [12] DEBUG  PostMan                       : Raw Message: 
04/07/2016 02:51:13 [12] DEBUG  PostMan                       : {"__type":"Routing:#Messages","ConvId":{"Pid":14,"Seq":34},"MsgId":{"Pid":14,"Seq":34},"InnerMessage":{"__type":"ReadyToStart:#Messages.RequestMessages","ConvId":{"Pid":14,"Seq":34},"MsgId":{"Pid":14,"Seq":34},"GameId":15},"ToProcessIds":[19,20]}
04/07/2016 02:51:13 [12] DEBUG  PostMan                       : Message ID: 14.34, ConversationId: 14.34
04/07/2016 02:51:13 [12] DEBUG  Dispatcher                    : Received (Messages.Routing)
04/07/2016 02:51:13 [12] DEBUG  Dispatcher                    : MessageId: 14.34ConversationId: 14.34
04/07/2016 02:51:13 [12] DEBUG  Dispatcher                    : Conversation  with id= 14.34 does not exist, trying to create new conversation.
04/07/2016 02:51:13 [12] DEBUG  Dispatcher                    : Adding Conversation Player.Conversation.GameStartConversation, 14.34
04/07/2016 02:51:13 [12] DEBUG  Dispatcher                    :       New Queue ID: 14.34
04/07/2016 02:51:13 [12] INFO   BackgroundThread              : Starting 
04/07/2016 02:51:13 [13] ERROR  ResponseConversation          : Unable to retrieve received message. 
04/07/2016 02:51:14 [12] DEBUG  PostMan                       : Message Received!
04/07/2016 02:51:14 [12] DEBUG  PostMan                       : Raw Message: 
04/07/2016 02:51:14 [12] DEBUG  PostMan                       : {"__type":"AllowanceDeliveryRequest:#Messages.RequestMessages","ConvId":{"Pid":1,"Seq":159},"MsgId":{"Pid":1,"Seq":159},"NumberOfPennies":400,"PortNumber":12996}
04/07/2016 02:51:14 [12] DEBUG  PostMan                       : Message ID: 1.159, ConversationId: 1.159
04/07/2016 02:51:14 [12] DEBUG  Dispatcher                    : Received (Messages.RequestMessages.AllowanceDeliveryRequest)
04/07/2016 02:51:14 [12] DEBUG  Dispatcher                    : MessageId: 1.159ConversationId: 1.159
04/07/2016 02:51:23 [12] DEBUG  PostMan                       : Message Received!
04/07/2016 02:51:23 [12] DEBUG  PostMan                       : Raw Message: 
04/07/2016 02:51:23 [12] DEBUG  PostMan                       : {"__type":"AliveRequest:#Messages.RequestMessages","ConvId":{"Pid":1,"Seq":155},"MsgId":{"Pid":1,"Seq":155}}
04/07/2016 02:51:23 [12] DEBUG  PostMan                       : Message ID: 1.155, ConversationId: 1.155
04/07/2016 02:51:23 [12] DEBUG  Dispatcher                    : Received (Messages.RequestMessages.AliveRequest)
04/07/2016 02:51:23 [12] DEBUG  Dispatcher                    : MessageId: 1.155ConversationId: 1.155
04/07/2016 02:51:23 [12] DEBUG  PostMan                       : Message Received!
04/07/2016 02:51:23 [12] DEBUG  PostMan                       : Raw Message: 
04/07/2016 02:51:23 [12] DEBUG  PostMan                       : {"__type":"Routing:#Messages","ConvId":{"Pid":14,"Seq":34},"MsgId":{"Pid":14,"Seq":34},"InnerMessage":{"__type":"ReadyToStart:#Messages.RequestMessages","ConvId":{"Pid":14,"Seq":34},"MsgId":{"Pid":14,"Seq":34},"GameId":15},"ToProcessIds":[19,20]}
04/07/2016 02:51:23 [12] DEBUG  PostMan                       : Message ID: 14.34, ConversationId: 14.34
04/07/2016 02:51:23 [12] DEBUG  Dispatcher                    : Received (Messages.Routing)
04/07/2016 02:51:23 [12] DEBUG  Dispatcher                    : MessageId: 14.34ConversationId: 14.34
04/07/2016 02:51:24 [12] DEBUG  PostMan                       : Message Received!
04/07/2016 02:51:24 [12] DEBUG  PostMan                       : Raw Message: 
04/07/2016 02:51:24 [12] DEBUG  PostMan                       : {"__type":"AllowanceDeliveryRequest:#Messages.RequestMessages","ConvId":{"Pid":1,"Seq":159},"MsgId":{"Pid":1,"Seq":159},"NumberOfPennies":400,"PortNumber":12996}
04/07/2016 02:51:24 [12] DEBUG  PostMan                       : Message ID: 1.159, ConversationId: 1.159
04/07/2016 02:51:24 [12] DEBUG  Dispatcher                    : Received (Messages.RequestMessages.AllowanceDeliveryRequest)
04/07/2016 02:51:24 [12] DEBUG  Dispatcher                    : MessageId: 1.159ConversationId: 1.159
04/07/2016 02:51:33 [12] DEBUG  PostMan                       : Message Received!
04/07/2016 02:51:33 [12] DEBUG  PostMan                       : Raw Message: 
04/07/2016 02:51:33 [12] DEBUG  PostMan                       : {"__type":"Routing:#Messages","ConvId":{"Pid":14,"Seq":36},"MsgId":{"Pid":14,"Seq":36},"InnerMessage":{"__type":"GameStatusNotification:#Messages.RequestMessages","ConvId":{"Pid":14,"Seq":36},"MsgId":{"Pid":14,"Seq":36},"Game":{"CurrentProcesses":[{"HasUmbrellaRaised":false,"HitPoints":0,"LifePoints":100,"ProcessId":16,"Type":5},{"HasUmbrellaRaised":false,"HitPoints":0,"LifePoints":100,"ProcessId":17,"Type":5},{"HasUmbrellaRaised":false,"HitPoints":0,"LifePoints":100,"ProcessId":18,"Type":4},{"HasUmbrellaRaised":false,"HitPoints":0,"LifePoints":100,"ProcessId":19,"Type":3},{"HasUmbrellaRaised":false,"HitPoints":0,"LifePoints":100,"ProcessId":20,"Type":3}],"GameId":15,"GameManagerId":14,"Label":"GM50243's 1st Game","MaxPlayers":5,"MinPlayers":2,"StartingPlayers":[],"Status":32,"Winners":null}},"ToProcessIds":[16,17,18,19,20]}
04/07/2016 02:51:33 [12] DEBUG  PostMan                       : Message ID: 14.36, ConversationId: 14.36
04/07/2016 02:51:33 [12] DEBUG  Dispatcher                    : Received (Messages.Routing)
04/07/2016 02:51:33 [12] DEBUG  Dispatcher                    : MessageId: 14.36ConversationId: 14.36
04/07/2016 02:51:33 [12] DEBUG  Dispatcher                    : Conversation  with id= 14.36 does not exist, trying to create new conversation.
04/07/2016 02:51:33 [12] DEBUG  Dispatcher                    : Adding Conversation Player.Conversation.GameStatusConversation, 14.36
04/07/2016 02:51:33 [12] DEBUG  Dispatcher                    :       New Queue ID: 14.36
04/07/2016 02:51:33 [12] INFO   BackgroundThread              : Starting 
04/07/2016 02:51:33 [13] DEBUG  GameStatusConversation        : Received Game Status Message
04/07/2016 02:51:33 [13] WARN   GameStatusConversation        : Game status: Game ending
04/07/2016 02:51:33 [11] DEBUG  PlayerProcess                 : In Process LeavingGame function.
04/07/2016 02:51:33 [11] DEBUG  PlayerProcess                 : In Process LeavingGame function.
04/07/2016 02:51:34 [11] DEBUG  PlayerProcess                 : In Process LeavingGame function.
04/07/2016 02:51:34 [11] DEBUG  PlayerProcess                 : In Process LeavingGame function.
04/07/2016 02:51:34 [11] DEBUG  PlayerProcess                 : In Process LeavingGame function.
04/07/2016 02:51:34 [12] DEBUG  PostMan                       : Message Received!
04/07/2016 02:51:34 [12] DEBUG  PostMan                       : Raw Message: 
04/07/2016 02:51:34 [12] DEBUG  PostMan                       : {"__type":"AliveRequest:#Messages.RequestMessages","ConvId":{"Pid":1,"Seq":167},"MsgId":{"Pid":1,"Seq":167}}
04/07/2016 02:51:34 [12] DEBUG  PostMan                       : Message ID: 1.167, ConversationId: 1.167
04/07/2016 02:51:34 [12] DEBUG  Dispatcher                    : Received (Messages.RequestMessages.AliveRequest)
04/07/2016 02:51:34 [12] DEBUG  Dispatcher                    : MessageId: 1.167ConversationId: 1.167
04/07/2016 02:51:34 [12] DEBUG  Dispatcher                    : Conversation  with id= 1.167 does not exist, trying to create new conversation.
04/07/2016 02:51:34 [12] DEBUG  Dispatcher                    : Adding Conversation Player.Conversation.AliveConversation, 1.167
04/07/2016 02:51:34 [12] DEBUG  Dispatcher                    :       New Queue ID: 1.167
04/07/2016 02:51:34 [11] DEBUG  PlayerProcess                 : In Process LeavingGame function.
04/07/2016 02:51:34 [12] INFO   BackgroundThread              : Starting 
04/07/2016 02:51:34 [14] DEBUG  AliveConversation             : Creating Alive Response
04/07/2016 02:51:34 [14] DEBUG  ResponseConversation          : Conversation Id  for Response conversation: 1.167
04/07/2016 02:51:34 [14] DEBUG  PostMan                       : Sending UDP (Messages.ReplyMessages.Reply)
04/07/2016 02:51:34 [14] DEBUG  PostMan                       : MessageId: 1.167ConversationId: 20.7
04/07/2016 02:51:34 [14] DEBUG  PostMan                       : Message Delivered
04/07/2016 02:51:34 [11] DEBUG  PlayerProcess                 : In Process LeavingGame function.
04/07/2016 02:51:34 [11] DEBUG  PlayerProcess                 : In Process LeavingGame function.
04/07/2016 02:51:34 [11] DEBUG  PlayerProcess                 : In Process LeavingGame function.
04/07/2016 02:51:34 [11] DEBUG  PlayerProcess                 : In Process LeavingGame function.
04/07/2016 02:51:34 [11] DEBUG  PlayerProcess                 : In Process LeavingGame function.
04/07/2016 02:51:34 [11] DEBUG  PlayerProcess                 : In Process LeavingGame function.
04/07/2016 02:51:35 [11] DEBUG  PlayerProcess                 : In Process LeavingGame function.
04/07/2016 02:51:35 [11] DEBUG  PlayerProcess                 : In Process LeavingGame function.
