04/13/2016 02:53:30 [ 7] DEBUG  PlayerConnection              : Using Local Settings.
04/13/2016 02:53:30 [ 7] DEBUG  PlayerConnection              : Starting Application. 
04/13/2016 02:53:30 [ 7] DEBUG  PlayerConnection              : Initializing Subsystem
04/13/2016 02:53:30 [ 7] DEBUG  PlayerProcess                 : Initializeing Player Subsystem.
04/13/2016 02:53:30 [ 7] DEBUG  PlayerConnection              : Initializing Player
04/13/2016 02:53:30 [ 7] DEBUG  PlayerProcess                 : Initializing Player Details.
04/13/2016 02:53:30 [ 7] INFO   BackgroundThread              : Starting 
04/13/2016 02:53:30 [ 9] INFO   BackgroundThread              : Starting 
04/13/2016 02:53:30 [ 9] DEBUG  PlayerProcess                 : In Process Login function.
04/13/2016 02:53:30 [ 9] DEBUG  ConversationFactory           : Creating Conversation of type LoginConversation
04/13/2016 02:53:30 [ 9] DEBUG  Dispatcher                    : Adding Conversation Player.Conversation.LoginConversation, 0.1
04/13/2016 02:53:30 [ 9] DEBUG  Dispatcher                    :       New Queue ID: 0.1
04/13/2016 02:53:30 [ 9] INFO   BackgroundThread              : Starting 
04/13/2016 02:53:31 [10] DEBUG  PostMan                       : Received UDP (Messages.RequestMessages.AliveRequest, MessageID: 1.2169, ConversationID: 1.2169)
JSON: {"__type":"AliveRequest:#Messages.RequestMessages","ConvId":{"Pid":1,"Seq":2169},"MsgId":{"Pid":1,"Seq":2169}}
04/13/2016 02:53:31 [12] INFO   ispatcher+<>c__DisplayClass7_0: New Message Received: (Messages.RequestMessages.AliveRequest)
04/13/2016 02:53:31 [12] INFO   ispatcher+<>c__DisplayClass7_0: MessageId: 1.2169ConversationId: 1.2169
04/13/2016 02:53:31 [12] DEBUG  Dispatcher                    : Conversation  with id= 1.2169 does not exist, trying to create new conversation.
04/13/2016 02:53:31 [12] DEBUG  ConversationFactory           : Creating Conversation of type AliveConversation
04/13/2016 02:53:31 [12] DEBUG  Dispatcher                    : Adding Conversation Player.Conversation.AliveConversation, 1.2169
04/13/2016 02:53:31 [12] DEBUG  Dispatcher                    :       New Queue ID: 1.2169
04/13/2016 02:53:31 [12] DEBUG  Dispatcher                    : Successsfully queued a new message of type AliveRequest, for conversation: 1.2169
04/13/2016 02:53:31 [12] INFO   BackgroundThread              : Starting 
04/13/2016 02:53:31 [13] DEBUG  Conversation                  : AliveConversation, ConversationID: 1.2169: Message available!
04/13/2016 02:53:31 [13] DEBUG  Conversation                  : AliveConversation, ConversationID: 1.2169: Message available!
04/13/2016 02:53:31 [13] DEBUG  Conversation                  : AliveConversation, ConversationID: 1.2169: Message available!
04/13/2016 02:53:31 [13] DEBUG  Conversation                  : AliveConversation, ConversationID: 1.2169: Received Message is valid
04/13/2016 02:53:31 [13] DEBUG  Conversation                  : Received a Message of type: AliveRequest
04/13/2016 02:53:31 [13] DEBUG  AliveConversation             : Creating Alive Response
04/13/2016 02:53:31 [13] DEBUG  ResponseConversation          : AliveConversation, ConversationID: 1.2169: Conversation Id  for Response conversation: 1.2169
04/13/2016 02:53:31 [13] DEBUG  Conversation                  : AliveConversation, ConversationID: 1.2169: Setting Message IDs
04/13/2016 02:53:31 [13] DEBUG  Conversation                  : AliveConversation, ConversationID: 1.2169: Conversation is initiating send.
04/13/2016 02:53:31 [13] DEBUG  PostMan                       : Sending UDP (Messages.ReplyMessages.Reply, MessageID: 0.2, ConversationID: 1.2169)
Endpoint: 127.0.0.1:12000
JSON: {"__type":"Reply:#Messages.ReplyMessages","ConvId":{"Pid":1,"Seq":2169},"MsgId":{"Pid":0,"Seq":2},"Note":"I'm Alive","Success":true}
04/13/2016 02:53:31 [13] DEBUG  PostMan                       : Message Delivered
04/13/2016 02:53:31 [13] DEBUG  Conversation                  : AliveConversation, ConversationID: 1.2169: Send succeeded.
04/13/2016 02:53:33 [11] DEBUG  LoginConversation             : Creating login request. 
04/13/2016 02:53:33 [11] DEBUG  InitiatedConversation         : LoginConversation, ConversationID: 0.1: Conversation Id  for Initiated conversation: 0.1
04/13/2016 02:53:33 [11] DEBUG  Conversation                  : LoginConversation, ConversationID: 0.1: Setting Message IDs
04/13/2016 02:53:33 [11] DEBUG  Conversation                  : LoginConversation, ConversationID: 0.1: Conversation is initiating send.
04/13/2016 02:53:33 [11] DEBUG  PostMan                       : Sending UDP (Messages.RequestMessages.LoginRequest, MessageID: 0.1, ConversationID: 0.1)
Endpoint: 127.0.0.1:12000
JSON: {"__type":"LoginRequest:#Messages.RequestMessages","ConvId":{"Pid":0,"Seq":1},"MsgId":{"Pid":0,"Seq":1},"Identity":{"ANumber":"A00000001","Alias":"The Instructor","FirstName":"The","LastName":"Instructor"},"ProcessLabel":"The Instructor","ProcessType":3,"PublicKey":null}
04/13/2016 02:53:33 [11] DEBUG  PostMan                       : Message Delivered
04/13/2016 02:53:33 [10] DEBUG  PostMan                       : Received UDP (Messages.ReplyMessages.LoginReply, MessageID: 1.2170, ConversationID: 0.1)
JSON: {"__type":"LoginReply:#Messages.ReplyMessages","ConvId":{"Pid":0,"Seq":1},"MsgId":{"Pid":1,"Seq":2170},"Note":"Logged in","Success":true,"PennyBankEndPoint":{"Host":"127.0.0.1","Port":12003},"PennyBankPublicKey":null,"ProcessInfo":{"EndPoint":{"Host":"127.0.0.1","Port":10000},"Label":"The Instructor","ProcessId":29,"Status":3,"Type":3},"ProxyEndPoint":{"Host":"127.0.0.1","Port":12002}}
04/13/2016 02:53:33 [11] DEBUG  Conversation                  : LoginConversation, ConversationID: 0.1: Send succeeded.
04/13/2016 02:53:33 [15] INFO   ispatcher+<>c__DisplayClass7_0: New Message Received: (Messages.ReplyMessages.LoginReply)
04/13/2016 02:53:33 [15] INFO   ispatcher+<>c__DisplayClass7_0: MessageId: 1.2170ConversationId: 0.1
04/13/2016 02:53:33 [15] DEBUG  Dispatcher                    : Successsfully queued a new message of type LoginReply, for conversation: 0.1
04/13/2016 02:53:33 [11] DEBUG  Conversation                  : LoginConversation, ConversationID: 0.1: Message available!
04/13/2016 02:53:33 [11] DEBUG  Conversation                  : LoginConversation, ConversationID: 0.1: Message available!
04/13/2016 02:53:33 [11] DEBUG  Conversation                  : LoginConversation, ConversationID: 0.1: Received Message is valid
04/13/2016 02:53:33 [11] DEBUG  Conversation                  : Received a Message of type: LoginReply
04/13/2016 02:53:33 [11] DEBUG  LoginConversation             : Proxy endpoint is 127.0.0.1:12003
04/13/2016 02:53:33 [11] INFO   Conversation                  : Conversation Succeeded
04/13/2016 02:53:33 [11] INFO   Conversation                  : Conversation Succeeded
04/13/2016 02:53:33 [ 9] DEBUG  PlayerProcess                 : In Process GetGameList function.
04/13/2016 02:53:33 [ 9] DEBUG  ConversationFactory           : Creating Conversation of type GameListConversation
04/13/2016 02:53:33 [ 9] DEBUG  Dispatcher                    : Adding Conversation Player.Conversation.GameListConversation, 29.3
04/13/2016 02:53:33 [ 9] DEBUG  Dispatcher                    :       New Queue ID: 29.3
04/13/2016 02:53:33 [ 9] INFO   BackgroundThread              : Starting 
04/13/2016 02:53:36 [12] DEBUG  GameListConversation          : Queuing game list request. 
04/13/2016 02:53:36 [12] DEBUG  InitiatedConversation         : GameListConversation, ConversationID: 29.3: Conversation Id  for Initiated conversation: 29.3
04/13/2016 02:53:36 [12] DEBUG  Conversation                  : GameListConversation, ConversationID: 29.3: Setting Message IDs
04/13/2016 02:53:36 [12] DEBUG  Conversation                  : GameListConversation, ConversationID: 29.3: Conversation is initiating send.
04/13/2016 02:53:36 [12] DEBUG  PostMan                       : Sending UDP (Messages.RequestMessages.GameListRequest, MessageID: 29.3, ConversationID: 29.3)
Endpoint: 127.0.0.1:12000
JSON: {"__type":"GameListRequest:#Messages.RequestMessages","ConvId":{"Pid":29,"Seq":3},"MsgId":{"Pid":29,"Seq":3},"StatusFilter":4}
04/13/2016 02:53:36 [12] DEBUG  PostMan                       : Message Delivered
04/13/2016 02:53:36 [10] DEBUG  PostMan                       : Received UDP (Messages.ReplyMessages.GameListReply, MessageID: 1.2171, ConversationID: 29.3)
JSON: {"__type":"GameListReply:#Messages.ReplyMessages","ConvId":{"Pid":29,"Seq":3},"MsgId":{"Pid":1,"Seq":2171},"Note":null,"Success":true,"GameInfo":[]}
04/13/2016 02:53:36 [12] DEBUG  Conversation                  : GameListConversation, ConversationID: 29.3: Send succeeded.
04/13/2016 02:53:36 [14] INFO   ispatcher+<>c__DisplayClass7_0: New Message Received: (Messages.ReplyMessages.GameListReply)
04/13/2016 02:53:36 [14] INFO   ispatcher+<>c__DisplayClass7_0: MessageId: 1.2171ConversationId: 29.3
04/13/2016 02:53:36 [14] DEBUG  Dispatcher                    : Successsfully queued a new message of type GameListReply, for conversation: 29.3
04/13/2016 02:53:36 [12] DEBUG  Conversation                  : GameListConversation, ConversationID: 29.3: Message available!
04/13/2016 02:53:36 [12] DEBUG  Conversation                  : GameListConversation, ConversationID: 29.3: Message available!
04/13/2016 02:53:36 [12] DEBUG  Conversation                  : GameListConversation, ConversationID: 29.3: Received Message is valid
04/13/2016 02:53:36 [12] DEBUG  Conversation                  : Received a Message of type: GameListReply
04/13/2016 02:53:36 [12] ERROR  Conversation                  : GameListConversation, ConversationID: 29.3: No games are available. 
04/13/2016 02:53:36 [12] ERROR  Conversation                  : GameListConversation, ConversationID: 29.3: Conversation Failed
04/13/2016 02:53:36 [12] ERROR  Conversation                  : GameListConversation, ConversationID: 29.3: Conversation Ending
04/13/2016 02:53:36 [12] INFO   Conversation                  : Conversation Failed
04/13/2016 02:53:36 [12] INFO   BackgroundThread              : Stopping 
04/13/2016 02:53:36 [12] DEBUG  BackgroundThread              : Leaving Stop
04/13/2016 02:53:36 [12] ERROR  Conversation                  : GameListConversation, ConversationID: 29.3: Conversation Failed
04/13/2016 02:53:36 [12] ERROR  Conversation                  : GameListConversation, ConversationID: 29.3: Conversation Ending
04/13/2016 02:53:36 [12] INFO   Conversation                  : Conversation Failed
04/13/2016 02:53:36 [12] INFO   BackgroundThread              : Stopping 
04/13/2016 02:53:36 [12] DEBUG  BackgroundThread              : Leaving Stop
04/13/2016 02:53:36 [ 9] DEBUG  PlayerProcess                 : In Process GetGameList function.
04/13/2016 02:53:36 [ 9] DEBUG  ConversationFactory           : Creating Conversation of type GameListConversation
04/13/2016 02:53:36 [ 9] DEBUG  Dispatcher                    : Adding Conversation Player.Conversation.GameListConversation, 29.4
04/13/2016 02:53:36 [ 9] DEBUG  Dispatcher                    :       New Queue ID: 29.4
04/13/2016 02:53:36 [ 9] INFO   BackgroundThread              : Starting 
04/13/2016 02:53:38 [16] DEBUG  GameListConversation          : Queuing game list request. 
04/13/2016 02:53:38 [16] DEBUG  InitiatedConversation         : GameListConversation, ConversationID: 29.4: Conversation Id  for Initiated conversation: 29.4
04/13/2016 02:53:38 [16] DEBUG  Conversation                  : GameListConversation, ConversationID: 29.4: Setting Message IDs
04/13/2016 02:53:38 [16] DEBUG  Conversation                  : GameListConversation, ConversationID: 29.4: Conversation is initiating send.
04/13/2016 02:53:38 [16] DEBUG  PostMan                       : Sending UDP (Messages.RequestMessages.GameListRequest, MessageID: 29.4, ConversationID: 29.4)
Endpoint: 127.0.0.1:12000
JSON: {"__type":"GameListRequest:#Messages.RequestMessages","ConvId":{"Pid":29,"Seq":4},"MsgId":{"Pid":29,"Seq":4},"StatusFilter":4}
04/13/2016 02:53:38 [16] DEBUG  PostMan                       : Message Delivered
04/13/2016 02:53:38 [10] DEBUG  PostMan                       : Received UDP (Messages.ReplyMessages.GameListReply, MessageID: 1.2172, ConversationID: 29.4)
JSON: {"__type":"GameListReply:#Messages.ReplyMessages","ConvId":{"Pid":29,"Seq":4},"MsgId":{"Pid":1,"Seq":2172},"Note":null,"Success":true,"GameInfo":[]}
04/13/2016 02:53:38 [16] DEBUG  Conversation                  : GameListConversation, ConversationID: 29.4: Send succeeded.
04/13/2016 02:53:38 [14] INFO   ispatcher+<>c__DisplayClass7_0: New Message Received: (Messages.ReplyMessages.GameListReply)
04/13/2016 02:53:39 [14] INFO   ispatcher+<>c__DisplayClass7_0: MessageId: 1.2172ConversationId: 29.4
04/13/2016 02:53:39 [14] DEBUG  Dispatcher                    : Successsfully queued a new message of type GameListReply, for conversation: 29.4
04/13/2016 02:53:39 [16] DEBUG  Conversation                  : GameListConversation, ConversationID: 29.4: Message available!
04/13/2016 02:53:39 [16] DEBUG  Conversation                  : GameListConversation, ConversationID: 29.4: Message available!
04/13/2016 02:53:39 [16] DEBUG  Conversation                  : GameListConversation, ConversationID: 29.4: Received Message is valid
04/13/2016 02:53:39 [16] DEBUG  Conversation                  : Received a Message of type: GameListReply
04/13/2016 02:53:39 [16] ERROR  Conversation                  : GameListConversation, ConversationID: 29.4: No games are available. 
04/13/2016 02:53:39 [16] ERROR  Conversation                  : GameListConversation, ConversationID: 29.4: Conversation Failed
04/13/2016 02:53:39 [16] ERROR  Conversation                  : GameListConversation, ConversationID: 29.4: Conversation Ending
04/13/2016 02:53:39 [16] INFO   Conversation                  : Conversation Failed
04/13/2016 02:53:39 [16] INFO   BackgroundThread              : Stopping 
04/13/2016 02:53:39 [16] DEBUG  BackgroundThread              : Leaving Stop
04/13/2016 02:53:39 [16] ERROR  Conversation                  : GameListConversation, ConversationID: 29.4: Conversation Failed
04/13/2016 02:53:39 [16] ERROR  Conversation                  : GameListConversation, ConversationID: 29.4: Conversation Ending
04/13/2016 02:53:39 [16] INFO   Conversation                  : Conversation Failed
04/13/2016 02:53:39 [16] INFO   BackgroundThread              : Stopping 
04/13/2016 02:53:39 [16] DEBUG  BackgroundThread              : Leaving Stop
04/13/2016 02:53:39 [ 9] DEBUG  PlayerProcess                 : In Process GetGameList function.
04/13/2016 02:53:39 [ 9] DEBUG  ConversationFactory           : Creating Conversation of type GameListConversation
04/13/2016 02:53:39 [ 9] DEBUG  Dispatcher                    : Adding Conversation Player.Conversation.GameListConversation, 29.5
04/13/2016 02:53:39 [ 9] DEBUG  Dispatcher                    :       New Queue ID: 29.5
04/13/2016 02:53:39 [ 9] INFO   BackgroundThread              : Starting 
04/13/2016 02:53:41 [15] DEBUG  GameListConversation          : Queuing game list request. 
04/13/2016 02:53:41 [15] DEBUG  InitiatedConversation         : GameListConversation, ConversationID: 29.5: Conversation Id  for Initiated conversation: 29.5
04/13/2016 02:53:41 [15] DEBUG  Conversation                  : GameListConversation, ConversationID: 29.5: Setting Message IDs
04/13/2016 02:53:41 [15] DEBUG  Conversation                  : GameListConversation, ConversationID: 29.5: Conversation is initiating send.
04/13/2016 02:53:41 [15] DEBUG  PostMan                       : Sending UDP (Messages.RequestMessages.GameListRequest, MessageID: 29.5, ConversationID: 29.5)
Endpoint: 127.0.0.1:12000
JSON: {"__type":"GameListRequest:#Messages.RequestMessages","ConvId":{"Pid":29,"Seq":5},"MsgId":{"Pid":29,"Seq":5},"StatusFilter":4}
04/13/2016 02:53:41 [15] DEBUG  PostMan                       : Message Delivered
04/13/2016 02:53:41 [10] DEBUG  PostMan                       : Received UDP (Messages.ReplyMessages.GameListReply, MessageID: 1.2173, ConversationID: 29.5)
JSON: {"__type":"GameListReply:#Messages.ReplyMessages","ConvId":{"Pid":29,"Seq":5},"MsgId":{"Pid":1,"Seq":2173},"Note":null,"Success":true,"GameInfo":[]}
04/13/2016 02:53:41 [15] DEBUG  Conversation                  : GameListConversation, ConversationID: 29.5: Send succeeded.
04/13/2016 02:53:41 [14] INFO   ispatcher+<>c__DisplayClass7_0: New Message Received: (Messages.ReplyMessages.GameListReply)
04/13/2016 02:53:41 [14] INFO   ispatcher+<>c__DisplayClass7_0: MessageId: 1.2173ConversationId: 29.5
04/13/2016 02:53:41 [14] DEBUG  Dispatcher                    : Successsfully queued a new message of type GameListReply, for conversation: 29.5
04/13/2016 02:53:41 [15] DEBUG  Conversation                  : GameListConversation, ConversationID: 29.5: Message available!
04/13/2016 02:53:41 [15] DEBUG  Conversation                  : GameListConversation, ConversationID: 29.5: Message available!
04/13/2016 02:53:41 [15] DEBUG  Conversation                  : GameListConversation, ConversationID: 29.5: Received Message is valid
04/13/2016 02:53:41 [15] DEBUG  Conversation                  : Received a Message of type: GameListReply
04/13/2016 02:53:41 [15] ERROR  Conversation                  : GameListConversation, ConversationID: 29.5: No games are available. 
04/13/2016 02:53:41 [15] ERROR  Conversation                  : GameListConversation, ConversationID: 29.5: Conversation Failed
04/13/2016 02:53:42 [15] ERROR  Conversation                  : GameListConversation, ConversationID: 29.5: Conversation Ending
04/13/2016 02:53:42 [15] INFO   Conversation                  : Conversation Failed
04/13/2016 02:53:42 [15] INFO   BackgroundThread              : Stopping 
04/13/2016 02:53:42 [15] DEBUG  BackgroundThread              : Leaving Stop
04/13/2016 02:53:42 [15] ERROR  Conversation                  : GameListConversation, ConversationID: 29.5: Conversation Failed
04/13/2016 02:53:42 [15] ERROR  Conversation                  : GameListConversation, ConversationID: 29.5: Conversation Ending
04/13/2016 02:53:42 [15] INFO   Conversation                  : Conversation Failed
04/13/2016 02:53:42 [15] INFO   BackgroundThread              : Stopping 
04/13/2016 02:53:42 [15] DEBUG  BackgroundThread              : Leaving Stop
04/13/2016 02:53:42 [ 9] DEBUG  PlayerProcess                 : In Process GetGameList function.
04/13/2016 02:53:42 [ 9] DEBUG  ConversationFactory           : Creating Conversation of type GameListConversation
04/13/2016 02:53:42 [ 9] DEBUG  Dispatcher                    : Adding Conversation Player.Conversation.GameListConversation, 29.6
04/13/2016 02:53:42 [ 9] DEBUG  Dispatcher                    :       New Queue ID: 29.6
04/13/2016 02:53:42 [ 9] INFO   BackgroundThread              : Starting 
04/13/2016 02:53:44 [11] DEBUG  GameListConversation          : Queuing game list request. 
04/13/2016 02:53:44 [11] DEBUG  InitiatedConversation         : GameListConversation, ConversationID: 29.6: Conversation Id  for Initiated conversation: 29.6
04/13/2016 02:53:44 [11] DEBUG  Conversation                  : GameListConversation, ConversationID: 29.6: Setting Message IDs
04/13/2016 02:53:44 [11] DEBUG  Conversation                  : GameListConversation, ConversationID: 29.6: Conversation is initiating send.
04/13/2016 02:53:44 [11] DEBUG  PostMan                       : Sending UDP (Messages.RequestMessages.GameListRequest, MessageID: 29.6, ConversationID: 29.6)
Endpoint: 127.0.0.1:12000
JSON: {"__type":"GameListRequest:#Messages.RequestMessages","ConvId":{"Pid":29,"Seq":6},"MsgId":{"Pid":29,"Seq":6},"StatusFilter":4}
04/13/2016 02:53:44 [11] DEBUG  PostMan                       : Message Delivered
04/13/2016 02:53:44 [10] DEBUG  PostMan                       : Received UDP (Messages.ReplyMessages.GameListReply, MessageID: 1.2174, ConversationID: 29.6)
JSON: {"__type":"GameListReply:#Messages.ReplyMessages","ConvId":{"Pid":29,"Seq":6},"MsgId":{"Pid":1,"Seq":2174},"Note":null,"Success":true,"GameInfo":[]}
04/13/2016 02:53:44 [11] DEBUG  Conversation                  : GameListConversation, ConversationID: 29.6: Send succeeded.
04/13/2016 02:53:44 [12] INFO   ispatcher+<>c__DisplayClass7_0: New Message Received: (Messages.ReplyMessages.GameListReply)
04/13/2016 02:53:44 [12] INFO   ispatcher+<>c__DisplayClass7_0: MessageId: 1.2174ConversationId: 29.6
04/13/2016 02:53:44 [12] DEBUG  Dispatcher                    : Successsfully queued a new message of type GameListReply, for conversation: 29.6
04/13/2016 02:53:44 [11] DEBUG  Conversation                  : GameListConversation, ConversationID: 29.6: Message available!
04/13/2016 02:53:44 [11] DEBUG  Conversation                  : GameListConversation, ConversationID: 29.6: Message available!
04/13/2016 02:53:44 [11] DEBUG  Conversation                  : GameListConversation, ConversationID: 29.6: Received Message is valid
04/13/2016 02:53:44 [11] DEBUG  Conversation                  : Received a Message of type: GameListReply
04/13/2016 02:53:44 [11] ERROR  Conversation                  : GameListConversation, ConversationID: 29.6: No games are available. 
04/13/2016 02:53:44 [11] ERROR  Conversation                  : GameListConversation, ConversationID: 29.6: Conversation Failed
04/13/2016 02:53:44 [11] ERROR  Conversation                  : GameListConversation, ConversationID: 29.6: Conversation Ending
04/13/2016 02:53:44 [11] INFO   Conversation                  : Conversation Failed
04/13/2016 02:53:44 [11] INFO   BackgroundThread              : Stopping 
04/13/2016 02:53:44 [11] DEBUG  BackgroundThread              : Leaving Stop
04/13/2016 02:53:44 [11] ERROR  Conversation                  : GameListConversation, ConversationID: 29.6: Conversation Failed
04/13/2016 02:53:44 [11] ERROR  Conversation                  : GameListConversation, ConversationID: 29.6: Conversation Ending
04/13/2016 02:53:45 [11] INFO   Conversation                  : Conversation Failed
04/13/2016 02:53:45 [11] INFO   BackgroundThread              : Stopping 
04/13/2016 02:53:45 [11] DEBUG  BackgroundThread              : Leaving Stop
04/13/2016 02:53:45 [ 9] DEBUG  PlayerProcess                 : In Process GetGameList function.
04/13/2016 02:53:45 [ 9] DEBUG  ConversationFactory           : Creating Conversation of type GameListConversation
04/13/2016 02:53:45 [ 9] DEBUG  Dispatcher                    : Adding Conversation Player.Conversation.GameListConversation, 29.7
04/13/2016 02:53:45 [ 9] DEBUG  Dispatcher                    :       New Queue ID: 29.7
04/13/2016 02:53:45 [ 9] INFO   BackgroundThread              : Starting 
04/13/2016 02:53:47 [15] DEBUG  GameListConversation          : Queuing game list request. 
04/13/2016 02:53:47 [15] DEBUG  InitiatedConversation         : GameListConversation, ConversationID: 29.7: Conversation Id  for Initiated conversation: 29.7
04/13/2016 02:53:47 [15] DEBUG  Conversation                  : GameListConversation, ConversationID: 29.7: Setting Message IDs
04/13/2016 02:53:47 [15] DEBUG  Conversation                  : GameListConversation, ConversationID: 29.7: Conversation is initiating send.
04/13/2016 02:53:47 [15] DEBUG  PostMan                       : Sending UDP (Messages.RequestMessages.GameListRequest, MessageID: 29.7, ConversationID: 29.7)
Endpoint: 127.0.0.1:12000
JSON: {"__type":"GameListRequest:#Messages.RequestMessages","ConvId":{"Pid":29,"Seq":7},"MsgId":{"Pid":29,"Seq":7},"StatusFilter":4}
04/13/2016 02:53:47 [15] DEBUG  PostMan                       : Message Delivered
04/13/2016 02:53:47 [10] DEBUG  PostMan                       : Received UDP (Messages.ReplyMessages.GameListReply, MessageID: 1.2175, ConversationID: 29.7)
JSON: {"__type":"GameListReply:#Messages.ReplyMessages","ConvId":{"Pid":29,"Seq":7},"MsgId":{"Pid":1,"Seq":2175},"Note":null,"Success":true,"GameInfo":[]}
04/13/2016 02:53:47 [15] DEBUG  Conversation                  : GameListConversation, ConversationID: 29.7: Send succeeded.
04/13/2016 02:53:47 [11] INFO   ispatcher+<>c__DisplayClass7_0: New Message Received: (Messages.ReplyMessages.GameListReply)
04/13/2016 02:53:47 [11] INFO   ispatcher+<>c__DisplayClass7_0: MessageId: 1.2175ConversationId: 29.7
04/13/2016 02:53:47 [11] DEBUG  Dispatcher                    : Successsfully queued a new message of type GameListReply, for conversation: 29.7
04/13/2016 02:53:47 [15] DEBUG  Conversation                  : GameListConversation, ConversationID: 29.7: Message available!
04/13/2016 02:53:47 [15] DEBUG  Conversation                  : GameListConversation, ConversationID: 29.7: Message available!
04/13/2016 02:53:47 [15] DEBUG  Conversation                  : GameListConversation, ConversationID: 29.7: Received Message is valid
04/13/2016 02:53:47 [15] DEBUG  Conversation                  : Received a Message of type: GameListReply
04/13/2016 02:53:47 [15] ERROR  Conversation                  : GameListConversation, ConversationID: 29.7: No games are available. 
04/13/2016 02:53:47 [15] ERROR  Conversation                  : GameListConversation, ConversationID: 29.7: Conversation Failed
04/13/2016 02:53:47 [15] ERROR  Conversation                  : GameListConversation, ConversationID: 29.7: Conversation Ending
04/13/2016 02:53:47 [15] INFO   Conversation                  : Conversation Failed
04/13/2016 02:53:47 [15] INFO   BackgroundThread              : Stopping 
04/13/2016 02:53:47 [15] DEBUG  BackgroundThread              : Leaving Stop
04/13/2016 02:53:47 [15] ERROR  Conversation                  : GameListConversation, ConversationID: 29.7: Conversation Failed
04/13/2016 02:53:47 [15] ERROR  Conversation                  : GameListConversation, ConversationID: 29.7: Conversation Ending
04/13/2016 02:53:47 [15] INFO   Conversation                  : Conversation Failed
04/13/2016 02:53:47 [15] INFO   BackgroundThread              : Stopping 
04/13/2016 02:53:47 [15] DEBUG  BackgroundThread              : Leaving Stop
04/13/2016 02:53:48 [ 9] DEBUG  PlayerProcess                 : In Process GetGameList function.
04/13/2016 02:53:48 [ 9] DEBUG  ConversationFactory           : Creating Conversation of type GameListConversation
04/13/2016 02:53:48 [ 9] DEBUG  Dispatcher                    : Adding Conversation Player.Conversation.GameListConversation, 29.8
04/13/2016 02:53:48 [ 9] DEBUG  Dispatcher                    :       New Queue ID: 29.8
04/13/2016 02:53:48 [ 9] INFO   BackgroundThread              : Starting 
04/13/2016 02:53:50 [16] DEBUG  GameListConversation          : Queuing game list request. 
04/13/2016 02:53:50 [16] DEBUG  InitiatedConversation         : GameListConversation, ConversationID: 29.8: Conversation Id  for Initiated conversation: 29.8
04/13/2016 02:53:50 [16] DEBUG  Conversation                  : GameListConversation, ConversationID: 29.8: Setting Message IDs
04/13/2016 02:53:50 [16] DEBUG  Conversation                  : GameListConversation, ConversationID: 29.8: Conversation is initiating send.
04/13/2016 02:53:50 [16] DEBUG  PostMan                       : Sending UDP (Messages.RequestMessages.GameListRequest, MessageID: 29.8, ConversationID: 29.8)
Endpoint: 127.0.0.1:12000
JSON: {"__type":"GameListRequest:#Messages.RequestMessages","ConvId":{"Pid":29,"Seq":8},"MsgId":{"Pid":29,"Seq":8},"StatusFilter":4}
04/13/2016 02:53:50 [16] DEBUG  PostMan                       : Message Delivered
04/13/2016 02:53:50 [10] DEBUG  PostMan                       : Received UDP (Messages.ReplyMessages.GameListReply, MessageID: 1.2176, ConversationID: 29.8)
JSON: {"__type":"GameListReply:#Messages.ReplyMessages","ConvId":{"Pid":29,"Seq":8},"MsgId":{"Pid":1,"Seq":2176},"Note":null,"Success":true,"GameInfo":[]}
04/13/2016 02:53:50 [16] DEBUG  Conversation                  : GameListConversation, ConversationID: 29.8: Send succeeded.
04/13/2016 02:53:50 [11] INFO   ispatcher+<>c__DisplayClass7_0: New Message Received: (Messages.ReplyMessages.GameListReply)
04/13/2016 02:53:50 [11] INFO   ispatcher+<>c__DisplayClass7_0: MessageId: 1.2176ConversationId: 29.8
04/13/2016 02:53:50 [11] DEBUG  Dispatcher                    : Successsfully queued a new message of type GameListReply, for conversation: 29.8
04/13/2016 02:53:50 [16] DEBUG  Conversation                  : GameListConversation, ConversationID: 29.8: Message available!
04/13/2016 02:53:50 [16] DEBUG  Conversation                  : GameListConversation, ConversationID: 29.8: Message available!
04/13/2016 02:53:50 [16] DEBUG  Conversation                  : GameListConversation, ConversationID: 29.8: Received Message is valid
04/13/2016 02:53:50 [16] DEBUG  Conversation                  : Received a Message of type: GameListReply
04/13/2016 02:53:50 [16] ERROR  Conversation                  : GameListConversation, ConversationID: 29.8: No games are available. 
04/13/2016 02:53:50 [16] ERROR  Conversation                  : GameListConversation, ConversationID: 29.8: Conversation Failed
04/13/2016 02:53:50 [16] ERROR  Conversation                  : GameListConversation, ConversationID: 29.8: Conversation Ending
04/13/2016 02:53:50 [16] INFO   Conversation                  : Conversation Failed
04/13/2016 02:53:50 [16] INFO   BackgroundThread              : Stopping 
04/13/2016 02:53:50 [16] DEBUG  BackgroundThread              : Leaving Stop
04/13/2016 02:53:50 [16] ERROR  Conversation                  : GameListConversation, ConversationID: 29.8: Conversation Failed
04/13/2016 02:53:50 [16] ERROR  Conversation                  : GameListConversation, ConversationID: 29.8: Conversation Ending
04/13/2016 02:53:50 [16] INFO   Conversation                  : Conversation Failed
04/13/2016 02:53:50 [16] INFO   BackgroundThread              : Stopping 
04/13/2016 02:53:50 [16] DEBUG  BackgroundThread              : Leaving Stop
04/13/2016 02:53:50 [ 9] DEBUG  PlayerProcess                 : In Process GetGameList function.
04/13/2016 02:53:50 [ 9] DEBUG  ConversationFactory           : Creating Conversation of type GameListConversation
04/13/2016 02:53:50 [ 9] DEBUG  Dispatcher                    : Adding Conversation Player.Conversation.GameListConversation, 29.9
04/13/2016 02:53:50 [ 9] DEBUG  Dispatcher                    :       New Queue ID: 29.9
04/13/2016 02:53:50 [ 9] INFO   BackgroundThread              : Starting 
04/13/2016 02:53:52 [10] DEBUG  PostMan                       : Received UDP (Messages.RequestMessages.AliveRequest, MessageID: 1.2177, ConversationID: 1.2177)
JSON: {"__type":"AliveRequest:#Messages.RequestMessages","ConvId":{"Pid":1,"Seq":2177},"MsgId":{"Pid":1,"Seq":2177}}
04/13/2016 02:53:52 [11] INFO   ispatcher+<>c__DisplayClass7_0: New Message Received: (Messages.RequestMessages.AliveRequest)
04/13/2016 02:53:52 [11] INFO   ispatcher+<>c__DisplayClass7_0: MessageId: 1.2177ConversationId: 1.2177
04/13/2016 02:53:52 [11] DEBUG  Dispatcher                    : Conversation  with id= 1.2177 does not exist, trying to create new conversation.
04/13/2016 02:53:52 [11] DEBUG  ConversationFactory           : Creating Conversation of type AliveConversation
04/13/2016 02:53:52 [11] DEBUG  Dispatcher                    : Adding Conversation Player.Conversation.AliveConversation, 1.2177
04/13/2016 02:53:52 [11] DEBUG  Dispatcher                    :       New Queue ID: 1.2177
04/13/2016 02:53:52 [11] DEBUG  Dispatcher                    : Successsfully queued a new message of type AliveRequest, for conversation: 1.2177
04/13/2016 02:53:52 [11] INFO   BackgroundThread              : Starting 
04/13/2016 02:53:52 [15] DEBUG  Conversation                  : AliveConversation, ConversationID: 1.2177: Message available!
04/13/2016 02:53:52 [15] DEBUG  Conversation                  : AliveConversation, ConversationID: 1.2177: Message available!
04/13/2016 02:53:52 [15] DEBUG  Conversation                  : AliveConversation, ConversationID: 1.2177: Message available!
04/13/2016 02:53:52 [15] DEBUG  Conversation                  : AliveConversation, ConversationID: 1.2177: Received Message is valid
04/13/2016 02:53:52 [15] DEBUG  Conversation                  : Received a Message of type: AliveRequest
04/13/2016 02:53:52 [15] DEBUG  AliveConversation             : Creating Alive Response
04/13/2016 02:53:52 [15] DEBUG  ResponseConversation          : AliveConversation, ConversationID: 1.2177: Conversation Id  for Response conversation: 1.2177
04/13/2016 02:53:52 [15] DEBUG  Conversation                  : AliveConversation, ConversationID: 1.2177: Setting Message IDs
04/13/2016 02:53:52 [15] DEBUG  Conversation                  : AliveConversation, ConversationID: 1.2177: Conversation is initiating send.
04/13/2016 02:53:52 [15] DEBUG  PostMan                       : Sending UDP (Messages.ReplyMessages.Reply, MessageID: 29.10, ConversationID: 1.2177)
Endpoint: 127.0.0.1:12000
JSON: {"__type":"Reply:#Messages.ReplyMessages","ConvId":{"Pid":1,"Seq":2177},"MsgId":{"Pid":29,"Seq":10},"Note":"I'm Alive","Success":true}
04/13/2016 02:53:52 [15] DEBUG  PostMan                       : Message Delivered
04/13/2016 02:53:52 [15] DEBUG  Conversation                  : AliveConversation, ConversationID: 1.2177: Send succeeded.
04/13/2016 02:53:53 [12] DEBUG  GameListConversation          : Queuing game list request. 
04/13/2016 02:53:53 [12] DEBUG  InitiatedConversation         : GameListConversation, ConversationID: 29.9: Conversation Id  for Initiated conversation: 29.9
04/13/2016 02:53:53 [12] DEBUG  Conversation                  : GameListConversation, ConversationID: 29.9: Setting Message IDs
04/13/2016 02:53:53 [12] DEBUG  Conversation                  : GameListConversation, ConversationID: 29.9: Conversation is initiating send.
04/13/2016 02:53:53 [12] DEBUG  PostMan                       : Sending UDP (Messages.RequestMessages.GameListRequest, MessageID: 29.9, ConversationID: 29.9)
Endpoint: 127.0.0.1:12000
JSON: {"__type":"GameListRequest:#Messages.RequestMessages","ConvId":{"Pid":29,"Seq":9},"MsgId":{"Pid":29,"Seq":9},"StatusFilter":4}
04/13/2016 02:53:53 [12] DEBUG  PostMan                       : Message Delivered
04/13/2016 02:53:53 [10] DEBUG  PostMan                       : Received UDP (Messages.ReplyMessages.GameListReply, MessageID: 1.2179, ConversationID: 29.9)
JSON: {"__type":"GameListReply:#Messages.ReplyMessages","ConvId":{"Pid":29,"Seq":9},"MsgId":{"Pid":1,"Seq":2179},"Note":null,"Success":true,"GameInfo":[]}
04/13/2016 02:53:53 [12] DEBUG  Conversation                  : GameListConversation, ConversationID: 29.9: Send succeeded.
04/13/2016 02:53:53 [11] INFO   ispatcher+<>c__DisplayClass7_0: New Message Received: (Messages.ReplyMessages.GameListReply)
04/13/2016 02:53:53 [11] INFO   ispatcher+<>c__DisplayClass7_0: MessageId: 1.2179ConversationId: 29.9
04/13/2016 02:53:53 [11] DEBUG  Dispatcher                    : Successsfully queued a new message of type GameListReply, for conversation: 29.9
04/13/2016 02:53:53 [12] DEBUG  Conversation                  : GameListConversation, ConversationID: 29.9: Message available!
04/13/2016 02:53:53 [12] DEBUG  Conversation                  : GameListConversation, ConversationID: 29.9: Message available!
04/13/2016 02:53:53 [12] DEBUG  Conversation                  : GameListConversation, ConversationID: 29.9: Received Message is valid
04/13/2016 02:53:53 [12] DEBUG  Conversation                  : Received a Message of type: GameListReply
04/13/2016 02:53:53 [12] ERROR  Conversation                  : GameListConversation, ConversationID: 29.9: No games are available. 
04/13/2016 02:53:53 [12] ERROR  Conversation                  : GameListConversation, ConversationID: 29.9: Conversation Failed
04/13/2016 02:53:53 [12] ERROR  Conversation                  : GameListConversation, ConversationID: 29.9: Conversation Ending
04/13/2016 02:53:53 [12] INFO   Conversation                  : Conversation Failed
04/13/2016 02:53:53 [12] INFO   BackgroundThread              : Stopping 
04/13/2016 02:53:53 [12] DEBUG  BackgroundThread              : Leaving Stop
04/13/2016 02:53:53 [12] ERROR  Conversation                  : GameListConversation, ConversationID: 29.9: Conversation Failed
04/13/2016 02:53:53 [12] ERROR  Conversation                  : GameListConversation, ConversationID: 29.9: Conversation Ending
04/13/2016 02:53:53 [12] INFO   Conversation                  : Conversation Failed
04/13/2016 02:53:53 [12] INFO   BackgroundThread              : Stopping 
04/13/2016 02:53:53 [12] DEBUG  BackgroundThread              : Leaving Stop
04/13/2016 02:53:53 [ 9] DEBUG  PlayerProcess                 : In Process GetGameList function.
04/13/2016 02:53:53 [ 9] DEBUG  ConversationFactory           : Creating Conversation of type GameListConversation
04/13/2016 02:53:53 [ 9] DEBUG  Dispatcher                    : Adding Conversation Player.Conversation.GameListConversation, 29.11
04/13/2016 02:53:53 [ 9] DEBUG  Dispatcher                    :       New Queue ID: 29.11
04/13/2016 02:53:53 [ 9] INFO   BackgroundThread              : Starting 
04/13/2016 02:53:55 [11] DEBUG  GameListConversation          : Queuing game list request. 
04/13/2016 02:53:55 [11] DEBUG  InitiatedConversation         : GameListConversation, ConversationID: 29.11: Conversation Id  for Initiated conversation: 29.11
04/13/2016 02:53:55 [11] DEBUG  Conversation                  : GameListConversation, ConversationID: 29.11: Setting Message IDs
04/13/2016 02:53:55 [11] DEBUG  Conversation                  : GameListConversation, ConversationID: 29.11: Conversation is initiating send.
04/13/2016 02:53:55 [11] DEBUG  PostMan                       : Sending UDP (Messages.RequestMessages.GameListRequest, MessageID: 29.11, ConversationID: 29.11)
Endpoint: 127.0.0.1:12000
JSON: {"__type":"GameListRequest:#Messages.RequestMessages","ConvId":{"Pid":29,"Seq":11},"MsgId":{"Pid":29,"Seq":11},"StatusFilter":4}
04/13/2016 02:53:55 [11] DEBUG  PostMan                       : Message Delivered
04/13/2016 02:53:55 [10] DEBUG  PostMan                       : Received UDP (Messages.ReplyMessages.GameListReply, MessageID: 1.2180, ConversationID: 29.11)
JSON: {"__type":"GameListReply:#Messages.ReplyMessages","ConvId":{"Pid":29,"Seq":11},"MsgId":{"Pid":1,"Seq":2180},"Note":null,"Success":true,"GameInfo":[]}
04/13/2016 02:53:55 [11] DEBUG  Conversation                  : GameListConversation, ConversationID: 29.11: Send succeeded.
04/13/2016 02:53:56 [12] INFO   ispatcher+<>c__DisplayClass7_0: New Message Received: (Messages.ReplyMessages.GameListReply)
04/13/2016 02:53:56 [12] INFO   ispatcher+<>c__DisplayClass7_0: MessageId: 1.2180ConversationId: 29.11
04/13/2016 02:53:56 [12] DEBUG  Dispatcher                    : Successsfully queued a new message of type GameListReply, for conversation: 29.11
04/13/2016 02:53:56 [11] DEBUG  Conversation                  : GameListConversation, ConversationID: 29.11: Message available!
04/13/2016 02:53:56 [11] DEBUG  Conversation                  : GameListConversation, ConversationID: 29.11: Message available!
04/13/2016 02:53:56 [11] DEBUG  Conversation                  : GameListConversation, ConversationID: 29.11: Received Message is valid
04/13/2016 02:53:56 [11] DEBUG  Conversation                  : Received a Message of type: GameListReply
04/13/2016 02:53:56 [11] ERROR  Conversation                  : GameListConversation, ConversationID: 29.11: No games are available. 
04/13/2016 02:53:56 [11] ERROR  Conversation                  : GameListConversation, ConversationID: 29.11: Conversation Failed
04/13/2016 02:53:56 [11] ERROR  Conversation                  : GameListConversation, ConversationID: 29.11: Conversation Ending
04/13/2016 02:53:56 [11] INFO   Conversation                  : Conversation Failed
04/13/2016 02:53:56 [11] INFO   BackgroundThread              : Stopping 
04/13/2016 02:53:56 [11] DEBUG  BackgroundThread              : Leaving Stop
04/13/2016 02:53:56 [11] ERROR  Conversation                  : GameListConversation, ConversationID: 29.11: Conversation Failed
04/13/2016 02:53:56 [11] ERROR  Conversation                  : GameListConversation, ConversationID: 29.11: Conversation Ending
04/13/2016 02:53:56 [11] INFO   Conversation                  : Conversation Failed
04/13/2016 02:53:56 [11] INFO   BackgroundThread              : Stopping 
04/13/2016 02:53:56 [11] DEBUG  BackgroundThread              : Leaving Stop
04/13/2016 02:53:56 [ 9] DEBUG  PlayerProcess                 : In Process GetGameList function.
04/13/2016 02:53:56 [ 9] DEBUG  ConversationFactory           : Creating Conversation of type GameListConversation
04/13/2016 02:53:56 [ 9] DEBUG  Dispatcher                    : Adding Conversation Player.Conversation.GameListConversation, 29.12
04/13/2016 02:53:56 [ 9] DEBUG  Dispatcher                    :       New Queue ID: 29.12
04/13/2016 02:53:56 [ 9] INFO   BackgroundThread              : Starting 
04/13/2016 02:53:58 [16] DEBUG  GameListConversation          : Queuing game list request. 
04/13/2016 02:53:58 [16] DEBUG  InitiatedConversation         : GameListConversation, ConversationID: 29.12: Conversation Id  for Initiated conversation: 29.12
04/13/2016 02:53:58 [16] DEBUG  Conversation                  : GameListConversation, ConversationID: 29.12: Setting Message IDs
04/13/2016 02:53:58 [16] DEBUG  Conversation                  : GameListConversation, ConversationID: 29.12: Conversation is initiating send.
04/13/2016 02:53:58 [16] DEBUG  PostMan                       : Sending UDP (Messages.RequestMessages.GameListRequest, MessageID: 29.12, ConversationID: 29.12)
Endpoint: 127.0.0.1:12000
JSON: {"__type":"GameListRequest:#Messages.RequestMessages","ConvId":{"Pid":29,"Seq":12},"MsgId":{"Pid":29,"Seq":12},"StatusFilter":4}
04/13/2016 02:53:58 [16] DEBUG  PostMan                       : Message Delivered
04/13/2016 02:53:58 [16] DEBUG  Conversation                  : GameListConversation, ConversationID: 29.12: Send succeeded.
04/13/2016 02:53:58 [10] DEBUG  PostMan                       : Received UDP (Messages.ReplyMessages.GameListReply, MessageID: 1.2181, ConversationID: 29.12)
JSON: {"__type":"GameListReply:#Messages.ReplyMessages","ConvId":{"Pid":29,"Seq":12},"MsgId":{"Pid":1,"Seq":2181},"Note":null,"Success":true,"GameInfo":[]}
04/13/2016 02:53:58 [11] INFO   ispatcher+<>c__DisplayClass7_0: New Message Received: (Messages.ReplyMessages.GameListReply)
04/13/2016 02:53:58 [11] INFO   ispatcher+<>c__DisplayClass7_0: MessageId: 1.2181ConversationId: 29.12
04/13/2016 02:53:58 [11] DEBUG  Dispatcher                    : Successsfully queued a new message of type GameListReply, for conversation: 29.12
04/13/2016 02:53:58 [16] DEBUG  Conversation                  : GameListConversation, ConversationID: 29.12: Message available!
04/13/2016 02:53:58 [16] DEBUG  Conversation                  : GameListConversation, ConversationID: 29.12: Message available!
04/13/2016 02:53:59 [16] DEBUG  Conversation                  : GameListConversation, ConversationID: 29.12: Received Message is valid
04/13/2016 02:53:59 [16] DEBUG  Conversation                  : Received a Message of type: GameListReply
04/13/2016 02:53:59 [16] ERROR  Conversation                  : GameListConversation, ConversationID: 29.12: No games are available. 
04/13/2016 02:53:59 [16] ERROR  Conversation                  : GameListConversation, ConversationID: 29.12: Conversation Failed
04/13/2016 02:53:59 [16] ERROR  Conversation                  : GameListConversation, ConversationID: 29.12: Conversation Ending
04/13/2016 02:53:59 [16] INFO   Conversation                  : Conversation Failed
04/13/2016 02:53:59 [16] INFO   BackgroundThread              : Stopping 
04/13/2016 02:53:59 [16] DEBUG  BackgroundThread              : Leaving Stop
04/13/2016 02:53:59 [16] ERROR  Conversation                  : GameListConversation, ConversationID: 29.12: Conversation Failed
04/13/2016 02:53:59 [16] ERROR  Conversation                  : GameListConversation, ConversationID: 29.12: Conversation Ending
04/13/2016 02:53:59 [ 9] DEBUG  PlayerProcess                 : In Process GetGameList function.
04/13/2016 02:53:59 [16] INFO   Conversation                  : Conversation Failed
04/13/2016 02:53:59 [16] INFO   BackgroundThread              : Stopping 
04/13/2016 02:53:59 [16] DEBUG  BackgroundThread              : Leaving Stop
04/13/2016 02:53:59 [ 9] DEBUG  ConversationFactory           : Creating Conversation of type GameListConversation
04/13/2016 02:53:59 [ 9] DEBUG  Dispatcher                    : Adding Conversation Player.Conversation.GameListConversation, 29.13
04/13/2016 02:53:59 [ 9] DEBUG  Dispatcher                    :       New Queue ID: 29.13
04/13/2016 02:53:59 [ 9] INFO   BackgroundThread              : Starting 
04/13/2016 02:54:01 [11] DEBUG  GameListConversation          : Queuing game list request. 
04/13/2016 02:54:01 [11] DEBUG  InitiatedConversation         : GameListConversation, ConversationID: 29.13: Conversation Id  for Initiated conversation: 29.13
04/13/2016 02:54:01 [11] DEBUG  Conversation                  : GameListConversation, ConversationID: 29.13: Setting Message IDs
04/13/2016 02:54:01 [11] DEBUG  Conversation                  : GameListConversation, ConversationID: 29.13: Conversation is initiating send.
04/13/2016 02:54:01 [11] DEBUG  PostMan                       : Sending UDP (Messages.RequestMessages.GameListRequest, MessageID: 29.13, ConversationID: 29.13)
Endpoint: 127.0.0.1:12000
JSON: {"__type":"GameListRequest:#Messages.RequestMessages","ConvId":{"Pid":29,"Seq":13},"MsgId":{"Pid":29,"Seq":13},"StatusFilter":4}
04/13/2016 02:54:01 [11] DEBUG  PostMan                       : Message Delivered
04/13/2016 02:54:01 [10] DEBUG  PostMan                       : Received UDP (Messages.ReplyMessages.GameListReply, MessageID: 1.2182, ConversationID: 29.13)
JSON: {"__type":"GameListReply:#Messages.ReplyMessages","ConvId":{"Pid":29,"Seq":13},"MsgId":{"Pid":1,"Seq":2182},"Note":null,"Success":true,"GameInfo":[]}
04/13/2016 02:54:01 [11] DEBUG  Conversation                  : GameListConversation, ConversationID: 29.13: Send succeeded.
04/13/2016 02:54:01 [12] INFO   ispatcher+<>c__DisplayClass7_0: New Message Received: (Messages.ReplyMessages.GameListReply)
04/13/2016 02:54:01 [12] INFO   ispatcher+<>c__DisplayClass7_0: MessageId: 1.2182ConversationId: 29.13
04/13/2016 02:54:01 [12] DEBUG  Dispatcher                    : Successsfully queued a new message of type GameListReply, for conversation: 29.13
04/13/2016 02:54:01 [11] DEBUG  Conversation                  : GameListConversation, ConversationID: 29.13: Message available!
04/13/2016 02:54:01 [11] DEBUG  Conversation                  : GameListConversation, ConversationID: 29.13: Message available!
04/13/2016 02:54:01 [11] DEBUG  Conversation                  : GameListConversation, ConversationID: 29.13: Received Message is valid
04/13/2016 02:54:01 [11] DEBUG  Conversation                  : Received a Message of type: GameListReply
04/13/2016 02:54:01 [11] ERROR  Conversation                  : GameListConversation, ConversationID: 29.13: No games are available. 
04/13/2016 02:54:01 [11] ERROR  Conversation                  : GameListConversation, ConversationID: 29.13: Conversation Failed
04/13/2016 02:54:01 [11] ERROR  Conversation                  : GameListConversation, ConversationID: 29.13: Conversation Ending
04/13/2016 02:54:01 [11] INFO   Conversation                  : Conversation Failed
04/13/2016 02:54:01 [11] INFO   BackgroundThread              : Stopping 
04/13/2016 02:54:01 [11] DEBUG  BackgroundThread              : Leaving Stop
04/13/2016 02:54:01 [11] ERROR  Conversation                  : GameListConversation, ConversationID: 29.13: Conversation Failed
04/13/2016 02:54:01 [11] ERROR  Conversation                  : GameListConversation, ConversationID: 29.13: Conversation Ending
04/13/2016 02:54:01 [11] INFO   Conversation                  : Conversation Failed
04/13/2016 02:54:01 [11] INFO   BackgroundThread              : Stopping 
04/13/2016 02:54:01 [11] DEBUG  BackgroundThread              : Leaving Stop
04/13/2016 02:54:02 [ 9] DEBUG  PlayerProcess                 : In Process GetGameList function.
04/13/2016 02:54:02 [ 9] DEBUG  ConversationFactory           : Creating Conversation of type GameListConversation
04/13/2016 02:54:02 [ 9] DEBUG  Dispatcher                    : Adding Conversation Player.Conversation.GameListConversation, 29.14
04/13/2016 02:54:02 [ 9] DEBUG  Dispatcher                    :       New Queue ID: 29.14
04/13/2016 02:54:02 [ 9] INFO   BackgroundThread              : Starting 
04/13/2016 02:54:04 [14] DEBUG  GameListConversation          : Queuing game list request. 
04/13/2016 02:54:04 [14] DEBUG  InitiatedConversation         : GameListConversation, ConversationID: 29.14: Conversation Id  for Initiated conversation: 29.14
04/13/2016 02:54:04 [14] DEBUG  Conversation                  : GameListConversation, ConversationID: 29.14: Setting Message IDs
04/13/2016 02:54:04 [14] DEBUG  Conversation                  : GameListConversation, ConversationID: 29.14: Conversation is initiating send.
04/13/2016 02:54:04 [14] DEBUG  PostMan                       : Sending UDP (Messages.RequestMessages.GameListRequest, MessageID: 29.14, ConversationID: 29.14)
Endpoint: 127.0.0.1:12000
JSON: {"__type":"GameListRequest:#Messages.RequestMessages","ConvId":{"Pid":29,"Seq":14},"MsgId":{"Pid":29,"Seq":14},"StatusFilter":4}
04/13/2016 02:54:04 [14] DEBUG  PostMan                       : Message Delivered
04/13/2016 02:54:04 [10] DEBUG  PostMan                       : Received UDP (Messages.ReplyMessages.GameListReply, MessageID: 1.2183, ConversationID: 29.14)
JSON: {"__type":"GameListReply:#Messages.ReplyMessages","ConvId":{"Pid":29,"Seq":14},"MsgId":{"Pid":1,"Seq":2183},"Note":null,"Success":true,"GameInfo":[]}
04/13/2016 02:54:04 [14] DEBUG  Conversation                  : GameListConversation, ConversationID: 29.14: Send succeeded.
04/13/2016 02:54:04 [17] INFO   ispatcher+<>c__DisplayClass7_0: New Message Received: (Messages.ReplyMessages.GameListReply)
04/13/2016 02:54:04 [17] INFO   ispatcher+<>c__DisplayClass7_0: MessageId: 1.2183ConversationId: 29.14
04/13/2016 02:54:04 [17] DEBUG  Dispatcher                    : Successsfully queued a new message of type GameListReply, for conversation: 29.14
04/13/2016 02:54:04 [14] DEBUG  Conversation                  : GameListConversation, ConversationID: 29.14: Message available!
04/13/2016 02:54:04 [14] DEBUG  Conversation                  : GameListConversation, ConversationID: 29.14: Message available!
04/13/2016 02:54:04 [14] DEBUG  Conversation                  : GameListConversation, ConversationID: 29.14: Received Message is valid
04/13/2016 02:54:04 [14] DEBUG  Conversation                  : Received a Message of type: GameListReply
04/13/2016 02:54:04 [14] ERROR  Conversation                  : GameListConversation, ConversationID: 29.14: No games are available. 
04/13/2016 02:54:04 [14] ERROR  Conversation                  : GameListConversation, ConversationID: 29.14: Conversation Failed
04/13/2016 02:54:04 [14] ERROR  Conversation                  : GameListConversation, ConversationID: 29.14: Conversation Ending
04/13/2016 02:54:04 [14] INFO   Conversation                  : Conversation Failed
04/13/2016 02:54:04 [ 9] DEBUG  PlayerProcess                 : In Process GetGameList function.
04/13/2016 02:54:04 [14] INFO   BackgroundThread              : Stopping 
04/13/2016 02:54:04 [ 9] DEBUG  ConversationFactory           : Creating Conversation of type GameListConversation
04/13/2016 02:54:04 [ 9] DEBUG  Dispatcher                    : Adding Conversation Player.Conversation.GameListConversation, 29.15
04/13/2016 02:54:04 [14] DEBUG  BackgroundThread              : Leaving Stop
04/13/2016 02:54:04 [14] ERROR  Conversation                  : GameListConversation, ConversationID: 29.14: Conversation Failed
04/13/2016 02:54:04 [14] ERROR  Conversation                  : GameListConversation, ConversationID: 29.14: Conversation Ending
04/13/2016 02:54:04 [14] INFO   Conversation                  : Conversation Failed
04/13/2016 02:54:04 [14] INFO   BackgroundThread              : Stopping 
04/13/2016 02:54:04 [14] DEBUG  BackgroundThread              : Leaving Stop
04/13/2016 02:54:04 [ 9] DEBUG  Dispatcher                    :       New Queue ID: 29.15
04/13/2016 02:54:04 [ 9] INFO   BackgroundThread              : Starting 
04/13/2016 02:54:07 [16] DEBUG  GameListConversation          : Queuing game list request. 
04/13/2016 02:54:07 [16] DEBUG  InitiatedConversation         : GameListConversation, ConversationID: 29.15: Conversation Id  for Initiated conversation: 29.15
04/13/2016 02:54:07 [16] DEBUG  Conversation                  : GameListConversation, ConversationID: 29.15: Setting Message IDs
04/13/2016 02:54:07 [16] DEBUG  Conversation                  : GameListConversation, ConversationID: 29.15: Conversation is initiating send.
04/13/2016 02:54:07 [16] DEBUG  PostMan                       : Sending UDP (Messages.RequestMessages.GameListRequest, MessageID: 29.15, ConversationID: 29.15)
Endpoint: 127.0.0.1:12000
JSON: {"__type":"GameListRequest:#Messages.RequestMessages","ConvId":{"Pid":29,"Seq":15},"MsgId":{"Pid":29,"Seq":15},"StatusFilter":4}
04/13/2016 02:54:07 [16] DEBUG  PostMan                       : Message Delivered
04/13/2016 02:54:07 [10] DEBUG  PostMan                       : Received UDP (Messages.ReplyMessages.GameListReply, MessageID: 1.2184, ConversationID: 29.15)
JSON: {"__type":"GameListReply:#Messages.ReplyMessages","ConvId":{"Pid":29,"Seq":15},"MsgId":{"Pid":1,"Seq":2184},"Note":null,"Success":true,"GameInfo":[]}
04/13/2016 02:54:07 [16] DEBUG  Conversation                  : GameListConversation, ConversationID: 29.15: Send succeeded.
04/13/2016 02:54:07 [14] INFO   ispatcher+<>c__DisplayClass7_0: New Message Received: (Messages.ReplyMessages.GameListReply)
04/13/2016 02:54:07 [14] INFO   ispatcher+<>c__DisplayClass7_0: MessageId: 1.2184ConversationId: 29.15
04/13/2016 02:54:07 [14] DEBUG  Dispatcher                    : Successsfully queued a new message of type GameListReply, for conversation: 29.15
04/13/2016 02:54:07 [16] DEBUG  Conversation                  : GameListConversation, ConversationID: 29.15: Message available!
04/13/2016 02:54:07 [16] DEBUG  Conversation                  : GameListConversation, ConversationID: 29.15: Message available!
04/13/2016 02:54:07 [16] DEBUG  Conversation                  : GameListConversation, ConversationID: 29.15: Received Message is valid
04/13/2016 02:54:07 [16] DEBUG  Conversation                  : Received a Message of type: GameListReply
04/13/2016 02:54:07 [16] ERROR  Conversation                  : GameListConversation, ConversationID: 29.15: No games are available. 
04/13/2016 02:54:07 [16] ERROR  Conversation                  : GameListConversation, ConversationID: 29.15: Conversation Failed
04/13/2016 02:54:07 [16] ERROR  Conversation                  : GameListConversation, ConversationID: 29.15: Conversation Ending
04/13/2016 02:54:07 [16] INFO   Conversation                  : Conversation Failed
04/13/2016 02:54:07 [16] INFO   BackgroundThread              : Stopping 
04/13/2016 02:54:07 [16] DEBUG  BackgroundThread              : Leaving Stop
04/13/2016 02:54:07 [16] ERROR  Conversation                  : GameListConversation, ConversationID: 29.15: Conversation Failed
04/13/2016 02:54:07 [16] ERROR  Conversation                  : GameListConversation, ConversationID: 29.15: Conversation Ending
04/13/2016 02:54:07 [16] INFO   Conversation                  : Conversation Failed
04/13/2016 02:54:07 [16] INFO   BackgroundThread              : Stopping 
04/13/2016 02:54:07 [16] DEBUG  BackgroundThread              : Leaving Stop
04/13/2016 02:54:07 [ 9] DEBUG  PlayerProcess                 : In Process GetGameList function.
04/13/2016 02:54:07 [ 9] DEBUG  ConversationFactory           : Creating Conversation of type GameListConversation
04/13/2016 02:54:07 [ 9] DEBUG  Dispatcher                    : Adding Conversation Player.Conversation.GameListConversation, 29.16
04/13/2016 02:54:07 [ 9] DEBUG  Dispatcher                    :       New Queue ID: 29.16
04/13/2016 02:54:07 [ 9] INFO   BackgroundThread              : Starting 
04/13/2016 02:54:09 [17] DEBUG  GameListConversation          : Queuing game list request. 
04/13/2016 02:54:09 [17] DEBUG  InitiatedConversation         : GameListConversation, ConversationID: 29.16: Conversation Id  for Initiated conversation: 29.16
04/13/2016 02:54:09 [17] DEBUG  Conversation                  : GameListConversation, ConversationID: 29.16: Setting Message IDs
04/13/2016 02:54:09 [17] DEBUG  Conversation                  : GameListConversation, ConversationID: 29.16: Conversation is initiating send.
04/13/2016 02:54:09 [17] DEBUG  PostMan                       : Sending UDP (Messages.RequestMessages.GameListRequest, MessageID: 29.16, ConversationID: 29.16)
Endpoint: 127.0.0.1:12000
JSON: {"__type":"GameListRequest:#Messages.RequestMessages","ConvId":{"Pid":29,"Seq":16},"MsgId":{"Pid":29,"Seq":16},"StatusFilter":4}
04/13/2016 02:54:10 [17] DEBUG  PostMan                       : Message Delivered
04/13/2016 02:54:10 [10] DEBUG  PostMan                       : Received UDP (Messages.ReplyMessages.GameListReply, MessageID: 1.2185, ConversationID: 29.16)
JSON: {"__type":"GameListReply:#Messages.ReplyMessages","ConvId":{"Pid":29,"Seq":16},"MsgId":{"Pid":1,"Seq":2185},"Note":null,"Success":true,"GameInfo":[]}
04/13/2016 02:54:10 [17] DEBUG  Conversation                  : GameListConversation, ConversationID: 29.16: Send succeeded.
04/13/2016 02:54:10 [11] INFO   ispatcher+<>c__DisplayClass7_0: New Message Received: (Messages.ReplyMessages.GameListReply)
04/13/2016 02:54:10 [11] INFO   ispatcher+<>c__DisplayClass7_0: MessageId: 1.2185ConversationId: 29.16
04/13/2016 02:54:10 [11] DEBUG  Dispatcher                    : Successsfully queued a new message of type GameListReply, for conversation: 29.16
04/13/2016 02:54:10 [17] DEBUG  Conversation                  : GameListConversation, ConversationID: 29.16: Message available!
04/13/2016 02:54:10 [17] DEBUG  Conversation                  : GameListConversation, ConversationID: 29.16: Message available!
04/13/2016 02:54:10 [17] DEBUG  Conversation                  : GameListConversation, ConversationID: 29.16: Received Message is valid
04/13/2016 02:54:10 [17] DEBUG  Conversation                  : Received a Message of type: GameListReply
04/13/2016 02:54:10 [17] ERROR  Conversation                  : GameListConversation, ConversationID: 29.16: No games are available. 
04/13/2016 02:54:10 [17] ERROR  Conversation                  : GameListConversation, ConversationID: 29.16: Conversation Failed
04/13/2016 02:54:10 [17] ERROR  Conversation                  : GameListConversation, ConversationID: 29.16: Conversation Ending
04/13/2016 02:54:10 [17] INFO   Conversation                  : Conversation Failed
04/13/2016 02:54:10 [17] INFO   BackgroundThread              : Stopping 
04/13/2016 02:54:10 [ 9] DEBUG  PlayerProcess                 : In Process GetGameList function.
04/13/2016 02:54:10 [17] DEBUG  BackgroundThread              : Leaving Stop
04/13/2016 02:54:10 [17] ERROR  Conversation                  : GameListConversation, ConversationID: 29.16: Conversation Failed
04/13/2016 02:54:10 [17] ERROR  Conversation                  : GameListConversation, ConversationID: 29.16: Conversation Ending
04/13/2016 02:54:10 [17] INFO   Conversation                  : Conversation Failed
04/13/2016 02:54:10 [17] INFO   BackgroundThread              : Stopping 
04/13/2016 02:54:10 [17] DEBUG  BackgroundThread              : Leaving Stop
04/13/2016 02:54:10 [ 9] DEBUG  ConversationFactory           : Creating Conversation of type GameListConversation
04/13/2016 02:54:10 [ 9] DEBUG  Dispatcher                    : Adding Conversation Player.Conversation.GameListConversation, 29.17
04/13/2016 02:54:10 [ 9] DEBUG  Dispatcher                    :       New Queue ID: 29.17
04/13/2016 02:54:10 [ 9] INFO   BackgroundThread              : Starting 
04/13/2016 02:54:12 [14] DEBUG  GameListConversation          : Queuing game list request. 
04/13/2016 02:54:12 [14] DEBUG  InitiatedConversation         : GameListConversation, ConversationID: 29.17: Conversation Id  for Initiated conversation: 29.17
04/13/2016 02:54:12 [14] DEBUG  Conversation                  : GameListConversation, ConversationID: 29.17: Setting Message IDs
04/13/2016 02:54:12 [14] DEBUG  Conversation                  : GameListConversation, ConversationID: 29.17: Conversation is initiating send.
04/13/2016 02:54:12 [14] DEBUG  PostMan                       : Sending UDP (Messages.RequestMessages.GameListRequest, MessageID: 29.17, ConversationID: 29.17)
Endpoint: 127.0.0.1:12000
JSON: {"__type":"GameListRequest:#Messages.RequestMessages","ConvId":{"Pid":29,"Seq":17},"MsgId":{"Pid":29,"Seq":17},"StatusFilter":4}
04/13/2016 02:54:12 [14] DEBUG  PostMan                       : Message Delivered
04/13/2016 02:54:12 [10] DEBUG  PostMan                       : Received UDP (Messages.ReplyMessages.GameListReply, MessageID: 1.2186, ConversationID: 29.17)
JSON: {"__type":"GameListReply:#Messages.ReplyMessages","ConvId":{"Pid":29,"Seq":17},"MsgId":{"Pid":1,"Seq":2186},"Note":null,"Success":true,"GameInfo":[]}
04/13/2016 02:54:12 [14] DEBUG  Conversation                  : GameListConversation, ConversationID: 29.17: Send succeeded.
04/13/2016 02:54:12 [11] INFO   ispatcher+<>c__DisplayClass7_0: New Message Received: (Messages.ReplyMessages.GameListReply)
04/13/2016 02:54:12 [11] INFO   ispatcher+<>c__DisplayClass7_0: MessageId: 1.2186ConversationId: 29.17
04/13/2016 02:54:12 [11] DEBUG  Dispatcher                    : Successsfully queued a new message of type GameListReply, for conversation: 29.17
04/13/2016 02:54:12 [14] DEBUG  Conversation                  : GameListConversation, ConversationID: 29.17: Message available!
04/13/2016 02:54:13 [14] DEBUG  Conversation                  : GameListConversation, ConversationID: 29.17: Message available!
04/13/2016 02:54:13 [14] DEBUG  Conversation                  : GameListConversation, ConversationID: 29.17: Received Message is valid
04/13/2016 02:54:13 [14] DEBUG  Conversation                  : Received a Message of type: GameListReply
04/13/2016 02:54:13 [14] ERROR  Conversation                  : GameListConversation, ConversationID: 29.17: No games are available. 
04/13/2016 02:54:13 [14] ERROR  Conversation                  : GameListConversation, ConversationID: 29.17: Conversation Failed
04/13/2016 02:54:13 [14] ERROR  Conversation                  : GameListConversation, ConversationID: 29.17: Conversation Ending
04/13/2016 02:54:13 [14] INFO   Conversation                  : Conversation Failed
04/13/2016 02:54:13 [ 9] DEBUG  PlayerProcess                 : In Process GetGameList function.
04/13/2016 02:54:13 [14] INFO   BackgroundThread              : Stopping 
04/13/2016 02:54:13 [ 9] DEBUG  ConversationFactory           : Creating Conversation of type GameListConversation
04/13/2016 02:54:13 [ 9] DEBUG  Dispatcher                    : Adding Conversation Player.Conversation.GameListConversation, 29.18
04/13/2016 02:54:13 [ 9] DEBUG  Dispatcher                    :       New Queue ID: 29.18
04/13/2016 02:54:13 [ 9] INFO   BackgroundThread              : Starting 
04/13/2016 02:54:13 [14] DEBUG  BackgroundThread              : Leaving Stop
04/13/2016 02:54:13 [14] ERROR  Conversation                  : GameListConversation, ConversationID: 29.17: Conversation Failed
04/13/2016 02:54:13 [14] ERROR  Conversation                  : GameListConversation, ConversationID: 29.17: Conversation Ending
04/13/2016 02:54:13 [14] INFO   Conversation                  : Conversation Failed
04/13/2016 02:54:13 [14] INFO   BackgroundThread              : Stopping 
04/13/2016 02:54:13 [14] DEBUG  BackgroundThread              : Leaving Stop
04/13/2016 02:54:15 [12] DEBUG  GameListConversation          : Queuing game list request. 
04/13/2016 02:54:15 [12] DEBUG  InitiatedConversation         : GameListConversation, ConversationID: 29.18: Conversation Id  for Initiated conversation: 29.18
04/13/2016 02:54:15 [12] DEBUG  Conversation                  : GameListConversation, ConversationID: 29.18: Setting Message IDs
04/13/2016 02:54:15 [12] DEBUG  Conversation                  : GameListConversation, ConversationID: 29.18: Conversation is initiating send.
04/13/2016 02:54:15 [12] DEBUG  PostMan                       : Sending UDP (Messages.RequestMessages.GameListRequest, MessageID: 29.18, ConversationID: 29.18)
Endpoint: 127.0.0.1:12000
JSON: {"__type":"GameListRequest:#Messages.RequestMessages","ConvId":{"Pid":29,"Seq":18},"MsgId":{"Pid":29,"Seq":18},"StatusFilter":4}
04/13/2016 02:54:15 [12] DEBUG  PostMan                       : Message Delivered
04/13/2016 02:54:15 [10] DEBUG  PostMan                       : Received UDP (Messages.ReplyMessages.GameListReply, MessageID: 1.2187, ConversationID: 29.18)
JSON: {"__type":"GameListReply:#Messages.ReplyMessages","ConvId":{"Pid":29,"Seq":18},"MsgId":{"Pid":1,"Seq":2187},"Note":null,"Success":true,"GameInfo":[]}
04/13/2016 02:54:15 [12] DEBUG  Conversation                  : GameListConversation, ConversationID: 29.18: Send succeeded.
04/13/2016 02:54:15 [16] INFO   ispatcher+<>c__DisplayClass7_0: New Message Received: (Messages.ReplyMessages.GameListReply)
04/13/2016 02:54:15 [16] INFO   ispatcher+<>c__DisplayClass7_0: MessageId: 1.2187ConversationId: 29.18
04/13/2016 02:54:15 [16] DEBUG  Dispatcher                    : Successsfully queued a new message of type GameListReply, for conversation: 29.18
04/13/2016 02:54:15 [12] DEBUG  Conversation                  : GameListConversation, ConversationID: 29.18: Message available!
04/13/2016 02:54:15 [12] DEBUG  Conversation                  : GameListConversation, ConversationID: 29.18: Message available!
04/13/2016 02:54:15 [12] DEBUG  Conversation                  : GameListConversation, ConversationID: 29.18: Received Message is valid
04/13/2016 02:54:15 [12] DEBUG  Conversation                  : Received a Message of type: GameListReply
04/13/2016 02:54:15 [12] ERROR  Conversation                  : GameListConversation, ConversationID: 29.18: No games are available. 
04/13/2016 02:54:15 [12] ERROR  Conversation                  : GameListConversation, ConversationID: 29.18: Conversation Failed
04/13/2016 02:54:15 [12] ERROR  Conversation                  : GameListConversation, ConversationID: 29.18: Conversation Ending
04/13/2016 02:54:15 [12] INFO   Conversation                  : Conversation Failed
04/13/2016 02:54:15 [12] INFO   BackgroundThread              : Stopping 
04/13/2016 02:54:15 [12] DEBUG  BackgroundThread              : Leaving Stop
04/13/2016 02:54:15 [12] ERROR  Conversation                  : GameListConversation, ConversationID: 29.18: Conversation Failed
04/13/2016 02:54:15 [12] ERROR  Conversation                  : GameListConversation, ConversationID: 29.18: Conversation Ending
04/13/2016 02:54:15 [12] INFO   Conversation                  : Conversation Failed
04/13/2016 02:54:15 [12] INFO   BackgroundThread              : Stopping 
04/13/2016 02:54:15 [12] DEBUG  BackgroundThread              : Leaving Stop
04/13/2016 02:54:16 [ 9] DEBUG  PlayerProcess                 : In Process GetGameList function.
04/13/2016 02:54:16 [ 9] DEBUG  ConversationFactory           : Creating Conversation of type GameListConversation
04/13/2016 02:54:16 [ 9] DEBUG  Dispatcher                    : Adding Conversation Player.Conversation.GameListConversation, 29.19
04/13/2016 02:54:16 [ 9] DEBUG  Dispatcher                    :       New Queue ID: 29.19
04/13/2016 02:54:16 [ 9] INFO   BackgroundThread              : Starting 
