04/07/2016 02:41:54 [10] DEBUG  PlayerConnection              : Using Local Settings.
04/07/2016 02:41:54 [10] DEBUG  PlayerConnection              : Starting Application. 
04/07/2016 02:41:54 [10] DEBUG  PlayerProcess                 : Initializeing Player Subsystem.
04/07/2016 02:41:54 [10] DEBUG  PostMan                       : Port is: 10000
04/07/2016 02:41:54 [10] DEBUG  PlayerProcess                 : Initializing Player Details.
04/07/2016 02:41:54 [10] INFO   BackgroundThread              : Starting 
04/07/2016 02:41:54 [ 6] INFO   BackgroundThread              : Starting 
04/07/2016 02:41:54 [ 6] DEBUG  PlayerProcess                 : In Process Login function.
04/07/2016 02:41:54 [ 6] DEBUG  Dispatcher                    : Adding Conversation Player.Conversation.LoginConversation, 0.1
04/07/2016 02:41:54 [ 6] DEBUG  Dispatcher                    :       New Queue ID: 0.1
04/07/2016 02:41:54 [ 6] INFO   BackgroundThread              : Starting 
04/07/2016 02:41:54 [16] DEBUG  LoginConversation             : Creating login request. 
04/07/2016 02:41:54 [16] DEBUG  InitiatedConversation         : Conversation Id  for initiated conversation: 0.1
04/07/2016 02:41:54 [16] DEBUG  PostMan                       : Sending UDP (Messages.RequestMessages.LoginRequest)
04/07/2016 02:41:54 [16] DEBUG  PostMan                       : MessageId: 0.1ConversationId: 0.1
04/07/2016 02:41:54 [16] DEBUG  PostMan                       : Message Delivered
04/07/2016 02:41:54 [14] DEBUG  PostMan                       : Message Received!
04/07/2016 02:41:54 [14] DEBUG  PostMan                       : Raw Message: 
04/07/2016 02:41:54 [14] DEBUG  PostMan                       : {"__type":"LoginReply:#Messages.ReplyMessages","ConvId":{"Pid":0,"Seq":1},"MsgId":{"Pid":1,"Seq":10},"Note":"Logged in","Success":true,"PennyBankEndPoint":{"Host":"127.0.0.1","Port":12003},"PennyBankPublicKey":null,"ProcessInfo":{"EndPoint":{"Host":"127.0.0.1","Port":10000},"Label":"The Instructor","ProcessId":7,"Status":3,"Type":3},"ProxyEndPoint":{"Host":"127.0.0.1","Port":12002}}
04/07/2016 02:41:54 [14] DEBUG  PostMan                       : Message ID: 1.10, ConversationId: 0.1
04/07/2016 02:41:55 [14] DEBUG  Dispatcher                    : Received (Messages.ReplyMessages.LoginReply)
04/07/2016 02:41:55 [14] DEBUG  Dispatcher                    : MessageId: 1.10ConversationId: 0.1
04/07/2016 02:41:59 [16] DEBUG  LoginConversation             : Received a login reply message.
04/07/2016 02:41:59 [16] INFO   BackgroundThread              : Stopping 
04/07/2016 02:41:59 [16] DEBUG  BackgroundThread              : Leaving Stop
04/07/2016 02:42:00 [ 6] DEBUG  PlayerProcess                 : In Process GetGameList function.
04/07/2016 02:42:00 [ 6] DEBUG  Dispatcher                    : Adding Conversation Player.Conversation.GameListConversation, 7.2
04/07/2016 02:42:00 [ 6] DEBUG  Dispatcher                    :       New Queue ID: 7.2
04/07/2016 02:42:00 [ 6] INFO   BackgroundThread              : Starting 
04/07/2016 02:42:00 [13] DEBUG  GameListConversation          : Queuing game list request. 
04/07/2016 02:42:00 [13] DEBUG  InitiatedConversation         : Conversation Id  for initiated conversation: 7.2
04/07/2016 02:42:00 [13] DEBUG  PostMan                       : Sending UDP (Messages.RequestMessages.GameListRequest)
04/07/2016 02:42:00 [13] DEBUG  PostMan                       : MessageId: 7.2ConversationId: 7.2
04/07/2016 02:42:00 [13] DEBUG  PostMan                       : Message Delivered
04/07/2016 02:42:00 [14] DEBUG  PostMan                       : Message Received!
04/07/2016 02:42:00 [14] DEBUG  PostMan                       : Raw Message: 
04/07/2016 02:42:00 [14] DEBUG  PostMan                       : {"__type":"GameListReply:#Messages.ReplyMessages","ConvId":{"Pid":7,"Seq":2},"MsgId":{"Pid":1,"Seq":11},"Note":null,"Success":true,"GameInfo":[{"CurrentProcesses":[{"HasUmbrellaRaised":false,"HitPoints":0,"LifePoints":100,"ProcessId":5,"Type":5},{"HasUmbrellaRaised":false,"HitPoints":0,"LifePoints":100,"ProcessId":4,"Type":5},{"HasUmbrellaRaised":false,"HitPoints":0,"LifePoints":100,"ProcessId":6,"Type":4}],"GameId":3,"GameManagerId":2,"Label":"GM35996's 1st Game","MaxPlayers":4,"MinPlayers":3,"StartingPlayers":[],"Status":4,"Winners":null}]}
04/07/2016 02:42:00 [14] DEBUG  PostMan                       : Message ID: 1.11, ConversationId: 7.2
04/07/2016 02:42:00 [14] DEBUG  Dispatcher                    : Received (Messages.ReplyMessages.GameListReply)
04/07/2016 02:42:00 [14] DEBUG  Dispatcher                    : MessageId: 1.11ConversationId: 7.2
04/07/2016 02:42:05 [13] DEBUG  GameListConversation          : Received a game list reply message.
04/07/2016 02:42:05 [13] INFO   BackgroundThread              : Stopping 
04/07/2016 02:42:05 [13] DEBUG  BackgroundThread              : Leaving Stop
04/07/2016 02:42:05 [ 6] DEBUG  PlayerProcess                 : Life points is null, game needs to be started.
04/07/2016 02:42:05 [ 6] DEBUG  Dispatcher                    : Adding Conversation Player.Conversation.JoinGameConversation, 7.3
04/07/2016 02:42:05 [ 6] DEBUG  Dispatcher                    :       New Queue ID: 7.3
04/07/2016 02:42:05 [ 6] INFO   BackgroundThread              : Starting 
04/07/2016 02:42:05 [17] DEBUG  JoinGameConversation          : Queuing join game request. 
04/07/2016 02:42:05 [17] DEBUG  JoinGameConversation          : Requesting GameId: 3
04/07/2016 02:42:05 [17] DEBUG  InitiatedConversation         : Conversation Id  for initiated conversation: 7.3
04/07/2016 02:42:05 [17] DEBUG  PostMan                       : Sending UDP (Messages.Routing)
04/07/2016 02:42:05 [17] DEBUG  PostMan                       : MessageId: 7.3ConversationId: 7.3
04/07/2016 02:42:05 [17] DEBUG  PostMan                       : Message Delivered
04/07/2016 02:42:05 [14] DEBUG  PostMan                       : Message Received!
04/07/2016 02:42:05 [14] DEBUG  PostMan                       : Raw Message: 
04/07/2016 02:42:05 [14] DEBUG  PostMan                       : {"__type":"Routing:#Messages","ConvId":{"Pid":7,"Seq":3},"MsgId":{"Pid":2,"Seq":18},"InnerMessage":{"__type":"JoinGameReply:#Messages.ReplyMessages","ConvId":{"Pid":7,"Seq":3},"MsgId":{"Pid":2,"Seq":18},"Note":null,"Success":true,"GameId":3,"InitialLifePoints":100},"ToProcessIds":[7]}
04/07/2016 02:42:05 [ 6] DEBUG  PlayerProcess                 : No games available, setting status to 'Registered'
04/07/2016 02:42:05 [14] DEBUG  PostMan                       : Message ID: 2.18, ConversationId: 7.3
04/07/2016 02:42:05 [14] DEBUG  Dispatcher                    : Received (Messages.Routing)
04/07/2016 02:42:05 [14] DEBUG  Dispatcher                    : MessageId: 2.18ConversationId: 7.3
04/07/2016 02:42:05 [ 6] DEBUG  PlayerProcess                 : In Process GetGameList function.
04/07/2016 02:42:05 [ 6] DEBUG  Dispatcher                    : Adding Conversation Player.Conversation.GameListConversation, 7.4
04/07/2016 02:42:05 [ 6] DEBUG  Dispatcher                    :       New Queue ID: 7.4
04/07/2016 02:42:05 [ 6] INFO   BackgroundThread              : Starting 
04/07/2016 02:42:05 [16] DEBUG  GameListConversation          : Queuing game list request. 
04/07/2016 02:42:05 [16] DEBUG  InitiatedConversation         : Conversation Id  for initiated conversation: 7.4
04/07/2016 02:42:05 [16] DEBUG  PostMan                       : Sending UDP (Messages.RequestMessages.GameListRequest)
04/07/2016 02:42:05 [16] DEBUG  PostMan                       : MessageId: 7.4ConversationId: 7.4
04/07/2016 02:42:05 [16] DEBUG  PostMan                       : Message Delivered
04/07/2016 02:42:05 [14] DEBUG  PostMan                       : Message Received!
04/07/2016 02:42:05 [14] DEBUG  PostMan                       : Raw Message: 
04/07/2016 02:42:05 [14] DEBUG  PostMan                       : {"__type":"GameListReply:#Messages.ReplyMessages","ConvId":{"Pid":7,"Seq":4},"MsgId":{"Pid":1,"Seq":14},"Note":null,"Success":true,"GameInfo":[{"CurrentProcesses":[{"HasUmbrellaRaised":false,"HitPoints":0,"LifePoints":100,"ProcessId":5,"Type":5},{"HasUmbrellaRaised":false,"HitPoints":0,"LifePoints":100,"ProcessId":4,"Type":5},{"HasUmbrellaRaised":false,"HitPoints":0,"LifePoints":100,"ProcessId":6,"Type":4},{"HasUmbrellaRaised":false,"HitPoints":0,"LifePoints":100,"ProcessId":7,"Type":3}],"GameId":3,"GameManagerId":2,"Label":"GM35996's 1st Game","MaxPlayers":4,"MinPlayers":3,"StartingPlayers":[],"Status":4,"Winners":null}]}
04/07/2016 02:42:05 [14] DEBUG  PostMan                       : Message ID: 1.14, ConversationId: 7.4
04/07/2016 02:42:05 [14] DEBUG  Dispatcher                    : Received (Messages.ReplyMessages.GameListReply)
04/07/2016 02:42:05 [14] DEBUG  Dispatcher                    : MessageId: 1.14ConversationId: 7.4
04/07/2016 02:42:05 [14] DEBUG  PostMan                       : Message Received!
04/07/2016 02:42:05 [14] DEBUG  PostMan                       : Raw Message: 
04/07/2016 02:42:05 [14] DEBUG  PostMan                       : {"__type":"AllowanceDeliveryRequest:#Messages.RequestMessages","ConvId":{"Pid":1,"Seq":15},"MsgId":{"Pid":1,"Seq":15},"NumberOfPennies":400,"PortNumber":12999}
04/07/2016 02:42:05 [14] DEBUG  PostMan                       : Message ID: 1.15, ConversationId: 1.15
04/07/2016 02:42:05 [14] DEBUG  Dispatcher                    : Received (Messages.RequestMessages.AllowanceDeliveryRequest)
04/07/2016 02:42:05 [14] DEBUG  Dispatcher                    : MessageId: 1.15ConversationId: 1.15
04/07/2016 02:42:05 [14] DEBUG  Dispatcher                    : Conversation  with id= 1.15 does not exist, trying to create new conversation.
04/07/2016 02:42:05 [14] DEBUG  Dispatcher                    : Adding Conversation Player.Conversation.AllowanceDeliveryConversation, 1.15
04/07/2016 02:42:05 [14] DEBUG  Dispatcher                    :       New Queue ID: 1.15
04/07/2016 02:42:05 [14] INFO   BackgroundThread              : Starting 
04/07/2016 02:42:06 [15] DEBUG  AllowanceDeliveryConversation : Received Allowance Delivery Request. 
04/07/2016 02:42:06 [15] DEBUG  AllowanceDeliveryConversation : Creating Reply to Allowance Delivery request. 
04/07/2016 02:42:06 [15] DEBUG  ResponseConversation          : Conversation Id  for Response conversation: 1.15
04/07/2016 02:42:06 [15] DEBUG  PostMan                       : Sending UDP (Messages.ReplyMessages.Reply)
04/07/2016 02:42:06 [15] DEBUG  PostMan                       : MessageId: 1.15ConversationId: 7.5
04/07/2016 02:42:06 [15] DEBUG  PostMan                       : Message Delivered
04/07/2016 02:42:06 [15] DEBUG  TCPStreamReader               : Starting TCP Listener
04/07/2016 02:42:06 [15] DEBUG  TCPStreamReader               : Getting Message Length
