04/09/2016 05:16:21 [ 7] DEBUG  PlayerConnection              : Using Local Settings.
04/09/2016 05:16:21 [ 7] DEBUG  PlayerConnection              : Starting Application. 
04/09/2016 05:16:21 [ 7] DEBUG  PlayerProcess                 : Initializeing Player Subsystem.
04/09/2016 05:16:21 [ 7] DEBUG  PlayerProcess                 : Initializing Player Details.
04/09/2016 05:16:21 [ 7] INFO   BackgroundThread              : Starting 
04/09/2016 05:16:21 [ 9] INFO   BackgroundThread              : Starting 
04/09/2016 05:16:21 [ 9] DEBUG  PlayerProcess                 : In Process Login function.
04/09/2016 05:16:21 [ 9] DEBUG  Dispatcher                    : Adding Conversation Player.Conversation.LoginConversation, 0.1
04/09/2016 05:16:21 [ 9] DEBUG  Dispatcher                    :       New Queue ID: 0.1
04/09/2016 05:16:21 [ 9] INFO   BackgroundThread              : Starting 
04/09/2016 05:16:21 [10] DEBUG  LoginConversation             : Creating login request. 
04/09/2016 05:16:21 [10] DEBUG  InitiatedConversation         : Conversation Id  for initiated conversation: 0.1
04/09/2016 05:16:22 [10] DEBUG  PostMan                       : Sending UDP (Messages.RequestMessages.LoginRequest, MessageID: 0.1, ConversationID: 0.1)
JSON: {"__type":"LoginRequest:#Messages.RequestMessages","ConvId":{"Pid":0,"Seq":1},"MsgId":{"Pid":0,"Seq":1},"Identity":{"ANumber":"A00000001","Alias":"The Instructor","FirstName":"The","LastName":"Instructor"},"ProcessLabel":"The Instructor","ProcessType":3,"PublicKey":null}
04/09/2016 05:16:22 [10] DEBUG  PostMan                       : Message Delivered
04/09/2016 05:16:22 [11] DEBUG  PostMan                       : Received UDP (Messages.ReplyMessages.LoginReply, MessageID: 1.65, ConversationID: 0.1)
JSON: {"__type":"LoginReply:#Messages.ReplyMessages","ConvId":{"Pid":0,"Seq":1},"MsgId":{"Pid":1,"Seq":65},"Note":"Logged in","Success":true,"PennyBankEndPoint":{"Host":"127.0.0.1","Port":12003},"PennyBankPublicKey":null,"ProcessInfo":{"EndPoint":{"Host":"127.0.0.1","Port":10000},"Label":"The Instructor","ProcessId":8,"Status":3,"Type":3},"ProxyEndPoint":{"Host":"127.0.0.1","Port":12002}}
04/09/2016 05:16:22 [11] INFO   Dispatcher                    : New Message Received: (Messages.ReplyMessages.LoginReply)
04/09/2016 05:16:22 [11] INFO   Dispatcher                    : MessageId: 1.65ConversationId: 0.1
04/09/2016 05:16:27 [10] DEBUG  LoginConversation             : Received a login reply message.
04/09/2016 05:16:27 [10] INFO   BackgroundThread              : Stopping 
04/09/2016 05:16:27 [10] DEBUG  BackgroundThread              : Leaving Stop
04/09/2016 05:16:27 [ 9] DEBUG  PlayerProcess                 : In Process GetGameList function.
04/09/2016 05:16:27 [ 9] DEBUG  Dispatcher                    : Adding Conversation Player.Conversation.GameListConversation, 8.2
04/09/2016 05:16:27 [ 9] DEBUG  Dispatcher                    :       New Queue ID: 8.2
04/09/2016 05:16:27 [ 9] INFO   BackgroundThread              : Starting 
04/09/2016 05:16:27 [12] DEBUG  GameListConversation          : Queuing game list request. 
04/09/2016 05:16:27 [12] DEBUG  InitiatedConversation         : Conversation Id  for initiated conversation: 8.2
04/09/2016 05:16:27 [12] DEBUG  PostMan                       : Sending UDP (Messages.RequestMessages.GameListRequest, MessageID: 8.2, ConversationID: 8.2)
JSON: {"__type":"GameListRequest:#Messages.RequestMessages","ConvId":{"Pid":8,"Seq":2},"MsgId":{"Pid":8,"Seq":2},"StatusFilter":4}
04/09/2016 05:16:27 [12] DEBUG  PostMan                       : Message Delivered
04/09/2016 05:16:27 [11] DEBUG  PostMan                       : Received UDP (Messages.ReplyMessages.GameListReply, MessageID: 1.66, ConversationID: 8.2)
JSON: {"__type":"GameListReply:#Messages.ReplyMessages","ConvId":{"Pid":8,"Seq":2},"MsgId":{"Pid":1,"Seq":66},"Note":null,"Success":true,"GameInfo":[]}
04/09/2016 05:16:27 [11] INFO   Dispatcher                    : New Message Received: (Messages.ReplyMessages.GameListReply)
04/09/2016 05:16:27 [11] INFO   Dispatcher                    : MessageId: 1.66ConversationId: 8.2
04/09/2016 05:16:32 [12] DEBUG  GameListConversation          : Received a game list reply message.
04/09/2016 05:16:32 [12] ERROR  GameListConversation          : Either the message received was null, or no games are available. 
04/09/2016 05:16:32 [12] INFO   BackgroundThread              : Stopping 
04/09/2016 05:16:32 [12] DEBUG  BackgroundThread              : Leaving Stop
04/09/2016 05:16:32 [ 9] DEBUG  PlayerProcess                 : In Process GetGameList function.
04/09/2016 05:16:32 [ 9] DEBUG  Dispatcher                    : Adding Conversation Player.Conversation.GameListConversation, 8.3
04/09/2016 05:16:32 [ 9] DEBUG  Dispatcher                    :       New Queue ID: 8.3
04/09/2016 05:16:32 [ 9] INFO   BackgroundThread              : Starting 
04/09/2016 05:16:32 [10] DEBUG  GameListConversation          : Queuing game list request. 
04/09/2016 05:16:32 [10] DEBUG  InitiatedConversation         : Conversation Id  for initiated conversation: 8.3
04/09/2016 05:16:32 [10] DEBUG  PostMan                       : Sending UDP (Messages.RequestMessages.GameListRequest, MessageID: 8.3, ConversationID: 8.3)
JSON: {"__type":"GameListRequest:#Messages.RequestMessages","ConvId":{"Pid":8,"Seq":3},"MsgId":{"Pid":8,"Seq":3},"StatusFilter":4}
04/09/2016 05:16:32 [10] DEBUG  PostMan                       : Message Delivered
04/09/2016 05:16:32 [11] DEBUG  PostMan                       : Received UDP (Messages.ReplyMessages.GameListReply, MessageID: 1.67, ConversationID: 8.3)
JSON: {"__type":"GameListReply:#Messages.ReplyMessages","ConvId":{"Pid":8,"Seq":3},"MsgId":{"Pid":1,"Seq":67},"Note":null,"Success":true,"GameInfo":[]}
04/09/2016 05:16:32 [11] INFO   Dispatcher                    : New Message Received: (Messages.ReplyMessages.GameListReply)
04/09/2016 05:16:32 [11] INFO   Dispatcher                    : MessageId: 1.67ConversationId: 8.3
04/09/2016 05:16:37 [10] DEBUG  GameListConversation          : Received a game list reply message.
04/09/2016 05:16:37 [10] ERROR  GameListConversation          : Either the message received was null, or no games are available. 
04/09/2016 05:16:37 [10] INFO   BackgroundThread              : Stopping 
04/09/2016 05:16:37 [10] DEBUG  BackgroundThread              : Leaving Stop
04/09/2016 05:16:37 [ 9] DEBUG  PlayerProcess                 : In Process GetGameList function.
04/09/2016 05:16:37 [ 9] DEBUG  Dispatcher                    : Adding Conversation Player.Conversation.GameListConversation, 8.4
04/09/2016 05:16:37 [ 9] DEBUG  Dispatcher                    :       New Queue ID: 8.4
04/09/2016 05:16:37 [ 9] INFO   BackgroundThread              : Starting 
04/09/2016 05:16:37 [12] DEBUG  GameListConversation          : Queuing game list request. 
04/09/2016 05:16:37 [12] DEBUG  InitiatedConversation         : Conversation Id  for initiated conversation: 8.4
04/09/2016 05:16:37 [12] DEBUG  PostMan                       : Sending UDP (Messages.RequestMessages.GameListRequest, MessageID: 8.4, ConversationID: 8.4)
JSON: {"__type":"GameListRequest:#Messages.RequestMessages","ConvId":{"Pid":8,"Seq":4},"MsgId":{"Pid":8,"Seq":4},"StatusFilter":4}
04/09/2016 05:16:37 [12] DEBUG  PostMan                       : Message Delivered
04/09/2016 05:16:37 [11] DEBUG  PostMan                       : Received UDP (Messages.ReplyMessages.GameListReply, MessageID: 1.68, ConversationID: 8.4)
JSON: {"__type":"GameListReply:#Messages.ReplyMessages","ConvId":{"Pid":8,"Seq":4},"MsgId":{"Pid":1,"Seq":68},"Note":null,"Success":true,"GameInfo":[]}
04/09/2016 05:16:37 [11] INFO   Dispatcher                    : New Message Received: (Messages.ReplyMessages.GameListReply)
04/09/2016 05:16:37 [11] INFO   Dispatcher                    : MessageId: 1.68ConversationId: 8.4
04/09/2016 05:16:42 [12] DEBUG  GameListConversation          : Received a game list reply message.
04/09/2016 05:16:42 [12] ERROR  GameListConversation          : Either the message received was null, or no games are available. 
04/09/2016 05:16:42 [12] INFO   BackgroundThread              : Stopping 
04/09/2016 05:16:42 [12] DEBUG  BackgroundThread              : Leaving Stop
04/09/2016 05:16:42 [ 9] DEBUG  PlayerProcess                 : In Process GetGameList function.
04/09/2016 05:16:42 [ 9] DEBUG  Dispatcher                    : Adding Conversation Player.Conversation.GameListConversation, 8.5
04/09/2016 05:16:42 [ 9] DEBUG  Dispatcher                    :       New Queue ID: 8.5
04/09/2016 05:16:42 [ 9] INFO   BackgroundThread              : Starting 
04/09/2016 05:16:42 [14] DEBUG  GameListConversation          : Queuing game list request. 
04/09/2016 05:16:42 [14] DEBUG  InitiatedConversation         : Conversation Id  for initiated conversation: 8.5
04/09/2016 05:16:42 [14] DEBUG  PostMan                       : Sending UDP (Messages.RequestMessages.GameListRequest, MessageID: 8.5, ConversationID: 8.5)
JSON: {"__type":"GameListRequest:#Messages.RequestMessages","ConvId":{"Pid":8,"Seq":5},"MsgId":{"Pid":8,"Seq":5},"StatusFilter":4}
04/09/2016 05:16:42 [14] DEBUG  PostMan                       : Message Delivered
04/09/2016 05:16:42 [11] DEBUG  PostMan                       : Received UDP (Messages.ReplyMessages.GameListReply, MessageID: 1.69, ConversationID: 8.5)
JSON: {"__type":"GameListReply:#Messages.ReplyMessages","ConvId":{"Pid":8,"Seq":5},"MsgId":{"Pid":1,"Seq":69},"Note":null,"Success":true,"GameInfo":[]}
04/09/2016 05:16:42 [11] INFO   Dispatcher                    : New Message Received: (Messages.ReplyMessages.GameListReply)
04/09/2016 05:16:42 [11] INFO   Dispatcher                    : MessageId: 1.69ConversationId: 8.5
04/09/2016 05:16:47 [14] DEBUG  GameListConversation          : Received a game list reply message.
04/09/2016 05:16:47 [14] ERROR  GameListConversation          : Either the message received was null, or no games are available. 
04/09/2016 05:16:47 [14] INFO   BackgroundThread              : Stopping 
04/09/2016 05:16:47 [14] DEBUG  BackgroundThread              : Leaving Stop
04/09/2016 05:16:47 [ 9] DEBUG  PlayerProcess                 : In Process GetGameList function.
04/09/2016 05:16:47 [ 9] DEBUG  Dispatcher                    : Adding Conversation Player.Conversation.GameListConversation, 8.6
04/09/2016 05:16:47 [ 9] DEBUG  Dispatcher                    :       New Queue ID: 8.6
04/09/2016 05:16:47 [ 9] INFO   BackgroundThread              : Starting 
04/09/2016 05:16:47 [12] DEBUG  GameListConversation          : Queuing game list request. 
04/09/2016 05:16:47 [12] DEBUG  InitiatedConversation         : Conversation Id  for initiated conversation: 8.6
04/09/2016 05:16:47 [12] DEBUG  PostMan                       : Sending UDP (Messages.RequestMessages.GameListRequest, MessageID: 8.6, ConversationID: 8.6)
JSON: {"__type":"GameListRequest:#Messages.RequestMessages","ConvId":{"Pid":8,"Seq":6},"MsgId":{"Pid":8,"Seq":6},"StatusFilter":4}
04/09/2016 05:16:47 [12] DEBUG  PostMan                       : Message Delivered
04/09/2016 05:16:47 [11] DEBUG  PostMan                       : Received UDP (Messages.ReplyMessages.GameListReply, MessageID: 1.70, ConversationID: 8.6)
JSON: {"__type":"GameListReply:#Messages.ReplyMessages","ConvId":{"Pid":8,"Seq":6},"MsgId":{"Pid":1,"Seq":70},"Note":null,"Success":true,"GameInfo":[]}
04/09/2016 05:16:47 [11] INFO   Dispatcher                    : New Message Received: (Messages.ReplyMessages.GameListReply)
04/09/2016 05:16:47 [11] INFO   Dispatcher                    : MessageId: 1.70ConversationId: 8.6
04/09/2016 05:16:51 [11] DEBUG  PostMan                       : Received UDP (Messages.RequestMessages.AliveRequest, MessageID: 1.72, ConversationID: 1.72)
JSON: {"__type":"AliveRequest:#Messages.RequestMessages","ConvId":{"Pid":1,"Seq":72},"MsgId":{"Pid":1,"Seq":72}}
04/09/2016 05:16:51 [11] INFO   Dispatcher                    : New Message Received: (Messages.RequestMessages.AliveRequest)
04/09/2016 05:16:51 [11] INFO   Dispatcher                    : MessageId: 1.72ConversationId: 1.72
04/09/2016 05:16:51 [11] DEBUG  Dispatcher                    : Conversation  with id= 1.72 does not exist, trying to create new conversation.
04/09/2016 05:16:51 [11] DEBUG  Dispatcher                    : Adding Conversation Player.Conversation.AliveConversation, 1.72
04/09/2016 05:16:51 [11] DEBUG  Dispatcher                    :       New Queue ID: 1.72
04/09/2016 05:16:51 [11] INFO   BackgroundThread              : Starting 
04/09/2016 05:16:51 [10] DEBUG  AliveConversation             : Creating Alive Response
04/09/2016 05:16:51 [10] DEBUG  ResponseConversation          : Conversation Id  for Response conversation: 1.72
04/09/2016 05:16:51 [10] DEBUG  PostMan                       : Sending UDP (Messages.ReplyMessages.Reply, MessageID: 8.7, ConversationID: 1.72)
JSON: {"__type":"Reply:#Messages.ReplyMessages","ConvId":{"Pid":1,"Seq":72},"MsgId":{"Pid":8,"Seq":7},"Note":"I'm Alive","Success":true}
04/09/2016 05:16:51 [10] DEBUG  PostMan                       : Message Delivered
04/09/2016 05:16:52 [12] DEBUG  GameListConversation          : Received a game list reply message.
04/09/2016 05:16:52 [12] ERROR  GameListConversation          : Either the message received was null, or no games are available. 
04/09/2016 05:16:52 [12] INFO   BackgroundThread              : Stopping 
04/09/2016 05:16:52 [12] DEBUG  BackgroundThread              : Leaving Stop
04/09/2016 05:16:52 [ 9] DEBUG  PlayerProcess                 : In Process GetGameList function.
04/09/2016 05:16:52 [ 9] DEBUG  Dispatcher                    : Adding Conversation Player.Conversation.GameListConversation, 8.8
04/09/2016 05:16:52 [ 9] DEBUG  Dispatcher                    :       New Queue ID: 8.8
04/09/2016 05:16:52 [ 9] INFO   BackgroundThread              : Starting 
04/09/2016 05:16:52 [10] DEBUG  GameListConversation          : Queuing game list request. 
04/09/2016 05:16:52 [10] DEBUG  InitiatedConversation         : Conversation Id  for initiated conversation: 8.8
04/09/2016 05:16:52 [10] DEBUG  PostMan                       : Sending UDP (Messages.RequestMessages.GameListRequest, MessageID: 8.8, ConversationID: 8.8)
JSON: {"__type":"GameListRequest:#Messages.RequestMessages","ConvId":{"Pid":8,"Seq":8},"MsgId":{"Pid":8,"Seq":8},"StatusFilter":4}
04/09/2016 05:16:52 [10] DEBUG  PostMan                       : Message Delivered
04/09/2016 05:16:52 [11] DEBUG  PostMan                       : Received UDP (Messages.ReplyMessages.GameListReply, MessageID: 1.73, ConversationID: 8.8)
JSON: {"__type":"GameListReply:#Messages.ReplyMessages","ConvId":{"Pid":8,"Seq":8},"MsgId":{"Pid":1,"Seq":73},"Note":null,"Success":true,"GameInfo":[]}
04/09/2016 05:16:53 [11] INFO   Dispatcher                    : New Message Received: (Messages.ReplyMessages.GameListReply)
04/09/2016 05:16:53 [11] INFO   Dispatcher                    : MessageId: 1.73ConversationId: 8.8
04/09/2016 05:16:57 [10] DEBUG  GameListConversation          : Received a game list reply message.
04/09/2016 05:16:57 [10] ERROR  GameListConversation          : Either the message received was null, or no games are available. 
04/09/2016 05:16:57 [10] INFO   BackgroundThread              : Stopping 
04/09/2016 05:16:57 [10] DEBUG  BackgroundThread              : Leaving Stop
04/09/2016 05:16:58 [ 9] DEBUG  PlayerProcess                 : In Process GetGameList function.
04/09/2016 05:16:58 [ 9] DEBUG  Dispatcher                    : Adding Conversation Player.Conversation.GameListConversation, 8.9
04/09/2016 05:16:58 [ 9] DEBUG  Dispatcher                    :       New Queue ID: 8.9
04/09/2016 05:16:58 [ 9] INFO   BackgroundThread              : Starting 
04/09/2016 05:16:58 [12] DEBUG  GameListConversation          : Queuing game list request. 
04/09/2016 05:16:58 [12] DEBUG  InitiatedConversation         : Conversation Id  for initiated conversation: 8.9
04/09/2016 05:16:58 [12] DEBUG  PostMan                       : Sending UDP (Messages.RequestMessages.GameListRequest, MessageID: 8.9, ConversationID: 8.9)
JSON: {"__type":"GameListRequest:#Messages.RequestMessages","ConvId":{"Pid":8,"Seq":9},"MsgId":{"Pid":8,"Seq":9},"StatusFilter":4}
04/09/2016 05:16:58 [12] DEBUG  PostMan                       : Message Delivered
04/09/2016 05:16:58 [11] DEBUG  PostMan                       : Received UDP (Messages.ReplyMessages.GameListReply, MessageID: 1.74, ConversationID: 8.9)
JSON: {"__type":"GameListReply:#Messages.ReplyMessages","ConvId":{"Pid":8,"Seq":9},"MsgId":{"Pid":1,"Seq":74},"Note":null,"Success":true,"GameInfo":[]}
04/09/2016 05:16:58 [11] INFO   Dispatcher                    : New Message Received: (Messages.ReplyMessages.GameListReply)
04/09/2016 05:16:58 [11] INFO   Dispatcher                    : MessageId: 1.74ConversationId: 8.9
04/09/2016 05:17:03 [12] DEBUG  GameListConversation          : Received a game list reply message.
04/09/2016 05:17:03 [12] ERROR  GameListConversation          : Either the message received was null, or no games are available. 
04/09/2016 05:17:03 [12] INFO   BackgroundThread              : Stopping 
04/09/2016 05:17:03 [12] DEBUG  BackgroundThread              : Leaving Stop
04/09/2016 05:17:03 [ 9] DEBUG  PlayerProcess                 : In Process GetGameList function.
04/09/2016 05:17:03 [ 9] DEBUG  Dispatcher                    : Adding Conversation Player.Conversation.GameListConversation, 8.10
04/09/2016 05:17:03 [ 9] DEBUG  Dispatcher                    :       New Queue ID: 8.10
04/09/2016 05:17:03 [ 9] INFO   BackgroundThread              : Starting 
04/09/2016 05:17:03 [14] DEBUG  GameListConversation          : Queuing game list request. 
04/09/2016 05:17:03 [14] DEBUG  InitiatedConversation         : Conversation Id  for initiated conversation: 8.10
04/09/2016 05:17:03 [14] DEBUG  PostMan                       : Sending UDP (Messages.RequestMessages.GameListRequest, MessageID: 8.10, ConversationID: 8.10)
JSON: {"__type":"GameListRequest:#Messages.RequestMessages","ConvId":{"Pid":8,"Seq":10},"MsgId":{"Pid":8,"Seq":10},"StatusFilter":4}
04/09/2016 05:17:03 [14] DEBUG  PostMan                       : Message Delivered
04/09/2016 05:17:03 [11] DEBUG  PostMan                       : Received UDP (Messages.ReplyMessages.GameListReply, MessageID: 1.75, ConversationID: 8.10)
JSON: {"__type":"GameListReply:#Messages.ReplyMessages","ConvId":{"Pid":8,"Seq":10},"MsgId":{"Pid":1,"Seq":75},"Note":null,"Success":true,"GameInfo":[]}
04/09/2016 05:17:03 [11] INFO   Dispatcher                    : New Message Received: (Messages.ReplyMessages.GameListReply)
04/09/2016 05:17:03 [11] INFO   Dispatcher                    : MessageId: 1.75ConversationId: 8.10
04/09/2016 05:17:08 [14] DEBUG  GameListConversation          : Received a game list reply message.
04/09/2016 05:17:08 [14] ERROR  GameListConversation          : Either the message received was null, or no games are available. 
04/09/2016 05:17:08 [14] INFO   BackgroundThread              : Stopping 
04/09/2016 05:17:08 [14] DEBUG  BackgroundThread              : Leaving Stop
04/09/2016 05:17:08 [ 9] DEBUG  PlayerProcess                 : In Process GetGameList function.
04/09/2016 05:17:08 [ 9] DEBUG  Dispatcher                    : Adding Conversation Player.Conversation.GameListConversation, 8.11
04/09/2016 05:17:08 [ 9] DEBUG  Dispatcher                    :       New Queue ID: 8.11
04/09/2016 05:17:08 [ 9] INFO   BackgroundThread              : Starting 
04/09/2016 05:17:08 [10] DEBUG  GameListConversation          : Queuing game list request. 
04/09/2016 05:17:08 [10] DEBUG  InitiatedConversation         : Conversation Id  for initiated conversation: 8.11
04/09/2016 05:17:08 [10] DEBUG  PostMan                       : Sending UDP (Messages.RequestMessages.GameListRequest, MessageID: 8.11, ConversationID: 8.11)
JSON: {"__type":"GameListRequest:#Messages.RequestMessages","ConvId":{"Pid":8,"Seq":11},"MsgId":{"Pid":8,"Seq":11},"StatusFilter":4}
04/09/2016 05:17:08 [10] DEBUG  PostMan                       : Message Delivered
04/09/2016 05:17:08 [11] DEBUG  PostMan                       : Received UDP (Messages.ReplyMessages.GameListReply, MessageID: 1.76, ConversationID: 8.11)
JSON: {"__type":"GameListReply:#Messages.ReplyMessages","ConvId":{"Pid":8,"Seq":11},"MsgId":{"Pid":1,"Seq":76},"Note":null,"Success":true,"GameInfo":[]}
04/09/2016 05:17:08 [11] INFO   Dispatcher                    : New Message Received: (Messages.ReplyMessages.GameListReply)
04/09/2016 05:17:08 [11] INFO   Dispatcher                    : MessageId: 1.76ConversationId: 8.11
04/09/2016 05:17:13 [10] DEBUG  GameListConversation          : Received a game list reply message.
04/09/2016 05:17:13 [10] ERROR  GameListConversation          : Either the message received was null, or no games are available. 
04/09/2016 05:17:13 [10] INFO   BackgroundThread              : Stopping 
04/09/2016 05:17:13 [ 9] DEBUG  PlayerProcess                 : In Process GetGameList function.
04/09/2016 05:17:13 [10] DEBUG  BackgroundThread              : Leaving Stop
04/09/2016 05:17:13 [ 9] DEBUG  Dispatcher                    : Adding Conversation Player.Conversation.GameListConversation, 8.12
04/09/2016 05:17:13 [ 9] DEBUG  Dispatcher                    :       New Queue ID: 8.12
04/09/2016 05:17:13 [ 9] INFO   BackgroundThread              : Starting 
04/09/2016 05:17:13 [12] DEBUG  GameListConversation          : Queuing game list request. 
04/09/2016 05:17:13 [12] DEBUG  InitiatedConversation         : Conversation Id  for initiated conversation: 8.12
04/09/2016 05:17:13 [12] DEBUG  PostMan                       : Sending UDP (Messages.RequestMessages.GameListRequest, MessageID: 8.12, ConversationID: 8.12)
JSON: {"__type":"GameListRequest:#Messages.RequestMessages","ConvId":{"Pid":8,"Seq":12},"MsgId":{"Pid":8,"Seq":12},"StatusFilter":4}
04/09/2016 05:17:13 [12] DEBUG  PostMan                       : Message Delivered
04/09/2016 05:17:13 [11] DEBUG  PostMan                       : Received UDP (Messages.ReplyMessages.GameListReply, MessageID: 1.77, ConversationID: 8.12)
JSON: {"__type":"GameListReply:#Messages.ReplyMessages","ConvId":{"Pid":8,"Seq":12},"MsgId":{"Pid":1,"Seq":77},"Note":null,"Success":true,"GameInfo":[]}
04/09/2016 05:17:13 [11] INFO   Dispatcher                    : New Message Received: (Messages.ReplyMessages.GameListReply)
04/09/2016 05:17:13 [11] INFO   Dispatcher                    : MessageId: 1.77ConversationId: 8.12
04/09/2016 05:17:18 [12] DEBUG  GameListConversation          : Received a game list reply message.
04/09/2016 05:17:18 [12] ERROR  GameListConversation          : Either the message received was null, or no games are available. 
04/09/2016 05:17:18 [12] INFO   BackgroundThread              : Stopping 
04/09/2016 05:17:18 [12] DEBUG  BackgroundThread              : Leaving Stop
04/09/2016 05:17:18 [ 9] DEBUG  PlayerProcess                 : In Process GetGameList function.
04/09/2016 05:17:18 [ 9] DEBUG  Dispatcher                    : Adding Conversation Player.Conversation.GameListConversation, 8.13
04/09/2016 05:17:18 [ 9] DEBUG  Dispatcher                    :       New Queue ID: 8.13
04/09/2016 05:17:18 [ 9] INFO   BackgroundThread              : Starting 
04/09/2016 05:17:18 [10] DEBUG  GameListConversation          : Queuing game list request. 
04/09/2016 05:17:18 [10] DEBUG  InitiatedConversation         : Conversation Id  for initiated conversation: 8.13
04/09/2016 05:17:18 [10] DEBUG  PostMan                       : Sending UDP (Messages.RequestMessages.GameListRequest, MessageID: 8.13, ConversationID: 8.13)
JSON: {"__type":"GameListRequest:#Messages.RequestMessages","ConvId":{"Pid":8,"Seq":13},"MsgId":{"Pid":8,"Seq":13},"StatusFilter":4}
04/09/2016 05:17:18 [10] DEBUG  PostMan                       : Message Delivered
04/09/2016 05:17:18 [11] DEBUG  PostMan                       : Received UDP (Messages.ReplyMessages.GameListReply, MessageID: 1.86, ConversationID: 8.13)
JSON: {"__type":"GameListReply:#Messages.ReplyMessages","ConvId":{"Pid":8,"Seq":13},"MsgId":{"Pid":1,"Seq":86},"Note":null,"Success":true,"GameInfo":[{"CurrentProcesses":[{"HasUmbrellaRaised":false,"HitPoints":0,"LifePoints":100,"ProcessId":11,"Type":5},{"HasUmbrellaRaised":false,"HitPoints":0,"LifePoints":100,"ProcessId":12,"Type":4}],"GameId":10,"GameManagerId":9,"Label":"GM11874's 1st Game","MaxPlayers":4,"MinPlayers":3,"StartingPlayers":[],"Status":4,"Winners":null}]}
04/09/2016 05:17:18 [11] INFO   Dispatcher                    : New Message Received: (Messages.ReplyMessages.GameListReply)
04/09/2016 05:17:18 [11] INFO   Dispatcher                    : MessageId: 1.86ConversationId: 8.13
04/09/2016 05:17:22 [11] DEBUG  PostMan                       : Received UDP (Messages.RequestMessages.AliveRequest, MessageID: 1.90, ConversationID: 1.90)
JSON: {"__type":"AliveRequest:#Messages.RequestMessages","ConvId":{"Pid":1,"Seq":90},"MsgId":{"Pid":1,"Seq":90}}
04/09/2016 05:17:22 [11] INFO   Dispatcher                    : New Message Received: (Messages.RequestMessages.AliveRequest)
04/09/2016 05:17:22 [11] INFO   Dispatcher                    : MessageId: 1.90ConversationId: 1.90
04/09/2016 05:17:22 [11] DEBUG  Dispatcher                    : Conversation  with id= 1.90 does not exist, trying to create new conversation.
04/09/2016 05:17:22 [11] DEBUG  Dispatcher                    : Adding Conversation Player.Conversation.AliveConversation, 1.90
04/09/2016 05:17:22 [11] DEBUG  Dispatcher                    :       New Queue ID: 1.90
04/09/2016 05:17:22 [11] INFO   BackgroundThread              : Starting 
04/09/2016 05:17:22 [14] DEBUG  AliveConversation             : Creating Alive Response
04/09/2016 05:17:22 [14] DEBUG  ResponseConversation          : Conversation Id  for Response conversation: 1.90
04/09/2016 05:17:22 [14] DEBUG  PostMan                       : Sending UDP (Messages.ReplyMessages.Reply, MessageID: 8.14, ConversationID: 1.90)
JSON: {"__type":"Reply:#Messages.ReplyMessages","ConvId":{"Pid":1,"Seq":90},"MsgId":{"Pid":8,"Seq":14},"Note":"I'm Alive","Success":true}
04/09/2016 05:17:22 [14] DEBUG  PostMan                       : Message Delivered
04/09/2016 05:17:23 [10] DEBUG  GameListConversation          : Received a game list reply message.
04/09/2016 05:17:23 [10] INFO   BackgroundThread              : Stopping 
04/09/2016 05:17:23 [10] DEBUG  BackgroundThread              : Leaving Stop
04/09/2016 05:17:23 [ 9] DEBUG  PlayerProcess                 : Life points is null, game needs to be started.
04/09/2016 05:17:23 [ 9] DEBUG  Dispatcher                    : Adding Conversation Player.Conversation.JoinGameConversation, 8.15
04/09/2016 05:17:23 [ 9] DEBUG  Dispatcher                    :       New Queue ID: 8.15
04/09/2016 05:17:23 [ 9] INFO   BackgroundThread              : Starting 
04/09/2016 05:17:23 [12] DEBUG  JoinGameConversation          : Queuing join game request. 
04/09/2016 05:17:23 [12] DEBUG  JoinGameConversation          : Requesting GameId: 10
04/09/2016 05:17:23 [12] DEBUG  InitiatedConversation         : Conversation Id  for initiated conversation: 8.15
04/09/2016 05:17:23 [12] DEBUG  PostMan                       : Sending UDP (Messages.Routing, MessageID: 8.15, ConversationID: 8.15)
JSON: {"__type":"Routing:#Messages","ConvId":{"Pid":8,"Seq":15},"MsgId":{"Pid":8,"Seq":15},"InnerMessage":{"__type":"JoinGameRequest:#Messages.RequestMessages","ConvId":{"Pid":8,"Seq":15},"MsgId":{"Pid":8,"Seq":15},"GameId":10,"Process":{"EndPoint":{"Host":"127.0.0.1","Port":10000},"Label":"The Instructor","ProcessId":8,"Status":4,"Type":3}},"ToProcessIds":[9]}
04/09/2016 05:17:23 [12] DEBUG  PostMan                       : Message Delivered
04/09/2016 05:17:23 [ 9] DEBUG  PlayerProcess                 : No games available, setting status to 'Registered'
04/09/2016 05:17:24 [11] DEBUG  PostMan                       : Received UDP (Messages.Routing, MessageID: 9.16, ConversationID: 8.15)
JSON: {"__type":"Routing:#Messages","ConvId":{"Pid":8,"Seq":15},"MsgId":{"Pid":9,"Seq":16},"InnerMessage":{"__type":"JoinGameReply:#Messages.ReplyMessages","ConvId":{"Pid":8,"Seq":15},"MsgId":{"Pid":9,"Seq":16},"Note":null,"Success":true,"GameId":10,"InitialLifePoints":100},"ToProcessIds":[8]}
04/09/2016 05:17:24 [11] INFO   Dispatcher                    : New Message Received: (Messages.Routing)
04/09/2016 05:17:24 [11] INFO   Dispatcher                    : MessageId: 9.16ConversationId: 8.15
04/09/2016 05:17:24 [ 9] DEBUG  PlayerProcess                 : In Process GetGameList function.
04/09/2016 05:17:24 [ 9] DEBUG  Dispatcher                    : Adding Conversation Player.Conversation.GameListConversation, 8.16
04/09/2016 05:17:24 [ 9] DEBUG  Dispatcher                    :       New Queue ID: 8.16
04/09/2016 05:17:24 [ 9] INFO   BackgroundThread              : Starting 
04/09/2016 05:17:24 [10] DEBUG  GameListConversation          : Queuing game list request. 
04/09/2016 05:17:24 [10] DEBUG  InitiatedConversation         : Conversation Id  for initiated conversation: 8.16
04/09/2016 05:17:24 [10] DEBUG  PostMan                       : Sending UDP (Messages.RequestMessages.GameListRequest, MessageID: 8.16, ConversationID: 8.16)
JSON: {"__type":"GameListRequest:#Messages.RequestMessages","ConvId":{"Pid":8,"Seq":16},"MsgId":{"Pid":8,"Seq":16},"StatusFilter":4}
04/09/2016 05:17:24 [10] DEBUG  PostMan                       : Message Delivered
04/09/2016 05:17:24 [11] DEBUG  PostMan                       : Received UDP (Messages.ReplyMessages.GameListReply, MessageID: 1.93, ConversationID: 8.16)
JSON: {"__type":"GameListReply:#Messages.ReplyMessages","ConvId":{"Pid":8,"Seq":16},"MsgId":{"Pid":1,"Seq":93},"Note":null,"Success":true,"GameInfo":[{"CurrentProcesses":[{"HasUmbrellaRaised":false,"HitPoints":0,"LifePoints":100,"ProcessId":11,"Type":5},{"HasUmbrellaRaised":false,"HitPoints":0,"LifePoints":100,"ProcessId":12,"Type":4},{"HasUmbrellaRaised":false,"HitPoints":0,"LifePoints":100,"ProcessId":8,"Type":3}],"GameId":10,"GameManagerId":9,"Label":"GM11874's 1st Game","MaxPlayers":4,"MinPlayers":3,"StartingPlayers":[],"Status":4,"Winners":null}]}
04/09/2016 05:17:24 [11] INFO   Dispatcher                    : New Message Received: (Messages.ReplyMessages.GameListReply)
04/09/2016 05:17:24 [11] INFO   Dispatcher                    : MessageId: 1.93ConversationId: 8.16
04/09/2016 05:17:24 [11] DEBUG  PostMan                       : Received UDP (Messages.RequestMessages.AllowanceDeliveryRequest, MessageID: 1.94, ConversationID: 1.94)
JSON: {"__type":"AllowanceDeliveryRequest:#Messages.RequestMessages","ConvId":{"Pid":1,"Seq":94},"MsgId":{"Pid":1,"Seq":94},"NumberOfPennies":400,"PortNumber":12996}
04/09/2016 05:17:24 [11] INFO   Dispatcher                    : New Message Received: (Messages.RequestMessages.AllowanceDeliveryRequest)
04/09/2016 05:17:25 [11] INFO   Dispatcher                    : MessageId: 1.94ConversationId: 1.94
04/09/2016 05:17:25 [11] DEBUG  Dispatcher                    : Conversation  with id= 1.94 does not exist, trying to create new conversation.
04/09/2016 05:17:25 [11] DEBUG  Dispatcher                    : Adding Conversation Player.Conversation.AllowanceDeliveryConversation, 1.94
04/09/2016 05:17:25 [11] DEBUG  Dispatcher                    :       New Queue ID: 1.94
04/09/2016 05:17:25 [11] INFO   BackgroundThread              : Starting 
04/09/2016 05:17:25 [13] DEBUG  AllowanceDeliveryConversation : Received Allowance Delivery Request. 
04/09/2016 05:17:25 [13] DEBUG  TCPSocket                     : Destination Endpoint is: 127.0.0.1:12996
04/09/2016 05:17:25 [13] INFO   BackgroundThread              : Starting 
04/09/2016 05:17:25 [13] DEBUG  TCPSocket                     : Opening Remote TCP Connection
04/09/2016 05:17:25 [13] DEBUG  TCPSocket                     : TCP Socket connected to 127.0.0.1:12996
04/09/2016 05:17:25 [13] DEBUG  TCPSocket                     : Reading a message, assuming the size of the message is contained in the first 4 bits
04/09/2016 05:17:25 [13] DEBUG  TCPSocket                     : Reading bytes in TCP Reader
04/09/2016 05:17:25 [13] DEBUG  TCPSocket                     : System.Net.Sockets.SocketException (0x80004005): An existing connection was forcibly closed by the remote host
   at System.Net.Sockets.Socket.Receive(Byte[] buffer, Int32 offset, Int32 size, SocketFlags socketFlags)
   at System.Net.Sockets.Socket.Receive(Byte[] buffer, Int32 size, SocketFlags socketFlags)
   at CommunicationLayer.TCPSocket.Read(Socket handler, Int32 numBytes) in D:\Drive\School\CS5200\LocalGame\CommunicationLayer\TCPSocket.cs:line 106
   at CommunicationLayer.TCPSocket.ReadMessageFromSize(Socket handler) in D:\Drive\School\CS5200\LocalGame\CommunicationLayer\TCPSocket.cs:line 118
   at Player.Conversation.AllowanceDeliveryConversation.<OpenTCPStream>b__6_0(Socket handler) in D:\Drive\School\CS5200\LocalGame\Player\Conversation\AllowanceDeliveryConversation.cs:line 37
   at CommunicationLayer.TCPSocket.EstablishConnection(PublicEndPoint ep, Action`1 afterConnect) in D:\Drive\School\CS5200\LocalGame\CommunicationLayer\TCPSocket.cs:line 53
04/09/2016 05:17:25 [13] INFO   BackgroundThread              : Stopping 
04/09/2016 05:17:25 [13] DEBUG  BackgroundThread              : Leaving Stop
04/09/2016 05:17:29 [12] DEBUG  JoinGameConversation          : Received a game join message.
04/09/2016 05:17:29 [12] INFO   BackgroundThread              : Stopping 
04/09/2016 05:17:29 [12] DEBUG  BackgroundThread              : Leaving Stop
04/09/2016 05:17:29 [10] DEBUG  GameListConversation          : Received a game list reply message.
04/09/2016 05:17:29 [10] INFO   BackgroundThread              : Stopping 
04/09/2016 05:17:29 [10] DEBUG  BackgroundThread              : Leaving Stop
04/09/2016 05:17:34 [11] DEBUG  PostMan                       : Received UDP (Messages.RequestMessages.AllowanceDeliveryRequest, MessageID: 1.94, ConversationID: 1.94)
JSON: {"__type":"AllowanceDeliveryRequest:#Messages.RequestMessages","ConvId":{"Pid":1,"Seq":94},"MsgId":{"Pid":1,"Seq":94},"NumberOfPennies":400,"PortNumber":12996}
04/09/2016 05:17:34 [11] INFO   Dispatcher                    : New Message Received: (Messages.RequestMessages.AllowanceDeliveryRequest)
04/09/2016 05:17:35 [11] INFO   Dispatcher                    : MessageId: 1.94ConversationId: 1.94
04/09/2016 05:17:44 [11] DEBUG  PostMan                       : Received UDP (Messages.RequestMessages.AllowanceDeliveryRequest, MessageID: 1.94, ConversationID: 1.94)
JSON: {"__type":"AllowanceDeliveryRequest:#Messages.RequestMessages","ConvId":{"Pid":1,"Seq":94},"MsgId":{"Pid":1,"Seq":94},"NumberOfPennies":400,"PortNumber":12996}
04/09/2016 05:17:44 [11] INFO   Dispatcher                    : New Message Received: (Messages.RequestMessages.AllowanceDeliveryRequest)
04/09/2016 05:17:45 [11] INFO   Dispatcher                    : MessageId: 1.94ConversationId: 1.94
04/09/2016 05:17:53 [11] DEBUG  PostMan                       : Received UDP (Messages.RequestMessages.AliveRequest, MessageID: 1.98, ConversationID: 1.98)
JSON: {"__type":"AliveRequest:#Messages.RequestMessages","ConvId":{"Pid":1,"Seq":98},"MsgId":{"Pid":1,"Seq":98}}
04/09/2016 05:17:53 [11] INFO   Dispatcher                    : New Message Received: (Messages.RequestMessages.AliveRequest)
04/09/2016 05:17:53 [11] INFO   Dispatcher                    : MessageId: 1.98ConversationId: 1.98
04/09/2016 05:17:53 [11] DEBUG  Dispatcher                    : Conversation  with id= 1.98 does not exist, trying to create new conversation.
04/09/2016 05:17:53 [11] DEBUG  Dispatcher                    : Adding Conversation Player.Conversation.AliveConversation, 1.98
04/09/2016 05:17:53 [11] DEBUG  Dispatcher                    :       New Queue ID: 1.98
04/09/2016 05:17:53 [11] INFO   BackgroundThread              : Starting 
04/09/2016 05:17:53 [10] ERROR  ResponseConversation          : Unable to retrieve received message. 
04/09/2016 05:18:03 [11] DEBUG  PostMan                       : Received UDP (Messages.RequestMessages.AliveRequest, MessageID: 1.98, ConversationID: 1.98)
JSON: {"__type":"AliveRequest:#Messages.RequestMessages","ConvId":{"Pid":1,"Seq":98},"MsgId":{"Pid":1,"Seq":98}}
04/09/2016 05:18:03 [11] INFO   Dispatcher                    : New Message Received: (Messages.RequestMessages.AliveRequest)
04/09/2016 05:18:03 [11] INFO   Dispatcher                    : MessageId: 1.98ConversationId: 1.98
04/09/2016 05:18:13 [11] DEBUG  PostMan                       : Received UDP (Messages.RequestMessages.AliveRequest, MessageID: 1.98, ConversationID: 1.98)
JSON: {"__type":"AliveRequest:#Messages.RequestMessages","ConvId":{"Pid":1,"Seq":98},"MsgId":{"Pid":1,"Seq":98}}
04/09/2016 05:18:13 [11] INFO   Dispatcher                    : New Message Received: (Messages.RequestMessages.AliveRequest)
04/09/2016 05:18:13 [11] INFO   Dispatcher                    : MessageId: 1.98ConversationId: 1.98
04/09/2016 05:18:24 [11] DEBUG  PostMan                       : Received UDP (Messages.RequestMessages.AliveRequest, MessageID: 1.102, ConversationID: 1.102)
JSON: {"__type":"AliveRequest:#Messages.RequestMessages","ConvId":{"Pid":1,"Seq":102},"MsgId":{"Pid":1,"Seq":102}}
04/09/2016 05:18:24 [11] INFO   Dispatcher                    : New Message Received: (Messages.RequestMessages.AliveRequest)
04/09/2016 05:18:24 [11] INFO   Dispatcher                    : MessageId: 1.102ConversationId: 1.102
04/09/2016 05:18:24 [11] DEBUG  Dispatcher                    : Conversation  with id= 1.102 does not exist, trying to create new conversation.
04/09/2016 05:18:24 [11] DEBUG  Dispatcher                    : Adding Conversation Player.Conversation.AliveConversation, 1.102
04/09/2016 05:18:24 [11] DEBUG  Dispatcher                    :       New Queue ID: 1.102
04/09/2016 05:18:24 [11] INFO   BackgroundThread              : Starting 
04/09/2016 05:18:24 [17] DEBUG  AliveConversation             : Creating Alive Response
04/09/2016 05:18:24 [17] DEBUG  ResponseConversation          : Conversation Id  for Response conversation: 1.102
04/09/2016 05:18:24 [17] DEBUG  PostMan                       : Sending UDP (Messages.ReplyMessages.Reply, MessageID: 8.17, ConversationID: 1.102)
JSON: {"__type":"Reply:#Messages.ReplyMessages","ConvId":{"Pid":1,"Seq":102},"MsgId":{"Pid":8,"Seq":17},"Note":"I'm Alive","Success":true}
04/09/2016 05:18:24 [17] DEBUG  PostMan                       : Message Delivered
04/09/2016 05:18:55 [11] DEBUG  PostMan                       : Received UDP (Messages.RequestMessages.AliveRequest, MessageID: 1.106, ConversationID: 1.106)
JSON: {"__type":"AliveRequest:#Messages.RequestMessages","ConvId":{"Pid":1,"Seq":106},"MsgId":{"Pid":1,"Seq":106}}
04/09/2016 05:18:55 [11] INFO   Dispatcher                    : New Message Received: (Messages.RequestMessages.AliveRequest)
04/09/2016 05:18:55 [11] INFO   Dispatcher                    : MessageId: 1.106ConversationId: 1.106
04/09/2016 05:18:55 [11] DEBUG  Dispatcher                    : Conversation  with id= 1.106 does not exist, trying to create new conversation.
04/09/2016 05:18:55 [11] DEBUG  Dispatcher                    : Adding Conversation Player.Conversation.AliveConversation, 1.106
04/09/2016 05:18:55 [11] DEBUG  Dispatcher                    :       New Queue ID: 1.106
04/09/2016 05:18:55 [11] INFO   BackgroundThread              : Starting 
04/09/2016 05:18:55 [10] DEBUG  AliveConversation             : Creating Alive Response
04/09/2016 05:18:55 [10] DEBUG  ResponseConversation          : Conversation Id  for Response conversation: 1.106
04/09/2016 05:18:55 [10] DEBUG  PostMan                       : Sending UDP (Messages.ReplyMessages.Reply, MessageID: 8.18, ConversationID: 1.106)
JSON: {"__type":"Reply:#Messages.ReplyMessages","ConvId":{"Pid":1,"Seq":106},"MsgId":{"Pid":8,"Seq":18},"Note":"I'm Alive","Success":true}
04/09/2016 05:18:55 [10] DEBUG  PostMan                       : Message Delivered
04/09/2016 05:19:06 [11] DEBUG  PostMan                       : Received UDP (Messages.Routing, MessageID: 9.24, ConversationID: 9.24)
JSON: {"__type":"Routing:#Messages","ConvId":{"Pid":9,"Seq":24},"MsgId":{"Pid":9,"Seq":24},"InnerMessage":{"__type":"GameStatusNotification:#Messages.RequestMessages","ConvId":{"Pid":9,"Seq":24},"MsgId":{"Pid":9,"Seq":24},"Game":{"CurrentProcesses":[{"HasUmbrellaRaised":false,"HitPoints":0,"LifePoints":100,"ProcessId":11,"Type":5},{"HasUmbrellaRaised":false,"HitPoints":0,"LifePoints":100,"ProcessId":12,"Type":4},{"HasUmbrellaRaised":false,"HitPoints":0,"LifePoints":100,"ProcessId":8,"Type":3}],"GameId":10,"GameManagerId":9,"Label":"GM11874's 1st Game","MaxPlayers":4,"MinPlayers":3,"StartingPlayers":[],"Status":128,"Winners":null}},"ToProcessIds":[11,12,8]}
04/09/2016 05:19:06 [11] INFO   Dispatcher                    : New Message Received: (Messages.Routing)
04/09/2016 05:19:07 [11] INFO   Dispatcher                    : MessageId: 9.24ConversationId: 9.24
04/09/2016 05:19:07 [11] DEBUG  Dispatcher                    : Conversation  with id= 9.24 does not exist, trying to create new conversation.
04/09/2016 05:19:07 [11] DEBUG  Dispatcher                    : Adding Conversation Player.Conversation.GameStatusConversation, 9.24
04/09/2016 05:19:07 [11] DEBUG  Dispatcher                    :       New Queue ID: 9.24
04/09/2016 05:19:07 [11] INFO   BackgroundThread              : Starting 
04/09/2016 05:19:07 [10] DEBUG  GameStatusConversation        : Received Game Status Message
04/09/2016 05:19:15 [11] DEBUG  PostMan                       : Received UDP (Messages.RequestMessages.ShutdownRequest, MessageID: 1.108, ConversationID: 1.108)
JSON: {"__type":"ShutdownRequest:#Messages.RequestMessages","ConvId":{"Pid":1,"Seq":108},"MsgId":{"Pid":1,"Seq":108}}
04/09/2016 05:19:15 [11] INFO   Dispatcher                    : New Message Received: (Messages.RequestMessages.ShutdownRequest)
04/09/2016 05:19:15 [11] INFO   Dispatcher                    : MessageId: 1.108ConversationId: 1.108
04/09/2016 05:19:15 [11] DEBUG  Dispatcher                    : Conversation  with id= 1.108 does not exist, trying to create new conversation.
04/09/2016 05:19:15 [11] ERROR  Dispatcher                    : New conversation returned from factory is Null!
