04/07/2016 02:48:31 [10] DEBUG  PlayerConnection              : Using Local Settings.
04/07/2016 02:48:31 [10] DEBUG  PlayerConnection              : Starting Application. 
04/07/2016 02:48:31 [10] DEBUG  PlayerProcess                 : Initializeing Player Subsystem.
04/07/2016 02:48:31 [10] DEBUG  PostMan                       : Port is: 10000
04/07/2016 02:48:31 [10] DEBUG  PlayerProcess                 : Initializing Player Details.
04/07/2016 02:48:31 [10] INFO   BackgroundThread              : Starting 
04/07/2016 02:48:31 [ 6] INFO   BackgroundThread              : Starting 
04/07/2016 02:48:31 [ 6] DEBUG  PlayerProcess                 : In Process Login function.
04/07/2016 02:48:31 [ 6] DEBUG  Dispatcher                    : Adding Conversation Player.Conversation.LoginConversation, 0.1
04/07/2016 02:48:31 [ 6] DEBUG  Dispatcher                    :       New Queue ID: 0.1
04/07/2016 02:48:31 [ 6] INFO   BackgroundThread              : Starting 
04/07/2016 02:48:31 [16] DEBUG  LoginConversation             : Creating login request. 
04/07/2016 02:48:31 [16] DEBUG  InitiatedConversation         : Conversation Id  for initiated conversation: 0.1
04/07/2016 02:48:31 [16] DEBUG  PostMan                       : Sending UDP (Messages.RequestMessages.LoginRequest)
04/07/2016 02:48:31 [16] DEBUG  PostMan                       : MessageId: 0.1ConversationId: 0.1
04/07/2016 02:48:31 [16] DEBUG  PostMan                       : Message Delivered
04/07/2016 02:48:31 [14] DEBUG  PostMan                       : Message Received!
04/07/2016 02:48:31 [14] DEBUG  PostMan                       : Raw Message: 
04/07/2016 02:48:31 [14] DEBUG  PostMan                       : {"__type":"LoginReply:#Messages.ReplyMessages","ConvId":{"Pid":0,"Seq":1},"MsgId":{"Pid":1,"Seq":108},"Note":"Logged in","Success":true,"PennyBankEndPoint":{"Host":"127.0.0.1","Port":12003},"PennyBankPublicKey":null,"ProcessInfo":{"EndPoint":{"Host":"127.0.0.1","Port":10000},"Label":"The Instructor","ProcessId":19,"Status":3,"Type":3},"ProxyEndPoint":{"Host":"127.0.0.1","Port":12002}}
04/07/2016 02:48:31 [14] DEBUG  PostMan                       : Message ID: 1.108, ConversationId: 0.1
04/07/2016 02:48:31 [14] DEBUG  Dispatcher                    : Received (Messages.ReplyMessages.LoginReply)
04/07/2016 02:48:31 [14] DEBUG  Dispatcher                    : MessageId: 1.108ConversationId: 0.1
04/07/2016 02:48:36 [16] DEBUG  LoginConversation             : Received a login reply message.
04/07/2016 02:48:36 [16] INFO   BackgroundThread              : Stopping 
04/07/2016 02:48:36 [16] DEBUG  BackgroundThread              : Leaving Stop
04/07/2016 02:48:36 [ 6] DEBUG  PlayerProcess                 : In Process GetGameList function.
04/07/2016 02:48:36 [ 6] DEBUG  Dispatcher                    : Adding Conversation Player.Conversation.GameListConversation, 19.2
04/07/2016 02:48:36 [ 6] DEBUG  Dispatcher                    :       New Queue ID: 19.2
04/07/2016 02:48:36 [ 6] INFO   BackgroundThread              : Starting 
04/07/2016 02:48:36 [13] DEBUG  GameListConversation          : Queuing game list request. 
04/07/2016 02:48:36 [13] DEBUG  InitiatedConversation         : Conversation Id  for initiated conversation: 19.2
04/07/2016 02:48:36 [13] DEBUG  PostMan                       : Sending UDP (Messages.RequestMessages.GameListRequest)
04/07/2016 02:48:36 [13] DEBUG  PostMan                       : MessageId: 19.2ConversationId: 19.2
04/07/2016 02:48:36 [13] DEBUG  PostMan                       : Message Delivered
04/07/2016 02:48:42 [13] ERROR  GameListConversation          : Either the message received was null, or no games are available. 
04/07/2016 02:48:42 [13] INFO   BackgroundThread              : Stopping 
04/07/2016 02:48:42 [13] DEBUG  BackgroundThread              : Leaving Stop
04/07/2016 02:48:42 [ 6] DEBUG  PlayerProcess                 : In Process GetGameList function.
04/07/2016 02:48:42 [ 6] DEBUG  Dispatcher                    : Adding Conversation Player.Conversation.GameListConversation, 19.3
04/07/2016 02:48:42 [ 6] DEBUG  Dispatcher                    :       New Queue ID: 19.3
04/07/2016 02:48:42 [ 6] INFO   BackgroundThread              : Starting 
04/07/2016 02:48:42 [16] DEBUG  GameListConversation          : Queuing game list request. 
04/07/2016 02:48:42 [16] DEBUG  InitiatedConversation         : Conversation Id  for initiated conversation: 19.3
04/07/2016 02:48:42 [16] DEBUG  PostMan                       : Sending UDP (Messages.RequestMessages.GameListRequest)
04/07/2016 02:48:42 [16] DEBUG  PostMan                       : MessageId: 19.3ConversationId: 19.3
04/07/2016 02:48:42 [16] DEBUG  PostMan                       : Message Delivered
04/07/2016 02:48:42 [14] DEBUG  PostMan                       : Message Received!
04/07/2016 02:48:42 [14] DEBUG  PostMan                       : Raw Message: 
04/07/2016 02:48:42 [14] DEBUG  PostMan                       : {"__type":"GameListReply:#Messages.ReplyMessages","ConvId":{"Pid":19,"Seq":3},"MsgId":{"Pid":1,"Seq":110},"Note":null,"Success":true,"GameInfo":[{"CurrentProcesses":[{"HasUmbrellaRaised":false,"HitPoints":0,"LifePoints":100,"ProcessId":16,"Type":5},{"HasUmbrellaRaised":false,"HitPoints":0,"LifePoints":100,"ProcessId":17,"Type":5},{"HasUmbrellaRaised":false,"HitPoints":0,"LifePoints":100,"ProcessId":18,"Type":4}],"GameId":15,"GameManagerId":14,"Label":"GM50243's 1st Game","MaxPlayers":5,"MinPlayers":2,"StartingPlayers":[],"Status":4,"Winners":null}]}
04/07/2016 02:48:42 [14] DEBUG  PostMan                       : Message ID: 1.110, ConversationId: 19.3
04/07/2016 02:48:42 [14] DEBUG  Dispatcher                    : Received (Messages.ReplyMessages.GameListReply)
04/07/2016 02:48:42 [14] DEBUG  Dispatcher                    : MessageId: 1.110ConversationId: 19.3
04/07/2016 02:48:47 [16] DEBUG  GameListConversation          : Received a game list reply message.
04/07/2016 02:48:47 [16] INFO   BackgroundThread              : Stopping 
04/07/2016 02:48:47 [16] DEBUG  BackgroundThread              : Leaving Stop
04/07/2016 02:48:47 [ 6] DEBUG  PlayerProcess                 : Life points is null, game needs to be started.
04/07/2016 02:48:47 [ 6] DEBUG  Dispatcher                    : Adding Conversation Player.Conversation.JoinGameConversation, 19.4
04/07/2016 02:48:47 [ 6] DEBUG  Dispatcher                    :       New Queue ID: 19.4
04/07/2016 02:48:47 [ 6] INFO   BackgroundThread              : Starting 
04/07/2016 02:48:47 [13] DEBUG  JoinGameConversation          : Queuing join game request. 
04/07/2016 02:48:47 [13] DEBUG  JoinGameConversation          : Requesting GameId: 15
04/07/2016 02:48:47 [13] DEBUG  InitiatedConversation         : Conversation Id  for initiated conversation: 19.4
04/07/2016 02:48:47 [13] DEBUG  PostMan                       : Sending UDP (Messages.Routing)
04/07/2016 02:48:47 [13] DEBUG  PostMan                       : MessageId: 19.4ConversationId: 19.4
04/07/2016 02:48:47 [13] DEBUG  PostMan                       : Message Delivered
04/07/2016 02:48:47 [14] DEBUG  PostMan                       : Message Received!
04/07/2016 02:48:47 [14] DEBUG  PostMan                       : Raw Message: 
04/07/2016 02:48:47 [14] DEBUG  PostMan                       : {"__type":"Routing:#Messages","ConvId":{"Pid":19,"Seq":4},"MsgId":{"Pid":14,"Seq":19},"InnerMessage":{"__type":"JoinGameReply:#Messages.ReplyMessages","ConvId":{"Pid":19,"Seq":4},"MsgId":{"Pid":14,"Seq":19},"Note":null,"Success":true,"GameId":15,"InitialLifePoints":100},"ToProcessIds":[19]}
04/07/2016 02:48:47 [14] DEBUG  PostMan                       : Message ID: 14.19, ConversationId: 19.4
04/07/2016 02:48:47 [ 6] DEBUG  PlayerProcess                 : No games available, setting status to 'Registered'
04/07/2016 02:48:48 [14] DEBUG  Dispatcher                    : Received (Messages.Routing)
04/07/2016 02:48:48 [14] DEBUG  Dispatcher                    : MessageId: 14.19ConversationId: 19.4
04/07/2016 02:48:48 [ 6] DEBUG  PlayerProcess                 : In Process GetGameList function.
04/07/2016 02:48:48 [ 6] DEBUG  Dispatcher                    : Adding Conversation Player.Conversation.GameListConversation, 19.5
04/07/2016 02:48:48 [ 6] DEBUG  Dispatcher                    :       New Queue ID: 19.5
04/07/2016 02:48:48 [ 6] INFO   BackgroundThread              : Starting 
04/07/2016 02:48:48 [15] DEBUG  GameListConversation          : Queuing game list request. 
04/07/2016 02:48:48 [15] DEBUG  InitiatedConversation         : Conversation Id  for initiated conversation: 19.5
04/07/2016 02:48:48 [15] DEBUG  PostMan                       : Sending UDP (Messages.RequestMessages.GameListRequest)
04/07/2016 02:48:48 [15] DEBUG  PostMan                       : MessageId: 19.5ConversationId: 19.5
04/07/2016 02:48:48 [15] DEBUG  PostMan                       : Message Delivered
04/07/2016 02:48:48 [14] DEBUG  PostMan                       : Message Received!
04/07/2016 02:48:48 [14] DEBUG  PostMan                       : Raw Message: 
04/07/2016 02:48:48 [14] DEBUG  PostMan                       : {"__type":"GameListReply:#Messages.ReplyMessages","ConvId":{"Pid":19,"Seq":5},"MsgId":{"Pid":1,"Seq":113},"Note":null,"Success":true,"GameInfo":[{"CurrentProcesses":[{"HasUmbrellaRaised":false,"HitPoints":0,"LifePoints":100,"ProcessId":16,"Type":5},{"HasUmbrellaRaised":false,"HitPoints":0,"LifePoints":100,"ProcessId":17,"Type":5},{"HasUmbrellaRaised":false,"HitPoints":0,"LifePoints":100,"ProcessId":18,"Type":4},{"HasUmbrellaRaised":false,"HitPoints":0,"LifePoints":100,"ProcessId":19,"Type":3}],"GameId":15,"GameManagerId":14,"Label":"GM50243's 1st Game","MaxPlayers":5,"MinPlayers":2,"StartingPlayers":[],"Status":4,"Winners":null}]}
04/07/2016 02:48:48 [14] DEBUG  PostMan                       : Message ID: 1.113, ConversationId: 19.5
04/07/2016 02:48:48 [14] DEBUG  Dispatcher                    : Received (Messages.ReplyMessages.GameListReply)
04/07/2016 02:48:48 [14] DEBUG  Dispatcher                    : MessageId: 1.113ConversationId: 19.5
04/07/2016 02:48:48 [14] DEBUG  PostMan                       : Message Received!
04/07/2016 02:48:48 [14] DEBUG  PostMan                       : Raw Message: 
04/07/2016 02:48:48 [14] DEBUG  PostMan                       : {"__type":"AllowanceDeliveryRequest:#Messages.RequestMessages","ConvId":{"Pid":1,"Seq":114},"MsgId":{"Pid":1,"Seq":114},"NumberOfPennies":400,"PortNumber":12998}
04/07/2016 02:48:48 [14] DEBUG  PostMan                       : Message ID: 1.114, ConversationId: 1.114
04/07/2016 02:48:48 [14] DEBUG  Dispatcher                    : Received (Messages.RequestMessages.AllowanceDeliveryRequest)
04/07/2016 02:48:48 [14] DEBUG  Dispatcher                    : MessageId: 1.114ConversationId: 1.114
04/07/2016 02:48:48 [14] DEBUG  Dispatcher                    : Conversation  with id= 1.114 does not exist, trying to create new conversation.
04/07/2016 02:48:48 [14] DEBUG  Dispatcher                    : Adding Conversation Player.Conversation.AllowanceDeliveryConversation, 1.114
04/07/2016 02:48:48 [14] DEBUG  Dispatcher                    :       New Queue ID: 1.114
04/07/2016 02:48:48 [14] INFO   BackgroundThread              : Starting 
04/07/2016 02:48:48 [12] DEBUG  AllowanceDeliveryConversation : Received Allowance Delivery Request. 
04/07/2016 02:48:48 [12] DEBUG  AllowanceDeliveryConversation : Creating Reply to Allowance Delivery request. 
04/07/2016 02:48:48 [12] DEBUG  ResponseConversation          : Conversation Id  for Response conversation: 1.114
04/07/2016 02:48:48 [12] DEBUG  PostMan                       : Sending UDP (Messages.ReplyMessages.Reply)
04/07/2016 02:48:48 [12] DEBUG  PostMan                       : MessageId: 1.114ConversationId: 19.6
04/07/2016 02:48:48 [12] DEBUG  PostMan                       : Message Delivered
04/07/2016 02:48:48 [12] DEBUG  TCPStreamReader               : Starting TCP Listener
04/07/2016 02:48:57 [15] DEBUG  GameListConversation          : Received a game list reply message.
04/07/2016 02:48:57 [13] DEBUG  JoinGameConversation          : Received a game join message.
04/07/2016 02:48:58 [15] INFO   BackgroundThread              : Stopping 
04/07/2016 02:48:58 [13] INFO   BackgroundThread              : Stopping 
04/07/2016 02:48:58 [13] DEBUG  BackgroundThread              : Leaving Stop
04/07/2016 02:48:58 [15] DEBUG  BackgroundThread              : Leaving Stop
04/07/2016 02:48:58 [14] DEBUG  PostMan                       : Message Received!
04/07/2016 02:48:58 [14] DEBUG  PostMan                       : Raw Message: 
04/07/2016 02:48:58 [14] DEBUG  PostMan                       : {"__type":"AllowanceDeliveryRequest:#Messages.RequestMessages","ConvId":{"Pid":1,"Seq":114},"MsgId":{"Pid":1,"Seq":114},"NumberOfPennies":400,"PortNumber":12998}
04/07/2016 02:48:58 [14] DEBUG  PostMan                       : Message ID: 1.114, ConversationId: 1.114
04/07/2016 02:48:58 [14] DEBUG  Dispatcher                    : Received (Messages.RequestMessages.AllowanceDeliveryRequest)
04/07/2016 02:48:58 [14] DEBUG  Dispatcher                    : MessageId: 1.114ConversationId: 1.114
04/07/2016 02:48:59 [14] DEBUG  PostMan                       : Message Received!
04/07/2016 02:48:59 [14] DEBUG  PostMan                       : Raw Message: 
04/07/2016 02:48:59 [14] DEBUG  PostMan                       : {"__type":"AliveRequest:#Messages.RequestMessages","ConvId":{"Pid":1,"Seq":122},"MsgId":{"Pid":1,"Seq":122}}
04/07/2016 02:48:59 [14] DEBUG  PostMan                       : Message ID: 1.122, ConversationId: 1.122
04/07/2016 02:48:59 [14] DEBUG  Dispatcher                    : Received (Messages.RequestMessages.AliveRequest)
04/07/2016 02:48:59 [14] DEBUG  Dispatcher                    : MessageId: 1.122ConversationId: 1.122
04/07/2016 02:48:59 [14] DEBUG  Dispatcher                    : Conversation  with id= 1.122 does not exist, trying to create new conversation.
04/07/2016 02:48:59 [14] DEBUG  Dispatcher                    : Adding Conversation Player.Conversation.AliveConversation, 1.122
04/07/2016 02:48:59 [14] DEBUG  Dispatcher                    :       New Queue ID: 1.122
04/07/2016 02:48:59 [14] INFO   BackgroundThread              : Starting 
04/07/2016 02:48:59 [17] DEBUG  AliveConversation             : Creating Alive Response
04/07/2016 02:48:59 [17] DEBUG  ResponseConversation          : Conversation Id  for Response conversation: 1.122
04/07/2016 02:48:59 [17] DEBUG  PostMan                       : Sending UDP (Messages.ReplyMessages.Reply)
04/07/2016 02:48:59 [17] DEBUG  PostMan                       : MessageId: 1.122ConversationId: 19.7
04/07/2016 02:48:59 [17] DEBUG  PostMan                       : Message Delivered
04/07/2016 02:49:08 [14] DEBUG  PostMan                       : Message Received!
04/07/2016 02:49:08 [14] DEBUG  PostMan                       : Raw Message: 
04/07/2016 02:49:08 [14] DEBUG  PostMan                       : {"__type":"AllowanceDeliveryRequest:#Messages.RequestMessages","ConvId":{"Pid":1,"Seq":114},"MsgId":{"Pid":1,"Seq":114},"NumberOfPennies":400,"PortNumber":12998}
04/07/2016 02:49:08 [14] DEBUG  PostMan                       : Message ID: 1.114, ConversationId: 1.114
04/07/2016 02:49:08 [14] DEBUG  Dispatcher                    : Received (Messages.RequestMessages.AllowanceDeliveryRequest)
04/07/2016 02:49:08 [14] DEBUG  Dispatcher                    : MessageId: 1.114ConversationId: 1.114
04/07/2016 02:49:09 [14] DEBUG  PostMan                       : Message Received!
04/07/2016 02:49:09 [14] DEBUG  PostMan                       : Raw Message: 
04/07/2016 02:49:09 [14] DEBUG  PostMan                       : {"__type":"AliveRequest:#Messages.RequestMessages","ConvId":{"Pid":1,"Seq":122},"MsgId":{"Pid":1,"Seq":122}}
04/07/2016 02:49:09 [14] DEBUG  PostMan                       : Message ID: 1.122, ConversationId: 1.122
04/07/2016 02:49:09 [14] DEBUG  Dispatcher                    : Received (Messages.RequestMessages.AliveRequest)
04/07/2016 02:49:09 [14] DEBUG  Dispatcher                    : MessageId: 1.122ConversationId: 1.122
04/07/2016 02:49:19 [14] DEBUG  PostMan                       : Message Received!
04/07/2016 02:49:19 [14] DEBUG  PostMan                       : Raw Message: 
04/07/2016 02:49:19 [14] DEBUG  PostMan                       : {"__type":"AliveRequest:#Messages.RequestMessages","ConvId":{"Pid":1,"Seq":122},"MsgId":{"Pid":1,"Seq":122}}
04/07/2016 02:49:19 [14] DEBUG  PostMan                       : Message ID: 1.122, ConversationId: 1.122
04/07/2016 02:49:19 [14] DEBUG  Dispatcher                    : Received (Messages.RequestMessages.AliveRequest)
04/07/2016 02:49:19 [14] DEBUG  Dispatcher                    : MessageId: 1.122ConversationId: 1.122
04/07/2016 02:49:30 [14] DEBUG  PostMan                       : Message Received!
04/07/2016 02:49:30 [14] DEBUG  PostMan                       : Raw Message: 
04/07/2016 02:49:30 [14] DEBUG  PostMan                       : {"__type":"AliveRequest:#Messages.RequestMessages","ConvId":{"Pid":1,"Seq":130},"MsgId":{"Pid":1,"Seq":130}}
04/07/2016 02:49:30 [14] DEBUG  PostMan                       : Message ID: 1.130, ConversationId: 1.130
04/07/2016 02:49:30 [14] DEBUG  Dispatcher                    : Received (Messages.RequestMessages.AliveRequest)
04/07/2016 02:49:30 [14] DEBUG  Dispatcher                    : MessageId: 1.130ConversationId: 1.130
04/07/2016 02:49:30 [14] DEBUG  Dispatcher                    : Conversation  with id= 1.130 does not exist, trying to create new conversation.
04/07/2016 02:49:30 [14] DEBUG  Dispatcher                    : Adding Conversation Player.Conversation.AliveConversation, 1.130
04/07/2016 02:49:30 [14] DEBUG  Dispatcher                    :       New Queue ID: 1.130
04/07/2016 02:49:30 [14] INFO   BackgroundThread              : Starting 
04/07/2016 02:49:30 [21] ERROR  ResponseConversation          : Unable to retrieve received message. 
04/07/2016 02:49:40 [14] DEBUG  PostMan                       : Message Received!
04/07/2016 02:49:40 [14] DEBUG  PostMan                       : Raw Message: 
04/07/2016 02:49:40 [14] DEBUG  PostMan                       : {"__type":"AliveRequest:#Messages.RequestMessages","ConvId":{"Pid":1,"Seq":130},"MsgId":{"Pid":1,"Seq":130}}
04/07/2016 02:49:40 [14] DEBUG  PostMan                       : Message ID: 1.130, ConversationId: 1.130
04/07/2016 02:49:40 [14] DEBUG  Dispatcher                    : Received (Messages.RequestMessages.AliveRequest)
04/07/2016 02:49:40 [14] DEBUG  Dispatcher                    : MessageId: 1.130ConversationId: 1.130
04/07/2016 02:49:50 [14] DEBUG  PostMan                       : Message Received!
04/07/2016 02:49:50 [14] DEBUG  PostMan                       : Raw Message: 
04/07/2016 02:49:50 [14] DEBUG  PostMan                       : {"__type":"AliveRequest:#Messages.RequestMessages","ConvId":{"Pid":1,"Seq":130},"MsgId":{"Pid":1,"Seq":130}}
04/07/2016 02:49:50 [14] DEBUG  PostMan                       : Message ID: 1.130, ConversationId: 1.130
04/07/2016 02:49:50 [14] DEBUG  Dispatcher                    : Received (Messages.RequestMessages.AliveRequest)
04/07/2016 02:49:50 [14] DEBUG  Dispatcher                    : MessageId: 1.130ConversationId: 1.130
04/07/2016 02:50:01 [14] DEBUG  PostMan                       : Message Received!
04/07/2016 02:50:01 [14] DEBUG  PostMan                       : Raw Message: 
04/07/2016 02:50:01 [14] DEBUG  PostMan                       : {"__type":"DeadProcessNotification:#Messages.RequestMessages","ConvId":{"Pid":1,"Seq":131},"MsgId":{"Pid":1,"Seq":131},"ProcessId":19}
04/07/2016 02:50:01 [14] DEBUG  PostMan                       : Message ID: 1.131, ConversationId: 1.131
04/07/2016 02:50:01 [14] DEBUG  Dispatcher                    : Received (Messages.RequestMessages.DeadProcessNotification)
04/07/2016 02:50:01 [14] DEBUG  Dispatcher                    : MessageId: 1.131ConversationId: 1.131
04/07/2016 02:50:01 [14] DEBUG  Dispatcher                    : Conversation  with id= 1.131 does not exist, trying to create new conversation.
04/07/2016 02:50:01 [14] ERROR  Dispatcher                    : New conversation returned from factory is Null!
