04/09/2016 12:34:36 [ 7] DEBUG  PlayerConnection              : Using Local Settings.
04/09/2016 12:34:36 [ 7] DEBUG  PlayerConnection              : Starting Application. 
04/09/2016 12:34:36 [ 7] DEBUG  PlayerProcess                 : Initializeing Player Subsystem.
04/09/2016 12:34:36 [ 7] DEBUG  PostMan                       : Port is: 10000
04/09/2016 12:34:36 [ 7] DEBUG  PlayerProcess                 : Initializing Player Details.
04/09/2016 12:34:36 [ 7] INFO   BackgroundThread              : Starting 
04/09/2016 12:34:36 [12] INFO   BackgroundThread              : Starting 
04/09/2016 12:34:36 [12] DEBUG  PlayerProcess                 : In Process Login function.
04/09/2016 12:34:36 [12] DEBUG  Dispatcher                    : Adding Conversation Player.Conversation.LoginConversation, 0.1
04/09/2016 12:34:36 [12] DEBUG  Dispatcher                    :       New Queue ID: 0.1
04/09/2016 12:34:36 [12] INFO   BackgroundThread              : Starting 
04/09/2016 12:34:36 [14] DEBUG  LoginConversation             : Creating login request. 
04/09/2016 12:34:36 [14] DEBUG  InitiatedConversation         : Conversation Id  for initiated conversation: 0.1
04/09/2016 12:34:36 [14] DEBUG  PostMan                       : Sending UDP (Messages.RequestMessages.LoginRequest)
04/09/2016 12:34:37 [14] DEBUG  PostMan                       : MessageId: 0.1ConversationId: 0.1
04/09/2016 12:34:37 [14] DEBUG  PostMan                       : Message Delivered
04/09/2016 12:34:37 [10] DEBUG  PostMan                       : Message Received!
04/09/2016 12:34:37 [10] DEBUG  PostMan                       : Raw Message: 
04/09/2016 12:34:37 [10] DEBUG  PostMan                       : {"__type":"LoginReply:#Messages.ReplyMessages","ConvId":{"Pid":0,"Seq":1},"MsgId":{"Pid":1,"Seq":8},"Note":"Logged in","Success":true,"PennyBankEndPoint":{"Host":"127.0.0.1","Port":12003},"PennyBankPublicKey":null,"ProcessInfo":{"EndPoint":{"Host":"127.0.0.1","Port":10000},"Label":"The Instructor","ProcessId":6,"Status":3,"Type":3},"ProxyEndPoint":{"Host":"127.0.0.1","Port":12002}}
04/09/2016 12:34:37 [10] DEBUG  PostMan                       : Message ID: 1.8, ConversationId: 0.1
04/09/2016 12:34:37 [10] INFO   Dispatcher                    : New Message Received: (Messages.ReplyMessages.LoginReply)
04/09/2016 12:34:37 [10] INFO   Dispatcher                    : MessageId: 1.8ConversationId: 0.1
04/09/2016 12:34:42 [14] DEBUG  LoginConversation             : Received a login reply message.
04/09/2016 12:34:42 [14] INFO   BackgroundThread              : Stopping 
04/09/2016 12:34:42 [14] DEBUG  BackgroundThread              : Leaving Stop
04/09/2016 12:34:42 [12] DEBUG  PlayerProcess                 : In Process GetGameList function.
04/09/2016 12:34:42 [12] DEBUG  Dispatcher                    : Adding Conversation Player.Conversation.GameListConversation, 6.2
04/09/2016 12:34:42 [12] DEBUG  Dispatcher                    :       New Queue ID: 6.2
04/09/2016 12:34:42 [12] INFO   BackgroundThread              : Starting 
04/09/2016 12:34:42 [11] DEBUG  GameListConversation          : Queuing game list request. 
04/09/2016 12:34:42 [11] DEBUG  InitiatedConversation         : Conversation Id  for initiated conversation: 6.2
04/09/2016 12:34:42 [11] DEBUG  PostMan                       : Sending UDP (Messages.RequestMessages.GameListRequest)
04/09/2016 12:34:42 [11] DEBUG  PostMan                       : MessageId: 6.2ConversationId: 6.2
04/09/2016 12:34:42 [11] DEBUG  PostMan                       : Message Delivered
04/09/2016 12:34:42 [10] DEBUG  PostMan                       : Message Received!
04/09/2016 12:34:42 [10] DEBUG  PostMan                       : Raw Message: 
04/09/2016 12:34:42 [10] DEBUG  PostMan                       : {"__type":"GameListReply:#Messages.ReplyMessages","ConvId":{"Pid":6,"Seq":2},"MsgId":{"Pid":1,"Seq":9},"Note":null,"Success":true,"GameInfo":[{"CurrentProcesses":[{"HasUmbrellaRaised":false,"HitPoints":0,"LifePoints":100,"ProcessId":4,"Type":4},{"HasUmbrellaRaised":false,"HitPoints":0,"LifePoints":100,"ProcessId":5,"Type":5}],"GameId":3,"GameManagerId":2,"Label":"GM56357's 1st Game","MaxPlayers":3,"MinPlayers":2,"StartingPlayers":[],"Status":4,"Winners":null}]}
04/09/2016 12:34:42 [10] DEBUG  PostMan                       : Message ID: 1.9, ConversationId: 6.2
04/09/2016 12:34:42 [10] INFO   Dispatcher                    : New Message Received: (Messages.ReplyMessages.GameListReply)
04/09/2016 12:34:42 [10] INFO   Dispatcher                    : MessageId: 1.9ConversationId: 6.2
04/09/2016 12:34:45 [10] DEBUG  PostMan                       : Message Received!
04/09/2016 12:34:45 [10] DEBUG  PostMan                       : Raw Message: 
04/09/2016 12:34:45 [10] DEBUG  PostMan                       : {"__type":"AliveRequest:#Messages.RequestMessages","ConvId":{"Pid":1,"Seq":13},"MsgId":{"Pid":1,"Seq":13}}
04/09/2016 12:34:45 [10] DEBUG  PostMan                       : Message ID: 1.13, ConversationId: 1.13
04/09/2016 12:34:45 [10] INFO   Dispatcher                    : New Message Received: (Messages.RequestMessages.AliveRequest)
04/09/2016 12:34:45 [10] INFO   Dispatcher                    : MessageId: 1.13ConversationId: 1.13
04/09/2016 12:34:45 [10] DEBUG  Dispatcher                    : Conversation  with id= 1.13 does not exist, trying to create new conversation.
04/09/2016 12:34:45 [10] DEBUG  Dispatcher                    : Adding Conversation Player.Conversation.AliveConversation, 1.13
04/09/2016 12:34:45 [10] DEBUG  Dispatcher                    :       New Queue ID: 1.13
04/09/2016 12:34:45 [10] INFO   BackgroundThread              : Starting 
04/09/2016 12:34:45 [13] DEBUG  AliveConversation             : Creating Alive Response
04/09/2016 12:34:45 [13] DEBUG  ResponseConversation          : Conversation Id  for Response conversation: 1.13
04/09/2016 12:34:45 [13] DEBUG  PostMan                       : Sending UDP (Messages.ReplyMessages.Reply)
04/09/2016 12:34:45 [13] DEBUG  PostMan                       : MessageId: 6.3ConversationId: 1.13
04/09/2016 12:34:45 [13] DEBUG  PostMan                       : Message Delivered
04/09/2016 12:34:47 [11] DEBUG  GameListConversation          : Received a game list reply message.
04/09/2016 12:34:47 [11] INFO   BackgroundThread              : Stopping 
04/09/2016 12:34:47 [11] DEBUG  BackgroundThread              : Leaving Stop
04/09/2016 12:34:47 [12] DEBUG  PlayerProcess                 : Life points is null, game needs to be started.
04/09/2016 12:34:47 [12] DEBUG  Dispatcher                    : Adding Conversation Player.Conversation.JoinGameConversation, 6.4
04/09/2016 12:34:47 [12] DEBUG  Dispatcher                    :       New Queue ID: 6.4
04/09/2016 12:34:47 [12] INFO   BackgroundThread              : Starting 
04/09/2016 12:34:47 [13] DEBUG  JoinGameConversation          : Queuing join game request. 
04/09/2016 12:34:47 [13] DEBUG  JoinGameConversation          : Requesting GameId: 3
04/09/2016 12:34:47 [13] DEBUG  InitiatedConversation         : Conversation Id  for initiated conversation: 6.4
04/09/2016 12:34:47 [13] DEBUG  PostMan                       : Sending UDP (Messages.Routing)
04/09/2016 12:34:47 [13] DEBUG  PostMan                       : MessageId: 6.4ConversationId: 6.4
04/09/2016 12:34:47 [13] DEBUG  PostMan                       : Message Delivered
04/09/2016 12:34:47 [10] DEBUG  PostMan                       : Message Received!
04/09/2016 12:34:47 [10] DEBUG  PostMan                       : Raw Message: 
04/09/2016 12:34:47 [10] DEBUG  PostMan                       : {"__type":"Routing:#Messages","ConvId":{"Pid":6,"Seq":4},"MsgId":{"Pid":2,"Seq":16},"InnerMessage":{"__type":"JoinGameReply:#Messages.ReplyMessages","ConvId":{"Pid":6,"Seq":4},"MsgId":{"Pid":2,"Seq":16},"Note":null,"Success":true,"GameId":3,"InitialLifePoints":100},"ToProcessIds":[6]}
04/09/2016 12:34:47 [10] DEBUG  PostMan                       : Message ID: 2.16, ConversationId: 6.4
04/09/2016 12:34:47 [10] INFO   Dispatcher                    : New Message Received: (Messages.Routing)
04/09/2016 12:34:47 [10] INFO   Dispatcher                    : MessageId: 2.16ConversationId: 6.4
04/09/2016 12:34:47 [10] DEBUG  PostMan                       : Message Received!
04/09/2016 12:34:47 [10] DEBUG  PostMan                       : Raw Message: 
04/09/2016 12:34:47 [10] DEBUG  PostMan                       : {"__type":"Routing:#Messages","ConvId":{"Pid":2,"Seq":19},"MsgId":{"Pid":2,"Seq":19},"InnerMessage":{"__type":"GameStatusNotification:#Messages.RequestMessages","ConvId":{"Pid":2,"Seq":19},"MsgId":{"Pid":2,"Seq":19},"Game":{"CurrentProcesses":[{"HasUmbrellaRaised":false,"HitPoints":0,"LifePoints":100,"ProcessId":4,"Type":4},{"HasUmbrellaRaised":false,"HitPoints":0,"LifePoints":100,"ProcessId":5,"Type":5},{"HasUmbrellaRaised":false,"HitPoints":0,"LifePoints":100,"ProcessId":6,"Type":3}],"GameId":3,"GameManagerId":2,"Label":"GM56357's 1st Game","MaxPlayers":3,"MinPlayers":2,"StartingPlayers":[],"Status":4,"Winners":null}},"ToProcessIds":[4,5,6]}
04/09/2016 12:34:47 [12] DEBUG  PlayerProcess                 : No games available, setting status to 'Registered'
04/09/2016 12:34:47 [10] DEBUG  PostMan                       : Message ID: 2.19, ConversationId: 2.19
04/09/2016 12:34:47 [10] INFO   Dispatcher                    : New Message Received: (Messages.Routing)
04/09/2016 12:34:47 [10] INFO   Dispatcher                    : MessageId: 2.19ConversationId: 2.19
04/09/2016 12:34:47 [12] DEBUG  PlayerProcess                 : In Process GetGameList function.
04/09/2016 12:34:47 [10] DEBUG  Dispatcher                    : Conversation  with id= 2.19 does not exist, trying to create new conversation.
04/09/2016 12:34:47 [12] DEBUG  Dispatcher                    : Adding Conversation Player.Conversation.GameListConversation, 6.5
04/09/2016 12:34:47 [12] DEBUG  Dispatcher                    :       New Queue ID: 6.5
04/09/2016 12:34:47 [12] INFO   BackgroundThread              : Starting 
04/09/2016 12:34:47 [16] DEBUG  GameListConversation          : Queuing game list request. 
04/09/2016 12:34:47 [10] DEBUG  Dispatcher                    : Adding Conversation Player.Conversation.GameStatusConversation, 2.19
04/09/2016 12:34:47 [10] DEBUG  Dispatcher                    :       New Queue ID: 2.19
04/09/2016 12:34:47 [10] INFO   BackgroundThread              : Starting 
04/09/2016 12:34:47 [11] DEBUG  GameStatusConversation        : Received Game Status Message
04/09/2016 12:34:47 [16] DEBUG  InitiatedConversation         : Conversation Id  for initiated conversation: 6.5
04/09/2016 12:34:47 [16] DEBUG  PostMan                       : Sending UDP (Messages.RequestMessages.GameListRequest)
04/09/2016 12:34:47 [16] DEBUG  PostMan                       : MessageId: 6.5ConversationId: 6.5
04/09/2016 12:34:47 [16] DEBUG  PostMan                       : Message Delivered
04/09/2016 12:34:47 [10] DEBUG  PostMan                       : Message Received!
04/09/2016 12:34:47 [10] DEBUG  PostMan                       : Raw Message: 
04/09/2016 12:34:47 [10] DEBUG  PostMan                       : {"__type":"GameListReply:#Messages.ReplyMessages","ConvId":{"Pid":6,"Seq":5},"MsgId":{"Pid":1,"Seq":17},"Note":null,"Success":true,"GameInfo":[{"CurrentProcesses":[{"HasUmbrellaRaised":false,"HitPoints":0,"LifePoints":100,"ProcessId":4,"Type":4},{"HasUmbrellaRaised":false,"HitPoints":0,"LifePoints":100,"ProcessId":5,"Type":5},{"HasUmbrellaRaised":false,"HitPoints":0,"LifePoints":100,"ProcessId":6,"Type":3}],"GameId":3,"GameManagerId":2,"Label":"GM56357's 1st Game","MaxPlayers":3,"MinPlayers":2,"StartingPlayers":[],"Status":4,"Winners":null}]}
04/09/2016 12:34:47 [10] DEBUG  PostMan                       : Message ID: 1.17, ConversationId: 6.5
04/09/2016 12:34:47 [10] INFO   Dispatcher                    : New Message Received: (Messages.ReplyMessages.GameListReply)
04/09/2016 12:34:47 [10] INFO   Dispatcher                    : MessageId: 1.17ConversationId: 6.5
04/09/2016 12:34:52 [13] DEBUG  JoinGameConversation          : Received a game join message.
04/09/2016 12:34:52 [13] INFO   BackgroundThread              : Stopping 
04/09/2016 12:34:52 [13] DEBUG  BackgroundThread              : Leaving Stop
04/09/2016 12:34:52 [16] DEBUG  GameListConversation          : Received a game list reply message.
04/09/2016 12:34:52 [16] INFO   BackgroundThread              : Stopping 
04/09/2016 12:34:52 [16] DEBUG  BackgroundThread              : Leaving Stop
04/09/2016 12:34:57 [10] DEBUG  PostMan                       : Message Received!
04/09/2016 12:34:57 [10] DEBUG  PostMan                       : Raw Message: 
04/09/2016 12:34:57 [10] DEBUG  PostMan                       : {"__type":"AllowanceDeliveryRequest:#Messages.RequestMessages","ConvId":{"Pid":1,"Seq":16},"MsgId":{"Pid":1,"Seq":16},"NumberOfPennies":400,"PortNumber":12999}
04/09/2016 12:34:57 [10] DEBUG  PostMan                       : Message ID: 1.16, ConversationId: 1.16
04/09/2016 12:34:57 [10] INFO   Dispatcher                    : New Message Received: (Messages.RequestMessages.AllowanceDeliveryRequest)
04/09/2016 12:34:57 [10] INFO   Dispatcher                    : MessageId: 1.16ConversationId: 1.16
04/09/2016 12:34:57 [10] DEBUG  Dispatcher                    : Conversation  with id= 1.16 does not exist, trying to create new conversation.
04/09/2016 12:34:57 [10] DEBUG  Dispatcher                    : Adding Conversation Player.Conversation.AllowanceDeliveryConversation, 1.16
04/09/2016 12:34:57 [10] DEBUG  Dispatcher                    :       New Queue ID: 1.16
04/09/2016 12:34:57 [10] INFO   BackgroundThread              : Starting 
04/09/2016 12:34:57 [11] DEBUG  AllowanceDeliveryConversation : Received Allowance Delivery Request. 
04/09/2016 12:34:57 [11] DEBUG  TCPSocket                     : Destination Endpoint is: 127.0.0.1:12999
04/09/2016 12:34:57 [11] INFO   BackgroundThread              : Starting 
04/09/2016 12:34:57 [14] DEBUG  TCPSocket                     : Opening Remote TCP Connection
04/09/2016 12:34:57 [14] DEBUG  TCPSocket                     : TCP Socket connected to 127.0.0.1:12999
04/09/2016 12:34:57 [14] DEBUG  TCPSocket                     : Reading a message, assuming the size of the message is contained in the first 4 bits
04/09/2016 12:34:57 [14] DEBUG  TCPSocket                     : Reading bytes in TCP Reader
04/09/2016 12:35:07 [10] DEBUG  PostMan                       : Message Received!
04/09/2016 12:35:07 [10] DEBUG  PostMan                       : Raw Message: 
04/09/2016 12:35:07 [10] DEBUG  PostMan                       : {"__type":"AllowanceDeliveryRequest:#Messages.RequestMessages","ConvId":{"Pid":1,"Seq":16},"MsgId":{"Pid":1,"Seq":16},"NumberOfPennies":400,"PortNumber":12999}
04/09/2016 12:35:07 [10] DEBUG  PostMan                       : Message ID: 1.16, ConversationId: 1.16
04/09/2016 12:35:07 [10] INFO   Dispatcher                    : New Message Received: (Messages.RequestMessages.AllowanceDeliveryRequest)
04/09/2016 12:35:07 [10] INFO   Dispatcher                    : MessageId: 1.16ConversationId: 1.16
04/09/2016 12:35:16 [10] DEBUG  PostMan                       : Message Received!
04/09/2016 12:35:16 [10] DEBUG  PostMan                       : Raw Message: 
04/09/2016 12:35:16 [10] DEBUG  PostMan                       : {"__type":"AliveRequest:#Messages.RequestMessages","ConvId":{"Pid":1,"Seq":21},"MsgId":{"Pid":1,"Seq":21}}
04/09/2016 12:35:16 [10] DEBUG  PostMan                       : Message ID: 1.21, ConversationId: 1.21
04/09/2016 12:35:16 [10] INFO   Dispatcher                    : New Message Received: (Messages.RequestMessages.AliveRequest)
04/09/2016 12:35:16 [10] INFO   Dispatcher                    : MessageId: 1.21ConversationId: 1.21
04/09/2016 12:35:16 [10] DEBUG  Dispatcher                    : Conversation  with id= 1.21 does not exist, trying to create new conversation.
04/09/2016 12:35:16 [10] DEBUG  Dispatcher                    : Adding Conversation Player.Conversation.AliveConversation, 1.21
04/09/2016 12:35:16 [10] DEBUG  Dispatcher                    :       New Queue ID: 1.21
04/09/2016 12:35:16 [10] INFO   BackgroundThread              : Starting 
04/09/2016 12:35:16 [11] ERROR  ResponseConversation          : Unable to retrieve received message. 
04/09/2016 12:35:26 [10] DEBUG  PostMan                       : Message Received!
04/09/2016 12:35:26 [10] DEBUG  PostMan                       : Raw Message: 
04/09/2016 12:35:26 [10] DEBUG  PostMan                       : {"__type":"AliveRequest:#Messages.RequestMessages","ConvId":{"Pid":1,"Seq":21},"MsgId":{"Pid":1,"Seq":21}}
04/09/2016 12:35:26 [10] DEBUG  PostMan                       : Message ID: 1.21, ConversationId: 1.21
04/09/2016 12:35:26 [10] INFO   Dispatcher                    : New Message Received: (Messages.RequestMessages.AliveRequest)
04/09/2016 12:35:26 [10] INFO   Dispatcher                    : MessageId: 1.21ConversationId: 1.21
04/09/2016 12:35:36 [10] DEBUG  PostMan                       : Message Received!
04/09/2016 12:35:36 [10] DEBUG  PostMan                       : Raw Message: 
04/09/2016 12:35:36 [10] DEBUG  PostMan                       : {"__type":"AliveRequest:#Messages.RequestMessages","ConvId":{"Pid":1,"Seq":21},"MsgId":{"Pid":1,"Seq":21}}
04/09/2016 12:35:36 [10] DEBUG  PostMan                       : Message ID: 1.21, ConversationId: 1.21
04/09/2016 12:35:36 [10] INFO   Dispatcher                    : New Message Received: (Messages.RequestMessages.AliveRequest)
04/09/2016 12:35:36 [10] INFO   Dispatcher                    : MessageId: 1.21ConversationId: 1.21
04/09/2016 12:35:47 [10] DEBUG  PostMan                       : Message Received!
04/09/2016 12:35:47 [10] DEBUG  PostMan                       : Raw Message: 
04/09/2016 12:35:47 [10] DEBUG  PostMan                       : {"__type":"AliveRequest:#Messages.RequestMessages","ConvId":{"Pid":1,"Seq":25},"MsgId":{"Pid":1,"Seq":25}}
04/09/2016 12:35:47 [10] DEBUG  PostMan                       : Message ID: 1.25, ConversationId: 1.25
04/09/2016 12:35:47 [10] INFO   Dispatcher                    : New Message Received: (Messages.RequestMessages.AliveRequest)
04/09/2016 12:35:47 [10] INFO   Dispatcher                    : MessageId: 1.25ConversationId: 1.25
04/09/2016 12:35:47 [10] DEBUG  Dispatcher                    : Conversation  with id= 1.25 does not exist, trying to create new conversation.
04/09/2016 12:35:47 [10] DEBUG  Dispatcher                    : Adding Conversation Player.Conversation.AliveConversation, 1.25
04/09/2016 12:35:47 [10] DEBUG  Dispatcher                    :       New Queue ID: 1.25
04/09/2016 12:35:47 [10] INFO   BackgroundThread              : Starting 
04/09/2016 12:35:47 [11] ERROR  ResponseConversation          : Unable to retrieve received message. 
04/09/2016 12:35:57 [10] DEBUG  PostMan                       : Message Received!
04/09/2016 12:35:57 [10] DEBUG  PostMan                       : Raw Message: 
04/09/2016 12:35:57 [10] DEBUG  PostMan                       : {"__type":"AliveRequest:#Messages.RequestMessages","ConvId":{"Pid":1,"Seq":25},"MsgId":{"Pid":1,"Seq":25}}
04/09/2016 12:35:57 [10] DEBUG  PostMan                       : Message ID: 1.25, ConversationId: 1.25
04/09/2016 12:35:57 [10] INFO   Dispatcher                    : New Message Received: (Messages.RequestMessages.AliveRequest)
04/09/2016 12:35:57 [10] INFO   Dispatcher                    : MessageId: 1.25ConversationId: 1.25
04/09/2016 12:36:07 [10] DEBUG  PostMan                       : Message Received!
04/09/2016 12:36:07 [10] DEBUG  PostMan                       : Raw Message: 
04/09/2016 12:36:07 [10] DEBUG  PostMan                       : {"__type":"AliveRequest:#Messages.RequestMessages","ConvId":{"Pid":1,"Seq":25},"MsgId":{"Pid":1,"Seq":25}}
04/09/2016 12:36:07 [10] DEBUG  PostMan                       : Message ID: 1.25, ConversationId: 1.25
04/09/2016 12:36:07 [10] INFO   Dispatcher                    : New Message Received: (Messages.RequestMessages.AliveRequest)
04/09/2016 12:36:07 [10] INFO   Dispatcher                    : MessageId: 1.25ConversationId: 1.25
04/09/2016 12:36:18 [10] DEBUG  PostMan                       : Message Received!
04/09/2016 12:36:18 [10] DEBUG  PostMan                       : Raw Message: 
04/09/2016 12:36:18 [10] DEBUG  PostMan                       : {"__type":"DeadProcessNotification:#Messages.RequestMessages","ConvId":{"Pid":1,"Seq":28},"MsgId":{"Pid":1,"Seq":28},"ProcessId":6}
04/09/2016 12:36:18 [10] DEBUG  PostMan                       : Message ID: 1.28, ConversationId: 1.28
04/09/2016 12:36:18 [10] INFO   Dispatcher                    : New Message Received: (Messages.RequestMessages.DeadProcessNotification)
04/09/2016 12:36:18 [10] INFO   Dispatcher                    : MessageId: 1.28ConversationId: 1.28
04/09/2016 12:36:18 [10] DEBUG  Dispatcher                    : Conversation  with id= 1.28 does not exist, trying to create new conversation.
04/09/2016 12:36:18 [10] ERROR  Dispatcher                    : New conversation returned from factory is Null!
