04/13/2016 04:32:17 [ 7] DEBUG  PlayerConnection              : Using Local Settings.
04/13/2016 04:32:17 [ 7] DEBUG  PlayerConnection              : Starting Application. 
04/13/2016 04:32:17 [ 7] DEBUG  PlayerConnection              : Initializing Subsystem
04/13/2016 04:32:17 [ 7] DEBUG  PlayerProcess                 : Initializeing Player Subsystem.
04/13/2016 04:32:17 [ 7] DEBUG  PlayerConnection              : Initializing Player
04/13/2016 04:32:17 [ 7] DEBUG  PlayerProcess                 : Initializing Player Details.
04/13/2016 04:32:17 [ 7] INFO   BackgroundThread              : Starting 
04/13/2016 04:32:17 [10] INFO   BackgroundThread              : Starting 
04/13/2016 04:32:17 [10] DEBUG  PlayerProcess                 : In Process Login function.
04/13/2016 04:32:17 [10] DEBUG  ConversationFactory           : Creating Conversation of type LoginConversation
04/13/2016 04:32:17 [10] DEBUG  Dispatcher                    : Adding Conversation Player.Conversation.LoginConversation, 0.1
04/13/2016 04:32:17 [10] DEBUG  Dispatcher                    :       New Queue ID: 0.1
04/13/2016 04:32:17 [10] INFO   BackgroundThread              : Starting 
04/13/2016 04:32:19 [12] DEBUG  LoginConversation             : Creating login request. 
04/13/2016 04:32:19 [12] DEBUG  InitiatedConversation         : LoginConversation, ConversationID: 0.1: Conversation Id  for Initiated conversation: 0.1
04/13/2016 04:32:19 [12] DEBUG  Conversation                  : LoginConversation, ConversationID: 0.1: Setting Message IDs
04/13/2016 04:32:19 [12] DEBUG  Conversation                  : LoginConversation, ConversationID: 0.1: Conversation is initiating send.
04/13/2016 04:32:20 [12] DEBUG  PostMan                       : Sending UDP (Messages.RequestMessages.LoginRequest, MessageID: 0.1, ConversationID: 0.1)
Endpoint: 127.0.0.1:12000
JSON: {"__type":"LoginRequest:#Messages.RequestMessages","ConvId":{"Pid":0,"Seq":1},"MsgId":{"Pid":0,"Seq":1},"Identity":{"ANumber":"A00000001","Alias":"The Instructor","FirstName":"The","LastName":"Instructor"},"ProcessLabel":"The Instructor","ProcessType":3,"PublicKey":null}
04/13/2016 04:32:20 [12] DEBUG  PostMan                       : Message Delivered
04/13/2016 04:32:20 [12] DEBUG  Conversation                  : LoginConversation, ConversationID: 0.1: Send succeeded.
04/13/2016 04:32:20 [11] DEBUG  PostMan                       : Received UDP (Messages.ReplyMessages.LoginReply, MessageID: 1.96, ConversationID: 0.1)
JSON: {"__type":"LoginReply:#Messages.ReplyMessages","ConvId":{"Pid":0,"Seq":1},"MsgId":{"Pid":1,"Seq":96},"Note":"Logged in","Success":true,"PennyBankEndPoint":{"Host":"127.0.0.1","Port":12003},"PennyBankPublicKey":null,"ProcessInfo":{"EndPoint":{"Host":"127.0.0.1","Port":10000},"Label":"The Instructor","ProcessId":8,"Status":3,"Type":3},"ProxyEndPoint":{"Host":"127.0.0.1","Port":12002}}
04/13/2016 04:32:20 [15] INFO   ispatcher+<>c__DisplayClass7_0: New Message Received: (Messages.ReplyMessages.LoginReply)
04/13/2016 04:32:20 [15] INFO   ispatcher+<>c__DisplayClass7_0: MessageId: 1.96ConversationId: 0.1
04/13/2016 04:32:20 [15] DEBUG  Dispatcher                    : Successsfully queued a new message of type LoginReply, for conversation: 0.1
04/13/2016 04:32:20 [12] DEBUG  Conversation                  : LoginConversation, ConversationID: 0.1: Message available!
04/13/2016 04:32:20 [12] DEBUG  Conversation                  : LoginConversation, ConversationID: 0.1: Message available!
04/13/2016 04:32:20 [12] DEBUG  Conversation                  : LoginConversation, ConversationID: 0.1: Received Message is valid
04/13/2016 04:32:20 [12] DEBUG  Conversation                  : Received a Message of type: LoginReply
04/13/2016 04:32:20 [12] DEBUG  LoginConversation             : Proxy endpoint is 127.0.0.1:12003
04/13/2016 04:32:20 [12] INFO   Conversation                  : Conversation Succeeded
04/13/2016 04:32:20 [12] INFO   Conversation                  : Conversation Succeeded
04/13/2016 04:32:20 [10] DEBUG  PlayerProcess                 : In Process GetGameList function.
04/13/2016 04:32:20 [10] DEBUG  ConversationFactory           : Creating Conversation of type GameListConversation
04/13/2016 04:32:20 [10] DEBUG  Dispatcher                    : Adding Conversation Player.Conversation.GameListConversation, 8.2
04/13/2016 04:32:20 [10] DEBUG  Dispatcher                    :       New Queue ID: 8.2
04/13/2016 04:32:20 [10] INFO   BackgroundThread              : Starting 
04/13/2016 04:32:22 [14] DEBUG  GameListConversation          : Queuing game list request. 
04/13/2016 04:32:22 [14] DEBUG  InitiatedConversation         : GameListConversation, ConversationID: 8.2: Conversation Id  for Initiated conversation: 8.2
04/13/2016 04:32:22 [14] DEBUG  Conversation                  : GameListConversation, ConversationID: 8.2: Setting Message IDs
04/13/2016 04:32:22 [14] DEBUG  Conversation                  : GameListConversation, ConversationID: 8.2: Conversation is initiating send.
04/13/2016 04:32:22 [14] DEBUG  PostMan                       : Sending UDP (Messages.RequestMessages.GameListRequest, MessageID: 8.2, ConversationID: 8.2)
Endpoint: 127.0.0.1:12000
JSON: {"__type":"GameListRequest:#Messages.RequestMessages","ConvId":{"Pid":8,"Seq":2},"MsgId":{"Pid":8,"Seq":2},"StatusFilter":4}
04/13/2016 04:32:22 [14] DEBUG  PostMan                       : Message Delivered
04/13/2016 04:32:22 [14] DEBUG  Conversation                  : GameListConversation, ConversationID: 8.2: Send succeeded.
04/13/2016 04:32:22 [11] DEBUG  PostMan                       : Received UDP (Messages.ReplyMessages.GameListReply, MessageID: 1.97, ConversationID: 8.2)
JSON: {"__type":"GameListReply:#Messages.ReplyMessages","ConvId":{"Pid":8,"Seq":2},"MsgId":{"Pid":1,"Seq":97},"Note":null,"Success":true,"GameInfo":[{"CurrentProcesses":[{"HasUmbrellaRaised":false,"HitPoints":0,"LifePoints":100,"ProcessId":5,"Type":4},{"HasUmbrellaRaised":false,"HitPoints":0,"LifePoints":100,"ProcessId":6,"Type":5},{"HasUmbrellaRaised":false,"HitPoints":0,"LifePoints":100,"ProcessId":2,"Type":3},{"HasUmbrellaRaised":false,"HitPoints":0,"LifePoints":100,"ProcessId":7,"Type":3}],"GameId":4,"GameManagerId":3,"Label":"GM11876's 1st Game","MaxPlayers":3,"MinPlayers":3,"StartingPlayers":[],"Status":4,"Winners":null}]}
04/13/2016 04:32:22 [15] INFO   ispatcher+<>c__DisplayClass7_0: New Message Received: (Messages.ReplyMessages.GameListReply)
04/13/2016 04:32:22 [15] INFO   ispatcher+<>c__DisplayClass7_0: MessageId: 1.97ConversationId: 8.2
04/13/2016 04:32:22 [15] DEBUG  Dispatcher                    : Successsfully queued a new message of type GameListReply, for conversation: 8.2
04/13/2016 04:32:22 [14] DEBUG  Conversation                  : GameListConversation, ConversationID: 8.2: Message available!
04/13/2016 04:32:23 [14] DEBUG  Conversation                  : GameListConversation, ConversationID: 8.2: Message available!
04/13/2016 04:32:23 [14] DEBUG  Conversation                  : GameListConversation, ConversationID: 8.2: Received Message is valid
04/13/2016 04:32:23 [14] DEBUG  Conversation                  : Received a Message of type: GameListReply
04/13/2016 04:32:23 [14] INFO   Conversation                  : Conversation Succeeded
04/13/2016 04:32:23 [14] INFO   Conversation                  : Conversation Succeeded
04/13/2016 04:32:23 [10] DEBUG  PlayerProcess                 : In Process JoinGame function.
04/13/2016 04:32:23 [10] DEBUG  ConversationFactory           : Creating Conversation of type JoinGameConversation
04/13/2016 04:32:23 [10] DEBUG  Dispatcher                    : Adding Conversation Player.Conversation.JoinGameConversation, 8.3
04/13/2016 04:32:23 [10] DEBUG  Dispatcher                    :       New Queue ID: 8.3
04/13/2016 04:32:23 [10] INFO   BackgroundThread              : Starting 
04/13/2016 04:32:23 [11] DEBUG  PostMan                       : Received UDP (Messages.RequestMessages.AliveRequest, MessageID: 1.92, ConversationID: 1.92)
JSON: {"__type":"AliveRequest:#Messages.RequestMessages","ConvId":{"Pid":1,"Seq":92},"MsgId":{"Pid":1,"Seq":92}}
04/13/2016 04:32:23 [14] INFO   ispatcher+<>c__DisplayClass7_0: New Message Received: (Messages.RequestMessages.AliveRequest)
04/13/2016 04:32:23 [14] INFO   ispatcher+<>c__DisplayClass7_0: MessageId: 1.92ConversationId: 1.92
04/13/2016 04:32:23 [14] DEBUG  Dispatcher                    : Conversation  with id= 1.92 does not exist, trying to create new conversation.
04/13/2016 04:32:23 [14] DEBUG  ConversationFactory           : Creating Conversation of type AliveConversation
04/13/2016 04:32:23 [14] DEBUG  Dispatcher                    : Adding Conversation Player.Conversation.AliveConversation, 1.92
04/13/2016 04:32:23 [14] DEBUG  Dispatcher                    :       New Queue ID: 1.92
04/13/2016 04:32:23 [14] DEBUG  Dispatcher                    : Successsfully queued a new message of type AliveRequest, for conversation: 1.92
04/13/2016 04:32:23 [14] INFO   BackgroundThread              : Starting 
04/13/2016 04:32:23 [12] DEBUG  Conversation                  : AliveConversation, ConversationID: 1.92: Message available!
04/13/2016 04:32:23 [12] DEBUG  Conversation                  : AliveConversation, ConversationID: 1.92: Message available!
04/13/2016 04:32:23 [12] DEBUG  Conversation                  : AliveConversation, ConversationID: 1.92: Message available!
04/13/2016 04:32:23 [12] DEBUG  Conversation                  : AliveConversation, ConversationID: 1.92: Received Message is valid
04/13/2016 04:32:23 [12] DEBUG  Conversation                  : Received a Message of type: AliveRequest
04/13/2016 04:32:23 [12] DEBUG  AliveConversation             : Creating Alive Response
04/13/2016 04:32:23 [12] DEBUG  ResponseConversation          : AliveConversation, ConversationID: 1.92: Conversation Id  for Response conversation: 1.92
04/13/2016 04:32:23 [12] DEBUG  Conversation                  : AliveConversation, ConversationID: 1.92: Setting Message IDs
04/13/2016 04:32:23 [12] DEBUG  Conversation                  : AliveConversation, ConversationID: 1.92: Conversation is initiating send.
04/13/2016 04:32:23 [12] DEBUG  PostMan                       : Sending UDP (Messages.ReplyMessages.Reply, MessageID: 8.4, ConversationID: 1.92)
Endpoint: 127.0.0.1:12000
JSON: {"__type":"Reply:#Messages.ReplyMessages","ConvId":{"Pid":1,"Seq":92},"MsgId":{"Pid":8,"Seq":4},"Note":"I'm Alive","Success":true}
04/13/2016 04:32:23 [12] DEBUG  PostMan                       : Message Delivered
04/13/2016 04:32:23 [12] DEBUG  Conversation                  : AliveConversation, ConversationID: 1.92: Send succeeded.
04/13/2016 04:32:25 [15] DEBUG  JoinGameConversation          : Queuing join game request. 
04/13/2016 04:32:25 [15] DEBUG  JoinGameConversation          : Requesting GameId: 4
04/13/2016 04:32:25 [15] DEBUG  Conversation                  : JoinGameConversation, ConversationID: 8.3: Message is routing message
04/13/2016 04:32:25 [15] DEBUG  InitiatedConversation         : JoinGameConversation, ConversationID: 8.3: Conversation Id  for Initiated conversation: 8.3
04/13/2016 04:32:25 [15] DEBUG  Conversation                  : JoinGameConversation, ConversationID: 8.3: Setting Message IDs
04/13/2016 04:32:25 [15] DEBUG  Conversation                  : JoinGameConversation, ConversationID: 8.3: Conversation is initiating send.
04/13/2016 04:32:25 [15] DEBUG  PostMan                       : Sending UDP (Messages.Routing, MessageID: 8.3, ConversationID: 8.3)
Endpoint: 127.0.0.1:12002
JSON: {"__type":"Routing:#Messages","ConvId":{"Pid":8,"Seq":3},"MsgId":{"Pid":8,"Seq":3},"InnerMessage":{"__type":"JoinGameRequest:#Messages.RequestMessages","ConvId":{"Pid":8,"Seq":3},"MsgId":{"Pid":8,"Seq":3},"GameId":4,"Process":{"EndPoint":{"Host":"127.0.0.1","Port":10000},"Label":"The Instructor","ProcessId":8,"Status":4,"Type":3}},"ToProcessIds":[3]}
04/13/2016 04:32:25 [15] DEBUG  PostMan                       : Message Delivered
04/13/2016 04:32:25 [15] DEBUG  Conversation                  : JoinGameConversation, ConversationID: 8.3: Send succeeded.
04/13/2016 04:32:25 [11] DEBUG  PostMan                       : Received UDP (Messages.Routing, MessageID: 3.51, ConversationID: 8.3)
JSON: {"__type":"Routing:#Messages","ConvId":{"Pid":8,"Seq":3},"MsgId":{"Pid":3,"Seq":51},"InnerMessage":{"__type":"JoinGameReply:#Messages.ReplyMessages","ConvId":{"Pid":8,"Seq":3},"MsgId":{"Pid":3,"Seq":51},"Note":null,"Success":true,"GameId":4,"InitialLifePoints":100},"ToProcessIds":[8]}
04/13/2016 04:32:25 [16] INFO   ispatcher+<>c__DisplayClass7_0: New Message Received: (Messages.Routing)
04/13/2016 04:32:25 [16] INFO   ispatcher+<>c__DisplayClass7_0: MessageId: 3.51ConversationId: 8.3
04/13/2016 04:32:25 [16] DEBUG  Dispatcher                    : Successsfully queued a new message of type Routing, for conversation: 8.3
04/13/2016 04:32:25 [15] DEBUG  Conversation                  : JoinGameConversation, ConversationID: 8.3: Message available!
04/13/2016 04:32:25 [15] DEBUG  Conversation                  : JoinGameConversation, ConversationID: 8.3: Message available!
04/13/2016 04:32:26 [15] DEBUG  Conversation                  : JoinGameConversation, ConversationID: 8.3: Received Message is valid
04/13/2016 04:32:26 [15] DEBUG  Conversation                  : Received a Message of type: Routing
04/13/2016 04:32:26 [15] INFO   Conversation                  : Conversation Succeeded
04/13/2016 04:32:26 [15] INFO   Conversation                  : Conversation Succeeded
04/13/2016 04:32:41 [11] DEBUG  PostMan                       : Received UDP (Messages.RequestMessages.AllowanceDeliveryRequest, MessageID: 1.100, ConversationID: 1.100)
JSON: {"__type":"AllowanceDeliveryRequest:#Messages.RequestMessages","ConvId":{"Pid":1,"Seq":100},"MsgId":{"Pid":1,"Seq":100},"NumberOfPennies":400,"PortNumber":12997}
04/13/2016 04:32:49 [ 9] INFO   ispatcher+<>c__DisplayClass7_0: New Message Received: (Messages.RequestMessages.AllowanceDeliveryRequest)
04/13/2016 04:32:50 [ 9] INFO   ispatcher+<>c__DisplayClass7_0: MessageId: 1.100ConversationId: 1.100
04/13/2016 04:33:09 [ 9] DEBUG  Dispatcher                    : Conversation  with id= 1.100 does not exist, trying to create new conversation.
04/13/2016 04:33:12 [ 9] DEBUG  ConversationFactory           : Creating Conversation of type AllowanceDeliveryConversation
04/13/2016 04:33:13 [ 9] DEBUG  Dispatcher                    : Adding Conversation Player.Conversation.AllowanceDeliveryConversation, 1.100
04/13/2016 04:33:13 [ 9] DEBUG  Dispatcher                    :       New Queue ID: 1.100
04/13/2016 04:33:13 [ 9] DEBUG  Dispatcher                    : Successsfully queued a new message of type AllowanceDeliveryRequest, for conversation: 1.100
04/13/2016 04:33:13 [ 9] INFO   BackgroundThread              : Starting 
04/13/2016 04:33:13 [ 9] DEBUG  Conversation                  : AllowanceDeliveryConversation, ConversationID: 1.100: Message available!
04/13/2016 04:33:13 [ 9] DEBUG  Conversation                  : AllowanceDeliveryConversation, ConversationID: 1.100: Message available!
04/13/2016 04:33:13 [ 9] DEBUG  Conversation                  : AllowanceDeliveryConversation, ConversationID: 1.100: Message available!
04/13/2016 04:33:13 [ 9] DEBUG  Conversation                  : AllowanceDeliveryConversation, ConversationID: 1.100: Received Message is valid
04/13/2016 04:33:13 [ 9] DEBUG  Conversation                  : Received a Message of type: AllowanceDeliveryRequest
04/13/2016 04:33:13 [ 9] DEBUG  AllowanceDeliveryConversation : Received Allowance Delivery Request. 
04/13/2016 04:33:13 [ 9] DEBUG  TCPSocket                     : Destination Endpoint is: 127.0.0.1:12997
04/13/2016 04:33:13 [ 9] DEBUG  TCPSocket                     : Opening Remote TCP Connection
04/13/2016 04:33:13 [ 9] DEBUG  TCPSocket                     : TCP Socket connected to 127.0.0.1:12997
04/13/2016 04:33:13 [ 9] INFO   ersation+<>c__DisplayClass12_0: IN TCP RECEIVE!!!!
04/13/2016 04:33:15 [ 9] DEBUG  NetworkStreamExtensions       : In ReadStreamMessage, with stream.ReadTimeout=10000
04/13/2016 04:33:15 [ 9] DEBUG  NetworkStreamExtensions       : Try to read 4 length bytes, with stream.CanRead=True and stream.ReadTimeout=10000
04/13/2016 04:33:15 [11] DEBUG  PostMan                       : Received UDP (Messages.RequestMessages.AliveRequest, MessageID: 1.106, ConversationID: 1.106)
JSON: {"__type":"AliveRequest:#Messages.RequestMessages","ConvId":{"Pid":1,"Seq":106},"MsgId":{"Pid":1,"Seq":106}}
04/13/2016 04:33:15 [17] INFO   ispatcher+<>c__DisplayClass7_0: New Message Received: (Messages.RequestMessages.AliveRequest)
04/13/2016 04:33:15 [17] INFO   ispatcher+<>c__DisplayClass7_0: MessageId: 1.106ConversationId: 1.106
04/13/2016 04:33:15 [17] DEBUG  Dispatcher                    : Conversation  with id= 1.106 does not exist, trying to create new conversation.
04/13/2016 04:33:15 [17] DEBUG  ConversationFactory           : Creating Conversation of type AliveConversation
04/13/2016 04:33:15 [17] DEBUG  Dispatcher                    : Adding Conversation Player.Conversation.AliveConversation, 1.106
04/13/2016 04:33:15 [17] DEBUG  Dispatcher                    :       New Queue ID: 1.106
04/13/2016 04:33:15 [17] DEBUG  Dispatcher                    : Successsfully queued a new message of type AliveRequest, for conversation: 1.106
04/13/2016 04:33:15 [17] INFO   BackgroundThread              : Starting 
04/13/2016 04:33:15 [19] DEBUG  Conversation                  : AliveConversation, ConversationID: 1.106: Message available!
04/13/2016 04:33:15 [19] DEBUG  Conversation                  : AliveConversation, ConversationID: 1.106: Message available!
04/13/2016 04:33:15 [19] DEBUG  Conversation                  : AliveConversation, ConversationID: 1.106: Message available!
04/13/2016 04:33:16 [19] DEBUG  Conversation                  : AliveConversation, ConversationID: 1.106: Received Message is valid
04/13/2016 04:33:16 [19] DEBUG  Conversation                  : Received a Message of type: AliveRequest
04/13/2016 04:33:16 [19] DEBUG  AliveConversation             : Creating Alive Response
04/13/2016 04:33:16 [19] DEBUG  ResponseConversation          : AliveConversation, ConversationID: 1.106: Conversation Id  for Response conversation: 1.106
04/13/2016 04:33:16 [19] DEBUG  Conversation                  : AliveConversation, ConversationID: 1.106: Setting Message IDs
04/13/2016 04:33:16 [19] DEBUG  Conversation                  : AliveConversation, ConversationID: 1.106: Conversation is initiating send.
04/13/2016 04:33:16 [19] DEBUG  PostMan                       : Sending UDP (Messages.ReplyMessages.Reply, MessageID: 8.5, ConversationID: 1.106)
Endpoint: 127.0.0.1:12000
JSON: {"__type":"Reply:#Messages.ReplyMessages","ConvId":{"Pid":1,"Seq":106},"MsgId":{"Pid":8,"Seq":5},"Note":"I'm Alive","Success":true}
04/13/2016 04:33:16 [19] DEBUG  PostMan                       : Message Delivered
04/13/2016 04:33:16 [19] DEBUG  Conversation                  : AliveConversation, ConversationID: 1.106: Send succeeded.
04/13/2016 04:33:25 [ 9] DEBUG  NetworkStreamExtensions       : Length bytes read = 0
04/13/2016 04:33:25 [ 9] DEBUG  NetworkStreamExtensions       : In ReadStreamMessage, with stream.ReadTimeout=10000
04/13/2016 04:33:25 [ 9] DEBUG  NetworkStreamExtensions       : Try to read 4 length bytes, with stream.CanRead=True and stream.ReadTimeout=10000
04/13/2016 04:33:35 [ 9] DEBUG  NetworkStreamExtensions       : Length bytes read = 0
04/13/2016 04:33:35 [ 9] DEBUG  NetworkStreamExtensions       : In ReadStreamMessage, with stream.ReadTimeout=10000
04/13/2016 04:33:35 [ 9] DEBUG  NetworkStreamExtensions       : Try to read 4 length bytes, with stream.CanRead=True and stream.ReadTimeout=10000
04/13/2016 04:33:36 [11] DEBUG  PostMan                       : Received UDP (Messages.RequestMessages.AliveRequest, MessageID: 1.110, ConversationID: 1.110)
JSON: {"__type":"AliveRequest:#Messages.RequestMessages","ConvId":{"Pid":1,"Seq":110},"MsgId":{"Pid":1,"Seq":110}}
04/13/2016 04:33:36 [17] INFO   ispatcher+<>c__DisplayClass7_0: New Message Received: (Messages.RequestMessages.AliveRequest)
04/13/2016 04:33:36 [17] INFO   ispatcher+<>c__DisplayClass7_0: MessageId: 1.110ConversationId: 1.110
04/13/2016 04:33:36 [17] DEBUG  Dispatcher                    : Conversation  with id= 1.110 does not exist, trying to create new conversation.
04/13/2016 04:33:36 [17] DEBUG  ConversationFactory           : Creating Conversation of type AliveConversation
04/13/2016 04:33:36 [17] DEBUG  Dispatcher                    : Adding Conversation Player.Conversation.AliveConversation, 1.110
04/13/2016 04:33:36 [17] DEBUG  Dispatcher                    :       New Queue ID: 1.110
04/13/2016 04:33:36 [17] DEBUG  Dispatcher                    : Successsfully queued a new message of type AliveRequest, for conversation: 1.110
04/13/2016 04:33:36 [17] INFO   BackgroundThread              : Starting 
04/13/2016 04:33:36 [20] DEBUG  Conversation                  : AliveConversation, ConversationID: 1.110: Message available!
04/13/2016 04:33:36 [20] DEBUG  Conversation                  : AliveConversation, ConversationID: 1.110: Message available!
04/13/2016 04:33:36 [20] DEBUG  Conversation                  : AliveConversation, ConversationID: 1.110: Message available!
04/13/2016 04:33:37 [20] DEBUG  Conversation                  : AliveConversation, ConversationID: 1.110: Received Message is valid
04/13/2016 04:33:37 [20] DEBUG  Conversation                  : Received a Message of type: AliveRequest
04/13/2016 04:33:37 [20] DEBUG  AliveConversation             : Creating Alive Response
04/13/2016 04:33:37 [20] DEBUG  ResponseConversation          : AliveConversation, ConversationID: 1.110: Conversation Id  for Response conversation: 1.110
04/13/2016 04:33:37 [20] DEBUG  Conversation                  : AliveConversation, ConversationID: 1.110: Setting Message IDs
04/13/2016 04:33:37 [20] DEBUG  Conversation                  : AliveConversation, ConversationID: 1.110: Conversation is initiating send.
04/13/2016 04:33:37 [20] DEBUG  PostMan                       : Sending UDP (Messages.ReplyMessages.Reply, MessageID: 8.6, ConversationID: 1.110)
Endpoint: 127.0.0.1:12000
JSON: {"__type":"Reply:#Messages.ReplyMessages","ConvId":{"Pid":1,"Seq":110},"MsgId":{"Pid":8,"Seq":6},"Note":"I'm Alive","Success":true}
04/13/2016 04:33:37 [20] DEBUG  PostMan                       : Message Delivered
04/13/2016 04:33:37 [20] DEBUG  Conversation                  : AliveConversation, ConversationID: 1.110: Send succeeded.
04/13/2016 04:33:45 [ 9] DEBUG  NetworkStreamExtensions       : Length bytes read = 0
04/13/2016 04:33:45 [ 9] DEBUG  NetworkStreamExtensions       : In ReadStreamMessage, with stream.ReadTimeout=10000
04/13/2016 04:33:45 [ 9] DEBUG  NetworkStreamExtensions       : Try to read 4 length bytes, with stream.CanRead=True and stream.ReadTimeout=10000
04/13/2016 04:33:55 [ 9] DEBUG  NetworkStreamExtensions       : Length bytes read = 0
04/13/2016 04:33:55 [ 9] DEBUG  NetworkStreamExtensions       : In ReadStreamMessage, with stream.ReadTimeout=10000
04/13/2016 04:33:55 [ 9] DEBUG  NetworkStreamExtensions       : Try to read 4 length bytes, with stream.CanRead=True and stream.ReadTimeout=10000
04/13/2016 04:34:02 [11] DEBUG  PostMan                       : Received UDP (Messages.RequestMessages.ShutdownRequest, MessageID: 1.113, ConversationID: 1.113)
JSON: {"__type":"ShutdownRequest:#Messages.RequestMessages","ConvId":{"Pid":1,"Seq":113},"MsgId":{"Pid":1,"Seq":113}}
04/13/2016 04:34:02 [17] INFO   ispatcher+<>c__DisplayClass7_0: New Message Received: (Messages.RequestMessages.ShutdownRequest)
04/13/2016 04:34:02 [17] INFO   ispatcher+<>c__DisplayClass7_0: MessageId: 1.113ConversationId: 1.113
04/13/2016 04:34:02 [17] DEBUG  Dispatcher                    : Conversation  with id= 1.113 does not exist, trying to create new conversation.
04/13/2016 04:34:02 [17] ERROR  ConversationFactory           : Factory does not have a mapping for type: Messages.RequestMessages.ShutdownRequest
04/13/2016 04:34:02 [17] ERROR  Dispatcher                    : New conversation returned from factory is Null!
04/13/2016 04:34:02 [17] ERROR  Dispatcher                    : An error was encountered while creating a new conversation queue
04/13/2016 04:34:05 [ 9] DEBUG  NetworkStreamExtensions       : Length bytes read = 0
04/13/2016 04:34:05 [ 9] DEBUG  NetworkStreamExtensions       : In ReadStreamMessage, with stream.ReadTimeout=10000
04/13/2016 04:34:05 [ 9] DEBUG  NetworkStreamExtensions       : Try to read 4 length bytes, with stream.CanRead=True and stream.ReadTimeout=10000
