04/13/2016 04:47:48 [ 7] DEBUG  PlayerConnection              : Using Local Settings.
04/13/2016 04:47:48 [ 7] DEBUG  PlayerConnection              : Starting Application. 
04/13/2016 04:47:48 [ 7] DEBUG  PlayerConnection              : Initializing Subsystem
04/13/2016 04:47:48 [ 7] DEBUG  PlayerProcess                 : Initializeing Player Subsystem.
04/13/2016 04:47:48 [ 7] DEBUG  PlayerConnection              : Initializing Player
04/13/2016 04:47:48 [ 7] DEBUG  PlayerProcess                 : Initializing Player Details.
04/13/2016 04:48:00 [ 7] INFO   BackgroundThread              : Starting 
04/13/2016 04:48:00 [11] INFO   BackgroundThread              : Starting 
04/13/2016 04:48:09 [11] DEBUG  PlayerProcess                 : In Process Login function.
04/13/2016 04:48:09 [11] DEBUG  ConversationFactory           : Creating Conversation of type LoginConversation
04/13/2016 04:48:09 [11] DEBUG  Dispatcher                    : Adding Conversation Player.Conversation.LoginConversation, 0.1
04/13/2016 04:48:09 [11] DEBUG  Dispatcher                    :       New Queue ID: 0.1
04/13/2016 04:48:09 [11] INFO   BackgroundThread              : Starting 
04/13/2016 04:48:11 [13] DEBUG  LoginConversation             : Creating login request. 
04/13/2016 04:48:11 [13] DEBUG  InitiatedConversation         : LoginConversation, ConversationID: 0.1: Conversation Id  for Initiated conversation: 0.1
04/13/2016 04:48:11 [13] DEBUG  Conversation                  : LoginConversation, ConversationID: 0.1: Setting Message IDs
04/13/2016 04:48:11 [13] DEBUG  Conversation                  : LoginConversation, ConversationID: 0.1: Conversation is initiating send.
04/13/2016 04:48:11 [13] DEBUG  PostMan                       : Sending UDP (Messages.RequestMessages.LoginRequest, MessageID: 0.1, ConversationID: 0.1)
Endpoint: 127.0.0.1:12000
JSON: {"__type":"LoginRequest:#Messages.RequestMessages","ConvId":{"Pid":0,"Seq":1},"MsgId":{"Pid":0,"Seq":1},"Identity":{"ANumber":"A00000001","Alias":"The Instructor","FirstName":"The","LastName":"Instructor"},"ProcessLabel":"The Instructor","ProcessType":3,"PublicKey":null}
04/13/2016 04:48:11 [13] DEBUG  PostMan                       : Message Delivered
04/13/2016 04:48:11 [12] DEBUG  PostMan                       : Received UDP (Messages.ReplyMessages.LoginReply, MessageID: 1.40, ConversationID: 0.1)
JSON: {"__type":"LoginReply:#Messages.ReplyMessages","ConvId":{"Pid":0,"Seq":1},"MsgId":{"Pid":1,"Seq":40},"Note":"Logged in","Success":true,"PennyBankEndPoint":{"Host":"127.0.0.1","Port":12003},"PennyBankPublicKey":null,"ProcessInfo":{"EndPoint":{"Host":"127.0.0.1","Port":10000},"Label":"The Instructor","ProcessId":7,"Status":3,"Type":3},"ProxyEndPoint":{"Host":"127.0.0.1","Port":12002}}
04/13/2016 04:48:11 [13] DEBUG  Conversation                  : LoginConversation, ConversationID: 0.1: Send succeeded.
04/13/2016 04:48:11 [14] INFO   ispatcher+<>c__DisplayClass7_0: New Message Received: (Messages.ReplyMessages.LoginReply)
04/13/2016 04:48:11 [14] INFO   ispatcher+<>c__DisplayClass7_0: MessageId: 1.40ConversationId: 0.1
04/13/2016 04:48:11 [14] DEBUG  Dispatcher                    : Successsfully queued a new message of type LoginReply, for conversation: 0.1
04/13/2016 04:48:11 [13] DEBUG  Conversation                  : LoginConversation, ConversationID: 0.1: Message available!
04/13/2016 04:48:11 [13] DEBUG  Conversation                  : LoginConversation, ConversationID: 0.1: Message available!
04/13/2016 04:48:11 [13] DEBUG  Conversation                  : LoginConversation, ConversationID: 0.1: Received Message is valid
04/13/2016 04:48:11 [13] DEBUG  Conversation                  : Received a Message of type: LoginReply
04/13/2016 04:48:11 [13] DEBUG  LoginConversation             : Proxy endpoint is 127.0.0.1:12003
04/13/2016 04:48:11 [13] INFO   Conversation                  : Conversation Succeeded
04/13/2016 04:48:11 [13] INFO   Conversation                  : Conversation Succeeded
04/13/2016 04:48:15 [12] DEBUG  PostMan                       : Received UDP (Messages.RequestMessages.AliveRequest, MessageID: 1.44, ConversationID: 1.44)
JSON: {"__type":"AliveRequest:#Messages.RequestMessages","ConvId":{"Pid":1,"Seq":44},"MsgId":{"Pid":1,"Seq":44}}
04/13/2016 04:48:15 [13] INFO   ispatcher+<>c__DisplayClass7_0: New Message Received: (Messages.RequestMessages.AliveRequest)
04/13/2016 04:48:16 [13] INFO   ispatcher+<>c__DisplayClass7_0: MessageId: 1.44ConversationId: 1.44
04/13/2016 04:48:16 [13] DEBUG  Dispatcher                    : Conversation  with id= 1.44 does not exist, trying to create new conversation.
04/13/2016 04:48:16 [13] DEBUG  ConversationFactory           : Creating Conversation of type AliveConversation
04/13/2016 04:48:16 [13] DEBUG  Dispatcher                    : Adding Conversation Player.Conversation.AliveConversation, 1.44
04/13/2016 04:48:16 [13] DEBUG  Dispatcher                    :       New Queue ID: 1.44
04/13/2016 04:48:16 [13] DEBUG  Dispatcher                    : Successsfully queued a new message of type AliveRequest, for conversation: 1.44
04/13/2016 04:48:16 [13] INFO   BackgroundThread              : Starting 
04/13/2016 04:48:16 [13] DEBUG  Conversation                  : AliveConversation, ConversationID: 1.44: Message available!
04/13/2016 04:48:16 [13] DEBUG  Conversation                  : AliveConversation, ConversationID: 1.44: Message available!
04/13/2016 04:48:16 [13] DEBUG  Conversation                  : AliveConversation, ConversationID: 1.44: Message available!
04/13/2016 04:48:16 [13] DEBUG  Conversation                  : AliveConversation, ConversationID: 1.44: Received Message is valid
04/13/2016 04:48:16 [13] DEBUG  Conversation                  : Received a Message of type: AliveRequest
04/13/2016 04:48:16 [13] DEBUG  AliveConversation             : Creating Alive Response
04/13/2016 04:48:16 [11] DEBUG  PlayerProcess                 : In Process GetGameList function.
04/13/2016 04:48:16 [13] DEBUG  ResponseConversation          : AliveConversation, ConversationID: 1.44: Conversation Id  for Response conversation: 1.44
04/13/2016 04:48:16 [13] DEBUG  Conversation                  : AliveConversation, ConversationID: 1.44: Setting Message IDs
04/13/2016 04:48:16 [13] DEBUG  Conversation                  : AliveConversation, ConversationID: 1.44: Conversation is initiating send.
04/13/2016 04:48:16 [13] DEBUG  PostMan                       : Sending UDP (Messages.ReplyMessages.Reply, MessageID: 7.2, ConversationID: 1.44)
Endpoint: 127.0.0.1:12000
JSON: {"__type":"Reply:#Messages.ReplyMessages","ConvId":{"Pid":1,"Seq":44},"MsgId":{"Pid":7,"Seq":2},"Note":"I'm Alive","Success":true}
04/13/2016 04:48:18 [11] DEBUG  ConversationFactory           : Creating Conversation of type GameListConversation
04/13/2016 04:48:18 [13] DEBUG  PostMan                       : Message Delivered
04/13/2016 04:48:18 [13] DEBUG  Conversation                  : AliveConversation, ConversationID: 1.44: Send succeeded.
04/13/2016 04:48:18 [11] DEBUG  Dispatcher                    : Adding Conversation Player.Conversation.GameListConversation, 7.3
04/13/2016 04:48:18 [11] DEBUG  Dispatcher                    :       New Queue ID: 7.3
04/13/2016 04:48:18 [11] INFO   BackgroundThread              : Starting 
04/13/2016 04:48:20 [14] DEBUG  GameListConversation          : Queuing game list request. 
04/13/2016 04:48:20 [14] DEBUG  InitiatedConversation         : GameListConversation, ConversationID: 7.3: Conversation Id  for Initiated conversation: 7.3
04/13/2016 04:48:20 [14] DEBUG  Conversation                  : GameListConversation, ConversationID: 7.3: Setting Message IDs
04/13/2016 04:48:20 [14] DEBUG  Conversation                  : GameListConversation, ConversationID: 7.3: Conversation is initiating send.
04/13/2016 04:48:20 [14] DEBUG  PostMan                       : Sending UDP (Messages.RequestMessages.GameListRequest, MessageID: 7.3, ConversationID: 7.3)
Endpoint: 127.0.0.1:12000
JSON: {"__type":"GameListRequest:#Messages.RequestMessages","ConvId":{"Pid":7,"Seq":3},"MsgId":{"Pid":7,"Seq":3},"StatusFilter":4}
04/13/2016 04:48:20 [14] DEBUG  PostMan                       : Message Delivered
04/13/2016 04:48:20 [14] DEBUG  Conversation                  : GameListConversation, ConversationID: 7.3: Send succeeded.
04/13/2016 04:48:20 [12] DEBUG  PostMan                       : Received UDP (Messages.ReplyMessages.GameListReply, MessageID: 1.45, ConversationID: 7.3)
JSON: {"__type":"GameListReply:#Messages.ReplyMessages","ConvId":{"Pid":7,"Seq":3},"MsgId":{"Pid":1,"Seq":45},"Note":null,"Success":true,"GameInfo":[{"CurrentProcesses":[{"HasUmbrellaRaised":false,"HitPoints":0,"LifePoints":100,"ProcessId":4,"Type":5},{"HasUmbrellaRaised":false,"HitPoints":0,"LifePoints":100,"ProcessId":5,"Type":4},{"HasUmbrellaRaised":false,"HitPoints":0,"LifePoints":100,"ProcessId":6,"Type":3}],"GameId":3,"GameManagerId":2,"Label":"GM74917's 1st Game","MaxPlayers":5,"MinPlayers":3,"StartingPlayers":[],"Status":4,"Winners":null}]}
04/13/2016 04:48:20 [ 8] INFO   ispatcher+<>c__DisplayClass7_0: New Message Received: (Messages.ReplyMessages.GameListReply)
04/13/2016 04:48:20 [ 8] INFO   ispatcher+<>c__DisplayClass7_0: MessageId: 1.45ConversationId: 7.3
04/13/2016 04:48:20 [ 8] DEBUG  Dispatcher                    : Successsfully queued a new message of type GameListReply, for conversation: 7.3
04/13/2016 04:48:20 [14] DEBUG  Conversation                  : GameListConversation, ConversationID: 7.3: Message available!
04/13/2016 04:48:20 [14] DEBUG  Conversation                  : GameListConversation, ConversationID: 7.3: Message available!
04/13/2016 04:48:20 [14] DEBUG  Conversation                  : GameListConversation, ConversationID: 7.3: Received Message is valid
04/13/2016 04:48:20 [14] DEBUG  Conversation                  : Received a Message of type: GameListReply
04/13/2016 04:48:20 [14] INFO   Conversation                  : Conversation Succeeded
04/13/2016 04:48:20 [14] INFO   Conversation                  : Conversation Succeeded
04/13/2016 04:48:22 [11] DEBUG  PlayerProcess                 : In Process JoinGame function.
04/13/2016 04:48:22 [11] DEBUG  ConversationFactory           : Creating Conversation of type JoinGameConversation
04/13/2016 04:48:22 [11] DEBUG  Dispatcher                    : Adding Conversation Player.Conversation.JoinGameConversation, 7.4
04/13/2016 04:48:22 [11] DEBUG  Dispatcher                    :       New Queue ID: 7.4
04/13/2016 04:48:22 [11] INFO   BackgroundThread              : Starting 
04/13/2016 04:48:24 [14] DEBUG  JoinGameConversation          : Queuing join game request. 
04/13/2016 04:48:24 [14] DEBUG  JoinGameConversation          : Requesting GameId: 3
04/13/2016 04:48:24 [14] DEBUG  Conversation                  : JoinGameConversation, ConversationID: 7.4: Message is routing message
04/13/2016 04:48:24 [14] DEBUG  InitiatedConversation         : JoinGameConversation, ConversationID: 7.4: Conversation Id  for Initiated conversation: 7.4
04/13/2016 04:48:24 [14] DEBUG  Conversation                  : JoinGameConversation, ConversationID: 7.4: Setting Message IDs
04/13/2016 04:48:24 [14] DEBUG  Conversation                  : JoinGameConversation, ConversationID: 7.4: Conversation is initiating send.
04/13/2016 04:48:24 [14] DEBUG  PostMan                       : Sending UDP (Messages.Routing, MessageID: 7.4, ConversationID: 7.4)
Endpoint: 127.0.0.1:12002
JSON: {"__type":"Routing:#Messages","ConvId":{"Pid":7,"Seq":4},"MsgId":{"Pid":7,"Seq":4},"InnerMessage":{"__type":"JoinGameRequest:#Messages.RequestMessages","ConvId":{"Pid":7,"Seq":4},"MsgId":{"Pid":7,"Seq":4},"GameId":3,"Process":{"EndPoint":{"Host":"127.0.0.1","Port":10000},"Label":"The Instructor","ProcessId":7,"Status":4,"Type":3}},"ToProcessIds":[2]}
04/13/2016 04:48:24 [14] DEBUG  PostMan                       : Message Delivered
04/13/2016 04:48:24 [14] DEBUG  Conversation                  : JoinGameConversation, ConversationID: 7.4: Send succeeded.
04/13/2016 04:48:24 [12] DEBUG  PostMan                       : Received UDP (Messages.Routing, MessageID: 2.29, ConversationID: 7.4)
JSON: {"__type":"Routing:#Messages","ConvId":{"Pid":7,"Seq":4},"MsgId":{"Pid":2,"Seq":29},"InnerMessage":{"__type":"JoinGameReply:#Messages.ReplyMessages","ConvId":{"Pid":7,"Seq":4},"MsgId":{"Pid":2,"Seq":29},"Note":null,"Success":true,"GameId":3,"InitialLifePoints":100},"ToProcessIds":[7]}
04/13/2016 04:48:24 [ 8] INFO   ispatcher+<>c__DisplayClass7_0: New Message Received: (Messages.Routing)
04/13/2016 04:48:24 [12] DEBUG  PostMan                       : Received UDP (Messages.Routing, MessageID: 2.32, ConversationID: 2.32)
JSON: {"__type":"Routing:#Messages","ConvId":{"Pid":2,"Seq":32},"MsgId":{"Pid":2,"Seq":32},"InnerMessage":{"__type":"GameStatusNotification:#Messages.RequestMessages","ConvId":{"Pid":2,"Seq":32},"MsgId":{"Pid":2,"Seq":32},"Game":{"CurrentProcesses":[{"HasUmbrellaRaised":false,"HitPoints":0,"LifePoints":100,"ProcessId":4,"Type":5},{"HasUmbrellaRaised":false,"HitPoints":0,"LifePoints":100,"ProcessId":5,"Type":4},{"HasUmbrellaRaised":false,"HitPoints":0,"LifePoints":100,"ProcessId":6,"Type":3},{"HasUmbrellaRaised":false,"HitPoints":0,"LifePoints":100,"ProcessId":7,"Type":3}],"GameId":3,"GameManagerId":2,"Label":"GM74917's 1st Game","MaxPlayers":5,"MinPlayers":3,"StartingPlayers":[],"Status":4,"Winners":null}},"ToProcessIds":[4,5,6,7]}
04/13/2016 04:48:24 [ 8] INFO   ispatcher+<>c__DisplayClass7_0: MessageId: 2.29ConversationId: 7.4
04/13/2016 04:48:24 [15] INFO   ispatcher+<>c__DisplayClass7_0: New Message Received: (Messages.Routing)
04/13/2016 04:48:24 [15] INFO   ispatcher+<>c__DisplayClass7_0: MessageId: 2.32ConversationId: 2.32
04/13/2016 04:48:24 [15] DEBUG  Dispatcher                    : Conversation  with id= 2.32 does not exist, trying to create new conversation.
04/13/2016 04:48:24 [ 8] DEBUG  Dispatcher                    : Successsfully queued a new message of type Routing, for conversation: 7.4
04/13/2016 04:48:24 [15] DEBUG  ConversationFactory           : Creating Conversation of type GameStatusConversation
04/13/2016 04:48:24 [14] DEBUG  Conversation                  : JoinGameConversation, ConversationID: 7.4: Message available!
04/13/2016 04:48:25 [15] DEBUG  Dispatcher                    : Adding Conversation Player.Conversation.GameStatusConversation, 2.32
04/13/2016 04:48:25 [15] DEBUG  Dispatcher                    :       New Queue ID: 2.32
04/13/2016 04:48:25 [15] DEBUG  Dispatcher                    : Successsfully queued a new message of type Routing, for conversation: 2.32
04/13/2016 04:48:25 [15] INFO   BackgroundThread              : Starting 
04/13/2016 04:48:25 [15] DEBUG  Conversation                  : GameStatusConversation, ConversationID: 2.32: Message available!
04/13/2016 04:48:25 [14] DEBUG  Conversation                  : JoinGameConversation, ConversationID: 7.4: Message available!
04/13/2016 04:48:25 [14] DEBUG  Conversation                  : JoinGameConversation, ConversationID: 7.4: Received Message is valid
04/13/2016 04:48:25 [15] DEBUG  Conversation                  : GameStatusConversation, ConversationID: 2.32: Message available!
04/13/2016 04:48:25 [14] DEBUG  Conversation                  : Received a Message of type: Routing
04/13/2016 04:48:46 [14] INFO   Conversation                  : Conversation Succeeded
04/13/2016 04:48:46 [15] DEBUG  Conversation                  : GameStatusConversation, ConversationID: 2.32: Message available!
04/13/2016 04:48:46 [15] DEBUG  Conversation                  : GameStatusConversation, ConversationID: 2.32: Received Message is valid
04/13/2016 04:48:46 [15] DEBUG  Conversation                  : Received a Message of type: Routing
04/13/2016 04:48:46 [14] INFO   Conversation                  : Conversation Succeeded
04/13/2016 04:49:09 [15] INFO   Conversation                  : Conversation Succeeded
04/13/2016 04:49:09 [15] INFO   Conversation                  : Conversation Succeeded
04/13/2016 04:49:13 [12] DEBUG  PostMan                       : Received UDP (Messages.RequestMessages.AliveRequest, MessageID: 1.56, ConversationID: 1.56)
JSON: {"__type":"AliveRequest:#Messages.RequestMessages","ConvId":{"Pid":1,"Seq":56},"MsgId":{"Pid":1,"Seq":56}}
04/13/2016 04:49:13 [14] INFO   ispatcher+<>c__DisplayClass7_0: New Message Received: (Messages.RequestMessages.AliveRequest)
04/13/2016 04:49:13 [14] INFO   ispatcher+<>c__DisplayClass7_0: MessageId: 1.56ConversationId: 1.56
04/13/2016 04:49:13 [14] DEBUG  Dispatcher                    : Conversation  with id= 1.56 does not exist, trying to create new conversation.
04/13/2016 04:49:13 [14] DEBUG  ConversationFactory           : Creating Conversation of type AliveConversation
04/13/2016 04:49:13 [14] DEBUG  Dispatcher                    : Adding Conversation Player.Conversation.AliveConversation, 1.56
04/13/2016 04:49:13 [14] DEBUG  Dispatcher                    :       New Queue ID: 1.56
04/13/2016 04:49:13 [14] DEBUG  Dispatcher                    : Successsfully queued a new message of type AliveRequest, for conversation: 1.56
04/13/2016 04:49:13 [14] INFO   BackgroundThread              : Starting 
04/13/2016 04:49:13 [15] DEBUG  Conversation                  : AliveConversation, ConversationID: 1.56: Message available!
04/13/2016 04:49:13 [15] DEBUG  Conversation                  : AliveConversation, ConversationID: 1.56: Message available!
04/13/2016 04:49:13 [15] DEBUG  Conversation                  : AliveConversation, ConversationID: 1.56: Message available!
04/13/2016 04:49:13 [15] DEBUG  Conversation                  : AliveConversation, ConversationID: 1.56: Received Message is valid
04/13/2016 04:49:13 [15] DEBUG  Conversation                  : Received a Message of type: AliveRequest
04/13/2016 04:49:13 [15] DEBUG  AliveConversation             : Creating Alive Response
04/13/2016 04:49:14 [15] DEBUG  ResponseConversation          : AliveConversation, ConversationID: 1.56: Conversation Id  for Response conversation: 1.56
04/13/2016 04:49:14 [15] DEBUG  Conversation                  : AliveConversation, ConversationID: 1.56: Setting Message IDs
04/13/2016 04:49:14 [15] DEBUG  Conversation                  : AliveConversation, ConversationID: 1.56: Conversation is initiating send.
04/13/2016 04:49:14 [15] DEBUG  PostMan                       : Sending UDP (Messages.ReplyMessages.Reply, MessageID: 7.5, ConversationID: 1.56)
Endpoint: 127.0.0.1:12000
JSON: {"__type":"Reply:#Messages.ReplyMessages","ConvId":{"Pid":1,"Seq":56},"MsgId":{"Pid":7,"Seq":5},"Note":"I'm Alive","Success":true}
04/13/2016 04:49:14 [15] DEBUG  PostMan                       : Message Delivered
04/13/2016 04:49:14 [15] DEBUG  Conversation                  : AliveConversation, ConversationID: 1.56: Send succeeded.
