04/09/2016 07:27:09 [ 7] DEBUG  PlayerConnection              : Using Local Settings.
04/09/2016 07:27:09 [ 7] DEBUG  PlayerConnection              : Starting Application. 
04/09/2016 07:27:09 [ 7] DEBUG  PlayerProcess                 : Initializeing Player Subsystem.
04/09/2016 07:27:09 [ 7] DEBUG  PlayerProcess                 : Initializing Player Details.
04/09/2016 07:27:09 [ 7] INFO   BackgroundThread              : Starting 
04/09/2016 07:27:09 [ 9] INFO   BackgroundThread              : Starting 
04/09/2016 07:27:09 [ 9] DEBUG  PlayerProcess                 : In Process Login function.
04/09/2016 07:27:09 [ 9] DEBUG  Dispatcher                    : Adding Conversation Player.Conversation.LoginConversation, 0.1
04/09/2016 07:27:09 [ 9] DEBUG  Dispatcher                    :       New Queue ID: 0.1
04/09/2016 07:27:09 [ 9] INFO   BackgroundThread              : Starting 
04/09/2016 07:27:09 [11] DEBUG  LoginConversation             : Creating login request. 
04/09/2016 07:27:09 [11] DEBUG  InitiatedConversation         : Conversation Id  for initiated conversation: 0.1
04/09/2016 07:27:09 [11] DEBUG  PostMan                       : Sending UDP (Messages.RequestMessages.LoginRequest, MessageID: 0.1, ConversationID: 0.1)
JSON: {"__type":"LoginRequest:#Messages.RequestMessages","ConvId":{"Pid":0,"Seq":1},"MsgId":{"Pid":0,"Seq":1},"Identity":{"ANumber":"A00000001","Alias":"The Instructor","FirstName":"The","LastName":"Instructor"},"ProcessLabel":"The Instructor","ProcessType":3,"PublicKey":null}
04/09/2016 07:27:09 [11] DEBUG  PostMan                       : Message Delivered
04/09/2016 07:27:09 [10] DEBUG  PostMan                       : Received UDP (Messages.ReplyMessages.LoginReply, MessageID: 1.8, ConversationID: 0.1)
JSON: {"__type":"LoginReply:#Messages.ReplyMessages","ConvId":{"Pid":0,"Seq":1},"MsgId":{"Pid":1,"Seq":8},"Note":"Logged in","Success":true,"PennyBankEndPoint":{"Host":"127.0.0.1","Port":12003},"PennyBankPublicKey":null,"ProcessInfo":{"EndPoint":{"Host":"127.0.0.1","Port":10000},"Label":"The Instructor","ProcessId":6,"Status":3,"Type":3},"ProxyEndPoint":{"Host":"127.0.0.1","Port":12002}}
04/09/2016 07:27:09 [10] INFO   Dispatcher                    : New Message Received: (Messages.ReplyMessages.LoginReply)
04/09/2016 07:27:09 [10] INFO   Dispatcher                    : MessageId: 1.8ConversationId: 0.1
04/09/2016 07:27:14 [11] DEBUG  LoginConversation             : Received a login reply message.
04/09/2016 07:27:14 [11] INFO   BackgroundThread              : Stopping 
04/09/2016 07:27:14 [11] DEBUG  BackgroundThread              : Leaving Stop
04/09/2016 07:27:14 [ 9] DEBUG  PlayerProcess                 : In Process GetGameList function.
04/09/2016 07:27:14 [ 9] DEBUG  Dispatcher                    : Adding Conversation Player.Conversation.GameListConversation, 6.2
04/09/2016 07:27:14 [ 9] DEBUG  Dispatcher                    :       New Queue ID: 6.2
04/09/2016 07:27:14 [ 9] INFO   BackgroundThread              : Starting 
04/09/2016 07:27:14 [14] DEBUG  GameListConversation          : Queuing game list request. 
04/09/2016 07:27:14 [14] DEBUG  InitiatedConversation         : Conversation Id  for initiated conversation: 6.2
04/09/2016 07:27:14 [14] DEBUG  PostMan                       : Sending UDP (Messages.RequestMessages.GameListRequest, MessageID: 6.2, ConversationID: 6.2)
JSON: {"__type":"GameListRequest:#Messages.RequestMessages","ConvId":{"Pid":6,"Seq":2},"MsgId":{"Pid":6,"Seq":2},"StatusFilter":4}
04/09/2016 07:27:14 [14] DEBUG  PostMan                       : Message Delivered
04/09/2016 07:27:14 [10] DEBUG  PostMan                       : Received UDP (Messages.ReplyMessages.GameListReply, MessageID: 1.9, ConversationID: 6.2)
JSON: {"__type":"GameListReply:#Messages.ReplyMessages","ConvId":{"Pid":6,"Seq":2},"MsgId":{"Pid":1,"Seq":9},"Note":null,"Success":true,"GameInfo":[{"CurrentProcesses":[{"HasUmbrellaRaised":false,"HitPoints":0,"LifePoints":100,"ProcessId":5,"Type":4},{"HasUmbrellaRaised":false,"HitPoints":0,"LifePoints":100,"ProcessId":4,"Type":5}],"GameId":3,"GameManagerId":2,"Label":"GM86455's 1st Game","MaxPlayers":2,"MinPlayers":2,"StartingPlayers":[],"Status":4,"Winners":null}]}
04/09/2016 07:27:15 [10] INFO   Dispatcher                    : New Message Received: (Messages.ReplyMessages.GameListReply)
04/09/2016 07:27:15 [10] INFO   Dispatcher                    : MessageId: 1.9ConversationId: 6.2
04/09/2016 07:27:19 [14] DEBUG  GameListConversation          : Received a game list reply message.
04/09/2016 07:27:19 [14] INFO   BackgroundThread              : Stopping 
04/09/2016 07:27:19 [14] DEBUG  BackgroundThread              : Leaving Stop
04/09/2016 07:27:19 [ 9] DEBUG  PlayerProcess                 : Life points is null, game needs to be started.
04/09/2016 07:27:19 [ 9] DEBUG  Dispatcher                    : Adding Conversation Player.Conversation.JoinGameConversation, 6.3
04/09/2016 07:27:20 [ 9] DEBUG  Dispatcher                    :       New Queue ID: 6.3
04/09/2016 07:27:20 [ 9] INFO   BackgroundThread              : Starting 
04/09/2016 07:27:20 [18] DEBUG  JoinGameConversation          : Queuing join game request. 
04/09/2016 07:27:20 [18] DEBUG  JoinGameConversation          : Requesting GameId: 3
04/09/2016 07:27:20 [18] DEBUG  InitiatedConversation         : Conversation Id  for initiated conversation: 6.3
04/09/2016 07:27:20 [18] DEBUG  PostMan                       : Sending UDP (Messages.Routing, MessageID: 6.3, ConversationID: 6.3)
JSON: {"__type":"Routing:#Messages","ConvId":{"Pid":6,"Seq":3},"MsgId":{"Pid":6,"Seq":3},"InnerMessage":{"__type":"JoinGameRequest:#Messages.RequestMessages","ConvId":{"Pid":6,"Seq":3},"MsgId":{"Pid":6,"Seq":3},"GameId":3,"Process":{"EndPoint":{"Host":"127.0.0.1","Port":10000},"Label":"The Instructor","ProcessId":6,"Status":4,"Type":3}},"ToProcessIds":[2]}
04/09/2016 07:27:20 [18] DEBUG  PostMan                       : Message Delivered
04/09/2016 07:27:20 [10] DEBUG  PostMan                       : Received UDP (Messages.Routing, MessageID: 2.15, ConversationID: 6.3)
JSON: {"__type":"Routing:#Messages","ConvId":{"Pid":6,"Seq":3},"MsgId":{"Pid":2,"Seq":15},"InnerMessage":{"__type":"JoinGameReply:#Messages.ReplyMessages","ConvId":{"Pid":6,"Seq":3},"MsgId":{"Pid":2,"Seq":15},"Note":null,"Success":true,"GameId":3,"InitialLifePoints":100},"ToProcessIds":[6]}
04/09/2016 07:27:20 [ 9] DEBUG  PlayerProcess                 : No games available, setting status to 'Registered'
04/09/2016 07:27:20 [10] INFO   Dispatcher                    : New Message Received: (Messages.Routing)
04/09/2016 07:27:20 [10] INFO   Dispatcher                    : MessageId: 2.15ConversationId: 6.3
04/09/2016 07:27:20 [10] DEBUG  PostMan                       : Received UDP (Messages.Routing, MessageID: 2.18, ConversationID: 2.18)
JSON: {"__type":"Routing:#Messages","ConvId":{"Pid":2,"Seq":18},"MsgId":{"Pid":2,"Seq":18},"InnerMessage":{"__type":"GameStatusNotification:#Messages.RequestMessages","ConvId":{"Pid":2,"Seq":18},"MsgId":{"Pid":2,"Seq":18},"Game":{"CurrentProcesses":[{"HasUmbrellaRaised":false,"HitPoints":0,"LifePoints":100,"ProcessId":5,"Type":4},{"HasUmbrellaRaised":false,"HitPoints":0,"LifePoints":100,"ProcessId":4,"Type":5},{"HasUmbrellaRaised":false,"HitPoints":0,"LifePoints":100,"ProcessId":6,"Type":3}],"GameId":3,"GameManagerId":2,"Label":"GM86455's 1st Game","MaxPlayers":2,"MinPlayers":2,"StartingPlayers":[],"Status":4,"Winners":null}},"ToProcessIds":[5,4,6]}
04/09/2016 07:27:20 [ 9] DEBUG  PlayerProcess                 : In Process GetGameList function.
04/09/2016 07:27:20 [10] INFO   Dispatcher                    : New Message Received: (Messages.Routing)
04/09/2016 07:27:20 [10] INFO   Dispatcher                    : MessageId: 2.18ConversationId: 2.18
04/09/2016 07:27:20 [10] DEBUG  Dispatcher                    : Conversation  with id= 2.18 does not exist, trying to create new conversation.
04/09/2016 07:27:20 [ 9] DEBUG  Dispatcher                    : Adding Conversation Player.Conversation.GameListConversation, 6.4
04/09/2016 07:27:20 [10] DEBUG  Dispatcher                    : Adding Conversation Player.Conversation.GameStatusConversation, 2.18
04/09/2016 07:27:20 [ 9] DEBUG  Dispatcher                    :       New Queue ID: 6.4
04/09/2016 07:27:20 [ 9] INFO   BackgroundThread              : Starting 
04/09/2016 07:27:20 [13] DEBUG  GameListConversation          : Queuing game list request. 
04/09/2016 07:27:20 [13] DEBUG  InitiatedConversation         : Conversation Id  for initiated conversation: 6.4
04/09/2016 07:27:20 [13] DEBUG  PostMan                       : Sending UDP (Messages.RequestMessages.GameListRequest, MessageID: 6.4, ConversationID: 6.4)
JSON: {"__type":"GameListRequest:#Messages.RequestMessages","ConvId":{"Pid":6,"Seq":4},"MsgId":{"Pid":6,"Seq":4},"StatusFilter":4}
04/09/2016 07:27:20 [13] DEBUG  PostMan                       : Message Delivered
04/09/2016 07:27:20 [10] DEBUG  Dispatcher                    :       New Queue ID: 2.18
04/09/2016 07:27:20 [10] INFO   BackgroundThread              : Starting 
04/09/2016 07:27:20 [14] DEBUG  GameStatusConversation        : Received Game Status Message
04/09/2016 07:27:25 [18] DEBUG  JoinGameConversation          : Received a game join message.
04/09/2016 07:27:25 [18] INFO   BackgroundThread              : Stopping 
04/09/2016 07:27:25 [18] DEBUG  BackgroundThread              : Leaving Stop
04/09/2016 07:27:26 [13] ERROR  GameListConversation          : Either the message received was null, or no games are available. 
04/09/2016 07:27:26 [13] INFO   BackgroundThread              : Stopping 
04/09/2016 07:27:26 [13] DEBUG  BackgroundThread              : Leaving Stop
04/09/2016 07:27:26 [ 9] DEBUG  PlayerProcess                 : In Process GetGameList function.
04/09/2016 07:27:26 [ 9] DEBUG  Dispatcher                    : Adding Conversation Player.Conversation.GameListConversation, 6.5
04/09/2016 07:27:26 [ 9] DEBUG  Dispatcher                    :       New Queue ID: 6.5
04/09/2016 07:27:26 [ 9] INFO   BackgroundThread              : Starting 
04/09/2016 07:27:26 [12] DEBUG  GameListConversation          : Queuing game list request. 
04/09/2016 07:27:26 [12] DEBUG  InitiatedConversation         : Conversation Id  for initiated conversation: 6.5
04/09/2016 07:27:26 [12] DEBUG  PostMan                       : Sending UDP (Messages.RequestMessages.GameListRequest, MessageID: 6.5, ConversationID: 6.5)
JSON: {"__type":"GameListRequest:#Messages.RequestMessages","ConvId":{"Pid":6,"Seq":5},"MsgId":{"Pid":6,"Seq":5},"StatusFilter":4}
04/09/2016 07:27:26 [12] DEBUG  PostMan                       : Message Delivered
04/09/2016 07:27:26 [10] DEBUG  PostMan                       : Received UDP (Messages.ReplyMessages.GameListReply, MessageID: 1.14, ConversationID: 6.5)
JSON: {"__type":"GameListReply:#Messages.ReplyMessages","ConvId":{"Pid":6,"Seq":5},"MsgId":{"Pid":1,"Seq":14},"Note":null,"Success":true,"GameInfo":[{"CurrentProcesses":[{"HasUmbrellaRaised":false,"HitPoints":0,"LifePoints":100,"ProcessId":5,"Type":4},{"HasUmbrellaRaised":false,"HitPoints":0,"LifePoints":100,"ProcessId":4,"Type":5},{"HasUmbrellaRaised":false,"HitPoints":0,"LifePoints":100,"ProcessId":6,"Type":3}],"GameId":3,"GameManagerId":2,"Label":"GM86455's 1st Game","MaxPlayers":2,"MinPlayers":2,"StartingPlayers":[],"Status":4,"Winners":null}]}
04/09/2016 07:27:26 [10] INFO   Dispatcher                    : New Message Received: (Messages.ReplyMessages.GameListReply)
04/09/2016 07:27:26 [10] INFO   Dispatcher                    : MessageId: 1.14ConversationId: 6.5
04/09/2016 07:27:28 [10] DEBUG  PostMan                       : Received UDP (Messages.RequestMessages.AliveRequest, MessageID: 1.18, ConversationID: 1.18)
JSON: {"__type":"AliveRequest:#Messages.RequestMessages","ConvId":{"Pid":1,"Seq":18},"MsgId":{"Pid":1,"Seq":18}}
04/09/2016 07:27:28 [10] INFO   Dispatcher                    : New Message Received: (Messages.RequestMessages.AliveRequest)
04/09/2016 07:27:28 [10] INFO   Dispatcher                    : MessageId: 1.18ConversationId: 1.18
04/09/2016 07:27:28 [10] DEBUG  Dispatcher                    : Conversation  with id= 1.18 does not exist, trying to create new conversation.
04/09/2016 07:27:28 [10] DEBUG  Dispatcher                    : Adding Conversation Player.Conversation.AliveConversation, 1.18
04/09/2016 07:27:28 [10] DEBUG  Dispatcher                    :       New Queue ID: 1.18
04/09/2016 07:27:28 [10] INFO   BackgroundThread              : Starting 
04/09/2016 07:27:28 [18] DEBUG  AliveConversation             : Creating Alive Response
04/09/2016 07:27:28 [18] DEBUG  ResponseConversation          : Conversation Id  for Response conversation: 1.18
04/09/2016 07:27:28 [18] DEBUG  PostMan                       : Sending UDP (Messages.ReplyMessages.Reply, MessageID: 6.6, ConversationID: 1.18)
JSON: {"__type":"Reply:#Messages.ReplyMessages","ConvId":{"Pid":1,"Seq":18},"MsgId":{"Pid":6,"Seq":6},"Note":"I'm Alive","Success":true}
04/09/2016 07:27:28 [18] DEBUG  PostMan                       : Message Delivered
04/09/2016 07:27:30 [10] DEBUG  PostMan                       : Received UDP (Messages.RequestMessages.AllowanceDeliveryRequest, MessageID: 1.12, ConversationID: 1.12)
JSON: {"__type":"AllowanceDeliveryRequest:#Messages.RequestMessages","ConvId":{"Pid":1,"Seq":12},"MsgId":{"Pid":1,"Seq":12},"NumberOfPennies":400,"PortNumber":12999}
04/09/2016 07:27:30 [10] INFO   Dispatcher                    : New Message Received: (Messages.RequestMessages.AllowanceDeliveryRequest)
04/09/2016 07:27:30 [10] INFO   Dispatcher                    : MessageId: 1.12ConversationId: 1.12
04/09/2016 07:27:30 [10] DEBUG  Dispatcher                    : Conversation  with id= 1.12 does not exist, trying to create new conversation.
04/09/2016 07:27:30 [10] DEBUG  Dispatcher                    : Adding Conversation Player.Conversation.AllowanceDeliveryConversation, 1.12
04/09/2016 07:27:30 [10] DEBUG  Dispatcher                    :       New Queue ID: 1.12
04/09/2016 07:27:30 [10] INFO   BackgroundThread              : Starting 
04/09/2016 07:27:30 [14] DEBUG  AllowanceDeliveryConversation : Received Allowance Delivery Request. 
04/09/2016 07:27:30 [14] DEBUG  TCPSocket                     : Destination Endpoint is: 127.0.0.1:12999
04/09/2016 07:27:30 [14] INFO   BackgroundThread              : Starting 
04/09/2016 07:27:30 [14] DEBUG  TCPSocket                     : Opening Remote TCP Connection
04/09/2016 07:27:30 [14] DEBUG  TCPSocket                     : TCP Socket connected to 127.0.0.1:12999
04/09/2016 07:27:30 [14] INFO   AllowanceDeliveryConversation : IN TCP RECEIVE!!!!
04/09/2016 07:27:30 [14] DEBUG  NetworkStreamExtensions       : In ReadStreamMessage, with stream.ReadTimeout=10000
04/09/2016 07:27:30 [14] DEBUG  NetworkStreamExtensions       : Try to read 4 length bytes, with stream.CanRead=True and stream.ReadTimeout=10000
04/09/2016 07:27:31 [12] DEBUG  GameListConversation          : Received a game list reply message.
04/09/2016 07:27:31 [12] INFO   BackgroundThread              : Stopping 
04/09/2016 07:27:31 [12] DEBUG  BackgroundThread              : Leaving Stop
04/09/2016 07:27:31 [ 9] DEBUG  PlayerProcess                 : Life points is null, game needs to be started.
04/09/2016 07:27:31 [ 9] DEBUG  Dispatcher                    : Adding Conversation Player.Conversation.JoinGameConversation, 6.7
04/09/2016 07:27:31 [ 9] DEBUG  Dispatcher                    :       New Queue ID: 6.7
04/09/2016 07:27:31 [ 9] INFO   BackgroundThread              : Starting 
04/09/2016 07:27:31 [11] DEBUG  JoinGameConversation          : Queuing join game request. 
04/09/2016 07:27:31 [11] DEBUG  JoinGameConversation          : Requesting GameId: 3
04/09/2016 07:27:31 [11] DEBUG  InitiatedConversation         : Conversation Id  for initiated conversation: 6.7
04/09/2016 07:27:31 [11] DEBUG  PostMan                       : Sending UDP (Messages.Routing, MessageID: 6.7, ConversationID: 6.7)
JSON: {"__type":"Routing:#Messages","ConvId":{"Pid":6,"Seq":7},"MsgId":{"Pid":6,"Seq":7},"InnerMessage":{"__type":"JoinGameRequest:#Messages.RequestMessages","ConvId":{"Pid":6,"Seq":7},"MsgId":{"Pid":6,"Seq":7},"GameId":3,"Process":{"EndPoint":{"Host":"127.0.0.1","Port":10000},"Label":"The Instructor","ProcessId":6,"Status":4,"Type":3}},"ToProcessIds":[2]}
04/09/2016 07:27:31 [11] DEBUG  PostMan                       : Message Delivered
04/09/2016 07:27:31 [ 9] DEBUG  PlayerProcess                 : No games available, setting status to 'Registered'
04/09/2016 07:27:31 [10] DEBUG  PostMan                       : Received UDP (Messages.Routing, MessageID: 2.21, ConversationID: 6.7)
JSON: {"__type":"Routing:#Messages","ConvId":{"Pid":6,"Seq":7},"MsgId":{"Pid":2,"Seq":21},"InnerMessage":{"__type":"JoinGameReply:#Messages.ReplyMessages","ConvId":{"Pid":6,"Seq":7},"MsgId":{"Pid":2,"Seq":21},"Note":null,"Success":true,"GameId":3,"InitialLifePoints":100},"ToProcessIds":[6]}
04/09/2016 07:27:31 [10] INFO   Dispatcher                    : New Message Received: (Messages.Routing)
04/09/2016 07:27:31 [10] INFO   Dispatcher                    : MessageId: 2.21ConversationId: 6.7
04/09/2016 07:27:31 [10] DEBUG  PostMan                       : Received UDP (Messages.Routing, MessageID: 2.24, ConversationID: 2.24)
JSON: {"__type":"Routing:#Messages","ConvId":{"Pid":2,"Seq":24},"MsgId":{"Pid":2,"Seq":24},"InnerMessage":{"__type":"GameStatusNotification:#Messages.RequestMessages","ConvId":{"Pid":2,"Seq":24},"MsgId":{"Pid":2,"Seq":24},"Game":{"CurrentProcesses":[{"HasUmbrellaRaised":false,"HitPoints":0,"LifePoints":100,"ProcessId":5,"Type":4},{"HasUmbrellaRaised":false,"HitPoints":0,"LifePoints":100,"ProcessId":4,"Type":5},{"HasUmbrellaRaised":false,"HitPoints":0,"LifePoints":100,"ProcessId":6,"Type":3}],"GameId":3,"GameManagerId":2,"Label":"GM86455's 1st Game","MaxPlayers":2,"MinPlayers":2,"StartingPlayers":[],"Status":4,"Winners":null}},"ToProcessIds":[5,4,6]}
04/09/2016 07:27:32 [10] INFO   Dispatcher                    : New Message Received: (Messages.Routing)
04/09/2016 07:27:32 [ 9] DEBUG  PlayerProcess                 : In Process GetGameList function.
04/09/2016 07:27:32 [10] INFO   Dispatcher                    : MessageId: 2.24ConversationId: 2.24
04/09/2016 07:27:32 [ 9] DEBUG  Dispatcher                    : Adding Conversation Player.Conversation.GameListConversation, 6.8
04/09/2016 07:27:32 [10] DEBUG  Dispatcher                    : Conversation  with id= 2.24 does not exist, trying to create new conversation.
04/09/2016 07:27:32 [10] DEBUG  Dispatcher                    : Adding Conversation Player.Conversation.GameStatusConversation, 2.24
04/09/2016 07:27:32 [ 9] DEBUG  Dispatcher                    :       New Queue ID: 6.8
04/09/2016 07:27:32 [ 9] INFO   BackgroundThread              : Starting 
04/09/2016 07:27:32 [12] DEBUG  GameListConversation          : Queuing game list request. 
04/09/2016 07:27:32 [12] DEBUG  InitiatedConversation         : Conversation Id  for initiated conversation: 6.8
04/09/2016 07:27:32 [12] DEBUG  PostMan                       : Sending UDP (Messages.RequestMessages.GameListRequest, MessageID: 6.8, ConversationID: 6.8)
JSON: {"__type":"GameListRequest:#Messages.RequestMessages","ConvId":{"Pid":6,"Seq":8},"MsgId":{"Pid":6,"Seq":8},"StatusFilter":4}
04/09/2016 07:27:32 [12] DEBUG  PostMan                       : Message Delivered
04/09/2016 07:27:32 [10] DEBUG  Dispatcher                    :       New Queue ID: 2.24
04/09/2016 07:27:32 [10] INFO   BackgroundThread              : Starting 
04/09/2016 07:27:32 [18] DEBUG  GameStatusConversation        : Received Game Status Message
04/09/2016 07:27:36 [11] DEBUG  JoinGameConversation          : Received a game join message.
04/09/2016 07:27:36 [11] INFO   BackgroundThread              : Stopping 
04/09/2016 07:27:36 [11] DEBUG  BackgroundThread              : Leaving Stop
04/09/2016 07:27:38 [12] ERROR  GameListConversation          : Either the message received was null, or no games are available. 
04/09/2016 07:27:38 [12] INFO   BackgroundThread              : Stopping 
04/09/2016 07:27:38 [12] DEBUG  BackgroundThread              : Leaving Stop
04/09/2016 07:27:38 [ 9] DEBUG  PlayerProcess                 : In Process GetGameList function.
04/09/2016 07:27:38 [ 9] DEBUG  Dispatcher                    : Adding Conversation Player.Conversation.GameListConversation, 6.9
04/09/2016 07:27:38 [ 9] DEBUG  Dispatcher                    :       New Queue ID: 6.9
04/09/2016 07:27:38 [ 9] INFO   BackgroundThread              : Starting 
04/09/2016 07:27:38 [12] DEBUG  GameListConversation          : Queuing game list request. 
04/09/2016 07:27:38 [12] DEBUG  InitiatedConversation         : Conversation Id  for initiated conversation: 6.9
04/09/2016 07:27:38 [12] DEBUG  PostMan                       : Sending UDP (Messages.RequestMessages.GameListRequest, MessageID: 6.9, ConversationID: 6.9)
JSON: {"__type":"GameListRequest:#Messages.RequestMessages","ConvId":{"Pid":6,"Seq":9},"MsgId":{"Pid":6,"Seq":9},"StatusFilter":4}
04/09/2016 07:27:38 [12] DEBUG  PostMan                       : Message Delivered
04/09/2016 07:27:38 [10] DEBUG  PostMan                       : Received UDP (Messages.ReplyMessages.GameListReply, MessageID: 1.22, ConversationID: 6.9)
JSON: {"__type":"GameListReply:#Messages.ReplyMessages","ConvId":{"Pid":6,"Seq":9},"MsgId":{"Pid":1,"Seq":22},"Note":null,"Success":true,"GameInfo":[{"CurrentProcesses":[{"HasUmbrellaRaised":false,"HitPoints":0,"LifePoints":100,"ProcessId":5,"Type":4},{"HasUmbrellaRaised":false,"HitPoints":0,"LifePoints":100,"ProcessId":4,"Type":5},{"HasUmbrellaRaised":false,"HitPoints":0,"LifePoints":100,"ProcessId":6,"Type":3}],"GameId":3,"GameManagerId":2,"Label":"GM86455's 1st Game","MaxPlayers":2,"MinPlayers":2,"StartingPlayers":[],"Status":4,"Winners":null}]}
04/09/2016 07:27:38 [10] INFO   Dispatcher                    : New Message Received: (Messages.ReplyMessages.GameListReply)
04/09/2016 07:27:38 [10] INFO   Dispatcher                    : MessageId: 1.22ConversationId: 6.9
04/09/2016 07:27:40 [10] DEBUG  PostMan                       : Received UDP (Messages.RequestMessages.AllowanceDeliveryRequest, MessageID: 1.12, ConversationID: 1.12)
JSON: {"__type":"AllowanceDeliveryRequest:#Messages.RequestMessages","ConvId":{"Pid":1,"Seq":12},"MsgId":{"Pid":1,"Seq":12},"NumberOfPennies":400,"PortNumber":12999}
04/09/2016 07:27:40 [10] INFO   Dispatcher                    : New Message Received: (Messages.RequestMessages.AllowanceDeliveryRequest)
04/09/2016 07:27:40 [10] INFO   Dispatcher                    : MessageId: 1.12ConversationId: 1.12
04/09/2016 07:28:16 [12] DEBUG  GameListConversation          : Received a game list reply message.
04/09/2016 07:28:16 [12] INFO   BackgroundThread              : Stopping 
04/09/2016 07:28:20 [ 9] DEBUG  PlayerProcess                 : Life points is null, game needs to be started.
04/09/2016 07:28:28 [14] DEBUG  NetworkStreamExtensions       : Length bytes read = 0
04/09/2016 07:28:28 [12] DEBUG  BackgroundThread              : Leaving Stop
04/09/2016 07:28:28 [ 9] DEBUG  Dispatcher                    : Adding Conversation Player.Conversation.JoinGameConversation, 6.10
04/09/2016 07:28:28 [ 9] DEBUG  Dispatcher                    :       New Queue ID: 6.10
04/09/2016 07:28:28 [ 9] INFO   BackgroundThread              : Starting 
04/09/2016 07:28:28 [ 8] DEBUG  JoinGameConversation          : Queuing join game request. 
04/09/2016 07:28:28 [ 8] DEBUG  JoinGameConversation          : Requesting GameId: 3
04/09/2016 07:28:28 [ 8] DEBUG  InitiatedConversation         : Conversation Id  for initiated conversation: 6.10
04/09/2016 07:28:28 [14] DEBUG  NetworkStreamExtensions       : In ReadStreamMessage, with stream.ReadTimeout=10000
04/09/2016 07:28:28 [14] DEBUG  NetworkStreamExtensions       : Try to read 4 length bytes, with stream.CanRead=True and stream.ReadTimeout=10000
04/09/2016 07:28:28 [ 8] DEBUG  PostMan                       : Sending UDP (Messages.Routing, MessageID: 6.10, ConversationID: 6.10)
JSON: {"__type":"Routing:#Messages","ConvId":{"Pid":6,"Seq":10},"MsgId":{"Pid":6,"Seq":10},"InnerMessage":{"__type":"JoinGameRequest:#Messages.RequestMessages","ConvId":{"Pid":6,"Seq":10},"MsgId":{"Pid":6,"Seq":10},"GameId":3,"Process":{"EndPoint":{"Host":"127.0.0.1","Port":10000},"Label":"The Instructor","ProcessId":6,"Status":4,"Type":3}},"ToProcessIds":[2]}
04/09/2016 07:28:28 [ 9] DEBUG  PlayerProcess                 : No games available, setting status to 'Registered'
04/09/2016 07:28:28 [ 8] DEBUG  PostMan                       : Message Delivered
04/09/2016 07:28:28 [10] DEBUG  PostMan                       : Received UDP (Messages.Routing, MessageID: 2.27, ConversationID: 6.10)
JSON: {"__type":"Routing:#Messages","ConvId":{"Pid":6,"Seq":10},"MsgId":{"Pid":2,"Seq":27},"InnerMessage":{"__type":"JoinGameReply:#Messages.ReplyMessages","ConvId":{"Pid":6,"Seq":10},"MsgId":{"Pid":2,"Seq":27},"Note":null,"Success":true,"GameId":3,"InitialLifePoints":100},"ToProcessIds":[6]}
04/09/2016 07:28:28 [10] INFO   Dispatcher                    : New Message Received: (Messages.Routing)
04/09/2016 07:28:28 [10] INFO   Dispatcher                    : MessageId: 2.27ConversationId: 6.10
04/09/2016 07:28:29 [ 9] DEBUG  PlayerProcess                 : In Process GetGameList function.
04/09/2016 07:28:29 [ 9] DEBUG  Dispatcher                    : Adding Conversation Player.Conversation.GameListConversation, 6.11
04/09/2016 07:28:29 [ 9] DEBUG  Dispatcher                    :       New Queue ID: 6.11
04/09/2016 07:28:29 [ 9] INFO   BackgroundThread              : Starting 
04/09/2016 07:28:29 [20] DEBUG  GameListConversation          : Queuing game list request. 
04/09/2016 07:28:29 [20] DEBUG  InitiatedConversation         : Conversation Id  for initiated conversation: 6.11
04/09/2016 07:28:29 [20] DEBUG  PostMan                       : Sending UDP (Messages.RequestMessages.GameListRequest, MessageID: 6.11, ConversationID: 6.11)
JSON: {"__type":"GameListRequest:#Messages.RequestMessages","ConvId":{"Pid":6,"Seq":11},"MsgId":{"Pid":6,"Seq":11},"StatusFilter":4}
04/09/2016 07:28:29 [20] DEBUG  PostMan                       : Message Delivered
04/09/2016 07:28:29 [10] DEBUG  PostMan                       : Received UDP (Messages.ReplyMessages.GameListReply, MessageID: 1.28, ConversationID: 6.11)
JSON: {"__type":"GameListReply:#Messages.ReplyMessages","ConvId":{"Pid":6,"Seq":11},"MsgId":{"Pid":1,"Seq":28},"Note":null,"Success":true,"GameInfo":[{"CurrentProcesses":[{"HasUmbrellaRaised":false,"HitPoints":0,"LifePoints":100,"ProcessId":5,"Type":4},{"HasUmbrellaRaised":false,"HitPoints":0,"LifePoints":100,"ProcessId":4,"Type":5},{"HasUmbrellaRaised":false,"HitPoints":0,"LifePoints":100,"ProcessId":6,"Type":3}],"GameId":3,"GameManagerId":2,"Label":"GM86455's 1st Game","MaxPlayers":2,"MinPlayers":2,"StartingPlayers":[],"Status":4,"Winners":null}]}
04/09/2016 07:28:29 [10] INFO   Dispatcher                    : New Message Received: (Messages.ReplyMessages.GameListReply)
04/09/2016 07:28:29 [10] INFO   Dispatcher                    : MessageId: 1.28ConversationId: 6.11
04/09/2016 07:28:29 [10] DEBUG  PostMan                       : Received UDP (Messages.RequestMessages.AllowanceDeliveryRequest, MessageID: 1.29, ConversationID: 1.29)
JSON: {"__type":"AllowanceDeliveryRequest:#Messages.RequestMessages","ConvId":{"Pid":1,"Seq":29},"MsgId":{"Pid":1,"Seq":29},"NumberOfPennies":400,"PortNumber":12997}
04/09/2016 07:28:29 [10] INFO   Dispatcher                    : New Message Received: (Messages.RequestMessages.AllowanceDeliveryRequest)
04/09/2016 07:28:29 [10] INFO   Dispatcher                    : MessageId: 1.29ConversationId: 1.29
04/09/2016 07:28:30 [10] DEBUG  Dispatcher                    : Conversation  with id= 1.29 does not exist, trying to create new conversation.
04/09/2016 07:28:30 [10] DEBUG  Dispatcher                    : Adding Conversation Player.Conversation.AllowanceDeliveryConversation, 1.29
04/09/2016 07:28:30 [10] DEBUG  Dispatcher                    :       New Queue ID: 1.29
04/09/2016 07:28:30 [10] INFO   BackgroundThread              : Starting 
04/09/2016 07:28:30 [21] DEBUG  AllowanceDeliveryConversation : Received Allowance Delivery Request. 
04/09/2016 07:28:30 [21] DEBUG  TCPSocket                     : Destination Endpoint is: 127.0.0.1:12997
04/09/2016 07:28:30 [21] INFO   BackgroundThread              : Starting 
04/09/2016 07:28:30 [21] DEBUG  TCPSocket                     : Opening Remote TCP Connection
04/09/2016 07:28:30 [21] DEBUG  TCPSocket                     : TCP Socket connected to 127.0.0.1:12997
04/09/2016 07:28:30 [21] INFO   AllowanceDeliveryConversation : IN TCP RECEIVE!!!!
04/09/2016 07:28:30 [21] DEBUG  NetworkStreamExtensions       : In ReadStreamMessage, with stream.ReadTimeout=10000
04/09/2016 07:28:30 [21] DEBUG  NetworkStreamExtensions       : Try to read 4 length bytes, with stream.CanRead=True and stream.ReadTimeout=10000
04/09/2016 07:28:37 [20] DEBUG  GameListConversation          : Received a game list reply message.
04/09/2016 07:28:37 [ 8] DEBUG  JoinGameConversation          : Received a game join message.
04/09/2016 07:28:38 [10] DEBUG  PostMan                       : Received UDP (Messages.RequestMessages.AliveRequest, MessageID: 1.33, ConversationID: 1.33)
JSON: {"__type":"AliveRequest:#Messages.RequestMessages","ConvId":{"Pid":1,"Seq":33},"MsgId":{"Pid":1,"Seq":33}}
04/09/2016 07:28:39 [20] INFO   BackgroundThread              : Stopping 
04/09/2016 07:28:39 [ 9] DEBUG  PlayerProcess                 : Life points is null, game needs to be started.
04/09/2016 07:28:39 [14] DEBUG  NetworkStreamExtensions       : Length bytes read = 0
04/09/2016 07:28:40 [21] DEBUG  NetworkStreamExtensions       : Length bytes read = 0
04/09/2016 07:28:40 [ 8] INFO   BackgroundThread              : Stopping 
04/09/2016 07:28:40 [ 8] DEBUG  BackgroundThread              : Leaving Stop
04/09/2016 07:28:40 [20] DEBUG  BackgroundThread              : Leaving Stop
04/09/2016 07:28:40 [10] INFO   Dispatcher                    : New Message Received: (Messages.RequestMessages.AliveRequest)
04/09/2016 07:28:40 [10] INFO   Dispatcher                    : MessageId: 1.33ConversationId: 1.33
04/09/2016 07:28:40 [14] DEBUG  NetworkStreamExtensions       : In ReadStreamMessage, with stream.ReadTimeout=10000
04/09/2016 07:28:40 [21] DEBUG  NetworkStreamExtensions       : In ReadStreamMessage, with stream.ReadTimeout=10000
04/09/2016 07:28:40 [21] DEBUG  NetworkStreamExtensions       : Try to read 4 length bytes, with stream.CanRead=True and stream.ReadTimeout=10000
04/09/2016 07:28:40 [ 9] DEBUG  Dispatcher                    : Adding Conversation Player.Conversation.JoinGameConversation, 6.12
04/09/2016 07:28:40 [ 9] DEBUG  Dispatcher                    :       New Queue ID: 6.12
04/09/2016 07:28:41 [ 9] INFO   BackgroundThread              : Starting 
