04/13/2016 04:31:00 [ 7] DEBUG  PlayerConnection              : Using Local Settings.
04/13/2016 04:31:00 [ 7] DEBUG  PlayerConnection              : Starting Application. 
04/13/2016 04:31:00 [ 7] DEBUG  PlayerConnection              : Initializing Subsystem
04/13/2016 04:31:00 [ 7] DEBUG  PlayerProcess                 : Initializeing Player Subsystem.
04/13/2016 04:31:00 [ 7] DEBUG  PlayerConnection              : Initializing Player
04/13/2016 04:31:00 [ 7] DEBUG  PlayerProcess                 : Initializing Player Details.
04/13/2016 04:31:00 [ 7] INFO   BackgroundThread              : Starting 
04/13/2016 04:31:00 [10] INFO   BackgroundThread              : Starting 
04/13/2016 04:31:00 [10] DEBUG  PlayerProcess                 : In Process Login function.
04/13/2016 04:31:00 [10] DEBUG  ConversationFactory           : Creating Conversation of type LoginConversation
04/13/2016 04:31:00 [10] DEBUG  Dispatcher                    : Adding Conversation Player.Conversation.LoginConversation, 0.1
04/13/2016 04:31:00 [10] DEBUG  Dispatcher                    :       New Queue ID: 0.1
04/13/2016 04:31:00 [10] INFO   BackgroundThread              : Starting 
04/13/2016 04:31:02 [12] DEBUG  LoginConversation             : Creating login request. 
04/13/2016 04:31:02 [12] DEBUG  InitiatedConversation         : LoginConversation, ConversationID: 0.1: Conversation Id  for Initiated conversation: 0.1
04/13/2016 04:31:02 [12] DEBUG  Conversation                  : LoginConversation, ConversationID: 0.1: Setting Message IDs
04/13/2016 04:31:02 [12] DEBUG  Conversation                  : LoginConversation, ConversationID: 0.1: Conversation is initiating send.
04/13/2016 04:31:02 [12] DEBUG  PostMan                       : Sending UDP (Messages.RequestMessages.LoginRequest, MessageID: 0.1, ConversationID: 0.1)
Endpoint: 127.0.0.1:12000
JSON: {"__type":"LoginRequest:#Messages.RequestMessages","ConvId":{"Pid":0,"Seq":1},"MsgId":{"Pid":0,"Seq":1},"Identity":{"ANumber":"A00000001","Alias":"The Instructor","FirstName":"The","LastName":"Instructor"},"ProcessLabel":"The Instructor","ProcessType":3,"PublicKey":null}
04/13/2016 04:31:02 [12] DEBUG  PostMan                       : Message Delivered
04/13/2016 04:31:02 [12] DEBUG  Conversation                  : LoginConversation, ConversationID: 0.1: Send succeeded.
04/13/2016 04:31:02 [11] DEBUG  PostMan                       : Received UDP (Messages.ReplyMessages.LoginReply, MessageID: 1.83, ConversationID: 0.1)
JSON: {"__type":"LoginReply:#Messages.ReplyMessages","ConvId":{"Pid":0,"Seq":1},"MsgId":{"Pid":1,"Seq":83},"Note":"Logged in","Success":true,"PennyBankEndPoint":{"Host":"127.0.0.1","Port":12003},"PennyBankPublicKey":null,"ProcessInfo":{"EndPoint":{"Host":"127.0.0.1","Port":10000},"Label":"The Instructor","ProcessId":7,"Status":3,"Type":3},"ProxyEndPoint":{"Host":"127.0.0.1","Port":12002}}
04/13/2016 04:31:03 [13] INFO   ispatcher+<>c__DisplayClass7_0: New Message Received: (Messages.ReplyMessages.LoginReply)
04/13/2016 04:31:03 [13] INFO   ispatcher+<>c__DisplayClass7_0: MessageId: 1.83ConversationId: 0.1
04/13/2016 04:31:03 [13] DEBUG  Dispatcher                    : Successsfully queued a new message of type LoginReply, for conversation: 0.1
04/13/2016 04:31:03 [12] DEBUG  Conversation                  : LoginConversation, ConversationID: 0.1: Message available!
04/13/2016 04:31:03 [12] DEBUG  Conversation                  : LoginConversation, ConversationID: 0.1: Message available!
04/13/2016 04:31:03 [12] DEBUG  Conversation                  : LoginConversation, ConversationID: 0.1: Received Message is valid
04/13/2016 04:31:03 [12] DEBUG  Conversation                  : Received a Message of type: LoginReply
04/13/2016 04:31:03 [12] DEBUG  LoginConversation             : Proxy endpoint is 127.0.0.1:12003
04/13/2016 04:31:03 [12] INFO   Conversation                  : Conversation Succeeded
04/13/2016 04:31:03 [12] INFO   Conversation                  : Conversation Succeeded
04/13/2016 04:31:03 [10] DEBUG  PlayerProcess                 : In Process GetGameList function.
04/13/2016 04:31:03 [10] DEBUG  ConversationFactory           : Creating Conversation of type GameListConversation
04/13/2016 04:31:03 [10] DEBUG  Dispatcher                    : Adding Conversation Player.Conversation.GameListConversation, 7.2
04/13/2016 04:31:03 [10] DEBUG  Dispatcher                    :       New Queue ID: 7.2
04/13/2016 04:31:03 [10] INFO   BackgroundThread              : Starting 
04/13/2016 04:31:05 [16] DEBUG  GameListConversation          : Queuing game list request. 
04/13/2016 04:31:05 [16] DEBUG  InitiatedConversation         : GameListConversation, ConversationID: 7.2: Conversation Id  for Initiated conversation: 7.2
04/13/2016 04:31:05 [16] DEBUG  Conversation                  : GameListConversation, ConversationID: 7.2: Setting Message IDs
04/13/2016 04:31:05 [16] DEBUG  Conversation                  : GameListConversation, ConversationID: 7.2: Conversation is initiating send.
04/13/2016 04:31:05 [16] DEBUG  PostMan                       : Sending UDP (Messages.RequestMessages.GameListRequest, MessageID: 7.2, ConversationID: 7.2)
Endpoint: 127.0.0.1:12000
JSON: {"__type":"GameListRequest:#Messages.RequestMessages","ConvId":{"Pid":7,"Seq":2},"MsgId":{"Pid":7,"Seq":2},"StatusFilter":4}
04/13/2016 04:31:05 [16] DEBUG  PostMan                       : Message Delivered
04/13/2016 04:31:05 [16] DEBUG  Conversation                  : GameListConversation, ConversationID: 7.2: Send succeeded.
04/13/2016 04:31:05 [11] DEBUG  PostMan                       : Received UDP (Messages.ReplyMessages.GameListReply, MessageID: 1.84, ConversationID: 7.2)
JSON: {"__type":"GameListReply:#Messages.ReplyMessages","ConvId":{"Pid":7,"Seq":2},"MsgId":{"Pid":1,"Seq":84},"Note":null,"Success":true,"GameInfo":[{"CurrentProcesses":[{"HasUmbrellaRaised":false,"HitPoints":0,"LifePoints":100,"ProcessId":5,"Type":4},{"HasUmbrellaRaised":false,"HitPoints":0,"LifePoints":100,"ProcessId":6,"Type":5},{"HasUmbrellaRaised":false,"HitPoints":0,"LifePoints":100,"ProcessId":2,"Type":3}],"GameId":4,"GameManagerId":3,"Label":"GM11876's 1st Game","MaxPlayers":3,"MinPlayers":3,"StartingPlayers":[],"Status":4,"Winners":null}]}
04/13/2016 04:31:05 [12] INFO   ispatcher+<>c__DisplayClass7_0: New Message Received: (Messages.ReplyMessages.GameListReply)
04/13/2016 04:31:05 [12] INFO   ispatcher+<>c__DisplayClass7_0: MessageId: 1.84ConversationId: 7.2
04/13/2016 04:31:05 [12] DEBUG  Dispatcher                    : Successsfully queued a new message of type GameListReply, for conversation: 7.2
04/13/2016 04:31:05 [16] DEBUG  Conversation                  : GameListConversation, ConversationID: 7.2: Message available!
04/13/2016 04:31:05 [16] DEBUG  Conversation                  : GameListConversation, ConversationID: 7.2: Message available!
04/13/2016 04:31:05 [16] DEBUG  Conversation                  : GameListConversation, ConversationID: 7.2: Received Message is valid
04/13/2016 04:31:05 [16] DEBUG  Conversation                  : Received a Message of type: GameListReply
04/13/2016 04:31:05 [16] INFO   Conversation                  : Conversation Succeeded
04/13/2016 04:31:05 [16] INFO   Conversation                  : Conversation Succeeded
04/13/2016 04:31:06 [10] DEBUG  PlayerProcess                 : In Process JoinGame function.
04/13/2016 04:31:06 [10] DEBUG  ConversationFactory           : Creating Conversation of type JoinGameConversation
04/13/2016 04:31:06 [10] DEBUG  Dispatcher                    : Adding Conversation Player.Conversation.JoinGameConversation, 7.3
04/13/2016 04:31:06 [10] DEBUG  Dispatcher                    :       New Queue ID: 7.3
04/13/2016 04:31:06 [10] INFO   BackgroundThread              : Starting 
04/13/2016 04:31:08 [15] DEBUG  JoinGameConversation          : Queuing join game request. 
04/13/2016 04:31:08 [15] DEBUG  JoinGameConversation          : Requesting GameId: 4
04/13/2016 04:31:08 [15] DEBUG  Conversation                  : JoinGameConversation, ConversationID: 7.3: Message is routing message
04/13/2016 04:31:08 [15] DEBUG  InitiatedConversation         : JoinGameConversation, ConversationID: 7.3: Conversation Id  for Initiated conversation: 7.3
04/13/2016 04:31:08 [15] DEBUG  Conversation                  : JoinGameConversation, ConversationID: 7.3: Setting Message IDs
04/13/2016 04:31:08 [15] DEBUG  Conversation                  : JoinGameConversation, ConversationID: 7.3: Conversation is initiating send.
04/13/2016 04:31:08 [15] DEBUG  PostMan                       : Sending UDP (Messages.Routing, MessageID: 7.3, ConversationID: 7.3)
Endpoint: 127.0.0.1:12002
JSON: {"__type":"Routing:#Messages","ConvId":{"Pid":7,"Seq":3},"MsgId":{"Pid":7,"Seq":3},"InnerMessage":{"__type":"JoinGameRequest:#Messages.RequestMessages","ConvId":{"Pid":7,"Seq":3},"MsgId":{"Pid":7,"Seq":3},"GameId":4,"Process":{"EndPoint":{"Host":"127.0.0.1","Port":10000},"Label":"The Instructor","ProcessId":7,"Status":4,"Type":3}},"ToProcessIds":[3]}
04/13/2016 04:31:08 [15] DEBUG  PostMan                       : Message Delivered
04/13/2016 04:31:08 [15] DEBUG  Conversation                  : JoinGameConversation, ConversationID: 7.3: Send succeeded.
04/13/2016 04:31:08 [11] DEBUG  PostMan                       : Received UDP (Messages.Routing, MessageID: 3.43, ConversationID: 7.3)
JSON: {"__type":"Routing:#Messages","ConvId":{"Pid":7,"Seq":3},"MsgId":{"Pid":3,"Seq":43},"InnerMessage":{"__type":"JoinGameReply:#Messages.ReplyMessages","ConvId":{"Pid":7,"Seq":3},"MsgId":{"Pid":3,"Seq":43},"Note":null,"Success":true,"GameId":4,"InitialLifePoints":100},"ToProcessIds":[7]}
04/13/2016 04:31:08 [12] INFO   ispatcher+<>c__DisplayClass7_0: New Message Received: (Messages.Routing)
04/13/2016 04:31:08 [12] INFO   ispatcher+<>c__DisplayClass7_0: MessageId: 3.43ConversationId: 7.3
04/13/2016 04:31:08 [12] DEBUG  Dispatcher                    : Successsfully queued a new message of type Routing, for conversation: 7.3
04/13/2016 04:31:08 [15] DEBUG  Conversation                  : JoinGameConversation, ConversationID: 7.3: Message available!
04/13/2016 04:31:08 [15] DEBUG  Conversation                  : JoinGameConversation, ConversationID: 7.3: Message available!
04/13/2016 04:31:08 [15] DEBUG  Conversation                  : JoinGameConversation, ConversationID: 7.3: Received Message is valid
04/13/2016 04:31:08 [15] DEBUG  Conversation                  : Received a Message of type: Routing
04/13/2016 04:31:08 [15] INFO   Conversation                  : Conversation Succeeded
04/13/2016 04:31:08 [15] INFO   Conversation                  : Conversation Succeeded
04/13/2016 04:31:46 [11] DEBUG  PostMan                       : Received UDP (Messages.RequestMessages.AllowanceDeliveryRequest, MessageID: 1.87, ConversationID: 1.87)
JSON: {"__type":"AllowanceDeliveryRequest:#Messages.RequestMessages","ConvId":{"Pid":1,"Seq":87},"MsgId":{"Pid":1,"Seq":87},"NumberOfPennies":400,"PortNumber":12998}
04/13/2016 04:31:46 [ 9] INFO   ispatcher+<>c__DisplayClass7_0: New Message Received: (Messages.RequestMessages.AllowanceDeliveryRequest)
04/13/2016 04:31:46 [ 9] INFO   ispatcher+<>c__DisplayClass7_0: MessageId: 1.87ConversationId: 1.87
04/13/2016 04:31:46 [ 9] DEBUG  Dispatcher                    : Conversation  with id= 1.87 does not exist, trying to create new conversation.
04/13/2016 04:31:46 [ 9] DEBUG  ConversationFactory           : Creating Conversation of type AllowanceDeliveryConversation
04/13/2016 04:31:46 [ 9] DEBUG  Dispatcher                    : Adding Conversation Player.Conversation.AllowanceDeliveryConversation, 1.87
04/13/2016 04:31:46 [ 9] DEBUG  Dispatcher                    :       New Queue ID: 1.87
04/13/2016 04:31:46 [ 9] DEBUG  Dispatcher                    : Successsfully queued a new message of type AllowanceDeliveryRequest, for conversation: 1.87
04/13/2016 04:31:46 [ 9] INFO   BackgroundThread              : Starting 
04/13/2016 04:31:46 [17] DEBUG  Conversation                  : AllowanceDeliveryConversation, ConversationID: 1.87: Message available!
04/13/2016 04:31:46 [17] DEBUG  Conversation                  : AllowanceDeliveryConversation, ConversationID: 1.87: Message available!
04/13/2016 04:31:46 [17] DEBUG  Conversation                  : AllowanceDeliveryConversation, ConversationID: 1.87: Message available!
04/13/2016 04:31:46 [17] DEBUG  Conversation                  : AllowanceDeliveryConversation, ConversationID: 1.87: Received Message is valid
04/13/2016 04:31:46 [17] DEBUG  Conversation                  : Received a Message of type: AllowanceDeliveryRequest
04/13/2016 04:31:46 [17] DEBUG  AllowanceDeliveryConversation : Received Allowance Delivery Request. 
04/13/2016 04:31:46 [17] DEBUG  TCPSocket                     : Destination Endpoint is: 127.0.0.1:12998
04/13/2016 04:31:46 [17] DEBUG  TCPSocket                     : Opening Remote TCP Connection
04/13/2016 04:31:46 [17] DEBUG  TCPSocket                     : TCP Socket connected to 127.0.0.1:12998
04/13/2016 04:31:46 [17] INFO   ersation+<>c__DisplayClass12_0: IN TCP RECEIVE!!!!
04/13/2016 04:31:46 [17] DEBUG  NetworkStreamExtensions       : In ReadStreamMessage, with stream.ReadTimeout=10000
04/13/2016 04:31:46 [17] DEBUG  NetworkStreamExtensions       : Try to read 4 length bytes, with stream.CanRead=True and stream.ReadTimeout=10000
04/13/2016 04:31:52 [11] DEBUG  PostMan                       : Received UDP (Messages.RequestMessages.AliveRequest, MessageID: 1.88, ConversationID: 1.88)
JSON: {"__type":"AliveRequest:#Messages.RequestMessages","ConvId":{"Pid":1,"Seq":88},"MsgId":{"Pid":1,"Seq":88}}
04/13/2016 04:31:52 [ 9] INFO   ispatcher+<>c__DisplayClass7_0: New Message Received: (Messages.RequestMessages.AliveRequest)
04/13/2016 04:31:52 [ 9] INFO   ispatcher+<>c__DisplayClass7_0: MessageId: 1.88ConversationId: 1.88
04/13/2016 04:31:52 [ 9] DEBUG  Dispatcher                    : Conversation  with id= 1.88 does not exist, trying to create new conversation.
04/13/2016 04:31:52 [ 9] DEBUG  ConversationFactory           : Creating Conversation of type AliveConversation
04/13/2016 04:31:52 [ 9] DEBUG  Dispatcher                    : Adding Conversation Player.Conversation.AliveConversation, 1.88
04/13/2016 04:31:52 [ 9] DEBUG  Dispatcher                    :       New Queue ID: 1.88
04/13/2016 04:31:52 [ 9] DEBUG  Dispatcher                    : Successsfully queued a new message of type AliveRequest, for conversation: 1.88
04/13/2016 04:31:52 [ 9] INFO   BackgroundThread              : Starting 
04/13/2016 04:31:52 [ 9] DEBUG  Conversation                  : AliveConversation, ConversationID: 1.88: Message available!
04/13/2016 04:31:52 [ 9] DEBUG  Conversation                  : AliveConversation, ConversationID: 1.88: Message available!
04/13/2016 04:31:52 [ 9] DEBUG  Conversation                  : AliveConversation, ConversationID: 1.88: Message available!
04/13/2016 04:31:52 [ 9] DEBUG  Conversation                  : AliveConversation, ConversationID: 1.88: Received Message is valid
04/13/2016 04:31:52 [ 9] DEBUG  Conversation                  : Received a Message of type: AliveRequest
04/13/2016 04:31:52 [ 9] DEBUG  AliveConversation             : Creating Alive Response
04/13/2016 04:31:52 [ 9] DEBUG  ResponseConversation          : AliveConversation, ConversationID: 1.88: Conversation Id  for Response conversation: 1.88
04/13/2016 04:31:52 [ 9] DEBUG  Conversation                  : AliveConversation, ConversationID: 1.88: Setting Message IDs
04/13/2016 04:31:52 [ 9] DEBUG  Conversation                  : AliveConversation, ConversationID: 1.88: Conversation is initiating send.
04/13/2016 04:31:52 [ 9] DEBUG  PostMan                       : Sending UDP (Messages.ReplyMessages.Reply, MessageID: 7.4, ConversationID: 1.88)
Endpoint: 127.0.0.1:12000
JSON: {"__type":"Reply:#Messages.ReplyMessages","ConvId":{"Pid":1,"Seq":88},"MsgId":{"Pid":7,"Seq":4},"Note":"I'm Alive","Success":true}
04/13/2016 04:31:53 [ 9] DEBUG  PostMan                       : Message Delivered
04/13/2016 04:31:53 [ 9] DEBUG  Conversation                  : AliveConversation, ConversationID: 1.88: Send succeeded.
04/13/2016 04:31:56 [17] DEBUG  NetworkStreamExtensions       : Length bytes read = 0
04/13/2016 04:31:56 [17] DEBUG  NetworkStreamExtensions       : In ReadStreamMessage, with stream.ReadTimeout=10000
04/13/2016 04:31:56 [17] DEBUG  NetworkStreamExtensions       : Try to read 4 length bytes, with stream.CanRead=True and stream.ReadTimeout=10000
