04/09/2016 09:49:26 [ 7] DEBUG  PlayerConnection              : Using Local Settings.
04/09/2016 09:49:26 [ 7] DEBUG  PlayerConnection              : Starting Application. 
04/09/2016 09:49:26 [ 7] DEBUG  PlayerProcess                 : Initializeing Player Subsystem.
04/09/2016 09:49:26 [ 7] DEBUG  PlayerProcess                 : Initializing Player Details.
04/09/2016 09:49:26 [ 7] INFO   BackgroundThread              : Starting 
04/09/2016 09:49:26 [ 9] INFO   BackgroundThread              : Starting 
04/09/2016 09:49:26 [ 9] DEBUG  PlayerProcess                 : In Process Login function.
04/09/2016 09:49:26 [ 9] DEBUG  Dispatcher                    : Adding Conversation Player.Conversation.LoginConversation, 0.1
04/09/2016 09:49:26 [ 9] DEBUG  Dispatcher                    :       New Queue ID: 0.1
04/09/2016 09:49:26 [ 9] DEBUG  LoginConversation             : Creating login request. 
04/09/2016 09:49:26 [ 9] DEBUG  InitiatedConversation         : LoginConversation, ConversationID: 0.1: Conversation Id  for initiated conversation: 0.1
04/09/2016 09:49:26 [ 9] DEBUG  Conversation                  : LoginConversation, ConversationID: 0.1: Setting Message IDs
04/09/2016 09:49:26 [ 9] DEBUG  Conversation                  : LoginConversation, ConversationID: 0.1: Message has IDs
04/09/2016 09:49:26 [ 9] DEBUG  Conversation                  : LoginConversation, ConversationID: 0.1: Message is valid
04/09/2016 09:49:26 [ 9] DEBUG  Conversation                  : LoginConversation, ConversationID: 0.1: Envelope is valid
04/09/2016 09:49:26 [ 9] DEBUG  Conversation                  : LoginConversation, ConversationID: 0.1: Conversation is initiating send.
04/09/2016 09:49:26 [ 9] DEBUG  PostMan                       : Sending UDP (Messages.RequestMessages.LoginRequest, MessageID: 0.1, ConversationID: 0.1)
JSON: {"__type":"LoginRequest:#Messages.RequestMessages","ConvId":{"Pid":0,"Seq":1},"MsgId":{"Pid":0,"Seq":1},"Identity":{"ANumber":"A00000001","Alias":"The Instructor","FirstName":"The","LastName":"Instructor"},"ProcessLabel":"The Instructor","ProcessType":3,"PublicKey":null}
04/09/2016 09:49:26 [ 9] DEBUG  PostMan                       : Message Delivered
04/09/2016 09:49:26 [ 9] DEBUG  Conversation                  : LoginConversation, ConversationID: 0.1: Send succeeded.
04/09/2016 09:49:26 [10] DEBUG  PostMan                       : Received UDP (Messages.ReplyMessages.LoginReply, MessageID: 1.55, ConversationID: 0.1)
JSON: {"__type":"LoginReply:#Messages.ReplyMessages","ConvId":{"Pid":0,"Seq":1},"MsgId":{"Pid":1,"Seq":55},"Note":"Logged in","Success":true,"PennyBankEndPoint":{"Host":"127.0.0.1","Port":12003},"PennyBankPublicKey":null,"ProcessInfo":{"EndPoint":{"Host":"127.0.0.1","Port":10000},"Label":"The Instructor","ProcessId":8,"Status":3,"Type":3},"ProxyEndPoint":{"Host":"127.0.0.1","Port":12002}}
04/09/2016 09:49:26 [ 9] INFO   BackgroundThread              : Starting 
04/09/2016 09:49:26 [10] INFO   Dispatcher                    : New Message Received: (Messages.ReplyMessages.LoginReply)
04/09/2016 09:49:26 [10] INFO   Dispatcher                    : MessageId: 1.55ConversationId: 0.1
04/09/2016 09:49:27 [11] DEBUG  Conversation                  : LoginConversation, ConversationID: 0.1: Message available!
04/09/2016 09:49:27 [11] DEBUG  Conversation                  : LoginConversation, ConversationID: 0.1: Message has IDs
04/09/2016 09:49:27 [11] DEBUG  Conversation                  : LoginConversation, ConversationID: 0.1: Message is valid
04/09/2016 09:49:27 [11] DEBUG  Conversation                  : LoginConversation, ConversationID: 0.1: Envelope is valid
04/09/2016 09:49:27 [11] DEBUG  Conversation                  : LoginConversation, ConversationID: 0.1: Received Message is valid
04/09/2016 09:49:27 [11] DEBUG  LoginConversation             : Received a login reply message.
04/09/2016 09:49:27 [ 9] DEBUG  PlayerProcess                 : In Process GetGameList function.
04/09/2016 09:49:27 [ 9] DEBUG  Dispatcher                    : Adding Conversation Player.Conversation.GameListConversation, 8.2
04/09/2016 09:49:27 [ 9] DEBUG  Dispatcher                    :       New Queue ID: 8.2
04/09/2016 09:49:27 [ 9] DEBUG  GameListConversation          : Queuing game list request. 
04/09/2016 09:49:27 [ 9] DEBUG  InitiatedConversation         : GameListConversation, ConversationID: 8.2: Conversation Id  for initiated conversation: 8.2
04/09/2016 09:49:27 [ 9] DEBUG  Conversation                  : GameListConversation, ConversationID: 8.2: Setting Message IDs
04/09/2016 09:49:27 [ 9] DEBUG  Conversation                  : GameListConversation, ConversationID: 8.2: Message has IDs
04/09/2016 09:49:27 [ 9] DEBUG  Conversation                  : GameListConversation, ConversationID: 8.2: Message is valid
04/09/2016 09:49:27 [ 9] DEBUG  Conversation                  : GameListConversation, ConversationID: 8.2: Envelope is valid
04/09/2016 09:49:27 [ 9] DEBUG  Conversation                  : GameListConversation, ConversationID: 8.2: Conversation is initiating send.
04/09/2016 09:49:27 [ 9] DEBUG  PostMan                       : Sending UDP (Messages.RequestMessages.GameListRequest, MessageID: 8.2, ConversationID: 8.2)
JSON: {"__type":"GameListRequest:#Messages.RequestMessages","ConvId":{"Pid":8,"Seq":2},"MsgId":{"Pid":8,"Seq":2},"StatusFilter":4}
04/09/2016 09:49:27 [ 9] DEBUG  PostMan                       : Message Delivered
04/09/2016 09:49:27 [ 9] DEBUG  Conversation                  : GameListConversation, ConversationID: 8.2: Send succeeded.
04/09/2016 09:49:27 [ 9] INFO   BackgroundThread              : Starting 
04/09/2016 09:49:27 [10] DEBUG  PostMan                       : Received UDP (Messages.ReplyMessages.GameListReply, MessageID: 1.56, ConversationID: 8.2)
JSON: {"__type":"GameListReply:#Messages.ReplyMessages","ConvId":{"Pid":8,"Seq":2},"MsgId":{"Pid":1,"Seq":56},"Note":null,"Success":true,"GameInfo":[{"CurrentProcesses":[{"HasUmbrellaRaised":false,"HitPoints":0,"LifePoints":100,"ProcessId":4,"Type":5},{"HasUmbrellaRaised":false,"HitPoints":0,"LifePoints":100,"ProcessId":6,"Type":4},{"HasUmbrellaRaised":false,"HitPoints":0,"LifePoints":100,"ProcessId":5,"Type":5},{"HasUmbrellaRaised":false,"HitPoints":0,"LifePoints":100,"ProcessId":7,"Type":3}],"GameId":3,"GameManagerId":2,"Label":"GM32397's 1st Game","MaxPlayers":5,"MinPlayers":3,"StartingPlayers":[],"Status":4,"Winners":null}]}
04/09/2016 09:49:27 [10] INFO   Dispatcher                    : New Message Received: (Messages.ReplyMessages.GameListReply)
04/09/2016 09:49:27 [10] INFO   Dispatcher                    : MessageId: 1.56ConversationId: 8.2
04/09/2016 09:49:28 [14] DEBUG  Conversation                  : GameListConversation, ConversationID: 8.2: Message available!
04/09/2016 09:49:28 [14] DEBUG  Conversation                  : GameListConversation, ConversationID: 8.2: Message has IDs
04/09/2016 09:49:28 [14] DEBUG  Conversation                  : GameListConversation, ConversationID: 8.2: Message is valid
04/09/2016 09:49:28 [14] DEBUG  Conversation                  : GameListConversation, ConversationID: 8.2: Envelope is valid
04/09/2016 09:49:28 [14] DEBUG  Conversation                  : GameListConversation, ConversationID: 8.2: Received Message is valid
04/09/2016 09:49:28 [14] DEBUG  GameListConversation          : Received a game list reply message.
04/09/2016 09:49:29 [ 9] DEBUG  PlayerProcess                 : Life points is null, game needs to be started.
04/09/2016 09:49:29 [ 9] DEBUG  Dispatcher                    : Adding Conversation Player.Conversation.JoinGameConversation, 8.3
04/09/2016 09:49:29 [ 9] DEBUG  Dispatcher                    :       New Queue ID: 8.3
04/09/2016 09:49:29 [ 9] DEBUG  JoinGameConversation          : Queuing join game request. 
04/09/2016 09:49:29 [ 9] DEBUG  JoinGameConversation          : Requesting GameId: 3
04/09/2016 09:49:29 [ 9] DEBUG  InitiatedConversation         : JoinGameConversation, ConversationID: 8.3: Conversation Id  for initiated conversation: 8.3
04/09/2016 09:49:29 [ 9] DEBUG  Conversation                  : JoinGameConversation, ConversationID: 8.3: Setting Message IDs
04/09/2016 09:49:29 [ 9] DEBUG  Conversation                  : JoinGameConversation, ConversationID: 8.3: Message has IDs
04/09/2016 09:49:29 [ 9] DEBUG  Conversation                  : JoinGameConversation, ConversationID: 8.3: Message is valid
04/09/2016 09:49:29 [ 9] DEBUG  Conversation                  : JoinGameConversation, ConversationID: 8.3: Envelope is valid
04/09/2016 09:49:29 [ 9] DEBUG  Conversation                  : JoinGameConversation, ConversationID: 8.3: Conversation is initiating send.
04/09/2016 09:49:29 [ 9] DEBUG  PostMan                       : Sending UDP (Messages.Routing, MessageID: 8.3, ConversationID: 8.3)
JSON: {"__type":"Routing:#Messages","ConvId":{"Pid":8,"Seq":3},"MsgId":{"Pid":8,"Seq":3},"InnerMessage":{"__type":"JoinGameRequest:#Messages.RequestMessages","ConvId":{"Pid":8,"Seq":3},"MsgId":{"Pid":8,"Seq":3},"GameId":3,"Process":{"EndPoint":{"Host":"127.0.0.1","Port":10000},"Label":"The Instructor","ProcessId":8,"Status":4,"Type":3}},"ToProcessIds":[2]}
04/09/2016 09:49:29 [ 9] DEBUG  PostMan                       : Message Delivered
04/09/2016 09:49:29 [10] DEBUG  PostMan                       : Received UDP (Messages.Routing, MessageID: 2.33, ConversationID: 8.3)
JSON: {"__type":"Routing:#Messages","ConvId":{"Pid":8,"Seq":3},"MsgId":{"Pid":2,"Seq":33},"InnerMessage":{"__type":"JoinGameReply:#Messages.ReplyMessages","ConvId":{"Pid":8,"Seq":3},"MsgId":{"Pid":2,"Seq":33},"Note":null,"Success":true,"GameId":3,"InitialLifePoints":100},"ToProcessIds":[8]}
04/09/2016 09:49:29 [ 9] DEBUG  Conversation                  : JoinGameConversation, ConversationID: 8.3: Send succeeded.
04/09/2016 09:49:29 [10] INFO   Dispatcher                    : New Message Received: (Messages.Routing)
04/09/2016 09:49:29 [ 9] INFO   BackgroundThread              : Starting 
04/09/2016 09:49:29 [10] INFO   Dispatcher                    : MessageId: 2.33ConversationId: 8.3
04/09/2016 09:49:29 [ 9] DEBUG  PlayerProcess                 : No games available, setting status to 'Registered'
04/09/2016 09:49:29 [ 9] DEBUG  PlayerProcess                 : In Process GetGameList function.
04/09/2016 09:49:29 [ 9] DEBUG  Dispatcher                    : Adding Conversation Player.Conversation.GameListConversation, 8.4
04/09/2016 09:49:29 [ 9] DEBUG  Dispatcher                    :       New Queue ID: 8.4
04/09/2016 09:49:29 [ 9] DEBUG  GameListConversation          : Queuing game list request. 
04/09/2016 09:49:29 [ 9] DEBUG  InitiatedConversation         : GameListConversation, ConversationID: 8.4: Conversation Id  for initiated conversation: 8.4
04/09/2016 09:49:29 [ 9] DEBUG  Conversation                  : GameListConversation, ConversationID: 8.4: Setting Message IDs
04/09/2016 09:49:29 [ 9] DEBUG  Conversation                  : GameListConversation, ConversationID: 8.4: Message has IDs
04/09/2016 09:49:29 [ 9] DEBUG  Conversation                  : GameListConversation, ConversationID: 8.4: Message is valid
04/09/2016 09:49:29 [ 9] DEBUG  Conversation                  : GameListConversation, ConversationID: 8.4: Envelope is valid
04/09/2016 09:49:29 [ 9] DEBUG  Conversation                  : GameListConversation, ConversationID: 8.4: Conversation is initiating send.
04/09/2016 09:49:29 [ 9] DEBUG  PostMan                       : Sending UDP (Messages.RequestMessages.GameListRequest, MessageID: 8.4, ConversationID: 8.4)
JSON: {"__type":"GameListRequest:#Messages.RequestMessages","ConvId":{"Pid":8,"Seq":4},"MsgId":{"Pid":8,"Seq":4},"StatusFilter":4}
04/09/2016 09:49:29 [ 9] DEBUG  PostMan                       : Message Delivered
04/09/2016 09:49:29 [ 9] DEBUG  Conversation                  : GameListConversation, ConversationID: 8.4: Send succeeded.
04/09/2016 09:49:29 [10] DEBUG  PostMan                       : Received UDP (Messages.ReplyMessages.GameListReply, MessageID: 1.59, ConversationID: 8.4)
JSON: {"__type":"GameListReply:#Messages.ReplyMessages","ConvId":{"Pid":8,"Seq":4},"MsgId":{"Pid":1,"Seq":59},"Note":null,"Success":true,"GameInfo":[{"CurrentProcesses":[{"HasUmbrellaRaised":false,"HitPoints":0,"LifePoints":100,"ProcessId":4,"Type":5},{"HasUmbrellaRaised":false,"HitPoints":0,"LifePoints":100,"ProcessId":6,"Type":4},{"HasUmbrellaRaised":false,"HitPoints":0,"LifePoints":100,"ProcessId":5,"Type":5},{"HasUmbrellaRaised":false,"HitPoints":0,"LifePoints":100,"ProcessId":7,"Type":3},{"HasUmbrellaRaised":false,"HitPoints":0,"LifePoints":100,"ProcessId":8,"Type":3}],"GameId":3,"GameManagerId":2,"Label":"GM32397's 1st Game","MaxPlayers":5,"MinPlayers":3,"StartingPlayers":[],"Status":4,"Winners":null}]}
04/09/2016 09:49:29 [ 9] INFO   BackgroundThread              : Starting 
04/09/2016 09:49:29 [10] INFO   Dispatcher                    : New Message Received: (Messages.ReplyMessages.GameListReply)
04/09/2016 09:49:29 [10] INFO   Dispatcher                    : MessageId: 1.59ConversationId: 8.4
04/09/2016 09:49:30 [10] DEBUG  PostMan                       : Received UDP (Messages.RequestMessages.AllowanceDeliveryRequest, MessageID: 1.60, ConversationID: 1.60)
JSON: {"__type":"AllowanceDeliveryRequest:#Messages.RequestMessages","ConvId":{"Pid":1,"Seq":60},"MsgId":{"Pid":1,"Seq":60},"NumberOfPennies":400,"PortNumber":12998}
04/09/2016 09:49:30 [10] INFO   Dispatcher                    : New Message Received: (Messages.RequestMessages.AllowanceDeliveryRequest)
04/09/2016 09:49:30 [10] INFO   Dispatcher                    : MessageId: 1.60ConversationId: 1.60
04/09/2016 09:49:30 [10] DEBUG  Dispatcher                    : Conversation  with id= 1.60 does not exist, trying to create new conversation.
04/09/2016 09:49:30 [10] DEBUG  Dispatcher                    : Adding Conversation Player.Conversation.AllowanceDeliveryConversation, 1.60
04/09/2016 09:49:30 [10] DEBUG  Dispatcher                    :       New Queue ID: 1.60
04/09/2016 09:49:30 [10] DEBUG  Conversation                  : AllowanceDeliveryConversation, ConversationID: 1.60: No message available
04/09/2016 09:50:17 [10] DEBUG  Conversation                  : AllowanceDeliveryConversation, ConversationID: 1.60: No message available
