04/09/2016 07:45:33 [ 9] DEBUG  PlayerConnection              : Using Local Settings.
04/09/2016 07:45:33 [ 9] DEBUG  PlayerConnection              : Starting Application. 
04/09/2016 07:45:33 [ 9] DEBUG  PlayerProcess                 : Initializeing Player Subsystem.
04/09/2016 07:45:33 [ 9] DEBUG  PlayerProcess                 : Initializing Player Details.
04/09/2016 07:45:33 [ 9] INFO   BackgroundThread              : Starting 
04/09/2016 07:45:33 [ 6] INFO   BackgroundThread              : Starting 
04/09/2016 07:45:33 [ 6] DEBUG  PlayerProcess                 : In Process Login function.
04/09/2016 07:45:33 [ 6] DEBUG  Dispatcher                    : Adding Conversation Player.Conversation.LoginConversation, 0.1
04/09/2016 07:45:33 [ 6] DEBUG  Dispatcher                    :       New Queue ID: 0.1
04/09/2016 07:45:33 [ 6] INFO   BackgroundThread              : Starting 
04/09/2016 07:45:33 [12] DEBUG  LoginConversation             : Creating login request. 
04/09/2016 07:45:33 [12] DEBUG  InitiatedConversation         : Conversation Id  for initiated conversation: 0.1
04/09/2016 07:45:33 [12] DEBUG  PostMan                       : Sending UDP (Messages.RequestMessages.LoginRequest, MessageID: 0.1, ConversationID: 0.1)
JSON: {"__type":"LoginRequest:#Messages.RequestMessages","ConvId":{"Pid":0,"Seq":1},"MsgId":{"Pid":0,"Seq":1},"Identity":{"ANumber":"A00000001","Alias":"The Instructor","FirstName":"The","LastName":"Instructor"},"ProcessLabel":"The Instructor","ProcessType":3,"PublicKey":null}
04/09/2016 07:45:34 [12] DEBUG  PostMan                       : Message Delivered
04/09/2016 07:45:34 [11] DEBUG  PostMan                       : Received UDP (Messages.ReplyMessages.LoginReply, MessageID: 1.8, ConversationID: 0.1)
JSON: {"__type":"LoginReply:#Messages.ReplyMessages","ConvId":{"Pid":0,"Seq":1},"MsgId":{"Pid":1,"Seq":8},"Note":"Logged in","Success":true,"PennyBankEndPoint":{"Host":"127.0.0.1","Port":12003},"PennyBankPublicKey":null,"ProcessInfo":{"EndPoint":{"Host":"127.0.0.1","Port":10000},"Label":"The Instructor","ProcessId":6,"Status":3,"Type":3},"ProxyEndPoint":{"Host":"127.0.0.1","Port":12002}}
04/09/2016 07:45:34 [11] INFO   Dispatcher                    : New Message Received: (Messages.ReplyMessages.LoginReply)
04/09/2016 07:45:34 [11] INFO   Dispatcher                    : MessageId: 1.8ConversationId: 0.1
04/09/2016 07:45:39 [12] DEBUG  LoginConversation             : Received a login reply message.
04/09/2016 07:45:39 [12] INFO   BackgroundThread              : Stopping 
04/09/2016 07:45:39 [12] DEBUG  BackgroundThread              : Leaving Stop
04/09/2016 07:45:39 [ 6] DEBUG  PlayerProcess                 : In Process GetGameList function.
04/09/2016 07:45:39 [ 6] DEBUG  Dispatcher                    : Adding Conversation Player.Conversation.GameListConversation, 6.2
04/09/2016 07:45:39 [ 6] DEBUG  Dispatcher                    :       New Queue ID: 6.2
04/09/2016 07:45:39 [ 6] INFO   BackgroundThread              : Starting 
04/09/2016 07:45:39 [14] DEBUG  GameListConversation          : Queuing game list request. 
04/09/2016 07:45:39 [14] DEBUG  InitiatedConversation         : Conversation Id  for initiated conversation: 6.2
04/09/2016 07:45:39 [14] DEBUG  PostMan                       : Sending UDP (Messages.RequestMessages.GameListRequest, MessageID: 6.2, ConversationID: 6.2)
JSON: {"__type":"GameListRequest:#Messages.RequestMessages","ConvId":{"Pid":6,"Seq":2},"MsgId":{"Pid":6,"Seq":2},"StatusFilter":4}
04/09/2016 07:45:39 [14] DEBUG  PostMan                       : Message Delivered
04/09/2016 07:45:39 [11] DEBUG  PostMan                       : Received UDP (Messages.ReplyMessages.GameListReply, MessageID: 1.9, ConversationID: 6.2)
JSON: {"__type":"GameListReply:#Messages.ReplyMessages","ConvId":{"Pid":6,"Seq":2},"MsgId":{"Pid":1,"Seq":9},"Note":null,"Success":true,"GameInfo":[{"CurrentProcesses":[{"HasUmbrellaRaised":false,"HitPoints":0,"LifePoints":100,"ProcessId":4,"Type":4},{"HasUmbrellaRaised":false,"HitPoints":0,"LifePoints":100,"ProcessId":5,"Type":5}],"GameId":3,"GameManagerId":2,"Label":"GM73653's 1st Game","MaxPlayers":4,"MinPlayers":3,"StartingPlayers":[],"Status":4,"Winners":null}]}
04/09/2016 07:45:39 [11] INFO   Dispatcher                    : New Message Received: (Messages.ReplyMessages.GameListReply)
04/09/2016 07:45:39 [11] INFO   Dispatcher                    : MessageId: 1.9ConversationId: 6.2
04/09/2016 07:45:44 [14] DEBUG  GameListConversation          : Received a game list reply message.
04/09/2016 07:45:44 [14] INFO   BackgroundThread              : Stopping 
04/09/2016 07:45:44 [14] DEBUG  BackgroundThread              : Leaving Stop
04/09/2016 07:45:44 [ 6] DEBUG  PlayerProcess                 : Life points is null, game needs to be started.
04/09/2016 07:45:44 [ 6] DEBUG  Dispatcher                    : Adding Conversation Player.Conversation.JoinGameConversation, 6.3
04/09/2016 07:45:44 [ 6] DEBUG  Dispatcher                    :       New Queue ID: 6.3
04/09/2016 07:45:44 [ 6] INFO   BackgroundThread              : Starting 
04/09/2016 07:45:44 [13] DEBUG  JoinGameConversation          : Queuing join game request. 
04/09/2016 07:45:44 [13] DEBUG  JoinGameConversation          : Requesting GameId: 3
04/09/2016 07:45:44 [13] DEBUG  InitiatedConversation         : Conversation Id  for initiated conversation: 6.3
04/09/2016 07:45:44 [13] DEBUG  PostMan                       : Sending UDP (Messages.Routing, MessageID: 6.3, ConversationID: 6.3)
JSON: {"__type":"Routing:#Messages","ConvId":{"Pid":6,"Seq":3},"MsgId":{"Pid":6,"Seq":3},"InnerMessage":{"__type":"JoinGameRequest:#Messages.RequestMessages","ConvId":{"Pid":6,"Seq":3},"MsgId":{"Pid":6,"Seq":3},"GameId":3,"Process":{"EndPoint":{"Host":"127.0.0.1","Port":10000},"Label":"The Instructor","ProcessId":6,"Status":4,"Type":3}},"ToProcessIds":[2]}
04/09/2016 07:45:44 [13] DEBUG  PostMan                       : Message Delivered
04/09/2016 07:45:44 [11] DEBUG  PostMan                       : Received UDP (Messages.Routing, MessageID: 2.15, ConversationID: 6.3)
JSON: {"__type":"Routing:#Messages","ConvId":{"Pid":6,"Seq":3},"MsgId":{"Pid":2,"Seq":15},"InnerMessage":{"__type":"JoinGameReply:#Messages.ReplyMessages","ConvId":{"Pid":6,"Seq":3},"MsgId":{"Pid":2,"Seq":15},"Note":null,"Success":true,"GameId":3,"InitialLifePoints":100},"ToProcessIds":[6]}
04/09/2016 07:45:44 [11] INFO   Dispatcher                    : New Message Received: (Messages.Routing)
04/09/2016 07:45:44 [11] INFO   Dispatcher                    : MessageId: 2.15ConversationId: 6.3
04/09/2016 07:45:44 [ 6] DEBUG  PlayerProcess                 : No games available, setting status to 'Registered'
04/09/2016 07:45:44 [11] DEBUG  PostMan                       : Received UDP (Messages.Routing, MessageID: 2.18, ConversationID: 2.18)
JSON: {"__type":"Routing:#Messages","ConvId":{"Pid":2,"Seq":18},"MsgId":{"Pid":2,"Seq":18},"InnerMessage":{"__type":"GameStatusNotification:#Messages.RequestMessages","ConvId":{"Pid":2,"Seq":18},"MsgId":{"Pid":2,"Seq":18},"Game":{"CurrentProcesses":[{"HasUmbrellaRaised":false,"HitPoints":0,"LifePoints":100,"ProcessId":4,"Type":4},{"HasUmbrellaRaised":false,"HitPoints":0,"LifePoints":100,"ProcessId":5,"Type":5},{"HasUmbrellaRaised":false,"HitPoints":0,"LifePoints":100,"ProcessId":6,"Type":3}],"GameId":3,"GameManagerId":2,"Label":"GM73653's 1st Game","MaxPlayers":4,"MinPlayers":3,"StartingPlayers":[],"Status":4,"Winners":null}},"ToProcessIds":[4,5,6]}
04/09/2016 07:45:44 [ 6] DEBUG  PlayerProcess                 : In Process GetGameList function.
04/09/2016 07:45:44 [11] INFO   Dispatcher                    : New Message Received: (Messages.Routing)
04/09/2016 07:45:44 [11] INFO   Dispatcher                    : MessageId: 2.18ConversationId: 2.18
04/09/2016 07:45:44 [ 6] DEBUG  Dispatcher                    : Adding Conversation Player.Conversation.GameListConversation, 6.4
04/09/2016 07:45:44 [11] DEBUG  Dispatcher                    : Conversation  with id= 2.18 does not exist, trying to create new conversation.
04/09/2016 07:45:44 [ 6] DEBUG  Dispatcher                    :       New Queue ID: 6.4
04/09/2016 07:45:44 [ 6] INFO   BackgroundThread              : Starting 
04/09/2016 07:45:44 [12] DEBUG  GameListConversation          : Queuing game list request. 
04/09/2016 07:45:44 [11] DEBUG  Dispatcher                    : Adding Conversation Player.Conversation.GameStatusConversation, 2.18
04/09/2016 07:45:44 [12] DEBUG  InitiatedConversation         : Conversation Id  for initiated conversation: 6.4
04/09/2016 07:45:44 [12] DEBUG  PostMan                       : Sending UDP (Messages.RequestMessages.GameListRequest, MessageID: 6.4, ConversationID: 6.4)
JSON: {"__type":"GameListRequest:#Messages.RequestMessages","ConvId":{"Pid":6,"Seq":4},"MsgId":{"Pid":6,"Seq":4},"StatusFilter":4}
04/09/2016 07:45:44 [12] DEBUG  PostMan                       : Message Delivered
04/09/2016 07:45:44 [11] DEBUG  Dispatcher                    :       New Queue ID: 2.18
04/09/2016 07:45:44 [11] INFO   BackgroundThread              : Starting 
04/09/2016 07:45:44 [15] DEBUG  GameStatusConversation        : Received Game Status Message
04/09/2016 07:45:49 [13] DEBUG  JoinGameConversation          : Received a game join message.
04/09/2016 07:45:49 [13] INFO   BackgroundThread              : Stopping 
04/09/2016 07:45:49 [13] DEBUG  BackgroundThread              : Leaving Stop
04/09/2016 07:45:50 [12] ERROR  GameListConversation          : Either the message received was null, or no games are available. 
04/09/2016 07:45:50 [12] INFO   BackgroundThread              : Stopping 
04/09/2016 07:45:50 [12] DEBUG  BackgroundThread              : Leaving Stop
04/09/2016 07:45:50 [ 6] DEBUG  PlayerProcess                 : In Process GetGameList function.
04/09/2016 07:45:50 [ 6] DEBUG  Dispatcher                    : Adding Conversation Player.Conversation.GameListConversation, 6.5
04/09/2016 07:45:50 [ 6] DEBUG  Dispatcher                    :       New Queue ID: 6.5
04/09/2016 07:45:50 [ 6] INFO   BackgroundThread              : Starting 
04/09/2016 07:45:50 [14] DEBUG  GameListConversation          : Queuing game list request. 
04/09/2016 07:45:50 [14] DEBUG  InitiatedConversation         : Conversation Id  for initiated conversation: 6.5
04/09/2016 07:45:50 [14] DEBUG  PostMan                       : Sending UDP (Messages.RequestMessages.GameListRequest, MessageID: 6.5, ConversationID: 6.5)
JSON: {"__type":"GameListRequest:#Messages.RequestMessages","ConvId":{"Pid":6,"Seq":5},"MsgId":{"Pid":6,"Seq":5},"StatusFilter":4}
04/09/2016 07:45:50 [14] DEBUG  PostMan                       : Message Delivered
04/09/2016 07:45:50 [11] DEBUG  PostMan                       : Received UDP (Messages.ReplyMessages.GameListReply, MessageID: 1.14, ConversationID: 6.5)
JSON: {"__type":"GameListReply:#Messages.ReplyMessages","ConvId":{"Pid":6,"Seq":5},"MsgId":{"Pid":1,"Seq":14},"Note":null,"Success":true,"GameInfo":[{"CurrentProcesses":[{"HasUmbrellaRaised":false,"HitPoints":0,"LifePoints":100,"ProcessId":4,"Type":4},{"HasUmbrellaRaised":false,"HitPoints":0,"LifePoints":100,"ProcessId":5,"Type":5},{"HasUmbrellaRaised":false,"HitPoints":0,"LifePoints":100,"ProcessId":6,"Type":3}],"GameId":3,"GameManagerId":2,"Label":"GM73653's 1st Game","MaxPlayers":4,"MinPlayers":3,"StartingPlayers":[],"Status":4,"Winners":null}]}
04/09/2016 07:45:51 [11] INFO   Dispatcher                    : New Message Received: (Messages.ReplyMessages.GameListReply)
04/09/2016 07:45:51 [11] INFO   Dispatcher                    : MessageId: 1.14ConversationId: 6.5
04/09/2016 07:45:53 [11] DEBUG  PostMan                       : Received UDP (Messages.RequestMessages.AliveRequest, MessageID: 1.18, ConversationID: 1.18)
JSON: {"__type":"AliveRequest:#Messages.RequestMessages","ConvId":{"Pid":1,"Seq":18},"MsgId":{"Pid":1,"Seq":18}}
04/09/2016 07:45:53 [11] INFO   Dispatcher                    : New Message Received: (Messages.RequestMessages.AliveRequest)
04/09/2016 07:45:53 [11] INFO   Dispatcher                    : MessageId: 1.18ConversationId: 1.18
04/09/2016 07:45:53 [11] DEBUG  Dispatcher                    : Conversation  with id= 1.18 does not exist, trying to create new conversation.
04/09/2016 07:45:53 [11] DEBUG  Dispatcher                    : Adding Conversation Player.Conversation.AliveConversation, 1.18
04/09/2016 07:45:53 [11] DEBUG  Dispatcher                    :       New Queue ID: 1.18
04/09/2016 07:45:53 [11] INFO   BackgroundThread              : Starting 
04/09/2016 07:45:53 [12] DEBUG  AliveConversation             : Creating Alive Response
04/09/2016 07:45:53 [12] DEBUG  ResponseConversation          : Conversation Id  for Response conversation: 1.18
04/09/2016 07:45:53 [12] DEBUG  PostMan                       : Sending UDP (Messages.ReplyMessages.Reply, MessageID: 6.6, ConversationID: 1.18)
JSON: {"__type":"Reply:#Messages.ReplyMessages","ConvId":{"Pid":1,"Seq":18},"MsgId":{"Pid":6,"Seq":6},"Note":"I'm Alive","Success":true}
04/09/2016 07:45:53 [12] DEBUG  PostMan                       : Message Delivered
04/09/2016 07:45:54 [11] DEBUG  PostMan                       : Received UDP (Messages.RequestMessages.AllowanceDeliveryRequest, MessageID: 1.12, ConversationID: 1.12)
JSON: {"__type":"AllowanceDeliveryRequest:#Messages.RequestMessages","ConvId":{"Pid":1,"Seq":12},"MsgId":{"Pid":1,"Seq":12},"NumberOfPennies":400,"PortNumber":12999}
04/09/2016 07:45:54 [11] INFO   Dispatcher                    : New Message Received: (Messages.RequestMessages.AllowanceDeliveryRequest)
04/09/2016 07:45:54 [11] INFO   Dispatcher                    : MessageId: 1.12ConversationId: 1.12
04/09/2016 07:45:54 [11] DEBUG  Dispatcher                    : Conversation  with id= 1.12 does not exist, trying to create new conversation.
04/09/2016 07:45:54 [11] DEBUG  Dispatcher                    : Adding Conversation Player.Conversation.AllowanceDeliveryConversation, 1.12
04/09/2016 07:45:54 [11] DEBUG  Dispatcher                    :       New Queue ID: 1.12
04/09/2016 07:45:54 [11] INFO   BackgroundThread              : Starting 
04/09/2016 07:45:54 [12] DEBUG  AllowanceDeliveryConversation : Received Allowance Delivery Request. 
04/09/2016 07:45:54 [12] DEBUG  TCPSocket                     : Destination Endpoint is: 127.0.0.1:12999
04/09/2016 07:45:54 [12] INFO   BackgroundThread              : Starting 
04/09/2016 07:45:54 [13] DEBUG  TCPSocket                     : Opening Remote TCP Connection
04/09/2016 07:45:54 [13] DEBUG  TCPSocket                     : TCP Socket connected to 127.0.0.1:12999
04/09/2016 07:45:54 [13] INFO   AllowanceDeliveryConversation : IN TCP RECEIVE!!!!
04/09/2016 07:45:54 [13] DEBUG  NetworkStreamExtensions       : In ReadStreamMessage, with stream.ReadTimeout=10000
04/09/2016 07:45:54 [13] DEBUG  NetworkStreamExtensions       : Try to read 4 length bytes, with stream.CanRead=True and stream.ReadTimeout=10000
04/09/2016 07:45:55 [14] DEBUG  GameListConversation          : Received a game list reply message.
04/09/2016 07:45:55 [14] INFO   BackgroundThread              : Stopping 
04/09/2016 07:45:55 [14] DEBUG  BackgroundThread              : Leaving Stop
04/09/2016 07:45:56 [ 6] DEBUG  PlayerProcess                 : Life points is null, game needs to be started.
04/09/2016 07:45:56 [ 6] DEBUG  Dispatcher                    : Adding Conversation Player.Conversation.JoinGameConversation, 6.7
04/09/2016 07:45:56 [ 6] DEBUG  Dispatcher                    :       New Queue ID: 6.7
04/09/2016 07:45:56 [ 6] INFO   BackgroundThread              : Starting 
04/09/2016 07:45:56 [12] DEBUG  JoinGameConversation          : Queuing join game request. 
04/09/2016 07:45:56 [12] DEBUG  JoinGameConversation          : Requesting GameId: 3
04/09/2016 07:45:56 [12] DEBUG  InitiatedConversation         : Conversation Id  for initiated conversation: 6.7
04/09/2016 07:45:56 [12] DEBUG  PostMan                       : Sending UDP (Messages.Routing, MessageID: 6.7, ConversationID: 6.7)
JSON: {"__type":"Routing:#Messages","ConvId":{"Pid":6,"Seq":7},"MsgId":{"Pid":6,"Seq":7},"InnerMessage":{"__type":"JoinGameRequest:#Messages.RequestMessages","ConvId":{"Pid":6,"Seq":7},"MsgId":{"Pid":6,"Seq":7},"GameId":3,"Process":{"EndPoint":{"Host":"127.0.0.1","Port":10000},"Label":"The Instructor","ProcessId":6,"Status":4,"Type":3}},"ToProcessIds":[2]}
04/09/2016 07:45:56 [12] DEBUG  PostMan                       : Message Delivered
04/09/2016 07:45:56 [ 6] DEBUG  PlayerProcess                 : No games available, setting status to 'Registered'
04/09/2016 07:45:56 [11] DEBUG  PostMan                       : Received UDP (Messages.Routing, MessageID: 2.21, ConversationID: 6.7)
JSON: {"__type":"Routing:#Messages","ConvId":{"Pid":6,"Seq":7},"MsgId":{"Pid":2,"Seq":21},"InnerMessage":{"__type":"JoinGameReply:#Messages.ReplyMessages","ConvId":{"Pid":6,"Seq":7},"MsgId":{"Pid":2,"Seq":21},"Note":null,"Success":true,"GameId":3,"InitialLifePoints":100},"ToProcessIds":[6]}
04/09/2016 07:45:56 [11] INFO   Dispatcher                    : New Message Received: (Messages.Routing)
04/09/2016 07:45:56 [11] INFO   Dispatcher                    : MessageId: 2.21ConversationId: 6.7
04/09/2016 07:45:56 [ 6] DEBUG  PlayerProcess                 : In Process GetGameList function.
04/09/2016 07:45:56 [ 6] DEBUG  Dispatcher                    : Adding Conversation Player.Conversation.GameListConversation, 6.8
04/09/2016 07:45:56 [ 6] DEBUG  Dispatcher                    :       New Queue ID: 6.8
04/09/2016 07:45:56 [ 6] INFO   BackgroundThread              : Starting 
04/09/2016 07:45:56 [14] DEBUG  GameListConversation          : Queuing game list request. 
04/09/2016 07:45:56 [14] DEBUG  InitiatedConversation         : Conversation Id  for initiated conversation: 6.8
04/09/2016 07:45:56 [14] DEBUG  PostMan                       : Sending UDP (Messages.RequestMessages.GameListRequest, MessageID: 6.8, ConversationID: 6.8)
JSON: {"__type":"GameListRequest:#Messages.RequestMessages","ConvId":{"Pid":6,"Seq":8},"MsgId":{"Pid":6,"Seq":8},"StatusFilter":4}
04/09/2016 07:45:56 [14] DEBUG  PostMan                       : Message Delivered
04/09/2016 07:45:56 [11] DEBUG  PostMan                       : Received UDP (Messages.ReplyMessages.GameListReply, MessageID: 1.20, ConversationID: 6.8)
JSON: {"__type":"GameListReply:#Messages.ReplyMessages","ConvId":{"Pid":6,"Seq":8},"MsgId":{"Pid":1,"Seq":20},"Note":null,"Success":true,"GameInfo":[{"CurrentProcesses":[{"HasUmbrellaRaised":false,"HitPoints":0,"LifePoints":100,"ProcessId":4,"Type":4},{"HasUmbrellaRaised":false,"HitPoints":0,"LifePoints":100,"ProcessId":5,"Type":5},{"HasUmbrellaRaised":false,"HitPoints":0,"LifePoints":100,"ProcessId":6,"Type":3}],"GameId":3,"GameManagerId":2,"Label":"GM73653's 1st Game","MaxPlayers":4,"MinPlayers":3,"StartingPlayers":[],"Status":4,"Winners":null}]}
04/09/2016 07:45:56 [11] INFO   Dispatcher                    : New Message Received: (Messages.ReplyMessages.GameListReply)
04/09/2016 07:45:56 [11] INFO   Dispatcher                    : MessageId: 1.20ConversationId: 6.8
04/09/2016 07:46:01 [12] DEBUG  JoinGameConversation          : Received a game join message.
04/09/2016 07:46:01 [12] INFO   BackgroundThread              : Stopping 
04/09/2016 07:46:01 [12] DEBUG  BackgroundThread              : Leaving Stop
04/09/2016 07:46:01 [14] DEBUG  GameListConversation          : Received a game list reply message.
04/09/2016 07:46:01 [14] INFO   BackgroundThread              : Stopping 
04/09/2016 07:46:01 [14] DEBUG  BackgroundThread              : Leaving Stop
04/09/2016 07:46:04 [11] DEBUG  PostMan                       : Received UDP (Messages.RequestMessages.AllowanceDeliveryRequest, MessageID: 1.12, ConversationID: 1.12)
JSON: {"__type":"AllowanceDeliveryRequest:#Messages.RequestMessages","ConvId":{"Pid":1,"Seq":12},"MsgId":{"Pid":1,"Seq":12},"NumberOfPennies":400,"PortNumber":12999}
04/09/2016 07:46:04 [11] INFO   Dispatcher                    : New Message Received: (Messages.RequestMessages.AllowanceDeliveryRequest)
04/09/2016 07:46:04 [11] INFO   Dispatcher                    : MessageId: 1.12ConversationId: 1.12
04/09/2016 07:46:04 [13] DEBUG  NetworkStreamExtensions       : Length bytes read = 0
04/09/2016 07:46:04 [13] DEBUG  NetworkStreamExtensions       : In ReadStreamMessage, with stream.ReadTimeout=10000
04/09/2016 07:46:04 [13] DEBUG  NetworkStreamExtensions       : Try to read 4 length bytes, with stream.CanRead=True and stream.ReadTimeout=10000
04/09/2016 07:46:06 [11] DEBUG  PostMan                       : Received UDP (Messages.RequestMessages.AllowanceDeliveryRequest, MessageID: 1.21, ConversationID: 1.21)
JSON: {"__type":"AllowanceDeliveryRequest:#Messages.RequestMessages","ConvId":{"Pid":1,"Seq":21},"MsgId":{"Pid":1,"Seq":21},"NumberOfPennies":400,"PortNumber":12998}
04/09/2016 07:46:06 [11] INFO   Dispatcher                    : New Message Received: (Messages.RequestMessages.AllowanceDeliveryRequest)
04/09/2016 07:46:06 [11] INFO   Dispatcher                    : MessageId: 1.21ConversationId: 1.21
04/09/2016 07:46:06 [11] DEBUG  Dispatcher                    : Conversation  with id= 1.21 does not exist, trying to create new conversation.
04/09/2016 07:46:06 [11] DEBUG  Dispatcher                    : Adding Conversation Player.Conversation.AllowanceDeliveryConversation, 1.21
04/09/2016 07:46:06 [11] DEBUG  Dispatcher                    :       New Queue ID: 1.21
04/09/2016 07:46:06 [11] INFO   BackgroundThread              : Starting 
04/09/2016 07:46:06 [12] ERROR  RequestReplyWithTCP           : Unable to retrieve received message. 
04/09/2016 07:46:14 [13] DEBUG  NetworkStreamExtensions       : Length bytes read = 0
04/09/2016 07:46:14 [13] DEBUG  NetworkStreamExtensions       : In ReadStreamMessage, with stream.ReadTimeout=10000
04/09/2016 07:46:14 [13] DEBUG  NetworkStreamExtensions       : Try to read 4 length bytes, with stream.CanRead=True and stream.ReadTimeout=10000
04/09/2016 07:46:16 [11] DEBUG  PostMan                       : Received UDP (Messages.RequestMessages.AllowanceDeliveryRequest, MessageID: 1.21, ConversationID: 1.21)
JSON: {"__type":"AllowanceDeliveryRequest:#Messages.RequestMessages","ConvId":{"Pid":1,"Seq":21},"MsgId":{"Pid":1,"Seq":21},"NumberOfPennies":400,"PortNumber":12998}
04/09/2016 07:46:16 [11] INFO   Dispatcher                    : New Message Received: (Messages.RequestMessages.AllowanceDeliveryRequest)
04/09/2016 07:46:16 [11] INFO   Dispatcher                    : MessageId: 1.21ConversationId: 1.21
04/09/2016 07:46:24 [11] DEBUG  PostMan                       : Received UDP (Messages.RequestMessages.AliveRequest, MessageID: 1.25, ConversationID: 1.25)
JSON: {"__type":"AliveRequest:#Messages.RequestMessages","ConvId":{"Pid":1,"Seq":25},"MsgId":{"Pid":1,"Seq":25}}
04/09/2016 07:46:24 [11] INFO   Dispatcher                    : New Message Received: (Messages.RequestMessages.AliveRequest)
04/09/2016 07:46:24 [11] INFO   Dispatcher                    : MessageId: 1.25ConversationId: 1.25
04/09/2016 07:46:24 [11] DEBUG  Dispatcher                    : Conversation  with id= 1.25 does not exist, trying to create new conversation.
04/09/2016 07:46:24 [11] DEBUG  Dispatcher                    : Adding Conversation Player.Conversation.AliveConversation, 1.25
04/09/2016 07:46:24 [11] DEBUG  Dispatcher                    :       New Queue ID: 1.25
04/09/2016 07:46:24 [11] INFO   BackgroundThread              : Starting 
04/09/2016 07:46:24 [12] ERROR  ResponseConversation          : Unable to retrieve received message. 
04/09/2016 07:46:24 [13] DEBUG  NetworkStreamExtensions       : Length bytes read = 0
04/09/2016 07:46:24 [13] DEBUG  NetworkStreamExtensions       : In ReadStreamMessage, with stream.ReadTimeout=10000
04/09/2016 07:46:24 [13] DEBUG  NetworkStreamExtensions       : Try to read 4 length bytes, with stream.CanRead=True and stream.ReadTimeout=10000
04/09/2016 07:46:34 [11] DEBUG  PostMan                       : Received UDP (Messages.RequestMessages.AliveRequest, MessageID: 1.25, ConversationID: 1.25)
JSON: {"__type":"AliveRequest:#Messages.RequestMessages","ConvId":{"Pid":1,"Seq":25},"MsgId":{"Pid":1,"Seq":25}}
04/09/2016 07:46:34 [11] INFO   Dispatcher                    : New Message Received: (Messages.RequestMessages.AliveRequest)
04/09/2016 07:46:34 [11] INFO   Dispatcher                    : MessageId: 1.25ConversationId: 1.25
04/09/2016 07:46:34 [13] DEBUG  NetworkStreamExtensions       : Length bytes read = 0
04/09/2016 07:46:34 [13] DEBUG  NetworkStreamExtensions       : In ReadStreamMessage, with stream.ReadTimeout=10000
04/09/2016 07:46:34 [13] DEBUG  NetworkStreamExtensions       : Try to read 4 length bytes, with stream.CanRead=True and stream.ReadTimeout=10000
04/09/2016 07:46:44 [11] DEBUG  PostMan                       : Received UDP (Messages.RequestMessages.AliveRequest, MessageID: 1.25, ConversationID: 1.25)
JSON: {"__type":"AliveRequest:#Messages.RequestMessages","ConvId":{"Pid":1,"Seq":25},"MsgId":{"Pid":1,"Seq":25}}
04/09/2016 07:46:44 [11] INFO   Dispatcher                    : New Message Received: (Messages.RequestMessages.AliveRequest)
04/09/2016 07:46:44 [11] INFO   Dispatcher                    : MessageId: 1.25ConversationId: 1.25
04/09/2016 07:46:44 [13] DEBUG  NetworkStreamExtensions       : Length bytes read = 0
04/09/2016 07:46:44 [13] DEBUG  NetworkStreamExtensions       : In ReadStreamMessage, with stream.ReadTimeout=10000
04/09/2016 07:46:44 [13] DEBUG  NetworkStreamExtensions       : Try to read 4 length bytes, with stream.CanRead=True and stream.ReadTimeout=10000
04/09/2016 07:46:55 [13] DEBUG  NetworkStreamExtensions       : Length bytes read = 0
04/09/2016 07:46:55 [13] DEBUG  NetworkStreamExtensions       : In ReadStreamMessage, with stream.ReadTimeout=10000
04/09/2016 07:46:55 [13] DEBUG  NetworkStreamExtensions       : Try to read 4 length bytes, with stream.CanRead=True and stream.ReadTimeout=10000
04/09/2016 07:46:55 [11] DEBUG  PostMan                       : Received UDP (Messages.RequestMessages.AliveRequest, MessageID: 1.29, ConversationID: 1.29)
JSON: {"__type":"AliveRequest:#Messages.RequestMessages","ConvId":{"Pid":1,"Seq":29},"MsgId":{"Pid":1,"Seq":29}}
04/09/2016 07:46:55 [11] INFO   Dispatcher                    : New Message Received: (Messages.RequestMessages.AliveRequest)
04/09/2016 07:46:55 [11] INFO   Dispatcher                    : MessageId: 1.29ConversationId: 1.29
04/09/2016 07:46:55 [11] DEBUG  Dispatcher                    : Conversation  with id= 1.29 does not exist, trying to create new conversation.
04/09/2016 07:46:55 [11] DEBUG  Dispatcher                    : Adding Conversation Player.Conversation.AliveConversation, 1.29
04/09/2016 07:46:55 [11] DEBUG  Dispatcher                    :       New Queue ID: 1.29
04/09/2016 07:46:55 [11] INFO   BackgroundThread              : Starting 
04/09/2016 07:46:55 [12] ERROR  ResponseConversation          : Unable to retrieve received message. 
04/09/2016 07:47:05 [13] DEBUG  NetworkStreamExtensions       : Length bytes read = 0
04/09/2016 07:47:05 [13] DEBUG  NetworkStreamExtensions       : In ReadStreamMessage, with stream.ReadTimeout=10000
04/09/2016 07:47:05 [13] DEBUG  NetworkStreamExtensions       : Try to read 4 length bytes, with stream.CanRead=True and stream.ReadTimeout=10000
04/09/2016 07:47:05 [11] DEBUG  PostMan                       : Received UDP (Messages.RequestMessages.AliveRequest, MessageID: 1.29, ConversationID: 1.29)
JSON: {"__type":"AliveRequest:#Messages.RequestMessages","ConvId":{"Pid":1,"Seq":29},"MsgId":{"Pid":1,"Seq":29}}
04/09/2016 07:47:05 [11] INFO   Dispatcher                    : New Message Received: (Messages.RequestMessages.AliveRequest)
04/09/2016 07:47:05 [11] INFO   Dispatcher                    : MessageId: 1.29ConversationId: 1.29
04/09/2016 07:47:15 [13] DEBUG  NetworkStreamExtensions       : Length bytes read = 0
04/09/2016 07:47:15 [13] DEBUG  NetworkStreamExtensions       : In ReadStreamMessage, with stream.ReadTimeout=10000
04/09/2016 07:47:15 [13] DEBUG  NetworkStreamExtensions       : Try to read 4 length bytes, with stream.CanRead=True and stream.ReadTimeout=10000
04/09/2016 07:47:15 [11] DEBUG  PostMan                       : Received UDP (Messages.RequestMessages.AliveRequest, MessageID: 1.29, ConversationID: 1.29)
JSON: {"__type":"AliveRequest:#Messages.RequestMessages","ConvId":{"Pid":1,"Seq":29},"MsgId":{"Pid":1,"Seq":29}}
04/09/2016 07:47:15 [11] INFO   Dispatcher                    : New Message Received: (Messages.RequestMessages.AliveRequest)
04/09/2016 07:47:15 [11] INFO   Dispatcher                    : MessageId: 1.29ConversationId: 1.29
04/09/2016 07:47:25 [13] DEBUG  NetworkStreamExtensions       : Length bytes read = 0
04/09/2016 07:47:25 [13] DEBUG  NetworkStreamExtensions       : In ReadStreamMessage, with stream.ReadTimeout=10000
04/09/2016 07:47:25 [13] DEBUG  NetworkStreamExtensions       : Try to read 4 length bytes, with stream.CanRead=True and stream.ReadTimeout=10000
04/09/2016 07:47:25 [11] DEBUG  PostMan                       : Received UDP (Messages.RequestMessages.DeadProcessNotification, MessageID: 1.30, ConversationID: 1.30)
JSON: {"__type":"DeadProcessNotification:#Messages.RequestMessages","ConvId":{"Pid":1,"Seq":30},"MsgId":{"Pid":1,"Seq":30},"ProcessId":6}
04/09/2016 07:47:25 [11] INFO   Dispatcher                    : New Message Received: (Messages.RequestMessages.DeadProcessNotification)
04/09/2016 07:47:25 [11] INFO   Dispatcher                    : MessageId: 1.30ConversationId: 1.30
04/09/2016 07:47:25 [11] DEBUG  Dispatcher                    : Conversation  with id= 1.30 does not exist, trying to create new conversation.
04/09/2016 07:47:25 [11] ERROR  Dispatcher                    : New conversation returned from factory is Null!
04/09/2016 07:47:35 [13] DEBUG  NetworkStreamExtensions       : Length bytes read = 0
04/09/2016 07:47:35 [13] DEBUG  NetworkStreamExtensions       : In ReadStreamMessage, with stream.ReadTimeout=10000
04/09/2016 07:47:35 [13] DEBUG  NetworkStreamExtensions       : Try to read 4 length bytes, with stream.CanRead=True and stream.ReadTimeout=10000
04/09/2016 07:47:45 [13] DEBUG  NetworkStreamExtensions       : Length bytes read = 0
04/09/2016 07:47:45 [13] DEBUG  NetworkStreamExtensions       : In ReadStreamMessage, with stream.ReadTimeout=10000
04/09/2016 07:47:45 [13] DEBUG  NetworkStreamExtensions       : Try to read 4 length bytes, with stream.CanRead=True and stream.ReadTimeout=10000
04/09/2016 07:47:55 [13] DEBUG  NetworkStreamExtensions       : Length bytes read = 0
04/09/2016 07:47:55 [13] DEBUG  NetworkStreamExtensions       : In ReadStreamMessage, with stream.ReadTimeout=10000
04/09/2016 07:47:55 [13] DEBUG  NetworkStreamExtensions       : Try to read 4 length bytes, with stream.CanRead=True and stream.ReadTimeout=10000
04/09/2016 07:48:05 [13] DEBUG  NetworkStreamExtensions       : Length bytes read = 0
04/09/2016 07:48:05 [13] DEBUG  NetworkStreamExtensions       : In ReadStreamMessage, with stream.ReadTimeout=10000
04/09/2016 07:48:05 [13] DEBUG  NetworkStreamExtensions       : Try to read 4 length bytes, with stream.CanRead=True and stream.ReadTimeout=10000
