04/07/2016 03:13:40 [ 8] DEBUG  PlayerConnection              : Using Local Settings.
04/07/2016 03:13:40 [ 8] DEBUG  PlayerConnection              : Starting Application. 
04/07/2016 03:13:40 [ 8] DEBUG  PlayerProcess                 : Initializeing Player Subsystem.
04/07/2016 03:13:40 [ 8] DEBUG  PostMan                       : Port is: 10000
04/07/2016 03:13:40 [ 8] DEBUG  PlayerProcess                 : Initializing Player Details.
04/07/2016 03:13:40 [ 8] INFO   BackgroundThread              : Starting 
04/07/2016 03:13:40 [11] INFO   BackgroundThread              : Starting 
04/07/2016 03:13:40 [11] DEBUG  PlayerProcess                 : In Process Login function.
04/07/2016 03:13:40 [11] DEBUG  Dispatcher                    : Adding Conversation Player.Conversation.LoginConversation, 0.1
04/07/2016 03:13:40 [11] DEBUG  Dispatcher                    :       New Queue ID: 0.1
04/07/2016 03:13:40 [11] INFO   BackgroundThread              : Starting 
04/07/2016 03:13:40 [14] DEBUG  LoginConversation             : Creating login request. 
04/07/2016 03:13:40 [14] DEBUG  InitiatedConversation         : Conversation Id  for initiated conversation: 0.1
04/07/2016 03:13:40 [14] DEBUG  PostMan                       : Sending UDP (Messages.RequestMessages.LoginRequest)
04/07/2016 03:13:40 [14] DEBUG  PostMan                       : MessageId: 0.1ConversationId: 0.1
04/07/2016 03:13:40 [14] DEBUG  PostMan                       : Message Delivered
04/07/2016 03:13:40 [12] DEBUG  PostMan                       : Message Received!
04/07/2016 03:13:40 [12] DEBUG  PostMan                       : Raw Message: 
04/07/2016 03:13:40 [12] DEBUG  PostMan                       : {"__type":"LoginReply:#Messages.ReplyMessages","ConvId":{"Pid":0,"Seq":1},"MsgId":{"Pid":1,"Seq":159},"Note":"Logged in","Success":true,"PennyBankEndPoint":{"Host":"127.0.0.1","Port":12003},"PennyBankPublicKey":null,"ProcessInfo":{"EndPoint":{"Host":"127.0.0.1","Port":10000},"Label":"The Instructor","ProcessId":9,"Status":3,"Type":3},"ProxyEndPoint":{"Host":"127.0.0.1","Port":12002}}
04/07/2016 03:13:40 [12] DEBUG  PostMan                       : Message ID: 1.159, ConversationId: 0.1
04/07/2016 03:13:40 [12] DEBUG  Dispatcher                    : Received (Messages.ReplyMessages.LoginReply)
04/07/2016 03:13:40 [12] DEBUG  Dispatcher                    : MessageId: 1.159ConversationId: 0.1
04/07/2016 03:13:45 [14] DEBUG  LoginConversation             : Received a login reply message.
04/07/2016 03:13:45 [14] INFO   BackgroundThread              : Stopping 
04/07/2016 03:13:45 [14] DEBUG  BackgroundThread              : Leaving Stop
04/07/2016 03:13:45 [11] DEBUG  PlayerProcess                 : In Process GetGameList function.
04/07/2016 03:13:45 [11] DEBUG  Dispatcher                    : Adding Conversation Player.Conversation.GameListConversation, 9.2
04/07/2016 03:13:45 [11] DEBUG  Dispatcher                    :       New Queue ID: 9.2
04/07/2016 03:13:45 [11] INFO   BackgroundThread              : Starting 
04/07/2016 03:13:45 [19] DEBUG  GameListConversation          : Queuing game list request. 
04/07/2016 03:13:45 [19] DEBUG  InitiatedConversation         : Conversation Id  for initiated conversation: 9.2
04/07/2016 03:13:45 [19] DEBUG  PostMan                       : Sending UDP (Messages.RequestMessages.GameListRequest)
04/07/2016 03:13:45 [19] DEBUG  PostMan                       : MessageId: 9.2ConversationId: 9.2
04/07/2016 03:13:45 [19] DEBUG  PostMan                       : Message Delivered
04/07/2016 03:13:45 [12] DEBUG  PostMan                       : Message Received!
04/07/2016 03:13:45 [12] DEBUG  PostMan                       : Raw Message: 
04/07/2016 03:13:45 [12] DEBUG  PostMan                       : {"__type":"GameListReply:#Messages.ReplyMessages","ConvId":{"Pid":9,"Seq":2},"MsgId":{"Pid":1,"Seq":160},"Note":null,"Success":true,"GameInfo":[]}
04/07/2016 03:13:45 [12] DEBUG  PostMan                       : Message ID: 1.160, ConversationId: 9.2
04/07/2016 03:13:45 [12] DEBUG  Dispatcher                    : Received (Messages.ReplyMessages.GameListReply)
04/07/2016 03:13:45 [12] DEBUG  Dispatcher                    : MessageId: 1.160ConversationId: 9.2
04/07/2016 03:13:50 [19] DEBUG  GameListConversation          : Received a game list reply message.
04/07/2016 03:13:50 [19] ERROR  GameListConversation          : Either the message received was null, or no games are available. 
04/07/2016 03:13:50 [19] INFO   BackgroundThread              : Stopping 
04/07/2016 03:13:50 [11] DEBUG  PlayerProcess                 : In Process GetGameList function.
04/07/2016 03:13:50 [19] DEBUG  BackgroundThread              : Leaving Stop
04/07/2016 03:13:50 [11] DEBUG  Dispatcher                    : Adding Conversation Player.Conversation.GameListConversation, 9.3
04/07/2016 03:13:50 [11] DEBUG  Dispatcher                    :       New Queue ID: 9.3
04/07/2016 03:13:50 [11] INFO   BackgroundThread              : Starting 
04/07/2016 03:13:50 [13] DEBUG  GameListConversation          : Queuing game list request. 
04/07/2016 03:13:50 [13] DEBUG  InitiatedConversation         : Conversation Id  for initiated conversation: 9.3
04/07/2016 03:13:50 [13] DEBUG  PostMan                       : Sending UDP (Messages.RequestMessages.GameListRequest)
04/07/2016 03:13:50 [13] DEBUG  PostMan                       : MessageId: 9.3ConversationId: 9.3
04/07/2016 03:13:50 [13] DEBUG  PostMan                       : Message Delivered
04/07/2016 03:13:50 [12] DEBUG  PostMan                       : Message Received!
04/07/2016 03:13:50 [12] DEBUG  PostMan                       : Raw Message: 
04/07/2016 03:13:50 [12] DEBUG  PostMan                       : {"__type":"GameListReply:#Messages.ReplyMessages","ConvId":{"Pid":9,"Seq":3},"MsgId":{"Pid":1,"Seq":161},"Note":null,"Success":true,"GameInfo":[]}
04/07/2016 03:13:50 [12] DEBUG  PostMan                       : Message ID: 1.161, ConversationId: 9.3
04/07/2016 03:13:50 [12] DEBUG  Dispatcher                    : Received (Messages.ReplyMessages.GameListReply)
04/07/2016 03:13:50 [12] DEBUG  Dispatcher                    : MessageId: 1.161ConversationId: 9.3
04/07/2016 03:13:55 [13] DEBUG  GameListConversation          : Received a game list reply message.
04/07/2016 03:13:55 [13] ERROR  GameListConversation          : Either the message received was null, or no games are available. 
04/07/2016 03:13:55 [13] INFO   BackgroundThread              : Stopping 
04/07/2016 03:13:55 [11] DEBUG  PlayerProcess                 : In Process GetGameList function.
04/07/2016 03:13:55 [13] DEBUG  BackgroundThread              : Leaving Stop
04/07/2016 03:13:55 [11] DEBUG  Dispatcher                    : Adding Conversation Player.Conversation.GameListConversation, 9.4
04/07/2016 03:13:55 [11] DEBUG  Dispatcher                    :       New Queue ID: 9.4
04/07/2016 03:13:55 [11] INFO   BackgroundThread              : Starting 
04/07/2016 03:13:55 [15] DEBUG  GameListConversation          : Queuing game list request. 
04/07/2016 03:13:55 [15] DEBUG  InitiatedConversation         : Conversation Id  for initiated conversation: 9.4
04/07/2016 03:13:55 [15] DEBUG  PostMan                       : Sending UDP (Messages.RequestMessages.GameListRequest)
04/07/2016 03:13:55 [15] DEBUG  PostMan                       : MessageId: 9.4ConversationId: 9.4
04/07/2016 03:13:55 [15] DEBUG  PostMan                       : Message Delivered
04/07/2016 03:13:55 [12] DEBUG  PostMan                       : Message Received!
04/07/2016 03:13:55 [12] DEBUG  PostMan                       : Raw Message: 
04/07/2016 03:13:55 [12] DEBUG  PostMan                       : {"__type":"GameListReply:#Messages.ReplyMessages","ConvId":{"Pid":9,"Seq":4},"MsgId":{"Pid":1,"Seq":162},"Note":null,"Success":true,"GameInfo":[]}
04/07/2016 03:13:55 [12] DEBUG  PostMan                       : Message ID: 1.162, ConversationId: 9.4
04/07/2016 03:13:55 [12] DEBUG  Dispatcher                    : Received (Messages.ReplyMessages.GameListReply)
04/07/2016 03:13:55 [12] DEBUG  Dispatcher                    : MessageId: 1.162ConversationId: 9.4
04/07/2016 03:14:00 [15] DEBUG  GameListConversation          : Received a game list reply message.
04/07/2016 03:14:00 [15] ERROR  GameListConversation          : Either the message received was null, or no games are available. 
04/07/2016 03:14:00 [15] INFO   BackgroundThread              : Stopping 
04/07/2016 03:14:00 [15] DEBUG  BackgroundThread              : Leaving Stop
04/07/2016 03:14:00 [11] DEBUG  PlayerProcess                 : In Process GetGameList function.
04/07/2016 03:14:00 [11] DEBUG  Dispatcher                    : Adding Conversation Player.Conversation.GameListConversation, 9.5
04/07/2016 03:14:00 [11] DEBUG  Dispatcher                    :       New Queue ID: 9.5
04/07/2016 03:14:00 [11] INFO   BackgroundThread              : Starting 
04/07/2016 03:14:00 [13] DEBUG  GameListConversation          : Queuing game list request. 
04/07/2016 03:14:00 [13] DEBUG  InitiatedConversation         : Conversation Id  for initiated conversation: 9.5
04/07/2016 03:14:00 [13] DEBUG  PostMan                       : Sending UDP (Messages.RequestMessages.GameListRequest)
04/07/2016 03:14:00 [13] DEBUG  PostMan                       : MessageId: 9.5ConversationId: 9.5
04/07/2016 03:14:00 [13] DEBUG  PostMan                       : Message Delivered
04/07/2016 03:14:00 [12] DEBUG  PostMan                       : Message Received!
04/07/2016 03:14:00 [12] DEBUG  PostMan                       : Raw Message: 
04/07/2016 03:14:00 [12] DEBUG  PostMan                       : {"__type":"GameListReply:#Messages.ReplyMessages","ConvId":{"Pid":9,"Seq":5},"MsgId":{"Pid":1,"Seq":163},"Note":null,"Success":true,"GameInfo":[]}
04/07/2016 03:14:00 [12] DEBUG  PostMan                       : Message ID: 1.163, ConversationId: 9.5
04/07/2016 03:14:00 [12] DEBUG  Dispatcher                    : Received (Messages.ReplyMessages.GameListReply)
04/07/2016 03:14:00 [12] DEBUG  Dispatcher                    : MessageId: 1.163ConversationId: 9.5
04/07/2016 03:14:03 [12] DEBUG  PostMan                       : Message Received!
04/07/2016 03:14:03 [12] DEBUG  PostMan                       : Raw Message: 
04/07/2016 03:14:03 [12] DEBUG  PostMan                       : {"__type":"AliveRequest:#Messages.RequestMessages","ConvId":{"Pid":1,"Seq":165},"MsgId":{"Pid":1,"Seq":165}}
04/07/2016 03:14:03 [12] DEBUG  PostMan                       : Message ID: 1.165, ConversationId: 1.165
04/07/2016 03:14:03 [12] DEBUG  Dispatcher                    : Received (Messages.RequestMessages.AliveRequest)
04/07/2016 03:14:03 [12] DEBUG  Dispatcher                    : MessageId: 1.165ConversationId: 1.165
04/07/2016 03:14:03 [12] DEBUG  Dispatcher                    : Conversation  with id= 1.165 does not exist, trying to create new conversation.
04/07/2016 03:14:03 [12] DEBUG  Dispatcher                    : Adding Conversation Player.Conversation.AliveConversation, 1.165
04/07/2016 03:14:03 [12] DEBUG  Dispatcher                    :       New Queue ID: 1.165
04/07/2016 03:14:03 [12] INFO   BackgroundThread              : Starting 
04/07/2016 03:14:03 [14] DEBUG  AliveConversation             : Creating Alive Response
04/07/2016 03:14:03 [14] DEBUG  ResponseConversation          : Conversation Id  for Response conversation: 1.165
04/07/2016 03:14:03 [14] DEBUG  PostMan                       : Sending UDP (Messages.ReplyMessages.Reply)
04/07/2016 03:14:03 [14] DEBUG  PostMan                       : MessageId: 1.165ConversationId: 9.6
04/07/2016 03:14:03 [14] DEBUG  PostMan                       : Message Delivered
04/07/2016 03:14:05 [13] DEBUG  GameListConversation          : Received a game list reply message.
04/07/2016 03:14:05 [13] ERROR  GameListConversation          : Either the message received was null, or no games are available. 
04/07/2016 03:14:05 [13] INFO   BackgroundThread              : Stopping 
04/07/2016 03:14:05 [13] DEBUG  BackgroundThread              : Leaving Stop
04/07/2016 03:14:05 [11] DEBUG  PlayerProcess                 : In Process GetGameList function.
04/07/2016 03:14:05 [11] DEBUG  Dispatcher                    : Adding Conversation Player.Conversation.GameListConversation, 9.7
04/07/2016 03:14:05 [11] DEBUG  Dispatcher                    :       New Queue ID: 9.7
04/07/2016 03:14:05 [11] INFO   BackgroundThread              : Starting 
04/07/2016 03:14:05 [14] DEBUG  GameListConversation          : Queuing game list request. 
04/07/2016 03:14:05 [14] DEBUG  InitiatedConversation         : Conversation Id  for initiated conversation: 9.7
04/07/2016 03:14:05 [14] DEBUG  PostMan                       : Sending UDP (Messages.RequestMessages.GameListRequest)
04/07/2016 03:14:05 [14] DEBUG  PostMan                       : MessageId: 9.7ConversationId: 9.7
04/07/2016 03:14:05 [14] DEBUG  PostMan                       : Message Delivered
04/07/2016 03:14:05 [12] DEBUG  PostMan                       : Message Received!
04/07/2016 03:14:05 [12] DEBUG  PostMan                       : Raw Message: 
04/07/2016 03:14:05 [12] DEBUG  PostMan                       : {"__type":"GameListReply:#Messages.ReplyMessages","ConvId":{"Pid":9,"Seq":7},"MsgId":{"Pid":1,"Seq":166},"Note":null,"Success":true,"GameInfo":[]}
04/07/2016 03:14:05 [12] DEBUG  PostMan                       : Message ID: 1.166, ConversationId: 9.7
04/07/2016 03:14:05 [12] DEBUG  Dispatcher                    : Received (Messages.ReplyMessages.GameListReply)
04/07/2016 03:14:05 [12] DEBUG  Dispatcher                    : MessageId: 1.166ConversationId: 9.7
04/07/2016 03:14:10 [14] DEBUG  GameListConversation          : Received a game list reply message.
04/07/2016 03:14:10 [14] ERROR  GameListConversation          : Either the message received was null, or no games are available. 
04/07/2016 03:14:10 [14] INFO   BackgroundThread              : Stopping 
04/07/2016 03:14:10 [14] DEBUG  BackgroundThread              : Leaving Stop
04/07/2016 03:14:10 [11] DEBUG  PlayerProcess                 : In Process GetGameList function.
04/07/2016 03:14:10 [11] DEBUG  Dispatcher                    : Adding Conversation Player.Conversation.GameListConversation, 9.8
04/07/2016 03:14:10 [11] DEBUG  Dispatcher                    :       New Queue ID: 9.8
04/07/2016 03:14:10 [11] INFO   BackgroundThread              : Starting 
04/07/2016 03:14:10 [13] DEBUG  GameListConversation          : Queuing game list request. 
04/07/2016 03:14:10 [13] DEBUG  InitiatedConversation         : Conversation Id  for initiated conversation: 9.8
04/07/2016 03:14:10 [13] DEBUG  PostMan                       : Sending UDP (Messages.RequestMessages.GameListRequest)
04/07/2016 03:14:10 [13] DEBUG  PostMan                       : MessageId: 9.8ConversationId: 9.8
04/07/2016 03:14:10 [13] DEBUG  PostMan                       : Message Delivered
04/07/2016 03:14:10 [12] DEBUG  PostMan                       : Message Received!
04/07/2016 03:14:10 [12] DEBUG  PostMan                       : Raw Message: 
04/07/2016 03:14:10 [12] DEBUG  PostMan                       : {"__type":"GameListReply:#Messages.ReplyMessages","ConvId":{"Pid":9,"Seq":8},"MsgId":{"Pid":1,"Seq":167},"Note":null,"Success":true,"GameInfo":[]}
04/07/2016 03:14:10 [12] DEBUG  PostMan                       : Message ID: 1.167, ConversationId: 9.8
04/07/2016 03:14:10 [12] DEBUG  Dispatcher                    : Received (Messages.ReplyMessages.GameListReply)
04/07/2016 03:14:10 [12] DEBUG  Dispatcher                    : MessageId: 1.167ConversationId: 9.8
04/07/2016 03:14:13 [12] DEBUG  PostMan                       : Message Received!
04/07/2016 03:14:13 [12] DEBUG  PostMan                       : Raw Message: 
04/07/2016 03:14:13 [12] DEBUG  PostMan                       : {"__type":"AliveRequest:#Messages.RequestMessages","ConvId":{"Pid":1,"Seq":165},"MsgId":{"Pid":1,"Seq":165}}
04/07/2016 03:14:13 [12] DEBUG  PostMan                       : Message ID: 1.165, ConversationId: 1.165
04/07/2016 03:14:13 [12] DEBUG  Dispatcher                    : Received (Messages.RequestMessages.AliveRequest)
04/07/2016 03:14:13 [12] DEBUG  Dispatcher                    : MessageId: 1.165ConversationId: 1.165
04/07/2016 03:14:15 [13] DEBUG  GameListConversation          : Received a game list reply message.
04/07/2016 03:14:15 [13] ERROR  GameListConversation          : Either the message received was null, or no games are available. 
04/07/2016 03:14:15 [13] INFO   BackgroundThread              : Stopping 
04/07/2016 03:14:15 [13] DEBUG  BackgroundThread              : Leaving Stop
04/07/2016 03:14:15 [11] DEBUG  PlayerProcess                 : In Process GetGameList function.
04/07/2016 03:14:15 [11] DEBUG  Dispatcher                    : Adding Conversation Player.Conversation.GameListConversation, 9.9
04/07/2016 03:14:15 [11] DEBUG  Dispatcher                    :       New Queue ID: 9.9
04/07/2016 03:14:15 [11] INFO   BackgroundThread              : Starting 
04/07/2016 03:14:15 [14] DEBUG  GameListConversation          : Queuing game list request. 
04/07/2016 03:14:15 [14] DEBUG  InitiatedConversation         : Conversation Id  for initiated conversation: 9.9
04/07/2016 03:14:15 [14] DEBUG  PostMan                       : Sending UDP (Messages.RequestMessages.GameListRequest)
04/07/2016 03:14:15 [14] DEBUG  PostMan                       : MessageId: 9.9ConversationId: 9.9
04/07/2016 03:14:15 [14] DEBUG  PostMan                       : Message Delivered
04/07/2016 03:14:15 [12] DEBUG  PostMan                       : Message Received!
04/07/2016 03:14:15 [12] DEBUG  PostMan                       : Raw Message: 
04/07/2016 03:14:15 [12] DEBUG  PostMan                       : {"__type":"GameListReply:#Messages.ReplyMessages","ConvId":{"Pid":9,"Seq":9},"MsgId":{"Pid":1,"Seq":168},"Note":null,"Success":true,"GameInfo":[]}
04/07/2016 03:14:16 [12] DEBUG  PostMan                       : Message ID: 1.168, ConversationId: 9.9
04/07/2016 03:14:16 [12] DEBUG  Dispatcher                    : Received (Messages.ReplyMessages.GameListReply)
04/07/2016 03:14:16 [12] DEBUG  Dispatcher                    : MessageId: 1.168ConversationId: 9.9
04/07/2016 03:14:20 [14] DEBUG  GameListConversation          : Received a game list reply message.
04/07/2016 03:14:20 [14] ERROR  GameListConversation          : Either the message received was null, or no games are available. 
04/07/2016 03:14:20 [14] INFO   BackgroundThread              : Stopping 
04/07/2016 03:14:20 [14] DEBUG  BackgroundThread              : Leaving Stop
04/07/2016 03:14:20 [11] DEBUG  PlayerProcess                 : In Process GetGameList function.
04/07/2016 03:14:20 [11] DEBUG  Dispatcher                    : Adding Conversation Player.Conversation.GameListConversation, 9.10
04/07/2016 03:14:20 [11] DEBUG  Dispatcher                    :       New Queue ID: 9.10
04/07/2016 03:14:20 [11] INFO   BackgroundThread              : Starting 
04/07/2016 03:14:20 [13] DEBUG  GameListConversation          : Queuing game list request. 
04/07/2016 03:14:20 [13] DEBUG  InitiatedConversation         : Conversation Id  for initiated conversation: 9.10
04/07/2016 03:14:20 [13] DEBUG  PostMan                       : Sending UDP (Messages.RequestMessages.GameListRequest)
04/07/2016 03:14:20 [13] DEBUG  PostMan                       : MessageId: 9.10ConversationId: 9.10
04/07/2016 03:14:20 [13] DEBUG  PostMan                       : Message Delivered
04/07/2016 03:14:20 [12] DEBUG  PostMan                       : Message Received!
04/07/2016 03:14:20 [12] DEBUG  PostMan                       : Raw Message: 
04/07/2016 03:14:20 [12] DEBUG  PostMan                       : {"__type":"GameListReply:#Messages.ReplyMessages","ConvId":{"Pid":9,"Seq":10},"MsgId":{"Pid":1,"Seq":169},"Note":null,"Success":true,"GameInfo":[]}
04/07/2016 03:14:21 [12] DEBUG  PostMan                       : Message ID: 1.169, ConversationId: 9.10
04/07/2016 03:14:21 [12] DEBUG  Dispatcher                    : Received (Messages.ReplyMessages.GameListReply)
04/07/2016 03:14:21 [12] DEBUG  Dispatcher                    : MessageId: 1.169ConversationId: 9.10
04/07/2016 03:14:23 [12] DEBUG  PostMan                       : Message Received!
04/07/2016 03:14:23 [12] DEBUG  PostMan                       : Raw Message: 
04/07/2016 03:14:23 [12] DEBUG  PostMan                       : {"__type":"AliveRequest:#Messages.RequestMessages","ConvId":{"Pid":1,"Seq":165},"MsgId":{"Pid":1,"Seq":165}}
04/07/2016 03:14:23 [12] DEBUG  PostMan                       : Message ID: 1.165, ConversationId: 1.165
04/07/2016 03:14:23 [12] DEBUG  Dispatcher                    : Received (Messages.RequestMessages.AliveRequest)
04/07/2016 03:14:23 [12] DEBUG  Dispatcher                    : MessageId: 1.165ConversationId: 1.165
04/07/2016 03:14:25 [13] DEBUG  GameListConversation          : Received a game list reply message.
04/07/2016 03:14:25 [13] ERROR  GameListConversation          : Either the message received was null, or no games are available. 
04/07/2016 03:14:25 [13] INFO   BackgroundThread              : Stopping 
04/07/2016 03:14:25 [13] DEBUG  BackgroundThread              : Leaving Stop
04/07/2016 03:14:25 [11] DEBUG  PlayerProcess                 : In Process GetGameList function.
04/07/2016 03:14:25 [11] DEBUG  Dispatcher                    : Adding Conversation Player.Conversation.GameListConversation, 9.11
04/07/2016 03:14:25 [11] DEBUG  Dispatcher                    :       New Queue ID: 9.11
04/07/2016 03:14:25 [11] INFO   BackgroundThread              : Starting 
04/07/2016 03:14:25 [14] DEBUG  GameListConversation          : Queuing game list request. 
04/07/2016 03:14:25 [14] DEBUG  InitiatedConversation         : Conversation Id  for initiated conversation: 9.11
04/07/2016 03:14:25 [14] DEBUG  PostMan                       : Sending UDP (Messages.RequestMessages.GameListRequest)
04/07/2016 03:14:25 [14] DEBUG  PostMan                       : MessageId: 9.11ConversationId: 9.11
04/07/2016 03:14:25 [14] DEBUG  PostMan                       : Message Delivered
04/07/2016 03:14:25 [12] DEBUG  PostMan                       : Message Received!
04/07/2016 03:14:25 [12] DEBUG  PostMan                       : Raw Message: 
04/07/2016 03:14:26 [12] DEBUG  PostMan                       : {"__type":"GameListReply:#Messages.ReplyMessages","ConvId":{"Pid":9,"Seq":11},"MsgId":{"Pid":1,"Seq":170},"Note":null,"Success":true,"GameInfo":[]}
04/07/2016 03:14:26 [12] DEBUG  PostMan                       : Message ID: 1.170, ConversationId: 9.11
04/07/2016 03:14:26 [12] DEBUG  Dispatcher                    : Received (Messages.ReplyMessages.GameListReply)
04/07/2016 03:14:26 [12] DEBUG  Dispatcher                    : MessageId: 1.170ConversationId: 9.11
04/07/2016 03:14:30 [14] DEBUG  GameListConversation          : Received a game list reply message.
04/07/2016 03:14:30 [14] ERROR  GameListConversation          : Either the message received was null, or no games are available. 
04/07/2016 03:14:30 [14] INFO   BackgroundThread              : Stopping 
04/07/2016 03:14:30 [14] DEBUG  BackgroundThread              : Leaving Stop
04/07/2016 03:14:30 [11] DEBUG  PlayerProcess                 : In Process GetGameList function.
04/07/2016 03:14:30 [11] DEBUG  Dispatcher                    : Adding Conversation Player.Conversation.GameListConversation, 9.12
04/07/2016 03:14:30 [11] DEBUG  Dispatcher                    :       New Queue ID: 9.12
04/07/2016 03:14:30 [11] INFO   BackgroundThread              : Starting 
04/07/2016 03:14:30 [13] DEBUG  GameListConversation          : Queuing game list request. 
04/07/2016 03:14:30 [13] DEBUG  InitiatedConversation         : Conversation Id  for initiated conversation: 9.12
04/07/2016 03:14:30 [13] DEBUG  PostMan                       : Sending UDP (Messages.RequestMessages.GameListRequest)
04/07/2016 03:14:30 [13] DEBUG  PostMan                       : MessageId: 9.12ConversationId: 9.12
04/07/2016 03:14:30 [13] DEBUG  PostMan                       : Message Delivered
04/07/2016 03:14:30 [12] DEBUG  PostMan                       : Message Received!
04/07/2016 03:14:30 [12] DEBUG  PostMan                       : Raw Message: 
04/07/2016 03:14:30 [12] DEBUG  PostMan                       : {"__type":"GameListReply:#Messages.ReplyMessages","ConvId":{"Pid":9,"Seq":12},"MsgId":{"Pid":1,"Seq":171},"Note":null,"Success":true,"GameInfo":[]}
04/07/2016 03:14:31 [12] DEBUG  PostMan                       : Message ID: 1.171, ConversationId: 9.12
04/07/2016 03:14:31 [12] DEBUG  Dispatcher                    : Received (Messages.ReplyMessages.GameListReply)
04/07/2016 03:14:31 [12] DEBUG  Dispatcher                    : MessageId: 1.171ConversationId: 9.12
04/07/2016 03:14:34 [12] DEBUG  PostMan                       : Message Received!
04/07/2016 03:14:34 [12] DEBUG  PostMan                       : Raw Message: 
04/07/2016 03:14:34 [12] DEBUG  PostMan                       : {"__type":"AliveRequest:#Messages.RequestMessages","ConvId":{"Pid":1,"Seq":172},"MsgId":{"Pid":1,"Seq":172}}
04/07/2016 03:14:34 [12] DEBUG  PostMan                       : Message ID: 1.172, ConversationId: 1.172
04/07/2016 03:14:34 [12] DEBUG  Dispatcher                    : Received (Messages.RequestMessages.AliveRequest)
04/07/2016 03:14:34 [12] DEBUG  Dispatcher                    : MessageId: 1.172ConversationId: 1.172
04/07/2016 03:14:34 [12] DEBUG  Dispatcher                    : Conversation  with id= 1.172 does not exist, trying to create new conversation.
04/07/2016 03:14:34 [12] DEBUG  Dispatcher                    : Adding Conversation Player.Conversation.AliveConversation, 1.172
04/07/2016 03:14:34 [12] DEBUG  Dispatcher                    :       New Queue ID: 1.172
04/07/2016 03:14:34 [12] INFO   BackgroundThread              : Starting 
04/07/2016 03:14:34 [14] ERROR  ResponseConversation          : Unable to retrieve received message. 
04/07/2016 03:14:35 [13] DEBUG  GameListConversation          : Received a game list reply message.
04/07/2016 03:14:35 [13] ERROR  GameListConversation          : Either the message received was null, or no games are available. 
04/07/2016 03:14:35 [13] INFO   BackgroundThread              : Stopping 
04/07/2016 03:14:35 [13] DEBUG  BackgroundThread              : Leaving Stop
04/07/2016 03:14:35 [11] DEBUG  PlayerProcess                 : In Process GetGameList function.
04/07/2016 03:14:35 [11] DEBUG  Dispatcher                    : Adding Conversation Player.Conversation.GameListConversation, 9.13
04/07/2016 03:14:35 [11] DEBUG  Dispatcher                    :       New Queue ID: 9.13
04/07/2016 03:14:35 [11] INFO   BackgroundThread              : Starting 
04/07/2016 03:14:35 [16] DEBUG  GameListConversation          : Queuing game list request. 
04/07/2016 03:14:35 [16] DEBUG  InitiatedConversation         : Conversation Id  for initiated conversation: 9.13
04/07/2016 03:14:35 [16] DEBUG  PostMan                       : Sending UDP (Messages.RequestMessages.GameListRequest)
04/07/2016 03:14:35 [16] DEBUG  PostMan                       : MessageId: 9.13ConversationId: 9.13
04/07/2016 03:14:35 [16] DEBUG  PostMan                       : Message Delivered
04/07/2016 03:14:35 [12] DEBUG  PostMan                       : Message Received!
04/07/2016 03:14:35 [12] DEBUG  PostMan                       : Raw Message: 
04/07/2016 03:14:35 [12] DEBUG  PostMan                       : {"__type":"GameListReply:#Messages.ReplyMessages","ConvId":{"Pid":9,"Seq":13},"MsgId":{"Pid":1,"Seq":174},"Note":null,"Success":true,"GameInfo":[]}
04/07/2016 03:14:35 [12] DEBUG  PostMan                       : Message ID: 1.174, ConversationId: 9.13
04/07/2016 03:14:35 [12] DEBUG  Dispatcher                    : Received (Messages.ReplyMessages.GameListReply)
04/07/2016 03:14:35 [12] DEBUG  Dispatcher                    : MessageId: 1.174ConversationId: 9.13
04/07/2016 03:14:40 [16] DEBUG  GameListConversation          : Received a game list reply message.
04/07/2016 03:14:40 [16] ERROR  GameListConversation          : Either the message received was null, or no games are available. 
04/07/2016 03:14:40 [16] INFO   BackgroundThread              : Stopping 
04/07/2016 03:14:40 [16] DEBUG  BackgroundThread              : Leaving Stop
04/07/2016 03:14:40 [11] DEBUG  PlayerProcess                 : In Process GetGameList function.
04/07/2016 03:14:41 [11] DEBUG  Dispatcher                    : Adding Conversation Player.Conversation.GameListConversation, 9.14
04/07/2016 03:14:41 [11] DEBUG  Dispatcher                    :       New Queue ID: 9.14
04/07/2016 03:14:41 [11] INFO   BackgroundThread              : Starting 
04/07/2016 03:14:41 [13] DEBUG  GameListConversation          : Queuing game list request. 
04/07/2016 03:14:41 [13] DEBUG  InitiatedConversation         : Conversation Id  for initiated conversation: 9.14
04/07/2016 03:14:41 [13] DEBUG  PostMan                       : Sending UDP (Messages.RequestMessages.GameListRequest)
04/07/2016 03:14:41 [13] DEBUG  PostMan                       : MessageId: 9.14ConversationId: 9.14
04/07/2016 03:14:41 [13] DEBUG  PostMan                       : Message Delivered
04/07/2016 03:14:41 [12] DEBUG  PostMan                       : Message Received!
04/07/2016 03:14:41 [12] DEBUG  PostMan                       : Raw Message: 
04/07/2016 03:14:41 [12] DEBUG  PostMan                       : {"__type":"GameListReply:#Messages.ReplyMessages","ConvId":{"Pid":9,"Seq":14},"MsgId":{"Pid":1,"Seq":185},"Note":null,"Success":true,"GameInfo":[{"CurrentProcesses":[{"HasUmbrellaRaised":false,"HitPoints":0,"LifePoints":100,"ProcessId":12,"Type":5},{"HasUmbrellaRaised":false,"HitPoints":0,"LifePoints":100,"ProcessId":13,"Type":5},{"HasUmbrellaRaised":false,"HitPoints":0,"LifePoints":100,"ProcessId":14,"Type":4}],"GameId":11,"GameManagerId":10,"Label":"GM65435's 1st Game","MaxPlayers":4,"MinPlayers":3,"StartingPlayers":[],"Status":4,"Winners":null}]}
04/07/2016 03:14:41 [12] DEBUG  PostMan                       : Message ID: 1.185, ConversationId: 9.14
04/07/2016 03:14:41 [12] DEBUG  Dispatcher                    : Received (Messages.ReplyMessages.GameListReply)
04/07/2016 03:14:41 [12] DEBUG  Dispatcher                    : MessageId: 1.185ConversationId: 9.14
04/07/2016 03:14:44 [12] DEBUG  PostMan                       : Message Received!
04/07/2016 03:14:44 [12] DEBUG  PostMan                       : Raw Message: 
04/07/2016 03:14:44 [12] DEBUG  PostMan                       : {"__type":"AliveRequest:#Messages.RequestMessages","ConvId":{"Pid":1,"Seq":172},"MsgId":{"Pid":1,"Seq":172}}
04/07/2016 03:14:44 [12] DEBUG  PostMan                       : Message ID: 1.172, ConversationId: 1.172
04/07/2016 03:14:44 [12] DEBUG  Dispatcher                    : Received (Messages.RequestMessages.AliveRequest)
04/07/2016 03:14:44 [12] DEBUG  Dispatcher                    : MessageId: 1.172ConversationId: 1.172
04/07/2016 03:14:46 [13] DEBUG  GameListConversation          : Received a game list reply message.
04/07/2016 03:14:46 [13] INFO   BackgroundThread              : Stopping 
04/07/2016 03:14:46 [13] DEBUG  BackgroundThread              : Leaving Stop
04/07/2016 03:14:46 [11] DEBUG  PlayerProcess                 : Life points is null, game needs to be started.
04/07/2016 03:14:46 [11] DEBUG  Dispatcher                    : Adding Conversation Player.Conversation.JoinGameConversation, 9.15
04/07/2016 03:14:46 [11] DEBUG  Dispatcher                    :       New Queue ID: 9.15
04/07/2016 03:14:46 [11] INFO   BackgroundThread              : Starting 
04/07/2016 03:14:46 [14] DEBUG  JoinGameConversation          : Queuing join game request. 
04/07/2016 03:14:46 [14] DEBUG  JoinGameConversation          : Requesting GameId: 11
04/07/2016 03:14:46 [14] DEBUG  InitiatedConversation         : Conversation Id  for initiated conversation: 9.15
04/07/2016 03:14:46 [14] DEBUG  PostMan                       : Sending UDP (Messages.Routing)
04/07/2016 03:14:46 [14] DEBUG  PostMan                       : MessageId: 9.15ConversationId: 9.15
04/07/2016 03:14:46 [14] DEBUG  PostMan                       : Message Delivered
04/07/2016 03:14:46 [12] DEBUG  PostMan                       : Message Received!
04/07/2016 03:14:46 [11] DEBUG  PlayerProcess                 : No games available, setting status to 'Registered'
04/07/2016 03:14:46 [12] DEBUG  PostMan                       : Raw Message: 
04/07/2016 03:14:46 [12] DEBUG  PostMan                       : {"__type":"Routing:#Messages","ConvId":{"Pid":9,"Seq":15},"MsgId":{"Pid":10,"Seq":18},"InnerMessage":{"__type":"JoinGameReply:#Messages.ReplyMessages","ConvId":{"Pid":9,"Seq":15},"MsgId":{"Pid":10,"Seq":18},"Note":null,"Success":true,"GameId":11,"InitialLifePoints":100},"ToProcessIds":[9]}
04/07/2016 03:14:46 [12] DEBUG  PostMan                       : Message ID: 10.18, ConversationId: 9.15
04/07/2016 03:14:46 [12] DEBUG  Dispatcher                    : Received (Messages.Routing)
04/07/2016 03:14:46 [12] DEBUG  Dispatcher                    : MessageId: 10.18ConversationId: 9.15
04/07/2016 03:14:46 [11] DEBUG  PlayerProcess                 : In Process GetGameList function.
04/07/2016 03:14:46 [11] DEBUG  Dispatcher                    : Adding Conversation Player.Conversation.GameListConversation, 9.16
04/07/2016 03:14:46 [11] DEBUG  Dispatcher                    :       New Queue ID: 9.16
04/07/2016 03:14:46 [11] INFO   BackgroundThread              : Starting 
04/07/2016 03:14:46 [16] DEBUG  GameListConversation          : Queuing game list request. 
04/07/2016 03:14:46 [16] DEBUG  InitiatedConversation         : Conversation Id  for initiated conversation: 9.16
04/07/2016 03:14:46 [16] DEBUG  PostMan                       : Sending UDP (Messages.RequestMessages.GameListRequest)
04/07/2016 03:14:46 [16] DEBUG  PostMan                       : MessageId: 9.16ConversationId: 9.16
04/07/2016 03:14:46 [16] DEBUG  PostMan                       : Message Delivered
04/07/2016 03:14:46 [12] DEBUG  PostMan                       : Message Received!
04/07/2016 03:14:46 [12] DEBUG  PostMan                       : Raw Message: 
04/07/2016 03:14:46 [12] DEBUG  PostMan                       : {"__type":"GameListReply:#Messages.ReplyMessages","ConvId":{"Pid":9,"Seq":16},"MsgId":{"Pid":1,"Seq":188},"Note":null,"Success":true,"GameInfo":[{"CurrentProcesses":[{"HasUmbrellaRaised":false,"HitPoints":0,"LifePoints":100,"ProcessId":12,"Type":5},{"HasUmbrellaRaised":false,"HitPoints":0,"LifePoints":100,"ProcessId":13,"Type":5},{"HasUmbrellaRaised":false,"HitPoints":0,"LifePoints":100,"ProcessId":14,"Type":4},{"HasUmbrellaRaised":false,"HitPoints":0,"LifePoints":100,"ProcessId":9,"Type":3}],"GameId":11,"GameManagerId":10,"Label":"GM65435's 1st Game","MaxPlayers":4,"MinPlayers":3,"StartingPlayers":[],"Status":4,"Winners":null}]}
04/07/2016 03:14:46 [12] DEBUG  PostMan                       : Message ID: 1.188, ConversationId: 9.16
04/07/2016 03:14:46 [12] DEBUG  Dispatcher                    : Received (Messages.ReplyMessages.GameListReply)
04/07/2016 03:14:46 [12] DEBUG  Dispatcher                    : MessageId: 1.188ConversationId: 9.16
04/07/2016 03:14:47 [12] DEBUG  PostMan                       : Message Received!
04/07/2016 03:14:47 [12] DEBUG  PostMan                       : Raw Message: 
04/07/2016 03:14:47 [12] DEBUG  PostMan                       : {"__type":"AllowanceDeliveryRequest:#Messages.RequestMessages","ConvId":{"Pid":1,"Seq":189},"MsgId":{"Pid":1,"Seq":189},"NumberOfPennies":400,"PortNumber":12999}
04/07/2016 03:14:47 [12] DEBUG  PostMan                       : Message ID: 1.189, ConversationId: 1.189
04/07/2016 03:14:47 [12] DEBUG  Dispatcher                    : Received (Messages.RequestMessages.AllowanceDeliveryRequest)
04/07/2016 03:14:47 [12] DEBUG  Dispatcher                    : MessageId: 1.189ConversationId: 1.189
04/07/2016 03:14:47 [12] DEBUG  Dispatcher                    : Conversation  with id= 1.189 does not exist, trying to create new conversation.
04/07/2016 03:14:47 [12] DEBUG  Dispatcher                    : Adding Conversation Player.Conversation.AllowanceDeliveryConversation, 1.189
04/07/2016 03:14:47 [12] DEBUG  Dispatcher                    :       New Queue ID: 1.189
04/07/2016 03:14:47 [12] INFO   BackgroundThread              : Starting 
04/07/2016 03:14:47 [13] DEBUG  AllowanceDeliveryConversation : Received Allowance Delivery Request. 
04/07/2016 03:14:47 [13] DEBUG  AllowanceDeliveryConversation : Creating Reply to Allowance Delivery request. 
04/07/2016 03:14:47 [13] DEBUG  ResponseConversation          : Conversation Id  for Response conversation: 1.189
04/07/2016 03:14:47 [13] DEBUG  PostMan                       : Sending UDP (Messages.ReplyMessages.Reply)
04/07/2016 03:14:47 [13] DEBUG  PostMan                       : MessageId: 1.189ConversationId: 9.17
04/07/2016 03:14:47 [13] DEBUG  PostMan                       : Message Delivered
04/07/2016 03:14:47 [13] DEBUG  TCPStreamReader               : Starting TCP Listener
04/07/2016 03:14:47 [13] DEBUG  TCPStreamReader               : Endpoing is: 127.0.0.1:12999
04/07/2016 03:15:05 [16] DEBUG  GameListConversation          : Received a game list reply message.
04/07/2016 03:15:05 [14] DEBUG  JoinGameConversation          : Received a game join message.
04/07/2016 03:15:05 [16] INFO   BackgroundThread              : Stopping 
04/07/2016 03:15:05 [14] INFO   BackgroundThread              : Stopping 
04/07/2016 03:15:05 [16] DEBUG  BackgroundThread              : Leaving Stop
04/07/2016 03:15:05 [14] DEBUG  BackgroundThread              : Leaving Stop
04/07/2016 03:15:07 [12] DEBUG  PostMan                       : Message Received!
04/07/2016 03:15:07 [12] DEBUG  PostMan                       : Raw Message: 
04/07/2016 03:15:07 [12] DEBUG  PostMan                       : {"__type":"AllowanceDeliveryRequest:#Messages.RequestMessages","ConvId":{"Pid":1,"Seq":189},"MsgId":{"Pid":1,"Seq":189},"NumberOfPennies":400,"PortNumber":12999}
04/07/2016 03:15:07 [12] DEBUG  PostMan                       : Message ID: 1.189, ConversationId: 1.189
04/07/2016 03:15:07 [12] DEBUG  Dispatcher                    : Received (Messages.RequestMessages.AllowanceDeliveryRequest)
04/07/2016 03:15:07 [12] DEBUG  Dispatcher                    : MessageId: 1.189ConversationId: 1.189
