04/09/2016 05:19:39 [ 9] DEBUG  PlayerConnection              : Using Local Settings.
04/09/2016 05:19:39 [ 9] DEBUG  PlayerConnection              : Starting Application. 
04/09/2016 05:19:39 [ 9] DEBUG  PlayerProcess                 : Initializeing Player Subsystem.
04/09/2016 05:19:39 [ 9] DEBUG  PlayerProcess                 : Initializing Player Details.
04/09/2016 05:19:39 [ 9] INFO   BackgroundThread              : Starting 
04/09/2016 05:19:39 [ 6] INFO   BackgroundThread              : Starting 
04/09/2016 05:19:39 [ 6] DEBUG  PlayerProcess                 : In Process Login function.
04/09/2016 05:19:39 [ 6] DEBUG  Dispatcher                    : Adding Conversation Player.Conversation.LoginConversation, 0.1
04/09/2016 05:19:40 [ 6] DEBUG  Dispatcher                    :       New Queue ID: 0.1
04/09/2016 05:19:40 [ 6] INFO   BackgroundThread              : Starting 
04/09/2016 05:19:40 [11] DEBUG  LoginConversation             : Creating login request. 
04/09/2016 05:19:40 [11] DEBUG  InitiatedConversation         : Conversation Id  for initiated conversation: 0.1
04/09/2016 05:19:40 [11] DEBUG  PostMan                       : Sending UDP (Messages.RequestMessages.LoginRequest, MessageID: 0.1, ConversationID: 0.1)
JSON: {"__type":"LoginRequest:#Messages.RequestMessages","ConvId":{"Pid":0,"Seq":1},"MsgId":{"Pid":0,"Seq":1},"Identity":{"ANumber":"A00000001","Alias":"The Instructor","FirstName":"The","LastName":"Instructor"},"ProcessLabel":"The Instructor","ProcessType":3,"PublicKey":null}
04/09/2016 05:19:40 [11] DEBUG  PostMan                       : Message Delivered
04/09/2016 05:19:40 [12] DEBUG  PostMan                       : Received UDP (Messages.ReplyMessages.LoginReply, MessageID: 1.8, ConversationID: 0.1)
JSON: {"__type":"LoginReply:#Messages.ReplyMessages","ConvId":{"Pid":0,"Seq":1},"MsgId":{"Pid":1,"Seq":8},"Note":"Logged in","Success":true,"PennyBankEndPoint":{"Host":"127.0.0.1","Port":12003},"PennyBankPublicKey":null,"ProcessInfo":{"EndPoint":{"Host":"127.0.0.1","Port":10000},"Label":"The Instructor","ProcessId":6,"Status":3,"Type":3},"ProxyEndPoint":{"Host":"127.0.0.1","Port":12002}}
04/09/2016 05:19:40 [12] INFO   Dispatcher                    : New Message Received: (Messages.ReplyMessages.LoginReply)
04/09/2016 05:19:40 [12] INFO   Dispatcher                    : MessageId: 1.8ConversationId: 0.1
04/09/2016 05:19:45 [11] DEBUG  LoginConversation             : Received a login reply message.
04/09/2016 05:19:45 [11] INFO   BackgroundThread              : Stopping 
04/09/2016 05:19:45 [ 6] DEBUG  PlayerProcess                 : In Process GetGameList function.
04/09/2016 05:19:45 [11] DEBUG  BackgroundThread              : Leaving Stop
04/09/2016 05:19:45 [ 6] DEBUG  Dispatcher                    : Adding Conversation Player.Conversation.GameListConversation, 6.2
04/09/2016 05:19:45 [ 6] DEBUG  Dispatcher                    :       New Queue ID: 6.2
04/09/2016 05:19:45 [ 6] INFO   BackgroundThread              : Starting 
04/09/2016 05:19:45 [13] DEBUG  GameListConversation          : Queuing game list request. 
04/09/2016 05:19:45 [13] DEBUG  InitiatedConversation         : Conversation Id  for initiated conversation: 6.2
04/09/2016 05:19:45 [13] DEBUG  PostMan                       : Sending UDP (Messages.RequestMessages.GameListRequest, MessageID: 6.2, ConversationID: 6.2)
JSON: {"__type":"GameListRequest:#Messages.RequestMessages","ConvId":{"Pid":6,"Seq":2},"MsgId":{"Pid":6,"Seq":2},"StatusFilter":4}
04/09/2016 05:19:45 [13] DEBUG  PostMan                       : Message Delivered
04/09/2016 05:19:45 [12] DEBUG  PostMan                       : Received UDP (Messages.ReplyMessages.GameListReply, MessageID: 1.9, ConversationID: 6.2)
JSON: {"__type":"GameListReply:#Messages.ReplyMessages","ConvId":{"Pid":6,"Seq":2},"MsgId":{"Pid":1,"Seq":9},"Note":null,"Success":true,"GameInfo":[{"CurrentProcesses":[{"HasUmbrellaRaised":false,"HitPoints":0,"LifePoints":100,"ProcessId":5,"Type":4},{"HasUmbrellaRaised":false,"HitPoints":0,"LifePoints":100,"ProcessId":4,"Type":5}],"GameId":3,"GameManagerId":2,"Label":"GM68182's 1st Game","MaxPlayers":2,"MinPlayers":2,"StartingPlayers":[],"Status":4,"Winners":null}]}
04/09/2016 05:19:45 [12] INFO   Dispatcher                    : New Message Received: (Messages.ReplyMessages.GameListReply)
04/09/2016 05:19:45 [12] INFO   Dispatcher                    : MessageId: 1.9ConversationId: 6.2
04/09/2016 05:19:50 [13] DEBUG  GameListConversation          : Received a game list reply message.
04/09/2016 05:19:50 [13] INFO   BackgroundThread              : Stopping 
04/09/2016 05:19:50 [13] DEBUG  BackgroundThread              : Leaving Stop
04/09/2016 05:19:50 [ 6] DEBUG  PlayerProcess                 : Life points is null, game needs to be started.
04/09/2016 05:19:50 [ 6] DEBUG  Dispatcher                    : Adding Conversation Player.Conversation.JoinGameConversation, 6.3
04/09/2016 05:19:50 [ 6] DEBUG  Dispatcher                    :       New Queue ID: 6.3
04/09/2016 05:19:50 [ 6] INFO   BackgroundThread              : Starting 
04/09/2016 05:19:50 [15] DEBUG  JoinGameConversation          : Queuing join game request. 
04/09/2016 05:19:50 [15] DEBUG  JoinGameConversation          : Requesting GameId: 3
04/09/2016 05:19:50 [15] DEBUG  InitiatedConversation         : Conversation Id  for initiated conversation: 6.3
04/09/2016 05:19:50 [15] DEBUG  PostMan                       : Sending UDP (Messages.Routing, MessageID: 6.3, ConversationID: 6.3)
JSON: {"__type":"Routing:#Messages","ConvId":{"Pid":6,"Seq":3},"MsgId":{"Pid":6,"Seq":3},"InnerMessage":{"__type":"JoinGameRequest:#Messages.RequestMessages","ConvId":{"Pid":6,"Seq":3},"MsgId":{"Pid":6,"Seq":3},"GameId":3,"Process":{"EndPoint":{"Host":"127.0.0.1","Port":10000},"Label":"The Instructor","ProcessId":6,"Status":4,"Type":3}},"ToProcessIds":[2]}
04/09/2016 05:19:50 [ 6] DEBUG  PlayerProcess                 : No games available, setting status to 'Registered'
04/09/2016 05:19:50 [15] DEBUG  PostMan                       : Message Delivered
04/09/2016 05:19:50 [12] DEBUG  PostMan                       : Received UDP (Messages.Routing, MessageID: 2.15, ConversationID: 6.3)
JSON: {"__type":"Routing:#Messages","ConvId":{"Pid":6,"Seq":3},"MsgId":{"Pid":2,"Seq":15},"InnerMessage":{"__type":"JoinGameReply:#Messages.ReplyMessages","ConvId":{"Pid":6,"Seq":3},"MsgId":{"Pid":2,"Seq":15},"Note":null,"Success":true,"GameId":3,"InitialLifePoints":100},"ToProcessIds":[6]}
04/09/2016 05:19:50 [12] INFO   Dispatcher                    : New Message Received: (Messages.Routing)
04/09/2016 05:19:50 [12] INFO   Dispatcher                    : MessageId: 2.15ConversationId: 6.3
04/09/2016 05:19:50 [12] DEBUG  PostMan                       : Received UDP (Messages.Routing, MessageID: 2.18, ConversationID: 2.18)
JSON: {"__type":"Routing:#Messages","ConvId":{"Pid":2,"Seq":18},"MsgId":{"Pid":2,"Seq":18},"InnerMessage":{"__type":"GameStatusNotification:#Messages.RequestMessages","ConvId":{"Pid":2,"Seq":18},"MsgId":{"Pid":2,"Seq":18},"Game":{"CurrentProcesses":[{"HasUmbrellaRaised":false,"HitPoints":0,"LifePoints":100,"ProcessId":5,"Type":4},{"HasUmbrellaRaised":false,"HitPoints":0,"LifePoints":100,"ProcessId":4,"Type":5},{"HasUmbrellaRaised":false,"HitPoints":0,"LifePoints":100,"ProcessId":6,"Type":3}],"GameId":3,"GameManagerId":2,"Label":"GM68182's 1st Game","MaxPlayers":2,"MinPlayers":2,"StartingPlayers":[],"Status":4,"Winners":null}},"ToProcessIds":[5,4,6]}
04/09/2016 05:19:50 [ 6] DEBUG  PlayerProcess                 : In Process GetGameList function.
04/09/2016 05:19:50 [12] INFO   Dispatcher                    : New Message Received: (Messages.Routing)
04/09/2016 05:19:50 [ 6] DEBUG  Dispatcher                    : Adding Conversation Player.Conversation.GameListConversation, 6.4
04/09/2016 05:19:50 [ 6] DEBUG  Dispatcher                    :       New Queue ID: 6.4
04/09/2016 05:19:50 [ 6] INFO   BackgroundThread              : Starting 
04/09/2016 05:19:50 [12] INFO   Dispatcher                    : MessageId: 2.18ConversationId: 2.18
04/09/2016 05:19:50 [18] DEBUG  GameListConversation          : Queuing game list request. 
04/09/2016 05:19:50 [18] DEBUG  InitiatedConversation         : Conversation Id  for initiated conversation: 6.4
04/09/2016 05:19:50 [18] DEBUG  PostMan                       : Sending UDP (Messages.RequestMessages.GameListRequest, MessageID: 6.4, ConversationID: 6.4)
JSON: {"__type":"GameListRequest:#Messages.RequestMessages","ConvId":{"Pid":6,"Seq":4},"MsgId":{"Pid":6,"Seq":4},"StatusFilter":4}
04/09/2016 05:19:50 [12] DEBUG  Dispatcher                    : Conversation  with id= 2.18 does not exist, trying to create new conversation.
04/09/2016 05:19:50 [18] DEBUG  PostMan                       : Message Delivered
04/09/2016 05:19:50 [12] DEBUG  Dispatcher                    : Adding Conversation Player.Conversation.GameStatusConversation, 2.18
04/09/2016 05:19:50 [12] DEBUG  Dispatcher                    :       New Queue ID: 2.18
04/09/2016 05:19:51 [12] INFO   BackgroundThread              : Starting 
04/09/2016 05:19:51 [11] DEBUG  GameStatusConversation        : Received Game Status Message
04/09/2016 05:19:51 [12] DEBUG  PostMan                       : Received UDP (Messages.RequestMessages.AllowanceDeliveryRequest, MessageID: 1.13, ConversationID: 1.13)
JSON: {"__type":"AllowanceDeliveryRequest:#Messages.RequestMessages","ConvId":{"Pid":1,"Seq":13},"MsgId":{"Pid":1,"Seq":13},"NumberOfPennies":400,"PortNumber":12999}
04/09/2016 05:19:51 [12] INFO   Dispatcher                    : New Message Received: (Messages.RequestMessages.AllowanceDeliveryRequest)
04/09/2016 05:19:51 [12] INFO   Dispatcher                    : MessageId: 1.13ConversationId: 1.13
04/09/2016 05:19:51 [12] DEBUG  Dispatcher                    : Conversation  with id= 1.13 does not exist, trying to create new conversation.
04/09/2016 05:19:51 [12] DEBUG  Dispatcher                    : Adding Conversation Player.Conversation.AllowanceDeliveryConversation, 1.13
04/09/2016 05:19:51 [12] DEBUG  Dispatcher                    :       New Queue ID: 1.13
04/09/2016 05:19:51 [12] INFO   BackgroundThread              : Starting 
04/09/2016 05:19:51 [14] DEBUG  AllowanceDeliveryConversation : Received Allowance Delivery Request. 
04/09/2016 05:19:51 [14] DEBUG  TCPSocket                     : Destination Endpoint is: 127.0.0.1:12999
04/09/2016 05:19:51 [14] INFO   BackgroundThread              : Starting 
04/09/2016 05:19:51 [14] DEBUG  TCPSocket                     : Opening Remote TCP Connection
04/09/2016 05:19:51 [14] DEBUG  TCPSocket                     : TCP Socket connected to 127.0.0.1:12999
04/09/2016 05:19:51 [14] DEBUG  TCPSocket                     : Reading a message, assuming the size of the message is contained in the first 4 bits
04/09/2016 05:19:51 [14] DEBUG  TCPSocket                     : Reading bytes in TCP Reader
04/09/2016 05:19:51 [14] DEBUG  TCPSocket                     : TCP Message (string):     
04/09/2016 05:19:51 [14] DEBUG  TCPSocket                     : TCP Message (int): 32
04/09/2016 05:19:51 [14] DEBUG  TCPSocket                     : Message Size is: 32
04/09/2016 05:19:51 [14] DEBUG  TCPSocket                     : Reading bytes in TCP Reader
04/09/2016 05:19:51 [14] DEBUG  TCPSocket                     : System.Net.Sockets.SocketException (0x80004005): An existing connection was forcibly closed by the remote host
   at System.Net.Sockets.Socket.Receive(Byte[] buffer, Int32 offset, Int32 size, SocketFlags socketFlags)
   at System.Net.Sockets.Socket.Receive(Byte[] buffer, Int32 size, SocketFlags socketFlags)
   at CommunicationLayer.TCPSocket.Read(Socket handler, Int32 numBytes) in D:\Drive\School\CS5200\LocalGame\CommunicationLayer\TCPSocket.cs:line 106
   at CommunicationLayer.TCPSocket.ReadMessageFromSize(Socket handler) in D:\Drive\School\CS5200\LocalGame\CommunicationLayer\TCPSocket.cs:line 122
   at Player.Conversation.AllowanceDeliveryConversation.<OpenTCPStream>b__6_0(Socket handler) in D:\Drive\School\CS5200\LocalGame\Player\Conversation\AllowanceDeliveryConversation.cs:line 37
   at CommunicationLayer.TCPSocket.EstablishConnection(PublicEndPoint ep, Action`1 afterConnect) in D:\Drive\School\CS5200\LocalGame\CommunicationLayer\TCPSocket.cs:line 53
04/09/2016 05:19:51 [14] INFO   BackgroundThread              : Stopping 
04/09/2016 05:19:51 [14] DEBUG  BackgroundThread              : Leaving Stop
04/09/2016 05:19:55 [15] DEBUG  JoinGameConversation          : Received a game join message.
04/09/2016 05:19:55 [15] INFO   BackgroundThread              : Stopping 
04/09/2016 05:19:55 [15] DEBUG  BackgroundThread              : Leaving Stop
04/09/2016 05:19:56 [18] ERROR  GameListConversation          : Either the message received was null, or no games are available. 
04/09/2016 05:19:56 [18] INFO   BackgroundThread              : Stopping 
04/09/2016 05:19:56 [18] DEBUG  BackgroundThread              : Leaving Stop
04/09/2016 05:19:56 [ 6] DEBUG  PlayerProcess                 : In Process GetGameList function.
04/09/2016 05:19:56 [ 6] DEBUG  Dispatcher                    : Adding Conversation Player.Conversation.GameListConversation, 6.5
04/09/2016 05:19:56 [ 6] DEBUG  Dispatcher                    :       New Queue ID: 6.5
04/09/2016 05:19:56 [ 6] INFO   BackgroundThread              : Starting 
04/09/2016 05:19:56 [13] DEBUG  GameListConversation          : Queuing game list request. 
04/09/2016 05:19:56 [13] DEBUG  InitiatedConversation         : Conversation Id  for initiated conversation: 6.5
04/09/2016 05:19:56 [13] DEBUG  PostMan                       : Sending UDP (Messages.RequestMessages.GameListRequest, MessageID: 6.5, ConversationID: 6.5)
JSON: {"__type":"GameListRequest:#Messages.RequestMessages","ConvId":{"Pid":6,"Seq":5},"MsgId":{"Pid":6,"Seq":5},"StatusFilter":4}
04/09/2016 05:19:56 [13] DEBUG  PostMan                       : Message Delivered
04/09/2016 05:19:56 [12] DEBUG  PostMan                       : Received UDP (Messages.ReplyMessages.GameListReply, MessageID: 1.14, ConversationID: 6.5)
JSON: {"__type":"GameListReply:#Messages.ReplyMessages","ConvId":{"Pid":6,"Seq":5},"MsgId":{"Pid":1,"Seq":14},"Note":null,"Success":true,"GameInfo":[{"CurrentProcesses":[{"HasUmbrellaRaised":false,"HitPoints":0,"LifePoints":100,"ProcessId":5,"Type":4},{"HasUmbrellaRaised":false,"HitPoints":0,"LifePoints":100,"ProcessId":4,"Type":5},{"HasUmbrellaRaised":false,"HitPoints":0,"LifePoints":100,"ProcessId":6,"Type":3}],"GameId":3,"GameManagerId":2,"Label":"GM68182's 1st Game","MaxPlayers":2,"MinPlayers":2,"StartingPlayers":[],"Status":4,"Winners":null}]}
04/09/2016 05:19:57 [12] INFO   Dispatcher                    : New Message Received: (Messages.ReplyMessages.GameListReply)
04/09/2016 05:19:57 [12] INFO   Dispatcher                    : MessageId: 1.14ConversationId: 6.5
04/09/2016 05:20:01 [12] DEBUG  PostMan                       : Received UDP (Messages.RequestMessages.AllowanceDeliveryRequest, MessageID: 1.13, ConversationID: 1.13)
JSON: {"__type":"AllowanceDeliveryRequest:#Messages.RequestMessages","ConvId":{"Pid":1,"Seq":13},"MsgId":{"Pid":1,"Seq":13},"NumberOfPennies":400,"PortNumber":12999}
04/09/2016 05:20:01 [12] INFO   Dispatcher                    : New Message Received: (Messages.RequestMessages.AllowanceDeliveryRequest)
04/09/2016 05:20:01 [12] INFO   Dispatcher                    : MessageId: 1.13ConversationId: 1.13
04/09/2016 05:20:01 [13] DEBUG  GameListConversation          : Received a game list reply message.
04/09/2016 05:20:01 [13] INFO   BackgroundThread              : Stopping 
04/09/2016 05:20:01 [13] DEBUG  BackgroundThread              : Leaving Stop
04/09/2016 05:20:02 [ 6] DEBUG  PlayerProcess                 : Life points is null, game needs to be started.
04/09/2016 05:20:02 [ 6] DEBUG  Dispatcher                    : Adding Conversation Player.Conversation.JoinGameConversation, 6.6
04/09/2016 05:20:02 [ 6] DEBUG  Dispatcher                    :       New Queue ID: 6.6
04/09/2016 05:20:02 [ 6] INFO   BackgroundThread              : Starting 
04/09/2016 05:20:02 [11] DEBUG  JoinGameConversation          : Queuing join game request. 
04/09/2016 05:20:02 [11] DEBUG  JoinGameConversation          : Requesting GameId: 3
04/09/2016 05:20:02 [11] DEBUG  InitiatedConversation         : Conversation Id  for initiated conversation: 6.6
04/09/2016 05:20:02 [11] DEBUG  PostMan                       : Sending UDP (Messages.Routing, MessageID: 6.6, ConversationID: 6.6)
JSON: {"__type":"Routing:#Messages","ConvId":{"Pid":6,"Seq":6},"MsgId":{"Pid":6,"Seq":6},"InnerMessage":{"__type":"JoinGameRequest:#Messages.RequestMessages","ConvId":{"Pid":6,"Seq":6},"MsgId":{"Pid":6,"Seq":6},"GameId":3,"Process":{"EndPoint":{"Host":"127.0.0.1","Port":10000},"Label":"The Instructor","ProcessId":6,"Status":4,"Type":3}},"ToProcessIds":[2]}
04/09/2016 05:20:02 [ 6] DEBUG  PlayerProcess                 : No games available, setting status to 'Registered'
04/09/2016 05:20:02 [11] DEBUG  PostMan                       : Message Delivered
04/09/2016 05:20:02 [12] DEBUG  PostMan                       : Received UDP (Messages.Routing, MessageID: 2.20, ConversationID: 6.6)
JSON: {"__type":"Routing:#Messages","ConvId":{"Pid":6,"Seq":6},"MsgId":{"Pid":2,"Seq":20},"InnerMessage":{"__type":"JoinGameReply:#Messages.ReplyMessages","ConvId":{"Pid":6,"Seq":6},"MsgId":{"Pid":2,"Seq":20},"Note":null,"Success":true,"GameId":3,"InitialLifePoints":100},"ToProcessIds":[6]}
04/09/2016 05:20:02 [12] INFO   Dispatcher                    : New Message Received: (Messages.Routing)
04/09/2016 05:20:02 [12] INFO   Dispatcher                    : MessageId: 2.20ConversationId: 6.6
04/09/2016 05:20:02 [12] DEBUG  PostMan                       : Received UDP (Messages.Routing, MessageID: 2.23, ConversationID: 2.23)
JSON: {"__type":"Routing:#Messages","ConvId":{"Pid":2,"Seq":23},"MsgId":{"Pid":2,"Seq":23},"InnerMessage":{"__type":"GameStatusNotification:#Messages.RequestMessages","ConvId":{"Pid":2,"Seq":23},"MsgId":{"Pid":2,"Seq":23},"Game":{"CurrentProcesses":[{"HasUmbrellaRaised":false,"HitPoints":0,"LifePoints":100,"ProcessId":5,"Type":4},{"HasUmbrellaRaised":false,"HitPoints":0,"LifePoints":100,"ProcessId":4,"Type":5},{"HasUmbrellaRaised":false,"HitPoints":0,"LifePoints":100,"ProcessId":6,"Type":3}],"GameId":3,"GameManagerId":2,"Label":"GM68182's 1st Game","MaxPlayers":2,"MinPlayers":2,"StartingPlayers":[],"Status":4,"Winners":null}},"ToProcessIds":[5,4,6]}
04/09/2016 05:20:02 [12] INFO   Dispatcher                    : New Message Received: (Messages.Routing)
04/09/2016 05:20:02 [12] INFO   Dispatcher                    : MessageId: 2.23ConversationId: 2.23
04/09/2016 05:20:02 [12] DEBUG  Dispatcher                    : Conversation  with id= 2.23 does not exist, trying to create new conversation.
04/09/2016 05:20:02 [ 6] DEBUG  PlayerProcess                 : In Process GetGameList function.
04/09/2016 05:20:02 [12] DEBUG  Dispatcher                    : Adding Conversation Player.Conversation.GameStatusConversation, 2.23
04/09/2016 05:20:02 [ 6] DEBUG  Dispatcher                    : Adding Conversation Player.Conversation.GameListConversation, 6.7
04/09/2016 05:20:02 [12] DEBUG  Dispatcher                    :       New Queue ID: 2.23
04/09/2016 05:20:02 [12] INFO   BackgroundThread              : Starting 
04/09/2016 05:20:02 [13] DEBUG  GameStatusConversation        : Received Game Status Message
04/09/2016 05:20:02 [ 6] DEBUG  Dispatcher                    :       New Queue ID: 6.7
04/09/2016 05:20:02 [ 6] INFO   BackgroundThread              : Starting 
04/09/2016 05:20:02 [15] DEBUG  GameListConversation          : Queuing game list request. 
04/09/2016 05:20:02 [15] DEBUG  InitiatedConversation         : Conversation Id  for initiated conversation: 6.7
04/09/2016 05:20:02 [15] DEBUG  PostMan                       : Sending UDP (Messages.RequestMessages.GameListRequest, MessageID: 6.7, ConversationID: 6.7)
JSON: {"__type":"GameListRequest:#Messages.RequestMessages","ConvId":{"Pid":6,"Seq":7},"MsgId":{"Pid":6,"Seq":7},"StatusFilter":4}
04/09/2016 05:20:02 [15] DEBUG  PostMan                       : Message Delivered
04/09/2016 05:20:02 [12] DEBUG  PostMan                       : Received UDP (Messages.ReplyMessages.GameListReply, MessageID: 1.16, ConversationID: 6.7)
JSON: {"__type":"GameListReply:#Messages.ReplyMessages","ConvId":{"Pid":6,"Seq":7},"MsgId":{"Pid":1,"Seq":16},"Note":null,"Success":true,"GameInfo":[{"CurrentProcesses":[{"HasUmbrellaRaised":false,"HitPoints":0,"LifePoints":100,"ProcessId":5,"Type":4},{"HasUmbrellaRaised":false,"HitPoints":0,"LifePoints":100,"ProcessId":4,"Type":5},{"HasUmbrellaRaised":false,"HitPoints":0,"LifePoints":100,"ProcessId":6,"Type":3}],"GameId":3,"GameManagerId":2,"Label":"GM68182's 1st Game","MaxPlayers":2,"MinPlayers":2,"StartingPlayers":[],"Status":4,"Winners":null}]}
04/09/2016 05:20:02 [12] INFO   Dispatcher                    : New Message Received: (Messages.ReplyMessages.GameListReply)
04/09/2016 05:20:02 [12] INFO   Dispatcher                    : MessageId: 1.16ConversationId: 6.7
04/09/2016 05:20:03 [12] DEBUG  PostMan                       : Received UDP (Messages.RequestMessages.AllowanceDeliveryRequest, MessageID: 1.17, ConversationID: 1.17)
JSON: {"__type":"AllowanceDeliveryRequest:#Messages.RequestMessages","ConvId":{"Pid":1,"Seq":17},"MsgId":{"Pid":1,"Seq":17},"NumberOfPennies":400,"PortNumber":12998}
04/09/2016 05:20:03 [12] INFO   Dispatcher                    : New Message Received: (Messages.RequestMessages.AllowanceDeliveryRequest)
04/09/2016 05:20:03 [12] INFO   Dispatcher                    : MessageId: 1.17ConversationId: 1.17
04/09/2016 05:20:03 [12] DEBUG  Dispatcher                    : Conversation  with id= 1.17 does not exist, trying to create new conversation.
04/09/2016 05:20:03 [12] DEBUG  Dispatcher                    : Adding Conversation Player.Conversation.AllowanceDeliveryConversation, 1.17
04/09/2016 05:20:03 [12] DEBUG  Dispatcher                    :       New Queue ID: 1.17
04/09/2016 05:20:03 [12] INFO   BackgroundThread              : Starting 
04/09/2016 05:20:03 [19] DEBUG  AllowanceDeliveryConversation : Received Allowance Delivery Request. 
04/09/2016 05:20:03 [12] DEBUG  PostMan                       : Received UDP (Messages.RequestMessages.AliveRequest, MessageID: 1.21, ConversationID: 1.21)
JSON: {"__type":"AliveRequest:#Messages.RequestMessages","ConvId":{"Pid":1,"Seq":21},"MsgId":{"Pid":1,"Seq":21}}
04/09/2016 05:20:03 [19] DEBUG  TCPSocket                     : Destination Endpoint is: 127.0.0.1:12998
04/09/2016 05:20:03 [19] INFO   BackgroundThread              : Starting 
04/09/2016 05:20:03 [12] INFO   Dispatcher                    : New Message Received: (Messages.RequestMessages.AliveRequest)
04/09/2016 05:20:03 [19] DEBUG  TCPSocket                     : Opening Remote TCP Connection
04/09/2016 05:20:03 [12] INFO   Dispatcher                    : MessageId: 1.21ConversationId: 1.21
04/09/2016 05:20:03 [19] DEBUG  TCPSocket                     : TCP Socket connected to 127.0.0.1:12998
04/09/2016 05:20:03 [12] DEBUG  Dispatcher                    : Conversation  with id= 1.21 does not exist, trying to create new conversation.
04/09/2016 05:20:03 [19] DEBUG  TCPSocket                     : Reading a message, assuming the size of the message is contained in the first 4 bits
04/09/2016 05:20:03 [12] DEBUG  Dispatcher                    : Adding Conversation Player.Conversation.AliveConversation, 1.21
04/09/2016 05:20:03 [19] DEBUG  TCPSocket                     : Reading bytes in TCP Reader
04/09/2016 05:20:03 [12] DEBUG  Dispatcher                    :       New Queue ID: 1.21
04/09/2016 05:20:03 [12] INFO   BackgroundThread              : Starting 
04/09/2016 05:20:03 [19] DEBUG  TCPSocket                     : System.Net.Sockets.SocketException (0x80004005): An existing connection was forcibly closed by the remote host
   at System.Net.Sockets.Socket.Receive(Byte[] buffer, Int32 offset, Int32 size, SocketFlags socketFlags)
   at System.Net.Sockets.Socket.Receive(Byte[] buffer, Int32 size, SocketFlags socketFlags)
   at CommunicationLayer.TCPSocket.Read(Socket handler, Int32 numBytes) in D:\Drive\School\CS5200\LocalGame\CommunicationLayer\TCPSocket.cs:line 106
   at CommunicationLayer.TCPSocket.ReadMessageFromSize(Socket handler) in D:\Drive\School\CS5200\LocalGame\CommunicationLayer\TCPSocket.cs:line 118
   at Player.Conversation.AllowanceDeliveryConversation.<OpenTCPStream>b__6_0(Socket handler) in D:\Drive\School\CS5200\LocalGame\Player\Conversation\AllowanceDeliveryConversation.cs:line 37
   at CommunicationLayer.TCPSocket.EstablishConnection(PublicEndPoint ep, Action`1 afterConnect) in D:\Drive\School\CS5200\LocalGame\CommunicationLayer\TCPSocket.cs:line 53
04/09/2016 05:20:03 [13] DEBUG  AliveConversation             : Creating Alive Response
04/09/2016 05:20:03 [19] INFO   BackgroundThread              : Stopping 
04/09/2016 05:20:03 [19] DEBUG  BackgroundThread              : Leaving Stop
04/09/2016 05:20:03 [13] DEBUG  ResponseConversation          : Conversation Id  for Response conversation: 1.21
04/09/2016 05:20:03 [13] DEBUG  PostMan                       : Sending UDP (Messages.ReplyMessages.Reply, MessageID: 6.8, ConversationID: 1.21)
JSON: {"__type":"Reply:#Messages.ReplyMessages","ConvId":{"Pid":1,"Seq":21},"MsgId":{"Pid":6,"Seq":8},"Note":"I'm Alive","Success":true}
04/09/2016 05:20:03 [13] DEBUG  PostMan                       : Message Delivered
04/09/2016 05:20:07 [11] DEBUG  JoinGameConversation          : Received a game join message.
04/09/2016 05:20:07 [11] INFO   BackgroundThread              : Stopping 
04/09/2016 05:20:07 [11] DEBUG  BackgroundThread              : Leaving Stop
04/09/2016 05:20:07 [15] DEBUG  GameListConversation          : Received a game list reply message.
04/09/2016 05:20:07 [15] INFO   BackgroundThread              : Stopping 
04/09/2016 05:20:07 [15] DEBUG  BackgroundThread              : Leaving Stop
04/09/2016 05:20:11 [12] DEBUG  PostMan                       : Received UDP (Messages.RequestMessages.AllowanceDeliveryRequest, MessageID: 1.13, ConversationID: 1.13)
JSON: {"__type":"AllowanceDeliveryRequest:#Messages.RequestMessages","ConvId":{"Pid":1,"Seq":13},"MsgId":{"Pid":1,"Seq":13},"NumberOfPennies":400,"PortNumber":12999}
04/09/2016 05:20:11 [12] INFO   Dispatcher                    : New Message Received: (Messages.RequestMessages.AllowanceDeliveryRequest)
04/09/2016 05:20:11 [12] INFO   Dispatcher                    : MessageId: 1.13ConversationId: 1.13
04/09/2016 05:20:13 [12] DEBUG  PostMan                       : Received UDP (Messages.RequestMessages.AllowanceDeliveryRequest, MessageID: 1.17, ConversationID: 1.17)
JSON: {"__type":"AllowanceDeliveryRequest:#Messages.RequestMessages","ConvId":{"Pid":1,"Seq":17},"MsgId":{"Pid":1,"Seq":17},"NumberOfPennies":400,"PortNumber":12998}
04/09/2016 05:20:13 [12] INFO   Dispatcher                    : New Message Received: (Messages.RequestMessages.AllowanceDeliveryRequest)
04/09/2016 05:20:13 [12] INFO   Dispatcher                    : MessageId: 1.17ConversationId: 1.17
04/09/2016 05:20:23 [12] DEBUG  PostMan                       : Received UDP (Messages.RequestMessages.AllowanceDeliveryRequest, MessageID: 1.17, ConversationID: 1.17)
JSON: {"__type":"AllowanceDeliveryRequest:#Messages.RequestMessages","ConvId":{"Pid":1,"Seq":17},"MsgId":{"Pid":1,"Seq":17},"NumberOfPennies":400,"PortNumber":12998}
04/09/2016 05:20:23 [12] INFO   Dispatcher                    : New Message Received: (Messages.RequestMessages.AllowanceDeliveryRequest)
04/09/2016 05:20:23 [12] INFO   Dispatcher                    : MessageId: 1.17ConversationId: 1.17
04/09/2016 05:20:34 [12] DEBUG  PostMan                       : Received UDP (Messages.RequestMessages.AliveRequest, MessageID: 1.25, ConversationID: 1.25)
JSON: {"__type":"AliveRequest:#Messages.RequestMessages","ConvId":{"Pid":1,"Seq":25},"MsgId":{"Pid":1,"Seq":25}}
04/09/2016 05:20:34 [12] INFO   Dispatcher                    : New Message Received: (Messages.RequestMessages.AliveRequest)
04/09/2016 05:20:34 [12] INFO   Dispatcher                    : MessageId: 1.25ConversationId: 1.25
04/09/2016 05:20:34 [12] DEBUG  Dispatcher                    : Conversation  with id= 1.25 does not exist, trying to create new conversation.
04/09/2016 05:20:34 [12] DEBUG  Dispatcher                    : Adding Conversation Player.Conversation.AliveConversation, 1.25
04/09/2016 05:20:34 [12] DEBUG  Dispatcher                    :       New Queue ID: 1.25
04/09/2016 05:20:34 [12] INFO   BackgroundThread              : Starting 
04/09/2016 05:20:34 [11] DEBUG  AliveConversation             : Creating Alive Response
04/09/2016 05:20:34 [11] DEBUG  ResponseConversation          : Conversation Id  for Response conversation: 1.25
04/09/2016 05:20:34 [11] DEBUG  PostMan                       : Sending UDP (Messages.ReplyMessages.Reply, MessageID: 6.9, ConversationID: 1.25)
JSON: {"__type":"Reply:#Messages.ReplyMessages","ConvId":{"Pid":1,"Seq":25},"MsgId":{"Pid":6,"Seq":9},"Note":"I'm Alive","Success":true}
04/09/2016 05:20:34 [11] DEBUG  PostMan                       : Message Delivered
04/09/2016 05:20:50 [12] DEBUG  PostMan                       : Received UDP (Messages.RequestMessages.ShutdownRequest, MessageID: 1.26, ConversationID: 1.26)
JSON: {"__type":"ShutdownRequest:#Messages.RequestMessages","ConvId":{"Pid":1,"Seq":26},"MsgId":{"Pid":1,"Seq":26}}
04/09/2016 05:20:50 [12] INFO   Dispatcher                    : New Message Received: (Messages.RequestMessages.ShutdownRequest)
04/09/2016 05:20:50 [12] INFO   Dispatcher                    : MessageId: 1.26ConversationId: 1.26
04/09/2016 05:20:50 [12] DEBUG  Dispatcher                    : Conversation  with id= 1.26 does not exist, trying to create new conversation.
04/09/2016 05:20:50 [12] ERROR  Dispatcher                    : New conversation returned from factory is Null!
